[2023-05-19 17:59:41,537] {processor.py:153} INFO - Started process (PID=11077) to work on /home/guilherme/Documents/weather_datapipeline/airflow_weather/venv/lib/python3.10/site-packages/airflow/example_dags/plugins/workday.py
[2023-05-19 17:59:41,538] {processor.py:641} INFO - Processing file /home/guilherme/Documents/weather_datapipeline/airflow_weather/venv/lib/python3.10/site-packages/airflow/example_dags/plugins/workday.py for tasks to queue
[2023-05-19 17:59:41,538] {logging_mixin.py:115} INFO - [2023-05-19 17:59:41,538] {dagbag.py:507} INFO - Filling up the DagBag from /home/guilherme/Documents/weather_datapipeline/airflow_weather/venv/lib/python3.10/site-packages/airflow/example_dags/plugins/workday.py
[2023-05-19 17:59:41,539] {processor.py:653} WARNING - No viable dags retrieved from /home/guilherme/Documents/weather_datapipeline/airflow_weather/venv/lib/python3.10/site-packages/airflow/example_dags/plugins/workday.py
[2023-05-19 17:59:41,545] {processor.py:161} INFO - Processing /home/guilherme/Documents/weather_datapipeline/airflow_weather/venv/lib/python3.10/site-packages/airflow/example_dags/plugins/workday.py took 0.010 seconds
[2023-05-19 18:00:14,439] {processor.py:153} INFO - Started process (PID=11152) to work on /home/guilherme/Documents/weather_datapipeline/airflow_weather/venv/lib/python3.10/site-packages/airflow/example_dags/plugins/workday.py
[2023-05-19 18:00:14,440] {processor.py:641} INFO - Processing file /home/guilherme/Documents/weather_datapipeline/airflow_weather/venv/lib/python3.10/site-packages/airflow/example_dags/plugins/workday.py for tasks to queue
[2023-05-19 18:00:14,440] {logging_mixin.py:115} INFO - [2023-05-19 18:00:14,440] {dagbag.py:507} INFO - Filling up the DagBag from /home/guilherme/Documents/weather_datapipeline/airflow_weather/venv/lib/python3.10/site-packages/airflow/example_dags/plugins/workday.py
[2023-05-19 18:00:14,441] {processor.py:653} WARNING - No viable dags retrieved from /home/guilherme/Documents/weather_datapipeline/airflow_weather/venv/lib/python3.10/site-packages/airflow/example_dags/plugins/workday.py
[2023-05-19 18:00:14,448] {processor.py:161} INFO - Processing /home/guilherme/Documents/weather_datapipeline/airflow_weather/venv/lib/python3.10/site-packages/airflow/example_dags/plugins/workday.py took 0.010 seconds
[2023-05-19 18:00:47,078] {processor.py:153} INFO - Started process (PID=11253) to work on /home/guilherme/Documents/weather_datapipeline/airflow_weather/venv/lib/python3.10/site-packages/airflow/example_dags/plugins/workday.py
[2023-05-19 18:00:47,079] {processor.py:641} INFO - Processing file /home/guilherme/Documents/weather_datapipeline/airflow_weather/venv/lib/python3.10/site-packages/airflow/example_dags/plugins/workday.py for tasks to queue
[2023-05-19 18:00:47,079] {logging_mixin.py:115} INFO - [2023-05-19 18:00:47,079] {dagbag.py:507} INFO - Filling up the DagBag from /home/guilherme/Documents/weather_datapipeline/airflow_weather/venv/lib/python3.10/site-packages/airflow/example_dags/plugins/workday.py
[2023-05-19 18:00:47,080] {processor.py:653} WARNING - No viable dags retrieved from /home/guilherme/Documents/weather_datapipeline/airflow_weather/venv/lib/python3.10/site-packages/airflow/example_dags/plugins/workday.py
[2023-05-19 18:00:47,086] {processor.py:161} INFO - Processing /home/guilherme/Documents/weather_datapipeline/airflow_weather/venv/lib/python3.10/site-packages/airflow/example_dags/plugins/workday.py took 0.010 seconds
[2023-05-19 18:01:18,984] {processor.py:153} INFO - Started process (PID=11290) to work on /home/guilherme/Documents/weather_datapipeline/airflow_weather/venv/lib/python3.10/site-packages/airflow/example_dags/plugins/workday.py
[2023-05-19 18:01:18,984] {processor.py:641} INFO - Processing file /home/guilherme/Documents/weather_datapipeline/airflow_weather/venv/lib/python3.10/site-packages/airflow/example_dags/plugins/workday.py for tasks to queue
[2023-05-19 18:01:18,984] {logging_mixin.py:115} INFO - [2023-05-19 18:01:18,984] {dagbag.py:507} INFO - Filling up the DagBag from /home/guilherme/Documents/weather_datapipeline/airflow_weather/venv/lib/python3.10/site-packages/airflow/example_dags/plugins/workday.py
[2023-05-19 18:01:18,985] {processor.py:653} WARNING - No viable dags retrieved from /home/guilherme/Documents/weather_datapipeline/airflow_weather/venv/lib/python3.10/site-packages/airflow/example_dags/plugins/workday.py
[2023-05-19 18:01:18,991] {processor.py:161} INFO - Processing /home/guilherme/Documents/weather_datapipeline/airflow_weather/venv/lib/python3.10/site-packages/airflow/example_dags/plugins/workday.py took 0.010 seconds
[2023-05-19 18:01:52,015] {processor.py:153} INFO - Started process (PID=11507) to work on /home/guilherme/Documents/weather_datapipeline/airflow_weather/venv/lib/python3.10/site-packages/airflow/example_dags/plugins/workday.py
[2023-05-19 18:01:52,015] {processor.py:641} INFO - Processing file /home/guilherme/Documents/weather_datapipeline/airflow_weather/venv/lib/python3.10/site-packages/airflow/example_dags/plugins/workday.py for tasks to queue
[2023-05-19 18:01:52,016] {logging_mixin.py:115} INFO - [2023-05-19 18:01:52,016] {dagbag.py:507} INFO - Filling up the DagBag from /home/guilherme/Documents/weather_datapipeline/airflow_weather/venv/lib/python3.10/site-packages/airflow/example_dags/plugins/workday.py
[2023-05-19 18:01:52,017] {processor.py:653} WARNING - No viable dags retrieved from /home/guilherme/Documents/weather_datapipeline/airflow_weather/venv/lib/python3.10/site-packages/airflow/example_dags/plugins/workday.py
[2023-05-19 18:01:52,022] {processor.py:161} INFO - Processing /home/guilherme/Documents/weather_datapipeline/airflow_weather/venv/lib/python3.10/site-packages/airflow/example_dags/plugins/workday.py took 0.009 seconds
[2023-05-19 18:02:26,079] {processor.py:153} INFO - Started process (PID=11877) to work on /home/guilherme/Documents/weather_datapipeline/airflow_weather/venv/lib/python3.10/site-packages/airflow/example_dags/plugins/workday.py
[2023-05-19 18:02:26,079] {processor.py:641} INFO - Processing file /home/guilherme/Documents/weather_datapipeline/airflow_weather/venv/lib/python3.10/site-packages/airflow/example_dags/plugins/workday.py for tasks to queue
[2023-05-19 18:02:26,080] {logging_mixin.py:115} INFO - [2023-05-19 18:02:26,080] {dagbag.py:507} INFO - Filling up the DagBag from /home/guilherme/Documents/weather_datapipeline/airflow_weather/venv/lib/python3.10/site-packages/airflow/example_dags/plugins/workday.py
[2023-05-19 18:02:26,081] {processor.py:653} WARNING - No viable dags retrieved from /home/guilherme/Documents/weather_datapipeline/airflow_weather/venv/lib/python3.10/site-packages/airflow/example_dags/plugins/workday.py
[2023-05-19 18:02:26,086] {processor.py:161} INFO - Processing /home/guilherme/Documents/weather_datapipeline/airflow_weather/venv/lib/python3.10/site-packages/airflow/example_dags/plugins/workday.py took 0.009 seconds
[2023-05-19 18:02:56,454] {processor.py:153} INFO - Started process (PID=12164) to work on /home/guilherme/Documents/weather_datapipeline/airflow_weather/venv/lib/python3.10/site-packages/airflow/example_dags/plugins/workday.py
[2023-05-19 18:02:56,454] {processor.py:641} INFO - Processing file /home/guilherme/Documents/weather_datapipeline/airflow_weather/venv/lib/python3.10/site-packages/airflow/example_dags/plugins/workday.py for tasks to queue
[2023-05-19 18:02:56,454] {logging_mixin.py:115} INFO - [2023-05-19 18:02:56,454] {dagbag.py:507} INFO - Filling up the DagBag from /home/guilherme/Documents/weather_datapipeline/airflow_weather/venv/lib/python3.10/site-packages/airflow/example_dags/plugins/workday.py
[2023-05-19 18:02:56,455] {processor.py:653} WARNING - No viable dags retrieved from /home/guilherme/Documents/weather_datapipeline/airflow_weather/venv/lib/python3.10/site-packages/airflow/example_dags/plugins/workday.py
[2023-05-19 18:02:56,461] {processor.py:161} INFO - Processing /home/guilherme/Documents/weather_datapipeline/airflow_weather/venv/lib/python3.10/site-packages/airflow/example_dags/plugins/workday.py took 0.009 seconds
[2023-05-19 18:03:31,149] {processor.py:153} INFO - Started process (PID=12302) to work on /home/guilherme/Documents/weather_datapipeline/airflow_weather/venv/lib/python3.10/site-packages/airflow/example_dags/plugins/workday.py
[2023-05-19 18:03:31,150] {processor.py:641} INFO - Processing file /home/guilherme/Documents/weather_datapipeline/airflow_weather/venv/lib/python3.10/site-packages/airflow/example_dags/plugins/workday.py for tasks to queue
[2023-05-19 18:03:31,150] {logging_mixin.py:115} INFO - [2023-05-19 18:03:31,150] {dagbag.py:507} INFO - Filling up the DagBag from /home/guilherme/Documents/weather_datapipeline/airflow_weather/venv/lib/python3.10/site-packages/airflow/example_dags/plugins/workday.py
[2023-05-19 18:03:31,151] {processor.py:653} WARNING - No viable dags retrieved from /home/guilherme/Documents/weather_datapipeline/airflow_weather/venv/lib/python3.10/site-packages/airflow/example_dags/plugins/workday.py
[2023-05-19 18:03:31,156] {processor.py:161} INFO - Processing /home/guilherme/Documents/weather_datapipeline/airflow_weather/venv/lib/python3.10/site-packages/airflow/example_dags/plugins/workday.py took 0.008 seconds
[2023-05-19 18:04:04,055] {processor.py:153} INFO - Started process (PID=12425) to work on /home/guilherme/Documents/weather_datapipeline/airflow_weather/venv/lib/python3.10/site-packages/airflow/example_dags/plugins/workday.py
[2023-05-19 18:04:04,055] {processor.py:641} INFO - Processing file /home/guilherme/Documents/weather_datapipeline/airflow_weather/venv/lib/python3.10/site-packages/airflow/example_dags/plugins/workday.py for tasks to queue
[2023-05-19 18:04:04,056] {logging_mixin.py:115} INFO - [2023-05-19 18:04:04,056] {dagbag.py:507} INFO - Filling up the DagBag from /home/guilherme/Documents/weather_datapipeline/airflow_weather/venv/lib/python3.10/site-packages/airflow/example_dags/plugins/workday.py
[2023-05-19 18:04:04,057] {processor.py:653} WARNING - No viable dags retrieved from /home/guilherme/Documents/weather_datapipeline/airflow_weather/venv/lib/python3.10/site-packages/airflow/example_dags/plugins/workday.py
[2023-05-19 18:04:04,062] {processor.py:161} INFO - Processing /home/guilherme/Documents/weather_datapipeline/airflow_weather/venv/lib/python3.10/site-packages/airflow/example_dags/plugins/workday.py took 0.009 seconds
[2023-05-19 18:04:35,961] {processor.py:153} INFO - Started process (PID=12580) to work on /home/guilherme/Documents/weather_datapipeline/airflow_weather/venv/lib/python3.10/site-packages/airflow/example_dags/plugins/workday.py
[2023-05-19 18:04:35,962] {processor.py:641} INFO - Processing file /home/guilherme/Documents/weather_datapipeline/airflow_weather/venv/lib/python3.10/site-packages/airflow/example_dags/plugins/workday.py for tasks to queue
[2023-05-19 18:04:35,962] {logging_mixin.py:115} INFO - [2023-05-19 18:04:35,962] {dagbag.py:507} INFO - Filling up the DagBag from /home/guilherme/Documents/weather_datapipeline/airflow_weather/venv/lib/python3.10/site-packages/airflow/example_dags/plugins/workday.py
[2023-05-19 18:04:35,963] {processor.py:653} WARNING - No viable dags retrieved from /home/guilherme/Documents/weather_datapipeline/airflow_weather/venv/lib/python3.10/site-packages/airflow/example_dags/plugins/workday.py
[2023-05-19 18:04:35,970] {processor.py:161} INFO - Processing /home/guilherme/Documents/weather_datapipeline/airflow_weather/venv/lib/python3.10/site-packages/airflow/example_dags/plugins/workday.py took 0.010 seconds
[2023-05-19 18:05:09,081] {processor.py:153} INFO - Started process (PID=12684) to work on /home/guilherme/Documents/weather_datapipeline/airflow_weather/venv/lib/python3.10/site-packages/airflow/example_dags/plugins/workday.py
[2023-05-19 18:05:09,081] {processor.py:641} INFO - Processing file /home/guilherme/Documents/weather_datapipeline/airflow_weather/venv/lib/python3.10/site-packages/airflow/example_dags/plugins/workday.py for tasks to queue
[2023-05-19 18:05:09,082] {logging_mixin.py:115} INFO - [2023-05-19 18:05:09,082] {dagbag.py:507} INFO - Filling up the DagBag from /home/guilherme/Documents/weather_datapipeline/airflow_weather/venv/lib/python3.10/site-packages/airflow/example_dags/plugins/workday.py
[2023-05-19 18:05:09,083] {processor.py:653} WARNING - No viable dags retrieved from /home/guilherme/Documents/weather_datapipeline/airflow_weather/venv/lib/python3.10/site-packages/airflow/example_dags/plugins/workday.py
[2023-05-19 18:05:09,089] {processor.py:161} INFO - Processing /home/guilherme/Documents/weather_datapipeline/airflow_weather/venv/lib/python3.10/site-packages/airflow/example_dags/plugins/workday.py took 0.009 seconds
[2023-05-19 18:05:40,586] {processor.py:153} INFO - Started process (PID=12939) to work on /home/guilherme/Documents/weather_datapipeline/airflow_weather/venv/lib/python3.10/site-packages/airflow/example_dags/plugins/workday.py
[2023-05-19 18:05:40,586] {processor.py:641} INFO - Processing file /home/guilherme/Documents/weather_datapipeline/airflow_weather/venv/lib/python3.10/site-packages/airflow/example_dags/plugins/workday.py for tasks to queue
[2023-05-19 18:05:40,587] {logging_mixin.py:115} INFO - [2023-05-19 18:05:40,587] {dagbag.py:507} INFO - Filling up the DagBag from /home/guilherme/Documents/weather_datapipeline/airflow_weather/venv/lib/python3.10/site-packages/airflow/example_dags/plugins/workday.py
[2023-05-19 18:05:40,588] {processor.py:653} WARNING - No viable dags retrieved from /home/guilherme/Documents/weather_datapipeline/airflow_weather/venv/lib/python3.10/site-packages/airflow/example_dags/plugins/workday.py
[2023-05-19 18:05:40,593] {processor.py:161} INFO - Processing /home/guilherme/Documents/weather_datapipeline/airflow_weather/venv/lib/python3.10/site-packages/airflow/example_dags/plugins/workday.py took 0.009 seconds
[2023-05-19 18:06:14,008] {processor.py:153} INFO - Started process (PID=13414) to work on /home/guilherme/Documents/weather_datapipeline/airflow_weather/venv/lib/python3.10/site-packages/airflow/example_dags/plugins/workday.py
[2023-05-19 18:06:14,009] {processor.py:641} INFO - Processing file /home/guilherme/Documents/weather_datapipeline/airflow_weather/venv/lib/python3.10/site-packages/airflow/example_dags/plugins/workday.py for tasks to queue
[2023-05-19 18:06:14,009] {logging_mixin.py:115} INFO - [2023-05-19 18:06:14,009] {dagbag.py:507} INFO - Filling up the DagBag from /home/guilherme/Documents/weather_datapipeline/airflow_weather/venv/lib/python3.10/site-packages/airflow/example_dags/plugins/workday.py
[2023-05-19 18:06:14,010] {processor.py:653} WARNING - No viable dags retrieved from /home/guilherme/Documents/weather_datapipeline/airflow_weather/venv/lib/python3.10/site-packages/airflow/example_dags/plugins/workday.py
[2023-05-19 18:06:14,015] {processor.py:161} INFO - Processing /home/guilherme/Documents/weather_datapipeline/airflow_weather/venv/lib/python3.10/site-packages/airflow/example_dags/plugins/workday.py took 0.008 seconds
[2023-05-19 18:06:45,922] {processor.py:153} INFO - Started process (PID=13851) to work on /home/guilherme/Documents/weather_datapipeline/airflow_weather/venv/lib/python3.10/site-packages/airflow/example_dags/plugins/workday.py
[2023-05-19 18:06:45,922] {processor.py:641} INFO - Processing file /home/guilherme/Documents/weather_datapipeline/airflow_weather/venv/lib/python3.10/site-packages/airflow/example_dags/plugins/workday.py for tasks to queue
[2023-05-19 18:06:45,922] {logging_mixin.py:115} INFO - [2023-05-19 18:06:45,922] {dagbag.py:507} INFO - Filling up the DagBag from /home/guilherme/Documents/weather_datapipeline/airflow_weather/venv/lib/python3.10/site-packages/airflow/example_dags/plugins/workday.py
[2023-05-19 18:06:45,923] {processor.py:653} WARNING - No viable dags retrieved from /home/guilherme/Documents/weather_datapipeline/airflow_weather/venv/lib/python3.10/site-packages/airflow/example_dags/plugins/workday.py
[2023-05-19 18:06:45,929] {processor.py:161} INFO - Processing /home/guilherme/Documents/weather_datapipeline/airflow_weather/venv/lib/python3.10/site-packages/airflow/example_dags/plugins/workday.py took 0.010 seconds
[2023-05-19 18:07:21,754] {processor.py:153} INFO - Started process (PID=14329) to work on /home/guilherme/Documents/weather_datapipeline/airflow_weather/venv/lib/python3.10/site-packages/airflow/example_dags/plugins/workday.py
[2023-05-19 18:07:21,754] {processor.py:641} INFO - Processing file /home/guilherme/Documents/weather_datapipeline/airflow_weather/venv/lib/python3.10/site-packages/airflow/example_dags/plugins/workday.py for tasks to queue
[2023-05-19 18:07:21,755] {logging_mixin.py:115} INFO - [2023-05-19 18:07:21,755] {dagbag.py:507} INFO - Filling up the DagBag from /home/guilherme/Documents/weather_datapipeline/airflow_weather/venv/lib/python3.10/site-packages/airflow/example_dags/plugins/workday.py
[2023-05-19 18:07:21,756] {processor.py:653} WARNING - No viable dags retrieved from /home/guilherme/Documents/weather_datapipeline/airflow_weather/venv/lib/python3.10/site-packages/airflow/example_dags/plugins/workday.py
[2023-05-19 18:07:21,761] {processor.py:161} INFO - Processing /home/guilherme/Documents/weather_datapipeline/airflow_weather/venv/lib/python3.10/site-packages/airflow/example_dags/plugins/workday.py took 0.008 seconds
[2023-05-19 18:07:52,536] {processor.py:153} INFO - Started process (PID=14505) to work on /home/guilherme/Documents/weather_datapipeline/airflow_weather/venv/lib/python3.10/site-packages/airflow/example_dags/plugins/workday.py
[2023-05-19 18:07:52,536] {processor.py:641} INFO - Processing file /home/guilherme/Documents/weather_datapipeline/airflow_weather/venv/lib/python3.10/site-packages/airflow/example_dags/plugins/workday.py for tasks to queue
[2023-05-19 18:07:52,537] {logging_mixin.py:115} INFO - [2023-05-19 18:07:52,537] {dagbag.py:507} INFO - Filling up the DagBag from /home/guilherme/Documents/weather_datapipeline/airflow_weather/venv/lib/python3.10/site-packages/airflow/example_dags/plugins/workday.py
[2023-05-19 18:07:52,538] {processor.py:653} WARNING - No viable dags retrieved from /home/guilherme/Documents/weather_datapipeline/airflow_weather/venv/lib/python3.10/site-packages/airflow/example_dags/plugins/workday.py
[2023-05-19 18:07:52,545] {processor.py:161} INFO - Processing /home/guilherme/Documents/weather_datapipeline/airflow_weather/venv/lib/python3.10/site-packages/airflow/example_dags/plugins/workday.py took 0.011 seconds
[2023-05-19 18:08:27,920] {processor.py:153} INFO - Started process (PID=14712) to work on /home/guilherme/Documents/weather_datapipeline/airflow_weather/venv/lib/python3.10/site-packages/airflow/example_dags/plugins/workday.py
[2023-05-19 18:08:27,920] {processor.py:641} INFO - Processing file /home/guilherme/Documents/weather_datapipeline/airflow_weather/venv/lib/python3.10/site-packages/airflow/example_dags/plugins/workday.py for tasks to queue
[2023-05-19 18:08:27,921] {logging_mixin.py:115} INFO - [2023-05-19 18:08:27,921] {dagbag.py:507} INFO - Filling up the DagBag from /home/guilherme/Documents/weather_datapipeline/airflow_weather/venv/lib/python3.10/site-packages/airflow/example_dags/plugins/workday.py
[2023-05-19 18:08:27,922] {processor.py:653} WARNING - No viable dags retrieved from /home/guilherme/Documents/weather_datapipeline/airflow_weather/venv/lib/python3.10/site-packages/airflow/example_dags/plugins/workday.py
[2023-05-19 18:08:27,927] {processor.py:161} INFO - Processing /home/guilherme/Documents/weather_datapipeline/airflow_weather/venv/lib/python3.10/site-packages/airflow/example_dags/plugins/workday.py took 0.009 seconds
[2023-05-19 18:09:00,323] {processor.py:153} INFO - Started process (PID=14892) to work on /home/guilherme/Documents/weather_datapipeline/airflow_weather/venv/lib/python3.10/site-packages/airflow/example_dags/plugins/workday.py
[2023-05-19 18:09:00,324] {processor.py:641} INFO - Processing file /home/guilherme/Documents/weather_datapipeline/airflow_weather/venv/lib/python3.10/site-packages/airflow/example_dags/plugins/workday.py for tasks to queue
[2023-05-19 18:09:00,324] {logging_mixin.py:115} INFO - [2023-05-19 18:09:00,324] {dagbag.py:507} INFO - Filling up the DagBag from /home/guilherme/Documents/weather_datapipeline/airflow_weather/venv/lib/python3.10/site-packages/airflow/example_dags/plugins/workday.py
[2023-05-19 18:09:00,325] {processor.py:653} WARNING - No viable dags retrieved from /home/guilherme/Documents/weather_datapipeline/airflow_weather/venv/lib/python3.10/site-packages/airflow/example_dags/plugins/workday.py
[2023-05-19 18:09:00,331] {processor.py:161} INFO - Processing /home/guilherme/Documents/weather_datapipeline/airflow_weather/venv/lib/python3.10/site-packages/airflow/example_dags/plugins/workday.py took 0.009 seconds
[2023-05-19 18:09:30,969] {processor.py:153} INFO - Started process (PID=15065) to work on /home/guilherme/Documents/weather_datapipeline/airflow_weather/venv/lib/python3.10/site-packages/airflow/example_dags/plugins/workday.py
[2023-05-19 18:09:30,969] {processor.py:641} INFO - Processing file /home/guilherme/Documents/weather_datapipeline/airflow_weather/venv/lib/python3.10/site-packages/airflow/example_dags/plugins/workday.py for tasks to queue
[2023-05-19 18:09:30,970] {logging_mixin.py:115} INFO - [2023-05-19 18:09:30,970] {dagbag.py:507} INFO - Filling up the DagBag from /home/guilherme/Documents/weather_datapipeline/airflow_weather/venv/lib/python3.10/site-packages/airflow/example_dags/plugins/workday.py
[2023-05-19 18:09:30,971] {processor.py:653} WARNING - No viable dags retrieved from /home/guilherme/Documents/weather_datapipeline/airflow_weather/venv/lib/python3.10/site-packages/airflow/example_dags/plugins/workday.py
[2023-05-19 18:09:30,977] {processor.py:161} INFO - Processing /home/guilherme/Documents/weather_datapipeline/airflow_weather/venv/lib/python3.10/site-packages/airflow/example_dags/plugins/workday.py took 0.010 seconds
[2023-05-19 18:10:04,724] {processor.py:153} INFO - Started process (PID=15237) to work on /home/guilherme/Documents/weather_datapipeline/airflow_weather/venv/lib/python3.10/site-packages/airflow/example_dags/plugins/workday.py
[2023-05-19 18:10:04,724] {processor.py:641} INFO - Processing file /home/guilherme/Documents/weather_datapipeline/airflow_weather/venv/lib/python3.10/site-packages/airflow/example_dags/plugins/workday.py for tasks to queue
[2023-05-19 18:10:04,725] {logging_mixin.py:115} INFO - [2023-05-19 18:10:04,725] {dagbag.py:507} INFO - Filling up the DagBag from /home/guilherme/Documents/weather_datapipeline/airflow_weather/venv/lib/python3.10/site-packages/airflow/example_dags/plugins/workday.py
[2023-05-19 18:10:04,726] {processor.py:653} WARNING - No viable dags retrieved from /home/guilherme/Documents/weather_datapipeline/airflow_weather/venv/lib/python3.10/site-packages/airflow/example_dags/plugins/workday.py
[2023-05-19 18:10:04,732] {processor.py:161} INFO - Processing /home/guilherme/Documents/weather_datapipeline/airflow_weather/venv/lib/python3.10/site-packages/airflow/example_dags/plugins/workday.py took 0.010 seconds
[2023-05-19 18:10:36,634] {processor.py:153} INFO - Started process (PID=15337) to work on /home/guilherme/Documents/weather_datapipeline/airflow_weather/venv/lib/python3.10/site-packages/airflow/example_dags/plugins/workday.py
[2023-05-19 18:10:36,635] {processor.py:641} INFO - Processing file /home/guilherme/Documents/weather_datapipeline/airflow_weather/venv/lib/python3.10/site-packages/airflow/example_dags/plugins/workday.py for tasks to queue
[2023-05-19 18:10:36,635] {logging_mixin.py:115} INFO - [2023-05-19 18:10:36,635] {dagbag.py:507} INFO - Filling up the DagBag from /home/guilherme/Documents/weather_datapipeline/airflow_weather/venv/lib/python3.10/site-packages/airflow/example_dags/plugins/workday.py
[2023-05-19 18:10:36,637] {processor.py:653} WARNING - No viable dags retrieved from /home/guilherme/Documents/weather_datapipeline/airflow_weather/venv/lib/python3.10/site-packages/airflow/example_dags/plugins/workday.py
[2023-05-19 18:10:36,643] {processor.py:161} INFO - Processing /home/guilherme/Documents/weather_datapipeline/airflow_weather/venv/lib/python3.10/site-packages/airflow/example_dags/plugins/workday.py took 0.010 seconds
[2023-05-19 18:11:11,406] {processor.py:153} INFO - Started process (PID=15384) to work on /home/guilherme/Documents/weather_datapipeline/airflow_weather/venv/lib/python3.10/site-packages/airflow/example_dags/plugins/workday.py
[2023-05-19 18:11:11,406] {processor.py:641} INFO - Processing file /home/guilherme/Documents/weather_datapipeline/airflow_weather/venv/lib/python3.10/site-packages/airflow/example_dags/plugins/workday.py for tasks to queue
[2023-05-19 18:11:11,407] {logging_mixin.py:115} INFO - [2023-05-19 18:11:11,407] {dagbag.py:507} INFO - Filling up the DagBag from /home/guilherme/Documents/weather_datapipeline/airflow_weather/venv/lib/python3.10/site-packages/airflow/example_dags/plugins/workday.py
[2023-05-19 18:11:11,408] {processor.py:653} WARNING - No viable dags retrieved from /home/guilherme/Documents/weather_datapipeline/airflow_weather/venv/lib/python3.10/site-packages/airflow/example_dags/plugins/workday.py
[2023-05-19 18:11:11,414] {processor.py:161} INFO - Processing /home/guilherme/Documents/weather_datapipeline/airflow_weather/venv/lib/python3.10/site-packages/airflow/example_dags/plugins/workday.py took 0.010 seconds
[2023-05-19 18:11:43,654] {processor.py:153} INFO - Started process (PID=15449) to work on /home/guilherme/Documents/weather_datapipeline/airflow_weather/venv/lib/python3.10/site-packages/airflow/example_dags/plugins/workday.py
[2023-05-19 18:11:43,655] {processor.py:641} INFO - Processing file /home/guilherme/Documents/weather_datapipeline/airflow_weather/venv/lib/python3.10/site-packages/airflow/example_dags/plugins/workday.py for tasks to queue
[2023-05-19 18:11:43,655] {logging_mixin.py:115} INFO - [2023-05-19 18:11:43,655] {dagbag.py:507} INFO - Filling up the DagBag from /home/guilherme/Documents/weather_datapipeline/airflow_weather/venv/lib/python3.10/site-packages/airflow/example_dags/plugins/workday.py
[2023-05-19 18:11:43,657] {processor.py:653} WARNING - No viable dags retrieved from /home/guilherme/Documents/weather_datapipeline/airflow_weather/venv/lib/python3.10/site-packages/airflow/example_dags/plugins/workday.py
[2023-05-19 18:11:43,664] {processor.py:161} INFO - Processing /home/guilherme/Documents/weather_datapipeline/airflow_weather/venv/lib/python3.10/site-packages/airflow/example_dags/plugins/workday.py took 0.012 seconds
[2023-05-19 18:12:17,812] {processor.py:153} INFO - Started process (PID=15519) to work on /home/guilherme/Documents/weather_datapipeline/airflow_weather/venv/lib/python3.10/site-packages/airflow/example_dags/plugins/workday.py
[2023-05-19 18:12:17,812] {processor.py:641} INFO - Processing file /home/guilherme/Documents/weather_datapipeline/airflow_weather/venv/lib/python3.10/site-packages/airflow/example_dags/plugins/workday.py for tasks to queue
[2023-05-19 18:12:17,812] {logging_mixin.py:115} INFO - [2023-05-19 18:12:17,812] {dagbag.py:507} INFO - Filling up the DagBag from /home/guilherme/Documents/weather_datapipeline/airflow_weather/venv/lib/python3.10/site-packages/airflow/example_dags/plugins/workday.py
[2023-05-19 18:12:17,814] {processor.py:653} WARNING - No viable dags retrieved from /home/guilherme/Documents/weather_datapipeline/airflow_weather/venv/lib/python3.10/site-packages/airflow/example_dags/plugins/workday.py
[2023-05-19 18:12:17,821] {processor.py:161} INFO - Processing /home/guilherme/Documents/weather_datapipeline/airflow_weather/venv/lib/python3.10/site-packages/airflow/example_dags/plugins/workday.py took 0.011 seconds
[2023-05-19 18:12:48,645] {processor.py:153} INFO - Started process (PID=15557) to work on /home/guilherme/Documents/weather_datapipeline/airflow_weather/venv/lib/python3.10/site-packages/airflow/example_dags/plugins/workday.py
[2023-05-19 18:12:48,646] {processor.py:641} INFO - Processing file /home/guilherme/Documents/weather_datapipeline/airflow_weather/venv/lib/python3.10/site-packages/airflow/example_dags/plugins/workday.py for tasks to queue
[2023-05-19 18:12:48,646] {logging_mixin.py:115} INFO - [2023-05-19 18:12:48,646] {dagbag.py:507} INFO - Filling up the DagBag from /home/guilherme/Documents/weather_datapipeline/airflow_weather/venv/lib/python3.10/site-packages/airflow/example_dags/plugins/workday.py
[2023-05-19 18:12:48,647] {processor.py:653} WARNING - No viable dags retrieved from /home/guilherme/Documents/weather_datapipeline/airflow_weather/venv/lib/python3.10/site-packages/airflow/example_dags/plugins/workday.py
[2023-05-19 18:12:48,655] {processor.py:161} INFO - Processing /home/guilherme/Documents/weather_datapipeline/airflow_weather/venv/lib/python3.10/site-packages/airflow/example_dags/plugins/workday.py took 0.011 seconds
[2023-05-19 18:13:21,661] {processor.py:153} INFO - Started process (PID=15758) to work on /home/guilherme/Documents/weather_datapipeline/airflow_weather/venv/lib/python3.10/site-packages/airflow/example_dags/plugins/workday.py
[2023-05-19 18:13:21,662] {processor.py:641} INFO - Processing file /home/guilherme/Documents/weather_datapipeline/airflow_weather/venv/lib/python3.10/site-packages/airflow/example_dags/plugins/workday.py for tasks to queue
[2023-05-19 18:13:21,662] {logging_mixin.py:115} INFO - [2023-05-19 18:13:21,662] {dagbag.py:507} INFO - Filling up the DagBag from /home/guilherme/Documents/weather_datapipeline/airflow_weather/venv/lib/python3.10/site-packages/airflow/example_dags/plugins/workday.py
[2023-05-19 18:13:21,663] {processor.py:653} WARNING - No viable dags retrieved from /home/guilherme/Documents/weather_datapipeline/airflow_weather/venv/lib/python3.10/site-packages/airflow/example_dags/plugins/workday.py
[2023-05-19 18:13:21,669] {processor.py:161} INFO - Processing /home/guilherme/Documents/weather_datapipeline/airflow_weather/venv/lib/python3.10/site-packages/airflow/example_dags/plugins/workday.py took 0.009 seconds
[2023-05-19 18:13:54,108] {processor.py:153} INFO - Started process (PID=15943) to work on /home/guilherme/Documents/weather_datapipeline/airflow_weather/venv/lib/python3.10/site-packages/airflow/example_dags/plugins/workday.py
[2023-05-19 18:13:54,108] {processor.py:641} INFO - Processing file /home/guilherme/Documents/weather_datapipeline/airflow_weather/venv/lib/python3.10/site-packages/airflow/example_dags/plugins/workday.py for tasks to queue
[2023-05-19 18:13:54,109] {logging_mixin.py:115} INFO - [2023-05-19 18:13:54,109] {dagbag.py:507} INFO - Filling up the DagBag from /home/guilherme/Documents/weather_datapipeline/airflow_weather/venv/lib/python3.10/site-packages/airflow/example_dags/plugins/workday.py
[2023-05-19 18:13:54,110] {processor.py:653} WARNING - No viable dags retrieved from /home/guilherme/Documents/weather_datapipeline/airflow_weather/venv/lib/python3.10/site-packages/airflow/example_dags/plugins/workday.py
[2023-05-19 18:13:54,115] {processor.py:161} INFO - Processing /home/guilherme/Documents/weather_datapipeline/airflow_weather/venv/lib/python3.10/site-packages/airflow/example_dags/plugins/workday.py took 0.009 seconds
[2023-05-19 18:14:24,483] {processor.py:153} INFO - Started process (PID=16116) to work on /home/guilherme/Documents/weather_datapipeline/airflow_weather/venv/lib/python3.10/site-packages/airflow/example_dags/plugins/workday.py
[2023-05-19 18:14:24,483] {processor.py:641} INFO - Processing file /home/guilherme/Documents/weather_datapipeline/airflow_weather/venv/lib/python3.10/site-packages/airflow/example_dags/plugins/workday.py for tasks to queue
[2023-05-19 18:14:24,483] {logging_mixin.py:115} INFO - [2023-05-19 18:14:24,483] {dagbag.py:507} INFO - Filling up the DagBag from /home/guilherme/Documents/weather_datapipeline/airflow_weather/venv/lib/python3.10/site-packages/airflow/example_dags/plugins/workday.py
[2023-05-19 18:14:24,484] {processor.py:653} WARNING - No viable dags retrieved from /home/guilherme/Documents/weather_datapipeline/airflow_weather/venv/lib/python3.10/site-packages/airflow/example_dags/plugins/workday.py
[2023-05-19 18:14:24,490] {processor.py:161} INFO - Processing /home/guilherme/Documents/weather_datapipeline/airflow_weather/venv/lib/python3.10/site-packages/airflow/example_dags/plugins/workday.py took 0.009 seconds
[2023-05-19 18:14:57,918] {processor.py:153} INFO - Started process (PID=16318) to work on /home/guilherme/Documents/weather_datapipeline/airflow_weather/venv/lib/python3.10/site-packages/airflow/example_dags/plugins/workday.py
[2023-05-19 18:14:57,918] {processor.py:641} INFO - Processing file /home/guilherme/Documents/weather_datapipeline/airflow_weather/venv/lib/python3.10/site-packages/airflow/example_dags/plugins/workday.py for tasks to queue
[2023-05-19 18:14:57,919] {logging_mixin.py:115} INFO - [2023-05-19 18:14:57,919] {dagbag.py:507} INFO - Filling up the DagBag from /home/guilherme/Documents/weather_datapipeline/airflow_weather/venv/lib/python3.10/site-packages/airflow/example_dags/plugins/workday.py
[2023-05-19 18:14:57,920] {processor.py:653} WARNING - No viable dags retrieved from /home/guilherme/Documents/weather_datapipeline/airflow_weather/venv/lib/python3.10/site-packages/airflow/example_dags/plugins/workday.py
[2023-05-19 18:14:57,926] {processor.py:161} INFO - Processing /home/guilherme/Documents/weather_datapipeline/airflow_weather/venv/lib/python3.10/site-packages/airflow/example_dags/plugins/workday.py took 0.010 seconds
[2023-05-19 18:15:30,780] {processor.py:153} INFO - Started process (PID=16490) to work on /home/guilherme/Documents/weather_datapipeline/airflow_weather/venv/lib/python3.10/site-packages/airflow/example_dags/plugins/workday.py
[2023-05-19 18:15:30,780] {processor.py:641} INFO - Processing file /home/guilherme/Documents/weather_datapipeline/airflow_weather/venv/lib/python3.10/site-packages/airflow/example_dags/plugins/workday.py for tasks to queue
[2023-05-19 18:15:30,781] {logging_mixin.py:115} INFO - [2023-05-19 18:15:30,781] {dagbag.py:507} INFO - Filling up the DagBag from /home/guilherme/Documents/weather_datapipeline/airflow_weather/venv/lib/python3.10/site-packages/airflow/example_dags/plugins/workday.py
[2023-05-19 18:15:30,782] {processor.py:653} WARNING - No viable dags retrieved from /home/guilherme/Documents/weather_datapipeline/airflow_weather/venv/lib/python3.10/site-packages/airflow/example_dags/plugins/workday.py
[2023-05-19 18:15:30,787] {processor.py:161} INFO - Processing /home/guilherme/Documents/weather_datapipeline/airflow_weather/venv/lib/python3.10/site-packages/airflow/example_dags/plugins/workday.py took 0.008 seconds
[2023-05-19 18:16:01,201] {processor.py:153} INFO - Started process (PID=16662) to work on /home/guilherme/Documents/weather_datapipeline/airflow_weather/venv/lib/python3.10/site-packages/airflow/example_dags/plugins/workday.py
[2023-05-19 18:16:01,201] {processor.py:641} INFO - Processing file /home/guilherme/Documents/weather_datapipeline/airflow_weather/venv/lib/python3.10/site-packages/airflow/example_dags/plugins/workday.py for tasks to queue
[2023-05-19 18:16:01,202] {logging_mixin.py:115} INFO - [2023-05-19 18:16:01,202] {dagbag.py:507} INFO - Filling up the DagBag from /home/guilherme/Documents/weather_datapipeline/airflow_weather/venv/lib/python3.10/site-packages/airflow/example_dags/plugins/workday.py
[2023-05-19 18:16:01,203] {processor.py:653} WARNING - No viable dags retrieved from /home/guilherme/Documents/weather_datapipeline/airflow_weather/venv/lib/python3.10/site-packages/airflow/example_dags/plugins/workday.py
[2023-05-19 18:16:01,209] {processor.py:161} INFO - Processing /home/guilherme/Documents/weather_datapipeline/airflow_weather/venv/lib/python3.10/site-packages/airflow/example_dags/plugins/workday.py took 0.010 seconds
[2023-05-19 18:16:35,932] {processor.py:153} INFO - Started process (PID=16858) to work on /home/guilherme/Documents/weather_datapipeline/airflow_weather/venv/lib/python3.10/site-packages/airflow/example_dags/plugins/workday.py
[2023-05-19 18:16:35,932] {processor.py:641} INFO - Processing file /home/guilherme/Documents/weather_datapipeline/airflow_weather/venv/lib/python3.10/site-packages/airflow/example_dags/plugins/workday.py for tasks to queue
[2023-05-19 18:16:35,932] {logging_mixin.py:115} INFO - [2023-05-19 18:16:35,932] {dagbag.py:507} INFO - Filling up the DagBag from /home/guilherme/Documents/weather_datapipeline/airflow_weather/venv/lib/python3.10/site-packages/airflow/example_dags/plugins/workday.py
[2023-05-19 18:16:35,933] {processor.py:653} WARNING - No viable dags retrieved from /home/guilherme/Documents/weather_datapipeline/airflow_weather/venv/lib/python3.10/site-packages/airflow/example_dags/plugins/workday.py
[2023-05-19 18:16:35,940] {processor.py:161} INFO - Processing /home/guilherme/Documents/weather_datapipeline/airflow_weather/venv/lib/python3.10/site-packages/airflow/example_dags/plugins/workday.py took 0.010 seconds
[2023-05-19 18:17:08,558] {processor.py:153} INFO - Started process (PID=17032) to work on /home/guilherme/Documents/weather_datapipeline/airflow_weather/venv/lib/python3.10/site-packages/airflow/example_dags/plugins/workday.py
[2023-05-19 18:17:08,559] {processor.py:641} INFO - Processing file /home/guilherme/Documents/weather_datapipeline/airflow_weather/venv/lib/python3.10/site-packages/airflow/example_dags/plugins/workday.py for tasks to queue
[2023-05-19 18:17:08,559] {logging_mixin.py:115} INFO - [2023-05-19 18:17:08,559] {dagbag.py:507} INFO - Filling up the DagBag from /home/guilherme/Documents/weather_datapipeline/airflow_weather/venv/lib/python3.10/site-packages/airflow/example_dags/plugins/workday.py
[2023-05-19 18:17:08,560] {processor.py:653} WARNING - No viable dags retrieved from /home/guilherme/Documents/weather_datapipeline/airflow_weather/venv/lib/python3.10/site-packages/airflow/example_dags/plugins/workday.py
[2023-05-19 18:17:08,566] {processor.py:161} INFO - Processing /home/guilherme/Documents/weather_datapipeline/airflow_weather/venv/lib/python3.10/site-packages/airflow/example_dags/plugins/workday.py took 0.009 seconds
[2023-05-19 18:17:40,063] {processor.py:153} INFO - Started process (PID=17230) to work on /home/guilherme/Documents/weather_datapipeline/airflow_weather/venv/lib/python3.10/site-packages/airflow/example_dags/plugins/workday.py
[2023-05-19 18:17:40,064] {processor.py:641} INFO - Processing file /home/guilherme/Documents/weather_datapipeline/airflow_weather/venv/lib/python3.10/site-packages/airflow/example_dags/plugins/workday.py for tasks to queue
[2023-05-19 18:17:40,064] {logging_mixin.py:115} INFO - [2023-05-19 18:17:40,064] {dagbag.py:507} INFO - Filling up the DagBag from /home/guilherme/Documents/weather_datapipeline/airflow_weather/venv/lib/python3.10/site-packages/airflow/example_dags/plugins/workday.py
[2023-05-19 18:17:40,065] {processor.py:653} WARNING - No viable dags retrieved from /home/guilherme/Documents/weather_datapipeline/airflow_weather/venv/lib/python3.10/site-packages/airflow/example_dags/plugins/workday.py
[2023-05-19 18:17:40,071] {processor.py:161} INFO - Processing /home/guilherme/Documents/weather_datapipeline/airflow_weather/venv/lib/python3.10/site-packages/airflow/example_dags/plugins/workday.py took 0.009 seconds
[2023-05-19 18:18:13,527] {processor.py:153} INFO - Started process (PID=17447) to work on /home/guilherme/Documents/weather_datapipeline/airflow_weather/venv/lib/python3.10/site-packages/airflow/example_dags/plugins/workday.py
[2023-05-19 18:18:13,527] {processor.py:641} INFO - Processing file /home/guilherme/Documents/weather_datapipeline/airflow_weather/venv/lib/python3.10/site-packages/airflow/example_dags/plugins/workday.py for tasks to queue
[2023-05-19 18:18:13,528] {logging_mixin.py:115} INFO - [2023-05-19 18:18:13,527] {dagbag.py:507} INFO - Filling up the DagBag from /home/guilherme/Documents/weather_datapipeline/airflow_weather/venv/lib/python3.10/site-packages/airflow/example_dags/plugins/workday.py
[2023-05-19 18:18:13,529] {processor.py:653} WARNING - No viable dags retrieved from /home/guilherme/Documents/weather_datapipeline/airflow_weather/venv/lib/python3.10/site-packages/airflow/example_dags/plugins/workday.py
[2023-05-19 18:18:13,535] {processor.py:161} INFO - Processing /home/guilherme/Documents/weather_datapipeline/airflow_weather/venv/lib/python3.10/site-packages/airflow/example_dags/plugins/workday.py took 0.011 seconds
[2023-05-19 18:18:47,136] {processor.py:153} INFO - Started process (PID=17653) to work on /home/guilherme/Documents/weather_datapipeline/airflow_weather/venv/lib/python3.10/site-packages/airflow/example_dags/plugins/workday.py
[2023-05-19 18:18:47,137] {processor.py:641} INFO - Processing file /home/guilherme/Documents/weather_datapipeline/airflow_weather/venv/lib/python3.10/site-packages/airflow/example_dags/plugins/workday.py for tasks to queue
[2023-05-19 18:18:47,137] {logging_mixin.py:115} INFO - [2023-05-19 18:18:47,137] {dagbag.py:507} INFO - Filling up the DagBag from /home/guilherme/Documents/weather_datapipeline/airflow_weather/venv/lib/python3.10/site-packages/airflow/example_dags/plugins/workday.py
[2023-05-19 18:18:47,138] {processor.py:653} WARNING - No viable dags retrieved from /home/guilherme/Documents/weather_datapipeline/airflow_weather/venv/lib/python3.10/site-packages/airflow/example_dags/plugins/workday.py
[2023-05-19 18:18:47,145] {processor.py:161} INFO - Processing /home/guilherme/Documents/weather_datapipeline/airflow_weather/venv/lib/python3.10/site-packages/airflow/example_dags/plugins/workday.py took 0.010 seconds
[2023-05-19 18:19:18,948] {processor.py:153} INFO - Started process (PID=18311) to work on /home/guilherme/Documents/weather_datapipeline/airflow_weather/venv/lib/python3.10/site-packages/airflow/example_dags/plugins/workday.py
[2023-05-19 18:19:18,949] {processor.py:641} INFO - Processing file /home/guilherme/Documents/weather_datapipeline/airflow_weather/venv/lib/python3.10/site-packages/airflow/example_dags/plugins/workday.py for tasks to queue
[2023-05-19 18:19:18,950] {logging_mixin.py:115} INFO - [2023-05-19 18:19:18,950] {dagbag.py:507} INFO - Filling up the DagBag from /home/guilherme/Documents/weather_datapipeline/airflow_weather/venv/lib/python3.10/site-packages/airflow/example_dags/plugins/workday.py
[2023-05-19 18:19:18,951] {processor.py:653} WARNING - No viable dags retrieved from /home/guilherme/Documents/weather_datapipeline/airflow_weather/venv/lib/python3.10/site-packages/airflow/example_dags/plugins/workday.py
[2023-05-19 18:19:18,958] {processor.py:161} INFO - Processing /home/guilherme/Documents/weather_datapipeline/airflow_weather/venv/lib/python3.10/site-packages/airflow/example_dags/plugins/workday.py took 0.011 seconds
[2023-05-19 18:19:49,626] {processor.py:153} INFO - Started process (PID=18489) to work on /home/guilherme/Documents/weather_datapipeline/airflow_weather/venv/lib/python3.10/site-packages/airflow/example_dags/plugins/workday.py
[2023-05-19 18:19:49,626] {processor.py:641} INFO - Processing file /home/guilherme/Documents/weather_datapipeline/airflow_weather/venv/lib/python3.10/site-packages/airflow/example_dags/plugins/workday.py for tasks to queue
[2023-05-19 18:19:49,627] {logging_mixin.py:115} INFO - [2023-05-19 18:19:49,627] {dagbag.py:507} INFO - Filling up the DagBag from /home/guilherme/Documents/weather_datapipeline/airflow_weather/venv/lib/python3.10/site-packages/airflow/example_dags/plugins/workday.py
[2023-05-19 18:19:49,628] {processor.py:653} WARNING - No viable dags retrieved from /home/guilherme/Documents/weather_datapipeline/airflow_weather/venv/lib/python3.10/site-packages/airflow/example_dags/plugins/workday.py
[2023-05-19 18:19:49,633] {processor.py:161} INFO - Processing /home/guilherme/Documents/weather_datapipeline/airflow_weather/venv/lib/python3.10/site-packages/airflow/example_dags/plugins/workday.py took 0.008 seconds
[2023-05-19 18:20:21,540] {processor.py:153} INFO - Started process (PID=18697) to work on /home/guilherme/Documents/weather_datapipeline/airflow_weather/venv/lib/python3.10/site-packages/airflow/example_dags/plugins/workday.py
[2023-05-19 18:20:21,541] {processor.py:641} INFO - Processing file /home/guilherme/Documents/weather_datapipeline/airflow_weather/venv/lib/python3.10/site-packages/airflow/example_dags/plugins/workday.py for tasks to queue
[2023-05-19 18:20:21,541] {logging_mixin.py:115} INFO - [2023-05-19 18:20:21,541] {dagbag.py:507} INFO - Filling up the DagBag from /home/guilherme/Documents/weather_datapipeline/airflow_weather/venv/lib/python3.10/site-packages/airflow/example_dags/plugins/workday.py
[2023-05-19 18:20:21,542] {processor.py:653} WARNING - No viable dags retrieved from /home/guilherme/Documents/weather_datapipeline/airflow_weather/venv/lib/python3.10/site-packages/airflow/example_dags/plugins/workday.py
[2023-05-19 18:20:21,549] {processor.py:161} INFO - Processing /home/guilherme/Documents/weather_datapipeline/airflow_weather/venv/lib/python3.10/site-packages/airflow/example_dags/plugins/workday.py took 0.010 seconds
[2023-05-19 18:20:53,413] {processor.py:153} INFO - Started process (PID=18870) to work on /home/guilherme/Documents/weather_datapipeline/airflow_weather/venv/lib/python3.10/site-packages/airflow/example_dags/plugins/workday.py
[2023-05-19 18:20:53,414] {processor.py:641} INFO - Processing file /home/guilherme/Documents/weather_datapipeline/airflow_weather/venv/lib/python3.10/site-packages/airflow/example_dags/plugins/workday.py for tasks to queue
[2023-05-19 18:20:53,414] {logging_mixin.py:115} INFO - [2023-05-19 18:20:53,414] {dagbag.py:507} INFO - Filling up the DagBag from /home/guilherme/Documents/weather_datapipeline/airflow_weather/venv/lib/python3.10/site-packages/airflow/example_dags/plugins/workday.py
[2023-05-19 18:20:53,415] {processor.py:653} WARNING - No viable dags retrieved from /home/guilherme/Documents/weather_datapipeline/airflow_weather/venv/lib/python3.10/site-packages/airflow/example_dags/plugins/workday.py
[2023-05-19 18:20:53,424] {processor.py:161} INFO - Processing /home/guilherme/Documents/weather_datapipeline/airflow_weather/venv/lib/python3.10/site-packages/airflow/example_dags/plugins/workday.py took 0.012 seconds
[2023-05-19 18:21:25,318] {processor.py:153} INFO - Started process (PID=19080) to work on /home/guilherme/Documents/weather_datapipeline/airflow_weather/venv/lib/python3.10/site-packages/airflow/example_dags/plugins/workday.py
[2023-05-19 18:21:25,319] {processor.py:641} INFO - Processing file /home/guilherme/Documents/weather_datapipeline/airflow_weather/venv/lib/python3.10/site-packages/airflow/example_dags/plugins/workday.py for tasks to queue
[2023-05-19 18:21:25,319] {logging_mixin.py:115} INFO - [2023-05-19 18:21:25,319] {dagbag.py:507} INFO - Filling up the DagBag from /home/guilherme/Documents/weather_datapipeline/airflow_weather/venv/lib/python3.10/site-packages/airflow/example_dags/plugins/workday.py
[2023-05-19 18:21:25,320] {processor.py:653} WARNING - No viable dags retrieved from /home/guilherme/Documents/weather_datapipeline/airflow_weather/venv/lib/python3.10/site-packages/airflow/example_dags/plugins/workday.py
[2023-05-19 18:21:25,326] {processor.py:161} INFO - Processing /home/guilherme/Documents/weather_datapipeline/airflow_weather/venv/lib/python3.10/site-packages/airflow/example_dags/plugins/workday.py took 0.010 seconds
[2023-05-19 18:21:58,992] {processor.py:153} INFO - Started process (PID=19285) to work on /home/guilherme/Documents/weather_datapipeline/airflow_weather/venv/lib/python3.10/site-packages/airflow/example_dags/plugins/workday.py
[2023-05-19 18:21:58,993] {processor.py:641} INFO - Processing file /home/guilherme/Documents/weather_datapipeline/airflow_weather/venv/lib/python3.10/site-packages/airflow/example_dags/plugins/workday.py for tasks to queue
[2023-05-19 18:21:58,993] {logging_mixin.py:115} INFO - [2023-05-19 18:21:58,993] {dagbag.py:507} INFO - Filling up the DagBag from /home/guilherme/Documents/weather_datapipeline/airflow_weather/venv/lib/python3.10/site-packages/airflow/example_dags/plugins/workday.py
[2023-05-19 18:21:58,994] {processor.py:653} WARNING - No viable dags retrieved from /home/guilherme/Documents/weather_datapipeline/airflow_weather/venv/lib/python3.10/site-packages/airflow/example_dags/plugins/workday.py
[2023-05-19 18:21:59,001] {processor.py:161} INFO - Processing /home/guilherme/Documents/weather_datapipeline/airflow_weather/venv/lib/python3.10/site-packages/airflow/example_dags/plugins/workday.py took 0.010 seconds
[2023-05-19 18:22:32,350] {processor.py:153} INFO - Started process (PID=19489) to work on /home/guilherme/Documents/weather_datapipeline/airflow_weather/venv/lib/python3.10/site-packages/airflow/example_dags/plugins/workday.py
[2023-05-19 18:22:32,351] {processor.py:641} INFO - Processing file /home/guilherme/Documents/weather_datapipeline/airflow_weather/venv/lib/python3.10/site-packages/airflow/example_dags/plugins/workday.py for tasks to queue
[2023-05-19 18:22:32,351] {logging_mixin.py:115} INFO - [2023-05-19 18:22:32,351] {dagbag.py:507} INFO - Filling up the DagBag from /home/guilherme/Documents/weather_datapipeline/airflow_weather/venv/lib/python3.10/site-packages/airflow/example_dags/plugins/workday.py
[2023-05-19 18:22:32,352] {processor.py:653} WARNING - No viable dags retrieved from /home/guilherme/Documents/weather_datapipeline/airflow_weather/venv/lib/python3.10/site-packages/airflow/example_dags/plugins/workday.py
[2023-05-19 18:22:32,360] {processor.py:161} INFO - Processing /home/guilherme/Documents/weather_datapipeline/airflow_weather/venv/lib/python3.10/site-packages/airflow/example_dags/plugins/workday.py took 0.011 seconds
[2023-05-19 18:23:04,294] {processor.py:153} INFO - Started process (PID=19700) to work on /home/guilherme/Documents/weather_datapipeline/airflow_weather/venv/lib/python3.10/site-packages/airflow/example_dags/plugins/workday.py
[2023-05-19 18:23:04,294] {processor.py:641} INFO - Processing file /home/guilherme/Documents/weather_datapipeline/airflow_weather/venv/lib/python3.10/site-packages/airflow/example_dags/plugins/workday.py for tasks to queue
[2023-05-19 18:23:04,294] {logging_mixin.py:115} INFO - [2023-05-19 18:23:04,294] {dagbag.py:507} INFO - Filling up the DagBag from /home/guilherme/Documents/weather_datapipeline/airflow_weather/venv/lib/python3.10/site-packages/airflow/example_dags/plugins/workday.py
[2023-05-19 18:23:04,295] {processor.py:653} WARNING - No viable dags retrieved from /home/guilherme/Documents/weather_datapipeline/airflow_weather/venv/lib/python3.10/site-packages/airflow/example_dags/plugins/workday.py
[2023-05-19 18:23:04,301] {processor.py:161} INFO - Processing /home/guilherme/Documents/weather_datapipeline/airflow_weather/venv/lib/python3.10/site-packages/airflow/example_dags/plugins/workday.py took 0.009 seconds
[2023-05-19 18:23:35,693] {processor.py:153} INFO - Started process (PID=19872) to work on /home/guilherme/Documents/weather_datapipeline/airflow_weather/venv/lib/python3.10/site-packages/airflow/example_dags/plugins/workday.py
[2023-05-19 18:23:35,694] {processor.py:641} INFO - Processing file /home/guilherme/Documents/weather_datapipeline/airflow_weather/venv/lib/python3.10/site-packages/airflow/example_dags/plugins/workday.py for tasks to queue
[2023-05-19 18:23:35,694] {logging_mixin.py:115} INFO - [2023-05-19 18:23:35,694] {dagbag.py:507} INFO - Filling up the DagBag from /home/guilherme/Documents/weather_datapipeline/airflow_weather/venv/lib/python3.10/site-packages/airflow/example_dags/plugins/workday.py
[2023-05-19 18:23:35,695] {processor.py:653} WARNING - No viable dags retrieved from /home/guilherme/Documents/weather_datapipeline/airflow_weather/venv/lib/python3.10/site-packages/airflow/example_dags/plugins/workday.py
[2023-05-19 18:23:35,701] {processor.py:161} INFO - Processing /home/guilherme/Documents/weather_datapipeline/airflow_weather/venv/lib/python3.10/site-packages/airflow/example_dags/plugins/workday.py took 0.009 seconds
[2023-05-19 18:24:07,266] {processor.py:153} INFO - Started process (PID=20056) to work on /home/guilherme/Documents/weather_datapipeline/airflow_weather/venv/lib/python3.10/site-packages/airflow/example_dags/plugins/workday.py
[2023-05-19 18:24:07,267] {processor.py:641} INFO - Processing file /home/guilherme/Documents/weather_datapipeline/airflow_weather/venv/lib/python3.10/site-packages/airflow/example_dags/plugins/workday.py for tasks to queue
[2023-05-19 18:24:07,267] {logging_mixin.py:115} INFO - [2023-05-19 18:24:07,267] {dagbag.py:507} INFO - Filling up the DagBag from /home/guilherme/Documents/weather_datapipeline/airflow_weather/venv/lib/python3.10/site-packages/airflow/example_dags/plugins/workday.py
[2023-05-19 18:24:07,268] {processor.py:653} WARNING - No viable dags retrieved from /home/guilherme/Documents/weather_datapipeline/airflow_weather/venv/lib/python3.10/site-packages/airflow/example_dags/plugins/workday.py
[2023-05-19 18:24:07,277] {processor.py:161} INFO - Processing /home/guilherme/Documents/weather_datapipeline/airflow_weather/venv/lib/python3.10/site-packages/airflow/example_dags/plugins/workday.py took 0.012 seconds
[2023-05-19 18:24:40,324] {processor.py:153} INFO - Started process (PID=20119) to work on /home/guilherme/Documents/weather_datapipeline/airflow_weather/venv/lib/python3.10/site-packages/airflow/example_dags/plugins/workday.py
[2023-05-19 18:24:40,325] {processor.py:641} INFO - Processing file /home/guilherme/Documents/weather_datapipeline/airflow_weather/venv/lib/python3.10/site-packages/airflow/example_dags/plugins/workday.py for tasks to queue
[2023-05-19 18:24:40,325] {logging_mixin.py:115} INFO - [2023-05-19 18:24:40,325] {dagbag.py:507} INFO - Filling up the DagBag from /home/guilherme/Documents/weather_datapipeline/airflow_weather/venv/lib/python3.10/site-packages/airflow/example_dags/plugins/workday.py
[2023-05-19 18:24:40,326] {processor.py:653} WARNING - No viable dags retrieved from /home/guilherme/Documents/weather_datapipeline/airflow_weather/venv/lib/python3.10/site-packages/airflow/example_dags/plugins/workday.py
[2023-05-19 18:24:40,332] {processor.py:161} INFO - Processing /home/guilherme/Documents/weather_datapipeline/airflow_weather/venv/lib/python3.10/site-packages/airflow/example_dags/plugins/workday.py took 0.010 seconds
[2023-05-19 18:25:13,024] {processor.py:153} INFO - Started process (PID=20157) to work on /home/guilherme/Documents/weather_datapipeline/airflow_weather/venv/lib/python3.10/site-packages/airflow/example_dags/plugins/workday.py
[2023-05-19 18:25:13,025] {processor.py:641} INFO - Processing file /home/guilherme/Documents/weather_datapipeline/airflow_weather/venv/lib/python3.10/site-packages/airflow/example_dags/plugins/workday.py for tasks to queue
[2023-05-19 18:25:13,025] {logging_mixin.py:115} INFO - [2023-05-19 18:25:13,025] {dagbag.py:507} INFO - Filling up the DagBag from /home/guilherme/Documents/weather_datapipeline/airflow_weather/venv/lib/python3.10/site-packages/airflow/example_dags/plugins/workday.py
[2023-05-19 18:25:13,026] {processor.py:653} WARNING - No viable dags retrieved from /home/guilherme/Documents/weather_datapipeline/airflow_weather/venv/lib/python3.10/site-packages/airflow/example_dags/plugins/workday.py
[2023-05-19 18:25:13,032] {processor.py:161} INFO - Processing /home/guilherme/Documents/weather_datapipeline/airflow_weather/venv/lib/python3.10/site-packages/airflow/example_dags/plugins/workday.py took 0.010 seconds
[2023-05-19 18:25:45,842] {processor.py:153} INFO - Started process (PID=20218) to work on /home/guilherme/Documents/weather_datapipeline/airflow_weather/venv/lib/python3.10/site-packages/airflow/example_dags/plugins/workday.py
[2023-05-19 18:25:45,842] {processor.py:641} INFO - Processing file /home/guilherme/Documents/weather_datapipeline/airflow_weather/venv/lib/python3.10/site-packages/airflow/example_dags/plugins/workday.py for tasks to queue
[2023-05-19 18:25:45,842] {logging_mixin.py:115} INFO - [2023-05-19 18:25:45,842] {dagbag.py:507} INFO - Filling up the DagBag from /home/guilherme/Documents/weather_datapipeline/airflow_weather/venv/lib/python3.10/site-packages/airflow/example_dags/plugins/workday.py
[2023-05-19 18:25:45,843] {processor.py:653} WARNING - No viable dags retrieved from /home/guilherme/Documents/weather_datapipeline/airflow_weather/venv/lib/python3.10/site-packages/airflow/example_dags/plugins/workday.py
[2023-05-19 18:25:45,849] {processor.py:161} INFO - Processing /home/guilherme/Documents/weather_datapipeline/airflow_weather/venv/lib/python3.10/site-packages/airflow/example_dags/plugins/workday.py took 0.009 seconds
[2023-05-19 18:26:19,503] {processor.py:153} INFO - Started process (PID=20394) to work on /home/guilherme/Documents/weather_datapipeline/airflow_weather/venv/lib/python3.10/site-packages/airflow/example_dags/plugins/workday.py
[2023-05-19 18:26:19,504] {processor.py:641} INFO - Processing file /home/guilherme/Documents/weather_datapipeline/airflow_weather/venv/lib/python3.10/site-packages/airflow/example_dags/plugins/workday.py for tasks to queue
[2023-05-19 18:26:19,504] {logging_mixin.py:115} INFO - [2023-05-19 18:26:19,504] {dagbag.py:507} INFO - Filling up the DagBag from /home/guilherme/Documents/weather_datapipeline/airflow_weather/venv/lib/python3.10/site-packages/airflow/example_dags/plugins/workday.py
[2023-05-19 18:26:19,505] {processor.py:653} WARNING - No viable dags retrieved from /home/guilherme/Documents/weather_datapipeline/airflow_weather/venv/lib/python3.10/site-packages/airflow/example_dags/plugins/workday.py
[2023-05-19 18:26:19,511] {processor.py:161} INFO - Processing /home/guilherme/Documents/weather_datapipeline/airflow_weather/venv/lib/python3.10/site-packages/airflow/example_dags/plugins/workday.py took 0.010 seconds
[2023-05-19 18:26:55,388] {processor.py:153} INFO - Started process (PID=20573) to work on /home/guilherme/Documents/weather_datapipeline/airflow_weather/venv/lib/python3.10/site-packages/airflow/example_dags/plugins/workday.py
[2023-05-19 18:26:55,388] {processor.py:641} INFO - Processing file /home/guilherme/Documents/weather_datapipeline/airflow_weather/venv/lib/python3.10/site-packages/airflow/example_dags/plugins/workday.py for tasks to queue
[2023-05-19 18:26:55,389] {logging_mixin.py:115} INFO - [2023-05-19 18:26:55,389] {dagbag.py:507} INFO - Filling up the DagBag from /home/guilherme/Documents/weather_datapipeline/airflow_weather/venv/lib/python3.10/site-packages/airflow/example_dags/plugins/workday.py
[2023-05-19 18:26:55,390] {processor.py:653} WARNING - No viable dags retrieved from /home/guilherme/Documents/weather_datapipeline/airflow_weather/venv/lib/python3.10/site-packages/airflow/example_dags/plugins/workday.py
[2023-05-19 18:26:55,395] {processor.py:161} INFO - Processing /home/guilherme/Documents/weather_datapipeline/airflow_weather/venv/lib/python3.10/site-packages/airflow/example_dags/plugins/workday.py took 0.009 seconds
[2023-05-19 18:27:50,433] {processor.py:153} INFO - Started process (PID=20696) to work on /home/guilherme/Documents/weather_datapipeline/airflow_weather/venv/lib/python3.10/site-packages/airflow/example_dags/plugins/workday.py
[2023-05-19 18:27:50,434] {processor.py:641} INFO - Processing file /home/guilherme/Documents/weather_datapipeline/airflow_weather/venv/lib/python3.10/site-packages/airflow/example_dags/plugins/workday.py for tasks to queue
[2023-05-19 18:27:50,434] {logging_mixin.py:115} INFO - [2023-05-19 18:27:50,434] {dagbag.py:507} INFO - Filling up the DagBag from /home/guilherme/Documents/weather_datapipeline/airflow_weather/venv/lib/python3.10/site-packages/airflow/example_dags/plugins/workday.py
[2023-05-19 18:27:50,435] {processor.py:653} WARNING - No viable dags retrieved from /home/guilherme/Documents/weather_datapipeline/airflow_weather/venv/lib/python3.10/site-packages/airflow/example_dags/plugins/workday.py
[2023-05-19 18:27:50,441] {processor.py:161} INFO - Processing /home/guilherme/Documents/weather_datapipeline/airflow_weather/venv/lib/python3.10/site-packages/airflow/example_dags/plugins/workday.py took 0.009 seconds
[2023-05-19 18:28:23,328] {processor.py:153} INFO - Started process (PID=20772) to work on /home/guilherme/Documents/weather_datapipeline/airflow_weather/venv/lib/python3.10/site-packages/airflow/example_dags/plugins/workday.py
[2023-05-19 18:28:23,329] {processor.py:641} INFO - Processing file /home/guilherme/Documents/weather_datapipeline/airflow_weather/venv/lib/python3.10/site-packages/airflow/example_dags/plugins/workday.py for tasks to queue
[2023-05-19 18:28:23,329] {logging_mixin.py:115} INFO - [2023-05-19 18:28:23,329] {dagbag.py:507} INFO - Filling up the DagBag from /home/guilherme/Documents/weather_datapipeline/airflow_weather/venv/lib/python3.10/site-packages/airflow/example_dags/plugins/workday.py
[2023-05-19 18:28:23,330] {processor.py:653} WARNING - No viable dags retrieved from /home/guilherme/Documents/weather_datapipeline/airflow_weather/venv/lib/python3.10/site-packages/airflow/example_dags/plugins/workday.py
[2023-05-19 18:28:23,336] {processor.py:161} INFO - Processing /home/guilherme/Documents/weather_datapipeline/airflow_weather/venv/lib/python3.10/site-packages/airflow/example_dags/plugins/workday.py took 0.009 seconds
