[2023-05-19 17:59:24,012] {manager.py:480} INFO - Processing files using up to 1 processes at a time 
[2023-05-19 17:59:24,012] {manager.py:481} INFO - Process each file at most once every 30 seconds
[2023-05-19 17:59:24,012] {manager.py:482} INFO - Checking for new files in /home/guilherme/Documents/weather_datapipeline/airflow_weather/dags every 300 seconds
[2023-05-19 17:59:24,013] {manager.py:690} INFO - Searching for files in /home/guilherme/Documents/weather_datapipeline/airflow_weather/dags
[2023-05-19 17:59:24,017] {manager.py:693} INFO - There are 34 files in /home/guilherme/Documents/weather_datapipeline/airflow_weather/dags
[2023-05-19 17:59:24,145] {manager.py:809} INFO - 
================================================================================
DAG File Processing Stats

File Path                                                                                                                                                         PID    Runtime      # DAGs    # Errors  Last Runtime    Last Run
----------------------------------------------------------------------------------------------------------------------------------------------------------------  -----  ---------  --------  ----------  --------------  -------------------
/home/guilherme/Documents/weather_datapipeline/airflow_weather/venv/lib/python3.10/site-packages/airflow/example_dags/example_branch_operator_decorator.py                                 0           0
/home/guilherme/Documents/weather_datapipeline/airflow_weather/venv/lib/python3.10/site-packages/airflow/example_dags/example_kubernetes_executor.py                                       0           0
/home/guilherme/Documents/weather_datapipeline/airflow_weather/venv/lib/python3.10/site-packages/airflow/example_dags/example_latest_only_with_trigger.py                                  0           0
/home/guilherme/Documents/weather_datapipeline/airflow_weather/venv/lib/python3.10/site-packages/airflow/example_dags/tutorial_taskflow_api_etl.py                                         0           0
/home/guilherme/Documents/weather_datapipeline/airflow_weather/venv/lib/python3.10/site-packages/airflow/example_dags/example_nested_branch_dag.py                                         0           0
/home/guilherme/Documents/weather_datapipeline/airflow_weather/venv/lib/python3.10/site-packages/airflow/example_dags/example_bash_operator.py                                             0           0
/home/guilherme/Documents/weather_datapipeline/airflow_weather/venv/lib/python3.10/site-packages/airflow/example_dags/example_sla_dag.py                                                   0           0
/home/guilherme/Documents/weather_datapipeline/airflow_weather/venv/lib/python3.10/site-packages/airflow/example_dags/example_subdag_operator.py                                           0           0
/home/guilherme/Documents/weather_datapipeline/airflow_weather/venv/lib/python3.10/site-packages/airflow/example_dags/tutorial_taskflow_api_etl_virtualenv.py                              0           0
/home/guilherme/Documents/weather_datapipeline/airflow_weather/venv/lib/python3.10/site-packages/airflow/example_dags/example_task_group_decorator.py                                      0           0
/home/guilherme/Documents/weather_datapipeline/airflow_weather/venv/lib/python3.10/site-packages/airflow/example_dags/example_external_task_marker_dag.py                                  0           0
/home/guilherme/Documents/weather_datapipeline/airflow_weather/venv/lib/python3.10/site-packages/airflow/example_dags/example_branch_labels.py                                             0           0
/home/guilherme/Documents/weather_datapipeline/airflow_weather/venv/lib/python3.10/site-packages/airflow/example_dags/example_xcomargs.py                                                  0           0
/home/guilherme/Documents/weather_datapipeline/airflow_weather/venv/lib/python3.10/site-packages/airflow/example_dags/example_latest_only.py                                               0           0
/home/guilherme/Documents/weather_datapipeline/airflow_weather/venv/lib/python3.10/site-packages/airflow/example_dags/tutorial_etl_dag.py                                                  0           0
/home/guilherme/Documents/weather_datapipeline/airflow_weather/venv/lib/python3.10/site-packages/airflow/example_dags/example_dag_decorator.py                                             0           0
/home/guilherme/Documents/weather_datapipeline/airflow_weather/venv/lib/python3.10/site-packages/airflow/example_dags/example_local_kubernetes_executor.py                                 0           0
/home/guilherme/Documents/weather_datapipeline/airflow_weather/venv/lib/python3.10/site-packages/airflow/example_dags/example_branch_python_dop_operator_3.py                              0           0
/home/guilherme/Documents/weather_datapipeline/airflow_weather/venv/lib/python3.10/site-packages/airflow/example_dags/example_branch_datetime_operator.py                                  0           0
/home/guilherme/Documents/weather_datapipeline/airflow_weather/venv/lib/python3.10/site-packages/airflow/example_dags/example_python_operator.py                                           0           0
/home/guilherme/Documents/weather_datapipeline/airflow_weather/venv/lib/python3.10/site-packages/airflow/example_dags/example_branch_day_of_week_operator.py                               0           0
/home/guilherme/Documents/weather_datapipeline/airflow_weather/venv/lib/python3.10/site-packages/airflow/example_dags/example_complex.py                                                   0           0
/home/guilherme/Documents/weather_datapipeline/airflow_weather/venv/lib/python3.10/site-packages/airflow/example_dags/example_short_circuit_operator.py                                    0           0
/home/guilherme/Documents/weather_datapipeline/airflow_weather/venv/lib/python3.10/site-packages/airflow/example_dags/example_xcom.py                                                      0           0
/home/guilherme/Documents/weather_datapipeline/airflow_weather/venv/lib/python3.10/site-packages/airflow/example_dags/example_branch_operator.py                                           0           0
/home/guilherme/Documents/weather_datapipeline/airflow_weather/venv/lib/python3.10/site-packages/airflow/example_dags/example_task_group.py                                                0           0
/home/guilherme/Documents/weather_datapipeline/airflow_weather/venv/lib/python3.10/site-packages/airflow/example_dags/tutorial.py                                                          0           0
/home/guilherme/Documents/weather_datapipeline/airflow_weather/venv/lib/python3.10/site-packages/airflow/example_dags/example_passing_params_via_test_command.py                           0           0
/home/guilherme/Documents/weather_datapipeline/airflow_weather/venv/lib/python3.10/site-packages/airflow/example_dags/example_skip_dag.py                                                  0           0
/home/guilherme/Documents/weather_datapipeline/airflow_weather/venv/lib/python3.10/site-packages/airflow/example_dags/example_time_delta_sensor_async.py                                   0           0
/home/guilherme/Documents/weather_datapipeline/airflow_weather/venv/lib/python3.10/site-packages/airflow/example_dags/example_trigger_target_dag.py                                        0           0
/home/guilherme/Documents/weather_datapipeline/airflow_weather/venv/lib/python3.10/site-packages/airflow/example_dags/plugins/workday.py                                                   0           0
/home/guilherme/Documents/weather_datapipeline/airflow_weather/venv/lib/python3.10/site-packages/airflow/example_dags/subdags/subdag.py                                                    0           0
/home/guilherme/Documents/weather_datapipeline/airflow_weather/venv/lib/python3.10/site-packages/airflow/example_dags/example_trigger_controller_dag.py                                    1           0  0.10s           2023-05-19T20:59:24
================================================================================
[2023-05-19 17:59:54,149] {manager.py:809} INFO - 
================================================================================
DAG File Processing Stats

File Path                                                                                                                                                         PID    Runtime      # DAGs    # Errors  Last Runtime    Last Run
----------------------------------------------------------------------------------------------------------------------------------------------------------------  -----  ---------  --------  ----------  --------------  -------------------
/home/guilherme/Documents/weather_datapipeline/airflow_weather/venv/lib/python3.10/site-packages/airflow/example_dags/example_kubernetes_executor.py                                       0           0  0.10s           2023-05-19T20:59:44
/home/guilherme/Documents/weather_datapipeline/airflow_weather/venv/lib/python3.10/site-packages/airflow/example_dags/tutorial_taskflow_api_etl_virtualenv.py                              0           0  0.10s           2023-05-19T20:59:29
/home/guilherme/Documents/weather_datapipeline/airflow_weather/venv/lib/python3.10/site-packages/airflow/example_dags/example_local_kubernetes_executor.py                                 0           0  0.10s           2023-05-19T20:59:33
/home/guilherme/Documents/weather_datapipeline/airflow_weather/venv/lib/python3.10/site-packages/airflow/example_dags/example_branch_operator.py                                           0           0
/home/guilherme/Documents/weather_datapipeline/airflow_weather/venv/lib/python3.10/site-packages/airflow/example_dags/plugins/workday.py                                                   0           0  0.10s           2023-05-19T20:59:41
/home/guilherme/Documents/weather_datapipeline/airflow_weather/venv/lib/python3.10/site-packages/airflow/example_dags/subdags/subdag.py                                                    0           0  0.10s           2023-05-19T20:59:42
/home/guilherme/Documents/weather_datapipeline/airflow_weather/venv/lib/python3.10/site-packages/airflow/example_dags/example_branch_operator_decorator.py                                 1           0  0.10s           2023-05-19T20:59:43
/home/guilherme/Documents/weather_datapipeline/airflow_weather/venv/lib/python3.10/site-packages/airflow/example_dags/example_trigger_controller_dag.py                                    1           0  0.10s           2023-05-19T20:59:24
/home/guilherme/Documents/weather_datapipeline/airflow_weather/venv/lib/python3.10/site-packages/airflow/example_dags/example_latest_only_with_trigger.py                                  1           0  0.10s           2023-05-19T20:59:44
/home/guilherme/Documents/weather_datapipeline/airflow_weather/venv/lib/python3.10/site-packages/airflow/example_dags/tutorial_taskflow_api_etl.py                                         1           0  0.21s           2023-05-19T20:59:25
/home/guilherme/Documents/weather_datapipeline/airflow_weather/venv/lib/python3.10/site-packages/airflow/example_dags/example_nested_branch_dag.py                                         1           0  0.10s           2023-05-19T20:59:26
/home/guilherme/Documents/weather_datapipeline/airflow_weather/venv/lib/python3.10/site-packages/airflow/example_dags/example_bash_operator.py                                             1           0  0.10s           2023-05-19T20:59:45
/home/guilherme/Documents/weather_datapipeline/airflow_weather/venv/lib/python3.10/site-packages/airflow/example_dags/example_sla_dag.py                                                   1           0  0.10s           2023-05-19T20:59:27
/home/guilherme/Documents/weather_datapipeline/airflow_weather/venv/lib/python3.10/site-packages/airflow/example_dags/example_task_group_decorator.py                                      1           0  0.10s           2023-05-19T20:59:30
/home/guilherme/Documents/weather_datapipeline/airflow_weather/venv/lib/python3.10/site-packages/airflow/example_dags/example_branch_labels.py                                             1           0  0.10s           2023-05-19T20:59:47
/home/guilherme/Documents/weather_datapipeline/airflow_weather/venv/lib/python3.10/site-packages/airflow/example_dags/example_latest_only.py                                               1           0  0.10s           2023-05-19T20:59:49
/home/guilherme/Documents/weather_datapipeline/airflow_weather/venv/lib/python3.10/site-packages/airflow/example_dags/tutorial_etl_dag.py                                                  1           0  0.10s           2023-05-19T20:59:32
/home/guilherme/Documents/weather_datapipeline/airflow_weather/venv/lib/python3.10/site-packages/airflow/example_dags/example_dag_decorator.py                                             1           0  0.10s           2023-05-19T20:59:49
/home/guilherme/Documents/weather_datapipeline/airflow_weather/venv/lib/python3.10/site-packages/airflow/example_dags/example_branch_python_dop_operator_3.py                              1           0  0.10s           2023-05-19T20:59:50
/home/guilherme/Documents/weather_datapipeline/airflow_weather/venv/lib/python3.10/site-packages/airflow/example_dags/example_branch_datetime_operator.py                                  1           0  0.10s           2023-05-19T20:59:51
/home/guilherme/Documents/weather_datapipeline/airflow_weather/venv/lib/python3.10/site-packages/airflow/example_dags/example_python_operator.py                                           1           0  0.10s           2023-05-19T20:59:34
/home/guilherme/Documents/weather_datapipeline/airflow_weather/venv/lib/python3.10/site-packages/airflow/example_dags/example_branch_day_of_week_operator.py                               1           0  0.10s           2023-05-19T20:59:53
/home/guilherme/Documents/weather_datapipeline/airflow_weather/venv/lib/python3.10/site-packages/airflow/example_dags/example_complex.py                                                   1           0  0.10s           2023-05-19T20:59:54
/home/guilherme/Documents/weather_datapipeline/airflow_weather/venv/lib/python3.10/site-packages/airflow/example_dags/example_short_circuit_operator.py                                    1           0  0.10s           2023-05-19T20:59:34
/home/guilherme/Documents/weather_datapipeline/airflow_weather/venv/lib/python3.10/site-packages/airflow/example_dags/example_xcom.py                                                      1           0  0.10s           2023-05-19T20:59:35
/home/guilherme/Documents/weather_datapipeline/airflow_weather/venv/lib/python3.10/site-packages/airflow/example_dags/example_task_group.py                                                1           0  0.10s           2023-05-19T20:59:36
/home/guilherme/Documents/weather_datapipeline/airflow_weather/venv/lib/python3.10/site-packages/airflow/example_dags/tutorial.py                                                          1           0  0.10s           2023-05-19T20:59:37
/home/guilherme/Documents/weather_datapipeline/airflow_weather/venv/lib/python3.10/site-packages/airflow/example_dags/example_passing_params_via_test_command.py                           1           0  0.10s           2023-05-19T20:59:38
/home/guilherme/Documents/weather_datapipeline/airflow_weather/venv/lib/python3.10/site-packages/airflow/example_dags/example_skip_dag.py                                                  1           0  0.10s           2023-05-19T20:59:39
/home/guilherme/Documents/weather_datapipeline/airflow_weather/venv/lib/python3.10/site-packages/airflow/example_dags/example_time_delta_sensor_async.py                                   1           0  0.10s           2023-05-19T20:59:39
/home/guilherme/Documents/weather_datapipeline/airflow_weather/venv/lib/python3.10/site-packages/airflow/example_dags/example_trigger_target_dag.py                                        1           0  0.10s           2023-05-19T20:59:40
/home/guilherme/Documents/weather_datapipeline/airflow_weather/venv/lib/python3.10/site-packages/airflow/example_dags/example_external_task_marker_dag.py                                  2           0  0.10s           2023-05-19T20:59:46
/home/guilherme/Documents/weather_datapipeline/airflow_weather/venv/lib/python3.10/site-packages/airflow/example_dags/example_xcomargs.py                                                  2           0  0.10s           2023-05-19T20:59:31
/home/guilherme/Documents/weather_datapipeline/airflow_weather/venv/lib/python3.10/site-packages/airflow/example_dags/example_subdag_operator.py                                           3           0  0.10s           2023-05-19T20:59:28
================================================================================
[2023-05-19 18:00:24,406] {manager.py:809} INFO - 
================================================================================
DAG File Processing Stats

File Path                                                                                                                                                         PID    Runtime      # DAGs    # Errors  Last Runtime    Last Run
----------------------------------------------------------------------------------------------------------------------------------------------------------------  -----  ---------  --------  ----------  --------------  -------------------
/home/guilherme/Documents/weather_datapipeline/airflow_weather/venv/lib/python3.10/site-packages/airflow/example_dags/example_kubernetes_executor.py                                       0           0  0.10s           2023-05-19T21:00:17
/home/guilherme/Documents/weather_datapipeline/airflow_weather/venv/lib/python3.10/site-packages/airflow/example_dags/tutorial_taskflow_api_etl_virtualenv.py                              0           0  0.10s           2023-05-19T20:59:59
/home/guilherme/Documents/weather_datapipeline/airflow_weather/venv/lib/python3.10/site-packages/airflow/example_dags/example_local_kubernetes_executor.py                                 0           0  0.10s           2023-05-19T21:00:04
/home/guilherme/Documents/weather_datapipeline/airflow_weather/venv/lib/python3.10/site-packages/airflow/example_dags/plugins/workday.py                                                   0           0  0.10s           2023-05-19T21:00:14
/home/guilherme/Documents/weather_datapipeline/airflow_weather/venv/lib/python3.10/site-packages/airflow/example_dags/subdags/subdag.py                                                    0           0  0.10s           2023-05-19T21:00:15
/home/guilherme/Documents/weather_datapipeline/airflow_weather/venv/lib/python3.10/site-packages/airflow/example_dags/example_branch_operator_decorator.py                                 1           0  0.10s           2023-05-19T21:00:16
/home/guilherme/Documents/weather_datapipeline/airflow_weather/venv/lib/python3.10/site-packages/airflow/example_dags/example_trigger_controller_dag.py                                    1           0  0.10s           2023-05-19T20:59:54
/home/guilherme/Documents/weather_datapipeline/airflow_weather/venv/lib/python3.10/site-packages/airflow/example_dags/example_latest_only_with_trigger.py                                  1           0  0.10s           2023-05-19T21:00:18
/home/guilherme/Documents/weather_datapipeline/airflow_weather/venv/lib/python3.10/site-packages/airflow/example_dags/tutorial_taskflow_api_etl.py                                         1           0  0.10s           2023-05-19T20:59:55
/home/guilherme/Documents/weather_datapipeline/airflow_weather/venv/lib/python3.10/site-packages/airflow/example_dags/example_nested_branch_dag.py                                         1           0  0.10s           2023-05-19T20:59:57
/home/guilherme/Documents/weather_datapipeline/airflow_weather/venv/lib/python3.10/site-packages/airflow/example_dags/example_bash_operator.py                                             1           0  0.10s           2023-05-19T21:00:19
/home/guilherme/Documents/weather_datapipeline/airflow_weather/venv/lib/python3.10/site-packages/airflow/example_dags/example_sla_dag.py                                                   1           0  0.10s           2023-05-19T20:59:58
/home/guilherme/Documents/weather_datapipeline/airflow_weather/venv/lib/python3.10/site-packages/airflow/example_dags/example_task_group_decorator.py                                      1           0  0.10s           2023-05-19T21:00:01
/home/guilherme/Documents/weather_datapipeline/airflow_weather/venv/lib/python3.10/site-packages/airflow/example_dags/example_branch_labels.py                                             1           0  0.10s           2023-05-19T21:00:21
/home/guilherme/Documents/weather_datapipeline/airflow_weather/venv/lib/python3.10/site-packages/airflow/example_dags/example_latest_only.py                                               1           0  0.10s           2023-05-19T21:00:22
/home/guilherme/Documents/weather_datapipeline/airflow_weather/venv/lib/python3.10/site-packages/airflow/example_dags/tutorial_etl_dag.py                                                  1           0  0.10s           2023-05-19T21:00:03
/home/guilherme/Documents/weather_datapipeline/airflow_weather/venv/lib/python3.10/site-packages/airflow/example_dags/example_dag_decorator.py                                             1           0  0.10s           2023-05-19T21:00:23
/home/guilherme/Documents/weather_datapipeline/airflow_weather/venv/lib/python3.10/site-packages/airflow/example_dags/example_branch_python_dop_operator_3.py                              1           0  0.10s           2023-05-19T21:00:24
/home/guilherme/Documents/weather_datapipeline/airflow_weather/venv/lib/python3.10/site-packages/airflow/example_dags/example_branch_datetime_operator.py                                  1           0  0.10s           2023-05-19T20:59:51
/home/guilherme/Documents/weather_datapipeline/airflow_weather/venv/lib/python3.10/site-packages/airflow/example_dags/example_python_operator.py                                           1           0  0.10s           2023-05-19T21:00:05
/home/guilherme/Documents/weather_datapipeline/airflow_weather/venv/lib/python3.10/site-packages/airflow/example_dags/example_branch_day_of_week_operator.py                               1           0  0.10s           2023-05-19T20:59:53
/home/guilherme/Documents/weather_datapipeline/airflow_weather/venv/lib/python3.10/site-packages/airflow/example_dags/example_complex.py                                                   1           0  0.10s           2023-05-19T20:59:54
/home/guilherme/Documents/weather_datapipeline/airflow_weather/venv/lib/python3.10/site-packages/airflow/example_dags/example_short_circuit_operator.py                                    1           0  0.10s           2023-05-19T21:00:06
/home/guilherme/Documents/weather_datapipeline/airflow_weather/venv/lib/python3.10/site-packages/airflow/example_dags/example_xcom.py                                                      1           0  0.20s           2023-05-19T21:00:07
/home/guilherme/Documents/weather_datapipeline/airflow_weather/venv/lib/python3.10/site-packages/airflow/example_dags/example_branch_operator.py                                           1           0  0.10s           2023-05-19T20:59:54
/home/guilherme/Documents/weather_datapipeline/airflow_weather/venv/lib/python3.10/site-packages/airflow/example_dags/example_task_group.py                                                1           0  0.10s           2023-05-19T21:00:08
/home/guilherme/Documents/weather_datapipeline/airflow_weather/venv/lib/python3.10/site-packages/airflow/example_dags/tutorial.py                                                          1           0  0.10s           2023-05-19T21:00:09
/home/guilherme/Documents/weather_datapipeline/airflow_weather/venv/lib/python3.10/site-packages/airflow/example_dags/example_passing_params_via_test_command.py                           1           0  0.10s           2023-05-19T21:00:10
/home/guilherme/Documents/weather_datapipeline/airflow_weather/venv/lib/python3.10/site-packages/airflow/example_dags/example_skip_dag.py                                                  1           0  0.10s           2023-05-19T21:00:11
/home/guilherme/Documents/weather_datapipeline/airflow_weather/venv/lib/python3.10/site-packages/airflow/example_dags/example_time_delta_sensor_async.py                                   1           0  0.11s           2023-05-19T21:00:12
/home/guilherme/Documents/weather_datapipeline/airflow_weather/venv/lib/python3.10/site-packages/airflow/example_dags/example_trigger_target_dag.py                                        1           0  0.10s           2023-05-19T21:00:13
/home/guilherme/Documents/weather_datapipeline/airflow_weather/venv/lib/python3.10/site-packages/airflow/example_dags/example_external_task_marker_dag.py                                  2           0  0.10s           2023-05-19T21:00:20
/home/guilherme/Documents/weather_datapipeline/airflow_weather/venv/lib/python3.10/site-packages/airflow/example_dags/example_xcomargs.py                                                  2           0  0.10s           2023-05-19T21:00:02
/home/guilherme/Documents/weather_datapipeline/airflow_weather/venv/lib/python3.10/site-packages/airflow/example_dags/example_subdag_operator.py                                           3           0  0.10s           2023-05-19T20:59:59
================================================================================
[2023-05-19 18:00:54,561] {manager.py:809} INFO - 
================================================================================
DAG File Processing Stats

File Path                                                                                                                                                         PID    Runtime      # DAGs    # Errors  Last Runtime    Last Run
----------------------------------------------------------------------------------------------------------------------------------------------------------------  -----  ---------  --------  ----------  --------------  -------------------
/home/guilherme/Documents/weather_datapipeline/airflow_weather/venv/lib/python3.10/site-packages/airflow/example_dags/example_kubernetes_executor.py                                       0           0  0.10s           2023-05-19T21:00:50
/home/guilherme/Documents/weather_datapipeline/airflow_weather/venv/lib/python3.10/site-packages/airflow/example_dags/tutorial_taskflow_api_etl_virtualenv.py                              0           0  0.10s           2023-05-19T21:00:34
/home/guilherme/Documents/weather_datapipeline/airflow_weather/venv/lib/python3.10/site-packages/airflow/example_dags/example_local_kubernetes_executor.py                                 0           0  0.10s           2023-05-19T21:00:38
/home/guilherme/Documents/weather_datapipeline/airflow_weather/venv/lib/python3.10/site-packages/airflow/example_dags/plugins/workday.py                                                   0           0  0.10s           2023-05-19T21:00:47
/home/guilherme/Documents/weather_datapipeline/airflow_weather/venv/lib/python3.10/site-packages/airflow/example_dags/subdags/subdag.py                                                    0           0  0.10s           2023-05-19T21:00:48
/home/guilherme/Documents/weather_datapipeline/airflow_weather/venv/lib/python3.10/site-packages/airflow/example_dags/example_branch_operator_decorator.py                                 1           0  0.10s           2023-05-19T21:00:49
/home/guilherme/Documents/weather_datapipeline/airflow_weather/venv/lib/python3.10/site-packages/airflow/example_dags/example_trigger_controller_dag.py                                    1           0  0.10s           2023-05-19T21:00:27
/home/guilherme/Documents/weather_datapipeline/airflow_weather/venv/lib/python3.10/site-packages/airflow/example_dags/example_latest_only_with_trigger.py                                  1           0  0.10s           2023-05-19T21:00:51
/home/guilherme/Documents/weather_datapipeline/airflow_weather/venv/lib/python3.10/site-packages/airflow/example_dags/tutorial_taskflow_api_etl.py                                         1           0  0.10s           2023-05-19T21:00:28
/home/guilherme/Documents/weather_datapipeline/airflow_weather/venv/lib/python3.10/site-packages/airflow/example_dags/example_nested_branch_dag.py                                         1           0  0.10s           2023-05-19T21:00:30
/home/guilherme/Documents/weather_datapipeline/airflow_weather/venv/lib/python3.10/site-packages/airflow/example_dags/example_bash_operator.py                                             1           0  0.10s           2023-05-19T21:00:52
/home/guilherme/Documents/weather_datapipeline/airflow_weather/venv/lib/python3.10/site-packages/airflow/example_dags/example_sla_dag.py                                                   1           0  0.10s           2023-05-19T21:00:31
/home/guilherme/Documents/weather_datapipeline/airflow_weather/venv/lib/python3.10/site-packages/airflow/example_dags/example_task_group_decorator.py                                      1           0  0.10s           2023-05-19T21:00:34
/home/guilherme/Documents/weather_datapipeline/airflow_weather/venv/lib/python3.10/site-packages/airflow/example_dags/example_branch_labels.py                                             1           0  0.10s           2023-05-19T21:00:54
/home/guilherme/Documents/weather_datapipeline/airflow_weather/venv/lib/python3.10/site-packages/airflow/example_dags/example_latest_only.py                                               1           0  0.10s           2023-05-19T21:00:22
/home/guilherme/Documents/weather_datapipeline/airflow_weather/venv/lib/python3.10/site-packages/airflow/example_dags/tutorial_etl_dag.py                                                  1           0  0.10s           2023-05-19T21:00:36
/home/guilherme/Documents/weather_datapipeline/airflow_weather/venv/lib/python3.10/site-packages/airflow/example_dags/example_dag_decorator.py                                             1           0  0.10s           2023-05-19T21:00:23
/home/guilherme/Documents/weather_datapipeline/airflow_weather/venv/lib/python3.10/site-packages/airflow/example_dags/example_branch_python_dop_operator_3.py                              1           0  0.10s           2023-05-19T21:00:24
/home/guilherme/Documents/weather_datapipeline/airflow_weather/venv/lib/python3.10/site-packages/airflow/example_dags/example_branch_datetime_operator.py                                  1           0  0.10s           2023-05-19T21:00:24
/home/guilherme/Documents/weather_datapipeline/airflow_weather/venv/lib/python3.10/site-packages/airflow/example_dags/example_python_operator.py                                           1           0  0.10s           2023-05-19T21:00:39
/home/guilherme/Documents/weather_datapipeline/airflow_weather/venv/lib/python3.10/site-packages/airflow/example_dags/example_branch_day_of_week_operator.py                               1           0  0.10s           2023-05-19T21:00:25
/home/guilherme/Documents/weather_datapipeline/airflow_weather/venv/lib/python3.10/site-packages/airflow/example_dags/example_complex.py                                                   1           0  0.10s           2023-05-19T21:00:26
/home/guilherme/Documents/weather_datapipeline/airflow_weather/venv/lib/python3.10/site-packages/airflow/example_dags/example_short_circuit_operator.py                                    1           0  0.10s           2023-05-19T21:00:39
/home/guilherme/Documents/weather_datapipeline/airflow_weather/venv/lib/python3.10/site-packages/airflow/example_dags/example_xcom.py                                                      1           0  0.10s           2023-05-19T21:00:40
/home/guilherme/Documents/weather_datapipeline/airflow_weather/venv/lib/python3.10/site-packages/airflow/example_dags/example_branch_operator.py                                           1           0  0.10s           2023-05-19T21:00:30
/home/guilherme/Documents/weather_datapipeline/airflow_weather/venv/lib/python3.10/site-packages/airflow/example_dags/example_task_group.py                                                1           0  0.10s           2023-05-19T21:00:40
/home/guilherme/Documents/weather_datapipeline/airflow_weather/venv/lib/python3.10/site-packages/airflow/example_dags/tutorial.py                                                          1           0  0.11s           2023-05-19T21:00:42
/home/guilherme/Documents/weather_datapipeline/airflow_weather/venv/lib/python3.10/site-packages/airflow/example_dags/example_passing_params_via_test_command.py                           1           0  0.10s           2023-05-19T21:00:43
/home/guilherme/Documents/weather_datapipeline/airflow_weather/venv/lib/python3.10/site-packages/airflow/example_dags/example_skip_dag.py                                                  1           0  0.10s           2023-05-19T21:00:44
/home/guilherme/Documents/weather_datapipeline/airflow_weather/venv/lib/python3.10/site-packages/airflow/example_dags/example_time_delta_sensor_async.py                                   1           0  0.10s           2023-05-19T21:00:44
/home/guilherme/Documents/weather_datapipeline/airflow_weather/venv/lib/python3.10/site-packages/airflow/example_dags/example_trigger_target_dag.py                                        1           0  0.10s           2023-05-19T21:00:46
/home/guilherme/Documents/weather_datapipeline/airflow_weather/venv/lib/python3.10/site-packages/airflow/example_dags/example_external_task_marker_dag.py                                  2           0  0.10s           2023-05-19T21:00:53
/home/guilherme/Documents/weather_datapipeline/airflow_weather/venv/lib/python3.10/site-packages/airflow/example_dags/example_xcomargs.py                                                  2           0  0.10s           2023-05-19T21:00:35
/home/guilherme/Documents/weather_datapipeline/airflow_weather/venv/lib/python3.10/site-packages/airflow/example_dags/example_subdag_operator.py                                           3           0  0.10s           2023-05-19T21:00:32
================================================================================
[2023-05-19 18:01:24,815] {manager.py:809} INFO - 
================================================================================
DAG File Processing Stats

File Path                                                                                                                                                         PID    Runtime      # DAGs    # Errors  Last Runtime    Last Run
----------------------------------------------------------------------------------------------------------------------------------------------------------------  -----  ---------  --------  ----------  --------------  -------------------
/home/guilherme/Documents/weather_datapipeline/airflow_weather/venv/lib/python3.10/site-packages/airflow/example_dags/example_kubernetes_executor.py                                       0           0  0.10s           2023-05-19T21:01:21
/home/guilherme/Documents/weather_datapipeline/airflow_weather/venv/lib/python3.10/site-packages/airflow/example_dags/tutorial_taskflow_api_etl_virtualenv.py                              0           0  0.10s           2023-05-19T21:01:06
/home/guilherme/Documents/weather_datapipeline/airflow_weather/venv/lib/python3.10/site-packages/airflow/example_dags/example_local_kubernetes_executor.py                                 0           0  0.10s           2023-05-19T21:01:09
/home/guilherme/Documents/weather_datapipeline/airflow_weather/venv/lib/python3.10/site-packages/airflow/example_dags/plugins/workday.py                                                   0           0  0.10s           2023-05-19T21:01:19
/home/guilherme/Documents/weather_datapipeline/airflow_weather/venv/lib/python3.10/site-packages/airflow/example_dags/subdags/subdag.py                                                    0           0  0.10s           2023-05-19T21:01:20
/home/guilherme/Documents/weather_datapipeline/airflow_weather/venv/lib/python3.10/site-packages/airflow/example_dags/example_branch_operator_decorator.py                                 1           0  0.10s           2023-05-19T21:01:21
/home/guilherme/Documents/weather_datapipeline/airflow_weather/venv/lib/python3.10/site-packages/airflow/example_dags/example_trigger_controller_dag.py                                    1           0  0.10s           2023-05-19T21:00:58
/home/guilherme/Documents/weather_datapipeline/airflow_weather/venv/lib/python3.10/site-packages/airflow/example_dags/example_latest_only_with_trigger.py                                  1           0  0.10s           2023-05-19T21:01:23
/home/guilherme/Documents/weather_datapipeline/airflow_weather/venv/lib/python3.10/site-packages/airflow/example_dags/tutorial_taskflow_api_etl.py                                         1           0  0.10s           2023-05-19T21:01:01
/home/guilherme/Documents/weather_datapipeline/airflow_weather/venv/lib/python3.10/site-packages/airflow/example_dags/example_nested_branch_dag.py                                         1           0  0.10s           2023-05-19T21:01:02
/home/guilherme/Documents/weather_datapipeline/airflow_weather/venv/lib/python3.10/site-packages/airflow/example_dags/example_bash_operator.py                                             1           0  0.10s           2023-05-19T21:01:24
/home/guilherme/Documents/weather_datapipeline/airflow_weather/venv/lib/python3.10/site-packages/airflow/example_dags/example_sla_dag.py                                                   1           0  0.10s           2023-05-19T21:01:04
/home/guilherme/Documents/weather_datapipeline/airflow_weather/venv/lib/python3.10/site-packages/airflow/example_dags/example_task_group_decorator.py                                      1           0  0.10s           2023-05-19T21:01:06
/home/guilherme/Documents/weather_datapipeline/airflow_weather/venv/lib/python3.10/site-packages/airflow/example_dags/example_branch_labels.py                                             1           0  0.10s           2023-05-19T21:00:54
/home/guilherme/Documents/weather_datapipeline/airflow_weather/venv/lib/python3.10/site-packages/airflow/example_dags/example_latest_only.py                                               1           0  0.10s           2023-05-19T21:00:55
/home/guilherme/Documents/weather_datapipeline/airflow_weather/venv/lib/python3.10/site-packages/airflow/example_dags/tutorial_etl_dag.py                                                  1           0  0.10s           2023-05-19T21:01:08
/home/guilherme/Documents/weather_datapipeline/airflow_weather/venv/lib/python3.10/site-packages/airflow/example_dags/example_dag_decorator.py                                             1           0  0.10s           2023-05-19T21:00:56
/home/guilherme/Documents/weather_datapipeline/airflow_weather/venv/lib/python3.10/site-packages/airflow/example_dags/example_branch_python_dop_operator_3.py                              1           0  0.10s           2023-05-19T21:00:56
/home/guilherme/Documents/weather_datapipeline/airflow_weather/venv/lib/python3.10/site-packages/airflow/example_dags/example_branch_datetime_operator.py                                  1           0  0.10s           2023-05-19T21:00:57
/home/guilherme/Documents/weather_datapipeline/airflow_weather/venv/lib/python3.10/site-packages/airflow/example_dags/example_python_operator.py                                           1           0  0.10s           2023-05-19T21:01:10
/home/guilherme/Documents/weather_datapipeline/airflow_weather/venv/lib/python3.10/site-packages/airflow/example_dags/example_branch_day_of_week_operator.py                               1           0  0.10s           2023-05-19T21:00:59
/home/guilherme/Documents/weather_datapipeline/airflow_weather/venv/lib/python3.10/site-packages/airflow/example_dags/example_complex.py                                                   1           0  0.10s           2023-05-19T21:01:00
/home/guilherme/Documents/weather_datapipeline/airflow_weather/venv/lib/python3.10/site-packages/airflow/example_dags/example_short_circuit_operator.py                                    1           0  0.10s           2023-05-19T21:01:11
/home/guilherme/Documents/weather_datapipeline/airflow_weather/venv/lib/python3.10/site-packages/airflow/example_dags/example_xcom.py                                                      1           0  0.10s           2023-05-19T21:01:12
/home/guilherme/Documents/weather_datapipeline/airflow_weather/venv/lib/python3.10/site-packages/airflow/example_dags/example_branch_operator.py                                           1           0  0.10s           2023-05-19T21:01:03
/home/guilherme/Documents/weather_datapipeline/airflow_weather/venv/lib/python3.10/site-packages/airflow/example_dags/example_task_group.py                                                1           0  0.10s           2023-05-19T21:01:13
/home/guilherme/Documents/weather_datapipeline/airflow_weather/venv/lib/python3.10/site-packages/airflow/example_dags/tutorial.py                                                          1           0  0.10s           2023-05-19T21:01:15
/home/guilherme/Documents/weather_datapipeline/airflow_weather/venv/lib/python3.10/site-packages/airflow/example_dags/example_passing_params_via_test_command.py                           1           0  0.10s           2023-05-19T21:01:15
/home/guilherme/Documents/weather_datapipeline/airflow_weather/venv/lib/python3.10/site-packages/airflow/example_dags/example_skip_dag.py                                                  1           0  0.10s           2023-05-19T21:01:16
/home/guilherme/Documents/weather_datapipeline/airflow_weather/venv/lib/python3.10/site-packages/airflow/example_dags/example_time_delta_sensor_async.py                                   1           0  0.10s           2023-05-19T21:01:16
/home/guilherme/Documents/weather_datapipeline/airflow_weather/venv/lib/python3.10/site-packages/airflow/example_dags/example_trigger_target_dag.py                                        1           0  0.10s           2023-05-19T21:01:17
/home/guilherme/Documents/weather_datapipeline/airflow_weather/venv/lib/python3.10/site-packages/airflow/example_dags/example_external_task_marker_dag.py                                  2           0  0.10s           2023-05-19T21:01:24
/home/guilherme/Documents/weather_datapipeline/airflow_weather/venv/lib/python3.10/site-packages/airflow/example_dags/example_xcomargs.py                                                  2           0  0.10s           2023-05-19T21:01:07
/home/guilherme/Documents/weather_datapipeline/airflow_weather/venv/lib/python3.10/site-packages/airflow/example_dags/example_subdag_operator.py                                           3           0  0.10s           2023-05-19T21:01:05
================================================================================
[2023-05-19 18:01:54,996] {manager.py:809} INFO - 
================================================================================
DAG File Processing Stats

File Path                                                                                                                                                         PID    Runtime      # DAGs    # Errors  Last Runtime    Last Run
----------------------------------------------------------------------------------------------------------------------------------------------------------------  -----  ---------  --------  ----------  --------------  -------------------
/home/guilherme/Documents/weather_datapipeline/airflow_weather/venv/lib/python3.10/site-packages/airflow/example_dags/example_kubernetes_executor.py                                       0           0  0.10s           2023-05-19T21:01:54
/home/guilherme/Documents/weather_datapipeline/airflow_weather/venv/lib/python3.10/site-packages/airflow/example_dags/tutorial_taskflow_api_etl_virtualenv.py                              0           0  0.10s           2023-05-19T21:01:38
/home/guilherme/Documents/weather_datapipeline/airflow_weather/venv/lib/python3.10/site-packages/airflow/example_dags/example_local_kubernetes_executor.py                                 0           0  0.10s           2023-05-19T21:01:42
/home/guilherme/Documents/weather_datapipeline/airflow_weather/venv/lib/python3.10/site-packages/airflow/example_dags/plugins/workday.py                                                   0           0  0.10s           2023-05-19T21:01:52
/home/guilherme/Documents/weather_datapipeline/airflow_weather/venv/lib/python3.10/site-packages/airflow/example_dags/subdags/subdag.py                                                    0           0  0.10s           2023-05-19T21:01:52
/home/guilherme/Documents/weather_datapipeline/airflow_weather/venv/lib/python3.10/site-packages/airflow/example_dags/example_branch_operator_decorator.py                                 1           0  0.10s           2023-05-19T21:01:53
/home/guilherme/Documents/weather_datapipeline/airflow_weather/venv/lib/python3.10/site-packages/airflow/example_dags/example_trigger_controller_dag.py                                    1           0  0.10s           2023-05-19T21:01:29
/home/guilherme/Documents/weather_datapipeline/airflow_weather/venv/lib/python3.10/site-packages/airflow/example_dags/example_latest_only_with_trigger.py                                  1           0  0.10s           2023-05-19T21:01:23
/home/guilherme/Documents/weather_datapipeline/airflow_weather/venv/lib/python3.10/site-packages/airflow/example_dags/tutorial_taskflow_api_etl.py                                         1           0  0.10s           2023-05-19T21:01:31
/home/guilherme/Documents/weather_datapipeline/airflow_weather/venv/lib/python3.10/site-packages/airflow/example_dags/example_nested_branch_dag.py                                         1           0  0.10s           2023-05-19T21:01:34
/home/guilherme/Documents/weather_datapipeline/airflow_weather/venv/lib/python3.10/site-packages/airflow/example_dags/example_bash_operator.py                                             1           0  0.10s           2023-05-19T21:01:24
/home/guilherme/Documents/weather_datapipeline/airflow_weather/venv/lib/python3.10/site-packages/airflow/example_dags/example_sla_dag.py                                                   1           0  0.10s           2023-05-19T21:01:36
/home/guilherme/Documents/weather_datapipeline/airflow_weather/venv/lib/python3.10/site-packages/airflow/example_dags/example_task_group_decorator.py                                      1           0  0.10s           2023-05-19T21:01:39
/home/guilherme/Documents/weather_datapipeline/airflow_weather/venv/lib/python3.10/site-packages/airflow/example_dags/example_branch_labels.py                                             1           0  0.10s           2023-05-19T21:01:25
/home/guilherme/Documents/weather_datapipeline/airflow_weather/venv/lib/python3.10/site-packages/airflow/example_dags/example_latest_only.py                                               1           0  0.10s           2023-05-19T21:01:26
/home/guilherme/Documents/weather_datapipeline/airflow_weather/venv/lib/python3.10/site-packages/airflow/example_dags/tutorial_etl_dag.py                                                  1           0  0.10s           2023-05-19T21:01:41
/home/guilherme/Documents/weather_datapipeline/airflow_weather/venv/lib/python3.10/site-packages/airflow/example_dags/example_dag_decorator.py                                             1           0  0.10s           2023-05-19T21:01:27
/home/guilherme/Documents/weather_datapipeline/airflow_weather/venv/lib/python3.10/site-packages/airflow/example_dags/example_branch_python_dop_operator_3.py                              1           0  0.10s           2023-05-19T21:01:28
/home/guilherme/Documents/weather_datapipeline/airflow_weather/venv/lib/python3.10/site-packages/airflow/example_dags/example_branch_datetime_operator.py                                  1           0  0.10s           2023-05-19T21:01:30
/home/guilherme/Documents/weather_datapipeline/airflow_weather/venv/lib/python3.10/site-packages/airflow/example_dags/example_python_operator.py                                           1           0  0.10s           2023-05-19T21:01:42
/home/guilherme/Documents/weather_datapipeline/airflow_weather/venv/lib/python3.10/site-packages/airflow/example_dags/example_branch_day_of_week_operator.py                               1           0  0.10s           2023-05-19T21:01:32
/home/guilherme/Documents/weather_datapipeline/airflow_weather/venv/lib/python3.10/site-packages/airflow/example_dags/example_complex.py                                                   1           0  0.10s           2023-05-19T21:01:33
/home/guilherme/Documents/weather_datapipeline/airflow_weather/venv/lib/python3.10/site-packages/airflow/example_dags/example_short_circuit_operator.py                                    1           0  0.10s           2023-05-19T21:01:43
/home/guilherme/Documents/weather_datapipeline/airflow_weather/venv/lib/python3.10/site-packages/airflow/example_dags/example_xcom.py                                                      1           0  0.11s           2023-05-19T21:01:44
/home/guilherme/Documents/weather_datapipeline/airflow_weather/venv/lib/python3.10/site-packages/airflow/example_dags/example_branch_operator.py                                           1           0  0.10s           2023-05-19T21:01:35
/home/guilherme/Documents/weather_datapipeline/airflow_weather/venv/lib/python3.10/site-packages/airflow/example_dags/example_task_group.py                                                1           0  0.10s           2023-05-19T21:01:45
/home/guilherme/Documents/weather_datapipeline/airflow_weather/venv/lib/python3.10/site-packages/airflow/example_dags/tutorial.py                                                          1           0  0.10s           2023-05-19T21:01:46
/home/guilherme/Documents/weather_datapipeline/airflow_weather/venv/lib/python3.10/site-packages/airflow/example_dags/example_passing_params_via_test_command.py                           1           0  0.10s           2023-05-19T21:01:47
/home/guilherme/Documents/weather_datapipeline/airflow_weather/venv/lib/python3.10/site-packages/airflow/example_dags/example_skip_dag.py                                                  1           0  0.10s           2023-05-19T21:01:48
/home/guilherme/Documents/weather_datapipeline/airflow_weather/venv/lib/python3.10/site-packages/airflow/example_dags/example_time_delta_sensor_async.py                                   1           0  0.10s           2023-05-19T21:01:49
/home/guilherme/Documents/weather_datapipeline/airflow_weather/venv/lib/python3.10/site-packages/airflow/example_dags/example_trigger_target_dag.py                                        1           0  0.10s           2023-05-19T21:01:50
/home/guilherme/Documents/weather_datapipeline/airflow_weather/venv/lib/python3.10/site-packages/airflow/example_dags/example_external_task_marker_dag.py                                  2           0  0.10s           2023-05-19T21:01:24
/home/guilherme/Documents/weather_datapipeline/airflow_weather/venv/lib/python3.10/site-packages/airflow/example_dags/example_xcomargs.py                                                  2           0  0.10s           2023-05-19T21:01:39
/home/guilherme/Documents/weather_datapipeline/airflow_weather/venv/lib/python3.10/site-packages/airflow/example_dags/example_subdag_operator.py                                           3           0  0.10s           2023-05-19T21:01:37
================================================================================
