[2023-05-19 17:59:39,282] {processor.py:153} INFO - Started process (PID=11075) to work on /home/guilherme/Documents/weather_datapipeline/airflow_weather/venv/lib/python3.10/site-packages/airflow/example_dags/example_time_delta_sensor_async.py
[2023-05-19 17:59:39,282] {processor.py:641} INFO - Processing file /home/guilherme/Documents/weather_datapipeline/airflow_weather/venv/lib/python3.10/site-packages/airflow/example_dags/example_time_delta_sensor_async.py for tasks to queue
[2023-05-19 17:59:39,282] {logging_mixin.py:115} INFO - [2023-05-19 17:59:39,282] {dagbag.py:507} INFO - Filling up the DagBag from /home/guilherme/Documents/weather_datapipeline/airflow_weather/venv/lib/python3.10/site-packages/airflow/example_dags/example_time_delta_sensor_async.py
[2023-05-19 17:59:39,285] {processor.py:651} INFO - DAG(s) dict_keys(['example_time_delta_sensor_async']) retrieved from /home/guilherme/Documents/weather_datapipeline/airflow_weather/venv/lib/python3.10/site-packages/airflow/example_dags/example_time_delta_sensor_async.py
[2023-05-19 17:59:39,321] {logging_mixin.py:115} INFO - [2023-05-19 17:59:39,321] {manager.py:508} INFO - Created Permission View: can edit on DAG:example_time_delta_sensor_async
[2023-05-19 17:59:39,325] {logging_mixin.py:115} INFO - [2023-05-19 17:59:39,325] {manager.py:508} INFO - Created Permission View: can delete on DAG:example_time_delta_sensor_async
[2023-05-19 17:59:39,329] {logging_mixin.py:115} INFO - [2023-05-19 17:59:39,329] {manager.py:508} INFO - Created Permission View: can read on DAG:example_time_delta_sensor_async
[2023-05-19 17:59:39,329] {logging_mixin.py:115} INFO - [2023-05-19 17:59:39,329] {dag.py:2379} INFO - Sync 1 DAGs
[2023-05-19 17:59:39,333] {logging_mixin.py:115} INFO - [2023-05-19 17:59:39,333] {dag.py:2398} INFO - Creating ORM DAG for example_time_delta_sensor_async
[2023-05-19 17:59:39,337] {logging_mixin.py:115} INFO - [2023-05-19 17:59:39,337] {dag.py:2927} INFO - Setting next_dagrun for example_time_delta_sensor_async to None, run_after=None
[2023-05-19 17:59:39,344] {processor.py:161} INFO - Processing /home/guilherme/Documents/weather_datapipeline/airflow_weather/venv/lib/python3.10/site-packages/airflow/example_dags/example_time_delta_sensor_async.py took 0.065 seconds
[2023-05-19 18:00:12,326] {processor.py:153} INFO - Started process (PID=11150) to work on /home/guilherme/Documents/weather_datapipeline/airflow_weather/venv/lib/python3.10/site-packages/airflow/example_dags/example_time_delta_sensor_async.py
[2023-05-19 18:00:12,326] {processor.py:641} INFO - Processing file /home/guilherme/Documents/weather_datapipeline/airflow_weather/venv/lib/python3.10/site-packages/airflow/example_dags/example_time_delta_sensor_async.py for tasks to queue
[2023-05-19 18:00:12,327] {logging_mixin.py:115} INFO - [2023-05-19 18:00:12,326] {dagbag.py:507} INFO - Filling up the DagBag from /home/guilherme/Documents/weather_datapipeline/airflow_weather/venv/lib/python3.10/site-packages/airflow/example_dags/example_time_delta_sensor_async.py
[2023-05-19 18:00:12,330] {processor.py:651} INFO - DAG(s) dict_keys(['example_time_delta_sensor_async']) retrieved from /home/guilherme/Documents/weather_datapipeline/airflow_weather/venv/lib/python3.10/site-packages/airflow/example_dags/example_time_delta_sensor_async.py
[2023-05-19 18:00:12,340] {logging_mixin.py:115} INFO - [2023-05-19 18:00:12,340] {dag.py:2379} INFO - Sync 1 DAGs
[2023-05-19 18:00:12,350] {logging_mixin.py:115} INFO - [2023-05-19 18:00:12,349] {dag.py:2927} INFO - Setting next_dagrun for example_time_delta_sensor_async to None, run_after=None
[2023-05-19 18:00:12,355] {processor.py:161} INFO - Processing /home/guilherme/Documents/weather_datapipeline/airflow_weather/venv/lib/python3.10/site-packages/airflow/example_dags/example_time_delta_sensor_async.py took 0.031 seconds
[2023-05-19 18:00:44,816] {processor.py:153} INFO - Started process (PID=11223) to work on /home/guilherme/Documents/weather_datapipeline/airflow_weather/venv/lib/python3.10/site-packages/airflow/example_dags/example_time_delta_sensor_async.py
[2023-05-19 18:00:44,817] {processor.py:641} INFO - Processing file /home/guilherme/Documents/weather_datapipeline/airflow_weather/venv/lib/python3.10/site-packages/airflow/example_dags/example_time_delta_sensor_async.py for tasks to queue
[2023-05-19 18:00:44,817] {logging_mixin.py:115} INFO - [2023-05-19 18:00:44,817] {dagbag.py:507} INFO - Filling up the DagBag from /home/guilherme/Documents/weather_datapipeline/airflow_weather/venv/lib/python3.10/site-packages/airflow/example_dags/example_time_delta_sensor_async.py
[2023-05-19 18:00:44,820] {processor.py:651} INFO - DAG(s) dict_keys(['example_time_delta_sensor_async']) retrieved from /home/guilherme/Documents/weather_datapipeline/airflow_weather/venv/lib/python3.10/site-packages/airflow/example_dags/example_time_delta_sensor_async.py
[2023-05-19 18:00:44,830] {logging_mixin.py:115} INFO - [2023-05-19 18:00:44,830] {dag.py:2379} INFO - Sync 1 DAGs
[2023-05-19 18:00:44,840] {logging_mixin.py:115} INFO - [2023-05-19 18:00:44,840] {dag.py:2927} INFO - Setting next_dagrun for example_time_delta_sensor_async to None, run_after=None
[2023-05-19 18:00:44,845] {processor.py:161} INFO - Processing /home/guilherme/Documents/weather_datapipeline/airflow_weather/venv/lib/python3.10/site-packages/airflow/example_dags/example_time_delta_sensor_async.py took 0.031 seconds
[2023-05-19 18:01:16,729] {processor.py:153} INFO - Started process (PID=11288) to work on /home/guilherme/Documents/weather_datapipeline/airflow_weather/venv/lib/python3.10/site-packages/airflow/example_dags/example_time_delta_sensor_async.py
[2023-05-19 18:01:16,730] {processor.py:641} INFO - Processing file /home/guilherme/Documents/weather_datapipeline/airflow_weather/venv/lib/python3.10/site-packages/airflow/example_dags/example_time_delta_sensor_async.py for tasks to queue
[2023-05-19 18:01:16,730] {logging_mixin.py:115} INFO - [2023-05-19 18:01:16,730] {dagbag.py:507} INFO - Filling up the DagBag from /home/guilherme/Documents/weather_datapipeline/airflow_weather/venv/lib/python3.10/site-packages/airflow/example_dags/example_time_delta_sensor_async.py
[2023-05-19 18:01:16,734] {processor.py:651} INFO - DAG(s) dict_keys(['example_time_delta_sensor_async']) retrieved from /home/guilherme/Documents/weather_datapipeline/airflow_weather/venv/lib/python3.10/site-packages/airflow/example_dags/example_time_delta_sensor_async.py
[2023-05-19 18:01:16,749] {logging_mixin.py:115} INFO - [2023-05-19 18:01:16,749] {dag.py:2379} INFO - Sync 1 DAGs
[2023-05-19 18:01:16,760] {logging_mixin.py:115} INFO - [2023-05-19 18:01:16,760] {dag.py:2927} INFO - Setting next_dagrun for example_time_delta_sensor_async to None, run_after=None
[2023-05-19 18:01:16,767] {processor.py:161} INFO - Processing /home/guilherme/Documents/weather_datapipeline/airflow_weather/venv/lib/python3.10/site-packages/airflow/example_dags/example_time_delta_sensor_async.py took 0.040 seconds
[2023-05-19 18:01:49,767] {processor.py:153} INFO - Started process (PID=11502) to work on /home/guilherme/Documents/weather_datapipeline/airflow_weather/venv/lib/python3.10/site-packages/airflow/example_dags/example_time_delta_sensor_async.py
[2023-05-19 18:01:49,768] {processor.py:641} INFO - Processing file /home/guilherme/Documents/weather_datapipeline/airflow_weather/venv/lib/python3.10/site-packages/airflow/example_dags/example_time_delta_sensor_async.py for tasks to queue
[2023-05-19 18:01:49,768] {logging_mixin.py:115} INFO - [2023-05-19 18:01:49,768] {dagbag.py:507} INFO - Filling up the DagBag from /home/guilherme/Documents/weather_datapipeline/airflow_weather/venv/lib/python3.10/site-packages/airflow/example_dags/example_time_delta_sensor_async.py
[2023-05-19 18:01:49,771] {processor.py:651} INFO - DAG(s) dict_keys(['example_time_delta_sensor_async']) retrieved from /home/guilherme/Documents/weather_datapipeline/airflow_weather/venv/lib/python3.10/site-packages/airflow/example_dags/example_time_delta_sensor_async.py
[2023-05-19 18:01:49,786] {logging_mixin.py:115} INFO - [2023-05-19 18:01:49,786] {dag.py:2379} INFO - Sync 1 DAGs
[2023-05-19 18:01:49,797] {logging_mixin.py:115} INFO - [2023-05-19 18:01:49,797] {dag.py:2927} INFO - Setting next_dagrun for example_time_delta_sensor_async to None, run_after=None
[2023-05-19 18:01:49,803] {processor.py:161} INFO - Processing /home/guilherme/Documents/weather_datapipeline/airflow_weather/venv/lib/python3.10/site-packages/airflow/example_dags/example_time_delta_sensor_async.py took 0.038 seconds
