[2023-05-19 17:59:52,926] {processor.py:153} INFO - Started process (PID=11089) to work on /home/guilherme/Documents/weather_datapipeline/airflow_weather/venv/lib/python3.10/site-packages/airflow/example_dags/example_branch_day_of_week_operator.py
[2023-05-19 17:59:52,926] {processor.py:641} INFO - Processing file /home/guilherme/Documents/weather_datapipeline/airflow_weather/venv/lib/python3.10/site-packages/airflow/example_dags/example_branch_day_of_week_operator.py for tasks to queue
[2023-05-19 17:59:52,927] {logging_mixin.py:115} INFO - [2023-05-19 17:59:52,927] {dagbag.py:507} INFO - Filling up the DagBag from /home/guilherme/Documents/weather_datapipeline/airflow_weather/venv/lib/python3.10/site-packages/airflow/example_dags/example_branch_day_of_week_operator.py
[2023-05-19 17:59:52,931] {processor.py:651} INFO - DAG(s) dict_keys(['example_weekday_branch_operator']) retrieved from /home/guilherme/Documents/weather_datapipeline/airflow_weather/venv/lib/python3.10/site-packages/airflow/example_dags/example_branch_day_of_week_operator.py
[2023-05-19 17:59:52,962] {logging_mixin.py:115} INFO - [2023-05-19 17:59:52,962] {manager.py:508} INFO - Created Permission View: can edit on DAG:example_weekday_branch_operator
[2023-05-19 17:59:52,967] {logging_mixin.py:115} INFO - [2023-05-19 17:59:52,967] {manager.py:508} INFO - Created Permission View: can delete on DAG:example_weekday_branch_operator
[2023-05-19 17:59:52,970] {logging_mixin.py:115} INFO - [2023-05-19 17:59:52,970] {manager.py:508} INFO - Created Permission View: can read on DAG:example_weekday_branch_operator
[2023-05-19 17:59:52,971] {logging_mixin.py:115} INFO - [2023-05-19 17:59:52,971] {dag.py:2379} INFO - Sync 1 DAGs
[2023-05-19 17:59:52,975] {logging_mixin.py:115} INFO - [2023-05-19 17:59:52,975] {dag.py:2398} INFO - Creating ORM DAG for example_weekday_branch_operator
[2023-05-19 17:59:52,981] {logging_mixin.py:115} INFO - [2023-05-19 17:59:52,981] {dag.py:2927} INFO - Setting next_dagrun for example_weekday_branch_operator to 2023-05-18T00:00:00+00:00, run_after=2023-05-19T00:00:00+00:00
[2023-05-19 17:59:52,988] {processor.py:161} INFO - Processing /home/guilherme/Documents/weather_datapipeline/airflow_weather/venv/lib/python3.10/site-packages/airflow/example_dags/example_branch_day_of_week_operator.py took 0.064 seconds
[2023-05-19 18:00:25,460] {processor.py:153} INFO - Started process (PID=11171) to work on /home/guilherme/Documents/weather_datapipeline/airflow_weather/venv/lib/python3.10/site-packages/airflow/example_dags/example_branch_day_of_week_operator.py
[2023-05-19 18:00:25,461] {processor.py:641} INFO - Processing file /home/guilherme/Documents/weather_datapipeline/airflow_weather/venv/lib/python3.10/site-packages/airflow/example_dags/example_branch_day_of_week_operator.py for tasks to queue
[2023-05-19 18:00:25,461] {logging_mixin.py:115} INFO - [2023-05-19 18:00:25,461] {dagbag.py:507} INFO - Filling up the DagBag from /home/guilherme/Documents/weather_datapipeline/airflow_weather/venv/lib/python3.10/site-packages/airflow/example_dags/example_branch_day_of_week_operator.py
[2023-05-19 18:00:25,465] {processor.py:651} INFO - DAG(s) dict_keys(['example_weekday_branch_operator']) retrieved from /home/guilherme/Documents/weather_datapipeline/airflow_weather/venv/lib/python3.10/site-packages/airflow/example_dags/example_branch_day_of_week_operator.py
[2023-05-19 18:00:25,481] {logging_mixin.py:115} INFO - [2023-05-19 18:00:25,481] {dag.py:2379} INFO - Sync 1 DAGs
[2023-05-19 18:00:25,493] {logging_mixin.py:115} INFO - [2023-05-19 18:00:25,493] {dag.py:2927} INFO - Setting next_dagrun for example_weekday_branch_operator to 2023-05-18T00:00:00+00:00, run_after=2023-05-19T00:00:00+00:00
[2023-05-19 18:00:25,500] {processor.py:161} INFO - Processing /home/guilherme/Documents/weather_datapipeline/airflow_weather/venv/lib/python3.10/site-packages/airflow/example_dags/example_branch_day_of_week_operator.py took 0.042 seconds
[2023-05-19 18:00:59,588] {processor.py:153} INFO - Started process (PID=11267) to work on /home/guilherme/Documents/weather_datapipeline/airflow_weather/venv/lib/python3.10/site-packages/airflow/example_dags/example_branch_day_of_week_operator.py
[2023-05-19 18:00:59,588] {processor.py:641} INFO - Processing file /home/guilherme/Documents/weather_datapipeline/airflow_weather/venv/lib/python3.10/site-packages/airflow/example_dags/example_branch_day_of_week_operator.py for tasks to queue
[2023-05-19 18:00:59,589] {logging_mixin.py:115} INFO - [2023-05-19 18:00:59,589] {dagbag.py:507} INFO - Filling up the DagBag from /home/guilherme/Documents/weather_datapipeline/airflow_weather/venv/lib/python3.10/site-packages/airflow/example_dags/example_branch_day_of_week_operator.py
[2023-05-19 18:00:59,593] {processor.py:651} INFO - DAG(s) dict_keys(['example_weekday_branch_operator']) retrieved from /home/guilherme/Documents/weather_datapipeline/airflow_weather/venv/lib/python3.10/site-packages/airflow/example_dags/example_branch_day_of_week_operator.py
[2023-05-19 18:00:59,602] {logging_mixin.py:115} INFO - [2023-05-19 18:00:59,602] {dag.py:2379} INFO - Sync 1 DAGs
[2023-05-19 18:00:59,613] {logging_mixin.py:115} INFO - [2023-05-19 18:00:59,613] {dag.py:2927} INFO - Setting next_dagrun for example_weekday_branch_operator to 2023-05-18T00:00:00+00:00, run_after=2023-05-19T00:00:00+00:00
[2023-05-19 18:00:59,619] {processor.py:161} INFO - Processing /home/guilherme/Documents/weather_datapipeline/airflow_weather/venv/lib/python3.10/site-packages/airflow/example_dags/example_branch_day_of_week_operator.py took 0.033 seconds
[2023-05-19 18:01:32,116] {processor.py:153} INFO - Started process (PID=11315) to work on /home/guilherme/Documents/weather_datapipeline/airflow_weather/venv/lib/python3.10/site-packages/airflow/example_dags/example_branch_day_of_week_operator.py
[2023-05-19 18:01:32,116] {processor.py:641} INFO - Processing file /home/guilherme/Documents/weather_datapipeline/airflow_weather/venv/lib/python3.10/site-packages/airflow/example_dags/example_branch_day_of_week_operator.py for tasks to queue
[2023-05-19 18:01:32,116] {logging_mixin.py:115} INFO - [2023-05-19 18:01:32,116] {dagbag.py:507} INFO - Filling up the DagBag from /home/guilherme/Documents/weather_datapipeline/airflow_weather/venv/lib/python3.10/site-packages/airflow/example_dags/example_branch_day_of_week_operator.py
[2023-05-19 18:01:32,121] {processor.py:651} INFO - DAG(s) dict_keys(['example_weekday_branch_operator']) retrieved from /home/guilherme/Documents/weather_datapipeline/airflow_weather/venv/lib/python3.10/site-packages/airflow/example_dags/example_branch_day_of_week_operator.py
[2023-05-19 18:01:32,130] {logging_mixin.py:115} INFO - [2023-05-19 18:01:32,130] {dag.py:2379} INFO - Sync 1 DAGs
[2023-05-19 18:01:32,156] {logging_mixin.py:115} INFO - [2023-05-19 18:01:32,156] {dag.py:2927} INFO - Setting next_dagrun for example_weekday_branch_operator to 2023-05-18T00:00:00+00:00, run_after=2023-05-19T00:00:00+00:00
[2023-05-19 18:01:32,170] {processor.py:161} INFO - Processing /home/guilherme/Documents/weather_datapipeline/airflow_weather/venv/lib/python3.10/site-packages/airflow/example_dags/example_branch_day_of_week_operator.py took 0.056 seconds
[2023-05-19 18:02:05,825] {processor.py:153} INFO - Started process (PID=11629) to work on /home/guilherme/Documents/weather_datapipeline/airflow_weather/venv/lib/python3.10/site-packages/airflow/example_dags/example_branch_day_of_week_operator.py
[2023-05-19 18:02:05,826] {processor.py:641} INFO - Processing file /home/guilherme/Documents/weather_datapipeline/airflow_weather/venv/lib/python3.10/site-packages/airflow/example_dags/example_branch_day_of_week_operator.py for tasks to queue
[2023-05-19 18:02:05,826] {logging_mixin.py:115} INFO - [2023-05-19 18:02:05,826] {dagbag.py:507} INFO - Filling up the DagBag from /home/guilherme/Documents/weather_datapipeline/airflow_weather/venv/lib/python3.10/site-packages/airflow/example_dags/example_branch_day_of_week_operator.py
[2023-05-19 18:02:05,831] {processor.py:651} INFO - DAG(s) dict_keys(['example_weekday_branch_operator']) retrieved from /home/guilherme/Documents/weather_datapipeline/airflow_weather/venv/lib/python3.10/site-packages/airflow/example_dags/example_branch_day_of_week_operator.py
[2023-05-19 18:02:05,840] {logging_mixin.py:115} INFO - [2023-05-19 18:02:05,840] {dag.py:2379} INFO - Sync 1 DAGs
[2023-05-19 18:02:05,850] {logging_mixin.py:115} INFO - [2023-05-19 18:02:05,850] {dag.py:2927} INFO - Setting next_dagrun for example_weekday_branch_operator to 2023-05-18T00:00:00+00:00, run_after=2023-05-19T00:00:00+00:00
[2023-05-19 18:02:05,857] {processor.py:161} INFO - Processing /home/guilherme/Documents/weather_datapipeline/airflow_weather/venv/lib/python3.10/site-packages/airflow/example_dags/example_branch_day_of_week_operator.py took 0.033 seconds
[2023-05-19 18:02:39,853] {processor.py:153} INFO - Started process (PID=12030) to work on /home/guilherme/Documents/weather_datapipeline/airflow_weather/venv/lib/python3.10/site-packages/airflow/example_dags/example_branch_day_of_week_operator.py
[2023-05-19 18:02:39,854] {processor.py:641} INFO - Processing file /home/guilherme/Documents/weather_datapipeline/airflow_weather/venv/lib/python3.10/site-packages/airflow/example_dags/example_branch_day_of_week_operator.py for tasks to queue
[2023-05-19 18:02:39,854] {logging_mixin.py:115} INFO - [2023-05-19 18:02:39,854] {dagbag.py:507} INFO - Filling up the DagBag from /home/guilherme/Documents/weather_datapipeline/airflow_weather/venv/lib/python3.10/site-packages/airflow/example_dags/example_branch_day_of_week_operator.py
[2023-05-19 18:02:39,859] {processor.py:651} INFO - DAG(s) dict_keys(['example_weekday_branch_operator']) retrieved from /home/guilherme/Documents/weather_datapipeline/airflow_weather/venv/lib/python3.10/site-packages/airflow/example_dags/example_branch_day_of_week_operator.py
[2023-05-19 18:02:39,867] {logging_mixin.py:115} INFO - [2023-05-19 18:02:39,867] {dag.py:2379} INFO - Sync 1 DAGs
[2023-05-19 18:02:39,878] {logging_mixin.py:115} INFO - [2023-05-19 18:02:39,878] {dag.py:2927} INFO - Setting next_dagrun for example_weekday_branch_operator to 2023-05-18T00:00:00+00:00, run_after=2023-05-19T00:00:00+00:00
[2023-05-19 18:02:39,886] {processor.py:161} INFO - Processing /home/guilherme/Documents/weather_datapipeline/airflow_weather/venv/lib/python3.10/site-packages/airflow/example_dags/example_branch_day_of_week_operator.py took 0.035 seconds
[2023-05-19 18:03:12,779] {processor.py:153} INFO - Started process (PID=12208) to work on /home/guilherme/Documents/weather_datapipeline/airflow_weather/venv/lib/python3.10/site-packages/airflow/example_dags/example_branch_day_of_week_operator.py
[2023-05-19 18:03:12,780] {processor.py:641} INFO - Processing file /home/guilherme/Documents/weather_datapipeline/airflow_weather/venv/lib/python3.10/site-packages/airflow/example_dags/example_branch_day_of_week_operator.py for tasks to queue
[2023-05-19 18:03:12,780] {logging_mixin.py:115} INFO - [2023-05-19 18:03:12,780] {dagbag.py:507} INFO - Filling up the DagBag from /home/guilherme/Documents/weather_datapipeline/airflow_weather/venv/lib/python3.10/site-packages/airflow/example_dags/example_branch_day_of_week_operator.py
[2023-05-19 18:03:12,784] {processor.py:651} INFO - DAG(s) dict_keys(['example_weekday_branch_operator']) retrieved from /home/guilherme/Documents/weather_datapipeline/airflow_weather/venv/lib/python3.10/site-packages/airflow/example_dags/example_branch_day_of_week_operator.py
[2023-05-19 18:03:12,793] {logging_mixin.py:115} INFO - [2023-05-19 18:03:12,793] {dag.py:2379} INFO - Sync 1 DAGs
[2023-05-19 18:03:12,804] {logging_mixin.py:115} INFO - [2023-05-19 18:03:12,804] {dag.py:2927} INFO - Setting next_dagrun for example_weekday_branch_operator to 2023-05-18T00:00:00+00:00, run_after=2023-05-19T00:00:00+00:00
[2023-05-19 18:03:12,811] {processor.py:161} INFO - Processing /home/guilherme/Documents/weather_datapipeline/airflow_weather/venv/lib/python3.10/site-packages/airflow/example_dags/example_branch_day_of_week_operator.py took 0.033 seconds
[2023-05-19 18:03:49,292] {processor.py:153} INFO - Started process (PID=12398) to work on /home/guilherme/Documents/weather_datapipeline/airflow_weather/venv/lib/python3.10/site-packages/airflow/example_dags/example_branch_day_of_week_operator.py
[2023-05-19 18:03:49,293] {processor.py:641} INFO - Processing file /home/guilherme/Documents/weather_datapipeline/airflow_weather/venv/lib/python3.10/site-packages/airflow/example_dags/example_branch_day_of_week_operator.py for tasks to queue
[2023-05-19 18:03:49,293] {logging_mixin.py:115} INFO - [2023-05-19 18:03:49,293] {dagbag.py:507} INFO - Filling up the DagBag from /home/guilherme/Documents/weather_datapipeline/airflow_weather/venv/lib/python3.10/site-packages/airflow/example_dags/example_branch_day_of_week_operator.py
[2023-05-19 18:03:49,298] {processor.py:651} INFO - DAG(s) dict_keys(['example_weekday_branch_operator']) retrieved from /home/guilherme/Documents/weather_datapipeline/airflow_weather/venv/lib/python3.10/site-packages/airflow/example_dags/example_branch_day_of_week_operator.py
[2023-05-19 18:03:49,310] {logging_mixin.py:115} INFO - [2023-05-19 18:03:49,309] {dag.py:2379} INFO - Sync 1 DAGs
[2023-05-19 18:03:49,321] {logging_mixin.py:115} INFO - [2023-05-19 18:03:49,321] {dag.py:2927} INFO - Setting next_dagrun for example_weekday_branch_operator to 2023-05-18T00:00:00+00:00, run_after=2023-05-19T00:00:00+00:00
[2023-05-19 18:03:49,327] {processor.py:161} INFO - Processing /home/guilherme/Documents/weather_datapipeline/airflow_weather/venv/lib/python3.10/site-packages/airflow/example_dags/example_branch_day_of_week_operator.py took 0.037 seconds
[2023-05-19 18:04:20,789] {processor.py:153} INFO - Started process (PID=12473) to work on /home/guilherme/Documents/weather_datapipeline/airflow_weather/venv/lib/python3.10/site-packages/airflow/example_dags/example_branch_day_of_week_operator.py
[2023-05-19 18:04:20,789] {processor.py:641} INFO - Processing file /home/guilherme/Documents/weather_datapipeline/airflow_weather/venv/lib/python3.10/site-packages/airflow/example_dags/example_branch_day_of_week_operator.py for tasks to queue
[2023-05-19 18:04:20,790] {logging_mixin.py:115} INFO - [2023-05-19 18:04:20,790] {dagbag.py:507} INFO - Filling up the DagBag from /home/guilherme/Documents/weather_datapipeline/airflow_weather/venv/lib/python3.10/site-packages/airflow/example_dags/example_branch_day_of_week_operator.py
[2023-05-19 18:04:20,794] {processor.py:651} INFO - DAG(s) dict_keys(['example_weekday_branch_operator']) retrieved from /home/guilherme/Documents/weather_datapipeline/airflow_weather/venv/lib/python3.10/site-packages/airflow/example_dags/example_branch_day_of_week_operator.py
[2023-05-19 18:04:20,802] {logging_mixin.py:115} INFO - [2023-05-19 18:04:20,802] {dag.py:2379} INFO - Sync 1 DAGs
[2023-05-19 18:04:20,812] {logging_mixin.py:115} INFO - [2023-05-19 18:04:20,812] {dag.py:2927} INFO - Setting next_dagrun for example_weekday_branch_operator to 2023-05-18T00:00:00+00:00, run_after=2023-05-19T00:00:00+00:00
[2023-05-19 18:04:20,821] {processor.py:161} INFO - Processing /home/guilherme/Documents/weather_datapipeline/airflow_weather/venv/lib/python3.10/site-packages/airflow/example_dags/example_branch_day_of_week_operator.py took 0.033 seconds
[2023-05-19 18:04:53,093] {processor.py:153} INFO - Started process (PID=12605) to work on /home/guilherme/Documents/weather_datapipeline/airflow_weather/venv/lib/python3.10/site-packages/airflow/example_dags/example_branch_day_of_week_operator.py
[2023-05-19 18:04:53,093] {processor.py:641} INFO - Processing file /home/guilherme/Documents/weather_datapipeline/airflow_weather/venv/lib/python3.10/site-packages/airflow/example_dags/example_branch_day_of_week_operator.py for tasks to queue
[2023-05-19 18:04:53,094] {logging_mixin.py:115} INFO - [2023-05-19 18:04:53,094] {dagbag.py:507} INFO - Filling up the DagBag from /home/guilherme/Documents/weather_datapipeline/airflow_weather/venv/lib/python3.10/site-packages/airflow/example_dags/example_branch_day_of_week_operator.py
[2023-05-19 18:04:53,098] {processor.py:651} INFO - DAG(s) dict_keys(['example_weekday_branch_operator']) retrieved from /home/guilherme/Documents/weather_datapipeline/airflow_weather/venv/lib/python3.10/site-packages/airflow/example_dags/example_branch_day_of_week_operator.py
[2023-05-19 18:04:53,108] {logging_mixin.py:115} INFO - [2023-05-19 18:04:53,108] {dag.py:2379} INFO - Sync 1 DAGs
[2023-05-19 18:04:53,117] {logging_mixin.py:115} INFO - [2023-05-19 18:04:53,117] {dag.py:2927} INFO - Setting next_dagrun for example_weekday_branch_operator to 2023-05-18T00:00:00+00:00, run_after=2023-05-19T00:00:00+00:00
[2023-05-19 18:04:53,123] {processor.py:161} INFO - Processing /home/guilherme/Documents/weather_datapipeline/airflow_weather/venv/lib/python3.10/site-packages/airflow/example_dags/example_branch_day_of_week_operator.py took 0.032 seconds
[2023-05-19 18:05:27,846] {processor.py:153} INFO - Started process (PID=12871) to work on /home/guilherme/Documents/weather_datapipeline/airflow_weather/venv/lib/python3.10/site-packages/airflow/example_dags/example_branch_day_of_week_operator.py
[2023-05-19 18:05:27,846] {processor.py:641} INFO - Processing file /home/guilherme/Documents/weather_datapipeline/airflow_weather/venv/lib/python3.10/site-packages/airflow/example_dags/example_branch_day_of_week_operator.py for tasks to queue
[2023-05-19 18:05:27,846] {logging_mixin.py:115} INFO - [2023-05-19 18:05:27,846] {dagbag.py:507} INFO - Filling up the DagBag from /home/guilherme/Documents/weather_datapipeline/airflow_weather/venv/lib/python3.10/site-packages/airflow/example_dags/example_branch_day_of_week_operator.py
[2023-05-19 18:05:27,851] {processor.py:651} INFO - DAG(s) dict_keys(['example_weekday_branch_operator']) retrieved from /home/guilherme/Documents/weather_datapipeline/airflow_weather/venv/lib/python3.10/site-packages/airflow/example_dags/example_branch_day_of_week_operator.py
[2023-05-19 18:05:27,860] {logging_mixin.py:115} INFO - [2023-05-19 18:05:27,860] {dag.py:2379} INFO - Sync 1 DAGs
[2023-05-19 18:05:27,869] {logging_mixin.py:115} INFO - [2023-05-19 18:05:27,869] {dag.py:2927} INFO - Setting next_dagrun for example_weekday_branch_operator to 2023-05-18T00:00:00+00:00, run_after=2023-05-19T00:00:00+00:00
[2023-05-19 18:05:27,875] {processor.py:161} INFO - Processing /home/guilherme/Documents/weather_datapipeline/airflow_weather/venv/lib/python3.10/site-packages/airflow/example_dags/example_branch_day_of_week_operator.py took 0.031 seconds
[2023-05-19 18:06:00,876] {processor.py:153} INFO - Started process (PID=13242) to work on /home/guilherme/Documents/weather_datapipeline/airflow_weather/venv/lib/python3.10/site-packages/airflow/example_dags/example_branch_day_of_week_operator.py
[2023-05-19 18:06:00,876] {processor.py:641} INFO - Processing file /home/guilherme/Documents/weather_datapipeline/airflow_weather/venv/lib/python3.10/site-packages/airflow/example_dags/example_branch_day_of_week_operator.py for tasks to queue
[2023-05-19 18:06:00,877] {logging_mixin.py:115} INFO - [2023-05-19 18:06:00,876] {dagbag.py:507} INFO - Filling up the DagBag from /home/guilherme/Documents/weather_datapipeline/airflow_weather/venv/lib/python3.10/site-packages/airflow/example_dags/example_branch_day_of_week_operator.py
[2023-05-19 18:06:00,881] {processor.py:651} INFO - DAG(s) dict_keys(['example_weekday_branch_operator']) retrieved from /home/guilherme/Documents/weather_datapipeline/airflow_weather/venv/lib/python3.10/site-packages/airflow/example_dags/example_branch_day_of_week_operator.py
[2023-05-19 18:06:00,890] {logging_mixin.py:115} INFO - [2023-05-19 18:06:00,890] {dag.py:2379} INFO - Sync 1 DAGs
[2023-05-19 18:06:00,898] {logging_mixin.py:115} INFO - [2023-05-19 18:06:00,898] {dag.py:2927} INFO - Setting next_dagrun for example_weekday_branch_operator to 2023-05-18T00:00:00+00:00, run_after=2023-05-19T00:00:00+00:00
[2023-05-19 18:06:00,904] {processor.py:161} INFO - Processing /home/guilherme/Documents/weather_datapipeline/airflow_weather/venv/lib/python3.10/site-packages/airflow/example_dags/example_branch_day_of_week_operator.py took 0.030 seconds
[2023-05-19 18:06:32,774] {processor.py:153} INFO - Started process (PID=13635) to work on /home/guilherme/Documents/weather_datapipeline/airflow_weather/venv/lib/python3.10/site-packages/airflow/example_dags/example_branch_day_of_week_operator.py
[2023-05-19 18:06:32,775] {processor.py:641} INFO - Processing file /home/guilherme/Documents/weather_datapipeline/airflow_weather/venv/lib/python3.10/site-packages/airflow/example_dags/example_branch_day_of_week_operator.py for tasks to queue
[2023-05-19 18:06:32,775] {logging_mixin.py:115} INFO - [2023-05-19 18:06:32,775] {dagbag.py:507} INFO - Filling up the DagBag from /home/guilherme/Documents/weather_datapipeline/airflow_weather/venv/lib/python3.10/site-packages/airflow/example_dags/example_branch_day_of_week_operator.py
[2023-05-19 18:06:32,780] {processor.py:651} INFO - DAG(s) dict_keys(['example_weekday_branch_operator']) retrieved from /home/guilherme/Documents/weather_datapipeline/airflow_weather/venv/lib/python3.10/site-packages/airflow/example_dags/example_branch_day_of_week_operator.py
[2023-05-19 18:06:32,791] {logging_mixin.py:115} INFO - [2023-05-19 18:06:32,791] {dag.py:2379} INFO - Sync 1 DAGs
[2023-05-19 18:06:32,802] {logging_mixin.py:115} INFO - [2023-05-19 18:06:32,802] {dag.py:2927} INFO - Setting next_dagrun for example_weekday_branch_operator to 2023-05-18T00:00:00+00:00, run_after=2023-05-19T00:00:00+00:00
[2023-05-19 18:06:32,812] {processor.py:161} INFO - Processing /home/guilherme/Documents/weather_datapipeline/airflow_weather/venv/lib/python3.10/site-packages/airflow/example_dags/example_branch_day_of_week_operator.py took 0.040 seconds
[2023-05-19 18:07:08,697] {processor.py:153} INFO - Started process (PID=14215) to work on /home/guilherme/Documents/weather_datapipeline/airflow_weather/venv/lib/python3.10/site-packages/airflow/example_dags/example_branch_day_of_week_operator.py
[2023-05-19 18:07:08,698] {processor.py:641} INFO - Processing file /home/guilherme/Documents/weather_datapipeline/airflow_weather/venv/lib/python3.10/site-packages/airflow/example_dags/example_branch_day_of_week_operator.py for tasks to queue
[2023-05-19 18:07:08,698] {logging_mixin.py:115} INFO - [2023-05-19 18:07:08,698] {dagbag.py:507} INFO - Filling up the DagBag from /home/guilherme/Documents/weather_datapipeline/airflow_weather/venv/lib/python3.10/site-packages/airflow/example_dags/example_branch_day_of_week_operator.py
[2023-05-19 18:07:08,702] {processor.py:651} INFO - DAG(s) dict_keys(['example_weekday_branch_operator']) retrieved from /home/guilherme/Documents/weather_datapipeline/airflow_weather/venv/lib/python3.10/site-packages/airflow/example_dags/example_branch_day_of_week_operator.py
[2023-05-19 18:07:08,711] {logging_mixin.py:115} INFO - [2023-05-19 18:07:08,711] {dag.py:2379} INFO - Sync 1 DAGs
[2023-05-19 18:07:08,720] {logging_mixin.py:115} INFO - [2023-05-19 18:07:08,720] {dag.py:2927} INFO - Setting next_dagrun for example_weekday_branch_operator to 2023-05-18T00:00:00+00:00, run_after=2023-05-19T00:00:00+00:00
[2023-05-19 18:07:08,727] {processor.py:161} INFO - Processing /home/guilherme/Documents/weather_datapipeline/airflow_weather/venv/lib/python3.10/site-packages/airflow/example_dags/example_branch_day_of_week_operator.py took 0.031 seconds
[2023-05-19 18:07:42,277] {processor.py:153} INFO - Started process (PID=14447) to work on /home/guilherme/Documents/weather_datapipeline/airflow_weather/venv/lib/python3.10/site-packages/airflow/example_dags/example_branch_day_of_week_operator.py
[2023-05-19 18:07:42,278] {processor.py:641} INFO - Processing file /home/guilherme/Documents/weather_datapipeline/airflow_weather/venv/lib/python3.10/site-packages/airflow/example_dags/example_branch_day_of_week_operator.py for tasks to queue
[2023-05-19 18:07:42,278] {logging_mixin.py:115} INFO - [2023-05-19 18:07:42,278] {dagbag.py:507} INFO - Filling up the DagBag from /home/guilherme/Documents/weather_datapipeline/airflow_weather/venv/lib/python3.10/site-packages/airflow/example_dags/example_branch_day_of_week_operator.py
[2023-05-19 18:07:42,283] {processor.py:651} INFO - DAG(s) dict_keys(['example_weekday_branch_operator']) retrieved from /home/guilherme/Documents/weather_datapipeline/airflow_weather/venv/lib/python3.10/site-packages/airflow/example_dags/example_branch_day_of_week_operator.py
[2023-05-19 18:07:42,295] {logging_mixin.py:115} INFO - [2023-05-19 18:07:42,294] {dag.py:2379} INFO - Sync 1 DAGs
[2023-05-19 18:07:42,305] {logging_mixin.py:115} INFO - [2023-05-19 18:07:42,305] {dag.py:2927} INFO - Setting next_dagrun for example_weekday_branch_operator to 2023-05-18T00:00:00+00:00, run_after=2023-05-19T00:00:00+00:00
[2023-05-19 18:07:42,312] {processor.py:161} INFO - Processing /home/guilherme/Documents/weather_datapipeline/airflow_weather/venv/lib/python3.10/site-packages/airflow/example_dags/example_branch_day_of_week_operator.py took 0.037 seconds
[2023-05-19 18:08:16,173] {processor.py:153} INFO - Started process (PID=14626) to work on /home/guilherme/Documents/weather_datapipeline/airflow_weather/venv/lib/python3.10/site-packages/airflow/example_dags/example_branch_day_of_week_operator.py
[2023-05-19 18:08:16,173] {processor.py:641} INFO - Processing file /home/guilherme/Documents/weather_datapipeline/airflow_weather/venv/lib/python3.10/site-packages/airflow/example_dags/example_branch_day_of_week_operator.py for tasks to queue
[2023-05-19 18:08:16,174] {logging_mixin.py:115} INFO - [2023-05-19 18:08:16,174] {dagbag.py:507} INFO - Filling up the DagBag from /home/guilherme/Documents/weather_datapipeline/airflow_weather/venv/lib/python3.10/site-packages/airflow/example_dags/example_branch_day_of_week_operator.py
[2023-05-19 18:08:16,178] {processor.py:651} INFO - DAG(s) dict_keys(['example_weekday_branch_operator']) retrieved from /home/guilherme/Documents/weather_datapipeline/airflow_weather/venv/lib/python3.10/site-packages/airflow/example_dags/example_branch_day_of_week_operator.py
[2023-05-19 18:08:16,187] {logging_mixin.py:115} INFO - [2023-05-19 18:08:16,187] {dag.py:2379} INFO - Sync 1 DAGs
[2023-05-19 18:08:16,196] {logging_mixin.py:115} INFO - [2023-05-19 18:08:16,196] {dag.py:2927} INFO - Setting next_dagrun for example_weekday_branch_operator to 2023-05-18T00:00:00+00:00, run_after=2023-05-19T00:00:00+00:00
[2023-05-19 18:08:16,202] {processor.py:161} INFO - Processing /home/guilherme/Documents/weather_datapipeline/airflow_weather/venv/lib/python3.10/site-packages/airflow/example_dags/example_branch_day_of_week_operator.py took 0.031 seconds
[2023-05-19 18:08:48,935] {processor.py:153} INFO - Started process (PID=14834) to work on /home/guilherme/Documents/weather_datapipeline/airflow_weather/venv/lib/python3.10/site-packages/airflow/example_dags/example_branch_day_of_week_operator.py
[2023-05-19 18:08:48,935] {processor.py:641} INFO - Processing file /home/guilherme/Documents/weather_datapipeline/airflow_weather/venv/lib/python3.10/site-packages/airflow/example_dags/example_branch_day_of_week_operator.py for tasks to queue
[2023-05-19 18:08:48,936] {logging_mixin.py:115} INFO - [2023-05-19 18:08:48,935] {dagbag.py:507} INFO - Filling up the DagBag from /home/guilherme/Documents/weather_datapipeline/airflow_weather/venv/lib/python3.10/site-packages/airflow/example_dags/example_branch_day_of_week_operator.py
[2023-05-19 18:08:48,940] {processor.py:651} INFO - DAG(s) dict_keys(['example_weekday_branch_operator']) retrieved from /home/guilherme/Documents/weather_datapipeline/airflow_weather/venv/lib/python3.10/site-packages/airflow/example_dags/example_branch_day_of_week_operator.py
[2023-05-19 18:08:48,949] {logging_mixin.py:115} INFO - [2023-05-19 18:08:48,949] {dag.py:2379} INFO - Sync 1 DAGs
[2023-05-19 18:08:48,958] {logging_mixin.py:115} INFO - [2023-05-19 18:08:48,958] {dag.py:2927} INFO - Setting next_dagrun for example_weekday_branch_operator to 2023-05-18T00:00:00+00:00, run_after=2023-05-19T00:00:00+00:00
[2023-05-19 18:08:48,964] {processor.py:161} INFO - Processing /home/guilherme/Documents/weather_datapipeline/airflow_weather/venv/lib/python3.10/site-packages/airflow/example_dags/example_branch_day_of_week_operator.py took 0.031 seconds
[2023-05-19 18:09:19,716] {processor.py:153} INFO - Started process (PID=15008) to work on /home/guilherme/Documents/weather_datapipeline/airflow_weather/venv/lib/python3.10/site-packages/airflow/example_dags/example_branch_day_of_week_operator.py
[2023-05-19 18:09:19,717] {processor.py:641} INFO - Processing file /home/guilherme/Documents/weather_datapipeline/airflow_weather/venv/lib/python3.10/site-packages/airflow/example_dags/example_branch_day_of_week_operator.py for tasks to queue
[2023-05-19 18:09:19,717] {logging_mixin.py:115} INFO - [2023-05-19 18:09:19,717] {dagbag.py:507} INFO - Filling up the DagBag from /home/guilherme/Documents/weather_datapipeline/airflow_weather/venv/lib/python3.10/site-packages/airflow/example_dags/example_branch_day_of_week_operator.py
[2023-05-19 18:09:19,721] {processor.py:651} INFO - DAG(s) dict_keys(['example_weekday_branch_operator']) retrieved from /home/guilherme/Documents/weather_datapipeline/airflow_weather/venv/lib/python3.10/site-packages/airflow/example_dags/example_branch_day_of_week_operator.py
[2023-05-19 18:09:19,731] {logging_mixin.py:115} INFO - [2023-05-19 18:09:19,731] {dag.py:2379} INFO - Sync 1 DAGs
[2023-05-19 18:09:19,740] {logging_mixin.py:115} INFO - [2023-05-19 18:09:19,740] {dag.py:2927} INFO - Setting next_dagrun for example_weekday_branch_operator to 2023-05-18T00:00:00+00:00, run_after=2023-05-19T00:00:00+00:00
[2023-05-19 18:09:19,747] {processor.py:161} INFO - Processing /home/guilherme/Documents/weather_datapipeline/airflow_weather/venv/lib/python3.10/site-packages/airflow/example_dags/example_branch_day_of_week_operator.py took 0.032 seconds
[2023-05-19 18:09:55,656] {processor.py:153} INFO - Started process (PID=15228) to work on /home/guilherme/Documents/weather_datapipeline/airflow_weather/venv/lib/python3.10/site-packages/airflow/example_dags/example_branch_day_of_week_operator.py
[2023-05-19 18:09:55,656] {processor.py:641} INFO - Processing file /home/guilherme/Documents/weather_datapipeline/airflow_weather/venv/lib/python3.10/site-packages/airflow/example_dags/example_branch_day_of_week_operator.py for tasks to queue
[2023-05-19 18:09:55,657] {logging_mixin.py:115} INFO - [2023-05-19 18:09:55,656] {dagbag.py:507} INFO - Filling up the DagBag from /home/guilherme/Documents/weather_datapipeline/airflow_weather/venv/lib/python3.10/site-packages/airflow/example_dags/example_branch_day_of_week_operator.py
[2023-05-19 18:09:55,661] {processor.py:651} INFO - DAG(s) dict_keys(['example_weekday_branch_operator']) retrieved from /home/guilherme/Documents/weather_datapipeline/airflow_weather/venv/lib/python3.10/site-packages/airflow/example_dags/example_branch_day_of_week_operator.py
[2023-05-19 18:09:55,672] {logging_mixin.py:115} INFO - [2023-05-19 18:09:55,672] {dag.py:2379} INFO - Sync 1 DAGs
[2023-05-19 18:09:55,681] {logging_mixin.py:115} INFO - [2023-05-19 18:09:55,681] {dag.py:2927} INFO - Setting next_dagrun for example_weekday_branch_operator to 2023-05-18T00:00:00+00:00, run_after=2023-05-19T00:00:00+00:00
[2023-05-19 18:09:55,688] {processor.py:161} INFO - Processing /home/guilherme/Documents/weather_datapipeline/airflow_weather/venv/lib/python3.10/site-packages/airflow/example_dags/example_branch_day_of_week_operator.py took 0.034 seconds
[2023-05-19 18:10:30,374] {processor.py:153} INFO - Started process (PID=15309) to work on /home/guilherme/Documents/weather_datapipeline/airflow_weather/venv/lib/python3.10/site-packages/airflow/example_dags/example_branch_day_of_week_operator.py
[2023-05-19 18:10:30,374] {processor.py:641} INFO - Processing file /home/guilherme/Documents/weather_datapipeline/airflow_weather/venv/lib/python3.10/site-packages/airflow/example_dags/example_branch_day_of_week_operator.py for tasks to queue
[2023-05-19 18:10:30,374] {logging_mixin.py:115} INFO - [2023-05-19 18:10:30,374] {dagbag.py:507} INFO - Filling up the DagBag from /home/guilherme/Documents/weather_datapipeline/airflow_weather/venv/lib/python3.10/site-packages/airflow/example_dags/example_branch_day_of_week_operator.py
[2023-05-19 18:10:30,378] {processor.py:651} INFO - DAG(s) dict_keys(['example_weekday_branch_operator']) retrieved from /home/guilherme/Documents/weather_datapipeline/airflow_weather/venv/lib/python3.10/site-packages/airflow/example_dags/example_branch_day_of_week_operator.py
[2023-05-19 18:10:30,389] {logging_mixin.py:115} INFO - [2023-05-19 18:10:30,388] {dag.py:2379} INFO - Sync 1 DAGs
[2023-05-19 18:10:30,398] {logging_mixin.py:115} INFO - [2023-05-19 18:10:30,398] {dag.py:2927} INFO - Setting next_dagrun for example_weekday_branch_operator to 2023-05-18T00:00:00+00:00, run_after=2023-05-19T00:00:00+00:00
[2023-05-19 18:10:30,405] {processor.py:161} INFO - Processing /home/guilherme/Documents/weather_datapipeline/airflow_weather/venv/lib/python3.10/site-packages/airflow/example_dags/example_branch_day_of_week_operator.py took 0.033 seconds
[2023-05-19 18:11:07,404] {processor.py:153} INFO - Started process (PID=15380) to work on /home/guilherme/Documents/weather_datapipeline/airflow_weather/venv/lib/python3.10/site-packages/airflow/example_dags/example_branch_day_of_week_operator.py
[2023-05-19 18:11:07,404] {processor.py:641} INFO - Processing file /home/guilherme/Documents/weather_datapipeline/airflow_weather/venv/lib/python3.10/site-packages/airflow/example_dags/example_branch_day_of_week_operator.py for tasks to queue
[2023-05-19 18:11:07,404] {logging_mixin.py:115} INFO - [2023-05-19 18:11:07,404] {dagbag.py:507} INFO - Filling up the DagBag from /home/guilherme/Documents/weather_datapipeline/airflow_weather/venv/lib/python3.10/site-packages/airflow/example_dags/example_branch_day_of_week_operator.py
[2023-05-19 18:11:07,409] {processor.py:651} INFO - DAG(s) dict_keys(['example_weekday_branch_operator']) retrieved from /home/guilherme/Documents/weather_datapipeline/airflow_weather/venv/lib/python3.10/site-packages/airflow/example_dags/example_branch_day_of_week_operator.py
[2023-05-19 18:11:07,419] {logging_mixin.py:115} INFO - [2023-05-19 18:11:07,419] {dag.py:2379} INFO - Sync 1 DAGs
[2023-05-19 18:11:07,429] {logging_mixin.py:115} INFO - [2023-05-19 18:11:07,429] {dag.py:2927} INFO - Setting next_dagrun for example_weekday_branch_operator to 2023-05-18T00:00:00+00:00, run_after=2023-05-19T00:00:00+00:00
[2023-05-19 18:11:07,436] {processor.py:161} INFO - Processing /home/guilherme/Documents/weather_datapipeline/airflow_weather/venv/lib/python3.10/site-packages/airflow/example_dags/example_branch_day_of_week_operator.py took 0.034 seconds
[2023-05-19 18:11:40,435] {processor.py:153} INFO - Started process (PID=15445) to work on /home/guilherme/Documents/weather_datapipeline/airflow_weather/venv/lib/python3.10/site-packages/airflow/example_dags/example_branch_day_of_week_operator.py
[2023-05-19 18:11:40,435] {processor.py:641} INFO - Processing file /home/guilherme/Documents/weather_datapipeline/airflow_weather/venv/lib/python3.10/site-packages/airflow/example_dags/example_branch_day_of_week_operator.py for tasks to queue
[2023-05-19 18:11:40,435] {logging_mixin.py:115} INFO - [2023-05-19 18:11:40,435] {dagbag.py:507} INFO - Filling up the DagBag from /home/guilherme/Documents/weather_datapipeline/airflow_weather/venv/lib/python3.10/site-packages/airflow/example_dags/example_branch_day_of_week_operator.py
[2023-05-19 18:11:40,440] {processor.py:651} INFO - DAG(s) dict_keys(['example_weekday_branch_operator']) retrieved from /home/guilherme/Documents/weather_datapipeline/airflow_weather/venv/lib/python3.10/site-packages/airflow/example_dags/example_branch_day_of_week_operator.py
[2023-05-19 18:11:40,453] {logging_mixin.py:115} INFO - [2023-05-19 18:11:40,453] {dag.py:2379} INFO - Sync 1 DAGs
[2023-05-19 18:11:40,463] {logging_mixin.py:115} INFO - [2023-05-19 18:11:40,463] {dag.py:2927} INFO - Setting next_dagrun for example_weekday_branch_operator to 2023-05-18T00:00:00+00:00, run_after=2023-05-19T00:00:00+00:00
[2023-05-19 18:11:40,470] {processor.py:161} INFO - Processing /home/guilherme/Documents/weather_datapipeline/airflow_weather/venv/lib/python3.10/site-packages/airflow/example_dags/example_branch_day_of_week_operator.py took 0.037 seconds
[2023-05-19 18:12:13,962] {processor.py:153} INFO - Started process (PID=15515) to work on /home/guilherme/Documents/weather_datapipeline/airflow_weather/venv/lib/python3.10/site-packages/airflow/example_dags/example_branch_day_of_week_operator.py
[2023-05-19 18:12:13,962] {processor.py:641} INFO - Processing file /home/guilherme/Documents/weather_datapipeline/airflow_weather/venv/lib/python3.10/site-packages/airflow/example_dags/example_branch_day_of_week_operator.py for tasks to queue
[2023-05-19 18:12:13,962] {logging_mixin.py:115} INFO - [2023-05-19 18:12:13,962] {dagbag.py:507} INFO - Filling up the DagBag from /home/guilherme/Documents/weather_datapipeline/airflow_weather/venv/lib/python3.10/site-packages/airflow/example_dags/example_branch_day_of_week_operator.py
[2023-05-19 18:12:13,967] {processor.py:651} INFO - DAG(s) dict_keys(['example_weekday_branch_operator']) retrieved from /home/guilherme/Documents/weather_datapipeline/airflow_weather/venv/lib/python3.10/site-packages/airflow/example_dags/example_branch_day_of_week_operator.py
[2023-05-19 18:12:13,978] {logging_mixin.py:115} INFO - [2023-05-19 18:12:13,978] {dag.py:2379} INFO - Sync 1 DAGs
[2023-05-19 18:12:13,989] {logging_mixin.py:115} INFO - [2023-05-19 18:12:13,989] {dag.py:2927} INFO - Setting next_dagrun for example_weekday_branch_operator to 2023-05-18T00:00:00+00:00, run_after=2023-05-19T00:00:00+00:00
[2023-05-19 18:12:13,995] {processor.py:161} INFO - Processing /home/guilherme/Documents/weather_datapipeline/airflow_weather/venv/lib/python3.10/site-packages/airflow/example_dags/example_branch_day_of_week_operator.py took 0.035 seconds
[2023-05-19 18:12:44,647] {processor.py:153} INFO - Started process (PID=15552) to work on /home/guilherme/Documents/weather_datapipeline/airflow_weather/venv/lib/python3.10/site-packages/airflow/example_dags/example_branch_day_of_week_operator.py
[2023-05-19 18:12:44,647] {processor.py:641} INFO - Processing file /home/guilherme/Documents/weather_datapipeline/airflow_weather/venv/lib/python3.10/site-packages/airflow/example_dags/example_branch_day_of_week_operator.py for tasks to queue
[2023-05-19 18:12:44,648] {logging_mixin.py:115} INFO - [2023-05-19 18:12:44,648] {dagbag.py:507} INFO - Filling up the DagBag from /home/guilherme/Documents/weather_datapipeline/airflow_weather/venv/lib/python3.10/site-packages/airflow/example_dags/example_branch_day_of_week_operator.py
[2023-05-19 18:12:44,652] {processor.py:651} INFO - DAG(s) dict_keys(['example_weekday_branch_operator']) retrieved from /home/guilherme/Documents/weather_datapipeline/airflow_weather/venv/lib/python3.10/site-packages/airflow/example_dags/example_branch_day_of_week_operator.py
[2023-05-19 18:12:44,665] {logging_mixin.py:115} INFO - [2023-05-19 18:12:44,664] {dag.py:2379} INFO - Sync 1 DAGs
[2023-05-19 18:12:44,676] {logging_mixin.py:115} INFO - [2023-05-19 18:12:44,676] {dag.py:2927} INFO - Setting next_dagrun for example_weekday_branch_operator to 2023-05-18T00:00:00+00:00, run_after=2023-05-19T00:00:00+00:00
[2023-05-19 18:12:44,683] {processor.py:161} INFO - Processing /home/guilherme/Documents/weather_datapipeline/airflow_weather/venv/lib/python3.10/site-packages/airflow/example_dags/example_branch_day_of_week_operator.py took 0.039 seconds
[2023-05-19 18:13:18,282] {processor.py:153} INFO - Started process (PID=15745) to work on /home/guilherme/Documents/weather_datapipeline/airflow_weather/venv/lib/python3.10/site-packages/airflow/example_dags/example_branch_day_of_week_operator.py
[2023-05-19 18:13:18,282] {processor.py:641} INFO - Processing file /home/guilherme/Documents/weather_datapipeline/airflow_weather/venv/lib/python3.10/site-packages/airflow/example_dags/example_branch_day_of_week_operator.py for tasks to queue
[2023-05-19 18:13:18,282] {logging_mixin.py:115} INFO - [2023-05-19 18:13:18,282] {dagbag.py:507} INFO - Filling up the DagBag from /home/guilherme/Documents/weather_datapipeline/airflow_weather/venv/lib/python3.10/site-packages/airflow/example_dags/example_branch_day_of_week_operator.py
[2023-05-19 18:13:18,287] {processor.py:651} INFO - DAG(s) dict_keys(['example_weekday_branch_operator']) retrieved from /home/guilherme/Documents/weather_datapipeline/airflow_weather/venv/lib/python3.10/site-packages/airflow/example_dags/example_branch_day_of_week_operator.py
[2023-05-19 18:13:18,298] {logging_mixin.py:115} INFO - [2023-05-19 18:13:18,298] {dag.py:2379} INFO - Sync 1 DAGs
[2023-05-19 18:13:18,308] {logging_mixin.py:115} INFO - [2023-05-19 18:13:18,308] {dag.py:2927} INFO - Setting next_dagrun for example_weekday_branch_operator to 2023-05-18T00:00:00+00:00, run_after=2023-05-19T00:00:00+00:00
[2023-05-19 18:13:18,315] {processor.py:161} INFO - Processing /home/guilherme/Documents/weather_datapipeline/airflow_weather/venv/lib/python3.10/site-packages/airflow/example_dags/example_branch_day_of_week_operator.py took 0.036 seconds
[2023-05-19 18:13:52,441] {processor.py:153} INFO - Started process (PID=15941) to work on /home/guilherme/Documents/weather_datapipeline/airflow_weather/venv/lib/python3.10/site-packages/airflow/example_dags/example_branch_day_of_week_operator.py
[2023-05-19 18:13:52,441] {processor.py:641} INFO - Processing file /home/guilherme/Documents/weather_datapipeline/airflow_weather/venv/lib/python3.10/site-packages/airflow/example_dags/example_branch_day_of_week_operator.py for tasks to queue
[2023-05-19 18:13:52,442] {logging_mixin.py:115} INFO - [2023-05-19 18:13:52,442] {dagbag.py:507} INFO - Filling up the DagBag from /home/guilherme/Documents/weather_datapipeline/airflow_weather/venv/lib/python3.10/site-packages/airflow/example_dags/example_branch_day_of_week_operator.py
[2023-05-19 18:13:52,446] {processor.py:651} INFO - DAG(s) dict_keys(['example_weekday_branch_operator']) retrieved from /home/guilherme/Documents/weather_datapipeline/airflow_weather/venv/lib/python3.10/site-packages/airflow/example_dags/example_branch_day_of_week_operator.py
[2023-05-19 18:13:52,457] {logging_mixin.py:115} INFO - [2023-05-19 18:13:52,457] {dag.py:2379} INFO - Sync 1 DAGs
[2023-05-19 18:13:52,467] {logging_mixin.py:115} INFO - [2023-05-19 18:13:52,467] {dag.py:2927} INFO - Setting next_dagrun for example_weekday_branch_operator to 2023-05-18T00:00:00+00:00, run_after=2023-05-19T00:00:00+00:00
[2023-05-19 18:13:52,473] {processor.py:161} INFO - Processing /home/guilherme/Documents/weather_datapipeline/airflow_weather/venv/lib/python3.10/site-packages/airflow/example_dags/example_branch_day_of_week_operator.py took 0.034 seconds
[2023-05-19 18:14:25,607] {processor.py:153} INFO - Started process (PID=16119) to work on /home/guilherme/Documents/weather_datapipeline/airflow_weather/venv/lib/python3.10/site-packages/airflow/example_dags/example_branch_day_of_week_operator.py
[2023-05-19 18:14:25,608] {processor.py:641} INFO - Processing file /home/guilherme/Documents/weather_datapipeline/airflow_weather/venv/lib/python3.10/site-packages/airflow/example_dags/example_branch_day_of_week_operator.py for tasks to queue
[2023-05-19 18:14:25,608] {logging_mixin.py:115} INFO - [2023-05-19 18:14:25,608] {dagbag.py:507} INFO - Filling up the DagBag from /home/guilherme/Documents/weather_datapipeline/airflow_weather/venv/lib/python3.10/site-packages/airflow/example_dags/example_branch_day_of_week_operator.py
[2023-05-19 18:14:25,612] {processor.py:651} INFO - DAG(s) dict_keys(['example_weekday_branch_operator']) retrieved from /home/guilherme/Documents/weather_datapipeline/airflow_weather/venv/lib/python3.10/site-packages/airflow/example_dags/example_branch_day_of_week_operator.py
[2023-05-19 18:14:25,622] {logging_mixin.py:115} INFO - [2023-05-19 18:14:25,622] {dag.py:2379} INFO - Sync 1 DAGs
[2023-05-19 18:14:25,631] {logging_mixin.py:115} INFO - [2023-05-19 18:14:25,631] {dag.py:2927} INFO - Setting next_dagrun for example_weekday_branch_operator to 2023-05-18T00:00:00+00:00, run_after=2023-05-19T00:00:00+00:00
[2023-05-19 18:14:25,638] {processor.py:161} INFO - Processing /home/guilherme/Documents/weather_datapipeline/airflow_weather/venv/lib/python3.10/site-packages/airflow/example_dags/example_branch_day_of_week_operator.py took 0.032 seconds
[2023-05-19 18:15:00,698] {processor.py:153} INFO - Started process (PID=16321) to work on /home/guilherme/Documents/weather_datapipeline/airflow_weather/venv/lib/python3.10/site-packages/airflow/example_dags/example_branch_day_of_week_operator.py
[2023-05-19 18:15:00,699] {processor.py:641} INFO - Processing file /home/guilherme/Documents/weather_datapipeline/airflow_weather/venv/lib/python3.10/site-packages/airflow/example_dags/example_branch_day_of_week_operator.py for tasks to queue
[2023-05-19 18:15:00,699] {logging_mixin.py:115} INFO - [2023-05-19 18:15:00,699] {dagbag.py:507} INFO - Filling up the DagBag from /home/guilherme/Documents/weather_datapipeline/airflow_weather/venv/lib/python3.10/site-packages/airflow/example_dags/example_branch_day_of_week_operator.py
[2023-05-19 18:15:00,703] {processor.py:651} INFO - DAG(s) dict_keys(['example_weekday_branch_operator']) retrieved from /home/guilherme/Documents/weather_datapipeline/airflow_weather/venv/lib/python3.10/site-packages/airflow/example_dags/example_branch_day_of_week_operator.py
[2023-05-19 18:15:00,713] {logging_mixin.py:115} INFO - [2023-05-19 18:15:00,713] {dag.py:2379} INFO - Sync 1 DAGs
[2023-05-19 18:15:00,723] {logging_mixin.py:115} INFO - [2023-05-19 18:15:00,723] {dag.py:2927} INFO - Setting next_dagrun for example_weekday_branch_operator to 2023-05-18T00:00:00+00:00, run_after=2023-05-19T00:00:00+00:00
[2023-05-19 18:15:00,729] {processor.py:161} INFO - Processing /home/guilherme/Documents/weather_datapipeline/airflow_weather/venv/lib/python3.10/site-packages/airflow/example_dags/example_branch_day_of_week_operator.py took 0.032 seconds
[2023-05-19 18:15:34,782] {processor.py:153} INFO - Started process (PID=16518) to work on /home/guilherme/Documents/weather_datapipeline/airflow_weather/venv/lib/python3.10/site-packages/airflow/example_dags/example_branch_day_of_week_operator.py
[2023-05-19 18:15:34,782] {processor.py:641} INFO - Processing file /home/guilherme/Documents/weather_datapipeline/airflow_weather/venv/lib/python3.10/site-packages/airflow/example_dags/example_branch_day_of_week_operator.py for tasks to queue
[2023-05-19 18:15:34,783] {logging_mixin.py:115} INFO - [2023-05-19 18:15:34,783] {dagbag.py:507} INFO - Filling up the DagBag from /home/guilherme/Documents/weather_datapipeline/airflow_weather/venv/lib/python3.10/site-packages/airflow/example_dags/example_branch_day_of_week_operator.py
[2023-05-19 18:15:34,787] {processor.py:651} INFO - DAG(s) dict_keys(['example_weekday_branch_operator']) retrieved from /home/guilherme/Documents/weather_datapipeline/airflow_weather/venv/lib/python3.10/site-packages/airflow/example_dags/example_branch_day_of_week_operator.py
[2023-05-19 18:15:34,797] {logging_mixin.py:115} INFO - [2023-05-19 18:15:34,797] {dag.py:2379} INFO - Sync 1 DAGs
[2023-05-19 18:15:34,806] {logging_mixin.py:115} INFO - [2023-05-19 18:15:34,806] {dag.py:2927} INFO - Setting next_dagrun for example_weekday_branch_operator to 2023-05-18T00:00:00+00:00, run_after=2023-05-19T00:00:00+00:00
[2023-05-19 18:15:34,812] {processor.py:161} INFO - Processing /home/guilherme/Documents/weather_datapipeline/airflow_weather/venv/lib/python3.10/site-packages/airflow/example_dags/example_branch_day_of_week_operator.py took 0.032 seconds
[2023-05-19 18:16:07,803] {processor.py:153} INFO - Started process (PID=16691) to work on /home/guilherme/Documents/weather_datapipeline/airflow_weather/venv/lib/python3.10/site-packages/airflow/example_dags/example_branch_day_of_week_operator.py
[2023-05-19 18:16:07,804] {processor.py:641} INFO - Processing file /home/guilherme/Documents/weather_datapipeline/airflow_weather/venv/lib/python3.10/site-packages/airflow/example_dags/example_branch_day_of_week_operator.py for tasks to queue
[2023-05-19 18:16:07,804] {logging_mixin.py:115} INFO - [2023-05-19 18:16:07,804] {dagbag.py:507} INFO - Filling up the DagBag from /home/guilherme/Documents/weather_datapipeline/airflow_weather/venv/lib/python3.10/site-packages/airflow/example_dags/example_branch_day_of_week_operator.py
[2023-05-19 18:16:07,808] {processor.py:651} INFO - DAG(s) dict_keys(['example_weekday_branch_operator']) retrieved from /home/guilherme/Documents/weather_datapipeline/airflow_weather/venv/lib/python3.10/site-packages/airflow/example_dags/example_branch_day_of_week_operator.py
[2023-05-19 18:16:07,819] {logging_mixin.py:115} INFO - [2023-05-19 18:16:07,819] {dag.py:2379} INFO - Sync 1 DAGs
[2023-05-19 18:16:07,828] {logging_mixin.py:115} INFO - [2023-05-19 18:16:07,828] {dag.py:2927} INFO - Setting next_dagrun for example_weekday_branch_operator to 2023-05-18T00:00:00+00:00, run_after=2023-05-19T00:00:00+00:00
[2023-05-19 18:16:07,834] {processor.py:161} INFO - Processing /home/guilherme/Documents/weather_datapipeline/airflow_weather/venv/lib/python3.10/site-packages/airflow/example_dags/example_branch_day_of_week_operator.py took 0.032 seconds
[2023-05-19 18:16:42,481] {processor.py:153} INFO - Started process (PID=16887) to work on /home/guilherme/Documents/weather_datapipeline/airflow_weather/venv/lib/python3.10/site-packages/airflow/example_dags/example_branch_day_of_week_operator.py
[2023-05-19 18:16:42,481] {processor.py:641} INFO - Processing file /home/guilherme/Documents/weather_datapipeline/airflow_weather/venv/lib/python3.10/site-packages/airflow/example_dags/example_branch_day_of_week_operator.py for tasks to queue
[2023-05-19 18:16:42,481] {logging_mixin.py:115} INFO - [2023-05-19 18:16:42,481] {dagbag.py:507} INFO - Filling up the DagBag from /home/guilherme/Documents/weather_datapipeline/airflow_weather/venv/lib/python3.10/site-packages/airflow/example_dags/example_branch_day_of_week_operator.py
[2023-05-19 18:16:42,487] {processor.py:651} INFO - DAG(s) dict_keys(['example_weekday_branch_operator']) retrieved from /home/guilherme/Documents/weather_datapipeline/airflow_weather/venv/lib/python3.10/site-packages/airflow/example_dags/example_branch_day_of_week_operator.py
[2023-05-19 18:16:42,497] {logging_mixin.py:115} INFO - [2023-05-19 18:16:42,497] {dag.py:2379} INFO - Sync 1 DAGs
[2023-05-19 18:16:42,507] {logging_mixin.py:115} INFO - [2023-05-19 18:16:42,506] {dag.py:2927} INFO - Setting next_dagrun for example_weekday_branch_operator to 2023-05-18T00:00:00+00:00, run_after=2023-05-19T00:00:00+00:00
[2023-05-19 18:16:42,513] {processor.py:161} INFO - Processing /home/guilherme/Documents/weather_datapipeline/airflow_weather/venv/lib/python3.10/site-packages/airflow/example_dags/example_branch_day_of_week_operator.py took 0.034 seconds
[2023-05-19 18:17:16,073] {processor.py:153} INFO - Started process (PID=17086) to work on /home/guilherme/Documents/weather_datapipeline/airflow_weather/venv/lib/python3.10/site-packages/airflow/example_dags/example_branch_day_of_week_operator.py
[2023-05-19 18:17:16,073] {processor.py:641} INFO - Processing file /home/guilherme/Documents/weather_datapipeline/airflow_weather/venv/lib/python3.10/site-packages/airflow/example_dags/example_branch_day_of_week_operator.py for tasks to queue
[2023-05-19 18:17:16,074] {logging_mixin.py:115} INFO - [2023-05-19 18:17:16,074] {dagbag.py:507} INFO - Filling up the DagBag from /home/guilherme/Documents/weather_datapipeline/airflow_weather/venv/lib/python3.10/site-packages/airflow/example_dags/example_branch_day_of_week_operator.py
[2023-05-19 18:17:16,078] {processor.py:651} INFO - DAG(s) dict_keys(['example_weekday_branch_operator']) retrieved from /home/guilherme/Documents/weather_datapipeline/airflow_weather/venv/lib/python3.10/site-packages/airflow/example_dags/example_branch_day_of_week_operator.py
[2023-05-19 18:17:16,088] {logging_mixin.py:115} INFO - [2023-05-19 18:17:16,088] {dag.py:2379} INFO - Sync 1 DAGs
[2023-05-19 18:17:16,097] {logging_mixin.py:115} INFO - [2023-05-19 18:17:16,097] {dag.py:2927} INFO - Setting next_dagrun for example_weekday_branch_operator to 2023-05-18T00:00:00+00:00, run_after=2023-05-19T00:00:00+00:00
[2023-05-19 18:17:16,103] {processor.py:161} INFO - Processing /home/guilherme/Documents/weather_datapipeline/airflow_weather/venv/lib/python3.10/site-packages/airflow/example_dags/example_branch_day_of_week_operator.py took 0.032 seconds
[2023-05-19 18:17:48,212] {processor.py:153} INFO - Started process (PID=17262) to work on /home/guilherme/Documents/weather_datapipeline/airflow_weather/venv/lib/python3.10/site-packages/airflow/example_dags/example_branch_day_of_week_operator.py
[2023-05-19 18:17:48,213] {processor.py:641} INFO - Processing file /home/guilherme/Documents/weather_datapipeline/airflow_weather/venv/lib/python3.10/site-packages/airflow/example_dags/example_branch_day_of_week_operator.py for tasks to queue
[2023-05-19 18:17:48,213] {logging_mixin.py:115} INFO - [2023-05-19 18:17:48,213] {dagbag.py:507} INFO - Filling up the DagBag from /home/guilherme/Documents/weather_datapipeline/airflow_weather/venv/lib/python3.10/site-packages/airflow/example_dags/example_branch_day_of_week_operator.py
[2023-05-19 18:17:48,219] {processor.py:651} INFO - DAG(s) dict_keys(['example_weekday_branch_operator']) retrieved from /home/guilherme/Documents/weather_datapipeline/airflow_weather/venv/lib/python3.10/site-packages/airflow/example_dags/example_branch_day_of_week_operator.py
[2023-05-19 18:17:48,234] {logging_mixin.py:115} INFO - [2023-05-19 18:17:48,234] {dag.py:2379} INFO - Sync 1 DAGs
[2023-05-19 18:17:48,247] {logging_mixin.py:115} INFO - [2023-05-19 18:17:48,247] {dag.py:2927} INFO - Setting next_dagrun for example_weekday_branch_operator to 2023-05-18T00:00:00+00:00, run_after=2023-05-19T00:00:00+00:00
[2023-05-19 18:17:48,255] {processor.py:161} INFO - Processing /home/guilherme/Documents/weather_datapipeline/airflow_weather/venv/lib/python3.10/site-packages/airflow/example_dags/example_branch_day_of_week_operator.py took 0.044 seconds
[2023-05-19 18:18:22,664] {processor.py:153} INFO - Started process (PID=17503) to work on /home/guilherme/Documents/weather_datapipeline/airflow_weather/venv/lib/python3.10/site-packages/airflow/example_dags/example_branch_day_of_week_operator.py
[2023-05-19 18:18:22,664] {processor.py:641} INFO - Processing file /home/guilherme/Documents/weather_datapipeline/airflow_weather/venv/lib/python3.10/site-packages/airflow/example_dags/example_branch_day_of_week_operator.py for tasks to queue
[2023-05-19 18:18:22,665] {logging_mixin.py:115} INFO - [2023-05-19 18:18:22,664] {dagbag.py:507} INFO - Filling up the DagBag from /home/guilherme/Documents/weather_datapipeline/airflow_weather/venv/lib/python3.10/site-packages/airflow/example_dags/example_branch_day_of_week_operator.py
[2023-05-19 18:18:22,669] {processor.py:651} INFO - DAG(s) dict_keys(['example_weekday_branch_operator']) retrieved from /home/guilherme/Documents/weather_datapipeline/airflow_weather/venv/lib/python3.10/site-packages/airflow/example_dags/example_branch_day_of_week_operator.py
[2023-05-19 18:18:22,680] {logging_mixin.py:115} INFO - [2023-05-19 18:18:22,680] {dag.py:2379} INFO - Sync 1 DAGs
[2023-05-19 18:18:22,689] {logging_mixin.py:115} INFO - [2023-05-19 18:18:22,689] {dag.py:2927} INFO - Setting next_dagrun for example_weekday_branch_operator to 2023-05-18T00:00:00+00:00, run_after=2023-05-19T00:00:00+00:00
[2023-05-19 18:18:22,696] {processor.py:161} INFO - Processing /home/guilherme/Documents/weather_datapipeline/airflow_weather/venv/lib/python3.10/site-packages/airflow/example_dags/example_branch_day_of_week_operator.py took 0.034 seconds
[2023-05-19 18:18:55,649] {processor.py:153} INFO - Started process (PID=17712) to work on /home/guilherme/Documents/weather_datapipeline/airflow_weather/venv/lib/python3.10/site-packages/airflow/example_dags/example_branch_day_of_week_operator.py
[2023-05-19 18:18:55,650] {processor.py:641} INFO - Processing file /home/guilherme/Documents/weather_datapipeline/airflow_weather/venv/lib/python3.10/site-packages/airflow/example_dags/example_branch_day_of_week_operator.py for tasks to queue
[2023-05-19 18:18:55,650] {logging_mixin.py:115} INFO - [2023-05-19 18:18:55,650] {dagbag.py:507} INFO - Filling up the DagBag from /home/guilherme/Documents/weather_datapipeline/airflow_weather/venv/lib/python3.10/site-packages/airflow/example_dags/example_branch_day_of_week_operator.py
[2023-05-19 18:18:55,655] {processor.py:651} INFO - DAG(s) dict_keys(['example_weekday_branch_operator']) retrieved from /home/guilherme/Documents/weather_datapipeline/airflow_weather/venv/lib/python3.10/site-packages/airflow/example_dags/example_branch_day_of_week_operator.py
[2023-05-19 18:18:55,667] {logging_mixin.py:115} INFO - [2023-05-19 18:18:55,667] {dag.py:2379} INFO - Sync 1 DAGs
[2023-05-19 18:18:55,677] {logging_mixin.py:115} INFO - [2023-05-19 18:18:55,677] {dag.py:2927} INFO - Setting next_dagrun for example_weekday_branch_operator to 2023-05-18T00:00:00+00:00, run_after=2023-05-19T00:00:00+00:00
[2023-05-19 18:18:55,683] {processor.py:161} INFO - Processing /home/guilherme/Documents/weather_datapipeline/airflow_weather/venv/lib/python3.10/site-packages/airflow/example_dags/example_branch_day_of_week_operator.py took 0.035 seconds
[2023-05-19 18:19:27,792] {processor.py:153} INFO - Started process (PID=18367) to work on /home/guilherme/Documents/weather_datapipeline/airflow_weather/venv/lib/python3.10/site-packages/airflow/example_dags/example_branch_day_of_week_operator.py
[2023-05-19 18:19:27,792] {processor.py:641} INFO - Processing file /home/guilherme/Documents/weather_datapipeline/airflow_weather/venv/lib/python3.10/site-packages/airflow/example_dags/example_branch_day_of_week_operator.py for tasks to queue
[2023-05-19 18:19:27,792] {logging_mixin.py:115} INFO - [2023-05-19 18:19:27,792] {dagbag.py:507} INFO - Filling up the DagBag from /home/guilherme/Documents/weather_datapipeline/airflow_weather/venv/lib/python3.10/site-packages/airflow/example_dags/example_branch_day_of_week_operator.py
[2023-05-19 18:19:27,796] {processor.py:651} INFO - DAG(s) dict_keys(['example_weekday_branch_operator']) retrieved from /home/guilherme/Documents/weather_datapipeline/airflow_weather/venv/lib/python3.10/site-packages/airflow/example_dags/example_branch_day_of_week_operator.py
[2023-05-19 18:19:27,805] {logging_mixin.py:115} INFO - [2023-05-19 18:19:27,805] {dag.py:2379} INFO - Sync 1 DAGs
[2023-05-19 18:19:27,814] {logging_mixin.py:115} INFO - [2023-05-19 18:19:27,814] {dag.py:2927} INFO - Setting next_dagrun for example_weekday_branch_operator to 2023-05-18T00:00:00+00:00, run_after=2023-05-19T00:00:00+00:00
[2023-05-19 18:19:27,820] {processor.py:161} INFO - Processing /home/guilherme/Documents/weather_datapipeline/airflow_weather/venv/lib/python3.10/site-packages/airflow/example_dags/example_branch_day_of_week_operator.py took 0.030 seconds
[2023-05-19 18:19:59,884] {processor.py:153} INFO - Started process (PID=18556) to work on /home/guilherme/Documents/weather_datapipeline/airflow_weather/venv/lib/python3.10/site-packages/airflow/example_dags/example_branch_day_of_week_operator.py
[2023-05-19 18:19:59,885] {processor.py:641} INFO - Processing file /home/guilherme/Documents/weather_datapipeline/airflow_weather/venv/lib/python3.10/site-packages/airflow/example_dags/example_branch_day_of_week_operator.py for tasks to queue
[2023-05-19 18:19:59,885] {logging_mixin.py:115} INFO - [2023-05-19 18:19:59,885] {dagbag.py:507} INFO - Filling up the DagBag from /home/guilherme/Documents/weather_datapipeline/airflow_weather/venv/lib/python3.10/site-packages/airflow/example_dags/example_branch_day_of_week_operator.py
[2023-05-19 18:19:59,889] {processor.py:651} INFO - DAG(s) dict_keys(['example_weekday_branch_operator']) retrieved from /home/guilherme/Documents/weather_datapipeline/airflow_weather/venv/lib/python3.10/site-packages/airflow/example_dags/example_branch_day_of_week_operator.py
[2023-05-19 18:19:59,902] {logging_mixin.py:115} INFO - [2023-05-19 18:19:59,902] {dag.py:2379} INFO - Sync 1 DAGs
[2023-05-19 18:19:59,917] {logging_mixin.py:115} INFO - [2023-05-19 18:19:59,917] {dag.py:2927} INFO - Setting next_dagrun for example_weekday_branch_operator to 2023-05-18T00:00:00+00:00, run_after=2023-05-19T00:00:00+00:00
[2023-05-19 18:19:59,925] {processor.py:161} INFO - Processing /home/guilherme/Documents/weather_datapipeline/airflow_weather/venv/lib/python3.10/site-packages/airflow/example_dags/example_branch_day_of_week_operator.py took 0.042 seconds
[2023-05-19 18:20:33,253] {processor.py:153} INFO - Started process (PID=18757) to work on /home/guilherme/Documents/weather_datapipeline/airflow_weather/venv/lib/python3.10/site-packages/airflow/example_dags/example_branch_day_of_week_operator.py
[2023-05-19 18:20:33,254] {processor.py:641} INFO - Processing file /home/guilherme/Documents/weather_datapipeline/airflow_weather/venv/lib/python3.10/site-packages/airflow/example_dags/example_branch_day_of_week_operator.py for tasks to queue
[2023-05-19 18:20:33,254] {logging_mixin.py:115} INFO - [2023-05-19 18:20:33,254] {dagbag.py:507} INFO - Filling up the DagBag from /home/guilherme/Documents/weather_datapipeline/airflow_weather/venv/lib/python3.10/site-packages/airflow/example_dags/example_branch_day_of_week_operator.py
[2023-05-19 18:20:33,258] {processor.py:651} INFO - DAG(s) dict_keys(['example_weekday_branch_operator']) retrieved from /home/guilherme/Documents/weather_datapipeline/airflow_weather/venv/lib/python3.10/site-packages/airflow/example_dags/example_branch_day_of_week_operator.py
[2023-05-19 18:20:33,270] {logging_mixin.py:115} INFO - [2023-05-19 18:20:33,270] {dag.py:2379} INFO - Sync 1 DAGs
[2023-05-19 18:20:33,279] {logging_mixin.py:115} INFO - [2023-05-19 18:20:33,279] {dag.py:2927} INFO - Setting next_dagrun for example_weekday_branch_operator to 2023-05-18T00:00:00+00:00, run_after=2023-05-19T00:00:00+00:00
[2023-05-19 18:20:33,285] {processor.py:161} INFO - Processing /home/guilherme/Documents/weather_datapipeline/airflow_weather/venv/lib/python3.10/site-packages/airflow/example_dags/example_branch_day_of_week_operator.py took 0.034 seconds
[2023-05-19 18:21:06,550] {processor.py:153} INFO - Started process (PID=18991) to work on /home/guilherme/Documents/weather_datapipeline/airflow_weather/venv/lib/python3.10/site-packages/airflow/example_dags/example_branch_day_of_week_operator.py
[2023-05-19 18:21:06,550] {processor.py:641} INFO - Processing file /home/guilherme/Documents/weather_datapipeline/airflow_weather/venv/lib/python3.10/site-packages/airflow/example_dags/example_branch_day_of_week_operator.py for tasks to queue
[2023-05-19 18:21:06,551] {logging_mixin.py:115} INFO - [2023-05-19 18:21:06,551] {dagbag.py:507} INFO - Filling up the DagBag from /home/guilherme/Documents/weather_datapipeline/airflow_weather/venv/lib/python3.10/site-packages/airflow/example_dags/example_branch_day_of_week_operator.py
[2023-05-19 18:21:06,555] {processor.py:651} INFO - DAG(s) dict_keys(['example_weekday_branch_operator']) retrieved from /home/guilherme/Documents/weather_datapipeline/airflow_weather/venv/lib/python3.10/site-packages/airflow/example_dags/example_branch_day_of_week_operator.py
[2023-05-19 18:21:06,567] {logging_mixin.py:115} INFO - [2023-05-19 18:21:06,567] {dag.py:2379} INFO - Sync 1 DAGs
[2023-05-19 18:21:06,578] {logging_mixin.py:115} INFO - [2023-05-19 18:21:06,578] {dag.py:2927} INFO - Setting next_dagrun for example_weekday_branch_operator to 2023-05-18T00:00:00+00:00, run_after=2023-05-19T00:00:00+00:00
[2023-05-19 18:21:06,585] {processor.py:161} INFO - Processing /home/guilherme/Documents/weather_datapipeline/airflow_weather/venv/lib/python3.10/site-packages/airflow/example_dags/example_branch_day_of_week_operator.py took 0.037 seconds
[2023-05-19 18:21:39,453] {processor.py:153} INFO - Started process (PID=19166) to work on /home/guilherme/Documents/weather_datapipeline/airflow_weather/venv/lib/python3.10/site-packages/airflow/example_dags/example_branch_day_of_week_operator.py
[2023-05-19 18:21:39,453] {processor.py:641} INFO - Processing file /home/guilherme/Documents/weather_datapipeline/airflow_weather/venv/lib/python3.10/site-packages/airflow/example_dags/example_branch_day_of_week_operator.py for tasks to queue
[2023-05-19 18:21:39,454] {logging_mixin.py:115} INFO - [2023-05-19 18:21:39,454] {dagbag.py:507} INFO - Filling up the DagBag from /home/guilherme/Documents/weather_datapipeline/airflow_weather/venv/lib/python3.10/site-packages/airflow/example_dags/example_branch_day_of_week_operator.py
[2023-05-19 18:21:39,458] {processor.py:651} INFO - DAG(s) dict_keys(['example_weekday_branch_operator']) retrieved from /home/guilherme/Documents/weather_datapipeline/airflow_weather/venv/lib/python3.10/site-packages/airflow/example_dags/example_branch_day_of_week_operator.py
[2023-05-19 18:21:39,467] {logging_mixin.py:115} INFO - [2023-05-19 18:21:39,467] {dag.py:2379} INFO - Sync 1 DAGs
[2023-05-19 18:21:39,476] {logging_mixin.py:115} INFO - [2023-05-19 18:21:39,476] {dag.py:2927} INFO - Setting next_dagrun for example_weekday_branch_operator to 2023-05-18T00:00:00+00:00, run_after=2023-05-19T00:00:00+00:00
[2023-05-19 18:21:39,482] {processor.py:161} INFO - Processing /home/guilherme/Documents/weather_datapipeline/airflow_weather/venv/lib/python3.10/site-packages/airflow/example_dags/example_branch_day_of_week_operator.py took 0.030 seconds
[2023-05-19 18:22:15,482] {processor.py:153} INFO - Started process (PID=19379) to work on /home/guilherme/Documents/weather_datapipeline/airflow_weather/venv/lib/python3.10/site-packages/airflow/example_dags/example_branch_day_of_week_operator.py
[2023-05-19 18:22:15,482] {processor.py:641} INFO - Processing file /home/guilherme/Documents/weather_datapipeline/airflow_weather/venv/lib/python3.10/site-packages/airflow/example_dags/example_branch_day_of_week_operator.py for tasks to queue
[2023-05-19 18:22:15,483] {logging_mixin.py:115} INFO - [2023-05-19 18:22:15,483] {dagbag.py:507} INFO - Filling up the DagBag from /home/guilherme/Documents/weather_datapipeline/airflow_weather/venv/lib/python3.10/site-packages/airflow/example_dags/example_branch_day_of_week_operator.py
[2023-05-19 18:22:15,487] {processor.py:651} INFO - DAG(s) dict_keys(['example_weekday_branch_operator']) retrieved from /home/guilherme/Documents/weather_datapipeline/airflow_weather/venv/lib/python3.10/site-packages/airflow/example_dags/example_branch_day_of_week_operator.py
[2023-05-19 18:22:15,499] {logging_mixin.py:115} INFO - [2023-05-19 18:22:15,499] {dag.py:2379} INFO - Sync 1 DAGs
[2023-05-19 18:22:15,511] {logging_mixin.py:115} INFO - [2023-05-19 18:22:15,511] {dag.py:2927} INFO - Setting next_dagrun for example_weekday_branch_operator to 2023-05-18T00:00:00+00:00, run_after=2023-05-19T00:00:00+00:00
[2023-05-19 18:22:15,520] {processor.py:161} INFO - Processing /home/guilherme/Documents/weather_datapipeline/airflow_weather/venv/lib/python3.10/site-packages/airflow/example_dags/example_branch_day_of_week_operator.py took 0.040 seconds
[2023-05-19 18:22:46,284] {processor.py:153} INFO - Started process (PID=19589) to work on /home/guilherme/Documents/weather_datapipeline/airflow_weather/venv/lib/python3.10/site-packages/airflow/example_dags/example_branch_day_of_week_operator.py
[2023-05-19 18:22:46,285] {processor.py:641} INFO - Processing file /home/guilherme/Documents/weather_datapipeline/airflow_weather/venv/lib/python3.10/site-packages/airflow/example_dags/example_branch_day_of_week_operator.py for tasks to queue
[2023-05-19 18:22:46,286] {logging_mixin.py:115} INFO - [2023-05-19 18:22:46,286] {dagbag.py:507} INFO - Filling up the DagBag from /home/guilherme/Documents/weather_datapipeline/airflow_weather/venv/lib/python3.10/site-packages/airflow/example_dags/example_branch_day_of_week_operator.py
[2023-05-19 18:22:46,290] {processor.py:651} INFO - DAG(s) dict_keys(['example_weekday_branch_operator']) retrieved from /home/guilherme/Documents/weather_datapipeline/airflow_weather/venv/lib/python3.10/site-packages/airflow/example_dags/example_branch_day_of_week_operator.py
[2023-05-19 18:22:46,303] {logging_mixin.py:115} INFO - [2023-05-19 18:22:46,303] {dag.py:2379} INFO - Sync 1 DAGs
[2023-05-19 18:22:46,313] {logging_mixin.py:115} INFO - [2023-05-19 18:22:46,313] {dag.py:2927} INFO - Setting next_dagrun for example_weekday_branch_operator to 2023-05-18T00:00:00+00:00, run_after=2023-05-19T00:00:00+00:00
[2023-05-19 18:22:46,320] {processor.py:161} INFO - Processing /home/guilherme/Documents/weather_datapipeline/airflow_weather/venv/lib/python3.10/site-packages/airflow/example_dags/example_branch_day_of_week_operator.py took 0.038 seconds
[2023-05-19 18:23:25,082] {processor.py:153} INFO - Started process (PID=19812) to work on /home/guilherme/Documents/weather_datapipeline/airflow_weather/venv/lib/python3.10/site-packages/airflow/example_dags/example_branch_day_of_week_operator.py
[2023-05-19 18:23:25,083] {processor.py:641} INFO - Processing file /home/guilherme/Documents/weather_datapipeline/airflow_weather/venv/lib/python3.10/site-packages/airflow/example_dags/example_branch_day_of_week_operator.py for tasks to queue
[2023-05-19 18:23:25,083] {logging_mixin.py:115} INFO - [2023-05-19 18:23:25,083] {dagbag.py:507} INFO - Filling up the DagBag from /home/guilherme/Documents/weather_datapipeline/airflow_weather/venv/lib/python3.10/site-packages/airflow/example_dags/example_branch_day_of_week_operator.py
[2023-05-19 18:23:25,090] {processor.py:651} INFO - DAG(s) dict_keys(['example_weekday_branch_operator']) retrieved from /home/guilherme/Documents/weather_datapipeline/airflow_weather/venv/lib/python3.10/site-packages/airflow/example_dags/example_branch_day_of_week_operator.py
[2023-05-19 18:23:25,104] {logging_mixin.py:115} INFO - [2023-05-19 18:23:25,104] {dag.py:2379} INFO - Sync 1 DAGs
[2023-05-19 18:23:25,115] {logging_mixin.py:115} INFO - [2023-05-19 18:23:25,115] {dag.py:2927} INFO - Setting next_dagrun for example_weekday_branch_operator to 2023-05-18T00:00:00+00:00, run_after=2023-05-19T00:00:00+00:00
[2023-05-19 18:23:25,123] {processor.py:161} INFO - Processing /home/guilherme/Documents/weather_datapipeline/airflow_weather/venv/lib/python3.10/site-packages/airflow/example_dags/example_branch_day_of_week_operator.py took 0.043 seconds
[2023-05-19 18:23:55,872] {processor.py:153} INFO - Started process (PID=19995) to work on /home/guilherme/Documents/weather_datapipeline/airflow_weather/venv/lib/python3.10/site-packages/airflow/example_dags/example_branch_day_of_week_operator.py
[2023-05-19 18:23:55,873] {processor.py:641} INFO - Processing file /home/guilherme/Documents/weather_datapipeline/airflow_weather/venv/lib/python3.10/site-packages/airflow/example_dags/example_branch_day_of_week_operator.py for tasks to queue
[2023-05-19 18:23:55,873] {logging_mixin.py:115} INFO - [2023-05-19 18:23:55,873] {dagbag.py:507} INFO - Filling up the DagBag from /home/guilherme/Documents/weather_datapipeline/airflow_weather/venv/lib/python3.10/site-packages/airflow/example_dags/example_branch_day_of_week_operator.py
[2023-05-19 18:23:55,878] {processor.py:651} INFO - DAG(s) dict_keys(['example_weekday_branch_operator']) retrieved from /home/guilherme/Documents/weather_datapipeline/airflow_weather/venv/lib/python3.10/site-packages/airflow/example_dags/example_branch_day_of_week_operator.py
[2023-05-19 18:23:55,892] {logging_mixin.py:115} INFO - [2023-05-19 18:23:55,891] {dag.py:2379} INFO - Sync 1 DAGs
[2023-05-19 18:23:55,904] {logging_mixin.py:115} INFO - [2023-05-19 18:23:55,904] {dag.py:2927} INFO - Setting next_dagrun for example_weekday_branch_operator to 2023-05-18T00:00:00+00:00, run_after=2023-05-19T00:00:00+00:00
[2023-05-19 18:23:55,912] {processor.py:161} INFO - Processing /home/guilherme/Documents/weather_datapipeline/airflow_weather/venv/lib/python3.10/site-packages/airflow/example_dags/example_branch_day_of_week_operator.py took 0.042 seconds
[2023-05-19 18:24:33,641] {processor.py:153} INFO - Started process (PID=20112) to work on /home/guilherme/Documents/weather_datapipeline/airflow_weather/venv/lib/python3.10/site-packages/airflow/example_dags/example_branch_day_of_week_operator.py
[2023-05-19 18:24:33,642] {processor.py:641} INFO - Processing file /home/guilherme/Documents/weather_datapipeline/airflow_weather/venv/lib/python3.10/site-packages/airflow/example_dags/example_branch_day_of_week_operator.py for tasks to queue
[2023-05-19 18:24:33,642] {logging_mixin.py:115} INFO - [2023-05-19 18:24:33,642] {dagbag.py:507} INFO - Filling up the DagBag from /home/guilherme/Documents/weather_datapipeline/airflow_weather/venv/lib/python3.10/site-packages/airflow/example_dags/example_branch_day_of_week_operator.py
[2023-05-19 18:24:33,647] {processor.py:651} INFO - DAG(s) dict_keys(['example_weekday_branch_operator']) retrieved from /home/guilherme/Documents/weather_datapipeline/airflow_weather/venv/lib/python3.10/site-packages/airflow/example_dags/example_branch_day_of_week_operator.py
[2023-05-19 18:24:33,657] {logging_mixin.py:115} INFO - [2023-05-19 18:24:33,657] {dag.py:2379} INFO - Sync 1 DAGs
[2023-05-19 18:24:33,666] {logging_mixin.py:115} INFO - [2023-05-19 18:24:33,666] {dag.py:2927} INFO - Setting next_dagrun for example_weekday_branch_operator to 2023-05-18T00:00:00+00:00, run_after=2023-05-19T00:00:00+00:00
[2023-05-19 18:24:33,673] {processor.py:161} INFO - Processing /home/guilherme/Documents/weather_datapipeline/airflow_weather/venv/lib/python3.10/site-packages/airflow/example_dags/example_branch_day_of_week_operator.py took 0.033 seconds
[2023-05-19 18:25:06,277] {processor.py:153} INFO - Started process (PID=20149) to work on /home/guilherme/Documents/weather_datapipeline/airflow_weather/venv/lib/python3.10/site-packages/airflow/example_dags/example_branch_day_of_week_operator.py
[2023-05-19 18:25:06,278] {processor.py:641} INFO - Processing file /home/guilherme/Documents/weather_datapipeline/airflow_weather/venv/lib/python3.10/site-packages/airflow/example_dags/example_branch_day_of_week_operator.py for tasks to queue
[2023-05-19 18:25:06,278] {logging_mixin.py:115} INFO - [2023-05-19 18:25:06,278] {dagbag.py:507} INFO - Filling up the DagBag from /home/guilherme/Documents/weather_datapipeline/airflow_weather/venv/lib/python3.10/site-packages/airflow/example_dags/example_branch_day_of_week_operator.py
[2023-05-19 18:25:06,282] {processor.py:651} INFO - DAG(s) dict_keys(['example_weekday_branch_operator']) retrieved from /home/guilherme/Documents/weather_datapipeline/airflow_weather/venv/lib/python3.10/site-packages/airflow/example_dags/example_branch_day_of_week_operator.py
[2023-05-19 18:25:06,292] {logging_mixin.py:115} INFO - [2023-05-19 18:25:06,292] {dag.py:2379} INFO - Sync 1 DAGs
[2023-05-19 18:25:06,302] {logging_mixin.py:115} INFO - [2023-05-19 18:25:06,301] {dag.py:2927} INFO - Setting next_dagrun for example_weekday_branch_operator to 2023-05-18T00:00:00+00:00, run_after=2023-05-19T00:00:00+00:00
[2023-05-19 18:25:06,308] {processor.py:161} INFO - Processing /home/guilherme/Documents/weather_datapipeline/airflow_weather/venv/lib/python3.10/site-packages/airflow/example_dags/example_branch_day_of_week_operator.py took 0.032 seconds
[2023-05-19 18:25:40,717] {processor.py:153} INFO - Started process (PID=20186) to work on /home/guilherme/Documents/weather_datapipeline/airflow_weather/venv/lib/python3.10/site-packages/airflow/example_dags/example_branch_day_of_week_operator.py
[2023-05-19 18:25:40,717] {processor.py:641} INFO - Processing file /home/guilherme/Documents/weather_datapipeline/airflow_weather/venv/lib/python3.10/site-packages/airflow/example_dags/example_branch_day_of_week_operator.py for tasks to queue
[2023-05-19 18:25:40,718] {logging_mixin.py:115} INFO - [2023-05-19 18:25:40,718] {dagbag.py:507} INFO - Filling up the DagBag from /home/guilherme/Documents/weather_datapipeline/airflow_weather/venv/lib/python3.10/site-packages/airflow/example_dags/example_branch_day_of_week_operator.py
[2023-05-19 18:25:40,722] {processor.py:651} INFO - DAG(s) dict_keys(['example_weekday_branch_operator']) retrieved from /home/guilherme/Documents/weather_datapipeline/airflow_weather/venv/lib/python3.10/site-packages/airflow/example_dags/example_branch_day_of_week_operator.py
[2023-05-19 18:25:40,733] {logging_mixin.py:115} INFO - [2023-05-19 18:25:40,733] {dag.py:2379} INFO - Sync 1 DAGs
[2023-05-19 18:25:40,748] {logging_mixin.py:115} INFO - [2023-05-19 18:25:40,747] {dag.py:2927} INFO - Setting next_dagrun for example_weekday_branch_operator to 2023-05-18T00:00:00+00:00, run_after=2023-05-19T00:00:00+00:00
[2023-05-19 18:25:40,757] {processor.py:161} INFO - Processing /home/guilherme/Documents/weather_datapipeline/airflow_weather/venv/lib/python3.10/site-packages/airflow/example_dags/example_branch_day_of_week_operator.py took 0.041 seconds
[2023-05-19 18:26:14,368] {processor.py:153} INFO - Started process (PID=20386) to work on /home/guilherme/Documents/weather_datapipeline/airflow_weather/venv/lib/python3.10/site-packages/airflow/example_dags/example_branch_day_of_week_operator.py
[2023-05-19 18:26:14,369] {processor.py:641} INFO - Processing file /home/guilherme/Documents/weather_datapipeline/airflow_weather/venv/lib/python3.10/site-packages/airflow/example_dags/example_branch_day_of_week_operator.py for tasks to queue
[2023-05-19 18:26:14,369] {logging_mixin.py:115} INFO - [2023-05-19 18:26:14,369] {dagbag.py:507} INFO - Filling up the DagBag from /home/guilherme/Documents/weather_datapipeline/airflow_weather/venv/lib/python3.10/site-packages/airflow/example_dags/example_branch_day_of_week_operator.py
[2023-05-19 18:26:14,373] {processor.py:651} INFO - DAG(s) dict_keys(['example_weekday_branch_operator']) retrieved from /home/guilherme/Documents/weather_datapipeline/airflow_weather/venv/lib/python3.10/site-packages/airflow/example_dags/example_branch_day_of_week_operator.py
[2023-05-19 18:26:14,384] {logging_mixin.py:115} INFO - [2023-05-19 18:26:14,384] {dag.py:2379} INFO - Sync 1 DAGs
[2023-05-19 18:26:14,396] {logging_mixin.py:115} INFO - [2023-05-19 18:26:14,396] {dag.py:2927} INFO - Setting next_dagrun for example_weekday_branch_operator to 2023-05-18T00:00:00+00:00, run_after=2023-05-19T00:00:00+00:00
[2023-05-19 18:26:14,403] {processor.py:161} INFO - Processing /home/guilherme/Documents/weather_datapipeline/airflow_weather/venv/lib/python3.10/site-packages/airflow/example_dags/example_branch_day_of_week_operator.py took 0.037 seconds
[2023-05-19 18:26:52,013] {processor.py:153} INFO - Started process (PID=20545) to work on /home/guilherme/Documents/weather_datapipeline/airflow_weather/venv/lib/python3.10/site-packages/airflow/example_dags/example_branch_day_of_week_operator.py
[2023-05-19 18:26:52,014] {processor.py:641} INFO - Processing file /home/guilherme/Documents/weather_datapipeline/airflow_weather/venv/lib/python3.10/site-packages/airflow/example_dags/example_branch_day_of_week_operator.py for tasks to queue
[2023-05-19 18:26:52,014] {logging_mixin.py:115} INFO - [2023-05-19 18:26:52,014] {dagbag.py:507} INFO - Filling up the DagBag from /home/guilherme/Documents/weather_datapipeline/airflow_weather/venv/lib/python3.10/site-packages/airflow/example_dags/example_branch_day_of_week_operator.py
[2023-05-19 18:26:52,018] {processor.py:651} INFO - DAG(s) dict_keys(['example_weekday_branch_operator']) retrieved from /home/guilherme/Documents/weather_datapipeline/airflow_weather/venv/lib/python3.10/site-packages/airflow/example_dags/example_branch_day_of_week_operator.py
[2023-05-19 18:26:52,028] {logging_mixin.py:115} INFO - [2023-05-19 18:26:52,028] {dag.py:2379} INFO - Sync 1 DAGs
[2023-05-19 18:26:52,037] {logging_mixin.py:115} INFO - [2023-05-19 18:26:52,037] {dag.py:2927} INFO - Setting next_dagrun for example_weekday_branch_operator to 2023-05-18T00:00:00+00:00, run_after=2023-05-19T00:00:00+00:00
[2023-05-19 18:26:52,043] {processor.py:161} INFO - Processing /home/guilherme/Documents/weather_datapipeline/airflow_weather/venv/lib/python3.10/site-packages/airflow/example_dags/example_branch_day_of_week_operator.py took 0.032 seconds
[2023-05-19 18:28:01,814] {processor.py:153} INFO - Started process (PID=20708) to work on /home/guilherme/Documents/weather_datapipeline/airflow_weather/venv/lib/python3.10/site-packages/airflow/example_dags/example_branch_day_of_week_operator.py
[2023-05-19 18:28:01,815] {processor.py:641} INFO - Processing file /home/guilherme/Documents/weather_datapipeline/airflow_weather/venv/lib/python3.10/site-packages/airflow/example_dags/example_branch_day_of_week_operator.py for tasks to queue
[2023-05-19 18:28:01,815] {logging_mixin.py:115} INFO - [2023-05-19 18:28:01,815] {dagbag.py:507} INFO - Filling up the DagBag from /home/guilherme/Documents/weather_datapipeline/airflow_weather/venv/lib/python3.10/site-packages/airflow/example_dags/example_branch_day_of_week_operator.py
[2023-05-19 18:28:01,820] {processor.py:651} INFO - DAG(s) dict_keys(['example_weekday_branch_operator']) retrieved from /home/guilherme/Documents/weather_datapipeline/airflow_weather/venv/lib/python3.10/site-packages/airflow/example_dags/example_branch_day_of_week_operator.py
[2023-05-19 18:28:01,831] {logging_mixin.py:115} INFO - [2023-05-19 18:28:01,831] {dag.py:2379} INFO - Sync 1 DAGs
[2023-05-19 18:28:01,846] {logging_mixin.py:115} INFO - [2023-05-19 18:28:01,846] {dag.py:2927} INFO - Setting next_dagrun for example_weekday_branch_operator to 2023-05-18T00:00:00+00:00, run_after=2023-05-19T00:00:00+00:00
[2023-05-19 18:28:01,854] {processor.py:161} INFO - Processing /home/guilherme/Documents/weather_datapipeline/airflow_weather/venv/lib/python3.10/site-packages/airflow/example_dags/example_branch_day_of_week_operator.py took 0.042 seconds
[2023-05-19 18:28:34,339] {processor.py:153} INFO - Started process (PID=20787) to work on /home/guilherme/Documents/weather_datapipeline/airflow_weather/venv/lib/python3.10/site-packages/airflow/example_dags/example_branch_day_of_week_operator.py
[2023-05-19 18:28:34,340] {processor.py:641} INFO - Processing file /home/guilherme/Documents/weather_datapipeline/airflow_weather/venv/lib/python3.10/site-packages/airflow/example_dags/example_branch_day_of_week_operator.py for tasks to queue
[2023-05-19 18:28:34,340] {logging_mixin.py:115} INFO - [2023-05-19 18:28:34,340] {dagbag.py:507} INFO - Filling up the DagBag from /home/guilherme/Documents/weather_datapipeline/airflow_weather/venv/lib/python3.10/site-packages/airflow/example_dags/example_branch_day_of_week_operator.py
[2023-05-19 18:28:34,344] {processor.py:651} INFO - DAG(s) dict_keys(['example_weekday_branch_operator']) retrieved from /home/guilherme/Documents/weather_datapipeline/airflow_weather/venv/lib/python3.10/site-packages/airflow/example_dags/example_branch_day_of_week_operator.py
[2023-05-19 18:28:34,354] {logging_mixin.py:115} INFO - [2023-05-19 18:28:34,354] {dag.py:2379} INFO - Sync 1 DAGs
[2023-05-19 18:28:34,363] {logging_mixin.py:115} INFO - [2023-05-19 18:28:34,363] {dag.py:2927} INFO - Setting next_dagrun for example_weekday_branch_operator to 2023-05-18T00:00:00+00:00, run_after=2023-05-19T00:00:00+00:00
[2023-05-19 18:28:34,370] {processor.py:161} INFO - Processing /home/guilherme/Documents/weather_datapipeline/airflow_weather/venv/lib/python3.10/site-packages/airflow/example_dags/example_branch_day_of_week_operator.py took 0.033 seconds
