[2023-05-19 17:59:39,020] {processor.py:153} INFO - Started process (PID=11074) to work on /home/guilherme/Documents/weather_datapipeline/airflow_weather/venv/lib/python3.10/site-packages/airflow/example_dags/example_skip_dag.py
[2023-05-19 17:59:39,020] {processor.py:641} INFO - Processing file /home/guilherme/Documents/weather_datapipeline/airflow_weather/venv/lib/python3.10/site-packages/airflow/example_dags/example_skip_dag.py for tasks to queue
[2023-05-19 17:59:39,021] {logging_mixin.py:115} INFO - [2023-05-19 17:59:39,021] {dagbag.py:507} INFO - Filling up the DagBag from /home/guilherme/Documents/weather_datapipeline/airflow_weather/venv/lib/python3.10/site-packages/airflow/example_dags/example_skip_dag.py
[2023-05-19 17:59:39,024] {processor.py:651} INFO - DAG(s) dict_keys(['example_skip_dag']) retrieved from /home/guilherme/Documents/weather_datapipeline/airflow_weather/venv/lib/python3.10/site-packages/airflow/example_dags/example_skip_dag.py
[2023-05-19 17:59:39,056] {logging_mixin.py:115} INFO - [2023-05-19 17:59:39,056] {manager.py:508} INFO - Created Permission View: can edit on DAG:example_skip_dag
[2023-05-19 17:59:39,063] {logging_mixin.py:115} INFO - [2023-05-19 17:59:39,062] {manager.py:508} INFO - Created Permission View: can delete on DAG:example_skip_dag
[2023-05-19 17:59:39,068] {logging_mixin.py:115} INFO - [2023-05-19 17:59:39,068] {manager.py:508} INFO - Created Permission View: can read on DAG:example_skip_dag
[2023-05-19 17:59:39,068] {logging_mixin.py:115} INFO - [2023-05-19 17:59:39,068] {dag.py:2379} INFO - Sync 1 DAGs
[2023-05-19 17:59:39,071] {logging_mixin.py:115} INFO - [2023-05-19 17:59:39,071] {dag.py:2398} INFO - Creating ORM DAG for example_skip_dag
[2023-05-19 17:59:39,076] {logging_mixin.py:115} INFO - [2023-05-19 17:59:39,076] {dag.py:2927} INFO - Setting next_dagrun for example_skip_dag to 2023-05-18T20:59:39.076230+00:00, run_after=2023-05-19T20:59:39.076230+00:00
[2023-05-19 17:59:39,083] {processor.py:161} INFO - Processing /home/guilherme/Documents/weather_datapipeline/airflow_weather/venv/lib/python3.10/site-packages/airflow/example_dags/example_skip_dag.py took 0.064 seconds
[2023-05-19 18:00:11,196] {processor.py:153} INFO - Started process (PID=11149) to work on /home/guilherme/Documents/weather_datapipeline/airflow_weather/venv/lib/python3.10/site-packages/airflow/example_dags/example_skip_dag.py
[2023-05-19 18:00:11,197] {processor.py:641} INFO - Processing file /home/guilherme/Documents/weather_datapipeline/airflow_weather/venv/lib/python3.10/site-packages/airflow/example_dags/example_skip_dag.py for tasks to queue
[2023-05-19 18:00:11,197] {logging_mixin.py:115} INFO - [2023-05-19 18:00:11,197] {dagbag.py:507} INFO - Filling up the DagBag from /home/guilherme/Documents/weather_datapipeline/airflow_weather/venv/lib/python3.10/site-packages/airflow/example_dags/example_skip_dag.py
[2023-05-19 18:00:11,200] {processor.py:651} INFO - DAG(s) dict_keys(['example_skip_dag']) retrieved from /home/guilherme/Documents/weather_datapipeline/airflow_weather/venv/lib/python3.10/site-packages/airflow/example_dags/example_skip_dag.py
[2023-05-19 18:00:11,208] {logging_mixin.py:115} INFO - [2023-05-19 18:00:11,208] {dag.py:2379} INFO - Sync 1 DAGs
[2023-05-19 18:00:11,218] {logging_mixin.py:115} INFO - [2023-05-19 18:00:11,217] {dag.py:2927} INFO - Setting next_dagrun for example_skip_dag to 2023-05-18T21:00:11.217822+00:00, run_after=2023-05-19T21:00:11.217822+00:00
[2023-05-19 18:00:11,223] {processor.py:161} INFO - Processing /home/guilherme/Documents/weather_datapipeline/airflow_weather/venv/lib/python3.10/site-packages/airflow/example_dags/example_skip_dag.py took 0.029 seconds
[2023-05-19 18:00:44,235] {processor.py:153} INFO - Started process (PID=11222) to work on /home/guilherme/Documents/weather_datapipeline/airflow_weather/venv/lib/python3.10/site-packages/airflow/example_dags/example_skip_dag.py
[2023-05-19 18:00:44,235] {processor.py:641} INFO - Processing file /home/guilherme/Documents/weather_datapipeline/airflow_weather/venv/lib/python3.10/site-packages/airflow/example_dags/example_skip_dag.py for tasks to queue
[2023-05-19 18:00:44,236] {logging_mixin.py:115} INFO - [2023-05-19 18:00:44,236] {dagbag.py:507} INFO - Filling up the DagBag from /home/guilherme/Documents/weather_datapipeline/airflow_weather/venv/lib/python3.10/site-packages/airflow/example_dags/example_skip_dag.py
[2023-05-19 18:00:44,238] {processor.py:651} INFO - DAG(s) dict_keys(['example_skip_dag']) retrieved from /home/guilherme/Documents/weather_datapipeline/airflow_weather/venv/lib/python3.10/site-packages/airflow/example_dags/example_skip_dag.py
[2023-05-19 18:00:44,249] {logging_mixin.py:115} INFO - [2023-05-19 18:00:44,249] {dag.py:2379} INFO - Sync 1 DAGs
[2023-05-19 18:00:44,260] {logging_mixin.py:115} INFO - [2023-05-19 18:00:44,260] {dag.py:2927} INFO - Setting next_dagrun for example_skip_dag to 2023-05-18T21:00:44.260482+00:00, run_after=2023-05-19T21:00:44.260482+00:00
[2023-05-19 18:00:44,268] {processor.py:161} INFO - Processing /home/guilherme/Documents/weather_datapipeline/airflow_weather/venv/lib/python3.10/site-packages/airflow/example_dags/example_skip_dag.py took 0.035 seconds
[2023-05-19 18:01:16,320] {processor.py:153} INFO - Started process (PID=11287) to work on /home/guilherme/Documents/weather_datapipeline/airflow_weather/venv/lib/python3.10/site-packages/airflow/example_dags/example_skip_dag.py
[2023-05-19 18:01:16,321] {processor.py:641} INFO - Processing file /home/guilherme/Documents/weather_datapipeline/airflow_weather/venv/lib/python3.10/site-packages/airflow/example_dags/example_skip_dag.py for tasks to queue
[2023-05-19 18:01:16,321] {logging_mixin.py:115} INFO - [2023-05-19 18:01:16,321] {dagbag.py:507} INFO - Filling up the DagBag from /home/guilherme/Documents/weather_datapipeline/airflow_weather/venv/lib/python3.10/site-packages/airflow/example_dags/example_skip_dag.py
[2023-05-19 18:01:16,324] {processor.py:651} INFO - DAG(s) dict_keys(['example_skip_dag']) retrieved from /home/guilherme/Documents/weather_datapipeline/airflow_weather/venv/lib/python3.10/site-packages/airflow/example_dags/example_skip_dag.py
[2023-05-19 18:01:16,332] {logging_mixin.py:115} INFO - [2023-05-19 18:01:16,332] {dag.py:2379} INFO - Sync 1 DAGs
[2023-05-19 18:01:16,341] {logging_mixin.py:115} INFO - [2023-05-19 18:01:16,341] {dag.py:2927} INFO - Setting next_dagrun for example_skip_dag to 2023-05-18T21:01:16.341723+00:00, run_after=2023-05-19T21:01:16.341723+00:00
[2023-05-19 18:01:16,348] {processor.py:161} INFO - Processing /home/guilherme/Documents/weather_datapipeline/airflow_weather/venv/lib/python3.10/site-packages/airflow/example_dags/example_skip_dag.py took 0.029 seconds
[2023-05-19 18:01:48,644] {processor.py:153} INFO - Started process (PID=11477) to work on /home/guilherme/Documents/weather_datapipeline/airflow_weather/venv/lib/python3.10/site-packages/airflow/example_dags/example_skip_dag.py
[2023-05-19 18:01:48,644] {processor.py:641} INFO - Processing file /home/guilherme/Documents/weather_datapipeline/airflow_weather/venv/lib/python3.10/site-packages/airflow/example_dags/example_skip_dag.py for tasks to queue
[2023-05-19 18:01:48,645] {logging_mixin.py:115} INFO - [2023-05-19 18:01:48,645] {dagbag.py:507} INFO - Filling up the DagBag from /home/guilherme/Documents/weather_datapipeline/airflow_weather/venv/lib/python3.10/site-packages/airflow/example_dags/example_skip_dag.py
[2023-05-19 18:01:48,648] {processor.py:651} INFO - DAG(s) dict_keys(['example_skip_dag']) retrieved from /home/guilherme/Documents/weather_datapipeline/airflow_weather/venv/lib/python3.10/site-packages/airflow/example_dags/example_skip_dag.py
[2023-05-19 18:01:48,657] {logging_mixin.py:115} INFO - [2023-05-19 18:01:48,657] {dag.py:2379} INFO - Sync 1 DAGs
[2023-05-19 18:01:48,666] {logging_mixin.py:115} INFO - [2023-05-19 18:01:48,666] {dag.py:2927} INFO - Setting next_dagrun for example_skip_dag to 2023-05-18T21:01:48.666445+00:00, run_after=2023-05-19T21:01:48.666445+00:00
[2023-05-19 18:01:48,674] {processor.py:161} INFO - Processing /home/guilherme/Documents/weather_datapipeline/airflow_weather/venv/lib/python3.10/site-packages/airflow/example_dags/example_skip_dag.py took 0.032 seconds
[2023-05-19 18:02:23,336] {processor.py:153} INFO - Started process (PID=11848) to work on /home/guilherme/Documents/weather_datapipeline/airflow_weather/venv/lib/python3.10/site-packages/airflow/example_dags/example_skip_dag.py
[2023-05-19 18:02:23,336] {processor.py:641} INFO - Processing file /home/guilherme/Documents/weather_datapipeline/airflow_weather/venv/lib/python3.10/site-packages/airflow/example_dags/example_skip_dag.py for tasks to queue
[2023-05-19 18:02:23,337] {logging_mixin.py:115} INFO - [2023-05-19 18:02:23,336] {dagbag.py:507} INFO - Filling up the DagBag from /home/guilherme/Documents/weather_datapipeline/airflow_weather/venv/lib/python3.10/site-packages/airflow/example_dags/example_skip_dag.py
[2023-05-19 18:02:23,339] {processor.py:651} INFO - DAG(s) dict_keys(['example_skip_dag']) retrieved from /home/guilherme/Documents/weather_datapipeline/airflow_weather/venv/lib/python3.10/site-packages/airflow/example_dags/example_skip_dag.py
[2023-05-19 18:02:23,348] {logging_mixin.py:115} INFO - [2023-05-19 18:02:23,348] {dag.py:2379} INFO - Sync 1 DAGs
[2023-05-19 18:02:23,357] {logging_mixin.py:115} INFO - [2023-05-19 18:02:23,357] {dag.py:2927} INFO - Setting next_dagrun for example_skip_dag to 2023-05-18T21:02:23.357684+00:00, run_after=2023-05-19T21:02:23.357684+00:00
[2023-05-19 18:02:23,363] {processor.py:161} INFO - Processing /home/guilherme/Documents/weather_datapipeline/airflow_weather/venv/lib/python3.10/site-packages/airflow/example_dags/example_skip_dag.py took 0.029 seconds
[2023-05-19 18:02:54,110] {processor.py:153} INFO - Started process (PID=12161) to work on /home/guilherme/Documents/weather_datapipeline/airflow_weather/venv/lib/python3.10/site-packages/airflow/example_dags/example_skip_dag.py
[2023-05-19 18:02:54,110] {processor.py:641} INFO - Processing file /home/guilherme/Documents/weather_datapipeline/airflow_weather/venv/lib/python3.10/site-packages/airflow/example_dags/example_skip_dag.py for tasks to queue
[2023-05-19 18:02:54,110] {logging_mixin.py:115} INFO - [2023-05-19 18:02:54,110] {dagbag.py:507} INFO - Filling up the DagBag from /home/guilherme/Documents/weather_datapipeline/airflow_weather/venv/lib/python3.10/site-packages/airflow/example_dags/example_skip_dag.py
[2023-05-19 18:02:54,113] {processor.py:651} INFO - DAG(s) dict_keys(['example_skip_dag']) retrieved from /home/guilherme/Documents/weather_datapipeline/airflow_weather/venv/lib/python3.10/site-packages/airflow/example_dags/example_skip_dag.py
[2023-05-19 18:02:54,121] {logging_mixin.py:115} INFO - [2023-05-19 18:02:54,121] {dag.py:2379} INFO - Sync 1 DAGs
[2023-05-19 18:02:54,131] {logging_mixin.py:115} INFO - [2023-05-19 18:02:54,131] {dag.py:2927} INFO - Setting next_dagrun for example_skip_dag to 2023-05-18T21:02:54.131654+00:00, run_after=2023-05-19T21:02:54.131654+00:00
[2023-05-19 18:02:54,138] {processor.py:161} INFO - Processing /home/guilherme/Documents/weather_datapipeline/airflow_weather/venv/lib/python3.10/site-packages/airflow/example_dags/example_skip_dag.py took 0.029 seconds
[2023-05-19 18:03:27,912] {processor.py:153} INFO - Started process (PID=12299) to work on /home/guilherme/Documents/weather_datapipeline/airflow_weather/venv/lib/python3.10/site-packages/airflow/example_dags/example_skip_dag.py
[2023-05-19 18:03:27,913] {processor.py:641} INFO - Processing file /home/guilherme/Documents/weather_datapipeline/airflow_weather/venv/lib/python3.10/site-packages/airflow/example_dags/example_skip_dag.py for tasks to queue
[2023-05-19 18:03:27,913] {logging_mixin.py:115} INFO - [2023-05-19 18:03:27,913] {dagbag.py:507} INFO - Filling up the DagBag from /home/guilherme/Documents/weather_datapipeline/airflow_weather/venv/lib/python3.10/site-packages/airflow/example_dags/example_skip_dag.py
[2023-05-19 18:03:27,916] {processor.py:651} INFO - DAG(s) dict_keys(['example_skip_dag']) retrieved from /home/guilherme/Documents/weather_datapipeline/airflow_weather/venv/lib/python3.10/site-packages/airflow/example_dags/example_skip_dag.py
[2023-05-19 18:03:27,925] {logging_mixin.py:115} INFO - [2023-05-19 18:03:27,925] {dag.py:2379} INFO - Sync 1 DAGs
[2023-05-19 18:03:27,935] {logging_mixin.py:115} INFO - [2023-05-19 18:03:27,935] {dag.py:2927} INFO - Setting next_dagrun for example_skip_dag to 2023-05-18T21:03:27.935420+00:00, run_after=2023-05-19T21:03:27.935420+00:00
[2023-05-19 18:03:27,941] {processor.py:161} INFO - Processing /home/guilherme/Documents/weather_datapipeline/airflow_weather/venv/lib/python3.10/site-packages/airflow/example_dags/example_skip_dag.py took 0.030 seconds
[2023-05-19 18:04:00,675] {processor.py:153} INFO - Started process (PID=12422) to work on /home/guilherme/Documents/weather_datapipeline/airflow_weather/venv/lib/python3.10/site-packages/airflow/example_dags/example_skip_dag.py
[2023-05-19 18:04:00,676] {processor.py:641} INFO - Processing file /home/guilherme/Documents/weather_datapipeline/airflow_weather/venv/lib/python3.10/site-packages/airflow/example_dags/example_skip_dag.py for tasks to queue
[2023-05-19 18:04:00,676] {logging_mixin.py:115} INFO - [2023-05-19 18:04:00,676] {dagbag.py:507} INFO - Filling up the DagBag from /home/guilherme/Documents/weather_datapipeline/airflow_weather/venv/lib/python3.10/site-packages/airflow/example_dags/example_skip_dag.py
[2023-05-19 18:04:00,679] {processor.py:651} INFO - DAG(s) dict_keys(['example_skip_dag']) retrieved from /home/guilherme/Documents/weather_datapipeline/airflow_weather/venv/lib/python3.10/site-packages/airflow/example_dags/example_skip_dag.py
[2023-05-19 18:04:00,688] {logging_mixin.py:115} INFO - [2023-05-19 18:04:00,688] {dag.py:2379} INFO - Sync 1 DAGs
[2023-05-19 18:04:00,699] {logging_mixin.py:115} INFO - [2023-05-19 18:04:00,699] {dag.py:2927} INFO - Setting next_dagrun for example_skip_dag to 2023-05-18T21:04:00.699418+00:00, run_after=2023-05-19T21:04:00.699418+00:00
[2023-05-19 18:04:00,706] {processor.py:161} INFO - Processing /home/guilherme/Documents/weather_datapipeline/airflow_weather/venv/lib/python3.10/site-packages/airflow/example_dags/example_skip_dag.py took 0.033 seconds
[2023-05-19 18:04:32,580] {processor.py:153} INFO - Started process (PID=12577) to work on /home/guilherme/Documents/weather_datapipeline/airflow_weather/venv/lib/python3.10/site-packages/airflow/example_dags/example_skip_dag.py
[2023-05-19 18:04:32,581] {processor.py:641} INFO - Processing file /home/guilherme/Documents/weather_datapipeline/airflow_weather/venv/lib/python3.10/site-packages/airflow/example_dags/example_skip_dag.py for tasks to queue
[2023-05-19 18:04:32,581] {logging_mixin.py:115} INFO - [2023-05-19 18:04:32,581] {dagbag.py:507} INFO - Filling up the DagBag from /home/guilherme/Documents/weather_datapipeline/airflow_weather/venv/lib/python3.10/site-packages/airflow/example_dags/example_skip_dag.py
[2023-05-19 18:04:32,584] {processor.py:651} INFO - DAG(s) dict_keys(['example_skip_dag']) retrieved from /home/guilherme/Documents/weather_datapipeline/airflow_weather/venv/lib/python3.10/site-packages/airflow/example_dags/example_skip_dag.py
[2023-05-19 18:04:32,593] {logging_mixin.py:115} INFO - [2023-05-19 18:04:32,593] {dag.py:2379} INFO - Sync 1 DAGs
[2023-05-19 18:04:32,604] {logging_mixin.py:115} INFO - [2023-05-19 18:04:32,604] {dag.py:2927} INFO - Setting next_dagrun for example_skip_dag to 2023-05-18T21:04:32.604558+00:00, run_after=2023-05-19T21:04:32.604558+00:00
[2023-05-19 18:04:32,611] {processor.py:161} INFO - Processing /home/guilherme/Documents/weather_datapipeline/airflow_weather/venv/lib/python3.10/site-packages/airflow/example_dags/example_skip_dag.py took 0.032 seconds
[2023-05-19 18:05:06,726] {processor.py:153} INFO - Started process (PID=12679) to work on /home/guilherme/Documents/weather_datapipeline/airflow_weather/venv/lib/python3.10/site-packages/airflow/example_dags/example_skip_dag.py
[2023-05-19 18:05:06,727] {processor.py:641} INFO - Processing file /home/guilherme/Documents/weather_datapipeline/airflow_weather/venv/lib/python3.10/site-packages/airflow/example_dags/example_skip_dag.py for tasks to queue
[2023-05-19 18:05:06,727] {logging_mixin.py:115} INFO - [2023-05-19 18:05:06,727] {dagbag.py:507} INFO - Filling up the DagBag from /home/guilherme/Documents/weather_datapipeline/airflow_weather/venv/lib/python3.10/site-packages/airflow/example_dags/example_skip_dag.py
[2023-05-19 18:05:06,730] {processor.py:651} INFO - DAG(s) dict_keys(['example_skip_dag']) retrieved from /home/guilherme/Documents/weather_datapipeline/airflow_weather/venv/lib/python3.10/site-packages/airflow/example_dags/example_skip_dag.py
[2023-05-19 18:05:06,739] {logging_mixin.py:115} INFO - [2023-05-19 18:05:06,739] {dag.py:2379} INFO - Sync 1 DAGs
[2023-05-19 18:05:06,749] {logging_mixin.py:115} INFO - [2023-05-19 18:05:06,749] {dag.py:2927} INFO - Setting next_dagrun for example_skip_dag to 2023-05-18T21:05:06.749760+00:00, run_after=2023-05-19T21:05:06.749760+00:00
[2023-05-19 18:05:06,758] {processor.py:161} INFO - Processing /home/guilherme/Documents/weather_datapipeline/airflow_weather/venv/lib/python3.10/site-packages/airflow/example_dags/example_skip_dag.py took 0.033 seconds
[2023-05-19 18:05:38,105] {processor.py:153} INFO - Started process (PID=12935) to work on /home/guilherme/Documents/weather_datapipeline/airflow_weather/venv/lib/python3.10/site-packages/airflow/example_dags/example_skip_dag.py
[2023-05-19 18:05:38,106] {processor.py:641} INFO - Processing file /home/guilherme/Documents/weather_datapipeline/airflow_weather/venv/lib/python3.10/site-packages/airflow/example_dags/example_skip_dag.py for tasks to queue
[2023-05-19 18:05:38,106] {logging_mixin.py:115} INFO - [2023-05-19 18:05:38,106] {dagbag.py:507} INFO - Filling up the DagBag from /home/guilherme/Documents/weather_datapipeline/airflow_weather/venv/lib/python3.10/site-packages/airflow/example_dags/example_skip_dag.py
[2023-05-19 18:05:38,109] {processor.py:651} INFO - DAG(s) dict_keys(['example_skip_dag']) retrieved from /home/guilherme/Documents/weather_datapipeline/airflow_weather/venv/lib/python3.10/site-packages/airflow/example_dags/example_skip_dag.py
[2023-05-19 18:05:38,117] {logging_mixin.py:115} INFO - [2023-05-19 18:05:38,117] {dag.py:2379} INFO - Sync 1 DAGs
[2023-05-19 18:05:38,127] {logging_mixin.py:115} INFO - [2023-05-19 18:05:38,127] {dag.py:2927} INFO - Setting next_dagrun for example_skip_dag to 2023-05-18T21:05:38.127030+00:00, run_after=2023-05-19T21:05:38.127030+00:00
[2023-05-19 18:05:38,134] {processor.py:161} INFO - Processing /home/guilherme/Documents/weather_datapipeline/airflow_weather/venv/lib/python3.10/site-packages/airflow/example_dags/example_skip_dag.py took 0.030 seconds
[2023-05-19 18:06:10,009] {processor.py:153} INFO - Started process (PID=13386) to work on /home/guilherme/Documents/weather_datapipeline/airflow_weather/venv/lib/python3.10/site-packages/airflow/example_dags/example_skip_dag.py
[2023-05-19 18:06:10,010] {processor.py:641} INFO - Processing file /home/guilherme/Documents/weather_datapipeline/airflow_weather/venv/lib/python3.10/site-packages/airflow/example_dags/example_skip_dag.py for tasks to queue
[2023-05-19 18:06:10,010] {logging_mixin.py:115} INFO - [2023-05-19 18:06:10,010] {dagbag.py:507} INFO - Filling up the DagBag from /home/guilherme/Documents/weather_datapipeline/airflow_weather/venv/lib/python3.10/site-packages/airflow/example_dags/example_skip_dag.py
[2023-05-19 18:06:10,013] {processor.py:651} INFO - DAG(s) dict_keys(['example_skip_dag']) retrieved from /home/guilherme/Documents/weather_datapipeline/airflow_weather/venv/lib/python3.10/site-packages/airflow/example_dags/example_skip_dag.py
[2023-05-19 18:06:10,022] {logging_mixin.py:115} INFO - [2023-05-19 18:06:10,022] {dag.py:2379} INFO - Sync 1 DAGs
[2023-05-19 18:06:10,033] {logging_mixin.py:115} INFO - [2023-05-19 18:06:10,033] {dag.py:2927} INFO - Setting next_dagrun for example_skip_dag to 2023-05-18T21:06:10.032843+00:00, run_after=2023-05-19T21:06:10.032843+00:00
[2023-05-19 18:06:10,039] {processor.py:161} INFO - Processing /home/guilherme/Documents/weather_datapipeline/airflow_weather/venv/lib/python3.10/site-packages/airflow/example_dags/example_skip_dag.py took 0.032 seconds
