[2023-05-19 17:59:27,552] {processor.py:153} INFO - Started process (PID=11061) to work on /home/guilherme/Documents/weather_datapipeline/airflow_weather/venv/lib/python3.10/site-packages/airflow/example_dags/example_sla_dag.py
[2023-05-19 17:59:27,553] {processor.py:641} INFO - Processing file /home/guilherme/Documents/weather_datapipeline/airflow_weather/venv/lib/python3.10/site-packages/airflow/example_dags/example_sla_dag.py for tasks to queue
[2023-05-19 17:59:27,553] {logging_mixin.py:115} INFO - [2023-05-19 17:59:27,553] {dagbag.py:507} INFO - Filling up the DagBag from /home/guilherme/Documents/weather_datapipeline/airflow_weather/venv/lib/python3.10/site-packages/airflow/example_dags/example_sla_dag.py
[2023-05-19 17:59:27,564] {processor.py:651} INFO - DAG(s) dict_keys(['example_sla_dag']) retrieved from /home/guilherme/Documents/weather_datapipeline/airflow_weather/venv/lib/python3.10/site-packages/airflow/example_dags/example_sla_dag.py
[2023-05-19 17:59:27,602] {logging_mixin.py:115} INFO - [2023-05-19 17:59:27,602] {manager.py:508} INFO - Created Permission View: can edit on DAG:example_sla_dag
[2023-05-19 17:59:27,607] {logging_mixin.py:115} INFO - [2023-05-19 17:59:27,607] {manager.py:508} INFO - Created Permission View: can delete on DAG:example_sla_dag
[2023-05-19 17:59:27,612] {logging_mixin.py:115} INFO - [2023-05-19 17:59:27,611] {manager.py:508} INFO - Created Permission View: can read on DAG:example_sla_dag
[2023-05-19 17:59:27,612] {logging_mixin.py:115} INFO - [2023-05-19 17:59:27,612] {dag.py:2379} INFO - Sync 1 DAGs
[2023-05-19 17:59:27,615] {logging_mixin.py:115} INFO - [2023-05-19 17:59:27,615] {dag.py:2398} INFO - Creating ORM DAG for example_sla_dag
[2023-05-19 17:59:27,621] {logging_mixin.py:115} INFO - [2023-05-19 17:59:27,621] {dag.py:2927} INFO - Setting next_dagrun for example_sla_dag to 2023-05-19T20:56:00+00:00, run_after=2023-05-19T20:58:00+00:00
[2023-05-19 17:59:27,630] {processor.py:161} INFO - Processing /home/guilherme/Documents/weather_datapipeline/airflow_weather/venv/lib/python3.10/site-packages/airflow/example_dags/example_sla_dag.py took 0.091 seconds
[2023-05-19 17:59:58,056] {processor.py:153} INFO - Started process (PID=11100) to work on /home/guilherme/Documents/weather_datapipeline/airflow_weather/venv/lib/python3.10/site-packages/airflow/example_dags/example_sla_dag.py
[2023-05-19 17:59:58,057] {processor.py:641} INFO - Processing file /home/guilherme/Documents/weather_datapipeline/airflow_weather/venv/lib/python3.10/site-packages/airflow/example_dags/example_sla_dag.py for tasks to queue
[2023-05-19 17:59:58,057] {logging_mixin.py:115} INFO - [2023-05-19 17:59:58,057] {dagbag.py:507} INFO - Filling up the DagBag from /home/guilherme/Documents/weather_datapipeline/airflow_weather/venv/lib/python3.10/site-packages/airflow/example_dags/example_sla_dag.py
[2023-05-19 17:59:58,066] {processor.py:651} INFO - DAG(s) dict_keys(['example_sla_dag']) retrieved from /home/guilherme/Documents/weather_datapipeline/airflow_weather/venv/lib/python3.10/site-packages/airflow/example_dags/example_sla_dag.py
[2023-05-19 17:59:58,077] {logging_mixin.py:115} INFO - [2023-05-19 17:59:58,077] {dag.py:2379} INFO - Sync 1 DAGs
[2023-05-19 17:59:58,087] {logging_mixin.py:115} INFO - [2023-05-19 17:59:58,087] {dag.py:2927} INFO - Setting next_dagrun for example_sla_dag to 2023-05-19T20:56:00+00:00, run_after=2023-05-19T20:58:00+00:00
[2023-05-19 17:59:58,094] {processor.py:161} INFO - Processing /home/guilherme/Documents/weather_datapipeline/airflow_weather/venv/lib/python3.10/site-packages/airflow/example_dags/example_sla_dag.py took 0.039 seconds
[2023-05-19 18:00:31,725] {processor.py:153} INFO - Started process (PID=11209) to work on /home/guilherme/Documents/weather_datapipeline/airflow_weather/venv/lib/python3.10/site-packages/airflow/example_dags/example_sla_dag.py
[2023-05-19 18:00:31,726] {processor.py:641} INFO - Processing file /home/guilherme/Documents/weather_datapipeline/airflow_weather/venv/lib/python3.10/site-packages/airflow/example_dags/example_sla_dag.py for tasks to queue
[2023-05-19 18:00:31,726] {logging_mixin.py:115} INFO - [2023-05-19 18:00:31,726] {dagbag.py:507} INFO - Filling up the DagBag from /home/guilherme/Documents/weather_datapipeline/airflow_weather/venv/lib/python3.10/site-packages/airflow/example_dags/example_sla_dag.py
[2023-05-19 18:00:31,736] {processor.py:651} INFO - DAG(s) dict_keys(['example_sla_dag']) retrieved from /home/guilherme/Documents/weather_datapipeline/airflow_weather/venv/lib/python3.10/site-packages/airflow/example_dags/example_sla_dag.py
[2023-05-19 18:00:31,745] {logging_mixin.py:115} INFO - [2023-05-19 18:00:31,744] {dag.py:2379} INFO - Sync 1 DAGs
[2023-05-19 18:00:31,754] {logging_mixin.py:115} INFO - [2023-05-19 18:00:31,754] {dag.py:2927} INFO - Setting next_dagrun for example_sla_dag to 2023-05-19T20:58:00+00:00, run_after=2023-05-19T21:00:00+00:00
[2023-05-19 18:00:31,760] {processor.py:161} INFO - Processing /home/guilherme/Documents/weather_datapipeline/airflow_weather/venv/lib/python3.10/site-packages/airflow/example_dags/example_sla_dag.py took 0.036 seconds
[2023-05-19 18:01:04,719] {processor.py:153} INFO - Started process (PID=11272) to work on /home/guilherme/Documents/weather_datapipeline/airflow_weather/venv/lib/python3.10/site-packages/airflow/example_dags/example_sla_dag.py
[2023-05-19 18:01:04,719] {processor.py:641} INFO - Processing file /home/guilherme/Documents/weather_datapipeline/airflow_weather/venv/lib/python3.10/site-packages/airflow/example_dags/example_sla_dag.py for tasks to queue
[2023-05-19 18:01:04,719] {logging_mixin.py:115} INFO - [2023-05-19 18:01:04,719] {dagbag.py:507} INFO - Filling up the DagBag from /home/guilherme/Documents/weather_datapipeline/airflow_weather/venv/lib/python3.10/site-packages/airflow/example_dags/example_sla_dag.py
[2023-05-19 18:01:04,730] {processor.py:651} INFO - DAG(s) dict_keys(['example_sla_dag']) retrieved from /home/guilherme/Documents/weather_datapipeline/airflow_weather/venv/lib/python3.10/site-packages/airflow/example_dags/example_sla_dag.py
[2023-05-19 18:01:04,741] {logging_mixin.py:115} INFO - [2023-05-19 18:01:04,741] {dag.py:2379} INFO - Sync 1 DAGs
[2023-05-19 18:01:04,753] {logging_mixin.py:115} INFO - [2023-05-19 18:01:04,753] {dag.py:2927} INFO - Setting next_dagrun for example_sla_dag to 2023-05-19T20:58:00+00:00, run_after=2023-05-19T21:00:00+00:00
[2023-05-19 18:01:04,759] {processor.py:161} INFO - Processing /home/guilherme/Documents/weather_datapipeline/airflow_weather/venv/lib/python3.10/site-packages/airflow/example_dags/example_sla_dag.py took 0.042 seconds
[2023-05-19 18:01:36,573] {processor.py:153} INFO - Started process (PID=11373) to work on /home/guilherme/Documents/weather_datapipeline/airflow_weather/venv/lib/python3.10/site-packages/airflow/example_dags/example_sla_dag.py
[2023-05-19 18:01:36,573] {processor.py:641} INFO - Processing file /home/guilherme/Documents/weather_datapipeline/airflow_weather/venv/lib/python3.10/site-packages/airflow/example_dags/example_sla_dag.py for tasks to queue
[2023-05-19 18:01:36,573] {logging_mixin.py:115} INFO - [2023-05-19 18:01:36,573] {dagbag.py:507} INFO - Filling up the DagBag from /home/guilherme/Documents/weather_datapipeline/airflow_weather/venv/lib/python3.10/site-packages/airflow/example_dags/example_sla_dag.py
[2023-05-19 18:01:36,583] {processor.py:651} INFO - DAG(s) dict_keys(['example_sla_dag']) retrieved from /home/guilherme/Documents/weather_datapipeline/airflow_weather/venv/lib/python3.10/site-packages/airflow/example_dags/example_sla_dag.py
[2023-05-19 18:01:36,592] {logging_mixin.py:115} INFO - [2023-05-19 18:01:36,592] {dag.py:2379} INFO - Sync 1 DAGs
[2023-05-19 18:01:36,602] {logging_mixin.py:115} INFO - [2023-05-19 18:01:36,602] {dag.py:2927} INFO - Setting next_dagrun for example_sla_dag to 2023-05-19T20:58:00+00:00, run_after=2023-05-19T21:00:00+00:00
[2023-05-19 18:01:36,607] {processor.py:161} INFO - Processing /home/guilherme/Documents/weather_datapipeline/airflow_weather/venv/lib/python3.10/site-packages/airflow/example_dags/example_sla_dag.py took 0.036 seconds
[2023-05-19 18:02:09,164] {processor.py:153} INFO - Started process (PID=11632) to work on /home/guilherme/Documents/weather_datapipeline/airflow_weather/venv/lib/python3.10/site-packages/airflow/example_dags/example_sla_dag.py
[2023-05-19 18:02:09,164] {processor.py:641} INFO - Processing file /home/guilherme/Documents/weather_datapipeline/airflow_weather/venv/lib/python3.10/site-packages/airflow/example_dags/example_sla_dag.py for tasks to queue
[2023-05-19 18:02:09,164] {logging_mixin.py:115} INFO - [2023-05-19 18:02:09,164] {dagbag.py:507} INFO - Filling up the DagBag from /home/guilherme/Documents/weather_datapipeline/airflow_weather/venv/lib/python3.10/site-packages/airflow/example_dags/example_sla_dag.py
[2023-05-19 18:02:09,174] {processor.py:651} INFO - DAG(s) dict_keys(['example_sla_dag']) retrieved from /home/guilherme/Documents/weather_datapipeline/airflow_weather/venv/lib/python3.10/site-packages/airflow/example_dags/example_sla_dag.py
[2023-05-19 18:02:09,184] {logging_mixin.py:115} INFO - [2023-05-19 18:02:09,184] {dag.py:2379} INFO - Sync 1 DAGs
[2023-05-19 18:02:09,195] {logging_mixin.py:115} INFO - [2023-05-19 18:02:09,195] {dag.py:2927} INFO - Setting next_dagrun for example_sla_dag to 2023-05-19T21:00:00+00:00, run_after=2023-05-19T21:02:00+00:00
[2023-05-19 18:02:09,201] {processor.py:161} INFO - Processing /home/guilherme/Documents/weather_datapipeline/airflow_weather/venv/lib/python3.10/site-packages/airflow/example_dags/example_sla_dag.py took 0.039 seconds
[2023-05-19 18:02:41,405] {processor.py:153} INFO - Started process (PID=12032) to work on /home/guilherme/Documents/weather_datapipeline/airflow_weather/venv/lib/python3.10/site-packages/airflow/example_dags/example_sla_dag.py
[2023-05-19 18:02:41,406] {processor.py:641} INFO - Processing file /home/guilherme/Documents/weather_datapipeline/airflow_weather/venv/lib/python3.10/site-packages/airflow/example_dags/example_sla_dag.py for tasks to queue
[2023-05-19 18:02:41,406] {logging_mixin.py:115} INFO - [2023-05-19 18:02:41,406] {dagbag.py:507} INFO - Filling up the DagBag from /home/guilherme/Documents/weather_datapipeline/airflow_weather/venv/lib/python3.10/site-packages/airflow/example_dags/example_sla_dag.py
[2023-05-19 18:02:41,416] {processor.py:651} INFO - DAG(s) dict_keys(['example_sla_dag']) retrieved from /home/guilherme/Documents/weather_datapipeline/airflow_weather/venv/lib/python3.10/site-packages/airflow/example_dags/example_sla_dag.py
[2023-05-19 18:02:41,426] {logging_mixin.py:115} INFO - [2023-05-19 18:02:41,426] {dag.py:2379} INFO - Sync 1 DAGs
[2023-05-19 18:02:41,436] {logging_mixin.py:115} INFO - [2023-05-19 18:02:41,436] {dag.py:2927} INFO - Setting next_dagrun for example_sla_dag to 2023-05-19T21:00:00+00:00, run_after=2023-05-19T21:02:00+00:00
[2023-05-19 18:02:41,442] {processor.py:161} INFO - Processing /home/guilherme/Documents/weather_datapipeline/airflow_weather/venv/lib/python3.10/site-packages/airflow/example_dags/example_sla_dag.py took 0.038 seconds
[2023-05-19 18:03:11,655] {processor.py:153} INFO - Started process (PID=12207) to work on /home/guilherme/Documents/weather_datapipeline/airflow_weather/venv/lib/python3.10/site-packages/airflow/example_dags/example_sla_dag.py
[2023-05-19 18:03:11,656] {processor.py:641} INFO - Processing file /home/guilherme/Documents/weather_datapipeline/airflow_weather/venv/lib/python3.10/site-packages/airflow/example_dags/example_sla_dag.py for tasks to queue
[2023-05-19 18:03:11,656] {logging_mixin.py:115} INFO - [2023-05-19 18:03:11,656] {dagbag.py:507} INFO - Filling up the DagBag from /home/guilherme/Documents/weather_datapipeline/airflow_weather/venv/lib/python3.10/site-packages/airflow/example_dags/example_sla_dag.py
[2023-05-19 18:03:11,666] {processor.py:651} INFO - DAG(s) dict_keys(['example_sla_dag']) retrieved from /home/guilherme/Documents/weather_datapipeline/airflow_weather/venv/lib/python3.10/site-packages/airflow/example_dags/example_sla_dag.py
[2023-05-19 18:03:11,676] {logging_mixin.py:115} INFO - [2023-05-19 18:03:11,676] {dag.py:2379} INFO - Sync 1 DAGs
[2023-05-19 18:03:11,686] {logging_mixin.py:115} INFO - [2023-05-19 18:03:11,686] {dag.py:2927} INFO - Setting next_dagrun for example_sla_dag to 2023-05-19T21:00:00+00:00, run_after=2023-05-19T21:02:00+00:00
[2023-05-19 18:03:11,692] {processor.py:161} INFO - Processing /home/guilherme/Documents/weather_datapipeline/airflow_weather/venv/lib/python3.10/site-packages/airflow/example_dags/example_sla_dag.py took 0.038 seconds
[2023-05-19 18:03:46,417] {processor.py:153} INFO - Started process (PID=12340) to work on /home/guilherme/Documents/weather_datapipeline/airflow_weather/venv/lib/python3.10/site-packages/airflow/example_dags/example_sla_dag.py
[2023-05-19 18:03:46,418] {processor.py:641} INFO - Processing file /home/guilherme/Documents/weather_datapipeline/airflow_weather/venv/lib/python3.10/site-packages/airflow/example_dags/example_sla_dag.py for tasks to queue
[2023-05-19 18:03:46,418] {logging_mixin.py:115} INFO - [2023-05-19 18:03:46,418] {dagbag.py:507} INFO - Filling up the DagBag from /home/guilherme/Documents/weather_datapipeline/airflow_weather/venv/lib/python3.10/site-packages/airflow/example_dags/example_sla_dag.py
[2023-05-19 18:03:46,431] {processor.py:651} INFO - DAG(s) dict_keys(['example_sla_dag']) retrieved from /home/guilherme/Documents/weather_datapipeline/airflow_weather/venv/lib/python3.10/site-packages/airflow/example_dags/example_sla_dag.py
[2023-05-19 18:03:46,445] {logging_mixin.py:115} INFO - [2023-05-19 18:03:46,445] {dag.py:2379} INFO - Sync 1 DAGs
[2023-05-19 18:03:46,457] {logging_mixin.py:115} INFO - [2023-05-19 18:03:46,457] {dag.py:2927} INFO - Setting next_dagrun for example_sla_dag to 2023-05-19T21:00:00+00:00, run_after=2023-05-19T21:02:00+00:00
[2023-05-19 18:03:46,465] {processor.py:161} INFO - Processing /home/guilherme/Documents/weather_datapipeline/airflow_weather/venv/lib/python3.10/site-packages/airflow/example_dags/example_sla_dag.py took 0.050 seconds
[2023-05-19 18:04:17,413] {processor.py:153} INFO - Started process (PID=12455) to work on /home/guilherme/Documents/weather_datapipeline/airflow_weather/venv/lib/python3.10/site-packages/airflow/example_dags/example_sla_dag.py
[2023-05-19 18:04:17,413] {processor.py:641} INFO - Processing file /home/guilherme/Documents/weather_datapipeline/airflow_weather/venv/lib/python3.10/site-packages/airflow/example_dags/example_sla_dag.py for tasks to queue
[2023-05-19 18:04:17,414] {logging_mixin.py:115} INFO - [2023-05-19 18:04:17,413] {dagbag.py:507} INFO - Filling up the DagBag from /home/guilherme/Documents/weather_datapipeline/airflow_weather/venv/lib/python3.10/site-packages/airflow/example_dags/example_sla_dag.py
[2023-05-19 18:04:17,423] {processor.py:651} INFO - DAG(s) dict_keys(['example_sla_dag']) retrieved from /home/guilherme/Documents/weather_datapipeline/airflow_weather/venv/lib/python3.10/site-packages/airflow/example_dags/example_sla_dag.py
[2023-05-19 18:04:17,433] {logging_mixin.py:115} INFO - [2023-05-19 18:04:17,433] {dag.py:2379} INFO - Sync 1 DAGs
[2023-05-19 18:04:17,444] {logging_mixin.py:115} INFO - [2023-05-19 18:04:17,444] {dag.py:2927} INFO - Setting next_dagrun for example_sla_dag to 2023-05-19T21:02:00+00:00, run_after=2023-05-19T21:04:00+00:00
[2023-05-19 18:04:17,449] {processor.py:161} INFO - Processing /home/guilherme/Documents/weather_datapipeline/airflow_weather/venv/lib/python3.10/site-packages/airflow/example_dags/example_sla_dag.py took 0.038 seconds
[2023-05-19 18:04:48,828] {processor.py:153} INFO - Started process (PID=12601) to work on /home/guilherme/Documents/weather_datapipeline/airflow_weather/venv/lib/python3.10/site-packages/airflow/example_dags/example_sla_dag.py
[2023-05-19 18:04:48,829] {processor.py:641} INFO - Processing file /home/guilherme/Documents/weather_datapipeline/airflow_weather/venv/lib/python3.10/site-packages/airflow/example_dags/example_sla_dag.py for tasks to queue
[2023-05-19 18:04:48,829] {logging_mixin.py:115} INFO - [2023-05-19 18:04:48,829] {dagbag.py:507} INFO - Filling up the DagBag from /home/guilherme/Documents/weather_datapipeline/airflow_weather/venv/lib/python3.10/site-packages/airflow/example_dags/example_sla_dag.py
[2023-05-19 18:04:48,840] {processor.py:651} INFO - DAG(s) dict_keys(['example_sla_dag']) retrieved from /home/guilherme/Documents/weather_datapipeline/airflow_weather/venv/lib/python3.10/site-packages/airflow/example_dags/example_sla_dag.py
[2023-05-19 18:04:48,847] {logging_mixin.py:115} INFO - [2023-05-19 18:04:48,847] {dag.py:2379} INFO - Sync 1 DAGs
[2023-05-19 18:04:48,857] {logging_mixin.py:115} INFO - [2023-05-19 18:04:48,857] {dag.py:2927} INFO - Setting next_dagrun for example_sla_dag to 2023-05-19T21:02:00+00:00, run_after=2023-05-19T21:04:00+00:00
[2023-05-19 18:04:48,862] {processor.py:161} INFO - Processing /home/guilherme/Documents/weather_datapipeline/airflow_weather/venv/lib/python3.10/site-packages/airflow/example_dags/example_sla_dag.py took 0.036 seconds
[2023-05-19 18:05:22,585] {processor.py:153} INFO - Started process (PID=12787) to work on /home/guilherme/Documents/weather_datapipeline/airflow_weather/venv/lib/python3.10/site-packages/airflow/example_dags/example_sla_dag.py
[2023-05-19 18:05:22,585] {processor.py:641} INFO - Processing file /home/guilherme/Documents/weather_datapipeline/airflow_weather/venv/lib/python3.10/site-packages/airflow/example_dags/example_sla_dag.py for tasks to queue
[2023-05-19 18:05:22,585] {logging_mixin.py:115} INFO - [2023-05-19 18:05:22,585] {dagbag.py:507} INFO - Filling up the DagBag from /home/guilherme/Documents/weather_datapipeline/airflow_weather/venv/lib/python3.10/site-packages/airflow/example_dags/example_sla_dag.py
[2023-05-19 18:05:22,597] {processor.py:651} INFO - DAG(s) dict_keys(['example_sla_dag']) retrieved from /home/guilherme/Documents/weather_datapipeline/airflow_weather/venv/lib/python3.10/site-packages/airflow/example_dags/example_sla_dag.py
[2023-05-19 18:05:22,604] {logging_mixin.py:115} INFO - [2023-05-19 18:05:22,604] {dag.py:2379} INFO - Sync 1 DAGs
[2023-05-19 18:05:22,614] {logging_mixin.py:115} INFO - [2023-05-19 18:05:22,614] {dag.py:2927} INFO - Setting next_dagrun for example_sla_dag to 2023-05-19T21:02:00+00:00, run_after=2023-05-19T21:04:00+00:00
[2023-05-19 18:05:22,619] {processor.py:161} INFO - Processing /home/guilherme/Documents/weather_datapipeline/airflow_weather/venv/lib/python3.10/site-packages/airflow/example_dags/example_sla_dag.py took 0.036 seconds
[2023-05-19 18:05:53,494] {processor.py:153} INFO - Started process (PID=13163) to work on /home/guilherme/Documents/weather_datapipeline/airflow_weather/venv/lib/python3.10/site-packages/airflow/example_dags/example_sla_dag.py
[2023-05-19 18:05:53,495] {processor.py:641} INFO - Processing file /home/guilherme/Documents/weather_datapipeline/airflow_weather/venv/lib/python3.10/site-packages/airflow/example_dags/example_sla_dag.py for tasks to queue
[2023-05-19 18:05:53,495] {logging_mixin.py:115} INFO - [2023-05-19 18:05:53,495] {dagbag.py:507} INFO - Filling up the DagBag from /home/guilherme/Documents/weather_datapipeline/airflow_weather/venv/lib/python3.10/site-packages/airflow/example_dags/example_sla_dag.py
[2023-05-19 18:05:53,506] {processor.py:651} INFO - DAG(s) dict_keys(['example_sla_dag']) retrieved from /home/guilherme/Documents/weather_datapipeline/airflow_weather/venv/lib/python3.10/site-packages/airflow/example_dags/example_sla_dag.py
[2023-05-19 18:05:53,515] {logging_mixin.py:115} INFO - [2023-05-19 18:05:53,515] {dag.py:2379} INFO - Sync 1 DAGs
[2023-05-19 18:05:53,525] {logging_mixin.py:115} INFO - [2023-05-19 18:05:53,525] {dag.py:2927} INFO - Setting next_dagrun for example_sla_dag to 2023-05-19T21:02:00+00:00, run_after=2023-05-19T21:04:00+00:00
[2023-05-19 18:05:53,532] {processor.py:161} INFO - Processing /home/guilherme/Documents/weather_datapipeline/airflow_weather/venv/lib/python3.10/site-packages/airflow/example_dags/example_sla_dag.py took 0.040 seconds
[2023-05-19 18:06:23,642] {processor.py:153} INFO - Started process (PID=13528) to work on /home/guilherme/Documents/weather_datapipeline/airflow_weather/venv/lib/python3.10/site-packages/airflow/example_dags/example_sla_dag.py
[2023-05-19 18:06:23,642] {processor.py:641} INFO - Processing file /home/guilherme/Documents/weather_datapipeline/airflow_weather/venv/lib/python3.10/site-packages/airflow/example_dags/example_sla_dag.py for tasks to queue
[2023-05-19 18:06:23,642] {logging_mixin.py:115} INFO - [2023-05-19 18:06:23,642] {dagbag.py:507} INFO - Filling up the DagBag from /home/guilherme/Documents/weather_datapipeline/airflow_weather/venv/lib/python3.10/site-packages/airflow/example_dags/example_sla_dag.py
[2023-05-19 18:06:23,653] {processor.py:651} INFO - DAG(s) dict_keys(['example_sla_dag']) retrieved from /home/guilherme/Documents/weather_datapipeline/airflow_weather/venv/lib/python3.10/site-packages/airflow/example_dags/example_sla_dag.py
[2023-05-19 18:06:23,660] {logging_mixin.py:115} INFO - [2023-05-19 18:06:23,660] {dag.py:2379} INFO - Sync 1 DAGs
[2023-05-19 18:06:23,670] {logging_mixin.py:115} INFO - [2023-05-19 18:06:23,670] {dag.py:2927} INFO - Setting next_dagrun for example_sla_dag to 2023-05-19T21:04:00+00:00, run_after=2023-05-19T21:06:00+00:00
[2023-05-19 18:06:23,676] {processor.py:161} INFO - Processing /home/guilherme/Documents/weather_datapipeline/airflow_weather/venv/lib/python3.10/site-packages/airflow/example_dags/example_sla_dag.py took 0.035 seconds
[2023-05-19 18:06:55,054] {processor.py:153} INFO - Started process (PID=14016) to work on /home/guilherme/Documents/weather_datapipeline/airflow_weather/venv/lib/python3.10/site-packages/airflow/example_dags/example_sla_dag.py
[2023-05-19 18:06:55,055] {processor.py:641} INFO - Processing file /home/guilherme/Documents/weather_datapipeline/airflow_weather/venv/lib/python3.10/site-packages/airflow/example_dags/example_sla_dag.py for tasks to queue
[2023-05-19 18:06:55,055] {logging_mixin.py:115} INFO - [2023-05-19 18:06:55,055] {dagbag.py:507} INFO - Filling up the DagBag from /home/guilherme/Documents/weather_datapipeline/airflow_weather/venv/lib/python3.10/site-packages/airflow/example_dags/example_sla_dag.py
[2023-05-19 18:06:55,067] {processor.py:651} INFO - DAG(s) dict_keys(['example_sla_dag']) retrieved from /home/guilherme/Documents/weather_datapipeline/airflow_weather/venv/lib/python3.10/site-packages/airflow/example_dags/example_sla_dag.py
[2023-05-19 18:06:55,075] {logging_mixin.py:115} INFO - [2023-05-19 18:06:55,075] {dag.py:2379} INFO - Sync 1 DAGs
[2023-05-19 18:06:55,085] {logging_mixin.py:115} INFO - [2023-05-19 18:06:55,085] {dag.py:2927} INFO - Setting next_dagrun for example_sla_dag to 2023-05-19T21:04:00+00:00, run_after=2023-05-19T21:06:00+00:00
[2023-05-19 18:06:55,092] {processor.py:161} INFO - Processing /home/guilherme/Documents/weather_datapipeline/airflow_weather/venv/lib/python3.10/site-packages/airflow/example_dags/example_sla_dag.py took 0.039 seconds
[2023-05-19 18:07:29,625] {processor.py:153} INFO - Started process (PID=14364) to work on /home/guilherme/Documents/weather_datapipeline/airflow_weather/venv/lib/python3.10/site-packages/airflow/example_dags/example_sla_dag.py
[2023-05-19 18:07:29,626] {processor.py:641} INFO - Processing file /home/guilherme/Documents/weather_datapipeline/airflow_weather/venv/lib/python3.10/site-packages/airflow/example_dags/example_sla_dag.py for tasks to queue
[2023-05-19 18:07:29,626] {logging_mixin.py:115} INFO - [2023-05-19 18:07:29,626] {dagbag.py:507} INFO - Filling up the DagBag from /home/guilherme/Documents/weather_datapipeline/airflow_weather/venv/lib/python3.10/site-packages/airflow/example_dags/example_sla_dag.py
[2023-05-19 18:07:29,638] {processor.py:651} INFO - DAG(s) dict_keys(['example_sla_dag']) retrieved from /home/guilherme/Documents/weather_datapipeline/airflow_weather/venv/lib/python3.10/site-packages/airflow/example_dags/example_sla_dag.py
[2023-05-19 18:07:29,645] {logging_mixin.py:115} INFO - [2023-05-19 18:07:29,645] {dag.py:2379} INFO - Sync 1 DAGs
[2023-05-19 18:07:29,655] {logging_mixin.py:115} INFO - [2023-05-19 18:07:29,655] {dag.py:2927} INFO - Setting next_dagrun for example_sla_dag to 2023-05-19T21:04:00+00:00, run_after=2023-05-19T21:06:00+00:00
[2023-05-19 18:07:29,662] {processor.py:161} INFO - Processing /home/guilherme/Documents/weather_datapipeline/airflow_weather/venv/lib/python3.10/site-packages/airflow/example_dags/example_sla_dag.py took 0.039 seconds
[2023-05-19 18:07:59,920] {processor.py:153} INFO - Started process (PID=14538) to work on /home/guilherme/Documents/weather_datapipeline/airflow_weather/venv/lib/python3.10/site-packages/airflow/example_dags/example_sla_dag.py
[2023-05-19 18:07:59,921] {processor.py:641} INFO - Processing file /home/guilherme/Documents/weather_datapipeline/airflow_weather/venv/lib/python3.10/site-packages/airflow/example_dags/example_sla_dag.py for tasks to queue
[2023-05-19 18:07:59,921] {logging_mixin.py:115} INFO - [2023-05-19 18:07:59,921] {dagbag.py:507} INFO - Filling up the DagBag from /home/guilherme/Documents/weather_datapipeline/airflow_weather/venv/lib/python3.10/site-packages/airflow/example_dags/example_sla_dag.py
[2023-05-19 18:07:59,934] {processor.py:651} INFO - DAG(s) dict_keys(['example_sla_dag']) retrieved from /home/guilherme/Documents/weather_datapipeline/airflow_weather/venv/lib/python3.10/site-packages/airflow/example_dags/example_sla_dag.py
[2023-05-19 18:07:59,942] {logging_mixin.py:115} INFO - [2023-05-19 18:07:59,942] {dag.py:2379} INFO - Sync 1 DAGs
[2023-05-19 18:07:59,953] {logging_mixin.py:115} INFO - [2023-05-19 18:07:59,953] {dag.py:2927} INFO - Setting next_dagrun for example_sla_dag to 2023-05-19T21:04:00+00:00, run_after=2023-05-19T21:06:00+00:00
[2023-05-19 18:07:59,960] {processor.py:161} INFO - Processing /home/guilherme/Documents/weather_datapipeline/airflow_weather/venv/lib/python3.10/site-packages/airflow/example_dags/example_sla_dag.py took 0.041 seconds
[2023-05-19 18:08:31,424] {processor.py:153} INFO - Started process (PID=14720) to work on /home/guilherme/Documents/weather_datapipeline/airflow_weather/venv/lib/python3.10/site-packages/airflow/example_dags/example_sla_dag.py
[2023-05-19 18:08:31,424] {processor.py:641} INFO - Processing file /home/guilherme/Documents/weather_datapipeline/airflow_weather/venv/lib/python3.10/site-packages/airflow/example_dags/example_sla_dag.py for tasks to queue
[2023-05-19 18:08:31,424] {logging_mixin.py:115} INFO - [2023-05-19 18:08:31,424] {dagbag.py:507} INFO - Filling up the DagBag from /home/guilherme/Documents/weather_datapipeline/airflow_weather/venv/lib/python3.10/site-packages/airflow/example_dags/example_sla_dag.py
[2023-05-19 18:08:31,435] {processor.py:651} INFO - DAG(s) dict_keys(['example_sla_dag']) retrieved from /home/guilherme/Documents/weather_datapipeline/airflow_weather/venv/lib/python3.10/site-packages/airflow/example_dags/example_sla_dag.py
[2023-05-19 18:08:31,442] {logging_mixin.py:115} INFO - [2023-05-19 18:08:31,442] {dag.py:2379} INFO - Sync 1 DAGs
[2023-05-19 18:08:31,452] {logging_mixin.py:115} INFO - [2023-05-19 18:08:31,452] {dag.py:2927} INFO - Setting next_dagrun for example_sla_dag to 2023-05-19T21:06:00+00:00, run_after=2023-05-19T21:08:00+00:00
[2023-05-19 18:08:31,458] {processor.py:161} INFO - Processing /home/guilherme/Documents/weather_datapipeline/airflow_weather/venv/lib/python3.10/site-packages/airflow/example_dags/example_sla_dag.py took 0.035 seconds
[2023-05-19 18:09:02,925] {processor.py:153} INFO - Started process (PID=14918) to work on /home/guilherme/Documents/weather_datapipeline/airflow_weather/venv/lib/python3.10/site-packages/airflow/example_dags/example_sla_dag.py
[2023-05-19 18:09:02,925] {processor.py:641} INFO - Processing file /home/guilherme/Documents/weather_datapipeline/airflow_weather/venv/lib/python3.10/site-packages/airflow/example_dags/example_sla_dag.py for tasks to queue
[2023-05-19 18:09:02,926] {logging_mixin.py:115} INFO - [2023-05-19 18:09:02,926] {dagbag.py:507} INFO - Filling up the DagBag from /home/guilherme/Documents/weather_datapipeline/airflow_weather/venv/lib/python3.10/site-packages/airflow/example_dags/example_sla_dag.py
[2023-05-19 18:09:02,936] {processor.py:651} INFO - DAG(s) dict_keys(['example_sla_dag']) retrieved from /home/guilherme/Documents/weather_datapipeline/airflow_weather/venv/lib/python3.10/site-packages/airflow/example_dags/example_sla_dag.py
[2023-05-19 18:09:02,944] {logging_mixin.py:115} INFO - [2023-05-19 18:09:02,944] {dag.py:2379} INFO - Sync 1 DAGs
[2023-05-19 18:09:02,953] {logging_mixin.py:115} INFO - [2023-05-19 18:09:02,953] {dag.py:2927} INFO - Setting next_dagrun for example_sla_dag to 2023-05-19T21:06:00+00:00, run_after=2023-05-19T21:08:00+00:00
[2023-05-19 18:09:02,959] {processor.py:161} INFO - Processing /home/guilherme/Documents/weather_datapipeline/airflow_weather/venv/lib/python3.10/site-packages/airflow/example_dags/example_sla_dag.py took 0.036 seconds
[2023-05-19 18:09:33,224] {processor.py:153} INFO - Started process (PID=15087) to work on /home/guilherme/Documents/weather_datapipeline/airflow_weather/venv/lib/python3.10/site-packages/airflow/example_dags/example_sla_dag.py
[2023-05-19 18:09:33,224] {processor.py:641} INFO - Processing file /home/guilherme/Documents/weather_datapipeline/airflow_weather/venv/lib/python3.10/site-packages/airflow/example_dags/example_sla_dag.py for tasks to queue
[2023-05-19 18:09:33,224] {logging_mixin.py:115} INFO - [2023-05-19 18:09:33,224] {dagbag.py:507} INFO - Filling up the DagBag from /home/guilherme/Documents/weather_datapipeline/airflow_weather/venv/lib/python3.10/site-packages/airflow/example_dags/example_sla_dag.py
[2023-05-19 18:09:33,236] {processor.py:651} INFO - DAG(s) dict_keys(['example_sla_dag']) retrieved from /home/guilherme/Documents/weather_datapipeline/airflow_weather/venv/lib/python3.10/site-packages/airflow/example_dags/example_sla_dag.py
[2023-05-19 18:09:33,243] {logging_mixin.py:115} INFO - [2023-05-19 18:09:33,243] {dag.py:2379} INFO - Sync 1 DAGs
[2023-05-19 18:09:33,253] {logging_mixin.py:115} INFO - [2023-05-19 18:09:33,253] {dag.py:2927} INFO - Setting next_dagrun for example_sla_dag to 2023-05-19T21:06:00+00:00, run_after=2023-05-19T21:08:00+00:00
[2023-05-19 18:09:33,259] {processor.py:161} INFO - Processing /home/guilherme/Documents/weather_datapipeline/airflow_weather/venv/lib/python3.10/site-packages/airflow/example_dags/example_sla_dag.py took 0.037 seconds
[2023-05-19 18:10:08,111] {processor.py:153} INFO - Started process (PID=15240) to work on /home/guilherme/Documents/weather_datapipeline/airflow_weather/venv/lib/python3.10/site-packages/airflow/example_dags/example_sla_dag.py
[2023-05-19 18:10:08,111] {processor.py:641} INFO - Processing file /home/guilherme/Documents/weather_datapipeline/airflow_weather/venv/lib/python3.10/site-packages/airflow/example_dags/example_sla_dag.py for tasks to queue
[2023-05-19 18:10:08,112] {logging_mixin.py:115} INFO - [2023-05-19 18:10:08,111] {dagbag.py:507} INFO - Filling up the DagBag from /home/guilherme/Documents/weather_datapipeline/airflow_weather/venv/lib/python3.10/site-packages/airflow/example_dags/example_sla_dag.py
[2023-05-19 18:10:08,126] {processor.py:651} INFO - DAG(s) dict_keys(['example_sla_dag']) retrieved from /home/guilherme/Documents/weather_datapipeline/airflow_weather/venv/lib/python3.10/site-packages/airflow/example_dags/example_sla_dag.py
[2023-05-19 18:10:08,136] {logging_mixin.py:115} INFO - [2023-05-19 18:10:08,135] {dag.py:2379} INFO - Sync 1 DAGs
[2023-05-19 18:10:08,150] {logging_mixin.py:115} INFO - [2023-05-19 18:10:08,150] {dag.py:2927} INFO - Setting next_dagrun for example_sla_dag to 2023-05-19T21:08:00+00:00, run_after=2023-05-19T21:10:00+00:00
[2023-05-19 18:10:08,159] {processor.py:161} INFO - Processing /home/guilherme/Documents/weather_datapipeline/airflow_weather/venv/lib/python3.10/site-packages/airflow/example_dags/example_sla_dag.py took 0.050 seconds
[2023-05-19 18:10:40,011] {processor.py:153} INFO - Started process (PID=15340) to work on /home/guilherme/Documents/weather_datapipeline/airflow_weather/venv/lib/python3.10/site-packages/airflow/example_dags/example_sla_dag.py
[2023-05-19 18:10:40,012] {processor.py:641} INFO - Processing file /home/guilherme/Documents/weather_datapipeline/airflow_weather/venv/lib/python3.10/site-packages/airflow/example_dags/example_sla_dag.py for tasks to queue
[2023-05-19 18:10:40,012] {logging_mixin.py:115} INFO - [2023-05-19 18:10:40,012] {dagbag.py:507} INFO - Filling up the DagBag from /home/guilherme/Documents/weather_datapipeline/airflow_weather/venv/lib/python3.10/site-packages/airflow/example_dags/example_sla_dag.py
[2023-05-19 18:10:40,025] {processor.py:651} INFO - DAG(s) dict_keys(['example_sla_dag']) retrieved from /home/guilherme/Documents/weather_datapipeline/airflow_weather/venv/lib/python3.10/site-packages/airflow/example_dags/example_sla_dag.py
[2023-05-19 18:10:40,033] {logging_mixin.py:115} INFO - [2023-05-19 18:10:40,033] {dag.py:2379} INFO - Sync 1 DAGs
[2023-05-19 18:10:40,044] {logging_mixin.py:115} INFO - [2023-05-19 18:10:40,044] {dag.py:2927} INFO - Setting next_dagrun for example_sla_dag to 2023-05-19T21:08:00+00:00, run_after=2023-05-19T21:10:00+00:00
[2023-05-19 18:10:40,050] {processor.py:161} INFO - Processing /home/guilherme/Documents/weather_datapipeline/airflow_weather/venv/lib/python3.10/site-packages/airflow/example_dags/example_sla_dag.py took 0.041 seconds
[2023-05-19 18:11:14,010] {processor.py:153} INFO - Started process (PID=15388) to work on /home/guilherme/Documents/weather_datapipeline/airflow_weather/venv/lib/python3.10/site-packages/airflow/example_dags/example_sla_dag.py
[2023-05-19 18:11:14,011] {processor.py:641} INFO - Processing file /home/guilherme/Documents/weather_datapipeline/airflow_weather/venv/lib/python3.10/site-packages/airflow/example_dags/example_sla_dag.py for tasks to queue
[2023-05-19 18:11:14,011] {logging_mixin.py:115} INFO - [2023-05-19 18:11:14,011] {dagbag.py:507} INFO - Filling up the DagBag from /home/guilherme/Documents/weather_datapipeline/airflow_weather/venv/lib/python3.10/site-packages/airflow/example_dags/example_sla_dag.py
[2023-05-19 18:11:14,023] {processor.py:651} INFO - DAG(s) dict_keys(['example_sla_dag']) retrieved from /home/guilherme/Documents/weather_datapipeline/airflow_weather/venv/lib/python3.10/site-packages/airflow/example_dags/example_sla_dag.py
[2023-05-19 18:11:14,032] {logging_mixin.py:115} INFO - [2023-05-19 18:11:14,032] {dag.py:2379} INFO - Sync 1 DAGs
[2023-05-19 18:11:14,043] {logging_mixin.py:115} INFO - [2023-05-19 18:11:14,043] {dag.py:2927} INFO - Setting next_dagrun for example_sla_dag to 2023-05-19T21:08:00+00:00, run_after=2023-05-19T21:10:00+00:00
[2023-05-19 18:11:14,050] {processor.py:161} INFO - Processing /home/guilherme/Documents/weather_datapipeline/airflow_weather/venv/lib/python3.10/site-packages/airflow/example_dags/example_sla_dag.py took 0.041 seconds
[2023-05-19 18:11:44,174] {processor.py:153} INFO - Started process (PID=15450) to work on /home/guilherme/Documents/weather_datapipeline/airflow_weather/venv/lib/python3.10/site-packages/airflow/example_dags/example_sla_dag.py
[2023-05-19 18:11:44,174] {processor.py:641} INFO - Processing file /home/guilherme/Documents/weather_datapipeline/airflow_weather/venv/lib/python3.10/site-packages/airflow/example_dags/example_sla_dag.py for tasks to queue
[2023-05-19 18:11:44,175] {logging_mixin.py:115} INFO - [2023-05-19 18:11:44,174] {dagbag.py:507} INFO - Filling up the DagBag from /home/guilherme/Documents/weather_datapipeline/airflow_weather/venv/lib/python3.10/site-packages/airflow/example_dags/example_sla_dag.py
[2023-05-19 18:11:44,188] {processor.py:651} INFO - DAG(s) dict_keys(['example_sla_dag']) retrieved from /home/guilherme/Documents/weather_datapipeline/airflow_weather/venv/lib/python3.10/site-packages/airflow/example_dags/example_sla_dag.py
[2023-05-19 18:11:44,196] {logging_mixin.py:115} INFO - [2023-05-19 18:11:44,196] {dag.py:2379} INFO - Sync 1 DAGs
[2023-05-19 18:11:44,208] {logging_mixin.py:115} INFO - [2023-05-19 18:11:44,208] {dag.py:2927} INFO - Setting next_dagrun for example_sla_dag to 2023-05-19T21:08:00+00:00, run_after=2023-05-19T21:10:00+00:00
[2023-05-19 18:11:44,215] {processor.py:161} INFO - Processing /home/guilherme/Documents/weather_datapipeline/airflow_weather/venv/lib/python3.10/site-packages/airflow/example_dags/example_sla_dag.py took 0.043 seconds
[2023-05-19 18:12:15,555] {processor.py:153} INFO - Started process (PID=15517) to work on /home/guilherme/Documents/weather_datapipeline/airflow_weather/venv/lib/python3.10/site-packages/airflow/example_dags/example_sla_dag.py
[2023-05-19 18:12:15,555] {processor.py:641} INFO - Processing file /home/guilherme/Documents/weather_datapipeline/airflow_weather/venv/lib/python3.10/site-packages/airflow/example_dags/example_sla_dag.py for tasks to queue
[2023-05-19 18:12:15,556] {logging_mixin.py:115} INFO - [2023-05-19 18:12:15,556] {dagbag.py:507} INFO - Filling up the DagBag from /home/guilherme/Documents/weather_datapipeline/airflow_weather/venv/lib/python3.10/site-packages/airflow/example_dags/example_sla_dag.py
[2023-05-19 18:12:15,569] {processor.py:651} INFO - DAG(s) dict_keys(['example_sla_dag']) retrieved from /home/guilherme/Documents/weather_datapipeline/airflow_weather/venv/lib/python3.10/site-packages/airflow/example_dags/example_sla_dag.py
[2023-05-19 18:12:15,577] {logging_mixin.py:115} INFO - [2023-05-19 18:12:15,577] {dag.py:2379} INFO - Sync 1 DAGs
[2023-05-19 18:12:15,590] {logging_mixin.py:115} INFO - [2023-05-19 18:12:15,590] {dag.py:2927} INFO - Setting next_dagrun for example_sla_dag to 2023-05-19T21:10:00+00:00, run_after=2023-05-19T21:12:00+00:00
[2023-05-19 18:12:15,596] {processor.py:161} INFO - Processing /home/guilherme/Documents/weather_datapipeline/airflow_weather/venv/lib/python3.10/site-packages/airflow/example_dags/example_sla_dag.py took 0.042 seconds
[2023-05-19 18:12:46,898] {processor.py:153} INFO - Started process (PID=15554) to work on /home/guilherme/Documents/weather_datapipeline/airflow_weather/venv/lib/python3.10/site-packages/airflow/example_dags/example_sla_dag.py
[2023-05-19 18:12:46,898] {processor.py:641} INFO - Processing file /home/guilherme/Documents/weather_datapipeline/airflow_weather/venv/lib/python3.10/site-packages/airflow/example_dags/example_sla_dag.py for tasks to queue
[2023-05-19 18:12:46,899] {logging_mixin.py:115} INFO - [2023-05-19 18:12:46,899] {dagbag.py:507} INFO - Filling up the DagBag from /home/guilherme/Documents/weather_datapipeline/airflow_weather/venv/lib/python3.10/site-packages/airflow/example_dags/example_sla_dag.py
[2023-05-19 18:12:46,912] {processor.py:651} INFO - DAG(s) dict_keys(['example_sla_dag']) retrieved from /home/guilherme/Documents/weather_datapipeline/airflow_weather/venv/lib/python3.10/site-packages/airflow/example_dags/example_sla_dag.py
[2023-05-19 18:12:46,923] {logging_mixin.py:115} INFO - [2023-05-19 18:12:46,923] {dag.py:2379} INFO - Sync 1 DAGs
[2023-05-19 18:12:46,934] {logging_mixin.py:115} INFO - [2023-05-19 18:12:46,934] {dag.py:2927} INFO - Setting next_dagrun for example_sla_dag to 2023-05-19T21:10:00+00:00, run_after=2023-05-19T21:12:00+00:00
[2023-05-19 18:12:46,941] {processor.py:161} INFO - Processing /home/guilherme/Documents/weather_datapipeline/airflow_weather/venv/lib/python3.10/site-packages/airflow/example_dags/example_sla_dag.py took 0.045 seconds
[2023-05-19 18:13:17,153] {processor.py:153} INFO - Started process (PID=15744) to work on /home/guilherme/Documents/weather_datapipeline/airflow_weather/venv/lib/python3.10/site-packages/airflow/example_dags/example_sla_dag.py
[2023-05-19 18:13:17,154] {processor.py:641} INFO - Processing file /home/guilherme/Documents/weather_datapipeline/airflow_weather/venv/lib/python3.10/site-packages/airflow/example_dags/example_sla_dag.py for tasks to queue
[2023-05-19 18:13:17,154] {logging_mixin.py:115} INFO - [2023-05-19 18:13:17,154] {dagbag.py:507} INFO - Filling up the DagBag from /home/guilherme/Documents/weather_datapipeline/airflow_weather/venv/lib/python3.10/site-packages/airflow/example_dags/example_sla_dag.py
[2023-05-19 18:13:17,166] {processor.py:651} INFO - DAG(s) dict_keys(['example_sla_dag']) retrieved from /home/guilherme/Documents/weather_datapipeline/airflow_weather/venv/lib/python3.10/site-packages/airflow/example_dags/example_sla_dag.py
[2023-05-19 18:13:17,173] {logging_mixin.py:115} INFO - [2023-05-19 18:13:17,173] {dag.py:2379} INFO - Sync 1 DAGs
[2023-05-19 18:13:17,184] {logging_mixin.py:115} INFO - [2023-05-19 18:13:17,184] {dag.py:2927} INFO - Setting next_dagrun for example_sla_dag to 2023-05-19T21:10:00+00:00, run_after=2023-05-19T21:12:00+00:00
[2023-05-19 18:13:17,190] {processor.py:161} INFO - Processing /home/guilherme/Documents/weather_datapipeline/airflow_weather/venv/lib/python3.10/site-packages/airflow/example_dags/example_sla_dag.py took 0.039 seconds
[2023-05-19 18:13:48,438] {processor.py:153} INFO - Started process (PID=15914) to work on /home/guilherme/Documents/weather_datapipeline/airflow_weather/venv/lib/python3.10/site-packages/airflow/example_dags/example_sla_dag.py
[2023-05-19 18:13:48,438] {processor.py:641} INFO - Processing file /home/guilherme/Documents/weather_datapipeline/airflow_weather/venv/lib/python3.10/site-packages/airflow/example_dags/example_sla_dag.py for tasks to queue
[2023-05-19 18:13:48,438] {logging_mixin.py:115} INFO - [2023-05-19 18:13:48,438] {dagbag.py:507} INFO - Filling up the DagBag from /home/guilherme/Documents/weather_datapipeline/airflow_weather/venv/lib/python3.10/site-packages/airflow/example_dags/example_sla_dag.py
[2023-05-19 18:13:48,451] {processor.py:651} INFO - DAG(s) dict_keys(['example_sla_dag']) retrieved from /home/guilherme/Documents/weather_datapipeline/airflow_weather/venv/lib/python3.10/site-packages/airflow/example_dags/example_sla_dag.py
[2023-05-19 18:13:48,459] {logging_mixin.py:115} INFO - [2023-05-19 18:13:48,459] {dag.py:2379} INFO - Sync 1 DAGs
[2023-05-19 18:13:48,469] {logging_mixin.py:115} INFO - [2023-05-19 18:13:48,469] {dag.py:2927} INFO - Setting next_dagrun for example_sla_dag to 2023-05-19T21:10:00+00:00, run_after=2023-05-19T21:12:00+00:00
[2023-05-19 18:13:48,475] {processor.py:161} INFO - Processing /home/guilherme/Documents/weather_datapipeline/airflow_weather/venv/lib/python3.10/site-packages/airflow/example_dags/example_sla_dag.py took 0.039 seconds
[2023-05-19 18:14:20,257] {processor.py:153} INFO - Started process (PID=16088) to work on /home/guilherme/Documents/weather_datapipeline/airflow_weather/venv/lib/python3.10/site-packages/airflow/example_dags/example_sla_dag.py
[2023-05-19 18:14:20,258] {processor.py:641} INFO - Processing file /home/guilherme/Documents/weather_datapipeline/airflow_weather/venv/lib/python3.10/site-packages/airflow/example_dags/example_sla_dag.py for tasks to queue
[2023-05-19 18:14:20,258] {logging_mixin.py:115} INFO - [2023-05-19 18:14:20,258] {dagbag.py:507} INFO - Filling up the DagBag from /home/guilherme/Documents/weather_datapipeline/airflow_weather/venv/lib/python3.10/site-packages/airflow/example_dags/example_sla_dag.py
[2023-05-19 18:14:20,269] {processor.py:651} INFO - DAG(s) dict_keys(['example_sla_dag']) retrieved from /home/guilherme/Documents/weather_datapipeline/airflow_weather/venv/lib/python3.10/site-packages/airflow/example_dags/example_sla_dag.py
[2023-05-19 18:14:20,278] {logging_mixin.py:115} INFO - [2023-05-19 18:14:20,278] {dag.py:2379} INFO - Sync 1 DAGs
[2023-05-19 18:14:20,288] {logging_mixin.py:115} INFO - [2023-05-19 18:14:20,288] {dag.py:2927} INFO - Setting next_dagrun for example_sla_dag to 2023-05-19T21:12:00+00:00, run_after=2023-05-19T21:14:00+00:00
[2023-05-19 18:14:20,294] {processor.py:161} INFO - Processing /home/guilherme/Documents/weather_datapipeline/airflow_weather/venv/lib/python3.10/site-packages/airflow/example_dags/example_sla_dag.py took 0.039 seconds
[2023-05-19 18:14:52,789] {processor.py:153} INFO - Started process (PID=16290) to work on /home/guilherme/Documents/weather_datapipeline/airflow_weather/venv/lib/python3.10/site-packages/airflow/example_dags/example_sla_dag.py
[2023-05-19 18:14:52,790] {processor.py:641} INFO - Processing file /home/guilherme/Documents/weather_datapipeline/airflow_weather/venv/lib/python3.10/site-packages/airflow/example_dags/example_sla_dag.py for tasks to queue
[2023-05-19 18:14:52,790] {logging_mixin.py:115} INFO - [2023-05-19 18:14:52,790] {dagbag.py:507} INFO - Filling up the DagBag from /home/guilherme/Documents/weather_datapipeline/airflow_weather/venv/lib/python3.10/site-packages/airflow/example_dags/example_sla_dag.py
[2023-05-19 18:14:52,803] {processor.py:651} INFO - DAG(s) dict_keys(['example_sla_dag']) retrieved from /home/guilherme/Documents/weather_datapipeline/airflow_weather/venv/lib/python3.10/site-packages/airflow/example_dags/example_sla_dag.py
[2023-05-19 18:14:52,811] {logging_mixin.py:115} INFO - [2023-05-19 18:14:52,811] {dag.py:2379} INFO - Sync 1 DAGs
[2023-05-19 18:14:52,821] {logging_mixin.py:115} INFO - [2023-05-19 18:14:52,821] {dag.py:2927} INFO - Setting next_dagrun for example_sla_dag to 2023-05-19T21:12:00+00:00, run_after=2023-05-19T21:14:00+00:00
[2023-05-19 18:14:52,828] {processor.py:161} INFO - Processing /home/guilherme/Documents/weather_datapipeline/airflow_weather/venv/lib/python3.10/site-packages/airflow/example_dags/example_sla_dag.py took 0.040 seconds
[2023-05-19 18:15:25,147] {processor.py:153} INFO - Started process (PID=16462) to work on /home/guilherme/Documents/weather_datapipeline/airflow_weather/venv/lib/python3.10/site-packages/airflow/example_dags/example_sla_dag.py
[2023-05-19 18:15:25,148] {processor.py:641} INFO - Processing file /home/guilherme/Documents/weather_datapipeline/airflow_weather/venv/lib/python3.10/site-packages/airflow/example_dags/example_sla_dag.py for tasks to queue
[2023-05-19 18:15:25,148] {logging_mixin.py:115} INFO - [2023-05-19 18:15:25,148] {dagbag.py:507} INFO - Filling up the DagBag from /home/guilherme/Documents/weather_datapipeline/airflow_weather/venv/lib/python3.10/site-packages/airflow/example_dags/example_sla_dag.py
[2023-05-19 18:15:25,159] {processor.py:651} INFO - DAG(s) dict_keys(['example_sla_dag']) retrieved from /home/guilherme/Documents/weather_datapipeline/airflow_weather/venv/lib/python3.10/site-packages/airflow/example_dags/example_sla_dag.py
[2023-05-19 18:15:25,167] {logging_mixin.py:115} INFO - [2023-05-19 18:15:25,167] {dag.py:2379} INFO - Sync 1 DAGs
[2023-05-19 18:15:25,177] {logging_mixin.py:115} INFO - [2023-05-19 18:15:25,177] {dag.py:2927} INFO - Setting next_dagrun for example_sla_dag to 2023-05-19T21:12:00+00:00, run_after=2023-05-19T21:14:00+00:00
[2023-05-19 18:15:25,183] {processor.py:161} INFO - Processing /home/guilherme/Documents/weather_datapipeline/airflow_weather/venv/lib/python3.10/site-packages/airflow/example_dags/example_sla_dag.py took 0.037 seconds
[2023-05-19 18:15:55,297] {processor.py:153} INFO - Started process (PID=16632) to work on /home/guilherme/Documents/weather_datapipeline/airflow_weather/venv/lib/python3.10/site-packages/airflow/example_dags/example_sla_dag.py
[2023-05-19 18:15:55,297] {processor.py:641} INFO - Processing file /home/guilherme/Documents/weather_datapipeline/airflow_weather/venv/lib/python3.10/site-packages/airflow/example_dags/example_sla_dag.py for tasks to queue
[2023-05-19 18:15:55,298] {logging_mixin.py:115} INFO - [2023-05-19 18:15:55,297] {dagbag.py:507} INFO - Filling up the DagBag from /home/guilherme/Documents/weather_datapipeline/airflow_weather/venv/lib/python3.10/site-packages/airflow/example_dags/example_sla_dag.py
[2023-05-19 18:15:55,309] {processor.py:651} INFO - DAG(s) dict_keys(['example_sla_dag']) retrieved from /home/guilherme/Documents/weather_datapipeline/airflow_weather/venv/lib/python3.10/site-packages/airflow/example_dags/example_sla_dag.py
[2023-05-19 18:15:55,317] {logging_mixin.py:115} INFO - [2023-05-19 18:15:55,317] {dag.py:2379} INFO - Sync 1 DAGs
[2023-05-19 18:15:55,328] {logging_mixin.py:115} INFO - [2023-05-19 18:15:55,328] {dag.py:2927} INFO - Setting next_dagrun for example_sla_dag to 2023-05-19T21:12:00+00:00, run_after=2023-05-19T21:14:00+00:00
[2023-05-19 18:15:55,334] {processor.py:161} INFO - Processing /home/guilherme/Documents/weather_datapipeline/airflow_weather/venv/lib/python3.10/site-packages/airflow/example_dags/example_sla_dag.py took 0.038 seconds
[2023-05-19 18:16:25,806] {processor.py:153} INFO - Started process (PID=16801) to work on /home/guilherme/Documents/weather_datapipeline/airflow_weather/venv/lib/python3.10/site-packages/airflow/example_dags/example_sla_dag.py
[2023-05-19 18:16:25,806] {processor.py:641} INFO - Processing file /home/guilherme/Documents/weather_datapipeline/airflow_weather/venv/lib/python3.10/site-packages/airflow/example_dags/example_sla_dag.py for tasks to queue
[2023-05-19 18:16:25,806] {logging_mixin.py:115} INFO - [2023-05-19 18:16:25,806] {dagbag.py:507} INFO - Filling up the DagBag from /home/guilherme/Documents/weather_datapipeline/airflow_weather/venv/lib/python3.10/site-packages/airflow/example_dags/example_sla_dag.py
[2023-05-19 18:16:25,818] {processor.py:651} INFO - DAG(s) dict_keys(['example_sla_dag']) retrieved from /home/guilherme/Documents/weather_datapipeline/airflow_weather/venv/lib/python3.10/site-packages/airflow/example_dags/example_sla_dag.py
[2023-05-19 18:16:25,826] {logging_mixin.py:115} INFO - [2023-05-19 18:16:25,826] {dag.py:2379} INFO - Sync 1 DAGs
[2023-05-19 18:16:25,837] {logging_mixin.py:115} INFO - [2023-05-19 18:16:25,837] {dag.py:2927} INFO - Setting next_dagrun for example_sla_dag to 2023-05-19T21:14:00+00:00, run_after=2023-05-19T21:16:00+00:00
[2023-05-19 18:16:25,843] {processor.py:161} INFO - Processing /home/guilherme/Documents/weather_datapipeline/airflow_weather/venv/lib/python3.10/site-packages/airflow/example_dags/example_sla_dag.py took 0.039 seconds
[2023-05-19 18:16:57,309] {processor.py:153} INFO - Started process (PID=16972) to work on /home/guilherme/Documents/weather_datapipeline/airflow_weather/venv/lib/python3.10/site-packages/airflow/example_dags/example_sla_dag.py
[2023-05-19 18:16:57,309] {processor.py:641} INFO - Processing file /home/guilherme/Documents/weather_datapipeline/airflow_weather/venv/lib/python3.10/site-packages/airflow/example_dags/example_sla_dag.py for tasks to queue
[2023-05-19 18:16:57,309] {logging_mixin.py:115} INFO - [2023-05-19 18:16:57,309] {dagbag.py:507} INFO - Filling up the DagBag from /home/guilherme/Documents/weather_datapipeline/airflow_weather/venv/lib/python3.10/site-packages/airflow/example_dags/example_sla_dag.py
[2023-05-19 18:16:57,321] {processor.py:651} INFO - DAG(s) dict_keys(['example_sla_dag']) retrieved from /home/guilherme/Documents/weather_datapipeline/airflow_weather/venv/lib/python3.10/site-packages/airflow/example_dags/example_sla_dag.py
[2023-05-19 18:16:57,329] {logging_mixin.py:115} INFO - [2023-05-19 18:16:57,329] {dag.py:2379} INFO - Sync 1 DAGs
[2023-05-19 18:16:57,339] {logging_mixin.py:115} INFO - [2023-05-19 18:16:57,339] {dag.py:2927} INFO - Setting next_dagrun for example_sla_dag to 2023-05-19T21:14:00+00:00, run_after=2023-05-19T21:16:00+00:00
[2023-05-19 18:16:57,345] {processor.py:161} INFO - Processing /home/guilherme/Documents/weather_datapipeline/airflow_weather/venv/lib/python3.10/site-packages/airflow/example_dags/example_sla_dag.py took 0.038 seconds
[2023-05-19 18:17:27,686] {processor.py:153} INFO - Started process (PID=17148) to work on /home/guilherme/Documents/weather_datapipeline/airflow_weather/venv/lib/python3.10/site-packages/airflow/example_dags/example_sla_dag.py
[2023-05-19 18:17:27,687] {processor.py:641} INFO - Processing file /home/guilherme/Documents/weather_datapipeline/airflow_weather/venv/lib/python3.10/site-packages/airflow/example_dags/example_sla_dag.py for tasks to queue
[2023-05-19 18:17:27,687] {logging_mixin.py:115} INFO - [2023-05-19 18:17:27,687] {dagbag.py:507} INFO - Filling up the DagBag from /home/guilherme/Documents/weather_datapipeline/airflow_weather/venv/lib/python3.10/site-packages/airflow/example_dags/example_sla_dag.py
[2023-05-19 18:17:27,699] {processor.py:651} INFO - DAG(s) dict_keys(['example_sla_dag']) retrieved from /home/guilherme/Documents/weather_datapipeline/airflow_weather/venv/lib/python3.10/site-packages/airflow/example_dags/example_sla_dag.py
[2023-05-19 18:17:27,707] {logging_mixin.py:115} INFO - [2023-05-19 18:17:27,707] {dag.py:2379} INFO - Sync 1 DAGs
[2023-05-19 18:17:27,718] {logging_mixin.py:115} INFO - [2023-05-19 18:17:27,718] {dag.py:2927} INFO - Setting next_dagrun for example_sla_dag to 2023-05-19T21:14:00+00:00, run_after=2023-05-19T21:16:00+00:00
[2023-05-19 18:17:27,725] {processor.py:161} INFO - Processing /home/guilherme/Documents/weather_datapipeline/airflow_weather/venv/lib/python3.10/site-packages/airflow/example_dags/example_sla_dag.py took 0.040 seconds
[2023-05-19 18:17:57,989] {processor.py:153} INFO - Started process (PID=17329) to work on /home/guilherme/Documents/weather_datapipeline/airflow_weather/venv/lib/python3.10/site-packages/airflow/example_dags/example_sla_dag.py
[2023-05-19 18:17:57,989] {processor.py:641} INFO - Processing file /home/guilherme/Documents/weather_datapipeline/airflow_weather/venv/lib/python3.10/site-packages/airflow/example_dags/example_sla_dag.py for tasks to queue
[2023-05-19 18:17:57,989] {logging_mixin.py:115} INFO - [2023-05-19 18:17:57,989] {dagbag.py:507} INFO - Filling up the DagBag from /home/guilherme/Documents/weather_datapipeline/airflow_weather/venv/lib/python3.10/site-packages/airflow/example_dags/example_sla_dag.py
[2023-05-19 18:17:58,002] {processor.py:651} INFO - DAG(s) dict_keys(['example_sla_dag']) retrieved from /home/guilherme/Documents/weather_datapipeline/airflow_weather/venv/lib/python3.10/site-packages/airflow/example_dags/example_sla_dag.py
[2023-05-19 18:17:58,011] {logging_mixin.py:115} INFO - [2023-05-19 18:17:58,011] {dag.py:2379} INFO - Sync 1 DAGs
[2023-05-19 18:17:58,022] {logging_mixin.py:115} INFO - [2023-05-19 18:17:58,022] {dag.py:2927} INFO - Setting next_dagrun for example_sla_dag to 2023-05-19T21:14:00+00:00, run_after=2023-05-19T21:16:00+00:00
[2023-05-19 18:17:58,029] {processor.py:161} INFO - Processing /home/guilherme/Documents/weather_datapipeline/airflow_weather/venv/lib/python3.10/site-packages/airflow/example_dags/example_sla_dag.py took 0.042 seconds
[2023-05-19 18:18:31,747] {processor.py:153} INFO - Started process (PID=17563) to work on /home/guilherme/Documents/weather_datapipeline/airflow_weather/venv/lib/python3.10/site-packages/airflow/example_dags/example_sla_dag.py
[2023-05-19 18:18:31,748] {processor.py:641} INFO - Processing file /home/guilherme/Documents/weather_datapipeline/airflow_weather/venv/lib/python3.10/site-packages/airflow/example_dags/example_sla_dag.py for tasks to queue
[2023-05-19 18:18:31,748] {logging_mixin.py:115} INFO - [2023-05-19 18:18:31,748] {dagbag.py:507} INFO - Filling up the DagBag from /home/guilherme/Documents/weather_datapipeline/airflow_weather/venv/lib/python3.10/site-packages/airflow/example_dags/example_sla_dag.py
[2023-05-19 18:18:31,760] {processor.py:651} INFO - DAG(s) dict_keys(['example_sla_dag']) retrieved from /home/guilherme/Documents/weather_datapipeline/airflow_weather/venv/lib/python3.10/site-packages/airflow/example_dags/example_sla_dag.py
[2023-05-19 18:18:31,768] {logging_mixin.py:115} INFO - [2023-05-19 18:18:31,768] {dag.py:2379} INFO - Sync 1 DAGs
[2023-05-19 18:18:31,779] {logging_mixin.py:115} INFO - [2023-05-19 18:18:31,779] {dag.py:2927} INFO - Setting next_dagrun for example_sla_dag to 2023-05-19T21:16:00+00:00, run_after=2023-05-19T21:18:00+00:00
[2023-05-19 18:18:31,785] {processor.py:161} INFO - Processing /home/guilherme/Documents/weather_datapipeline/airflow_weather/venv/lib/python3.10/site-packages/airflow/example_dags/example_sla_dag.py took 0.041 seconds
[2023-05-19 18:19:02,529] {processor.py:153} INFO - Started process (PID=17777) to work on /home/guilherme/Documents/weather_datapipeline/airflow_weather/venv/lib/python3.10/site-packages/airflow/example_dags/example_sla_dag.py
[2023-05-19 18:19:02,530] {processor.py:641} INFO - Processing file /home/guilherme/Documents/weather_datapipeline/airflow_weather/venv/lib/python3.10/site-packages/airflow/example_dags/example_sla_dag.py for tasks to queue
[2023-05-19 18:19:02,530] {logging_mixin.py:115} INFO - [2023-05-19 18:19:02,530] {dagbag.py:507} INFO - Filling up the DagBag from /home/guilherme/Documents/weather_datapipeline/airflow_weather/venv/lib/python3.10/site-packages/airflow/example_dags/example_sla_dag.py
[2023-05-19 18:19:02,542] {processor.py:651} INFO - DAG(s) dict_keys(['example_sla_dag']) retrieved from /home/guilherme/Documents/weather_datapipeline/airflow_weather/venv/lib/python3.10/site-packages/airflow/example_dags/example_sla_dag.py
[2023-05-19 18:19:02,549] {logging_mixin.py:115} INFO - [2023-05-19 18:19:02,549] {dag.py:2379} INFO - Sync 1 DAGs
[2023-05-19 18:19:02,559] {logging_mixin.py:115} INFO - [2023-05-19 18:19:02,559] {dag.py:2927} INFO - Setting next_dagrun for example_sla_dag to 2023-05-19T21:16:00+00:00, run_after=2023-05-19T21:18:00+00:00
[2023-05-19 18:19:02,564] {processor.py:161} INFO - Processing /home/guilherme/Documents/weather_datapipeline/airflow_weather/venv/lib/python3.10/site-packages/airflow/example_dags/example_sla_dag.py took 0.037 seconds
[2023-05-19 18:19:33,208] {processor.py:153} INFO - Started process (PID=18399) to work on /home/guilherme/Documents/weather_datapipeline/airflow_weather/venv/lib/python3.10/site-packages/airflow/example_dags/example_sla_dag.py
[2023-05-19 18:19:33,209] {processor.py:641} INFO - Processing file /home/guilherme/Documents/weather_datapipeline/airflow_weather/venv/lib/python3.10/site-packages/airflow/example_dags/example_sla_dag.py for tasks to queue
[2023-05-19 18:19:33,209] {logging_mixin.py:115} INFO - [2023-05-19 18:19:33,209] {dagbag.py:507} INFO - Filling up the DagBag from /home/guilherme/Documents/weather_datapipeline/airflow_weather/venv/lib/python3.10/site-packages/airflow/example_dags/example_sla_dag.py
[2023-05-19 18:19:33,221] {processor.py:651} INFO - DAG(s) dict_keys(['example_sla_dag']) retrieved from /home/guilherme/Documents/weather_datapipeline/airflow_weather/venv/lib/python3.10/site-packages/airflow/example_dags/example_sla_dag.py
[2023-05-19 18:19:33,230] {logging_mixin.py:115} INFO - [2023-05-19 18:19:33,230] {dag.py:2379} INFO - Sync 1 DAGs
[2023-05-19 18:19:33,241] {logging_mixin.py:115} INFO - [2023-05-19 18:19:33,241] {dag.py:2927} INFO - Setting next_dagrun for example_sla_dag to 2023-05-19T21:16:00+00:00, run_after=2023-05-19T21:18:00+00:00
[2023-05-19 18:19:33,248] {processor.py:161} INFO - Processing /home/guilherme/Documents/weather_datapipeline/airflow_weather/venv/lib/python3.10/site-packages/airflow/example_dags/example_sla_dag.py took 0.041 seconds
[2023-05-19 18:20:06,144] {processor.py:153} INFO - Started process (PID=18611) to work on /home/guilherme/Documents/weather_datapipeline/airflow_weather/venv/lib/python3.10/site-packages/airflow/example_dags/example_sla_dag.py
[2023-05-19 18:20:06,144] {processor.py:641} INFO - Processing file /home/guilherme/Documents/weather_datapipeline/airflow_weather/venv/lib/python3.10/site-packages/airflow/example_dags/example_sla_dag.py for tasks to queue
[2023-05-19 18:20:06,145] {logging_mixin.py:115} INFO - [2023-05-19 18:20:06,145] {dagbag.py:507} INFO - Filling up the DagBag from /home/guilherme/Documents/weather_datapipeline/airflow_weather/venv/lib/python3.10/site-packages/airflow/example_dags/example_sla_dag.py
[2023-05-19 18:20:06,157] {processor.py:651} INFO - DAG(s) dict_keys(['example_sla_dag']) retrieved from /home/guilherme/Documents/weather_datapipeline/airflow_weather/venv/lib/python3.10/site-packages/airflow/example_dags/example_sla_dag.py
[2023-05-19 18:20:06,165] {logging_mixin.py:115} INFO - [2023-05-19 18:20:06,165] {dag.py:2379} INFO - Sync 1 DAGs
[2023-05-19 18:20:06,177] {logging_mixin.py:115} INFO - [2023-05-19 18:20:06,177] {dag.py:2927} INFO - Setting next_dagrun for example_sla_dag to 2023-05-19T21:18:00+00:00, run_after=2023-05-19T21:20:00+00:00
[2023-05-19 18:20:06,184] {processor.py:161} INFO - Processing /home/guilherme/Documents/weather_datapipeline/airflow_weather/venv/lib/python3.10/site-packages/airflow/example_dags/example_sla_dag.py took 0.041 seconds
[2023-05-19 18:20:38,062] {processor.py:153} INFO - Started process (PID=18786) to work on /home/guilherme/Documents/weather_datapipeline/airflow_weather/venv/lib/python3.10/site-packages/airflow/example_dags/example_sla_dag.py
[2023-05-19 18:20:38,062] {processor.py:641} INFO - Processing file /home/guilherme/Documents/weather_datapipeline/airflow_weather/venv/lib/python3.10/site-packages/airflow/example_dags/example_sla_dag.py for tasks to queue
[2023-05-19 18:20:38,063] {logging_mixin.py:115} INFO - [2023-05-19 18:20:38,063] {dagbag.py:507} INFO - Filling up the DagBag from /home/guilherme/Documents/weather_datapipeline/airflow_weather/venv/lib/python3.10/site-packages/airflow/example_dags/example_sla_dag.py
[2023-05-19 18:20:38,074] {processor.py:651} INFO - DAG(s) dict_keys(['example_sla_dag']) retrieved from /home/guilherme/Documents/weather_datapipeline/airflow_weather/venv/lib/python3.10/site-packages/airflow/example_dags/example_sla_dag.py
[2023-05-19 18:20:38,082] {logging_mixin.py:115} INFO - [2023-05-19 18:20:38,082] {dag.py:2379} INFO - Sync 1 DAGs
[2023-05-19 18:20:38,093] {logging_mixin.py:115} INFO - [2023-05-19 18:20:38,093] {dag.py:2927} INFO - Setting next_dagrun for example_sla_dag to 2023-05-19T21:18:00+00:00, run_after=2023-05-19T21:20:00+00:00
[2023-05-19 18:20:38,099] {processor.py:161} INFO - Processing /home/guilherme/Documents/weather_datapipeline/airflow_weather/venv/lib/python3.10/site-packages/airflow/example_dags/example_sla_dag.py took 0.039 seconds
[2023-05-19 18:21:10,549] {processor.py:153} INFO - Started process (PID=18996) to work on /home/guilherme/Documents/weather_datapipeline/airflow_weather/venv/lib/python3.10/site-packages/airflow/example_dags/example_sla_dag.py
[2023-05-19 18:21:10,550] {processor.py:641} INFO - Processing file /home/guilherme/Documents/weather_datapipeline/airflow_weather/venv/lib/python3.10/site-packages/airflow/example_dags/example_sla_dag.py for tasks to queue
[2023-05-19 18:21:10,550] {logging_mixin.py:115} INFO - [2023-05-19 18:21:10,550] {dagbag.py:507} INFO - Filling up the DagBag from /home/guilherme/Documents/weather_datapipeline/airflow_weather/venv/lib/python3.10/site-packages/airflow/example_dags/example_sla_dag.py
[2023-05-19 18:21:10,562] {processor.py:651} INFO - DAG(s) dict_keys(['example_sla_dag']) retrieved from /home/guilherme/Documents/weather_datapipeline/airflow_weather/venv/lib/python3.10/site-packages/airflow/example_dags/example_sla_dag.py
[2023-05-19 18:21:10,569] {logging_mixin.py:115} INFO - [2023-05-19 18:21:10,569] {dag.py:2379} INFO - Sync 1 DAGs
[2023-05-19 18:21:10,579] {logging_mixin.py:115} INFO - [2023-05-19 18:21:10,579] {dag.py:2927} INFO - Setting next_dagrun for example_sla_dag to 2023-05-19T21:18:00+00:00, run_after=2023-05-19T21:20:00+00:00
[2023-05-19 18:21:10,585] {processor.py:161} INFO - Processing /home/guilherme/Documents/weather_datapipeline/airflow_weather/venv/lib/python3.10/site-packages/airflow/example_dags/example_sla_dag.py took 0.038 seconds
[2023-05-19 18:21:43,590] {processor.py:153} INFO - Started process (PID=19193) to work on /home/guilherme/Documents/weather_datapipeline/airflow_weather/venv/lib/python3.10/site-packages/airflow/example_dags/example_sla_dag.py
[2023-05-19 18:21:43,590] {processor.py:641} INFO - Processing file /home/guilherme/Documents/weather_datapipeline/airflow_weather/venv/lib/python3.10/site-packages/airflow/example_dags/example_sla_dag.py for tasks to queue
[2023-05-19 18:21:43,591] {logging_mixin.py:115} INFO - [2023-05-19 18:21:43,591] {dagbag.py:507} INFO - Filling up the DagBag from /home/guilherme/Documents/weather_datapipeline/airflow_weather/venv/lib/python3.10/site-packages/airflow/example_dags/example_sla_dag.py
[2023-05-19 18:21:43,601] {processor.py:651} INFO - DAG(s) dict_keys(['example_sla_dag']) retrieved from /home/guilherme/Documents/weather_datapipeline/airflow_weather/venv/lib/python3.10/site-packages/airflow/example_dags/example_sla_dag.py
[2023-05-19 18:21:43,610] {logging_mixin.py:115} INFO - [2023-05-19 18:21:43,609] {dag.py:2379} INFO - Sync 1 DAGs
[2023-05-19 18:21:43,620] {logging_mixin.py:115} INFO - [2023-05-19 18:21:43,620] {dag.py:2927} INFO - Setting next_dagrun for example_sla_dag to 2023-05-19T21:18:00+00:00, run_after=2023-05-19T21:20:00+00:00
[2023-05-19 18:21:43,626] {processor.py:161} INFO - Processing /home/guilherme/Documents/weather_datapipeline/airflow_weather/venv/lib/python3.10/site-packages/airflow/example_dags/example_sla_dag.py took 0.038 seconds
[2023-05-19 18:22:16,608] {processor.py:153} INFO - Started process (PID=19380) to work on /home/guilherme/Documents/weather_datapipeline/airflow_weather/venv/lib/python3.10/site-packages/airflow/example_dags/example_sla_dag.py
[2023-05-19 18:22:16,609] {processor.py:641} INFO - Processing file /home/guilherme/Documents/weather_datapipeline/airflow_weather/venv/lib/python3.10/site-packages/airflow/example_dags/example_sla_dag.py for tasks to queue
[2023-05-19 18:22:16,609] {logging_mixin.py:115} INFO - [2023-05-19 18:22:16,609] {dagbag.py:507} INFO - Filling up the DagBag from /home/guilherme/Documents/weather_datapipeline/airflow_weather/venv/lib/python3.10/site-packages/airflow/example_dags/example_sla_dag.py
[2023-05-19 18:22:16,620] {processor.py:651} INFO - DAG(s) dict_keys(['example_sla_dag']) retrieved from /home/guilherme/Documents/weather_datapipeline/airflow_weather/venv/lib/python3.10/site-packages/airflow/example_dags/example_sla_dag.py
[2023-05-19 18:22:16,630] {logging_mixin.py:115} INFO - [2023-05-19 18:22:16,629] {dag.py:2379} INFO - Sync 1 DAGs
[2023-05-19 18:22:16,641] {logging_mixin.py:115} INFO - [2023-05-19 18:22:16,641] {dag.py:2927} INFO - Setting next_dagrun for example_sla_dag to 2023-05-19T21:20:00+00:00, run_after=2023-05-19T21:22:00+00:00
[2023-05-19 18:22:16,649] {processor.py:161} INFO - Processing /home/guilherme/Documents/weather_datapipeline/airflow_weather/venv/lib/python3.10/site-packages/airflow/example_dags/example_sla_dag.py took 0.043 seconds
[2023-05-19 18:22:47,413] {processor.py:153} INFO - Started process (PID=19591) to work on /home/guilherme/Documents/weather_datapipeline/airflow_weather/venv/lib/python3.10/site-packages/airflow/example_dags/example_sla_dag.py
[2023-05-19 18:22:47,414] {processor.py:641} INFO - Processing file /home/guilherme/Documents/weather_datapipeline/airflow_weather/venv/lib/python3.10/site-packages/airflow/example_dags/example_sla_dag.py for tasks to queue
[2023-05-19 18:22:47,414] {logging_mixin.py:115} INFO - [2023-05-19 18:22:47,414] {dagbag.py:507} INFO - Filling up the DagBag from /home/guilherme/Documents/weather_datapipeline/airflow_weather/venv/lib/python3.10/site-packages/airflow/example_dags/example_sla_dag.py
[2023-05-19 18:22:47,427] {processor.py:651} INFO - DAG(s) dict_keys(['example_sla_dag']) retrieved from /home/guilherme/Documents/weather_datapipeline/airflow_weather/venv/lib/python3.10/site-packages/airflow/example_dags/example_sla_dag.py
[2023-05-19 18:22:47,436] {logging_mixin.py:115} INFO - [2023-05-19 18:22:47,436] {dag.py:2379} INFO - Sync 1 DAGs
[2023-05-19 18:22:47,449] {logging_mixin.py:115} INFO - [2023-05-19 18:22:47,449] {dag.py:2927} INFO - Setting next_dagrun for example_sla_dag to 2023-05-19T21:20:00+00:00, run_after=2023-05-19T21:22:00+00:00
[2023-05-19 18:22:47,457] {processor.py:161} INFO - Processing /home/guilherme/Documents/weather_datapipeline/airflow_weather/venv/lib/python3.10/site-packages/airflow/example_dags/example_sla_dag.py took 0.046 seconds
[2023-05-19 18:23:20,563] {processor.py:153} INFO - Started process (PID=19785) to work on /home/guilherme/Documents/weather_datapipeline/airflow_weather/venv/lib/python3.10/site-packages/airflow/example_dags/example_sla_dag.py
[2023-05-19 18:23:20,563] {processor.py:641} INFO - Processing file /home/guilherme/Documents/weather_datapipeline/airflow_weather/venv/lib/python3.10/site-packages/airflow/example_dags/example_sla_dag.py for tasks to queue
[2023-05-19 18:23:20,564] {logging_mixin.py:115} INFO - [2023-05-19 18:23:20,564] {dagbag.py:507} INFO - Filling up the DagBag from /home/guilherme/Documents/weather_datapipeline/airflow_weather/venv/lib/python3.10/site-packages/airflow/example_dags/example_sla_dag.py
[2023-05-19 18:23:20,577] {processor.py:651} INFO - DAG(s) dict_keys(['example_sla_dag']) retrieved from /home/guilherme/Documents/weather_datapipeline/airflow_weather/venv/lib/python3.10/site-packages/airflow/example_dags/example_sla_dag.py
[2023-05-19 18:23:20,585] {logging_mixin.py:115} INFO - [2023-05-19 18:23:20,585] {dag.py:2379} INFO - Sync 1 DAGs
[2023-05-19 18:23:20,596] {logging_mixin.py:115} INFO - [2023-05-19 18:23:20,596] {dag.py:2927} INFO - Setting next_dagrun for example_sla_dag to 2023-05-19T21:20:00+00:00, run_after=2023-05-19T21:22:00+00:00
[2023-05-19 18:23:20,603] {processor.py:161} INFO - Processing /home/guilherme/Documents/weather_datapipeline/airflow_weather/venv/lib/python3.10/site-packages/airflow/example_dags/example_sla_dag.py took 0.042 seconds
[2023-05-19 18:23:50,945] {processor.py:153} INFO - Started process (PID=19967) to work on /home/guilherme/Documents/weather_datapipeline/airflow_weather/venv/lib/python3.10/site-packages/airflow/example_dags/example_sla_dag.py
[2023-05-19 18:23:50,946] {processor.py:641} INFO - Processing file /home/guilherme/Documents/weather_datapipeline/airflow_weather/venv/lib/python3.10/site-packages/airflow/example_dags/example_sla_dag.py for tasks to queue
[2023-05-19 18:23:50,946] {logging_mixin.py:115} INFO - [2023-05-19 18:23:50,946] {dagbag.py:507} INFO - Filling up the DagBag from /home/guilherme/Documents/weather_datapipeline/airflow_weather/venv/lib/python3.10/site-packages/airflow/example_dags/example_sla_dag.py
[2023-05-19 18:23:50,959] {processor.py:651} INFO - DAG(s) dict_keys(['example_sla_dag']) retrieved from /home/guilherme/Documents/weather_datapipeline/airflow_weather/venv/lib/python3.10/site-packages/airflow/example_dags/example_sla_dag.py
[2023-05-19 18:23:50,967] {logging_mixin.py:115} INFO - [2023-05-19 18:23:50,967] {dag.py:2379} INFO - Sync 1 DAGs
[2023-05-19 18:23:50,978] {logging_mixin.py:115} INFO - [2023-05-19 18:23:50,978] {dag.py:2927} INFO - Setting next_dagrun for example_sla_dag to 2023-05-19T21:20:00+00:00, run_after=2023-05-19T21:22:00+00:00
[2023-05-19 18:23:50,986] {processor.py:161} INFO - Processing /home/guilherme/Documents/weather_datapipeline/airflow_weather/venv/lib/python3.10/site-packages/airflow/example_dags/example_sla_dag.py took 0.042 seconds
[2023-05-19 18:24:21,262] {processor.py:153} INFO - Started process (PID=20096) to work on /home/guilherme/Documents/weather_datapipeline/airflow_weather/venv/lib/python3.10/site-packages/airflow/example_dags/example_sla_dag.py
[2023-05-19 18:24:21,262] {processor.py:641} INFO - Processing file /home/guilherme/Documents/weather_datapipeline/airflow_weather/venv/lib/python3.10/site-packages/airflow/example_dags/example_sla_dag.py for tasks to queue
[2023-05-19 18:24:21,262] {logging_mixin.py:115} INFO - [2023-05-19 18:24:21,262] {dagbag.py:507} INFO - Filling up the DagBag from /home/guilherme/Documents/weather_datapipeline/airflow_weather/venv/lib/python3.10/site-packages/airflow/example_dags/example_sla_dag.py
[2023-05-19 18:24:21,277] {processor.py:651} INFO - DAG(s) dict_keys(['example_sla_dag']) retrieved from /home/guilherme/Documents/weather_datapipeline/airflow_weather/venv/lib/python3.10/site-packages/airflow/example_dags/example_sla_dag.py
[2023-05-19 18:24:21,287] {logging_mixin.py:115} INFO - [2023-05-19 18:24:21,287] {dag.py:2379} INFO - Sync 1 DAGs
[2023-05-19 18:24:21,300] {logging_mixin.py:115} INFO - [2023-05-19 18:24:21,300] {dag.py:2927} INFO - Setting next_dagrun for example_sla_dag to 2023-05-19T21:22:00+00:00, run_after=2023-05-19T21:24:00+00:00
[2023-05-19 18:24:21,308] {processor.py:161} INFO - Processing /home/guilherme/Documents/weather_datapipeline/airflow_weather/venv/lib/python3.10/site-packages/airflow/example_dags/example_sla_dag.py took 0.049 seconds
[2023-05-19 18:24:53,897] {processor.py:153} INFO - Started process (PID=20136) to work on /home/guilherme/Documents/weather_datapipeline/airflow_weather/venv/lib/python3.10/site-packages/airflow/example_dags/example_sla_dag.py
[2023-05-19 18:24:53,897] {processor.py:641} INFO - Processing file /home/guilherme/Documents/weather_datapipeline/airflow_weather/venv/lib/python3.10/site-packages/airflow/example_dags/example_sla_dag.py for tasks to queue
[2023-05-19 18:24:53,898] {logging_mixin.py:115} INFO - [2023-05-19 18:24:53,897] {dagbag.py:507} INFO - Filling up the DagBag from /home/guilherme/Documents/weather_datapipeline/airflow_weather/venv/lib/python3.10/site-packages/airflow/example_dags/example_sla_dag.py
[2023-05-19 18:24:53,911] {processor.py:651} INFO - DAG(s) dict_keys(['example_sla_dag']) retrieved from /home/guilherme/Documents/weather_datapipeline/airflow_weather/venv/lib/python3.10/site-packages/airflow/example_dags/example_sla_dag.py
[2023-05-19 18:24:53,920] {logging_mixin.py:115} INFO - [2023-05-19 18:24:53,920] {dag.py:2379} INFO - Sync 1 DAGs
[2023-05-19 18:24:53,932] {logging_mixin.py:115} INFO - [2023-05-19 18:24:53,932] {dag.py:2927} INFO - Setting next_dagrun for example_sla_dag to 2023-05-19T21:22:00+00:00, run_after=2023-05-19T21:24:00+00:00
[2023-05-19 18:24:53,940] {processor.py:161} INFO - Processing /home/guilherme/Documents/weather_datapipeline/airflow_weather/venv/lib/python3.10/site-packages/airflow/example_dags/example_sla_dag.py took 0.045 seconds
[2023-05-19 18:25:26,445] {processor.py:153} INFO - Started process (PID=20171) to work on /home/guilherme/Documents/weather_datapipeline/airflow_weather/venv/lib/python3.10/site-packages/airflow/example_dags/example_sla_dag.py
[2023-05-19 18:25:26,446] {processor.py:641} INFO - Processing file /home/guilherme/Documents/weather_datapipeline/airflow_weather/venv/lib/python3.10/site-packages/airflow/example_dags/example_sla_dag.py for tasks to queue
[2023-05-19 18:25:26,446] {logging_mixin.py:115} INFO - [2023-05-19 18:25:26,446] {dagbag.py:507} INFO - Filling up the DagBag from /home/guilherme/Documents/weather_datapipeline/airflow_weather/venv/lib/python3.10/site-packages/airflow/example_dags/example_sla_dag.py
[2023-05-19 18:25:26,459] {processor.py:651} INFO - DAG(s) dict_keys(['example_sla_dag']) retrieved from /home/guilherme/Documents/weather_datapipeline/airflow_weather/venv/lib/python3.10/site-packages/airflow/example_dags/example_sla_dag.py
[2023-05-19 18:25:26,469] {logging_mixin.py:115} INFO - [2023-05-19 18:25:26,469] {dag.py:2379} INFO - Sync 1 DAGs
[2023-05-19 18:25:26,480] {logging_mixin.py:115} INFO - [2023-05-19 18:25:26,480] {dag.py:2927} INFO - Setting next_dagrun for example_sla_dag to 2023-05-19T21:22:00+00:00, run_after=2023-05-19T21:24:00+00:00
[2023-05-19 18:25:26,491] {processor.py:161} INFO - Processing /home/guilherme/Documents/weather_datapipeline/airflow_weather/venv/lib/python3.10/site-packages/airflow/example_dags/example_sla_dag.py took 0.048 seconds
[2023-05-19 18:25:57,225] {processor.py:153} INFO - Started process (PID=20276) to work on /home/guilherme/Documents/weather_datapipeline/airflow_weather/venv/lib/python3.10/site-packages/airflow/example_dags/example_sla_dag.py
[2023-05-19 18:25:57,226] {processor.py:641} INFO - Processing file /home/guilherme/Documents/weather_datapipeline/airflow_weather/venv/lib/python3.10/site-packages/airflow/example_dags/example_sla_dag.py for tasks to queue
[2023-05-19 18:25:57,226] {logging_mixin.py:115} INFO - [2023-05-19 18:25:57,226] {dagbag.py:507} INFO - Filling up the DagBag from /home/guilherme/Documents/weather_datapipeline/airflow_weather/venv/lib/python3.10/site-packages/airflow/example_dags/example_sla_dag.py
[2023-05-19 18:25:57,237] {processor.py:651} INFO - DAG(s) dict_keys(['example_sla_dag']) retrieved from /home/guilherme/Documents/weather_datapipeline/airflow_weather/venv/lib/python3.10/site-packages/airflow/example_dags/example_sla_dag.py
[2023-05-19 18:25:57,245] {logging_mixin.py:115} INFO - [2023-05-19 18:25:57,245] {dag.py:2379} INFO - Sync 1 DAGs
[2023-05-19 18:25:57,255] {logging_mixin.py:115} INFO - [2023-05-19 18:25:57,255] {dag.py:2927} INFO - Setting next_dagrun for example_sla_dag to 2023-05-19T21:22:00+00:00, run_after=2023-05-19T21:24:00+00:00
[2023-05-19 18:25:57,260] {processor.py:161} INFO - Processing /home/guilherme/Documents/weather_datapipeline/airflow_weather/venv/lib/python3.10/site-packages/airflow/example_dags/example_sla_dag.py took 0.037 seconds
[2023-05-19 18:26:29,766] {processor.py:153} INFO - Started process (PID=20431) to work on /home/guilherme/Documents/weather_datapipeline/airflow_weather/venv/lib/python3.10/site-packages/airflow/example_dags/example_sla_dag.py
[2023-05-19 18:26:29,766] {processor.py:641} INFO - Processing file /home/guilherme/Documents/weather_datapipeline/airflow_weather/venv/lib/python3.10/site-packages/airflow/example_dags/example_sla_dag.py for tasks to queue
[2023-05-19 18:26:29,767] {logging_mixin.py:115} INFO - [2023-05-19 18:26:29,767] {dagbag.py:507} INFO - Filling up the DagBag from /home/guilherme/Documents/weather_datapipeline/airflow_weather/venv/lib/python3.10/site-packages/airflow/example_dags/example_sla_dag.py
[2023-05-19 18:26:29,778] {processor.py:651} INFO - DAG(s) dict_keys(['example_sla_dag']) retrieved from /home/guilherme/Documents/weather_datapipeline/airflow_weather/venv/lib/python3.10/site-packages/airflow/example_dags/example_sla_dag.py
[2023-05-19 18:26:29,788] {logging_mixin.py:115} INFO - [2023-05-19 18:26:29,788] {dag.py:2379} INFO - Sync 1 DAGs
[2023-05-19 18:26:29,801] {logging_mixin.py:115} INFO - [2023-05-19 18:26:29,800] {dag.py:2927} INFO - Setting next_dagrun for example_sla_dag to 2023-05-19T21:24:00+00:00, run_after=2023-05-19T21:26:00+00:00
[2023-05-19 18:26:29,807] {processor.py:161} INFO - Processing /home/guilherme/Documents/weather_datapipeline/airflow_weather/venv/lib/python3.10/site-packages/airflow/example_dags/example_sla_dag.py took 0.042 seconds
[2023-05-19 18:27:03,114] {processor.py:153} INFO - Started process (PID=20581) to work on /home/guilherme/Documents/weather_datapipeline/airflow_weather/venv/lib/python3.10/site-packages/airflow/example_dags/example_sla_dag.py
[2023-05-19 18:27:03,115] {processor.py:641} INFO - Processing file /home/guilherme/Documents/weather_datapipeline/airflow_weather/venv/lib/python3.10/site-packages/airflow/example_dags/example_sla_dag.py for tasks to queue
[2023-05-19 18:27:03,115] {logging_mixin.py:115} INFO - [2023-05-19 18:27:03,115] {dagbag.py:507} INFO - Filling up the DagBag from /home/guilherme/Documents/weather_datapipeline/airflow_weather/venv/lib/python3.10/site-packages/airflow/example_dags/example_sla_dag.py
[2023-05-19 18:27:03,127] {processor.py:651} INFO - DAG(s) dict_keys(['example_sla_dag']) retrieved from /home/guilherme/Documents/weather_datapipeline/airflow_weather/venv/lib/python3.10/site-packages/airflow/example_dags/example_sla_dag.py
[2023-05-19 18:27:03,134] {logging_mixin.py:115} INFO - [2023-05-19 18:27:03,134] {dag.py:2379} INFO - Sync 1 DAGs
[2023-05-19 18:27:03,145] {logging_mixin.py:115} INFO - [2023-05-19 18:27:03,145] {dag.py:2927} INFO - Setting next_dagrun for example_sla_dag to 2023-05-19T21:24:00+00:00, run_after=2023-05-19T21:26:00+00:00
[2023-05-19 18:27:03,150] {processor.py:161} INFO - Processing /home/guilherme/Documents/weather_datapipeline/airflow_weather/venv/lib/python3.10/site-packages/airflow/example_dags/example_sla_dag.py took 0.038 seconds
[2023-05-19 18:27:36,425] {processor.py:153} INFO - Started process (PID=20678) to work on /home/guilherme/Documents/weather_datapipeline/airflow_weather/venv/lib/python3.10/site-packages/airflow/example_dags/example_sla_dag.py
[2023-05-19 18:27:36,425] {processor.py:641} INFO - Processing file /home/guilherme/Documents/weather_datapipeline/airflow_weather/venv/lib/python3.10/site-packages/airflow/example_dags/example_sla_dag.py for tasks to queue
[2023-05-19 18:27:36,425] {logging_mixin.py:115} INFO - [2023-05-19 18:27:36,425] {dagbag.py:507} INFO - Filling up the DagBag from /home/guilherme/Documents/weather_datapipeline/airflow_weather/venv/lib/python3.10/site-packages/airflow/example_dags/example_sla_dag.py
[2023-05-19 18:27:36,435] {processor.py:651} INFO - DAG(s) dict_keys(['example_sla_dag']) retrieved from /home/guilherme/Documents/weather_datapipeline/airflow_weather/venv/lib/python3.10/site-packages/airflow/example_dags/example_sla_dag.py
[2023-05-19 18:27:36,442] {logging_mixin.py:115} INFO - [2023-05-19 18:27:36,442] {dag.py:2379} INFO - Sync 1 DAGs
[2023-05-19 18:27:36,451] {logging_mixin.py:115} INFO - [2023-05-19 18:27:36,451] {dag.py:2927} INFO - Setting next_dagrun for example_sla_dag to 2023-05-19T21:24:00+00:00, run_after=2023-05-19T21:26:00+00:00
[2023-05-19 18:27:36,456] {processor.py:161} INFO - Processing /home/guilherme/Documents/weather_datapipeline/airflow_weather/venv/lib/python3.10/site-packages/airflow/example_dags/example_sla_dag.py took 0.033 seconds
[2023-05-19 18:28:06,944] {processor.py:153} INFO - Started process (PID=20714) to work on /home/guilherme/Documents/weather_datapipeline/airflow_weather/venv/lib/python3.10/site-packages/airflow/example_dags/example_sla_dag.py
[2023-05-19 18:28:06,945] {processor.py:641} INFO - Processing file /home/guilherme/Documents/weather_datapipeline/airflow_weather/venv/lib/python3.10/site-packages/airflow/example_dags/example_sla_dag.py for tasks to queue
[2023-05-19 18:28:06,945] {logging_mixin.py:115} INFO - [2023-05-19 18:28:06,945] {dagbag.py:507} INFO - Filling up the DagBag from /home/guilherme/Documents/weather_datapipeline/airflow_weather/venv/lib/python3.10/site-packages/airflow/example_dags/example_sla_dag.py
[2023-05-19 18:28:06,955] {processor.py:651} INFO - DAG(s) dict_keys(['example_sla_dag']) retrieved from /home/guilherme/Documents/weather_datapipeline/airflow_weather/venv/lib/python3.10/site-packages/airflow/example_dags/example_sla_dag.py
[2023-05-19 18:28:06,962] {logging_mixin.py:115} INFO - [2023-05-19 18:28:06,962] {dag.py:2379} INFO - Sync 1 DAGs
[2023-05-19 18:28:06,972] {logging_mixin.py:115} INFO - [2023-05-19 18:28:06,972] {dag.py:2927} INFO - Setting next_dagrun for example_sla_dag to 2023-05-19T21:26:00+00:00, run_after=2023-05-19T21:28:00+00:00
[2023-05-19 18:28:06,979] {processor.py:161} INFO - Processing /home/guilherme/Documents/weather_datapipeline/airflow_weather/venv/lib/python3.10/site-packages/airflow/example_dags/example_sla_dag.py took 0.036 seconds
[2023-05-19 18:28:40,597] {processor.py:153} INFO - Started process (PID=20798) to work on /home/guilherme/Documents/weather_datapipeline/airflow_weather/venv/lib/python3.10/site-packages/airflow/example_dags/example_sla_dag.py
[2023-05-19 18:28:40,597] {processor.py:641} INFO - Processing file /home/guilherme/Documents/weather_datapipeline/airflow_weather/venv/lib/python3.10/site-packages/airflow/example_dags/example_sla_dag.py for tasks to queue
[2023-05-19 18:28:40,598] {logging_mixin.py:115} INFO - [2023-05-19 18:28:40,597] {dagbag.py:507} INFO - Filling up the DagBag from /home/guilherme/Documents/weather_datapipeline/airflow_weather/venv/lib/python3.10/site-packages/airflow/example_dags/example_sla_dag.py
[2023-05-19 18:28:40,608] {processor.py:651} INFO - DAG(s) dict_keys(['example_sla_dag']) retrieved from /home/guilherme/Documents/weather_datapipeline/airflow_weather/venv/lib/python3.10/site-packages/airflow/example_dags/example_sla_dag.py
[2023-05-19 18:28:40,615] {logging_mixin.py:115} INFO - [2023-05-19 18:28:40,615] {dag.py:2379} INFO - Sync 1 DAGs
[2023-05-19 18:28:40,625] {logging_mixin.py:115} INFO - [2023-05-19 18:28:40,625] {dag.py:2927} INFO - Setting next_dagrun for example_sla_dag to 2023-05-19T21:26:00+00:00, run_after=2023-05-19T21:28:00+00:00
[2023-05-19 18:28:40,630] {processor.py:161} INFO - Processing /home/guilherme/Documents/weather_datapipeline/airflow_weather/venv/lib/python3.10/site-packages/airflow/example_dags/example_sla_dag.py took 0.035 seconds
