[2023-05-19 17:59:30,149] {processor.py:153} INFO - Started process (PID=11064) to work on /home/guilherme/Documents/weather_datapipeline/airflow_weather/venv/lib/python3.10/site-packages/airflow/example_dags/example_task_group_decorator.py
[2023-05-19 17:59:30,149] {processor.py:641} INFO - Processing file /home/guilherme/Documents/weather_datapipeline/airflow_weather/venv/lib/python3.10/site-packages/airflow/example_dags/example_task_group_decorator.py for tasks to queue
[2023-05-19 17:59:30,149] {logging_mixin.py:115} INFO - [2023-05-19 17:59:30,149] {dagbag.py:507} INFO - Filling up the DagBag from /home/guilherme/Documents/weather_datapipeline/airflow_weather/venv/lib/python3.10/site-packages/airflow/example_dags/example_task_group_decorator.py
[2023-05-19 17:59:30,163] {processor.py:651} INFO - DAG(s) dict_keys(['example_task_group_decorator']) retrieved from /home/guilherme/Documents/weather_datapipeline/airflow_weather/venv/lib/python3.10/site-packages/airflow/example_dags/example_task_group_decorator.py
[2023-05-19 17:59:30,196] {logging_mixin.py:115} INFO - [2023-05-19 17:59:30,196] {manager.py:508} INFO - Created Permission View: can edit on DAG:example_task_group_decorator
[2023-05-19 17:59:30,201] {logging_mixin.py:115} INFO - [2023-05-19 17:59:30,201] {manager.py:508} INFO - Created Permission View: can delete on DAG:example_task_group_decorator
[2023-05-19 17:59:30,206] {logging_mixin.py:115} INFO - [2023-05-19 17:59:30,206] {manager.py:508} INFO - Created Permission View: can read on DAG:example_task_group_decorator
[2023-05-19 17:59:30,206] {logging_mixin.py:115} INFO - [2023-05-19 17:59:30,206] {dag.py:2379} INFO - Sync 1 DAGs
[2023-05-19 17:59:30,211] {logging_mixin.py:115} INFO - [2023-05-19 17:59:30,211] {dag.py:2398} INFO - Creating ORM DAG for example_task_group_decorator
[2023-05-19 17:59:30,216] {logging_mixin.py:115} INFO - [2023-05-19 17:59:30,216] {dag.py:2927} INFO - Setting next_dagrun for example_task_group_decorator to 2023-05-18T20:59:30.216589+00:00, run_after=2023-05-19T20:59:30.216589+00:00
[2023-05-19 17:59:30,225] {processor.py:161} INFO - Processing /home/guilherme/Documents/weather_datapipeline/airflow_weather/venv/lib/python3.10/site-packages/airflow/example_dags/example_task_group_decorator.py took 0.077 seconds
[2023-05-19 18:00:00,935] {processor.py:153} INFO - Started process (PID=11103) to work on /home/guilherme/Documents/weather_datapipeline/airflow_weather/venv/lib/python3.10/site-packages/airflow/example_dags/example_task_group_decorator.py
[2023-05-19 18:00:00,935] {processor.py:641} INFO - Processing file /home/guilherme/Documents/weather_datapipeline/airflow_weather/venv/lib/python3.10/site-packages/airflow/example_dags/example_task_group_decorator.py for tasks to queue
[2023-05-19 18:00:00,935] {logging_mixin.py:115} INFO - [2023-05-19 18:00:00,935] {dagbag.py:507} INFO - Filling up the DagBag from /home/guilherme/Documents/weather_datapipeline/airflow_weather/venv/lib/python3.10/site-packages/airflow/example_dags/example_task_group_decorator.py
[2023-05-19 18:00:00,951] {processor.py:651} INFO - DAG(s) dict_keys(['example_task_group_decorator']) retrieved from /home/guilherme/Documents/weather_datapipeline/airflow_weather/venv/lib/python3.10/site-packages/airflow/example_dags/example_task_group_decorator.py
[2023-05-19 18:00:00,977] {logging_mixin.py:115} INFO - [2023-05-19 18:00:00,977] {dag.py:2379} INFO - Sync 1 DAGs
[2023-05-19 18:00:00,990] {logging_mixin.py:115} INFO - [2023-05-19 18:00:00,990] {dag.py:2927} INFO - Setting next_dagrun for example_task_group_decorator to 2023-05-18T21:00:00.990606+00:00, run_after=2023-05-19T21:00:00.990606+00:00
[2023-05-19 18:00:00,999] {processor.py:161} INFO - Processing /home/guilherme/Documents/weather_datapipeline/airflow_weather/venv/lib/python3.10/site-packages/airflow/example_dags/example_task_group_decorator.py took 0.066 seconds
[2023-05-19 18:00:34,691] {processor.py:153} INFO - Started process (PID=11212) to work on /home/guilherme/Documents/weather_datapipeline/airflow_weather/venv/lib/python3.10/site-packages/airflow/example_dags/example_task_group_decorator.py
[2023-05-19 18:00:34,691] {processor.py:641} INFO - Processing file /home/guilherme/Documents/weather_datapipeline/airflow_weather/venv/lib/python3.10/site-packages/airflow/example_dags/example_task_group_decorator.py for tasks to queue
[2023-05-19 18:00:34,692] {logging_mixin.py:115} INFO - [2023-05-19 18:00:34,692] {dagbag.py:507} INFO - Filling up the DagBag from /home/guilherme/Documents/weather_datapipeline/airflow_weather/venv/lib/python3.10/site-packages/airflow/example_dags/example_task_group_decorator.py
[2023-05-19 18:00:34,709] {processor.py:651} INFO - DAG(s) dict_keys(['example_task_group_decorator']) retrieved from /home/guilherme/Documents/weather_datapipeline/airflow_weather/venv/lib/python3.10/site-packages/airflow/example_dags/example_task_group_decorator.py
[2023-05-19 18:00:34,718] {logging_mixin.py:115} INFO - [2023-05-19 18:00:34,718] {dag.py:2379} INFO - Sync 1 DAGs
[2023-05-19 18:00:34,727] {logging_mixin.py:115} INFO - [2023-05-19 18:00:34,727] {dag.py:2927} INFO - Setting next_dagrun for example_task_group_decorator to 2023-05-18T21:00:34.727757+00:00, run_after=2023-05-19T21:00:34.727757+00:00
[2023-05-19 18:00:34,734] {processor.py:161} INFO - Processing /home/guilherme/Documents/weather_datapipeline/airflow_weather/venv/lib/python3.10/site-packages/airflow/example_dags/example_task_group_decorator.py took 0.045 seconds
[2023-05-19 18:01:06,470] {processor.py:153} INFO - Started process (PID=11275) to work on /home/guilherme/Documents/weather_datapipeline/airflow_weather/venv/lib/python3.10/site-packages/airflow/example_dags/example_task_group_decorator.py
[2023-05-19 18:01:06,471] {processor.py:641} INFO - Processing file /home/guilherme/Documents/weather_datapipeline/airflow_weather/venv/lib/python3.10/site-packages/airflow/example_dags/example_task_group_decorator.py for tasks to queue
[2023-05-19 18:01:06,471] {logging_mixin.py:115} INFO - [2023-05-19 18:01:06,471] {dagbag.py:507} INFO - Filling up the DagBag from /home/guilherme/Documents/weather_datapipeline/airflow_weather/venv/lib/python3.10/site-packages/airflow/example_dags/example_task_group_decorator.py
[2023-05-19 18:01:06,489] {processor.py:651} INFO - DAG(s) dict_keys(['example_task_group_decorator']) retrieved from /home/guilherme/Documents/weather_datapipeline/airflow_weather/venv/lib/python3.10/site-packages/airflow/example_dags/example_task_group_decorator.py
[2023-05-19 18:01:06,497] {logging_mixin.py:115} INFO - [2023-05-19 18:01:06,497] {dag.py:2379} INFO - Sync 1 DAGs
[2023-05-19 18:01:06,508] {logging_mixin.py:115} INFO - [2023-05-19 18:01:06,507] {dag.py:2927} INFO - Setting next_dagrun for example_task_group_decorator to 2023-05-18T21:01:06.507764+00:00, run_after=2023-05-19T21:01:06.507764+00:00
[2023-05-19 18:01:06,515] {processor.py:161} INFO - Processing /home/guilherme/Documents/weather_datapipeline/airflow_weather/venv/lib/python3.10/site-packages/airflow/example_dags/example_task_group_decorator.py took 0.047 seconds
[2023-05-19 18:01:39,500] {processor.py:153} INFO - Started process (PID=11377) to work on /home/guilherme/Documents/weather_datapipeline/airflow_weather/venv/lib/python3.10/site-packages/airflow/example_dags/example_task_group_decorator.py
[2023-05-19 18:01:39,501] {processor.py:641} INFO - Processing file /home/guilherme/Documents/weather_datapipeline/airflow_weather/venv/lib/python3.10/site-packages/airflow/example_dags/example_task_group_decorator.py for tasks to queue
[2023-05-19 18:01:39,501] {logging_mixin.py:115} INFO - [2023-05-19 18:01:39,501] {dagbag.py:507} INFO - Filling up the DagBag from /home/guilherme/Documents/weather_datapipeline/airflow_weather/venv/lib/python3.10/site-packages/airflow/example_dags/example_task_group_decorator.py
[2023-05-19 18:01:39,515] {processor.py:651} INFO - DAG(s) dict_keys(['example_task_group_decorator']) retrieved from /home/guilherme/Documents/weather_datapipeline/airflow_weather/venv/lib/python3.10/site-packages/airflow/example_dags/example_task_group_decorator.py
[2023-05-19 18:01:39,537] {logging_mixin.py:115} INFO - [2023-05-19 18:01:39,537] {dag.py:2379} INFO - Sync 1 DAGs
[2023-05-19 18:01:39,544] {logging_mixin.py:115} INFO - [2023-05-19 18:01:39,544] {dag.py:2927} INFO - Setting next_dagrun for example_task_group_decorator to 2023-05-18T21:01:39.544736+00:00, run_after=2023-05-19T21:01:39.544736+00:00
[2023-05-19 18:01:39,552] {processor.py:161} INFO - Processing /home/guilherme/Documents/weather_datapipeline/airflow_weather/venv/lib/python3.10/site-packages/airflow/example_dags/example_task_group_decorator.py took 0.053 seconds
[2023-05-19 18:02:13,165] {processor.py:153} INFO - Started process (PID=11636) to work on /home/guilherme/Documents/weather_datapipeline/airflow_weather/venv/lib/python3.10/site-packages/airflow/example_dags/example_task_group_decorator.py
[2023-05-19 18:02:13,165] {processor.py:641} INFO - Processing file /home/guilherme/Documents/weather_datapipeline/airflow_weather/venv/lib/python3.10/site-packages/airflow/example_dags/example_task_group_decorator.py for tasks to queue
[2023-05-19 18:02:13,166] {logging_mixin.py:115} INFO - [2023-05-19 18:02:13,165] {dagbag.py:507} INFO - Filling up the DagBag from /home/guilherme/Documents/weather_datapipeline/airflow_weather/venv/lib/python3.10/site-packages/airflow/example_dags/example_task_group_decorator.py
[2023-05-19 18:02:13,181] {processor.py:651} INFO - DAG(s) dict_keys(['example_task_group_decorator']) retrieved from /home/guilherme/Documents/weather_datapipeline/airflow_weather/venv/lib/python3.10/site-packages/airflow/example_dags/example_task_group_decorator.py
[2023-05-19 18:02:13,190] {logging_mixin.py:115} INFO - [2023-05-19 18:02:13,190] {dag.py:2379} INFO - Sync 1 DAGs
[2023-05-19 18:02:13,200] {logging_mixin.py:115} INFO - [2023-05-19 18:02:13,200] {dag.py:2927} INFO - Setting next_dagrun for example_task_group_decorator to 2023-05-18T21:02:13.200064+00:00, run_after=2023-05-19T21:02:13.200064+00:00
[2023-05-19 18:02:13,207] {processor.py:161} INFO - Processing /home/guilherme/Documents/weather_datapipeline/airflow_weather/venv/lib/python3.10/site-packages/airflow/example_dags/example_task_group_decorator.py took 0.044 seconds
[2023-05-19 18:02:44,981] {processor.py:153} INFO - Started process (PID=12059) to work on /home/guilherme/Documents/weather_datapipeline/airflow_weather/venv/lib/python3.10/site-packages/airflow/example_dags/example_task_group_decorator.py
[2023-05-19 18:02:44,982] {processor.py:641} INFO - Processing file /home/guilherme/Documents/weather_datapipeline/airflow_weather/venv/lib/python3.10/site-packages/airflow/example_dags/example_task_group_decorator.py for tasks to queue
[2023-05-19 18:02:44,982] {logging_mixin.py:115} INFO - [2023-05-19 18:02:44,982] {dagbag.py:507} INFO - Filling up the DagBag from /home/guilherme/Documents/weather_datapipeline/airflow_weather/venv/lib/python3.10/site-packages/airflow/example_dags/example_task_group_decorator.py
[2023-05-19 18:02:44,997] {processor.py:651} INFO - DAG(s) dict_keys(['example_task_group_decorator']) retrieved from /home/guilherme/Documents/weather_datapipeline/airflow_weather/venv/lib/python3.10/site-packages/airflow/example_dags/example_task_group_decorator.py
[2023-05-19 18:02:45,022] {logging_mixin.py:115} INFO - [2023-05-19 18:02:45,022] {dag.py:2379} INFO - Sync 1 DAGs
[2023-05-19 18:02:45,030] {logging_mixin.py:115} INFO - [2023-05-19 18:02:45,030] {dag.py:2927} INFO - Setting next_dagrun for example_task_group_decorator to 2023-05-18T21:02:45.030574+00:00, run_after=2023-05-19T21:02:45.030574+00:00
[2023-05-19 18:02:45,039] {processor.py:161} INFO - Processing /home/guilherme/Documents/weather_datapipeline/airflow_weather/venv/lib/python3.10/site-packages/airflow/example_dags/example_task_group_decorator.py took 0.059 seconds
[2023-05-19 18:03:17,831] {processor.py:153} INFO - Started process (PID=12227) to work on /home/guilherme/Documents/weather_datapipeline/airflow_weather/venv/lib/python3.10/site-packages/airflow/example_dags/example_task_group_decorator.py
[2023-05-19 18:03:17,832] {processor.py:641} INFO - Processing file /home/guilherme/Documents/weather_datapipeline/airflow_weather/venv/lib/python3.10/site-packages/airflow/example_dags/example_task_group_decorator.py for tasks to queue
[2023-05-19 18:03:17,832] {logging_mixin.py:115} INFO - [2023-05-19 18:03:17,832] {dagbag.py:507} INFO - Filling up the DagBag from /home/guilherme/Documents/weather_datapipeline/airflow_weather/venv/lib/python3.10/site-packages/airflow/example_dags/example_task_group_decorator.py
[2023-05-19 18:03:17,848] {processor.py:651} INFO - DAG(s) dict_keys(['example_task_group_decorator']) retrieved from /home/guilherme/Documents/weather_datapipeline/airflow_weather/venv/lib/python3.10/site-packages/airflow/example_dags/example_task_group_decorator.py
[2023-05-19 18:03:17,875] {logging_mixin.py:115} INFO - [2023-05-19 18:03:17,874] {dag.py:2379} INFO - Sync 1 DAGs
[2023-05-19 18:03:17,883] {logging_mixin.py:115} INFO - [2023-05-19 18:03:17,883] {dag.py:2927} INFO - Setting next_dagrun for example_task_group_decorator to 2023-05-18T21:03:17.883284+00:00, run_after=2023-05-19T21:03:17.883284+00:00
[2023-05-19 18:03:17,893] {processor.py:161} INFO - Processing /home/guilherme/Documents/weather_datapipeline/airflow_weather/venv/lib/python3.10/site-packages/airflow/example_dags/example_task_group_decorator.py took 0.063 seconds
[2023-05-19 18:03:51,547] {processor.py:153} INFO - Started process (PID=12403) to work on /home/guilherme/Documents/weather_datapipeline/airflow_weather/venv/lib/python3.10/site-packages/airflow/example_dags/example_task_group_decorator.py
[2023-05-19 18:03:51,547] {processor.py:641} INFO - Processing file /home/guilherme/Documents/weather_datapipeline/airflow_weather/venv/lib/python3.10/site-packages/airflow/example_dags/example_task_group_decorator.py for tasks to queue
[2023-05-19 18:03:51,548] {logging_mixin.py:115} INFO - [2023-05-19 18:03:51,548] {dagbag.py:507} INFO - Filling up the DagBag from /home/guilherme/Documents/weather_datapipeline/airflow_weather/venv/lib/python3.10/site-packages/airflow/example_dags/example_task_group_decorator.py
[2023-05-19 18:03:51,563] {processor.py:651} INFO - DAG(s) dict_keys(['example_task_group_decorator']) retrieved from /home/guilherme/Documents/weather_datapipeline/airflow_weather/venv/lib/python3.10/site-packages/airflow/example_dags/example_task_group_decorator.py
[2023-05-19 18:03:51,591] {logging_mixin.py:115} INFO - [2023-05-19 18:03:51,591] {dag.py:2379} INFO - Sync 1 DAGs
[2023-05-19 18:03:51,599] {logging_mixin.py:115} INFO - [2023-05-19 18:03:51,599] {dag.py:2927} INFO - Setting next_dagrun for example_task_group_decorator to 2023-05-18T21:03:51.599507+00:00, run_after=2023-05-19T21:03:51.599507+00:00
[2023-05-19 18:03:51,608] {processor.py:161} INFO - Processing /home/guilherme/Documents/weather_datapipeline/airflow_weather/venv/lib/python3.10/site-packages/airflow/example_dags/example_task_group_decorator.py took 0.063 seconds
[2023-05-19 18:04:22,323] {processor.py:153} INFO - Started process (PID=12475) to work on /home/guilherme/Documents/weather_datapipeline/airflow_weather/venv/lib/python3.10/site-packages/airflow/example_dags/example_task_group_decorator.py
[2023-05-19 18:04:22,324] {processor.py:641} INFO - Processing file /home/guilherme/Documents/weather_datapipeline/airflow_weather/venv/lib/python3.10/site-packages/airflow/example_dags/example_task_group_decorator.py for tasks to queue
[2023-05-19 18:04:22,324] {logging_mixin.py:115} INFO - [2023-05-19 18:04:22,324] {dagbag.py:507} INFO - Filling up the DagBag from /home/guilherme/Documents/weather_datapipeline/airflow_weather/venv/lib/python3.10/site-packages/airflow/example_dags/example_task_group_decorator.py
[2023-05-19 18:04:22,341] {processor.py:651} INFO - DAG(s) dict_keys(['example_task_group_decorator']) retrieved from /home/guilherme/Documents/weather_datapipeline/airflow_weather/venv/lib/python3.10/site-packages/airflow/example_dags/example_task_group_decorator.py
[2023-05-19 18:04:22,366] {logging_mixin.py:115} INFO - [2023-05-19 18:04:22,366] {dag.py:2379} INFO - Sync 1 DAGs
[2023-05-19 18:04:22,375] {logging_mixin.py:115} INFO - [2023-05-19 18:04:22,374] {dag.py:2927} INFO - Setting next_dagrun for example_task_group_decorator to 2023-05-18T21:04:22.374829+00:00, run_after=2023-05-19T21:04:22.374829+00:00
[2023-05-19 18:04:22,383] {processor.py:161} INFO - Processing /home/guilherme/Documents/weather_datapipeline/airflow_weather/venv/lib/python3.10/site-packages/airflow/example_dags/example_task_group_decorator.py took 0.061 seconds
[2023-05-19 18:04:55,342] {processor.py:153} INFO - Started process (PID=12607) to work on /home/guilherme/Documents/weather_datapipeline/airflow_weather/venv/lib/python3.10/site-packages/airflow/example_dags/example_task_group_decorator.py
[2023-05-19 18:04:55,343] {processor.py:641} INFO - Processing file /home/guilherme/Documents/weather_datapipeline/airflow_weather/venv/lib/python3.10/site-packages/airflow/example_dags/example_task_group_decorator.py for tasks to queue
[2023-05-19 18:04:55,343] {logging_mixin.py:115} INFO - [2023-05-19 18:04:55,343] {dagbag.py:507} INFO - Filling up the DagBag from /home/guilherme/Documents/weather_datapipeline/airflow_weather/venv/lib/python3.10/site-packages/airflow/example_dags/example_task_group_decorator.py
[2023-05-19 18:04:55,358] {processor.py:651} INFO - DAG(s) dict_keys(['example_task_group_decorator']) retrieved from /home/guilherme/Documents/weather_datapipeline/airflow_weather/venv/lib/python3.10/site-packages/airflow/example_dags/example_task_group_decorator.py
[2023-05-19 18:04:55,380] {logging_mixin.py:115} INFO - [2023-05-19 18:04:55,380] {dag.py:2379} INFO - Sync 1 DAGs
[2023-05-19 18:04:55,388] {logging_mixin.py:115} INFO - [2023-05-19 18:04:55,388] {dag.py:2927} INFO - Setting next_dagrun for example_task_group_decorator to 2023-05-18T21:04:55.388007+00:00, run_after=2023-05-19T21:04:55.388007+00:00
[2023-05-19 18:04:55,395] {processor.py:161} INFO - Processing /home/guilherme/Documents/weather_datapipeline/airflow_weather/venv/lib/python3.10/site-packages/airflow/example_dags/example_task_group_decorator.py took 0.056 seconds
[2023-05-19 18:05:26,460] {processor.py:153} INFO - Started process (PID=12863) to work on /home/guilherme/Documents/weather_datapipeline/airflow_weather/venv/lib/python3.10/site-packages/airflow/example_dags/example_task_group_decorator.py
[2023-05-19 18:05:26,460] {processor.py:641} INFO - Processing file /home/guilherme/Documents/weather_datapipeline/airflow_weather/venv/lib/python3.10/site-packages/airflow/example_dags/example_task_group_decorator.py for tasks to queue
[2023-05-19 18:05:26,461] {logging_mixin.py:115} INFO - [2023-05-19 18:05:26,461] {dagbag.py:507} INFO - Filling up the DagBag from /home/guilherme/Documents/weather_datapipeline/airflow_weather/venv/lib/python3.10/site-packages/airflow/example_dags/example_task_group_decorator.py
[2023-05-19 18:05:26,477] {processor.py:651} INFO - DAG(s) dict_keys(['example_task_group_decorator']) retrieved from /home/guilherme/Documents/weather_datapipeline/airflow_weather/venv/lib/python3.10/site-packages/airflow/example_dags/example_task_group_decorator.py
[2023-05-19 18:05:26,487] {logging_mixin.py:115} INFO - [2023-05-19 18:05:26,487] {dag.py:2379} INFO - Sync 1 DAGs
[2023-05-19 18:05:26,496] {logging_mixin.py:115} INFO - [2023-05-19 18:05:26,496] {dag.py:2927} INFO - Setting next_dagrun for example_task_group_decorator to 2023-05-18T21:05:26.496546+00:00, run_after=2023-05-19T21:05:26.496546+00:00
[2023-05-19 18:05:26,503] {processor.py:161} INFO - Processing /home/guilherme/Documents/weather_datapipeline/airflow_weather/venv/lib/python3.10/site-packages/airflow/example_dags/example_task_group_decorator.py took 0.045 seconds
[2023-05-19 18:05:57,842] {processor.py:153} INFO - Started process (PID=13215) to work on /home/guilherme/Documents/weather_datapipeline/airflow_weather/venv/lib/python3.10/site-packages/airflow/example_dags/example_task_group_decorator.py
[2023-05-19 18:05:57,842] {processor.py:641} INFO - Processing file /home/guilherme/Documents/weather_datapipeline/airflow_weather/venv/lib/python3.10/site-packages/airflow/example_dags/example_task_group_decorator.py for tasks to queue
[2023-05-19 18:05:57,842] {logging_mixin.py:115} INFO - [2023-05-19 18:05:57,842] {dagbag.py:507} INFO - Filling up the DagBag from /home/guilherme/Documents/weather_datapipeline/airflow_weather/venv/lib/python3.10/site-packages/airflow/example_dags/example_task_group_decorator.py
[2023-05-19 18:05:57,858] {processor.py:651} INFO - DAG(s) dict_keys(['example_task_group_decorator']) retrieved from /home/guilherme/Documents/weather_datapipeline/airflow_weather/venv/lib/python3.10/site-packages/airflow/example_dags/example_task_group_decorator.py
[2023-05-19 18:05:57,867] {logging_mixin.py:115} INFO - [2023-05-19 18:05:57,867] {dag.py:2379} INFO - Sync 1 DAGs
[2023-05-19 18:05:57,876] {logging_mixin.py:115} INFO - [2023-05-19 18:05:57,875] {dag.py:2927} INFO - Setting next_dagrun for example_task_group_decorator to 2023-05-18T21:05:57.875804+00:00, run_after=2023-05-19T21:05:57.875804+00:00
[2023-05-19 18:05:57,882] {processor.py:161} INFO - Processing /home/guilherme/Documents/weather_datapipeline/airflow_weather/venv/lib/python3.10/site-packages/airflow/example_dags/example_task_group_decorator.py took 0.042 seconds
[2023-05-19 18:06:28,094] {processor.py:153} INFO - Started process (PID=13534) to work on /home/guilherme/Documents/weather_datapipeline/airflow_weather/venv/lib/python3.10/site-packages/airflow/example_dags/example_task_group_decorator.py
[2023-05-19 18:06:28,094] {processor.py:641} INFO - Processing file /home/guilherme/Documents/weather_datapipeline/airflow_weather/venv/lib/python3.10/site-packages/airflow/example_dags/example_task_group_decorator.py for tasks to queue
[2023-05-19 18:06:28,094] {logging_mixin.py:115} INFO - [2023-05-19 18:06:28,094] {dagbag.py:507} INFO - Filling up the DagBag from /home/guilherme/Documents/weather_datapipeline/airflow_weather/venv/lib/python3.10/site-packages/airflow/example_dags/example_task_group_decorator.py
[2023-05-19 18:06:28,108] {processor.py:651} INFO - DAG(s) dict_keys(['example_task_group_decorator']) retrieved from /home/guilherme/Documents/weather_datapipeline/airflow_weather/venv/lib/python3.10/site-packages/airflow/example_dags/example_task_group_decorator.py
[2023-05-19 18:06:28,117] {logging_mixin.py:115} INFO - [2023-05-19 18:06:28,117] {dag.py:2379} INFO - Sync 1 DAGs
[2023-05-19 18:06:28,124] {logging_mixin.py:115} INFO - [2023-05-19 18:06:28,124] {dag.py:2927} INFO - Setting next_dagrun for example_task_group_decorator to 2023-05-18T21:06:28.124730+00:00, run_after=2023-05-19T21:06:28.124730+00:00
[2023-05-19 18:06:28,130] {processor.py:161} INFO - Processing /home/guilherme/Documents/weather_datapipeline/airflow_weather/venv/lib/python3.10/site-packages/airflow/example_dags/example_task_group_decorator.py took 0.038 seconds
[2023-05-19 18:07:00,185] {processor.py:153} INFO - Started process (PID=14153) to work on /home/guilherme/Documents/weather_datapipeline/airflow_weather/venv/lib/python3.10/site-packages/airflow/example_dags/example_task_group_decorator.py
[2023-05-19 18:07:00,186] {processor.py:641} INFO - Processing file /home/guilherme/Documents/weather_datapipeline/airflow_weather/venv/lib/python3.10/site-packages/airflow/example_dags/example_task_group_decorator.py for tasks to queue
[2023-05-19 18:07:00,186] {logging_mixin.py:115} INFO - [2023-05-19 18:07:00,186] {dagbag.py:507} INFO - Filling up the DagBag from /home/guilherme/Documents/weather_datapipeline/airflow_weather/venv/lib/python3.10/site-packages/airflow/example_dags/example_task_group_decorator.py
[2023-05-19 18:07:00,201] {processor.py:651} INFO - DAG(s) dict_keys(['example_task_group_decorator']) retrieved from /home/guilherme/Documents/weather_datapipeline/airflow_weather/venv/lib/python3.10/site-packages/airflow/example_dags/example_task_group_decorator.py
[2023-05-19 18:07:00,210] {logging_mixin.py:115} INFO - [2023-05-19 18:07:00,210] {dag.py:2379} INFO - Sync 1 DAGs
[2023-05-19 18:07:00,219] {logging_mixin.py:115} INFO - [2023-05-19 18:07:00,219] {dag.py:2927} INFO - Setting next_dagrun for example_task_group_decorator to 2023-05-18T21:07:00.219026+00:00, run_after=2023-05-19T21:07:00.219026+00:00
[2023-05-19 18:07:00,225] {processor.py:161} INFO - Processing /home/guilherme/Documents/weather_datapipeline/airflow_weather/venv/lib/python3.10/site-packages/airflow/example_dags/example_task_group_decorator.py took 0.041 seconds
[2023-05-19 18:07:34,264] {processor.py:153} INFO - Started process (PID=14392) to work on /home/guilherme/Documents/weather_datapipeline/airflow_weather/venv/lib/python3.10/site-packages/airflow/example_dags/example_task_group_decorator.py
[2023-05-19 18:07:34,265] {processor.py:641} INFO - Processing file /home/guilherme/Documents/weather_datapipeline/airflow_weather/venv/lib/python3.10/site-packages/airflow/example_dags/example_task_group_decorator.py for tasks to queue
[2023-05-19 18:07:34,265] {logging_mixin.py:115} INFO - [2023-05-19 18:07:34,265] {dagbag.py:507} INFO - Filling up the DagBag from /home/guilherme/Documents/weather_datapipeline/airflow_weather/venv/lib/python3.10/site-packages/airflow/example_dags/example_task_group_decorator.py
[2023-05-19 18:07:34,280] {processor.py:651} INFO - DAG(s) dict_keys(['example_task_group_decorator']) retrieved from /home/guilherme/Documents/weather_datapipeline/airflow_weather/venv/lib/python3.10/site-packages/airflow/example_dags/example_task_group_decorator.py
[2023-05-19 18:07:34,289] {logging_mixin.py:115} INFO - [2023-05-19 18:07:34,289] {dag.py:2379} INFO - Sync 1 DAGs
[2023-05-19 18:07:34,298] {logging_mixin.py:115} INFO - [2023-05-19 18:07:34,298] {dag.py:2927} INFO - Setting next_dagrun for example_task_group_decorator to 2023-05-18T21:07:34.298333+00:00, run_after=2023-05-19T21:07:34.298333+00:00
[2023-05-19 18:07:34,304] {processor.py:161} INFO - Processing /home/guilherme/Documents/weather_datapipeline/airflow_weather/venv/lib/python3.10/site-packages/airflow/example_dags/example_task_group_decorator.py took 0.042 seconds
[2023-05-19 18:08:06,176] {processor.py:153} INFO - Started process (PID=14570) to work on /home/guilherme/Documents/weather_datapipeline/airflow_weather/venv/lib/python3.10/site-packages/airflow/example_dags/example_task_group_decorator.py
[2023-05-19 18:08:06,177] {processor.py:641} INFO - Processing file /home/guilherme/Documents/weather_datapipeline/airflow_weather/venv/lib/python3.10/site-packages/airflow/example_dags/example_task_group_decorator.py for tasks to queue
[2023-05-19 18:08:06,177] {logging_mixin.py:115} INFO - [2023-05-19 18:08:06,177] {dagbag.py:507} INFO - Filling up the DagBag from /home/guilherme/Documents/weather_datapipeline/airflow_weather/venv/lib/python3.10/site-packages/airflow/example_dags/example_task_group_decorator.py
[2023-05-19 18:08:06,193] {processor.py:651} INFO - DAG(s) dict_keys(['example_task_group_decorator']) retrieved from /home/guilherme/Documents/weather_datapipeline/airflow_weather/venv/lib/python3.10/site-packages/airflow/example_dags/example_task_group_decorator.py
[2023-05-19 18:08:06,203] {logging_mixin.py:115} INFO - [2023-05-19 18:08:06,203] {dag.py:2379} INFO - Sync 1 DAGs
[2023-05-19 18:08:06,212] {logging_mixin.py:115} INFO - [2023-05-19 18:08:06,212] {dag.py:2927} INFO - Setting next_dagrun for example_task_group_decorator to 2023-05-18T21:08:06.212525+00:00, run_after=2023-05-19T21:08:06.212525+00:00
[2023-05-19 18:08:06,219] {processor.py:161} INFO - Processing /home/guilherme/Documents/weather_datapipeline/airflow_weather/venv/lib/python3.10/site-packages/airflow/example_dags/example_task_group_decorator.py took 0.045 seconds
[2023-05-19 18:08:39,830] {processor.py:153} INFO - Started process (PID=14778) to work on /home/guilherme/Documents/weather_datapipeline/airflow_weather/venv/lib/python3.10/site-packages/airflow/example_dags/example_task_group_decorator.py
[2023-05-19 18:08:39,831] {processor.py:641} INFO - Processing file /home/guilherme/Documents/weather_datapipeline/airflow_weather/venv/lib/python3.10/site-packages/airflow/example_dags/example_task_group_decorator.py for tasks to queue
[2023-05-19 18:08:39,831] {logging_mixin.py:115} INFO - [2023-05-19 18:08:39,831] {dagbag.py:507} INFO - Filling up the DagBag from /home/guilherme/Documents/weather_datapipeline/airflow_weather/venv/lib/python3.10/site-packages/airflow/example_dags/example_task_group_decorator.py
[2023-05-19 18:08:39,846] {processor.py:651} INFO - DAG(s) dict_keys(['example_task_group_decorator']) retrieved from /home/guilherme/Documents/weather_datapipeline/airflow_weather/venv/lib/python3.10/site-packages/airflow/example_dags/example_task_group_decorator.py
[2023-05-19 18:08:39,855] {logging_mixin.py:115} INFO - [2023-05-19 18:08:39,855] {dag.py:2379} INFO - Sync 1 DAGs
[2023-05-19 18:08:39,863] {logging_mixin.py:115} INFO - [2023-05-19 18:08:39,863] {dag.py:2927} INFO - Setting next_dagrun for example_task_group_decorator to 2023-05-18T21:08:39.863684+00:00, run_after=2023-05-19T21:08:39.863684+00:00
[2023-05-19 18:08:39,869] {processor.py:161} INFO - Processing /home/guilherme/Documents/weather_datapipeline/airflow_weather/venv/lib/python3.10/site-packages/airflow/example_dags/example_task_group_decorator.py took 0.041 seconds
[2023-05-19 18:09:10,582] {processor.py:153} INFO - Started process (PID=14949) to work on /home/guilherme/Documents/weather_datapipeline/airflow_weather/venv/lib/python3.10/site-packages/airflow/example_dags/example_task_group_decorator.py
[2023-05-19 18:09:10,582] {processor.py:641} INFO - Processing file /home/guilherme/Documents/weather_datapipeline/airflow_weather/venv/lib/python3.10/site-packages/airflow/example_dags/example_task_group_decorator.py for tasks to queue
[2023-05-19 18:09:10,582] {logging_mixin.py:115} INFO - [2023-05-19 18:09:10,582] {dagbag.py:507} INFO - Filling up the DagBag from /home/guilherme/Documents/weather_datapipeline/airflow_weather/venv/lib/python3.10/site-packages/airflow/example_dags/example_task_group_decorator.py
[2023-05-19 18:09:10,598] {processor.py:651} INFO - DAG(s) dict_keys(['example_task_group_decorator']) retrieved from /home/guilherme/Documents/weather_datapipeline/airflow_weather/venv/lib/python3.10/site-packages/airflow/example_dags/example_task_group_decorator.py
[2023-05-19 18:09:10,607] {logging_mixin.py:115} INFO - [2023-05-19 18:09:10,607] {dag.py:2379} INFO - Sync 1 DAGs
[2023-05-19 18:09:10,615] {logging_mixin.py:115} INFO - [2023-05-19 18:09:10,615] {dag.py:2927} INFO - Setting next_dagrun for example_task_group_decorator to 2023-05-18T21:09:10.615222+00:00, run_after=2023-05-19T21:09:10.615222+00:00
[2023-05-19 18:09:10,622] {processor.py:161} INFO - Processing /home/guilherme/Documents/weather_datapipeline/airflow_weather/venv/lib/python3.10/site-packages/airflow/example_dags/example_task_group_decorator.py took 0.041 seconds
[2023-05-19 18:09:41,096] {processor.py:153} INFO - Started process (PID=15097) to work on /home/guilherme/Documents/weather_datapipeline/airflow_weather/venv/lib/python3.10/site-packages/airflow/example_dags/example_task_group_decorator.py
[2023-05-19 18:09:41,096] {processor.py:641} INFO - Processing file /home/guilherme/Documents/weather_datapipeline/airflow_weather/venv/lib/python3.10/site-packages/airflow/example_dags/example_task_group_decorator.py for tasks to queue
[2023-05-19 18:09:41,097] {logging_mixin.py:115} INFO - [2023-05-19 18:09:41,096] {dagbag.py:507} INFO - Filling up the DagBag from /home/guilherme/Documents/weather_datapipeline/airflow_weather/venv/lib/python3.10/site-packages/airflow/example_dags/example_task_group_decorator.py
[2023-05-19 18:09:41,112] {processor.py:651} INFO - DAG(s) dict_keys(['example_task_group_decorator']) retrieved from /home/guilherme/Documents/weather_datapipeline/airflow_weather/venv/lib/python3.10/site-packages/airflow/example_dags/example_task_group_decorator.py
[2023-05-19 18:09:41,122] {logging_mixin.py:115} INFO - [2023-05-19 18:09:41,122] {dag.py:2379} INFO - Sync 1 DAGs
[2023-05-19 18:09:41,131] {logging_mixin.py:115} INFO - [2023-05-19 18:09:41,131] {dag.py:2927} INFO - Setting next_dagrun for example_task_group_decorator to 2023-05-18T21:09:41.131494+00:00, run_after=2023-05-19T21:09:41.131494+00:00
[2023-05-19 18:09:41,138] {processor.py:161} INFO - Processing /home/guilherme/Documents/weather_datapipeline/airflow_weather/venv/lib/python3.10/site-packages/airflow/example_dags/example_task_group_decorator.py took 0.044 seconds
[2023-05-19 18:10:14,731] {processor.py:153} INFO - Started process (PID=15262) to work on /home/guilherme/Documents/weather_datapipeline/airflow_weather/venv/lib/python3.10/site-packages/airflow/example_dags/example_task_group_decorator.py
[2023-05-19 18:10:14,732] {processor.py:641} INFO - Processing file /home/guilherme/Documents/weather_datapipeline/airflow_weather/venv/lib/python3.10/site-packages/airflow/example_dags/example_task_group_decorator.py for tasks to queue
[2023-05-19 18:10:14,732] {logging_mixin.py:115} INFO - [2023-05-19 18:10:14,732] {dagbag.py:507} INFO - Filling up the DagBag from /home/guilherme/Documents/weather_datapipeline/airflow_weather/venv/lib/python3.10/site-packages/airflow/example_dags/example_task_group_decorator.py
[2023-05-19 18:10:14,747] {processor.py:651} INFO - DAG(s) dict_keys(['example_task_group_decorator']) retrieved from /home/guilherme/Documents/weather_datapipeline/airflow_weather/venv/lib/python3.10/site-packages/airflow/example_dags/example_task_group_decorator.py
[2023-05-19 18:10:14,757] {logging_mixin.py:115} INFO - [2023-05-19 18:10:14,757] {dag.py:2379} INFO - Sync 1 DAGs
[2023-05-19 18:10:14,765] {logging_mixin.py:115} INFO - [2023-05-19 18:10:14,765] {dag.py:2927} INFO - Setting next_dagrun for example_task_group_decorator to 2023-05-18T21:10:14.765453+00:00, run_after=2023-05-19T21:10:14.765453+00:00
[2023-05-19 18:10:14,772] {processor.py:161} INFO - Processing /home/guilherme/Documents/weather_datapipeline/airflow_weather/venv/lib/python3.10/site-packages/airflow/example_dags/example_task_group_decorator.py took 0.043 seconds
[2023-05-19 18:10:46,897] {processor.py:153} INFO - Started process (PID=15349) to work on /home/guilherme/Documents/weather_datapipeline/airflow_weather/venv/lib/python3.10/site-packages/airflow/example_dags/example_task_group_decorator.py
[2023-05-19 18:10:46,897] {processor.py:641} INFO - Processing file /home/guilherme/Documents/weather_datapipeline/airflow_weather/venv/lib/python3.10/site-packages/airflow/example_dags/example_task_group_decorator.py for tasks to queue
[2023-05-19 18:10:46,898] {logging_mixin.py:115} INFO - [2023-05-19 18:10:46,897] {dagbag.py:507} INFO - Filling up the DagBag from /home/guilherme/Documents/weather_datapipeline/airflow_weather/venv/lib/python3.10/site-packages/airflow/example_dags/example_task_group_decorator.py
[2023-05-19 18:10:46,915] {processor.py:651} INFO - DAG(s) dict_keys(['example_task_group_decorator']) retrieved from /home/guilherme/Documents/weather_datapipeline/airflow_weather/venv/lib/python3.10/site-packages/airflow/example_dags/example_task_group_decorator.py
[2023-05-19 18:10:46,928] {logging_mixin.py:115} INFO - [2023-05-19 18:10:46,928] {dag.py:2379} INFO - Sync 1 DAGs
[2023-05-19 18:10:46,939] {logging_mixin.py:115} INFO - [2023-05-19 18:10:46,939] {dag.py:2927} INFO - Setting next_dagrun for example_task_group_decorator to 2023-05-18T21:10:46.939043+00:00, run_after=2023-05-19T21:10:46.939043+00:00
[2023-05-19 18:10:46,946] {processor.py:161} INFO - Processing /home/guilherme/Documents/weather_datapipeline/airflow_weather/venv/lib/python3.10/site-packages/airflow/example_dags/example_task_group_decorator.py took 0.051 seconds
[2023-05-19 18:11:19,916] {processor.py:153} INFO - Started process (PID=15424) to work on /home/guilherme/Documents/weather_datapipeline/airflow_weather/venv/lib/python3.10/site-packages/airflow/example_dags/example_task_group_decorator.py
[2023-05-19 18:11:19,917] {processor.py:641} INFO - Processing file /home/guilherme/Documents/weather_datapipeline/airflow_weather/venv/lib/python3.10/site-packages/airflow/example_dags/example_task_group_decorator.py for tasks to queue
[2023-05-19 18:11:19,917] {logging_mixin.py:115} INFO - [2023-05-19 18:11:19,917] {dagbag.py:507} INFO - Filling up the DagBag from /home/guilherme/Documents/weather_datapipeline/airflow_weather/venv/lib/python3.10/site-packages/airflow/example_dags/example_task_group_decorator.py
[2023-05-19 18:11:19,934] {processor.py:651} INFO - DAG(s) dict_keys(['example_task_group_decorator']) retrieved from /home/guilherme/Documents/weather_datapipeline/airflow_weather/venv/lib/python3.10/site-packages/airflow/example_dags/example_task_group_decorator.py
[2023-05-19 18:11:19,945] {logging_mixin.py:115} INFO - [2023-05-19 18:11:19,945] {dag.py:2379} INFO - Sync 1 DAGs
[2023-05-19 18:11:19,955] {logging_mixin.py:115} INFO - [2023-05-19 18:11:19,955] {dag.py:2927} INFO - Setting next_dagrun for example_task_group_decorator to 2023-05-18T21:11:19.955234+00:00, run_after=2023-05-19T21:11:19.955234+00:00
[2023-05-19 18:11:19,962] {processor.py:161} INFO - Processing /home/guilherme/Documents/weather_datapipeline/airflow_weather/venv/lib/python3.10/site-packages/airflow/example_dags/example_task_group_decorator.py took 0.047 seconds
[2023-05-19 18:11:51,827] {processor.py:153} INFO - Started process (PID=15459) to work on /home/guilherme/Documents/weather_datapipeline/airflow_weather/venv/lib/python3.10/site-packages/airflow/example_dags/example_task_group_decorator.py
[2023-05-19 18:11:51,827] {processor.py:641} INFO - Processing file /home/guilherme/Documents/weather_datapipeline/airflow_weather/venv/lib/python3.10/site-packages/airflow/example_dags/example_task_group_decorator.py for tasks to queue
[2023-05-19 18:11:51,828] {logging_mixin.py:115} INFO - [2023-05-19 18:11:51,828] {dagbag.py:507} INFO - Filling up the DagBag from /home/guilherme/Documents/weather_datapipeline/airflow_weather/venv/lib/python3.10/site-packages/airflow/example_dags/example_task_group_decorator.py
[2023-05-19 18:11:51,844] {processor.py:651} INFO - DAG(s) dict_keys(['example_task_group_decorator']) retrieved from /home/guilherme/Documents/weather_datapipeline/airflow_weather/venv/lib/python3.10/site-packages/airflow/example_dags/example_task_group_decorator.py
[2023-05-19 18:11:51,857] {logging_mixin.py:115} INFO - [2023-05-19 18:11:51,857] {dag.py:2379} INFO - Sync 1 DAGs
[2023-05-19 18:11:51,865] {logging_mixin.py:115} INFO - [2023-05-19 18:11:51,865] {dag.py:2927} INFO - Setting next_dagrun for example_task_group_decorator to 2023-05-18T21:11:51.865659+00:00, run_after=2023-05-19T21:11:51.865659+00:00
[2023-05-19 18:11:51,873] {processor.py:161} INFO - Processing /home/guilherme/Documents/weather_datapipeline/airflow_weather/venv/lib/python3.10/site-packages/airflow/example_dags/example_task_group_decorator.py took 0.048 seconds
[2023-05-19 18:12:22,961] {processor.py:153} INFO - Started process (PID=15528) to work on /home/guilherme/Documents/weather_datapipeline/airflow_weather/venv/lib/python3.10/site-packages/airflow/example_dags/example_task_group_decorator.py
[2023-05-19 18:12:22,961] {processor.py:641} INFO - Processing file /home/guilherme/Documents/weather_datapipeline/airflow_weather/venv/lib/python3.10/site-packages/airflow/example_dags/example_task_group_decorator.py for tasks to queue
[2023-05-19 18:12:22,962] {logging_mixin.py:115} INFO - [2023-05-19 18:12:22,962] {dagbag.py:507} INFO - Filling up the DagBag from /home/guilherme/Documents/weather_datapipeline/airflow_weather/venv/lib/python3.10/site-packages/airflow/example_dags/example_task_group_decorator.py
[2023-05-19 18:12:22,977] {processor.py:651} INFO - DAG(s) dict_keys(['example_task_group_decorator']) retrieved from /home/guilherme/Documents/weather_datapipeline/airflow_weather/venv/lib/python3.10/site-packages/airflow/example_dags/example_task_group_decorator.py
[2023-05-19 18:12:22,987] {logging_mixin.py:115} INFO - [2023-05-19 18:12:22,987] {dag.py:2379} INFO - Sync 1 DAGs
[2023-05-19 18:12:22,996] {logging_mixin.py:115} INFO - [2023-05-19 18:12:22,996] {dag.py:2927} INFO - Setting next_dagrun for example_task_group_decorator to 2023-05-18T21:12:22.996767+00:00, run_after=2023-05-19T21:12:22.996767+00:00
[2023-05-19 18:12:23,003] {processor.py:161} INFO - Processing /home/guilherme/Documents/weather_datapipeline/airflow_weather/venv/lib/python3.10/site-packages/airflow/example_dags/example_task_group_decorator.py took 0.044 seconds
[2023-05-19 18:12:53,340] {processor.py:153} INFO - Started process (PID=15566) to work on /home/guilherme/Documents/weather_datapipeline/airflow_weather/venv/lib/python3.10/site-packages/airflow/example_dags/example_task_group_decorator.py
[2023-05-19 18:12:53,341] {processor.py:641} INFO - Processing file /home/guilherme/Documents/weather_datapipeline/airflow_weather/venv/lib/python3.10/site-packages/airflow/example_dags/example_task_group_decorator.py for tasks to queue
[2023-05-19 18:12:53,341] {logging_mixin.py:115} INFO - [2023-05-19 18:12:53,341] {dagbag.py:507} INFO - Filling up the DagBag from /home/guilherme/Documents/weather_datapipeline/airflow_weather/venv/lib/python3.10/site-packages/airflow/example_dags/example_task_group_decorator.py
[2023-05-19 18:12:53,364] {processor.py:651} INFO - DAG(s) dict_keys(['example_task_group_decorator']) retrieved from /home/guilherme/Documents/weather_datapipeline/airflow_weather/venv/lib/python3.10/site-packages/airflow/example_dags/example_task_group_decorator.py
[2023-05-19 18:12:53,375] {logging_mixin.py:115} INFO - [2023-05-19 18:12:53,375] {dag.py:2379} INFO - Sync 1 DAGs
[2023-05-19 18:12:53,385] {logging_mixin.py:115} INFO - [2023-05-19 18:12:53,385] {dag.py:2927} INFO - Setting next_dagrun for example_task_group_decorator to 2023-05-18T21:12:53.385320+00:00, run_after=2023-05-19T21:12:53.385320+00:00
[2023-05-19 18:12:53,392] {processor.py:161} INFO - Processing /home/guilherme/Documents/weather_datapipeline/airflow_weather/venv/lib/python3.10/site-packages/airflow/example_dags/example_task_group_decorator.py took 0.053 seconds
[2023-05-19 18:13:25,666] {processor.py:153} INFO - Started process (PID=15775) to work on /home/guilherme/Documents/weather_datapipeline/airflow_weather/venv/lib/python3.10/site-packages/airflow/example_dags/example_task_group_decorator.py
[2023-05-19 18:13:25,666] {processor.py:641} INFO - Processing file /home/guilherme/Documents/weather_datapipeline/airflow_weather/venv/lib/python3.10/site-packages/airflow/example_dags/example_task_group_decorator.py for tasks to queue
[2023-05-19 18:13:25,666] {logging_mixin.py:115} INFO - [2023-05-19 18:13:25,666] {dagbag.py:507} INFO - Filling up the DagBag from /home/guilherme/Documents/weather_datapipeline/airflow_weather/venv/lib/python3.10/site-packages/airflow/example_dags/example_task_group_decorator.py
[2023-05-19 18:13:25,682] {processor.py:651} INFO - DAG(s) dict_keys(['example_task_group_decorator']) retrieved from /home/guilherme/Documents/weather_datapipeline/airflow_weather/venv/lib/python3.10/site-packages/airflow/example_dags/example_task_group_decorator.py
[2023-05-19 18:13:25,691] {logging_mixin.py:115} INFO - [2023-05-19 18:13:25,691] {dag.py:2379} INFO - Sync 1 DAGs
[2023-05-19 18:13:25,700] {logging_mixin.py:115} INFO - [2023-05-19 18:13:25,700] {dag.py:2927} INFO - Setting next_dagrun for example_task_group_decorator to 2023-05-18T21:13:25.700440+00:00, run_after=2023-05-19T21:13:25.700440+00:00
[2023-05-19 18:13:25,706] {processor.py:161} INFO - Processing /home/guilherme/Documents/weather_datapipeline/airflow_weather/venv/lib/python3.10/site-packages/airflow/example_dags/example_task_group_decorator.py took 0.042 seconds
[2023-05-19 18:13:59,737] {processor.py:153} INFO - Started process (PID=15972) to work on /home/guilherme/Documents/weather_datapipeline/airflow_weather/venv/lib/python3.10/site-packages/airflow/example_dags/example_task_group_decorator.py
[2023-05-19 18:13:59,738] {processor.py:641} INFO - Processing file /home/guilherme/Documents/weather_datapipeline/airflow_weather/venv/lib/python3.10/site-packages/airflow/example_dags/example_task_group_decorator.py for tasks to queue
[2023-05-19 18:13:59,738] {logging_mixin.py:115} INFO - [2023-05-19 18:13:59,738] {dagbag.py:507} INFO - Filling up the DagBag from /home/guilherme/Documents/weather_datapipeline/airflow_weather/venv/lib/python3.10/site-packages/airflow/example_dags/example_task_group_decorator.py
[2023-05-19 18:13:59,753] {processor.py:651} INFO - DAG(s) dict_keys(['example_task_group_decorator']) retrieved from /home/guilherme/Documents/weather_datapipeline/airflow_weather/venv/lib/python3.10/site-packages/airflow/example_dags/example_task_group_decorator.py
[2023-05-19 18:13:59,761] {logging_mixin.py:115} INFO - [2023-05-19 18:13:59,761] {dag.py:2379} INFO - Sync 1 DAGs
[2023-05-19 18:13:59,770] {logging_mixin.py:115} INFO - [2023-05-19 18:13:59,770] {dag.py:2927} INFO - Setting next_dagrun for example_task_group_decorator to 2023-05-18T21:13:59.770687+00:00, run_after=2023-05-19T21:13:59.770687+00:00
[2023-05-19 18:13:59,777] {processor.py:161} INFO - Processing /home/guilherme/Documents/weather_datapipeline/airflow_weather/venv/lib/python3.10/site-packages/airflow/example_dags/example_task_group_decorator.py took 0.042 seconds
[2023-05-19 18:14:30,446] {processor.py:153} INFO - Started process (PID=16151) to work on /home/guilherme/Documents/weather_datapipeline/airflow_weather/venv/lib/python3.10/site-packages/airflow/example_dags/example_task_group_decorator.py
[2023-05-19 18:14:30,446] {processor.py:641} INFO - Processing file /home/guilherme/Documents/weather_datapipeline/airflow_weather/venv/lib/python3.10/site-packages/airflow/example_dags/example_task_group_decorator.py for tasks to queue
[2023-05-19 18:14:30,447] {logging_mixin.py:115} INFO - [2023-05-19 18:14:30,447] {dagbag.py:507} INFO - Filling up the DagBag from /home/guilherme/Documents/weather_datapipeline/airflow_weather/venv/lib/python3.10/site-packages/airflow/example_dags/example_task_group_decorator.py
[2023-05-19 18:14:30,461] {processor.py:651} INFO - DAG(s) dict_keys(['example_task_group_decorator']) retrieved from /home/guilherme/Documents/weather_datapipeline/airflow_weather/venv/lib/python3.10/site-packages/airflow/example_dags/example_task_group_decorator.py
[2023-05-19 18:14:30,485] {logging_mixin.py:115} INFO - [2023-05-19 18:14:30,485] {dag.py:2379} INFO - Sync 1 DAGs
[2023-05-19 18:14:30,492] {logging_mixin.py:115} INFO - [2023-05-19 18:14:30,492] {dag.py:2927} INFO - Setting next_dagrun for example_task_group_decorator to 2023-05-18T21:14:30.492232+00:00, run_after=2023-05-19T21:14:30.492232+00:00
[2023-05-19 18:14:30,499] {processor.py:161} INFO - Processing /home/guilherme/Documents/weather_datapipeline/airflow_weather/venv/lib/python3.10/site-packages/airflow/example_dags/example_task_group_decorator.py took 0.055 seconds
[2023-05-19 18:15:04,080] {processor.py:153} INFO - Started process (PID=16348) to work on /home/guilherme/Documents/weather_datapipeline/airflow_weather/venv/lib/python3.10/site-packages/airflow/example_dags/example_task_group_decorator.py
[2023-05-19 18:15:04,081] {processor.py:641} INFO - Processing file /home/guilherme/Documents/weather_datapipeline/airflow_weather/venv/lib/python3.10/site-packages/airflow/example_dags/example_task_group_decorator.py for tasks to queue
[2023-05-19 18:15:04,081] {logging_mixin.py:115} INFO - [2023-05-19 18:15:04,081] {dagbag.py:507} INFO - Filling up the DagBag from /home/guilherme/Documents/weather_datapipeline/airflow_weather/venv/lib/python3.10/site-packages/airflow/example_dags/example_task_group_decorator.py
[2023-05-19 18:15:04,095] {processor.py:651} INFO - DAG(s) dict_keys(['example_task_group_decorator']) retrieved from /home/guilherme/Documents/weather_datapipeline/airflow_weather/venv/lib/python3.10/site-packages/airflow/example_dags/example_task_group_decorator.py
[2023-05-19 18:15:04,105] {logging_mixin.py:115} INFO - [2023-05-19 18:15:04,105] {dag.py:2379} INFO - Sync 1 DAGs
[2023-05-19 18:15:04,113] {logging_mixin.py:115} INFO - [2023-05-19 18:15:04,113] {dag.py:2927} INFO - Setting next_dagrun for example_task_group_decorator to 2023-05-18T21:15:04.113374+00:00, run_after=2023-05-19T21:15:04.113374+00:00
[2023-05-19 18:15:04,119] {processor.py:161} INFO - Processing /home/guilherme/Documents/weather_datapipeline/airflow_weather/venv/lib/python3.10/site-packages/airflow/example_dags/example_task_group_decorator.py took 0.041 seconds
[2023-05-19 18:15:36,399] {processor.py:153} INFO - Started process (PID=16520) to work on /home/guilherme/Documents/weather_datapipeline/airflow_weather/venv/lib/python3.10/site-packages/airflow/example_dags/example_task_group_decorator.py
[2023-05-19 18:15:36,399] {processor.py:641} INFO - Processing file /home/guilherme/Documents/weather_datapipeline/airflow_weather/venv/lib/python3.10/site-packages/airflow/example_dags/example_task_group_decorator.py for tasks to queue
[2023-05-19 18:15:36,400] {logging_mixin.py:115} INFO - [2023-05-19 18:15:36,400] {dagbag.py:507} INFO - Filling up the DagBag from /home/guilherme/Documents/weather_datapipeline/airflow_weather/venv/lib/python3.10/site-packages/airflow/example_dags/example_task_group_decorator.py
[2023-05-19 18:15:36,415] {processor.py:651} INFO - DAG(s) dict_keys(['example_task_group_decorator']) retrieved from /home/guilherme/Documents/weather_datapipeline/airflow_weather/venv/lib/python3.10/site-packages/airflow/example_dags/example_task_group_decorator.py
[2023-05-19 18:15:36,424] {logging_mixin.py:115} INFO - [2023-05-19 18:15:36,424] {dag.py:2379} INFO - Sync 1 DAGs
[2023-05-19 18:15:36,432] {logging_mixin.py:115} INFO - [2023-05-19 18:15:36,432] {dag.py:2927} INFO - Setting next_dagrun for example_task_group_decorator to 2023-05-18T21:15:36.432763+00:00, run_after=2023-05-19T21:15:36.432763+00:00
[2023-05-19 18:15:36,440] {processor.py:161} INFO - Processing /home/guilherme/Documents/weather_datapipeline/airflow_weather/venv/lib/python3.10/site-packages/airflow/example_dags/example_task_group_decorator.py took 0.043 seconds
[2023-05-19 18:16:09,557] {processor.py:153} INFO - Started process (PID=16716) to work on /home/guilherme/Documents/weather_datapipeline/airflow_weather/venv/lib/python3.10/site-packages/airflow/example_dags/example_task_group_decorator.py
[2023-05-19 18:16:09,557] {processor.py:641} INFO - Processing file /home/guilherme/Documents/weather_datapipeline/airflow_weather/venv/lib/python3.10/site-packages/airflow/example_dags/example_task_group_decorator.py for tasks to queue
[2023-05-19 18:16:09,557] {logging_mixin.py:115} INFO - [2023-05-19 18:16:09,557] {dagbag.py:507} INFO - Filling up the DagBag from /home/guilherme/Documents/weather_datapipeline/airflow_weather/venv/lib/python3.10/site-packages/airflow/example_dags/example_task_group_decorator.py
[2023-05-19 18:16:09,573] {processor.py:651} INFO - DAG(s) dict_keys(['example_task_group_decorator']) retrieved from /home/guilherme/Documents/weather_datapipeline/airflow_weather/venv/lib/python3.10/site-packages/airflow/example_dags/example_task_group_decorator.py
[2023-05-19 18:16:09,581] {logging_mixin.py:115} INFO - [2023-05-19 18:16:09,581] {dag.py:2379} INFO - Sync 1 DAGs
[2023-05-19 18:16:09,590] {logging_mixin.py:115} INFO - [2023-05-19 18:16:09,590] {dag.py:2927} INFO - Setting next_dagrun for example_task_group_decorator to 2023-05-18T21:16:09.590728+00:00, run_after=2023-05-19T21:16:09.590728+00:00
[2023-05-19 18:16:09,596] {processor.py:161} INFO - Processing /home/guilherme/Documents/weather_datapipeline/airflow_weather/venv/lib/python3.10/site-packages/airflow/example_dags/example_task_group_decorator.py took 0.041 seconds
[2023-05-19 18:16:43,606] {processor.py:153} INFO - Started process (PID=16911) to work on /home/guilherme/Documents/weather_datapipeline/airflow_weather/venv/lib/python3.10/site-packages/airflow/example_dags/example_task_group_decorator.py
[2023-05-19 18:16:43,606] {processor.py:641} INFO - Processing file /home/guilherme/Documents/weather_datapipeline/airflow_weather/venv/lib/python3.10/site-packages/airflow/example_dags/example_task_group_decorator.py for tasks to queue
[2023-05-19 18:16:43,607] {logging_mixin.py:115} INFO - [2023-05-19 18:16:43,607] {dagbag.py:507} INFO - Filling up the DagBag from /home/guilherme/Documents/weather_datapipeline/airflow_weather/venv/lib/python3.10/site-packages/airflow/example_dags/example_task_group_decorator.py
[2023-05-19 18:16:43,621] {processor.py:651} INFO - DAG(s) dict_keys(['example_task_group_decorator']) retrieved from /home/guilherme/Documents/weather_datapipeline/airflow_weather/venv/lib/python3.10/site-packages/airflow/example_dags/example_task_group_decorator.py
[2023-05-19 18:16:43,630] {logging_mixin.py:115} INFO - [2023-05-19 18:16:43,630] {dag.py:2379} INFO - Sync 1 DAGs
[2023-05-19 18:16:43,638] {logging_mixin.py:115} INFO - [2023-05-19 18:16:43,638] {dag.py:2927} INFO - Setting next_dagrun for example_task_group_decorator to 2023-05-18T21:16:43.638748+00:00, run_after=2023-05-19T21:16:43.638748+00:00
[2023-05-19 18:16:43,644] {processor.py:161} INFO - Processing /home/guilherme/Documents/weather_datapipeline/airflow_weather/venv/lib/python3.10/site-packages/airflow/example_dags/example_task_group_decorator.py took 0.040 seconds
[2023-05-19 18:17:14,320] {processor.py:153} INFO - Started process (PID=17084) to work on /home/guilherme/Documents/weather_datapipeline/airflow_weather/venv/lib/python3.10/site-packages/airflow/example_dags/example_task_group_decorator.py
[2023-05-19 18:17:14,320] {processor.py:641} INFO - Processing file /home/guilherme/Documents/weather_datapipeline/airflow_weather/venv/lib/python3.10/site-packages/airflow/example_dags/example_task_group_decorator.py for tasks to queue
[2023-05-19 18:17:14,321] {logging_mixin.py:115} INFO - [2023-05-19 18:17:14,321] {dagbag.py:507} INFO - Filling up the DagBag from /home/guilherme/Documents/weather_datapipeline/airflow_weather/venv/lib/python3.10/site-packages/airflow/example_dags/example_task_group_decorator.py
[2023-05-19 18:17:14,336] {processor.py:651} INFO - DAG(s) dict_keys(['example_task_group_decorator']) retrieved from /home/guilherme/Documents/weather_datapipeline/airflow_weather/venv/lib/python3.10/site-packages/airflow/example_dags/example_task_group_decorator.py
[2023-05-19 18:17:14,344] {logging_mixin.py:115} INFO - [2023-05-19 18:17:14,344] {dag.py:2379} INFO - Sync 1 DAGs
[2023-05-19 18:17:14,353] {logging_mixin.py:115} INFO - [2023-05-19 18:17:14,353] {dag.py:2927} INFO - Setting next_dagrun for example_task_group_decorator to 2023-05-18T21:17:14.353261+00:00, run_after=2023-05-19T21:17:14.353261+00:00
[2023-05-19 18:17:14,359] {processor.py:161} INFO - Processing /home/guilherme/Documents/weather_datapipeline/airflow_weather/venv/lib/python3.10/site-packages/airflow/example_dags/example_task_group_decorator.py took 0.041 seconds
[2023-05-19 18:17:44,977] {processor.py:153} INFO - Started process (PID=17258) to work on /home/guilherme/Documents/weather_datapipeline/airflow_weather/venv/lib/python3.10/site-packages/airflow/example_dags/example_task_group_decorator.py
[2023-05-19 18:17:44,978] {processor.py:641} INFO - Processing file /home/guilherme/Documents/weather_datapipeline/airflow_weather/venv/lib/python3.10/site-packages/airflow/example_dags/example_task_group_decorator.py for tasks to queue
[2023-05-19 18:17:44,978] {logging_mixin.py:115} INFO - [2023-05-19 18:17:44,978] {dagbag.py:507} INFO - Filling up the DagBag from /home/guilherme/Documents/weather_datapipeline/airflow_weather/venv/lib/python3.10/site-packages/airflow/example_dags/example_task_group_decorator.py
[2023-05-19 18:17:44,995] {processor.py:651} INFO - DAG(s) dict_keys(['example_task_group_decorator']) retrieved from /home/guilherme/Documents/weather_datapipeline/airflow_weather/venv/lib/python3.10/site-packages/airflow/example_dags/example_task_group_decorator.py
[2023-05-19 18:17:45,009] {logging_mixin.py:115} INFO - [2023-05-19 18:17:45,009] {dag.py:2379} INFO - Sync 1 DAGs
[2023-05-19 18:17:45,020] {logging_mixin.py:115} INFO - [2023-05-19 18:17:45,020] {dag.py:2927} INFO - Setting next_dagrun for example_task_group_decorator to 2023-05-18T21:17:45.020281+00:00, run_after=2023-05-19T21:17:45.020281+00:00
[2023-05-19 18:17:45,027] {processor.py:161} INFO - Processing /home/guilherme/Documents/weather_datapipeline/airflow_weather/venv/lib/python3.10/site-packages/airflow/example_dags/example_task_group_decorator.py took 0.051 seconds
[2023-05-19 18:18:17,258] {processor.py:153} INFO - Started process (PID=17475) to work on /home/guilherme/Documents/weather_datapipeline/airflow_weather/venv/lib/python3.10/site-packages/airflow/example_dags/example_task_group_decorator.py
[2023-05-19 18:18:17,259] {processor.py:641} INFO - Processing file /home/guilherme/Documents/weather_datapipeline/airflow_weather/venv/lib/python3.10/site-packages/airflow/example_dags/example_task_group_decorator.py for tasks to queue
[2023-05-19 18:18:17,259] {logging_mixin.py:115} INFO - [2023-05-19 18:18:17,259] {dagbag.py:507} INFO - Filling up the DagBag from /home/guilherme/Documents/weather_datapipeline/airflow_weather/venv/lib/python3.10/site-packages/airflow/example_dags/example_task_group_decorator.py
[2023-05-19 18:18:17,274] {processor.py:651} INFO - DAG(s) dict_keys(['example_task_group_decorator']) retrieved from /home/guilherme/Documents/weather_datapipeline/airflow_weather/venv/lib/python3.10/site-packages/airflow/example_dags/example_task_group_decorator.py
[2023-05-19 18:18:17,284] {logging_mixin.py:115} INFO - [2023-05-19 18:18:17,284] {dag.py:2379} INFO - Sync 1 DAGs
[2023-05-19 18:18:17,293] {logging_mixin.py:115} INFO - [2023-05-19 18:18:17,293] {dag.py:2927} INFO - Setting next_dagrun for example_task_group_decorator to 2023-05-18T21:18:17.293192+00:00, run_after=2023-05-19T21:18:17.293192+00:00
[2023-05-19 18:18:17,299] {processor.py:161} INFO - Processing /home/guilherme/Documents/weather_datapipeline/airflow_weather/venv/lib/python3.10/site-packages/airflow/example_dags/example_task_group_decorator.py took 0.043 seconds
[2023-05-19 18:18:51,996] {processor.py:153} INFO - Started process (PID=17681) to work on /home/guilherme/Documents/weather_datapipeline/airflow_weather/venv/lib/python3.10/site-packages/airflow/example_dags/example_task_group_decorator.py
[2023-05-19 18:18:51,996] {processor.py:641} INFO - Processing file /home/guilherme/Documents/weather_datapipeline/airflow_weather/venv/lib/python3.10/site-packages/airflow/example_dags/example_task_group_decorator.py for tasks to queue
[2023-05-19 18:18:51,996] {logging_mixin.py:115} INFO - [2023-05-19 18:18:51,996] {dagbag.py:507} INFO - Filling up the DagBag from /home/guilherme/Documents/weather_datapipeline/airflow_weather/venv/lib/python3.10/site-packages/airflow/example_dags/example_task_group_decorator.py
[2023-05-19 18:18:52,012] {processor.py:651} INFO - DAG(s) dict_keys(['example_task_group_decorator']) retrieved from /home/guilherme/Documents/weather_datapipeline/airflow_weather/venv/lib/python3.10/site-packages/airflow/example_dags/example_task_group_decorator.py
[2023-05-19 18:18:52,021] {logging_mixin.py:115} INFO - [2023-05-19 18:18:52,021] {dag.py:2379} INFO - Sync 1 DAGs
[2023-05-19 18:18:52,029] {logging_mixin.py:115} INFO - [2023-05-19 18:18:52,029] {dag.py:2927} INFO - Setting next_dagrun for example_task_group_decorator to 2023-05-18T21:18:52.029367+00:00, run_after=2023-05-19T21:18:52.029367+00:00
[2023-05-19 18:18:52,036] {processor.py:161} INFO - Processing /home/guilherme/Documents/weather_datapipeline/airflow_weather/venv/lib/python3.10/site-packages/airflow/example_dags/example_task_group_decorator.py took 0.041 seconds
[2023-05-19 18:19:24,077] {processor.py:153} INFO - Started process (PID=18339) to work on /home/guilherme/Documents/weather_datapipeline/airflow_weather/venv/lib/python3.10/site-packages/airflow/example_dags/example_task_group_decorator.py
[2023-05-19 18:19:24,078] {processor.py:641} INFO - Processing file /home/guilherme/Documents/weather_datapipeline/airflow_weather/venv/lib/python3.10/site-packages/airflow/example_dags/example_task_group_decorator.py for tasks to queue
[2023-05-19 18:19:24,078] {logging_mixin.py:115} INFO - [2023-05-19 18:19:24,078] {dagbag.py:507} INFO - Filling up the DagBag from /home/guilherme/Documents/weather_datapipeline/airflow_weather/venv/lib/python3.10/site-packages/airflow/example_dags/example_task_group_decorator.py
[2023-05-19 18:19:24,093] {processor.py:651} INFO - DAG(s) dict_keys(['example_task_group_decorator']) retrieved from /home/guilherme/Documents/weather_datapipeline/airflow_weather/venv/lib/python3.10/site-packages/airflow/example_dags/example_task_group_decorator.py
[2023-05-19 18:19:24,101] {logging_mixin.py:115} INFO - [2023-05-19 18:19:24,101] {dag.py:2379} INFO - Sync 1 DAGs
[2023-05-19 18:19:24,110] {logging_mixin.py:115} INFO - [2023-05-19 18:19:24,110] {dag.py:2927} INFO - Setting next_dagrun for example_task_group_decorator to 2023-05-18T21:19:24.110164+00:00, run_after=2023-05-19T21:19:24.110164+00:00
[2023-05-19 18:19:24,118] {processor.py:161} INFO - Processing /home/guilherme/Documents/weather_datapipeline/airflow_weather/venv/lib/python3.10/site-packages/airflow/example_dags/example_task_group_decorator.py took 0.042 seconds
[2023-05-19 18:19:54,754] {processor.py:153} INFO - Started process (PID=18523) to work on /home/guilherme/Documents/weather_datapipeline/airflow_weather/venv/lib/python3.10/site-packages/airflow/example_dags/example_task_group_decorator.py
[2023-05-19 18:19:54,754] {processor.py:641} INFO - Processing file /home/guilherme/Documents/weather_datapipeline/airflow_weather/venv/lib/python3.10/site-packages/airflow/example_dags/example_task_group_decorator.py for tasks to queue
[2023-05-19 18:19:54,754] {logging_mixin.py:115} INFO - [2023-05-19 18:19:54,754] {dagbag.py:507} INFO - Filling up the DagBag from /home/guilherme/Documents/weather_datapipeline/airflow_weather/venv/lib/python3.10/site-packages/airflow/example_dags/example_task_group_decorator.py
[2023-05-19 18:19:54,770] {processor.py:651} INFO - DAG(s) dict_keys(['example_task_group_decorator']) retrieved from /home/guilherme/Documents/weather_datapipeline/airflow_weather/venv/lib/python3.10/site-packages/airflow/example_dags/example_task_group_decorator.py
[2023-05-19 18:19:54,792] {logging_mixin.py:115} INFO - [2023-05-19 18:19:54,792] {dag.py:2379} INFO - Sync 1 DAGs
[2023-05-19 18:19:54,801] {logging_mixin.py:115} INFO - [2023-05-19 18:19:54,801] {dag.py:2927} INFO - Setting next_dagrun for example_task_group_decorator to 2023-05-18T21:19:54.801089+00:00, run_after=2023-05-19T21:19:54.801089+00:00
[2023-05-19 18:19:54,810] {processor.py:161} INFO - Processing /home/guilherme/Documents/weather_datapipeline/airflow_weather/venv/lib/python3.10/site-packages/airflow/example_dags/example_task_group_decorator.py took 0.057 seconds
[2023-05-19 18:20:27,795] {processor.py:153} INFO - Started process (PID=18728) to work on /home/guilherme/Documents/weather_datapipeline/airflow_weather/venv/lib/python3.10/site-packages/airflow/example_dags/example_task_group_decorator.py
[2023-05-19 18:20:27,795] {processor.py:641} INFO - Processing file /home/guilherme/Documents/weather_datapipeline/airflow_weather/venv/lib/python3.10/site-packages/airflow/example_dags/example_task_group_decorator.py for tasks to queue
[2023-05-19 18:20:27,795] {logging_mixin.py:115} INFO - [2023-05-19 18:20:27,795] {dagbag.py:507} INFO - Filling up the DagBag from /home/guilherme/Documents/weather_datapipeline/airflow_weather/venv/lib/python3.10/site-packages/airflow/example_dags/example_task_group_decorator.py
[2023-05-19 18:20:27,810] {processor.py:651} INFO - DAG(s) dict_keys(['example_task_group_decorator']) retrieved from /home/guilherme/Documents/weather_datapipeline/airflow_weather/venv/lib/python3.10/site-packages/airflow/example_dags/example_task_group_decorator.py
[2023-05-19 18:20:27,836] {logging_mixin.py:115} INFO - [2023-05-19 18:20:27,836] {dag.py:2379} INFO - Sync 1 DAGs
[2023-05-19 18:20:27,844] {logging_mixin.py:115} INFO - [2023-05-19 18:20:27,844] {dag.py:2927} INFO - Setting next_dagrun for example_task_group_decorator to 2023-05-18T21:20:27.843984+00:00, run_after=2023-05-19T21:20:27.843984+00:00
[2023-05-19 18:20:27,854] {processor.py:161} INFO - Processing /home/guilherme/Documents/weather_datapipeline/airflow_weather/venv/lib/python3.10/site-packages/airflow/example_dags/example_task_group_decorator.py took 0.061 seconds
[2023-05-19 18:21:00,159] {processor.py:153} INFO - Started process (PID=18900) to work on /home/guilherme/Documents/weather_datapipeline/airflow_weather/venv/lib/python3.10/site-packages/airflow/example_dags/example_task_group_decorator.py
[2023-05-19 18:21:00,159] {processor.py:641} INFO - Processing file /home/guilherme/Documents/weather_datapipeline/airflow_weather/venv/lib/python3.10/site-packages/airflow/example_dags/example_task_group_decorator.py for tasks to queue
[2023-05-19 18:21:00,160] {logging_mixin.py:115} INFO - [2023-05-19 18:21:00,160] {dagbag.py:507} INFO - Filling up the DagBag from /home/guilherme/Documents/weather_datapipeline/airflow_weather/venv/lib/python3.10/site-packages/airflow/example_dags/example_task_group_decorator.py
[2023-05-19 18:21:00,175] {processor.py:651} INFO - DAG(s) dict_keys(['example_task_group_decorator']) retrieved from /home/guilherme/Documents/weather_datapipeline/airflow_weather/venv/lib/python3.10/site-packages/airflow/example_dags/example_task_group_decorator.py
[2023-05-19 18:21:00,184] {logging_mixin.py:115} INFO - [2023-05-19 18:21:00,184] {dag.py:2379} INFO - Sync 1 DAGs
[2023-05-19 18:21:00,192] {logging_mixin.py:115} INFO - [2023-05-19 18:21:00,192] {dag.py:2927} INFO - Setting next_dagrun for example_task_group_decorator to 2023-05-18T21:21:00.192516+00:00, run_after=2023-05-19T21:21:00.192516+00:00
[2023-05-19 18:21:00,198] {processor.py:161} INFO - Processing /home/guilherme/Documents/weather_datapipeline/airflow_weather/venv/lib/python3.10/site-packages/airflow/example_dags/example_task_group_decorator.py took 0.041 seconds
[2023-05-19 18:21:30,453] {processor.py:153} INFO - Started process (PID=19109) to work on /home/guilherme/Documents/weather_datapipeline/airflow_weather/venv/lib/python3.10/site-packages/airflow/example_dags/example_task_group_decorator.py
[2023-05-19 18:21:30,454] {processor.py:641} INFO - Processing file /home/guilherme/Documents/weather_datapipeline/airflow_weather/venv/lib/python3.10/site-packages/airflow/example_dags/example_task_group_decorator.py for tasks to queue
[2023-05-19 18:21:30,454] {logging_mixin.py:115} INFO - [2023-05-19 18:21:30,454] {dagbag.py:507} INFO - Filling up the DagBag from /home/guilherme/Documents/weather_datapipeline/airflow_weather/venv/lib/python3.10/site-packages/airflow/example_dags/example_task_group_decorator.py
[2023-05-19 18:21:30,469] {processor.py:651} INFO - DAG(s) dict_keys(['example_task_group_decorator']) retrieved from /home/guilherme/Documents/weather_datapipeline/airflow_weather/venv/lib/python3.10/site-packages/airflow/example_dags/example_task_group_decorator.py
[2023-05-19 18:21:30,479] {logging_mixin.py:115} INFO - [2023-05-19 18:21:30,479] {dag.py:2379} INFO - Sync 1 DAGs
[2023-05-19 18:21:30,488] {logging_mixin.py:115} INFO - [2023-05-19 18:21:30,488] {dag.py:2927} INFO - Setting next_dagrun for example_task_group_decorator to 2023-05-18T21:21:30.488038+00:00, run_after=2023-05-19T21:21:30.488038+00:00
[2023-05-19 18:21:30,494] {processor.py:161} INFO - Processing /home/guilherme/Documents/weather_datapipeline/airflow_weather/venv/lib/python3.10/site-packages/airflow/example_dags/example_task_group_decorator.py took 0.042 seconds
[2023-05-19 18:22:03,852] {processor.py:153} INFO - Started process (PID=19321) to work on /home/guilherme/Documents/weather_datapipeline/airflow_weather/venv/lib/python3.10/site-packages/airflow/example_dags/example_task_group_decorator.py
[2023-05-19 18:22:03,852] {processor.py:641} INFO - Processing file /home/guilherme/Documents/weather_datapipeline/airflow_weather/venv/lib/python3.10/site-packages/airflow/example_dags/example_task_group_decorator.py for tasks to queue
[2023-05-19 18:22:03,853] {logging_mixin.py:115} INFO - [2023-05-19 18:22:03,853] {dagbag.py:507} INFO - Filling up the DagBag from /home/guilherme/Documents/weather_datapipeline/airflow_weather/venv/lib/python3.10/site-packages/airflow/example_dags/example_task_group_decorator.py
[2023-05-19 18:22:03,869] {processor.py:651} INFO - DAG(s) dict_keys(['example_task_group_decorator']) retrieved from /home/guilherme/Documents/weather_datapipeline/airflow_weather/venv/lib/python3.10/site-packages/airflow/example_dags/example_task_group_decorator.py
[2023-05-19 18:22:03,879] {logging_mixin.py:115} INFO - [2023-05-19 18:22:03,878] {dag.py:2379} INFO - Sync 1 DAGs
[2023-05-19 18:22:03,889] {logging_mixin.py:115} INFO - [2023-05-19 18:22:03,889] {dag.py:2927} INFO - Setting next_dagrun for example_task_group_decorator to 2023-05-18T21:22:03.889241+00:00, run_after=2023-05-19T21:22:03.889241+00:00
[2023-05-19 18:22:03,895] {processor.py:161} INFO - Processing /home/guilherme/Documents/weather_datapipeline/airflow_weather/venv/lib/python3.10/site-packages/airflow/example_dags/example_task_group_decorator.py took 0.045 seconds
[2023-05-19 18:22:36,363] {processor.py:153} INFO - Started process (PID=19494) to work on /home/guilherme/Documents/weather_datapipeline/airflow_weather/venv/lib/python3.10/site-packages/airflow/example_dags/example_task_group_decorator.py
[2023-05-19 18:22:36,364] {processor.py:641} INFO - Processing file /home/guilherme/Documents/weather_datapipeline/airflow_weather/venv/lib/python3.10/site-packages/airflow/example_dags/example_task_group_decorator.py for tasks to queue
[2023-05-19 18:22:36,365] {logging_mixin.py:115} INFO - [2023-05-19 18:22:36,365] {dagbag.py:507} INFO - Filling up the DagBag from /home/guilherme/Documents/weather_datapipeline/airflow_weather/venv/lib/python3.10/site-packages/airflow/example_dags/example_task_group_decorator.py
[2023-05-19 18:22:36,382] {processor.py:651} INFO - DAG(s) dict_keys(['example_task_group_decorator']) retrieved from /home/guilherme/Documents/weather_datapipeline/airflow_weather/venv/lib/python3.10/site-packages/airflow/example_dags/example_task_group_decorator.py
[2023-05-19 18:22:36,392] {logging_mixin.py:115} INFO - [2023-05-19 18:22:36,392] {dag.py:2379} INFO - Sync 1 DAGs
[2023-05-19 18:22:36,402] {logging_mixin.py:115} INFO - [2023-05-19 18:22:36,402] {dag.py:2927} INFO - Setting next_dagrun for example_task_group_decorator to 2023-05-18T21:22:36.401865+00:00, run_after=2023-05-19T21:22:36.401865+00:00
[2023-05-19 18:22:36,408] {processor.py:161} INFO - Processing /home/guilherme/Documents/weather_datapipeline/airflow_weather/venv/lib/python3.10/site-packages/airflow/example_dags/example_task_group_decorator.py took 0.047 seconds
[2023-05-19 18:23:08,562] {processor.py:153} INFO - Started process (PID=19727) to work on /home/guilherme/Documents/weather_datapipeline/airflow_weather/venv/lib/python3.10/site-packages/airflow/example_dags/example_task_group_decorator.py
[2023-05-19 18:23:08,562] {processor.py:641} INFO - Processing file /home/guilherme/Documents/weather_datapipeline/airflow_weather/venv/lib/python3.10/site-packages/airflow/example_dags/example_task_group_decorator.py for tasks to queue
[2023-05-19 18:23:08,563] {logging_mixin.py:115} INFO - [2023-05-19 18:23:08,563] {dagbag.py:507} INFO - Filling up the DagBag from /home/guilherme/Documents/weather_datapipeline/airflow_weather/venv/lib/python3.10/site-packages/airflow/example_dags/example_task_group_decorator.py
[2023-05-19 18:23:08,579] {processor.py:651} INFO - DAG(s) dict_keys(['example_task_group_decorator']) retrieved from /home/guilherme/Documents/weather_datapipeline/airflow_weather/venv/lib/python3.10/site-packages/airflow/example_dags/example_task_group_decorator.py
[2023-05-19 18:23:08,590] {logging_mixin.py:115} INFO - [2023-05-19 18:23:08,590] {dag.py:2379} INFO - Sync 1 DAGs
[2023-05-19 18:23:08,598] {logging_mixin.py:115} INFO - [2023-05-19 18:23:08,598] {dag.py:2927} INFO - Setting next_dagrun for example_task_group_decorator to 2023-05-18T21:23:08.598795+00:00, run_after=2023-05-19T21:23:08.598795+00:00
[2023-05-19 18:23:08,606] {processor.py:161} INFO - Processing /home/guilherme/Documents/weather_datapipeline/airflow_weather/venv/lib/python3.10/site-packages/airflow/example_dags/example_task_group_decorator.py took 0.046 seconds
[2023-05-19 18:23:40,474] {processor.py:153} INFO - Started process (PID=19908) to work on /home/guilherme/Documents/weather_datapipeline/airflow_weather/venv/lib/python3.10/site-packages/airflow/example_dags/example_task_group_decorator.py
[2023-05-19 18:23:40,475] {processor.py:641} INFO - Processing file /home/guilherme/Documents/weather_datapipeline/airflow_weather/venv/lib/python3.10/site-packages/airflow/example_dags/example_task_group_decorator.py for tasks to queue
[2023-05-19 18:23:40,475] {logging_mixin.py:115} INFO - [2023-05-19 18:23:40,475] {dagbag.py:507} INFO - Filling up the DagBag from /home/guilherme/Documents/weather_datapipeline/airflow_weather/venv/lib/python3.10/site-packages/airflow/example_dags/example_task_group_decorator.py
[2023-05-19 18:23:40,492] {processor.py:651} INFO - DAG(s) dict_keys(['example_task_group_decorator']) retrieved from /home/guilherme/Documents/weather_datapipeline/airflow_weather/venv/lib/python3.10/site-packages/airflow/example_dags/example_task_group_decorator.py
[2023-05-19 18:23:40,505] {logging_mixin.py:115} INFO - [2023-05-19 18:23:40,505] {dag.py:2379} INFO - Sync 1 DAGs
[2023-05-19 18:23:40,516] {logging_mixin.py:115} INFO - [2023-05-19 18:23:40,516] {dag.py:2927} INFO - Setting next_dagrun for example_task_group_decorator to 2023-05-18T21:23:40.515885+00:00, run_after=2023-05-19T21:23:40.515885+00:00
[2023-05-19 18:23:40,523] {processor.py:161} INFO - Processing /home/guilherme/Documents/weather_datapipeline/airflow_weather/venv/lib/python3.10/site-packages/airflow/example_dags/example_task_group_decorator.py took 0.051 seconds
[2023-05-19 18:24:12,264] {processor.py:153} INFO - Started process (PID=20084) to work on /home/guilherme/Documents/weather_datapipeline/airflow_weather/venv/lib/python3.10/site-packages/airflow/example_dags/example_task_group_decorator.py
[2023-05-19 18:24:12,264] {processor.py:641} INFO - Processing file /home/guilherme/Documents/weather_datapipeline/airflow_weather/venv/lib/python3.10/site-packages/airflow/example_dags/example_task_group_decorator.py for tasks to queue
[2023-05-19 18:24:12,265] {logging_mixin.py:115} INFO - [2023-05-19 18:24:12,264] {dagbag.py:507} INFO - Filling up the DagBag from /home/guilherme/Documents/weather_datapipeline/airflow_weather/venv/lib/python3.10/site-packages/airflow/example_dags/example_task_group_decorator.py
[2023-05-19 18:24:12,281] {processor.py:651} INFO - DAG(s) dict_keys(['example_task_group_decorator']) retrieved from /home/guilherme/Documents/weather_datapipeline/airflow_weather/venv/lib/python3.10/site-packages/airflow/example_dags/example_task_group_decorator.py
[2023-05-19 18:24:12,291] {logging_mixin.py:115} INFO - [2023-05-19 18:24:12,291] {dag.py:2379} INFO - Sync 1 DAGs
[2023-05-19 18:24:12,301] {logging_mixin.py:115} INFO - [2023-05-19 18:24:12,301] {dag.py:2927} INFO - Setting next_dagrun for example_task_group_decorator to 2023-05-18T21:24:12.301329+00:00, run_after=2023-05-19T21:24:12.301329+00:00
[2023-05-19 18:24:12,308] {processor.py:161} INFO - Processing /home/guilherme/Documents/weather_datapipeline/airflow_weather/venv/lib/python3.10/site-packages/airflow/example_dags/example_task_group_decorator.py took 0.047 seconds
[2023-05-19 18:24:46,021] {processor.py:153} INFO - Started process (PID=20128) to work on /home/guilherme/Documents/weather_datapipeline/airflow_weather/venv/lib/python3.10/site-packages/airflow/example_dags/example_task_group_decorator.py
[2023-05-19 18:24:46,022] {processor.py:641} INFO - Processing file /home/guilherme/Documents/weather_datapipeline/airflow_weather/venv/lib/python3.10/site-packages/airflow/example_dags/example_task_group_decorator.py for tasks to queue
[2023-05-19 18:24:46,022] {logging_mixin.py:115} INFO - [2023-05-19 18:24:46,022] {dagbag.py:507} INFO - Filling up the DagBag from /home/guilherme/Documents/weather_datapipeline/airflow_weather/venv/lib/python3.10/site-packages/airflow/example_dags/example_task_group_decorator.py
[2023-05-19 18:24:46,037] {processor.py:651} INFO - DAG(s) dict_keys(['example_task_group_decorator']) retrieved from /home/guilherme/Documents/weather_datapipeline/airflow_weather/venv/lib/python3.10/site-packages/airflow/example_dags/example_task_group_decorator.py
[2023-05-19 18:24:46,061] {logging_mixin.py:115} INFO - [2023-05-19 18:24:46,061] {dag.py:2379} INFO - Sync 1 DAGs
[2023-05-19 18:24:46,071] {logging_mixin.py:115} INFO - [2023-05-19 18:24:46,071] {dag.py:2927} INFO - Setting next_dagrun for example_task_group_decorator to 2023-05-18T21:24:46.071762+00:00, run_after=2023-05-19T21:24:46.071762+00:00
[2023-05-19 18:24:46,080] {processor.py:161} INFO - Processing /home/guilherme/Documents/weather_datapipeline/airflow_weather/venv/lib/python3.10/site-packages/airflow/example_dags/example_task_group_decorator.py took 0.060 seconds
[2023-05-19 18:25:17,936] {processor.py:153} INFO - Started process (PID=20163) to work on /home/guilherme/Documents/weather_datapipeline/airflow_weather/venv/lib/python3.10/site-packages/airflow/example_dags/example_task_group_decorator.py
[2023-05-19 18:25:17,936] {processor.py:641} INFO - Processing file /home/guilherme/Documents/weather_datapipeline/airflow_weather/venv/lib/python3.10/site-packages/airflow/example_dags/example_task_group_decorator.py for tasks to queue
[2023-05-19 18:25:17,937] {logging_mixin.py:115} INFO - [2023-05-19 18:25:17,937] {dagbag.py:507} INFO - Filling up the DagBag from /home/guilherme/Documents/weather_datapipeline/airflow_weather/venv/lib/python3.10/site-packages/airflow/example_dags/example_task_group_decorator.py
[2023-05-19 18:25:17,954] {processor.py:651} INFO - DAG(s) dict_keys(['example_task_group_decorator']) retrieved from /home/guilherme/Documents/weather_datapipeline/airflow_weather/venv/lib/python3.10/site-packages/airflow/example_dags/example_task_group_decorator.py
[2023-05-19 18:25:17,963] {logging_mixin.py:115} INFO - [2023-05-19 18:25:17,963] {dag.py:2379} INFO - Sync 1 DAGs
[2023-05-19 18:25:17,972] {logging_mixin.py:115} INFO - [2023-05-19 18:25:17,971] {dag.py:2927} INFO - Setting next_dagrun for example_task_group_decorator to 2023-05-18T21:25:17.971847+00:00, run_after=2023-05-19T21:25:17.971847+00:00
[2023-05-19 18:25:17,977] {processor.py:161} INFO - Processing /home/guilherme/Documents/weather_datapipeline/airflow_weather/venv/lib/python3.10/site-packages/airflow/example_dags/example_task_group_decorator.py took 0.044 seconds
[2023-05-19 18:25:51,569] {processor.py:153} INFO - Started process (PID=20247) to work on /home/guilherme/Documents/weather_datapipeline/airflow_weather/venv/lib/python3.10/site-packages/airflow/example_dags/example_task_group_decorator.py
[2023-05-19 18:25:51,570] {processor.py:641} INFO - Processing file /home/guilherme/Documents/weather_datapipeline/airflow_weather/venv/lib/python3.10/site-packages/airflow/example_dags/example_task_group_decorator.py for tasks to queue
[2023-05-19 18:25:51,570] {logging_mixin.py:115} INFO - [2023-05-19 18:25:51,570] {dagbag.py:507} INFO - Filling up the DagBag from /home/guilherme/Documents/weather_datapipeline/airflow_weather/venv/lib/python3.10/site-packages/airflow/example_dags/example_task_group_decorator.py
[2023-05-19 18:25:51,585] {processor.py:651} INFO - DAG(s) dict_keys(['example_task_group_decorator']) retrieved from /home/guilherme/Documents/weather_datapipeline/airflow_weather/venv/lib/python3.10/site-packages/airflow/example_dags/example_task_group_decorator.py
[2023-05-19 18:25:51,594] {logging_mixin.py:115} INFO - [2023-05-19 18:25:51,594] {dag.py:2379} INFO - Sync 1 DAGs
[2023-05-19 18:25:51,603] {logging_mixin.py:115} INFO - [2023-05-19 18:25:51,603] {dag.py:2927} INFO - Setting next_dagrun for example_task_group_decorator to 2023-05-18T21:25:51.603303+00:00, run_after=2023-05-19T21:25:51.603303+00:00
[2023-05-19 18:25:51,609] {processor.py:161} INFO - Processing /home/guilherme/Documents/weather_datapipeline/airflow_weather/venv/lib/python3.10/site-packages/airflow/example_dags/example_task_group_decorator.py took 0.042 seconds
[2023-05-19 18:26:22,606] {processor.py:153} INFO - Started process (PID=20398) to work on /home/guilherme/Documents/weather_datapipeline/airflow_weather/venv/lib/python3.10/site-packages/airflow/example_dags/example_task_group_decorator.py
[2023-05-19 18:26:22,607] {processor.py:641} INFO - Processing file /home/guilherme/Documents/weather_datapipeline/airflow_weather/venv/lib/python3.10/site-packages/airflow/example_dags/example_task_group_decorator.py for tasks to queue
[2023-05-19 18:26:22,607] {logging_mixin.py:115} INFO - [2023-05-19 18:26:22,607] {dagbag.py:507} INFO - Filling up the DagBag from /home/guilherme/Documents/weather_datapipeline/airflow_weather/venv/lib/python3.10/site-packages/airflow/example_dags/example_task_group_decorator.py
[2023-05-19 18:26:22,623] {processor.py:651} INFO - DAG(s) dict_keys(['example_task_group_decorator']) retrieved from /home/guilherme/Documents/weather_datapipeline/airflow_weather/venv/lib/python3.10/site-packages/airflow/example_dags/example_task_group_decorator.py
[2023-05-19 18:26:22,634] {logging_mixin.py:115} INFO - [2023-05-19 18:26:22,634] {dag.py:2379} INFO - Sync 1 DAGs
[2023-05-19 18:26:22,646] {logging_mixin.py:115} INFO - [2023-05-19 18:26:22,646] {dag.py:2927} INFO - Setting next_dagrun for example_task_group_decorator to 2023-05-18T21:26:22.646382+00:00, run_after=2023-05-19T21:26:22.646382+00:00
[2023-05-19 18:26:22,654] {processor.py:161} INFO - Processing /home/guilherme/Documents/weather_datapipeline/airflow_weather/venv/lib/python3.10/site-packages/airflow/example_dags/example_task_group_decorator.py took 0.050 seconds
[2023-05-19 18:26:54,254] {processor.py:153} INFO - Started process (PID=20571) to work on /home/guilherme/Documents/weather_datapipeline/airflow_weather/venv/lib/python3.10/site-packages/airflow/example_dags/example_task_group_decorator.py
[2023-05-19 18:26:54,255] {processor.py:641} INFO - Processing file /home/guilherme/Documents/weather_datapipeline/airflow_weather/venv/lib/python3.10/site-packages/airflow/example_dags/example_task_group_decorator.py for tasks to queue
[2023-05-19 18:26:54,255] {logging_mixin.py:115} INFO - [2023-05-19 18:26:54,255] {dagbag.py:507} INFO - Filling up the DagBag from /home/guilherme/Documents/weather_datapipeline/airflow_weather/venv/lib/python3.10/site-packages/airflow/example_dags/example_task_group_decorator.py
[2023-05-19 18:26:54,270] {processor.py:651} INFO - DAG(s) dict_keys(['example_task_group_decorator']) retrieved from /home/guilherme/Documents/weather_datapipeline/airflow_weather/venv/lib/python3.10/site-packages/airflow/example_dags/example_task_group_decorator.py
[2023-05-19 18:26:54,280] {logging_mixin.py:115} INFO - [2023-05-19 18:26:54,280] {dag.py:2379} INFO - Sync 1 DAGs
[2023-05-19 18:26:54,289] {logging_mixin.py:115} INFO - [2023-05-19 18:26:54,289] {dag.py:2927} INFO - Setting next_dagrun for example_task_group_decorator to 2023-05-18T21:26:54.289086+00:00, run_after=2023-05-19T21:26:54.289086+00:00
[2023-05-19 18:26:54,296] {processor.py:161} INFO - Processing /home/guilherme/Documents/weather_datapipeline/airflow_weather/venv/lib/python3.10/site-packages/airflow/example_dags/example_task_group_decorator.py took 0.044 seconds
[2023-05-19 18:27:39,050] {processor.py:153} INFO - Started process (PID=20681) to work on /home/guilherme/Documents/weather_datapipeline/airflow_weather/venv/lib/python3.10/site-packages/airflow/example_dags/example_task_group_decorator.py
[2023-05-19 18:27:39,050] {processor.py:641} INFO - Processing file /home/guilherme/Documents/weather_datapipeline/airflow_weather/venv/lib/python3.10/site-packages/airflow/example_dags/example_task_group_decorator.py for tasks to queue
[2023-05-19 18:27:39,051] {logging_mixin.py:115} INFO - [2023-05-19 18:27:39,051] {dagbag.py:507} INFO - Filling up the DagBag from /home/guilherme/Documents/weather_datapipeline/airflow_weather/venv/lib/python3.10/site-packages/airflow/example_dags/example_task_group_decorator.py
[2023-05-19 18:27:39,064] {processor.py:651} INFO - DAG(s) dict_keys(['example_task_group_decorator']) retrieved from /home/guilherme/Documents/weather_datapipeline/airflow_weather/venv/lib/python3.10/site-packages/airflow/example_dags/example_task_group_decorator.py
[2023-05-19 18:27:39,085] {logging_mixin.py:115} INFO - [2023-05-19 18:27:39,085] {dag.py:2379} INFO - Sync 1 DAGs
[2023-05-19 18:27:39,092] {logging_mixin.py:115} INFO - [2023-05-19 18:27:39,092] {dag.py:2927} INFO - Setting next_dagrun for example_task_group_decorator to 2023-05-18T21:27:39.092141+00:00, run_after=2023-05-19T21:27:39.092141+00:00
[2023-05-19 18:27:39,099] {processor.py:161} INFO - Processing /home/guilherme/Documents/weather_datapipeline/airflow_weather/venv/lib/python3.10/site-packages/airflow/example_dags/example_task_group_decorator.py took 0.051 seconds
[2023-05-19 18:28:09,826] {processor.py:153} INFO - Started process (PID=20717) to work on /home/guilherme/Documents/weather_datapipeline/airflow_weather/venv/lib/python3.10/site-packages/airflow/example_dags/example_task_group_decorator.py
[2023-05-19 18:28:09,827] {processor.py:641} INFO - Processing file /home/guilherme/Documents/weather_datapipeline/airflow_weather/venv/lib/python3.10/site-packages/airflow/example_dags/example_task_group_decorator.py for tasks to queue
[2023-05-19 18:28:09,827] {logging_mixin.py:115} INFO - [2023-05-19 18:28:09,827] {dagbag.py:507} INFO - Filling up the DagBag from /home/guilherme/Documents/weather_datapipeline/airflow_weather/venv/lib/python3.10/site-packages/airflow/example_dags/example_task_group_decorator.py
[2023-05-19 18:28:09,844] {processor.py:651} INFO - DAG(s) dict_keys(['example_task_group_decorator']) retrieved from /home/guilherme/Documents/weather_datapipeline/airflow_weather/venv/lib/python3.10/site-packages/airflow/example_dags/example_task_group_decorator.py
[2023-05-19 18:28:09,855] {logging_mixin.py:115} INFO - [2023-05-19 18:28:09,854] {dag.py:2379} INFO - Sync 1 DAGs
[2023-05-19 18:28:09,864] {logging_mixin.py:115} INFO - [2023-05-19 18:28:09,864] {dag.py:2927} INFO - Setting next_dagrun for example_task_group_decorator to 2023-05-18T21:28:09.864183+00:00, run_after=2023-05-19T21:28:09.864183+00:00
[2023-05-19 18:28:09,871] {processor.py:161} INFO - Processing /home/guilherme/Documents/weather_datapipeline/airflow_weather/venv/lib/python3.10/site-packages/airflow/example_dags/example_task_group_decorator.py took 0.046 seconds
