[2023-05-19 17:59:54,050] {processor.py:153} INFO - Started process (PID=11090) to work on /home/guilherme/Documents/weather_datapipeline/airflow_weather/venv/lib/python3.10/site-packages/airflow/example_dags/example_complex.py
[2023-05-19 17:59:54,051] {processor.py:641} INFO - Processing file /home/guilherme/Documents/weather_datapipeline/airflow_weather/venv/lib/python3.10/site-packages/airflow/example_dags/example_complex.py for tasks to queue
[2023-05-19 17:59:54,051] {logging_mixin.py:115} INFO - [2023-05-19 17:59:54,051] {dagbag.py:507} INFO - Filling up the DagBag from /home/guilherme/Documents/weather_datapipeline/airflow_weather/venv/lib/python3.10/site-packages/airflow/example_dags/example_complex.py
[2023-05-19 17:59:54,057] {processor.py:651} INFO - DAG(s) dict_keys(['example_complex']) retrieved from /home/guilherme/Documents/weather_datapipeline/airflow_weather/venv/lib/python3.10/site-packages/airflow/example_dags/example_complex.py
[2023-05-19 17:59:54,090] {logging_mixin.py:115} INFO - [2023-05-19 17:59:54,090] {manager.py:508} INFO - Created Permission View: can edit on DAG:example_complex
[2023-05-19 17:59:54,095] {logging_mixin.py:115} INFO - [2023-05-19 17:59:54,095] {manager.py:508} INFO - Created Permission View: can delete on DAG:example_complex
[2023-05-19 17:59:54,099] {logging_mixin.py:115} INFO - [2023-05-19 17:59:54,098] {manager.py:508} INFO - Created Permission View: can read on DAG:example_complex
[2023-05-19 17:59:54,099] {logging_mixin.py:115} INFO - [2023-05-19 17:59:54,099] {dag.py:2379} INFO - Sync 1 DAGs
[2023-05-19 17:59:54,103] {logging_mixin.py:115} INFO - [2023-05-19 17:59:54,103] {dag.py:2398} INFO - Creating ORM DAG for example_complex
[2023-05-19 17:59:54,107] {logging_mixin.py:115} INFO - [2023-05-19 17:59:54,107] {dag.py:2927} INFO - Setting next_dagrun for example_complex to None, run_after=None
[2023-05-19 17:59:54,115] {processor.py:161} INFO - Processing /home/guilherme/Documents/weather_datapipeline/airflow_weather/venv/lib/python3.10/site-packages/airflow/example_dags/example_complex.py took 0.066 seconds
[2023-05-19 18:00:26,592] {processor.py:153} INFO - Started process (PID=11172) to work on /home/guilherme/Documents/weather_datapipeline/airflow_weather/venv/lib/python3.10/site-packages/airflow/example_dags/example_complex.py
[2023-05-19 18:00:26,593] {processor.py:641} INFO - Processing file /home/guilherme/Documents/weather_datapipeline/airflow_weather/venv/lib/python3.10/site-packages/airflow/example_dags/example_complex.py for tasks to queue
[2023-05-19 18:00:26,593] {logging_mixin.py:115} INFO - [2023-05-19 18:00:26,593] {dagbag.py:507} INFO - Filling up the DagBag from /home/guilherme/Documents/weather_datapipeline/airflow_weather/venv/lib/python3.10/site-packages/airflow/example_dags/example_complex.py
[2023-05-19 18:00:26,599] {processor.py:651} INFO - DAG(s) dict_keys(['example_complex']) retrieved from /home/guilherme/Documents/weather_datapipeline/airflow_weather/venv/lib/python3.10/site-packages/airflow/example_dags/example_complex.py
[2023-05-19 18:00:26,612] {logging_mixin.py:115} INFO - [2023-05-19 18:00:26,612] {dag.py:2379} INFO - Sync 1 DAGs
[2023-05-19 18:00:26,620] {logging_mixin.py:115} INFO - [2023-05-19 18:00:26,620] {dag.py:2927} INFO - Setting next_dagrun for example_complex to None, run_after=None
[2023-05-19 18:00:26,626] {processor.py:161} INFO - Processing /home/guilherme/Documents/weather_datapipeline/airflow_weather/venv/lib/python3.10/site-packages/airflow/example_dags/example_complex.py took 0.036 seconds
[2023-05-19 18:01:00,713] {processor.py:153} INFO - Started process (PID=11268) to work on /home/guilherme/Documents/weather_datapipeline/airflow_weather/venv/lib/python3.10/site-packages/airflow/example_dags/example_complex.py
[2023-05-19 18:01:00,713] {processor.py:641} INFO - Processing file /home/guilherme/Documents/weather_datapipeline/airflow_weather/venv/lib/python3.10/site-packages/airflow/example_dags/example_complex.py for tasks to queue
[2023-05-19 18:01:00,713] {logging_mixin.py:115} INFO - [2023-05-19 18:01:00,713] {dagbag.py:507} INFO - Filling up the DagBag from /home/guilherme/Documents/weather_datapipeline/airflow_weather/venv/lib/python3.10/site-packages/airflow/example_dags/example_complex.py
[2023-05-19 18:01:00,720] {processor.py:651} INFO - DAG(s) dict_keys(['example_complex']) retrieved from /home/guilherme/Documents/weather_datapipeline/airflow_weather/venv/lib/python3.10/site-packages/airflow/example_dags/example_complex.py
[2023-05-19 18:01:00,732] {logging_mixin.py:115} INFO - [2023-05-19 18:01:00,732] {dag.py:2379} INFO - Sync 1 DAGs
[2023-05-19 18:01:00,743] {logging_mixin.py:115} INFO - [2023-05-19 18:01:00,743] {dag.py:2927} INFO - Setting next_dagrun for example_complex to None, run_after=None
[2023-05-19 18:01:00,750] {processor.py:161} INFO - Processing /home/guilherme/Documents/weather_datapipeline/airflow_weather/venv/lib/python3.10/site-packages/airflow/example_dags/example_complex.py took 0.039 seconds
[2023-05-19 18:01:33,249] {processor.py:153} INFO - Started process (PID=11357) to work on /home/guilherme/Documents/weather_datapipeline/airflow_weather/venv/lib/python3.10/site-packages/airflow/example_dags/example_complex.py
[2023-05-19 18:01:33,262] {processor.py:641} INFO - Processing file /home/guilherme/Documents/weather_datapipeline/airflow_weather/venv/lib/python3.10/site-packages/airflow/example_dags/example_complex.py for tasks to queue
[2023-05-19 18:01:33,262] {logging_mixin.py:115} INFO - [2023-05-19 18:01:33,262] {dagbag.py:507} INFO - Filling up the DagBag from /home/guilherme/Documents/weather_datapipeline/airflow_weather/venv/lib/python3.10/site-packages/airflow/example_dags/example_complex.py
[2023-05-19 18:01:33,277] {processor.py:651} INFO - DAG(s) dict_keys(['example_complex']) retrieved from /home/guilherme/Documents/weather_datapipeline/airflow_weather/venv/lib/python3.10/site-packages/airflow/example_dags/example_complex.py
[2023-05-19 18:01:33,294] {logging_mixin.py:115} INFO - [2023-05-19 18:01:33,294] {dag.py:2379} INFO - Sync 1 DAGs
[2023-05-19 18:01:33,303] {logging_mixin.py:115} INFO - [2023-05-19 18:01:33,302] {dag.py:2927} INFO - Setting next_dagrun for example_complex to None, run_after=None
[2023-05-19 18:01:33,311] {processor.py:161} INFO - Processing /home/guilherme/Documents/weather_datapipeline/airflow_weather/venv/lib/python3.10/site-packages/airflow/example_dags/example_complex.py took 0.064 seconds
[2023-05-19 18:02:06,952] {processor.py:153} INFO - Started process (PID=11630) to work on /home/guilherme/Documents/weather_datapipeline/airflow_weather/venv/lib/python3.10/site-packages/airflow/example_dags/example_complex.py
[2023-05-19 18:02:06,952] {processor.py:641} INFO - Processing file /home/guilherme/Documents/weather_datapipeline/airflow_weather/venv/lib/python3.10/site-packages/airflow/example_dags/example_complex.py for tasks to queue
[2023-05-19 18:02:06,952] {logging_mixin.py:115} INFO - [2023-05-19 18:02:06,952] {dagbag.py:507} INFO - Filling up the DagBag from /home/guilherme/Documents/weather_datapipeline/airflow_weather/venv/lib/python3.10/site-packages/airflow/example_dags/example_complex.py
[2023-05-19 18:02:06,959] {processor.py:651} INFO - DAG(s) dict_keys(['example_complex']) retrieved from /home/guilherme/Documents/weather_datapipeline/airflow_weather/venv/lib/python3.10/site-packages/airflow/example_dags/example_complex.py
[2023-05-19 18:02:06,971] {logging_mixin.py:115} INFO - [2023-05-19 18:02:06,971] {dag.py:2379} INFO - Sync 1 DAGs
[2023-05-19 18:02:06,980] {logging_mixin.py:115} INFO - [2023-05-19 18:02:06,980] {dag.py:2927} INFO - Setting next_dagrun for example_complex to None, run_after=None
[2023-05-19 18:02:06,987] {processor.py:161} INFO - Processing /home/guilherme/Documents/weather_datapipeline/airflow_weather/venv/lib/python3.10/site-packages/airflow/example_dags/example_complex.py took 0.037 seconds
[2023-05-19 18:02:40,278] {processor.py:153} INFO - Started process (PID=12031) to work on /home/guilherme/Documents/weather_datapipeline/airflow_weather/venv/lib/python3.10/site-packages/airflow/example_dags/example_complex.py
[2023-05-19 18:02:40,278] {processor.py:641} INFO - Processing file /home/guilherme/Documents/weather_datapipeline/airflow_weather/venv/lib/python3.10/site-packages/airflow/example_dags/example_complex.py for tasks to queue
[2023-05-19 18:02:40,279] {logging_mixin.py:115} INFO - [2023-05-19 18:02:40,279] {dagbag.py:507} INFO - Filling up the DagBag from /home/guilherme/Documents/weather_datapipeline/airflow_weather/venv/lib/python3.10/site-packages/airflow/example_dags/example_complex.py
[2023-05-19 18:02:40,285] {processor.py:651} INFO - DAG(s) dict_keys(['example_complex']) retrieved from /home/guilherme/Documents/weather_datapipeline/airflow_weather/venv/lib/python3.10/site-packages/airflow/example_dags/example_complex.py
[2023-05-19 18:02:40,298] {logging_mixin.py:115} INFO - [2023-05-19 18:02:40,298] {dag.py:2379} INFO - Sync 1 DAGs
[2023-05-19 18:02:40,308] {logging_mixin.py:115} INFO - [2023-05-19 18:02:40,308] {dag.py:2927} INFO - Setting next_dagrun for example_complex to None, run_after=None
[2023-05-19 18:02:40,314] {processor.py:161} INFO - Processing /home/guilherme/Documents/weather_datapipeline/airflow_weather/venv/lib/python3.10/site-packages/airflow/example_dags/example_complex.py took 0.038 seconds
[2023-05-19 18:03:13,905] {processor.py:153} INFO - Started process (PID=12223) to work on /home/guilherme/Documents/weather_datapipeline/airflow_weather/venv/lib/python3.10/site-packages/airflow/example_dags/example_complex.py
[2023-05-19 18:03:13,906] {processor.py:641} INFO - Processing file /home/guilherme/Documents/weather_datapipeline/airflow_weather/venv/lib/python3.10/site-packages/airflow/example_dags/example_complex.py for tasks to queue
[2023-05-19 18:03:13,906] {logging_mixin.py:115} INFO - [2023-05-19 18:03:13,906] {dagbag.py:507} INFO - Filling up the DagBag from /home/guilherme/Documents/weather_datapipeline/airflow_weather/venv/lib/python3.10/site-packages/airflow/example_dags/example_complex.py
[2023-05-19 18:03:13,912] {processor.py:651} INFO - DAG(s) dict_keys(['example_complex']) retrieved from /home/guilherme/Documents/weather_datapipeline/airflow_weather/venv/lib/python3.10/site-packages/airflow/example_dags/example_complex.py
[2023-05-19 18:03:13,924] {logging_mixin.py:115} INFO - [2023-05-19 18:03:13,924] {dag.py:2379} INFO - Sync 1 DAGs
[2023-05-19 18:03:13,932] {logging_mixin.py:115} INFO - [2023-05-19 18:03:13,932] {dag.py:2927} INFO - Setting next_dagrun for example_complex to None, run_after=None
[2023-05-19 18:03:13,939] {processor.py:161} INFO - Processing /home/guilherme/Documents/weather_datapipeline/airflow_weather/venv/lib/python3.10/site-packages/airflow/example_dags/example_complex.py took 0.036 seconds
[2023-05-19 18:03:50,417] {processor.py:153} INFO - Started process (PID=12402) to work on /home/guilherme/Documents/weather_datapipeline/airflow_weather/venv/lib/python3.10/site-packages/airflow/example_dags/example_complex.py
[2023-05-19 18:03:50,417] {processor.py:641} INFO - Processing file /home/guilherme/Documents/weather_datapipeline/airflow_weather/venv/lib/python3.10/site-packages/airflow/example_dags/example_complex.py for tasks to queue
[2023-05-19 18:03:50,417] {logging_mixin.py:115} INFO - [2023-05-19 18:03:50,417] {dagbag.py:507} INFO - Filling up the DagBag from /home/guilherme/Documents/weather_datapipeline/airflow_weather/venv/lib/python3.10/site-packages/airflow/example_dags/example_complex.py
[2023-05-19 18:03:50,424] {processor.py:651} INFO - DAG(s) dict_keys(['example_complex']) retrieved from /home/guilherme/Documents/weather_datapipeline/airflow_weather/venv/lib/python3.10/site-packages/airflow/example_dags/example_complex.py
[2023-05-19 18:03:50,437] {logging_mixin.py:115} INFO - [2023-05-19 18:03:50,437] {dag.py:2379} INFO - Sync 1 DAGs
[2023-05-19 18:03:50,446] {logging_mixin.py:115} INFO - [2023-05-19 18:03:50,446] {dag.py:2927} INFO - Setting next_dagrun for example_complex to None, run_after=None
[2023-05-19 18:03:50,452] {processor.py:161} INFO - Processing /home/guilherme/Documents/weather_datapipeline/airflow_weather/venv/lib/python3.10/site-packages/airflow/example_dags/example_complex.py took 0.038 seconds
[2023-05-19 18:04:21,191] {processor.py:153} INFO - Started process (PID=12474) to work on /home/guilherme/Documents/weather_datapipeline/airflow_weather/venv/lib/python3.10/site-packages/airflow/example_dags/example_complex.py
[2023-05-19 18:04:21,192] {processor.py:641} INFO - Processing file /home/guilherme/Documents/weather_datapipeline/airflow_weather/venv/lib/python3.10/site-packages/airflow/example_dags/example_complex.py for tasks to queue
[2023-05-19 18:04:21,192] {logging_mixin.py:115} INFO - [2023-05-19 18:04:21,192] {dagbag.py:507} INFO - Filling up the DagBag from /home/guilherme/Documents/weather_datapipeline/airflow_weather/venv/lib/python3.10/site-packages/airflow/example_dags/example_complex.py
[2023-05-19 18:04:21,198] {processor.py:651} INFO - DAG(s) dict_keys(['example_complex']) retrieved from /home/guilherme/Documents/weather_datapipeline/airflow_weather/venv/lib/python3.10/site-packages/airflow/example_dags/example_complex.py
[2023-05-19 18:04:21,212] {logging_mixin.py:115} INFO - [2023-05-19 18:04:21,212] {dag.py:2379} INFO - Sync 1 DAGs
[2023-05-19 18:04:21,223] {logging_mixin.py:115} INFO - [2023-05-19 18:04:21,223] {dag.py:2927} INFO - Setting next_dagrun for example_complex to None, run_after=None
[2023-05-19 18:04:21,230] {processor.py:161} INFO - Processing /home/guilherme/Documents/weather_datapipeline/airflow_weather/venv/lib/python3.10/site-packages/airflow/example_dags/example_complex.py took 0.040 seconds
[2023-05-19 18:04:54,217] {processor.py:153} INFO - Started process (PID=12606) to work on /home/guilherme/Documents/weather_datapipeline/airflow_weather/venv/lib/python3.10/site-packages/airflow/example_dags/example_complex.py
[2023-05-19 18:04:54,218] {processor.py:641} INFO - Processing file /home/guilherme/Documents/weather_datapipeline/airflow_weather/venv/lib/python3.10/site-packages/airflow/example_dags/example_complex.py for tasks to queue
[2023-05-19 18:04:54,218] {logging_mixin.py:115} INFO - [2023-05-19 18:04:54,218] {dagbag.py:507} INFO - Filling up the DagBag from /home/guilherme/Documents/weather_datapipeline/airflow_weather/venv/lib/python3.10/site-packages/airflow/example_dags/example_complex.py
[2023-05-19 18:04:54,224] {processor.py:651} INFO - DAG(s) dict_keys(['example_complex']) retrieved from /home/guilherme/Documents/weather_datapipeline/airflow_weather/venv/lib/python3.10/site-packages/airflow/example_dags/example_complex.py
[2023-05-19 18:04:54,235] {logging_mixin.py:115} INFO - [2023-05-19 18:04:54,235] {dag.py:2379} INFO - Sync 1 DAGs
[2023-05-19 18:04:54,243] {logging_mixin.py:115} INFO - [2023-05-19 18:04:54,243] {dag.py:2927} INFO - Setting next_dagrun for example_complex to None, run_after=None
[2023-05-19 18:04:54,249] {processor.py:161} INFO - Processing /home/guilherme/Documents/weather_datapipeline/airflow_weather/venv/lib/python3.10/site-packages/airflow/example_dags/example_complex.py took 0.033 seconds
[2023-05-19 18:05:28,208] {processor.py:153} INFO - Started process (PID=12872) to work on /home/guilherme/Documents/weather_datapipeline/airflow_weather/venv/lib/python3.10/site-packages/airflow/example_dags/example_complex.py
[2023-05-19 18:05:28,208] {processor.py:641} INFO - Processing file /home/guilherme/Documents/weather_datapipeline/airflow_weather/venv/lib/python3.10/site-packages/airflow/example_dags/example_complex.py for tasks to queue
[2023-05-19 18:05:28,209] {logging_mixin.py:115} INFO - [2023-05-19 18:05:28,209] {dagbag.py:507} INFO - Filling up the DagBag from /home/guilherme/Documents/weather_datapipeline/airflow_weather/venv/lib/python3.10/site-packages/airflow/example_dags/example_complex.py
[2023-05-19 18:05:28,215] {processor.py:651} INFO - DAG(s) dict_keys(['example_complex']) retrieved from /home/guilherme/Documents/weather_datapipeline/airflow_weather/venv/lib/python3.10/site-packages/airflow/example_dags/example_complex.py
[2023-05-19 18:05:28,226] {logging_mixin.py:115} INFO - [2023-05-19 18:05:28,226] {dag.py:2379} INFO - Sync 1 DAGs
[2023-05-19 18:05:28,235] {logging_mixin.py:115} INFO - [2023-05-19 18:05:28,235] {dag.py:2927} INFO - Setting next_dagrun for example_complex to None, run_after=None
[2023-05-19 18:05:28,240] {processor.py:161} INFO - Processing /home/guilherme/Documents/weather_datapipeline/airflow_weather/venv/lib/python3.10/site-packages/airflow/example_dags/example_complex.py took 0.034 seconds
