[2023-05-19 17:59:34,149] {processor.py:153} INFO - Started process (PID=11069) to work on /home/guilherme/Documents/weather_datapipeline/airflow_weather/venv/lib/python3.10/site-packages/airflow/example_dags/example_short_circuit_operator.py
[2023-05-19 17:59:34,149] {processor.py:641} INFO - Processing file /home/guilherme/Documents/weather_datapipeline/airflow_weather/venv/lib/python3.10/site-packages/airflow/example_dags/example_short_circuit_operator.py for tasks to queue
[2023-05-19 17:59:34,149] {logging_mixin.py:115} INFO - [2023-05-19 17:59:34,149] {dagbag.py:507} INFO - Filling up the DagBag from /home/guilherme/Documents/weather_datapipeline/airflow_weather/venv/lib/python3.10/site-packages/airflow/example_dags/example_short_circuit_operator.py
[2023-05-19 17:59:34,154] {processor.py:651} INFO - DAG(s) dict_keys(['example_short_circuit_operator']) retrieved from /home/guilherme/Documents/weather_datapipeline/airflow_weather/venv/lib/python3.10/site-packages/airflow/example_dags/example_short_circuit_operator.py
[2023-05-19 17:59:34,185] {logging_mixin.py:115} INFO - [2023-05-19 17:59:34,185] {manager.py:508} INFO - Created Permission View: can edit on DAG:example_short_circuit_operator
[2023-05-19 17:59:34,189] {logging_mixin.py:115} INFO - [2023-05-19 17:59:34,189] {manager.py:508} INFO - Created Permission View: can delete on DAG:example_short_circuit_operator
[2023-05-19 17:59:34,193] {logging_mixin.py:115} INFO - [2023-05-19 17:59:34,193] {manager.py:508} INFO - Created Permission View: can read on DAG:example_short_circuit_operator
[2023-05-19 17:59:34,193] {logging_mixin.py:115} INFO - [2023-05-19 17:59:34,193] {dag.py:2379} INFO - Sync 1 DAGs
[2023-05-19 17:59:34,197] {logging_mixin.py:115} INFO - [2023-05-19 17:59:34,197] {dag.py:2398} INFO - Creating ORM DAG for example_short_circuit_operator
[2023-05-19 17:59:34,201] {logging_mixin.py:115} INFO - [2023-05-19 17:59:34,201] {dag.py:2927} INFO - Setting next_dagrun for example_short_circuit_operator to 2023-05-18T20:59:34.201714+00:00, run_after=2023-05-19T20:59:34.201714+00:00
[2023-05-19 17:59:34,208] {processor.py:161} INFO - Processing /home/guilherme/Documents/weather_datapipeline/airflow_weather/venv/lib/python3.10/site-packages/airflow/example_dags/example_short_circuit_operator.py took 0.061 seconds
[2023-05-19 18:00:06,066] {processor.py:153} INFO - Started process (PID=11118) to work on /home/guilherme/Documents/weather_datapipeline/airflow_weather/venv/lib/python3.10/site-packages/airflow/example_dags/example_short_circuit_operator.py
[2023-05-19 18:00:06,066] {processor.py:641} INFO - Processing file /home/guilherme/Documents/weather_datapipeline/airflow_weather/venv/lib/python3.10/site-packages/airflow/example_dags/example_short_circuit_operator.py for tasks to queue
[2023-05-19 18:00:06,067] {logging_mixin.py:115} INFO - [2023-05-19 18:00:06,067] {dagbag.py:507} INFO - Filling up the DagBag from /home/guilherme/Documents/weather_datapipeline/airflow_weather/venv/lib/python3.10/site-packages/airflow/example_dags/example_short_circuit_operator.py
[2023-05-19 18:00:06,071] {processor.py:651} INFO - DAG(s) dict_keys(['example_short_circuit_operator']) retrieved from /home/guilherme/Documents/weather_datapipeline/airflow_weather/venv/lib/python3.10/site-packages/airflow/example_dags/example_short_circuit_operator.py
[2023-05-19 18:00:06,083] {logging_mixin.py:115} INFO - [2023-05-19 18:00:06,083] {dag.py:2379} INFO - Sync 1 DAGs
[2023-05-19 18:00:06,091] {logging_mixin.py:115} INFO - [2023-05-19 18:00:06,091] {dag.py:2927} INFO - Setting next_dagrun for example_short_circuit_operator to 2023-05-18T21:00:06.091310+00:00, run_after=2023-05-19T21:00:06.091310+00:00
[2023-05-19 18:00:06,097] {processor.py:161} INFO - Processing /home/guilherme/Documents/weather_datapipeline/airflow_weather/venv/lib/python3.10/site-packages/airflow/example_dags/example_short_circuit_operator.py took 0.034 seconds
[2023-05-19 18:00:39,434] {processor.py:153} INFO - Started process (PID=11217) to work on /home/guilherme/Documents/weather_datapipeline/airflow_weather/venv/lib/python3.10/site-packages/airflow/example_dags/example_short_circuit_operator.py
[2023-05-19 18:00:39,435] {processor.py:641} INFO - Processing file /home/guilherme/Documents/weather_datapipeline/airflow_weather/venv/lib/python3.10/site-packages/airflow/example_dags/example_short_circuit_operator.py for tasks to queue
[2023-05-19 18:00:39,435] {logging_mixin.py:115} INFO - [2023-05-19 18:00:39,435] {dagbag.py:507} INFO - Filling up the DagBag from /home/guilherme/Documents/weather_datapipeline/airflow_weather/venv/lib/python3.10/site-packages/airflow/example_dags/example_short_circuit_operator.py
[2023-05-19 18:00:39,440] {processor.py:651} INFO - DAG(s) dict_keys(['example_short_circuit_operator']) retrieved from /home/guilherme/Documents/weather_datapipeline/airflow_weather/venv/lib/python3.10/site-packages/airflow/example_dags/example_short_circuit_operator.py
[2023-05-19 18:00:39,452] {logging_mixin.py:115} INFO - [2023-05-19 18:00:39,452] {dag.py:2379} INFO - Sync 1 DAGs
[2023-05-19 18:00:39,461] {logging_mixin.py:115} INFO - [2023-05-19 18:00:39,461] {dag.py:2927} INFO - Setting next_dagrun for example_short_circuit_operator to 2023-05-18T21:00:39.460997+00:00, run_after=2023-05-19T21:00:39.460997+00:00
[2023-05-19 18:00:39,469] {processor.py:161} INFO - Processing /home/guilherme/Documents/weather_datapipeline/airflow_weather/venv/lib/python3.10/site-packages/airflow/example_dags/example_short_circuit_operator.py took 0.036 seconds
[2023-05-19 18:01:11,600] {processor.py:153} INFO - Started process (PID=11282) to work on /home/guilherme/Documents/weather_datapipeline/airflow_weather/venv/lib/python3.10/site-packages/airflow/example_dags/example_short_circuit_operator.py
[2023-05-19 18:01:11,600] {processor.py:641} INFO - Processing file /home/guilherme/Documents/weather_datapipeline/airflow_weather/venv/lib/python3.10/site-packages/airflow/example_dags/example_short_circuit_operator.py for tasks to queue
[2023-05-19 18:01:11,600] {logging_mixin.py:115} INFO - [2023-05-19 18:01:11,600] {dagbag.py:507} INFO - Filling up the DagBag from /home/guilherme/Documents/weather_datapipeline/airflow_weather/venv/lib/python3.10/site-packages/airflow/example_dags/example_short_circuit_operator.py
[2023-05-19 18:01:11,605] {processor.py:651} INFO - DAG(s) dict_keys(['example_short_circuit_operator']) retrieved from /home/guilherme/Documents/weather_datapipeline/airflow_weather/venv/lib/python3.10/site-packages/airflow/example_dags/example_short_circuit_operator.py
[2023-05-19 18:01:11,616] {logging_mixin.py:115} INFO - [2023-05-19 18:01:11,616] {dag.py:2379} INFO - Sync 1 DAGs
[2023-05-19 18:01:11,624] {logging_mixin.py:115} INFO - [2023-05-19 18:01:11,624] {dag.py:2927} INFO - Setting next_dagrun for example_short_circuit_operator to 2023-05-18T21:01:11.624433+00:00, run_after=2023-05-19T21:01:11.624433+00:00
[2023-05-19 18:01:11,630] {processor.py:161} INFO - Processing /home/guilherme/Documents/weather_datapipeline/airflow_weather/venv/lib/python3.10/site-packages/airflow/example_dags/example_short_circuit_operator.py took 0.032 seconds
[2023-05-19 18:01:43,514] {processor.py:153} INFO - Started process (PID=11382) to work on /home/guilherme/Documents/weather_datapipeline/airflow_weather/venv/lib/python3.10/site-packages/airflow/example_dags/example_short_circuit_operator.py
[2023-05-19 18:01:43,515] {processor.py:641} INFO - Processing file /home/guilherme/Documents/weather_datapipeline/airflow_weather/venv/lib/python3.10/site-packages/airflow/example_dags/example_short_circuit_operator.py for tasks to queue
[2023-05-19 18:01:43,515] {logging_mixin.py:115} INFO - [2023-05-19 18:01:43,515] {dagbag.py:507} INFO - Filling up the DagBag from /home/guilherme/Documents/weather_datapipeline/airflow_weather/venv/lib/python3.10/site-packages/airflow/example_dags/example_short_circuit_operator.py
[2023-05-19 18:01:43,520] {processor.py:651} INFO - DAG(s) dict_keys(['example_short_circuit_operator']) retrieved from /home/guilherme/Documents/weather_datapipeline/airflow_weather/venv/lib/python3.10/site-packages/airflow/example_dags/example_short_circuit_operator.py
[2023-05-19 18:01:43,531] {logging_mixin.py:115} INFO - [2023-05-19 18:01:43,531] {dag.py:2379} INFO - Sync 1 DAGs
[2023-05-19 18:01:43,539] {logging_mixin.py:115} INFO - [2023-05-19 18:01:43,539] {dag.py:2927} INFO - Setting next_dagrun for example_short_circuit_operator to 2023-05-18T21:01:43.539749+00:00, run_after=2023-05-19T21:01:43.539749+00:00
[2023-05-19 18:01:43,546] {processor.py:161} INFO - Processing /home/guilherme/Documents/weather_datapipeline/airflow_weather/venv/lib/python3.10/site-packages/airflow/example_dags/example_short_circuit_operator.py took 0.034 seconds
[2023-05-19 18:02:18,203] {processor.py:153} INFO - Started process (PID=11796) to work on /home/guilherme/Documents/weather_datapipeline/airflow_weather/venv/lib/python3.10/site-packages/airflow/example_dags/example_short_circuit_operator.py
[2023-05-19 18:02:18,204] {processor.py:641} INFO - Processing file /home/guilherme/Documents/weather_datapipeline/airflow_weather/venv/lib/python3.10/site-packages/airflow/example_dags/example_short_circuit_operator.py for tasks to queue
[2023-05-19 18:02:18,204] {logging_mixin.py:115} INFO - [2023-05-19 18:02:18,204] {dagbag.py:507} INFO - Filling up the DagBag from /home/guilherme/Documents/weather_datapipeline/airflow_weather/venv/lib/python3.10/site-packages/airflow/example_dags/example_short_circuit_operator.py
[2023-05-19 18:02:18,209] {processor.py:651} INFO - DAG(s) dict_keys(['example_short_circuit_operator']) retrieved from /home/guilherme/Documents/weather_datapipeline/airflow_weather/venv/lib/python3.10/site-packages/airflow/example_dags/example_short_circuit_operator.py
[2023-05-19 18:02:18,219] {logging_mixin.py:115} INFO - [2023-05-19 18:02:18,219] {dag.py:2379} INFO - Sync 1 DAGs
[2023-05-19 18:02:18,228] {logging_mixin.py:115} INFO - [2023-05-19 18:02:18,228] {dag.py:2927} INFO - Setting next_dagrun for example_short_circuit_operator to 2023-05-18T21:02:18.228132+00:00, run_after=2023-05-19T21:02:18.228132+00:00
[2023-05-19 18:02:18,235] {processor.py:161} INFO - Processing /home/guilherme/Documents/weather_datapipeline/airflow_weather/venv/lib/python3.10/site-packages/airflow/example_dags/example_short_circuit_operator.py took 0.033 seconds
[2023-05-19 18:02:48,982] {processor.py:153} INFO - Started process (PID=12087) to work on /home/guilherme/Documents/weather_datapipeline/airflow_weather/venv/lib/python3.10/site-packages/airflow/example_dags/example_short_circuit_operator.py
[2023-05-19 18:02:48,982] {processor.py:641} INFO - Processing file /home/guilherme/Documents/weather_datapipeline/airflow_weather/venv/lib/python3.10/site-packages/airflow/example_dags/example_short_circuit_operator.py for tasks to queue
[2023-05-19 18:02:48,982] {logging_mixin.py:115} INFO - [2023-05-19 18:02:48,982] {dagbag.py:507} INFO - Filling up the DagBag from /home/guilherme/Documents/weather_datapipeline/airflow_weather/venv/lib/python3.10/site-packages/airflow/example_dags/example_short_circuit_operator.py
[2023-05-19 18:02:48,988] {processor.py:651} INFO - DAG(s) dict_keys(['example_short_circuit_operator']) retrieved from /home/guilherme/Documents/weather_datapipeline/airflow_weather/venv/lib/python3.10/site-packages/airflow/example_dags/example_short_circuit_operator.py
[2023-05-19 18:02:48,998] {logging_mixin.py:115} INFO - [2023-05-19 18:02:48,998] {dag.py:2379} INFO - Sync 1 DAGs
[2023-05-19 18:02:49,007] {logging_mixin.py:115} INFO - [2023-05-19 18:02:49,006] {dag.py:2927} INFO - Setting next_dagrun for example_short_circuit_operator to 2023-05-18T21:02:49.006854+00:00, run_after=2023-05-19T21:02:49.006854+00:00
[2023-05-19 18:02:49,012] {processor.py:161} INFO - Processing /home/guilherme/Documents/weather_datapipeline/airflow_weather/venv/lib/python3.10/site-packages/airflow/example_dags/example_short_circuit_operator.py took 0.032 seconds
[2023-05-19 18:03:23,141] {processor.py:153} INFO - Started process (PID=12269) to work on /home/guilherme/Documents/weather_datapipeline/airflow_weather/venv/lib/python3.10/site-packages/airflow/example_dags/example_short_circuit_operator.py
[2023-05-19 18:03:23,142] {processor.py:641} INFO - Processing file /home/guilherme/Documents/weather_datapipeline/airflow_weather/venv/lib/python3.10/site-packages/airflow/example_dags/example_short_circuit_operator.py for tasks to queue
[2023-05-19 18:03:23,142] {logging_mixin.py:115} INFO - [2023-05-19 18:03:23,142] {dagbag.py:507} INFO - Filling up the DagBag from /home/guilherme/Documents/weather_datapipeline/airflow_weather/venv/lib/python3.10/site-packages/airflow/example_dags/example_short_circuit_operator.py
[2023-05-19 18:03:23,147] {processor.py:651} INFO - DAG(s) dict_keys(['example_short_circuit_operator']) retrieved from /home/guilherme/Documents/weather_datapipeline/airflow_weather/venv/lib/python3.10/site-packages/airflow/example_dags/example_short_circuit_operator.py
[2023-05-19 18:03:23,160] {logging_mixin.py:115} INFO - [2023-05-19 18:03:23,159] {dag.py:2379} INFO - Sync 1 DAGs
[2023-05-19 18:03:23,169] {logging_mixin.py:115} INFO - [2023-05-19 18:03:23,168] {dag.py:2927} INFO - Setting next_dagrun for example_short_circuit_operator to 2023-05-18T21:03:23.168650+00:00, run_after=2023-05-19T21:03:23.168650+00:00
[2023-05-19 18:03:23,175] {processor.py:161} INFO - Processing /home/guilherme/Documents/weather_datapipeline/airflow_weather/venv/lib/python3.10/site-packages/airflow/example_dags/example_short_circuit_operator.py took 0.035 seconds
[2023-05-19 18:03:57,040] {processor.py:153} INFO - Started process (PID=12412) to work on /home/guilherme/Documents/weather_datapipeline/airflow_weather/venv/lib/python3.10/site-packages/airflow/example_dags/example_short_circuit_operator.py
[2023-05-19 18:03:57,041] {processor.py:641} INFO - Processing file /home/guilherme/Documents/weather_datapipeline/airflow_weather/venv/lib/python3.10/site-packages/airflow/example_dags/example_short_circuit_operator.py for tasks to queue
[2023-05-19 18:03:57,041] {logging_mixin.py:115} INFO - [2023-05-19 18:03:57,041] {dagbag.py:507} INFO - Filling up the DagBag from /home/guilherme/Documents/weather_datapipeline/airflow_weather/venv/lib/python3.10/site-packages/airflow/example_dags/example_short_circuit_operator.py
[2023-05-19 18:03:57,046] {processor.py:651} INFO - DAG(s) dict_keys(['example_short_circuit_operator']) retrieved from /home/guilherme/Documents/weather_datapipeline/airflow_weather/venv/lib/python3.10/site-packages/airflow/example_dags/example_short_circuit_operator.py
[2023-05-19 18:03:57,056] {logging_mixin.py:115} INFO - [2023-05-19 18:03:57,056] {dag.py:2379} INFO - Sync 1 DAGs
[2023-05-19 18:03:57,064] {logging_mixin.py:115} INFO - [2023-05-19 18:03:57,064] {dag.py:2927} INFO - Setting next_dagrun for example_short_circuit_operator to 2023-05-18T21:03:57.064260+00:00, run_after=2023-05-19T21:03:57.064260+00:00
[2023-05-19 18:03:57,070] {processor.py:161} INFO - Processing /home/guilherme/Documents/weather_datapipeline/airflow_weather/venv/lib/python3.10/site-packages/airflow/example_dags/example_short_circuit_operator.py took 0.031 seconds
[2023-05-19 18:04:27,452] {processor.py:153} INFO - Started process (PID=12544) to work on /home/guilherme/Documents/weather_datapipeline/airflow_weather/venv/lib/python3.10/site-packages/airflow/example_dags/example_short_circuit_operator.py
[2023-05-19 18:04:27,453] {processor.py:641} INFO - Processing file /home/guilherme/Documents/weather_datapipeline/airflow_weather/venv/lib/python3.10/site-packages/airflow/example_dags/example_short_circuit_operator.py for tasks to queue
[2023-05-19 18:04:27,453] {logging_mixin.py:115} INFO - [2023-05-19 18:04:27,453] {dagbag.py:507} INFO - Filling up the DagBag from /home/guilherme/Documents/weather_datapipeline/airflow_weather/venv/lib/python3.10/site-packages/airflow/example_dags/example_short_circuit_operator.py
[2023-05-19 18:04:27,457] {processor.py:651} INFO - DAG(s) dict_keys(['example_short_circuit_operator']) retrieved from /home/guilherme/Documents/weather_datapipeline/airflow_weather/venv/lib/python3.10/site-packages/airflow/example_dags/example_short_circuit_operator.py
[2023-05-19 18:04:27,468] {logging_mixin.py:115} INFO - [2023-05-19 18:04:27,468] {dag.py:2379} INFO - Sync 1 DAGs
[2023-05-19 18:04:27,476] {logging_mixin.py:115} INFO - [2023-05-19 18:04:27,476] {dag.py:2927} INFO - Setting next_dagrun for example_short_circuit_operator to 2023-05-18T21:04:27.476440+00:00, run_after=2023-05-19T21:04:27.476440+00:00
[2023-05-19 18:04:27,482] {processor.py:161} INFO - Processing /home/guilherme/Documents/weather_datapipeline/airflow_weather/venv/lib/python3.10/site-packages/airflow/example_dags/example_short_circuit_operator.py took 0.032 seconds
[2023-05-19 18:05:00,078] {processor.py:153} INFO - Started process (PID=12619) to work on /home/guilherme/Documents/weather_datapipeline/airflow_weather/venv/lib/python3.10/site-packages/airflow/example_dags/example_short_circuit_operator.py
[2023-05-19 18:05:00,078] {processor.py:641} INFO - Processing file /home/guilherme/Documents/weather_datapipeline/airflow_weather/venv/lib/python3.10/site-packages/airflow/example_dags/example_short_circuit_operator.py for tasks to queue
[2023-05-19 18:05:00,078] {logging_mixin.py:115} INFO - [2023-05-19 18:05:00,078] {dagbag.py:507} INFO - Filling up the DagBag from /home/guilherme/Documents/weather_datapipeline/airflow_weather/venv/lib/python3.10/site-packages/airflow/example_dags/example_short_circuit_operator.py
[2023-05-19 18:05:00,083] {processor.py:651} INFO - DAG(s) dict_keys(['example_short_circuit_operator']) retrieved from /home/guilherme/Documents/weather_datapipeline/airflow_weather/venv/lib/python3.10/site-packages/airflow/example_dags/example_short_circuit_operator.py
[2023-05-19 18:05:00,095] {logging_mixin.py:115} INFO - [2023-05-19 18:05:00,095] {dag.py:2379} INFO - Sync 1 DAGs
[2023-05-19 18:05:00,105] {logging_mixin.py:115} INFO - [2023-05-19 18:05:00,105] {dag.py:2927} INFO - Setting next_dagrun for example_short_circuit_operator to 2023-05-18T21:05:00.105697+00:00, run_after=2023-05-19T21:05:00.105697+00:00
[2023-05-19 18:05:00,112] {processor.py:161} INFO - Processing /home/guilherme/Documents/weather_datapipeline/airflow_weather/venv/lib/python3.10/site-packages/airflow/example_dags/example_short_circuit_operator.py took 0.037 seconds
[2023-05-19 18:05:32,706] {processor.py:153} INFO - Started process (PID=12901) to work on /home/guilherme/Documents/weather_datapipeline/airflow_weather/venv/lib/python3.10/site-packages/airflow/example_dags/example_short_circuit_operator.py
[2023-05-19 18:05:32,707] {processor.py:641} INFO - Processing file /home/guilherme/Documents/weather_datapipeline/airflow_weather/venv/lib/python3.10/site-packages/airflow/example_dags/example_short_circuit_operator.py for tasks to queue
[2023-05-19 18:05:32,707] {logging_mixin.py:115} INFO - [2023-05-19 18:05:32,707] {dagbag.py:507} INFO - Filling up the DagBag from /home/guilherme/Documents/weather_datapipeline/airflow_weather/venv/lib/python3.10/site-packages/airflow/example_dags/example_short_circuit_operator.py
[2023-05-19 18:05:32,712] {processor.py:651} INFO - DAG(s) dict_keys(['example_short_circuit_operator']) retrieved from /home/guilherme/Documents/weather_datapipeline/airflow_weather/venv/lib/python3.10/site-packages/airflow/example_dags/example_short_circuit_operator.py
[2023-05-19 18:05:32,722] {logging_mixin.py:115} INFO - [2023-05-19 18:05:32,722] {dag.py:2379} INFO - Sync 1 DAGs
[2023-05-19 18:05:32,730] {logging_mixin.py:115} INFO - [2023-05-19 18:05:32,730] {dag.py:2927} INFO - Setting next_dagrun for example_short_circuit_operator to 2023-05-18T21:05:32.730169+00:00, run_after=2023-05-19T21:05:32.730169+00:00
[2023-05-19 18:05:32,736] {processor.py:161} INFO - Processing /home/guilherme/Documents/weather_datapipeline/airflow_weather/venv/lib/python3.10/site-packages/airflow/example_dags/example_short_circuit_operator.py took 0.032 seconds
[2023-05-19 18:06:04,881] {processor.py:153} INFO - Started process (PID=13306) to work on /home/guilherme/Documents/weather_datapipeline/airflow_weather/venv/lib/python3.10/site-packages/airflow/example_dags/example_short_circuit_operator.py
[2023-05-19 18:06:04,881] {processor.py:641} INFO - Processing file /home/guilherme/Documents/weather_datapipeline/airflow_weather/venv/lib/python3.10/site-packages/airflow/example_dags/example_short_circuit_operator.py for tasks to queue
[2023-05-19 18:06:04,881] {logging_mixin.py:115} INFO - [2023-05-19 18:06:04,881] {dagbag.py:507} INFO - Filling up the DagBag from /home/guilherme/Documents/weather_datapipeline/airflow_weather/venv/lib/python3.10/site-packages/airflow/example_dags/example_short_circuit_operator.py
[2023-05-19 18:06:04,886] {processor.py:651} INFO - DAG(s) dict_keys(['example_short_circuit_operator']) retrieved from /home/guilherme/Documents/weather_datapipeline/airflow_weather/venv/lib/python3.10/site-packages/airflow/example_dags/example_short_circuit_operator.py
[2023-05-19 18:06:04,897] {logging_mixin.py:115} INFO - [2023-05-19 18:06:04,897] {dag.py:2379} INFO - Sync 1 DAGs
[2023-05-19 18:06:04,905] {logging_mixin.py:115} INFO - [2023-05-19 18:06:04,905] {dag.py:2927} INFO - Setting next_dagrun for example_short_circuit_operator to 2023-05-18T21:06:04.905767+00:00, run_after=2023-05-19T21:06:04.905767+00:00
[2023-05-19 18:06:04,911] {processor.py:161} INFO - Processing /home/guilherme/Documents/weather_datapipeline/airflow_weather/venv/lib/python3.10/site-packages/airflow/example_dags/example_short_circuit_operator.py took 0.032 seconds
[2023-05-19 18:06:36,779] {processor.py:153} INFO - Started process (PID=13699) to work on /home/guilherme/Documents/weather_datapipeline/airflow_weather/venv/lib/python3.10/site-packages/airflow/example_dags/example_short_circuit_operator.py
[2023-05-19 18:06:36,780] {processor.py:641} INFO - Processing file /home/guilherme/Documents/weather_datapipeline/airflow_weather/venv/lib/python3.10/site-packages/airflow/example_dags/example_short_circuit_operator.py for tasks to queue
[2023-05-19 18:06:36,780] {logging_mixin.py:115} INFO - [2023-05-19 18:06:36,780] {dagbag.py:507} INFO - Filling up the DagBag from /home/guilherme/Documents/weather_datapipeline/airflow_weather/venv/lib/python3.10/site-packages/airflow/example_dags/example_short_circuit_operator.py
[2023-05-19 18:06:36,785] {processor.py:651} INFO - DAG(s) dict_keys(['example_short_circuit_operator']) retrieved from /home/guilherme/Documents/weather_datapipeline/airflow_weather/venv/lib/python3.10/site-packages/airflow/example_dags/example_short_circuit_operator.py
[2023-05-19 18:06:36,796] {logging_mixin.py:115} INFO - [2023-05-19 18:06:36,796] {dag.py:2379} INFO - Sync 1 DAGs
[2023-05-19 18:06:36,804] {logging_mixin.py:115} INFO - [2023-05-19 18:06:36,804] {dag.py:2927} INFO - Setting next_dagrun for example_short_circuit_operator to 2023-05-18T21:06:36.804472+00:00, run_after=2023-05-19T21:06:36.804472+00:00
[2023-05-19 18:06:36,811] {processor.py:161} INFO - Processing /home/guilherme/Documents/weather_datapipeline/airflow_weather/venv/lib/python3.10/site-packages/airflow/example_dags/example_short_circuit_operator.py took 0.033 seconds
[2023-05-19 18:07:10,446] {processor.py:153} INFO - Started process (PID=14218) to work on /home/guilherme/Documents/weather_datapipeline/airflow_weather/venv/lib/python3.10/site-packages/airflow/example_dags/example_short_circuit_operator.py
[2023-05-19 18:07:10,446] {processor.py:641} INFO - Processing file /home/guilherme/Documents/weather_datapipeline/airflow_weather/venv/lib/python3.10/site-packages/airflow/example_dags/example_short_circuit_operator.py for tasks to queue
[2023-05-19 18:07:10,447] {logging_mixin.py:115} INFO - [2023-05-19 18:07:10,447] {dagbag.py:507} INFO - Filling up the DagBag from /home/guilherme/Documents/weather_datapipeline/airflow_weather/venv/lib/python3.10/site-packages/airflow/example_dags/example_short_circuit_operator.py
[2023-05-19 18:07:10,451] {processor.py:651} INFO - DAG(s) dict_keys(['example_short_circuit_operator']) retrieved from /home/guilherme/Documents/weather_datapipeline/airflow_weather/venv/lib/python3.10/site-packages/airflow/example_dags/example_short_circuit_operator.py
[2023-05-19 18:07:10,462] {logging_mixin.py:115} INFO - [2023-05-19 18:07:10,462] {dag.py:2379} INFO - Sync 1 DAGs
[2023-05-19 18:07:10,470] {logging_mixin.py:115} INFO - [2023-05-19 18:07:10,470] {dag.py:2927} INFO - Setting next_dagrun for example_short_circuit_operator to 2023-05-18T21:07:10.470380+00:00, run_after=2023-05-19T21:07:10.470380+00:00
[2023-05-19 18:07:10,476] {processor.py:161} INFO - Processing /home/guilherme/Documents/weather_datapipeline/airflow_weather/venv/lib/python3.10/site-packages/airflow/example_dags/example_short_circuit_operator.py took 0.032 seconds
[2023-05-19 18:07:41,147] {processor.py:153} INFO - Started process (PID=14446) to work on /home/guilherme/Documents/weather_datapipeline/airflow_weather/venv/lib/python3.10/site-packages/airflow/example_dags/example_short_circuit_operator.py
[2023-05-19 18:07:41,147] {processor.py:641} INFO - Processing file /home/guilherme/Documents/weather_datapipeline/airflow_weather/venv/lib/python3.10/site-packages/airflow/example_dags/example_short_circuit_operator.py for tasks to queue
[2023-05-19 18:07:41,147] {logging_mixin.py:115} INFO - [2023-05-19 18:07:41,147] {dagbag.py:507} INFO - Filling up the DagBag from /home/guilherme/Documents/weather_datapipeline/airflow_weather/venv/lib/python3.10/site-packages/airflow/example_dags/example_short_circuit_operator.py
[2023-05-19 18:07:41,157] {processor.py:651} INFO - DAG(s) dict_keys(['example_short_circuit_operator']) retrieved from /home/guilherme/Documents/weather_datapipeline/airflow_weather/venv/lib/python3.10/site-packages/airflow/example_dags/example_short_circuit_operator.py
[2023-05-19 18:07:41,168] {logging_mixin.py:115} INFO - [2023-05-19 18:07:41,168] {dag.py:2379} INFO - Sync 1 DAGs
[2023-05-19 18:07:41,177] {logging_mixin.py:115} INFO - [2023-05-19 18:07:41,177] {dag.py:2927} INFO - Setting next_dagrun for example_short_circuit_operator to 2023-05-18T21:07:41.177148+00:00, run_after=2023-05-19T21:07:41.177148+00:00
[2023-05-19 18:07:41,183] {processor.py:161} INFO - Processing /home/guilherme/Documents/weather_datapipeline/airflow_weather/venv/lib/python3.10/site-packages/airflow/example_dags/example_short_circuit_operator.py took 0.038 seconds
[2023-05-19 18:08:13,922] {processor.py:153} INFO - Started process (PID=14624) to work on /home/guilherme/Documents/weather_datapipeline/airflow_weather/venv/lib/python3.10/site-packages/airflow/example_dags/example_short_circuit_operator.py
[2023-05-19 18:08:13,923] {processor.py:641} INFO - Processing file /home/guilherme/Documents/weather_datapipeline/airflow_weather/venv/lib/python3.10/site-packages/airflow/example_dags/example_short_circuit_operator.py for tasks to queue
[2023-05-19 18:08:13,923] {logging_mixin.py:115} INFO - [2023-05-19 18:08:13,923] {dagbag.py:507} INFO - Filling up the DagBag from /home/guilherme/Documents/weather_datapipeline/airflow_weather/venv/lib/python3.10/site-packages/airflow/example_dags/example_short_circuit_operator.py
[2023-05-19 18:08:13,929] {processor.py:651} INFO - DAG(s) dict_keys(['example_short_circuit_operator']) retrieved from /home/guilherme/Documents/weather_datapipeline/airflow_weather/venv/lib/python3.10/site-packages/airflow/example_dags/example_short_circuit_operator.py
[2023-05-19 18:08:13,941] {logging_mixin.py:115} INFO - [2023-05-19 18:08:13,941] {dag.py:2379} INFO - Sync 1 DAGs
[2023-05-19 18:08:13,953] {logging_mixin.py:115} INFO - [2023-05-19 18:08:13,953] {dag.py:2927} INFO - Setting next_dagrun for example_short_circuit_operator to 2023-05-18T21:08:13.952644+00:00, run_after=2023-05-19T21:08:13.952644+00:00
[2023-05-19 18:08:13,962] {processor.py:161} INFO - Processing /home/guilherme/Documents/weather_datapipeline/airflow_weather/venv/lib/python3.10/site-packages/airflow/example_dags/example_short_circuit_operator.py took 0.041 seconds
[2023-05-19 18:08:47,550] {processor.py:153} INFO - Started process (PID=14832) to work on /home/guilherme/Documents/weather_datapipeline/airflow_weather/venv/lib/python3.10/site-packages/airflow/example_dags/example_short_circuit_operator.py
[2023-05-19 18:08:47,550] {processor.py:641} INFO - Processing file /home/guilherme/Documents/weather_datapipeline/airflow_weather/venv/lib/python3.10/site-packages/airflow/example_dags/example_short_circuit_operator.py for tasks to queue
[2023-05-19 18:08:47,550] {logging_mixin.py:115} INFO - [2023-05-19 18:08:47,550] {dagbag.py:507} INFO - Filling up the DagBag from /home/guilherme/Documents/weather_datapipeline/airflow_weather/venv/lib/python3.10/site-packages/airflow/example_dags/example_short_circuit_operator.py
[2023-05-19 18:08:47,555] {processor.py:651} INFO - DAG(s) dict_keys(['example_short_circuit_operator']) retrieved from /home/guilherme/Documents/weather_datapipeline/airflow_weather/venv/lib/python3.10/site-packages/airflow/example_dags/example_short_circuit_operator.py
[2023-05-19 18:08:47,564] {logging_mixin.py:115} INFO - [2023-05-19 18:08:47,564] {dag.py:2379} INFO - Sync 1 DAGs
[2023-05-19 18:08:47,572] {logging_mixin.py:115} INFO - [2023-05-19 18:08:47,572] {dag.py:2927} INFO - Setting next_dagrun for example_short_circuit_operator to 2023-05-18T21:08:47.572631+00:00, run_after=2023-05-19T21:08:47.572631+00:00
[2023-05-19 18:08:47,578] {processor.py:161} INFO - Processing /home/guilherme/Documents/weather_datapipeline/airflow_weather/venv/lib/python3.10/site-packages/airflow/example_dags/example_short_circuit_operator.py took 0.030 seconds
[2023-05-19 18:09:17,962] {processor.py:153} INFO - Started process (PID=15004) to work on /home/guilherme/Documents/weather_datapipeline/airflow_weather/venv/lib/python3.10/site-packages/airflow/example_dags/example_short_circuit_operator.py
[2023-05-19 18:09:17,963] {processor.py:641} INFO - Processing file /home/guilherme/Documents/weather_datapipeline/airflow_weather/venv/lib/python3.10/site-packages/airflow/example_dags/example_short_circuit_operator.py for tasks to queue
[2023-05-19 18:09:17,963] {logging_mixin.py:115} INFO - [2023-05-19 18:09:17,963] {dagbag.py:507} INFO - Filling up the DagBag from /home/guilherme/Documents/weather_datapipeline/airflow_weather/venv/lib/python3.10/site-packages/airflow/example_dags/example_short_circuit_operator.py
[2023-05-19 18:09:17,968] {processor.py:651} INFO - DAG(s) dict_keys(['example_short_circuit_operator']) retrieved from /home/guilherme/Documents/weather_datapipeline/airflow_weather/venv/lib/python3.10/site-packages/airflow/example_dags/example_short_circuit_operator.py
[2023-05-19 18:09:17,978] {logging_mixin.py:115} INFO - [2023-05-19 18:09:17,978] {dag.py:2379} INFO - Sync 1 DAGs
[2023-05-19 18:09:17,987] {logging_mixin.py:115} INFO - [2023-05-19 18:09:17,987] {dag.py:2927} INFO - Setting next_dagrun for example_short_circuit_operator to 2023-05-18T21:09:17.987237+00:00, run_after=2023-05-19T21:09:17.987237+00:00
[2023-05-19 18:09:17,997] {processor.py:161} INFO - Processing /home/guilherme/Documents/weather_datapipeline/airflow_weather/venv/lib/python3.10/site-packages/airflow/example_dags/example_short_circuit_operator.py took 0.036 seconds
[2023-05-19 18:09:48,768] {processor.py:153} INFO - Started process (PID=15110) to work on /home/guilherme/Documents/weather_datapipeline/airflow_weather/venv/lib/python3.10/site-packages/airflow/example_dags/example_short_circuit_operator.py
[2023-05-19 18:09:48,769] {processor.py:641} INFO - Processing file /home/guilherme/Documents/weather_datapipeline/airflow_weather/venv/lib/python3.10/site-packages/airflow/example_dags/example_short_circuit_operator.py for tasks to queue
[2023-05-19 18:09:48,769] {logging_mixin.py:115} INFO - [2023-05-19 18:09:48,769] {dagbag.py:507} INFO - Filling up the DagBag from /home/guilherme/Documents/weather_datapipeline/airflow_weather/venv/lib/python3.10/site-packages/airflow/example_dags/example_short_circuit_operator.py
[2023-05-19 18:09:48,774] {processor.py:651} INFO - DAG(s) dict_keys(['example_short_circuit_operator']) retrieved from /home/guilherme/Documents/weather_datapipeline/airflow_weather/venv/lib/python3.10/site-packages/airflow/example_dags/example_short_circuit_operator.py
[2023-05-19 18:09:48,786] {logging_mixin.py:115} INFO - [2023-05-19 18:09:48,786] {dag.py:2379} INFO - Sync 1 DAGs
[2023-05-19 18:09:48,795] {logging_mixin.py:115} INFO - [2023-05-19 18:09:48,795] {dag.py:2927} INFO - Setting next_dagrun for example_short_circuit_operator to 2023-05-18T21:09:48.795657+00:00, run_after=2023-05-19T21:09:48.795657+00:00
[2023-05-19 18:09:48,803] {processor.py:161} INFO - Processing /home/guilherme/Documents/weather_datapipeline/airflow_weather/venv/lib/python3.10/site-packages/airflow/example_dags/example_short_circuit_operator.py took 0.037 seconds
[2023-05-19 18:10:21,244] {processor.py:153} INFO - Started process (PID=15283) to work on /home/guilherme/Documents/weather_datapipeline/airflow_weather/venv/lib/python3.10/site-packages/airflow/example_dags/example_short_circuit_operator.py
[2023-05-19 18:10:21,244] {processor.py:641} INFO - Processing file /home/guilherme/Documents/weather_datapipeline/airflow_weather/venv/lib/python3.10/site-packages/airflow/example_dags/example_short_circuit_operator.py for tasks to queue
[2023-05-19 18:10:21,245] {logging_mixin.py:115} INFO - [2023-05-19 18:10:21,245] {dagbag.py:507} INFO - Filling up the DagBag from /home/guilherme/Documents/weather_datapipeline/airflow_weather/venv/lib/python3.10/site-packages/airflow/example_dags/example_short_circuit_operator.py
[2023-05-19 18:10:21,249] {processor.py:651} INFO - DAG(s) dict_keys(['example_short_circuit_operator']) retrieved from /home/guilherme/Documents/weather_datapipeline/airflow_weather/venv/lib/python3.10/site-packages/airflow/example_dags/example_short_circuit_operator.py
[2023-05-19 18:10:21,261] {logging_mixin.py:115} INFO - [2023-05-19 18:10:21,261] {dag.py:2379} INFO - Sync 1 DAGs
[2023-05-19 18:10:21,270] {logging_mixin.py:115} INFO - [2023-05-19 18:10:21,270] {dag.py:2927} INFO - Setting next_dagrun for example_short_circuit_operator to 2023-05-18T21:10:21.269953+00:00, run_after=2023-05-19T21:10:21.269953+00:00
[2023-05-19 18:10:21,276] {processor.py:161} INFO - Processing /home/guilherme/Documents/weather_datapipeline/airflow_weather/venv/lib/python3.10/site-packages/airflow/example_dags/example_short_circuit_operator.py took 0.033 seconds
[2023-05-19 18:10:53,020] {processor.py:153} INFO - Started process (PID=15366) to work on /home/guilherme/Documents/weather_datapipeline/airflow_weather/venv/lib/python3.10/site-packages/airflow/example_dags/example_short_circuit_operator.py
[2023-05-19 18:10:53,021] {processor.py:641} INFO - Processing file /home/guilherme/Documents/weather_datapipeline/airflow_weather/venv/lib/python3.10/site-packages/airflow/example_dags/example_short_circuit_operator.py for tasks to queue
[2023-05-19 18:10:53,021] {logging_mixin.py:115} INFO - [2023-05-19 18:10:53,021] {dagbag.py:507} INFO - Filling up the DagBag from /home/guilherme/Documents/weather_datapipeline/airflow_weather/venv/lib/python3.10/site-packages/airflow/example_dags/example_short_circuit_operator.py
[2023-05-19 18:10:53,026] {processor.py:651} INFO - DAG(s) dict_keys(['example_short_circuit_operator']) retrieved from /home/guilherme/Documents/weather_datapipeline/airflow_weather/venv/lib/python3.10/site-packages/airflow/example_dags/example_short_circuit_operator.py
[2023-05-19 18:10:53,038] {logging_mixin.py:115} INFO - [2023-05-19 18:10:53,038] {dag.py:2379} INFO - Sync 1 DAGs
[2023-05-19 18:10:53,049] {logging_mixin.py:115} INFO - [2023-05-19 18:10:53,049] {dag.py:2927} INFO - Setting next_dagrun for example_short_circuit_operator to 2023-05-18T21:10:53.049509+00:00, run_after=2023-05-19T21:10:53.049509+00:00
[2023-05-19 18:10:53,056] {processor.py:161} INFO - Processing /home/guilherme/Documents/weather_datapipeline/airflow_weather/venv/lib/python3.10/site-packages/airflow/example_dags/example_short_circuit_operator.py took 0.038 seconds
[2023-05-19 18:11:27,915] {processor.py:153} INFO - Started process (PID=15432) to work on /home/guilherme/Documents/weather_datapipeline/airflow_weather/venv/lib/python3.10/site-packages/airflow/example_dags/example_short_circuit_operator.py
[2023-05-19 18:11:27,915] {processor.py:641} INFO - Processing file /home/guilherme/Documents/weather_datapipeline/airflow_weather/venv/lib/python3.10/site-packages/airflow/example_dags/example_short_circuit_operator.py for tasks to queue
[2023-05-19 18:11:27,916] {logging_mixin.py:115} INFO - [2023-05-19 18:11:27,916] {dagbag.py:507} INFO - Filling up the DagBag from /home/guilherme/Documents/weather_datapipeline/airflow_weather/venv/lib/python3.10/site-packages/airflow/example_dags/example_short_circuit_operator.py
[2023-05-19 18:11:27,922] {processor.py:651} INFO - DAG(s) dict_keys(['example_short_circuit_operator']) retrieved from /home/guilherme/Documents/weather_datapipeline/airflow_weather/venv/lib/python3.10/site-packages/airflow/example_dags/example_short_circuit_operator.py
[2023-05-19 18:11:27,933] {logging_mixin.py:115} INFO - [2023-05-19 18:11:27,933] {dag.py:2379} INFO - Sync 1 DAGs
[2023-05-19 18:11:27,943] {logging_mixin.py:115} INFO - [2023-05-19 18:11:27,943] {dag.py:2927} INFO - Setting next_dagrun for example_short_circuit_operator to 2023-05-18T21:11:27.943397+00:00, run_after=2023-05-19T21:11:27.943397+00:00
[2023-05-19 18:11:27,949] {processor.py:161} INFO - Processing /home/guilherme/Documents/weather_datapipeline/airflow_weather/venv/lib/python3.10/site-packages/airflow/example_dags/example_short_circuit_operator.py took 0.036 seconds
[2023-05-19 18:11:59,298] {processor.py:153} INFO - Started process (PID=15468) to work on /home/guilherme/Documents/weather_datapipeline/airflow_weather/venv/lib/python3.10/site-packages/airflow/example_dags/example_short_circuit_operator.py
[2023-05-19 18:11:59,299] {processor.py:641} INFO - Processing file /home/guilherme/Documents/weather_datapipeline/airflow_weather/venv/lib/python3.10/site-packages/airflow/example_dags/example_short_circuit_operator.py for tasks to queue
[2023-05-19 18:11:59,299] {logging_mixin.py:115} INFO - [2023-05-19 18:11:59,299] {dagbag.py:507} INFO - Filling up the DagBag from /home/guilherme/Documents/weather_datapipeline/airflow_weather/venv/lib/python3.10/site-packages/airflow/example_dags/example_short_circuit_operator.py
[2023-05-19 18:11:59,305] {processor.py:651} INFO - DAG(s) dict_keys(['example_short_circuit_operator']) retrieved from /home/guilherme/Documents/weather_datapipeline/airflow_weather/venv/lib/python3.10/site-packages/airflow/example_dags/example_short_circuit_operator.py
[2023-05-19 18:11:59,316] {logging_mixin.py:115} INFO - [2023-05-19 18:11:59,316] {dag.py:2379} INFO - Sync 1 DAGs
[2023-05-19 18:11:59,325] {logging_mixin.py:115} INFO - [2023-05-19 18:11:59,325] {dag.py:2927} INFO - Setting next_dagrun for example_short_circuit_operator to 2023-05-18T21:11:59.325320+00:00, run_after=2023-05-19T21:11:59.325320+00:00
[2023-05-19 18:11:59,332] {processor.py:161} INFO - Processing /home/guilherme/Documents/weather_datapipeline/airflow_weather/venv/lib/python3.10/site-packages/airflow/example_dags/example_short_circuit_operator.py took 0.035 seconds
[2023-05-19 18:12:30,680] {processor.py:153} INFO - Started process (PID=15537) to work on /home/guilherme/Documents/weather_datapipeline/airflow_weather/venv/lib/python3.10/site-packages/airflow/example_dags/example_short_circuit_operator.py
[2023-05-19 18:12:30,680] {processor.py:641} INFO - Processing file /home/guilherme/Documents/weather_datapipeline/airflow_weather/venv/lib/python3.10/site-packages/airflow/example_dags/example_short_circuit_operator.py for tasks to queue
[2023-05-19 18:12:30,681] {logging_mixin.py:115} INFO - [2023-05-19 18:12:30,681] {dagbag.py:507} INFO - Filling up the DagBag from /home/guilherme/Documents/weather_datapipeline/airflow_weather/venv/lib/python3.10/site-packages/airflow/example_dags/example_short_circuit_operator.py
[2023-05-19 18:12:30,688] {processor.py:651} INFO - DAG(s) dict_keys(['example_short_circuit_operator']) retrieved from /home/guilherme/Documents/weather_datapipeline/airflow_weather/venv/lib/python3.10/site-packages/airflow/example_dags/example_short_circuit_operator.py
[2023-05-19 18:12:30,700] {logging_mixin.py:115} INFO - [2023-05-19 18:12:30,700] {dag.py:2379} INFO - Sync 1 DAGs
[2023-05-19 18:12:30,708] {logging_mixin.py:115} INFO - [2023-05-19 18:12:30,708] {dag.py:2927} INFO - Setting next_dagrun for example_short_circuit_operator to 2023-05-18T21:12:30.708411+00:00, run_after=2023-05-19T21:12:30.708411+00:00
[2023-05-19 18:12:30,714] {processor.py:161} INFO - Processing /home/guilherme/Documents/weather_datapipeline/airflow_weather/venv/lib/python3.10/site-packages/airflow/example_dags/example_short_circuit_operator.py took 0.037 seconds
[2023-05-19 18:13:02,030] {processor.py:153} INFO - Started process (PID=15653) to work on /home/guilherme/Documents/weather_datapipeline/airflow_weather/venv/lib/python3.10/site-packages/airflow/example_dags/example_short_circuit_operator.py
[2023-05-19 18:13:02,031] {processor.py:641} INFO - Processing file /home/guilherme/Documents/weather_datapipeline/airflow_weather/venv/lib/python3.10/site-packages/airflow/example_dags/example_short_circuit_operator.py for tasks to queue
[2023-05-19 18:13:02,031] {logging_mixin.py:115} INFO - [2023-05-19 18:13:02,031] {dagbag.py:507} INFO - Filling up the DagBag from /home/guilherme/Documents/weather_datapipeline/airflow_weather/venv/lib/python3.10/site-packages/airflow/example_dags/example_short_circuit_operator.py
[2023-05-19 18:13:02,037] {processor.py:651} INFO - DAG(s) dict_keys(['example_short_circuit_operator']) retrieved from /home/guilherme/Documents/weather_datapipeline/airflow_weather/venv/lib/python3.10/site-packages/airflow/example_dags/example_short_circuit_operator.py
[2023-05-19 18:13:02,049] {logging_mixin.py:115} INFO - [2023-05-19 18:13:02,049] {dag.py:2379} INFO - Sync 1 DAGs
[2023-05-19 18:13:02,059] {logging_mixin.py:115} INFO - [2023-05-19 18:13:02,059] {dag.py:2927} INFO - Setting next_dagrun for example_short_circuit_operator to 2023-05-18T21:13:02.059203+00:00, run_after=2023-05-19T21:13:02.059203+00:00
[2023-05-19 18:13:02,067] {processor.py:161} INFO - Processing /home/guilherme/Documents/weather_datapipeline/airflow_weather/venv/lib/python3.10/site-packages/airflow/example_dags/example_short_circuit_operator.py took 0.038 seconds
[2023-05-19 18:13:35,927] {processor.py:153} INFO - Started process (PID=15833) to work on /home/guilherme/Documents/weather_datapipeline/airflow_weather/venv/lib/python3.10/site-packages/airflow/example_dags/example_short_circuit_operator.py
[2023-05-19 18:13:35,928] {processor.py:641} INFO - Processing file /home/guilherme/Documents/weather_datapipeline/airflow_weather/venv/lib/python3.10/site-packages/airflow/example_dags/example_short_circuit_operator.py for tasks to queue
[2023-05-19 18:13:35,928] {logging_mixin.py:115} INFO - [2023-05-19 18:13:35,928] {dagbag.py:507} INFO - Filling up the DagBag from /home/guilherme/Documents/weather_datapipeline/airflow_weather/venv/lib/python3.10/site-packages/airflow/example_dags/example_short_circuit_operator.py
[2023-05-19 18:13:35,933] {processor.py:651} INFO - DAG(s) dict_keys(['example_short_circuit_operator']) retrieved from /home/guilherme/Documents/weather_datapipeline/airflow_weather/venv/lib/python3.10/site-packages/airflow/example_dags/example_short_circuit_operator.py
[2023-05-19 18:13:35,944] {logging_mixin.py:115} INFO - [2023-05-19 18:13:35,944] {dag.py:2379} INFO - Sync 1 DAGs
[2023-05-19 18:13:35,954] {logging_mixin.py:115} INFO - [2023-05-19 18:13:35,954] {dag.py:2927} INFO - Setting next_dagrun for example_short_circuit_operator to 2023-05-18T21:13:35.953851+00:00, run_after=2023-05-19T21:13:35.953851+00:00
[2023-05-19 18:13:35,960] {processor.py:161} INFO - Processing /home/guilherme/Documents/weather_datapipeline/airflow_weather/venv/lib/python3.10/site-packages/airflow/example_dags/example_short_circuit_operator.py took 0.034 seconds
[2023-05-19 18:14:08,872] {processor.py:153} INFO - Started process (PID=16029) to work on /home/guilherme/Documents/weather_datapipeline/airflow_weather/venv/lib/python3.10/site-packages/airflow/example_dags/example_short_circuit_operator.py
[2023-05-19 18:14:08,872] {processor.py:641} INFO - Processing file /home/guilherme/Documents/weather_datapipeline/airflow_weather/venv/lib/python3.10/site-packages/airflow/example_dags/example_short_circuit_operator.py for tasks to queue
[2023-05-19 18:14:08,872] {logging_mixin.py:115} INFO - [2023-05-19 18:14:08,872] {dagbag.py:507} INFO - Filling up the DagBag from /home/guilherme/Documents/weather_datapipeline/airflow_weather/venv/lib/python3.10/site-packages/airflow/example_dags/example_short_circuit_operator.py
[2023-05-19 18:14:08,877] {processor.py:651} INFO - DAG(s) dict_keys(['example_short_circuit_operator']) retrieved from /home/guilherme/Documents/weather_datapipeline/airflow_weather/venv/lib/python3.10/site-packages/airflow/example_dags/example_short_circuit_operator.py
[2023-05-19 18:14:08,887] {logging_mixin.py:115} INFO - [2023-05-19 18:14:08,887] {dag.py:2379} INFO - Sync 1 DAGs
[2023-05-19 18:14:08,896] {logging_mixin.py:115} INFO - [2023-05-19 18:14:08,896] {dag.py:2927} INFO - Setting next_dagrun for example_short_circuit_operator to 2023-05-18T21:14:08.896083+00:00, run_after=2023-05-19T21:14:08.896083+00:00
[2023-05-19 18:14:08,902] {processor.py:161} INFO - Processing /home/guilherme/Documents/weather_datapipeline/airflow_weather/venv/lib/python3.10/site-packages/airflow/example_dags/example_short_circuit_operator.py took 0.032 seconds
[2023-05-19 18:14:42,529] {processor.py:153} INFO - Started process (PID=16234) to work on /home/guilherme/Documents/weather_datapipeline/airflow_weather/venv/lib/python3.10/site-packages/airflow/example_dags/example_short_circuit_operator.py
[2023-05-19 18:14:42,530] {processor.py:641} INFO - Processing file /home/guilherme/Documents/weather_datapipeline/airflow_weather/venv/lib/python3.10/site-packages/airflow/example_dags/example_short_circuit_operator.py for tasks to queue
[2023-05-19 18:14:42,530] {logging_mixin.py:115} INFO - [2023-05-19 18:14:42,530] {dagbag.py:507} INFO - Filling up the DagBag from /home/guilherme/Documents/weather_datapipeline/airflow_weather/venv/lib/python3.10/site-packages/airflow/example_dags/example_short_circuit_operator.py
[2023-05-19 18:14:42,535] {processor.py:651} INFO - DAG(s) dict_keys(['example_short_circuit_operator']) retrieved from /home/guilherme/Documents/weather_datapipeline/airflow_weather/venv/lib/python3.10/site-packages/airflow/example_dags/example_short_circuit_operator.py
[2023-05-19 18:14:42,545] {logging_mixin.py:115} INFO - [2023-05-19 18:14:42,545] {dag.py:2379} INFO - Sync 1 DAGs
[2023-05-19 18:14:42,555] {logging_mixin.py:115} INFO - [2023-05-19 18:14:42,555] {dag.py:2927} INFO - Setting next_dagrun for example_short_circuit_operator to 2023-05-18T21:14:42.555086+00:00, run_after=2023-05-19T21:14:42.555086+00:00
[2023-05-19 18:14:42,561] {processor.py:161} INFO - Processing /home/guilherme/Documents/weather_datapipeline/airflow_weather/venv/lib/python3.10/site-packages/airflow/example_dags/example_short_circuit_operator.py took 0.034 seconds
[2023-05-19 18:15:16,951] {processor.py:153} INFO - Started process (PID=16407) to work on /home/guilherme/Documents/weather_datapipeline/airflow_weather/venv/lib/python3.10/site-packages/airflow/example_dags/example_short_circuit_operator.py
[2023-05-19 18:15:16,952] {processor.py:641} INFO - Processing file /home/guilherme/Documents/weather_datapipeline/airflow_weather/venv/lib/python3.10/site-packages/airflow/example_dags/example_short_circuit_operator.py for tasks to queue
[2023-05-19 18:15:16,952] {logging_mixin.py:115} INFO - [2023-05-19 18:15:16,952] {dagbag.py:507} INFO - Filling up the DagBag from /home/guilherme/Documents/weather_datapipeline/airflow_weather/venv/lib/python3.10/site-packages/airflow/example_dags/example_short_circuit_operator.py
[2023-05-19 18:15:16,957] {processor.py:651} INFO - DAG(s) dict_keys(['example_short_circuit_operator']) retrieved from /home/guilherme/Documents/weather_datapipeline/airflow_weather/venv/lib/python3.10/site-packages/airflow/example_dags/example_short_circuit_operator.py
[2023-05-19 18:15:16,967] {logging_mixin.py:115} INFO - [2023-05-19 18:15:16,967] {dag.py:2379} INFO - Sync 1 DAGs
[2023-05-19 18:15:16,976] {logging_mixin.py:115} INFO - [2023-05-19 18:15:16,976] {dag.py:2927} INFO - Setting next_dagrun for example_short_circuit_operator to 2023-05-18T21:15:16.976608+00:00, run_after=2023-05-19T21:15:16.976608+00:00
[2023-05-19 18:15:16,983] {processor.py:161} INFO - Processing /home/guilherme/Documents/weather_datapipeline/airflow_weather/venv/lib/python3.10/site-packages/airflow/example_dags/example_short_circuit_operator.py took 0.034 seconds
[2023-05-19 18:15:47,202] {processor.py:153} INFO - Started process (PID=16578) to work on /home/guilherme/Documents/weather_datapipeline/airflow_weather/venv/lib/python3.10/site-packages/airflow/example_dags/example_short_circuit_operator.py
[2023-05-19 18:15:47,202] {processor.py:641} INFO - Processing file /home/guilherme/Documents/weather_datapipeline/airflow_weather/venv/lib/python3.10/site-packages/airflow/example_dags/example_short_circuit_operator.py for tasks to queue
[2023-05-19 18:15:47,203] {logging_mixin.py:115} INFO - [2023-05-19 18:15:47,202] {dagbag.py:507} INFO - Filling up the DagBag from /home/guilherme/Documents/weather_datapipeline/airflow_weather/venv/lib/python3.10/site-packages/airflow/example_dags/example_short_circuit_operator.py
[2023-05-19 18:15:47,208] {processor.py:651} INFO - DAG(s) dict_keys(['example_short_circuit_operator']) retrieved from /home/guilherme/Documents/weather_datapipeline/airflow_weather/venv/lib/python3.10/site-packages/airflow/example_dags/example_short_circuit_operator.py
[2023-05-19 18:15:47,218] {logging_mixin.py:115} INFO - [2023-05-19 18:15:47,218] {dag.py:2379} INFO - Sync 1 DAGs
[2023-05-19 18:15:47,227] {logging_mixin.py:115} INFO - [2023-05-19 18:15:47,227] {dag.py:2927} INFO - Setting next_dagrun for example_short_circuit_operator to 2023-05-18T21:15:47.227664+00:00, run_after=2023-05-19T21:15:47.227664+00:00
[2023-05-19 18:15:47,234] {processor.py:161} INFO - Processing /home/guilherme/Documents/weather_datapipeline/airflow_weather/venv/lib/python3.10/site-packages/airflow/example_dags/example_short_circuit_operator.py took 0.034 seconds
[2023-05-19 18:16:20,831] {processor.py:153} INFO - Started process (PID=16773) to work on /home/guilherme/Documents/weather_datapipeline/airflow_weather/venv/lib/python3.10/site-packages/airflow/example_dags/example_short_circuit_operator.py
[2023-05-19 18:16:20,832] {processor.py:641} INFO - Processing file /home/guilherme/Documents/weather_datapipeline/airflow_weather/venv/lib/python3.10/site-packages/airflow/example_dags/example_short_circuit_operator.py for tasks to queue
[2023-05-19 18:16:20,832] {logging_mixin.py:115} INFO - [2023-05-19 18:16:20,832] {dagbag.py:507} INFO - Filling up the DagBag from /home/guilherme/Documents/weather_datapipeline/airflow_weather/venv/lib/python3.10/site-packages/airflow/example_dags/example_short_circuit_operator.py
[2023-05-19 18:16:20,837] {processor.py:651} INFO - DAG(s) dict_keys(['example_short_circuit_operator']) retrieved from /home/guilherme/Documents/weather_datapipeline/airflow_weather/venv/lib/python3.10/site-packages/airflow/example_dags/example_short_circuit_operator.py
[2023-05-19 18:16:20,847] {logging_mixin.py:115} INFO - [2023-05-19 18:16:20,847] {dag.py:2379} INFO - Sync 1 DAGs
[2023-05-19 18:16:20,856] {logging_mixin.py:115} INFO - [2023-05-19 18:16:20,856] {dag.py:2927} INFO - Setting next_dagrun for example_short_circuit_operator to 2023-05-18T21:16:20.856465+00:00, run_after=2023-05-19T21:16:20.856465+00:00
[2023-05-19 18:16:20,862] {processor.py:161} INFO - Processing /home/guilherme/Documents/weather_datapipeline/airflow_weather/venv/lib/python3.10/site-packages/airflow/example_dags/example_short_circuit_operator.py took 0.033 seconds
[2023-05-19 18:16:53,863] {processor.py:153} INFO - Started process (PID=16968) to work on /home/guilherme/Documents/weather_datapipeline/airflow_weather/venv/lib/python3.10/site-packages/airflow/example_dags/example_short_circuit_operator.py
[2023-05-19 18:16:53,864] {processor.py:641} INFO - Processing file /home/guilherme/Documents/weather_datapipeline/airflow_weather/venv/lib/python3.10/site-packages/airflow/example_dags/example_short_circuit_operator.py for tasks to queue
[2023-05-19 18:16:53,864] {logging_mixin.py:115} INFO - [2023-05-19 18:16:53,864] {dagbag.py:507} INFO - Filling up the DagBag from /home/guilherme/Documents/weather_datapipeline/airflow_weather/venv/lib/python3.10/site-packages/airflow/example_dags/example_short_circuit_operator.py
[2023-05-19 18:16:53,869] {processor.py:651} INFO - DAG(s) dict_keys(['example_short_circuit_operator']) retrieved from /home/guilherme/Documents/weather_datapipeline/airflow_weather/venv/lib/python3.10/site-packages/airflow/example_dags/example_short_circuit_operator.py
[2023-05-19 18:16:53,880] {logging_mixin.py:115} INFO - [2023-05-19 18:16:53,880] {dag.py:2379} INFO - Sync 1 DAGs
[2023-05-19 18:16:53,888] {logging_mixin.py:115} INFO - [2023-05-19 18:16:53,888] {dag.py:2927} INFO - Setting next_dagrun for example_short_circuit_operator to 2023-05-18T21:16:53.888280+00:00, run_after=2023-05-19T21:16:53.888280+00:00
[2023-05-19 18:16:53,894] {processor.py:161} INFO - Processing /home/guilherme/Documents/weather_datapipeline/airflow_weather/venv/lib/python3.10/site-packages/airflow/example_dags/example_short_circuit_operator.py took 0.033 seconds
[2023-05-19 18:17:26,333] {processor.py:153} INFO - Started process (PID=17143) to work on /home/guilherme/Documents/weather_datapipeline/airflow_weather/venv/lib/python3.10/site-packages/airflow/example_dags/example_short_circuit_operator.py
[2023-05-19 18:17:26,333] {processor.py:641} INFO - Processing file /home/guilherme/Documents/weather_datapipeline/airflow_weather/venv/lib/python3.10/site-packages/airflow/example_dags/example_short_circuit_operator.py for tasks to queue
[2023-05-19 18:17:26,333] {logging_mixin.py:115} INFO - [2023-05-19 18:17:26,333] {dagbag.py:507} INFO - Filling up the DagBag from /home/guilherme/Documents/weather_datapipeline/airflow_weather/venv/lib/python3.10/site-packages/airflow/example_dags/example_short_circuit_operator.py
[2023-05-19 18:17:26,338] {processor.py:651} INFO - DAG(s) dict_keys(['example_short_circuit_operator']) retrieved from /home/guilherme/Documents/weather_datapipeline/airflow_weather/venv/lib/python3.10/site-packages/airflow/example_dags/example_short_circuit_operator.py
[2023-05-19 18:17:26,350] {logging_mixin.py:115} INFO - [2023-05-19 18:17:26,350] {dag.py:2379} INFO - Sync 1 DAGs
[2023-05-19 18:17:26,360] {logging_mixin.py:115} INFO - [2023-05-19 18:17:26,359] {dag.py:2927} INFO - Setting next_dagrun for example_short_circuit_operator to 2023-05-18T21:17:26.359807+00:00, run_after=2023-05-19T21:17:26.359807+00:00
[2023-05-19 18:17:26,367] {processor.py:161} INFO - Processing /home/guilherme/Documents/weather_datapipeline/airflow_weather/venv/lib/python3.10/site-packages/airflow/example_dags/example_short_circuit_operator.py took 0.036 seconds
[2023-05-19 18:17:59,114] {processor.py:153} INFO - Started process (PID=17330) to work on /home/guilherme/Documents/weather_datapipeline/airflow_weather/venv/lib/python3.10/site-packages/airflow/example_dags/example_short_circuit_operator.py
[2023-05-19 18:17:59,114] {processor.py:641} INFO - Processing file /home/guilherme/Documents/weather_datapipeline/airflow_weather/venv/lib/python3.10/site-packages/airflow/example_dags/example_short_circuit_operator.py for tasks to queue
[2023-05-19 18:17:59,114] {logging_mixin.py:115} INFO - [2023-05-19 18:17:59,114] {dagbag.py:507} INFO - Filling up the DagBag from /home/guilherme/Documents/weather_datapipeline/airflow_weather/venv/lib/python3.10/site-packages/airflow/example_dags/example_short_circuit_operator.py
[2023-05-19 18:17:59,120] {processor.py:651} INFO - DAG(s) dict_keys(['example_short_circuit_operator']) retrieved from /home/guilherme/Documents/weather_datapipeline/airflow_weather/venv/lib/python3.10/site-packages/airflow/example_dags/example_short_circuit_operator.py
[2023-05-19 18:17:59,133] {logging_mixin.py:115} INFO - [2023-05-19 18:17:59,133] {dag.py:2379} INFO - Sync 1 DAGs
[2023-05-19 18:17:59,142] {logging_mixin.py:115} INFO - [2023-05-19 18:17:59,142] {dag.py:2927} INFO - Setting next_dagrun for example_short_circuit_operator to 2023-05-18T21:17:59.141921+00:00, run_after=2023-05-19T21:17:59.141921+00:00
[2023-05-19 18:17:59,149] {processor.py:161} INFO - Processing /home/guilherme/Documents/weather_datapipeline/airflow_weather/venv/lib/python3.10/site-packages/airflow/example_dags/example_short_circuit_operator.py took 0.037 seconds
[2023-05-19 18:18:32,385] {processor.py:153} INFO - Started process (PID=17564) to work on /home/guilherme/Documents/weather_datapipeline/airflow_weather/venv/lib/python3.10/site-packages/airflow/example_dags/example_short_circuit_operator.py
[2023-05-19 18:18:32,385] {processor.py:641} INFO - Processing file /home/guilherme/Documents/weather_datapipeline/airflow_weather/venv/lib/python3.10/site-packages/airflow/example_dags/example_short_circuit_operator.py for tasks to queue
[2023-05-19 18:18:32,386] {logging_mixin.py:115} INFO - [2023-05-19 18:18:32,386] {dagbag.py:507} INFO - Filling up the DagBag from /home/guilherme/Documents/weather_datapipeline/airflow_weather/venv/lib/python3.10/site-packages/airflow/example_dags/example_short_circuit_operator.py
[2023-05-19 18:18:32,391] {processor.py:651} INFO - DAG(s) dict_keys(['example_short_circuit_operator']) retrieved from /home/guilherme/Documents/weather_datapipeline/airflow_weather/venv/lib/python3.10/site-packages/airflow/example_dags/example_short_circuit_operator.py
[2023-05-19 18:18:32,404] {logging_mixin.py:115} INFO - [2023-05-19 18:18:32,404] {dag.py:2379} INFO - Sync 1 DAGs
[2023-05-19 18:18:32,414] {logging_mixin.py:115} INFO - [2023-05-19 18:18:32,413] {dag.py:2927} INFO - Setting next_dagrun for example_short_circuit_operator to 2023-05-18T21:18:32.413773+00:00, run_after=2023-05-19T21:18:32.413773+00:00
[2023-05-19 18:18:32,420] {processor.py:161} INFO - Processing /home/guilherme/Documents/weather_datapipeline/airflow_weather/venv/lib/python3.10/site-packages/airflow/example_dags/example_short_circuit_operator.py took 0.038 seconds
[2023-05-19 18:19:03,662] {processor.py:153} INFO - Started process (PID=17778) to work on /home/guilherme/Documents/weather_datapipeline/airflow_weather/venv/lib/python3.10/site-packages/airflow/example_dags/example_short_circuit_operator.py
[2023-05-19 18:19:03,662] {processor.py:641} INFO - Processing file /home/guilherme/Documents/weather_datapipeline/airflow_weather/venv/lib/python3.10/site-packages/airflow/example_dags/example_short_circuit_operator.py for tasks to queue
[2023-05-19 18:19:03,663] {logging_mixin.py:115} INFO - [2023-05-19 18:19:03,663] {dagbag.py:507} INFO - Filling up the DagBag from /home/guilherme/Documents/weather_datapipeline/airflow_weather/venv/lib/python3.10/site-packages/airflow/example_dags/example_short_circuit_operator.py
[2023-05-19 18:19:03,667] {processor.py:651} INFO - DAG(s) dict_keys(['example_short_circuit_operator']) retrieved from /home/guilherme/Documents/weather_datapipeline/airflow_weather/venv/lib/python3.10/site-packages/airflow/example_dags/example_short_circuit_operator.py
[2023-05-19 18:19:03,679] {logging_mixin.py:115} INFO - [2023-05-19 18:19:03,679] {dag.py:2379} INFO - Sync 1 DAGs
[2023-05-19 18:19:03,688] {logging_mixin.py:115} INFO - [2023-05-19 18:19:03,688] {dag.py:2927} INFO - Setting next_dagrun for example_short_circuit_operator to 2023-05-18T21:19:03.688179+00:00, run_after=2023-05-19T21:19:03.688179+00:00
[2023-05-19 18:19:03,696] {processor.py:161} INFO - Processing /home/guilherme/Documents/weather_datapipeline/airflow_weather/venv/lib/python3.10/site-packages/airflow/example_dags/example_short_circuit_operator.py took 0.036 seconds
[2023-05-19 18:19:34,338] {processor.py:153} INFO - Started process (PID=18404) to work on /home/guilherme/Documents/weather_datapipeline/airflow_weather/venv/lib/python3.10/site-packages/airflow/example_dags/example_short_circuit_operator.py
[2023-05-19 18:19:34,338] {processor.py:641} INFO - Processing file /home/guilherme/Documents/weather_datapipeline/airflow_weather/venv/lib/python3.10/site-packages/airflow/example_dags/example_short_circuit_operator.py for tasks to queue
[2023-05-19 18:19:34,339] {logging_mixin.py:115} INFO - [2023-05-19 18:19:34,339] {dagbag.py:507} INFO - Filling up the DagBag from /home/guilherme/Documents/weather_datapipeline/airflow_weather/venv/lib/python3.10/site-packages/airflow/example_dags/example_short_circuit_operator.py
[2023-05-19 18:19:34,346] {processor.py:651} INFO - DAG(s) dict_keys(['example_short_circuit_operator']) retrieved from /home/guilherme/Documents/weather_datapipeline/airflow_weather/venv/lib/python3.10/site-packages/airflow/example_dags/example_short_circuit_operator.py
[2023-05-19 18:19:34,354] {logging_mixin.py:115} INFO - [2023-05-19 18:19:34,354] {dag.py:2379} INFO - Sync 1 DAGs
[2023-05-19 18:19:34,364] {logging_mixin.py:115} INFO - [2023-05-19 18:19:34,363] {dag.py:2927} INFO - Setting next_dagrun for example_short_circuit_operator to 2023-05-18T21:19:34.363814+00:00, run_after=2023-05-19T21:19:34.363814+00:00
[2023-05-19 18:19:34,370] {processor.py:161} INFO - Processing /home/guilherme/Documents/weather_datapipeline/airflow_weather/venv/lib/python3.10/site-packages/airflow/example_dags/example_short_circuit_operator.py took 0.034 seconds
[2023-05-19 18:20:07,269] {processor.py:153} INFO - Started process (PID=18612) to work on /home/guilherme/Documents/weather_datapipeline/airflow_weather/venv/lib/python3.10/site-packages/airflow/example_dags/example_short_circuit_operator.py
[2023-05-19 18:20:07,270] {processor.py:641} INFO - Processing file /home/guilherme/Documents/weather_datapipeline/airflow_weather/venv/lib/python3.10/site-packages/airflow/example_dags/example_short_circuit_operator.py for tasks to queue
[2023-05-19 18:20:07,270] {logging_mixin.py:115} INFO - [2023-05-19 18:20:07,270] {dagbag.py:507} INFO - Filling up the DagBag from /home/guilherme/Documents/weather_datapipeline/airflow_weather/venv/lib/python3.10/site-packages/airflow/example_dags/example_short_circuit_operator.py
[2023-05-19 18:20:07,277] {processor.py:651} INFO - DAG(s) dict_keys(['example_short_circuit_operator']) retrieved from /home/guilherme/Documents/weather_datapipeline/airflow_weather/venv/lib/python3.10/site-packages/airflow/example_dags/example_short_circuit_operator.py
[2023-05-19 18:20:07,286] {logging_mixin.py:115} INFO - [2023-05-19 18:20:07,286] {dag.py:2379} INFO - Sync 1 DAGs
[2023-05-19 18:20:07,295] {logging_mixin.py:115} INFO - [2023-05-19 18:20:07,295] {dag.py:2927} INFO - Setting next_dagrun for example_short_circuit_operator to 2023-05-18T21:20:07.295487+00:00, run_after=2023-05-19T21:20:07.295487+00:00
[2023-05-19 18:20:07,302] {processor.py:161} INFO - Processing /home/guilherme/Documents/weather_datapipeline/airflow_weather/venv/lib/python3.10/site-packages/airflow/example_dags/example_short_circuit_operator.py took 0.034 seconds
[2023-05-19 18:20:38,775] {processor.py:153} INFO - Started process (PID=18787) to work on /home/guilherme/Documents/weather_datapipeline/airflow_weather/venv/lib/python3.10/site-packages/airflow/example_dags/example_short_circuit_operator.py
[2023-05-19 18:20:38,775] {processor.py:641} INFO - Processing file /home/guilherme/Documents/weather_datapipeline/airflow_weather/venv/lib/python3.10/site-packages/airflow/example_dags/example_short_circuit_operator.py for tasks to queue
[2023-05-19 18:20:38,776] {logging_mixin.py:115} INFO - [2023-05-19 18:20:38,776] {dagbag.py:507} INFO - Filling up the DagBag from /home/guilherme/Documents/weather_datapipeline/airflow_weather/venv/lib/python3.10/site-packages/airflow/example_dags/example_short_circuit_operator.py
[2023-05-19 18:20:38,782] {processor.py:651} INFO - DAG(s) dict_keys(['example_short_circuit_operator']) retrieved from /home/guilherme/Documents/weather_datapipeline/airflow_weather/venv/lib/python3.10/site-packages/airflow/example_dags/example_short_circuit_operator.py
[2023-05-19 18:20:38,791] {logging_mixin.py:115} INFO - [2023-05-19 18:20:38,791] {dag.py:2379} INFO - Sync 1 DAGs
[2023-05-19 18:20:38,800] {logging_mixin.py:115} INFO - [2023-05-19 18:20:38,800] {dag.py:2927} INFO - Setting next_dagrun for example_short_circuit_operator to 2023-05-18T21:20:38.800114+00:00, run_after=2023-05-19T21:20:38.800114+00:00
[2023-05-19 18:20:38,807] {processor.py:161} INFO - Processing /home/guilherme/Documents/weather_datapipeline/airflow_weather/venv/lib/python3.10/site-packages/airflow/example_dags/example_short_circuit_operator.py took 0.035 seconds
[2023-05-19 18:21:11,680] {processor.py:153} INFO - Started process (PID=19020) to work on /home/guilherme/Documents/weather_datapipeline/airflow_weather/venv/lib/python3.10/site-packages/airflow/example_dags/example_short_circuit_operator.py
[2023-05-19 18:21:11,681] {processor.py:641} INFO - Processing file /home/guilherme/Documents/weather_datapipeline/airflow_weather/venv/lib/python3.10/site-packages/airflow/example_dags/example_short_circuit_operator.py for tasks to queue
[2023-05-19 18:21:11,681] {logging_mixin.py:115} INFO - [2023-05-19 18:21:11,681] {dagbag.py:507} INFO - Filling up the DagBag from /home/guilherme/Documents/weather_datapipeline/airflow_weather/venv/lib/python3.10/site-packages/airflow/example_dags/example_short_circuit_operator.py
[2023-05-19 18:21:11,688] {processor.py:651} INFO - DAG(s) dict_keys(['example_short_circuit_operator']) retrieved from /home/guilherme/Documents/weather_datapipeline/airflow_weather/venv/lib/python3.10/site-packages/airflow/example_dags/example_short_circuit_operator.py
[2023-05-19 18:21:11,697] {logging_mixin.py:115} INFO - [2023-05-19 18:21:11,697] {dag.py:2379} INFO - Sync 1 DAGs
[2023-05-19 18:21:11,706] {logging_mixin.py:115} INFO - [2023-05-19 18:21:11,706] {dag.py:2927} INFO - Setting next_dagrun for example_short_circuit_operator to 2023-05-18T21:21:11.706566+00:00, run_after=2023-05-19T21:21:11.706566+00:00
[2023-05-19 18:21:11,713] {processor.py:161} INFO - Processing /home/guilherme/Documents/weather_datapipeline/airflow_weather/venv/lib/python3.10/site-packages/airflow/example_dags/example_short_circuit_operator.py took 0.034 seconds
[2023-05-19 18:21:44,714] {processor.py:153} INFO - Started process (PID=19195) to work on /home/guilherme/Documents/weather_datapipeline/airflow_weather/venv/lib/python3.10/site-packages/airflow/example_dags/example_short_circuit_operator.py
[2023-05-19 18:21:44,714] {processor.py:641} INFO - Processing file /home/guilherme/Documents/weather_datapipeline/airflow_weather/venv/lib/python3.10/site-packages/airflow/example_dags/example_short_circuit_operator.py for tasks to queue
[2023-05-19 18:21:44,714] {logging_mixin.py:115} INFO - [2023-05-19 18:21:44,714] {dagbag.py:507} INFO - Filling up the DagBag from /home/guilherme/Documents/weather_datapipeline/airflow_weather/venv/lib/python3.10/site-packages/airflow/example_dags/example_short_circuit_operator.py
[2023-05-19 18:21:44,720] {processor.py:651} INFO - DAG(s) dict_keys(['example_short_circuit_operator']) retrieved from /home/guilherme/Documents/weather_datapipeline/airflow_weather/venv/lib/python3.10/site-packages/airflow/example_dags/example_short_circuit_operator.py
[2023-05-19 18:21:44,729] {logging_mixin.py:115} INFO - [2023-05-19 18:21:44,729] {dag.py:2379} INFO - Sync 1 DAGs
[2023-05-19 18:21:44,737] {logging_mixin.py:115} INFO - [2023-05-19 18:21:44,737] {dag.py:2927} INFO - Setting next_dagrun for example_short_circuit_operator to 2023-05-18T21:21:44.737046+00:00, run_after=2023-05-19T21:21:44.737046+00:00
[2023-05-19 18:21:44,744] {processor.py:161} INFO - Processing /home/guilherme/Documents/weather_datapipeline/airflow_weather/venv/lib/python3.10/site-packages/airflow/example_dags/example_short_circuit_operator.py took 0.031 seconds
[2023-05-19 18:22:18,363] {processor.py:153} INFO - Started process (PID=19405) to work on /home/guilherme/Documents/weather_datapipeline/airflow_weather/venv/lib/python3.10/site-packages/airflow/example_dags/example_short_circuit_operator.py
[2023-05-19 18:22:18,363] {processor.py:641} INFO - Processing file /home/guilherme/Documents/weather_datapipeline/airflow_weather/venv/lib/python3.10/site-packages/airflow/example_dags/example_short_circuit_operator.py for tasks to queue
[2023-05-19 18:22:18,364] {logging_mixin.py:115} INFO - [2023-05-19 18:22:18,364] {dagbag.py:507} INFO - Filling up the DagBag from /home/guilherme/Documents/weather_datapipeline/airflow_weather/venv/lib/python3.10/site-packages/airflow/example_dags/example_short_circuit_operator.py
[2023-05-19 18:22:18,371] {processor.py:651} INFO - DAG(s) dict_keys(['example_short_circuit_operator']) retrieved from /home/guilherme/Documents/weather_datapipeline/airflow_weather/venv/lib/python3.10/site-packages/airflow/example_dags/example_short_circuit_operator.py
[2023-05-19 18:22:18,380] {logging_mixin.py:115} INFO - [2023-05-19 18:22:18,380] {dag.py:2379} INFO - Sync 1 DAGs
[2023-05-19 18:22:18,389] {logging_mixin.py:115} INFO - [2023-05-19 18:22:18,389] {dag.py:2927} INFO - Setting next_dagrun for example_short_circuit_operator to 2023-05-18T21:22:18.389720+00:00, run_after=2023-05-19T21:22:18.389720+00:00
[2023-05-19 18:22:18,397] {processor.py:161} INFO - Processing /home/guilherme/Documents/weather_datapipeline/airflow_weather/venv/lib/python3.10/site-packages/airflow/example_dags/example_short_circuit_operator.py took 0.037 seconds
[2023-05-19 18:22:49,164] {processor.py:153} INFO - Started process (PID=19615) to work on /home/guilherme/Documents/weather_datapipeline/airflow_weather/venv/lib/python3.10/site-packages/airflow/example_dags/example_short_circuit_operator.py
[2023-05-19 18:22:49,164] {processor.py:641} INFO - Processing file /home/guilherme/Documents/weather_datapipeline/airflow_weather/venv/lib/python3.10/site-packages/airflow/example_dags/example_short_circuit_operator.py for tasks to queue
[2023-05-19 18:22:49,164] {logging_mixin.py:115} INFO - [2023-05-19 18:22:49,164] {dagbag.py:507} INFO - Filling up the DagBag from /home/guilherme/Documents/weather_datapipeline/airflow_weather/venv/lib/python3.10/site-packages/airflow/example_dags/example_short_circuit_operator.py
[2023-05-19 18:22:49,175] {processor.py:651} INFO - DAG(s) dict_keys(['example_short_circuit_operator']) retrieved from /home/guilherme/Documents/weather_datapipeline/airflow_weather/venv/lib/python3.10/site-packages/airflow/example_dags/example_short_circuit_operator.py
[2023-05-19 18:22:49,187] {logging_mixin.py:115} INFO - [2023-05-19 18:22:49,187] {dag.py:2379} INFO - Sync 1 DAGs
[2023-05-19 18:22:49,199] {logging_mixin.py:115} INFO - [2023-05-19 18:22:49,199] {dag.py:2927} INFO - Setting next_dagrun for example_short_circuit_operator to 2023-05-18T21:22:49.199287+00:00, run_after=2023-05-19T21:22:49.199287+00:00
[2023-05-19 18:22:49,209] {processor.py:161} INFO - Processing /home/guilherme/Documents/weather_datapipeline/airflow_weather/venv/lib/python3.10/site-packages/airflow/example_dags/example_short_circuit_operator.py took 0.048 seconds
[2023-05-19 18:23:22,822] {processor.py:153} INFO - Started process (PID=19810) to work on /home/guilherme/Documents/weather_datapipeline/airflow_weather/venv/lib/python3.10/site-packages/airflow/example_dags/example_short_circuit_operator.py
[2023-05-19 18:23:22,823] {processor.py:641} INFO - Processing file /home/guilherme/Documents/weather_datapipeline/airflow_weather/venv/lib/python3.10/site-packages/airflow/example_dags/example_short_circuit_operator.py for tasks to queue
[2023-05-19 18:23:22,823] {logging_mixin.py:115} INFO - [2023-05-19 18:23:22,823] {dagbag.py:507} INFO - Filling up the DagBag from /home/guilherme/Documents/weather_datapipeline/airflow_weather/venv/lib/python3.10/site-packages/airflow/example_dags/example_short_circuit_operator.py
[2023-05-19 18:23:22,834] {processor.py:651} INFO - DAG(s) dict_keys(['example_short_circuit_operator']) retrieved from /home/guilherme/Documents/weather_datapipeline/airflow_weather/venv/lib/python3.10/site-packages/airflow/example_dags/example_short_circuit_operator.py
[2023-05-19 18:23:22,846] {logging_mixin.py:115} INFO - [2023-05-19 18:23:22,846] {dag.py:2379} INFO - Sync 1 DAGs
[2023-05-19 18:23:22,859] {logging_mixin.py:115} INFO - [2023-05-19 18:23:22,859] {dag.py:2927} INFO - Setting next_dagrun for example_short_circuit_operator to 2023-05-18T21:23:22.859189+00:00, run_after=2023-05-19T21:23:22.859189+00:00
[2023-05-19 18:23:22,868] {processor.py:161} INFO - Processing /home/guilherme/Documents/weather_datapipeline/airflow_weather/venv/lib/python3.10/site-packages/airflow/example_dags/example_short_circuit_operator.py took 0.049 seconds
[2023-05-19 18:23:54,323] {processor.py:153} INFO - Started process (PID=19993) to work on /home/guilherme/Documents/weather_datapipeline/airflow_weather/venv/lib/python3.10/site-packages/airflow/example_dags/example_short_circuit_operator.py
[2023-05-19 18:23:54,324] {processor.py:641} INFO - Processing file /home/guilherme/Documents/weather_datapipeline/airflow_weather/venv/lib/python3.10/site-packages/airflow/example_dags/example_short_circuit_operator.py for tasks to queue
[2023-05-19 18:23:54,325] {logging_mixin.py:115} INFO - [2023-05-19 18:23:54,324] {dagbag.py:507} INFO - Filling up the DagBag from /home/guilherme/Documents/weather_datapipeline/airflow_weather/venv/lib/python3.10/site-packages/airflow/example_dags/example_short_circuit_operator.py
[2023-05-19 18:23:54,333] {processor.py:651} INFO - DAG(s) dict_keys(['example_short_circuit_operator']) retrieved from /home/guilherme/Documents/weather_datapipeline/airflow_weather/venv/lib/python3.10/site-packages/airflow/example_dags/example_short_circuit_operator.py
[2023-05-19 18:23:54,343] {logging_mixin.py:115} INFO - [2023-05-19 18:23:54,343] {dag.py:2379} INFO - Sync 1 DAGs
[2023-05-19 18:23:54,352] {logging_mixin.py:115} INFO - [2023-05-19 18:23:54,352] {dag.py:2927} INFO - Setting next_dagrun for example_short_circuit_operator to 2023-05-18T21:23:54.352642+00:00, run_after=2023-05-19T21:23:54.352642+00:00
[2023-05-19 18:23:54,360] {processor.py:161} INFO - Processing /home/guilherme/Documents/weather_datapipeline/airflow_weather/venv/lib/python3.10/site-packages/airflow/example_dags/example_short_circuit_operator.py took 0.039 seconds
[2023-05-19 18:24:26,674] {processor.py:153} INFO - Started process (PID=20105) to work on /home/guilherme/Documents/weather_datapipeline/airflow_weather/venv/lib/python3.10/site-packages/airflow/example_dags/example_short_circuit_operator.py
[2023-05-19 18:24:26,674] {processor.py:641} INFO - Processing file /home/guilherme/Documents/weather_datapipeline/airflow_weather/venv/lib/python3.10/site-packages/airflow/example_dags/example_short_circuit_operator.py for tasks to queue
[2023-05-19 18:24:26,675] {logging_mixin.py:115} INFO - [2023-05-19 18:24:26,675] {dagbag.py:507} INFO - Filling up the DagBag from /home/guilherme/Documents/weather_datapipeline/airflow_weather/venv/lib/python3.10/site-packages/airflow/example_dags/example_short_circuit_operator.py
[2023-05-19 18:24:26,691] {processor.py:651} INFO - DAG(s) dict_keys(['example_short_circuit_operator']) retrieved from /home/guilherme/Documents/weather_datapipeline/airflow_weather/venv/lib/python3.10/site-packages/airflow/example_dags/example_short_circuit_operator.py
[2023-05-19 18:24:26,700] {logging_mixin.py:115} INFO - [2023-05-19 18:24:26,700] {dag.py:2379} INFO - Sync 1 DAGs
[2023-05-19 18:24:26,710] {logging_mixin.py:115} INFO - [2023-05-19 18:24:26,709] {dag.py:2927} INFO - Setting next_dagrun for example_short_circuit_operator to 2023-05-18T21:24:26.709738+00:00, run_after=2023-05-19T21:24:26.709738+00:00
[2023-05-19 18:24:26,716] {processor.py:161} INFO - Processing /home/guilherme/Documents/weather_datapipeline/airflow_weather/venv/lib/python3.10/site-packages/airflow/example_dags/example_short_circuit_operator.py took 0.044 seconds
[2023-05-19 18:24:58,537] {processor.py:153} INFO - Started process (PID=20141) to work on /home/guilherme/Documents/weather_datapipeline/airflow_weather/venv/lib/python3.10/site-packages/airflow/example_dags/example_short_circuit_operator.py
[2023-05-19 18:24:58,537] {processor.py:641} INFO - Processing file /home/guilherme/Documents/weather_datapipeline/airflow_weather/venv/lib/python3.10/site-packages/airflow/example_dags/example_short_circuit_operator.py for tasks to queue
[2023-05-19 18:24:58,538] {logging_mixin.py:115} INFO - [2023-05-19 18:24:58,538] {dagbag.py:507} INFO - Filling up the DagBag from /home/guilherme/Documents/weather_datapipeline/airflow_weather/venv/lib/python3.10/site-packages/airflow/example_dags/example_short_circuit_operator.py
[2023-05-19 18:24:58,545] {processor.py:651} INFO - DAG(s) dict_keys(['example_short_circuit_operator']) retrieved from /home/guilherme/Documents/weather_datapipeline/airflow_weather/venv/lib/python3.10/site-packages/airflow/example_dags/example_short_circuit_operator.py
[2023-05-19 18:24:58,553] {logging_mixin.py:115} INFO - [2023-05-19 18:24:58,553] {dag.py:2379} INFO - Sync 1 DAGs
[2023-05-19 18:24:58,562] {logging_mixin.py:115} INFO - [2023-05-19 18:24:58,562] {dag.py:2927} INFO - Setting next_dagrun for example_short_circuit_operator to 2023-05-18T21:24:58.562183+00:00, run_after=2023-05-19T21:24:58.562183+00:00
[2023-05-19 18:24:58,568] {processor.py:161} INFO - Processing /home/guilherme/Documents/weather_datapipeline/airflow_weather/venv/lib/python3.10/site-packages/airflow/example_dags/example_short_circuit_operator.py took 0.032 seconds
[2023-05-19 18:25:31,576] {processor.py:153} INFO - Started process (PID=20176) to work on /home/guilherme/Documents/weather_datapipeline/airflow_weather/venv/lib/python3.10/site-packages/airflow/example_dags/example_short_circuit_operator.py
[2023-05-19 18:25:31,577] {processor.py:641} INFO - Processing file /home/guilherme/Documents/weather_datapipeline/airflow_weather/venv/lib/python3.10/site-packages/airflow/example_dags/example_short_circuit_operator.py for tasks to queue
[2023-05-19 18:25:31,577] {logging_mixin.py:115} INFO - [2023-05-19 18:25:31,577] {dagbag.py:507} INFO - Filling up the DagBag from /home/guilherme/Documents/weather_datapipeline/airflow_weather/venv/lib/python3.10/site-packages/airflow/example_dags/example_short_circuit_operator.py
[2023-05-19 18:25:31,586] {processor.py:651} INFO - DAG(s) dict_keys(['example_short_circuit_operator']) retrieved from /home/guilherme/Documents/weather_datapipeline/airflow_weather/venv/lib/python3.10/site-packages/airflow/example_dags/example_short_circuit_operator.py
[2023-05-19 18:25:31,598] {logging_mixin.py:115} INFO - [2023-05-19 18:25:31,598] {dag.py:2379} INFO - Sync 1 DAGs
[2023-05-19 18:25:31,608] {logging_mixin.py:115} INFO - [2023-05-19 18:25:31,608] {dag.py:2927} INFO - Setting next_dagrun for example_short_circuit_operator to 2023-05-18T21:25:31.608197+00:00, run_after=2023-05-19T21:25:31.608197+00:00
[2023-05-19 18:25:31,615] {processor.py:161} INFO - Processing /home/guilherme/Documents/weather_datapipeline/airflow_weather/venv/lib/python3.10/site-packages/airflow/example_dags/example_short_circuit_operator.py took 0.041 seconds
[2023-05-19 18:26:04,108] {processor.py:153} INFO - Started process (PID=20329) to work on /home/guilherme/Documents/weather_datapipeline/airflow_weather/venv/lib/python3.10/site-packages/airflow/example_dags/example_short_circuit_operator.py
[2023-05-19 18:26:04,109] {processor.py:641} INFO - Processing file /home/guilherme/Documents/weather_datapipeline/airflow_weather/venv/lib/python3.10/site-packages/airflow/example_dags/example_short_circuit_operator.py for tasks to queue
[2023-05-19 18:26:04,109] {logging_mixin.py:115} INFO - [2023-05-19 18:26:04,109] {dagbag.py:507} INFO - Filling up the DagBag from /home/guilherme/Documents/weather_datapipeline/airflow_weather/venv/lib/python3.10/site-packages/airflow/example_dags/example_short_circuit_operator.py
[2023-05-19 18:26:04,116] {processor.py:651} INFO - DAG(s) dict_keys(['example_short_circuit_operator']) retrieved from /home/guilherme/Documents/weather_datapipeline/airflow_weather/venv/lib/python3.10/site-packages/airflow/example_dags/example_short_circuit_operator.py
[2023-05-19 18:26:04,125] {logging_mixin.py:115} INFO - [2023-05-19 18:26:04,125] {dag.py:2379} INFO - Sync 1 DAGs
[2023-05-19 18:26:04,134] {logging_mixin.py:115} INFO - [2023-05-19 18:26:04,134] {dag.py:2927} INFO - Setting next_dagrun for example_short_circuit_operator to 2023-05-18T21:26:04.134432+00:00, run_after=2023-05-19T21:26:04.134432+00:00
[2023-05-19 18:26:04,144] {processor.py:161} INFO - Processing /home/guilherme/Documents/weather_datapipeline/airflow_weather/venv/lib/python3.10/site-packages/airflow/example_dags/example_short_circuit_operator.py took 0.038 seconds
[2023-05-19 18:26:38,011] {processor.py:153} INFO - Started process (PID=20485) to work on /home/guilherme/Documents/weather_datapipeline/airflow_weather/venv/lib/python3.10/site-packages/airflow/example_dags/example_short_circuit_operator.py
[2023-05-19 18:26:38,012] {processor.py:641} INFO - Processing file /home/guilherme/Documents/weather_datapipeline/airflow_weather/venv/lib/python3.10/site-packages/airflow/example_dags/example_short_circuit_operator.py for tasks to queue
[2023-05-19 18:26:38,012] {logging_mixin.py:115} INFO - [2023-05-19 18:26:38,012] {dagbag.py:507} INFO - Filling up the DagBag from /home/guilherme/Documents/weather_datapipeline/airflow_weather/venv/lib/python3.10/site-packages/airflow/example_dags/example_short_circuit_operator.py
[2023-05-19 18:26:38,019] {processor.py:651} INFO - DAG(s) dict_keys(['example_short_circuit_operator']) retrieved from /home/guilherme/Documents/weather_datapipeline/airflow_weather/venv/lib/python3.10/site-packages/airflow/example_dags/example_short_circuit_operator.py
[2023-05-19 18:26:38,027] {logging_mixin.py:115} INFO - [2023-05-19 18:26:38,027] {dag.py:2379} INFO - Sync 1 DAGs
[2023-05-19 18:26:38,035] {logging_mixin.py:115} INFO - [2023-05-19 18:26:38,035] {dag.py:2927} INFO - Setting next_dagrun for example_short_circuit_operator to 2023-05-18T21:26:38.035785+00:00, run_after=2023-05-19T21:26:38.035785+00:00
[2023-05-19 18:26:38,041] {processor.py:161} INFO - Processing /home/guilherme/Documents/weather_datapipeline/airflow_weather/venv/lib/python3.10/site-packages/airflow/example_dags/example_short_circuit_operator.py took 0.032 seconds
[2023-05-19 18:27:09,393] {processor.py:153} INFO - Started process (PID=20618) to work on /home/guilherme/Documents/weather_datapipeline/airflow_weather/venv/lib/python3.10/site-packages/airflow/example_dags/example_short_circuit_operator.py
[2023-05-19 18:27:09,394] {processor.py:641} INFO - Processing file /home/guilherme/Documents/weather_datapipeline/airflow_weather/venv/lib/python3.10/site-packages/airflow/example_dags/example_short_circuit_operator.py for tasks to queue
[2023-05-19 18:27:09,394] {logging_mixin.py:115} INFO - [2023-05-19 18:27:09,394] {dagbag.py:507} INFO - Filling up the DagBag from /home/guilherme/Documents/weather_datapipeline/airflow_weather/venv/lib/python3.10/site-packages/airflow/example_dags/example_short_circuit_operator.py
[2023-05-19 18:27:09,401] {processor.py:651} INFO - DAG(s) dict_keys(['example_short_circuit_operator']) retrieved from /home/guilherme/Documents/weather_datapipeline/airflow_weather/venv/lib/python3.10/site-packages/airflow/example_dags/example_short_circuit_operator.py
[2023-05-19 18:27:09,409] {logging_mixin.py:115} INFO - [2023-05-19 18:27:09,409] {dag.py:2379} INFO - Sync 1 DAGs
[2023-05-19 18:27:09,418] {logging_mixin.py:115} INFO - [2023-05-19 18:27:09,418] {dag.py:2927} INFO - Setting next_dagrun for example_short_circuit_operator to 2023-05-18T21:27:09.417886+00:00, run_after=2023-05-19T21:27:09.417886+00:00
[2023-05-19 18:27:09,424] {processor.py:161} INFO - Processing /home/guilherme/Documents/weather_datapipeline/airflow_weather/venv/lib/python3.10/site-packages/airflow/example_dags/example_short_circuit_operator.py took 0.032 seconds
[2023-05-19 18:27:43,049] {processor.py:153} INFO - Started process (PID=20688) to work on /home/guilherme/Documents/weather_datapipeline/airflow_weather/venv/lib/python3.10/site-packages/airflow/example_dags/example_short_circuit_operator.py
[2023-05-19 18:27:43,049] {processor.py:641} INFO - Processing file /home/guilherme/Documents/weather_datapipeline/airflow_weather/venv/lib/python3.10/site-packages/airflow/example_dags/example_short_circuit_operator.py for tasks to queue
[2023-05-19 18:27:43,049] {logging_mixin.py:115} INFO - [2023-05-19 18:27:43,049] {dagbag.py:507} INFO - Filling up the DagBag from /home/guilherme/Documents/weather_datapipeline/airflow_weather/venv/lib/python3.10/site-packages/airflow/example_dags/example_short_circuit_operator.py
[2023-05-19 18:27:43,053] {processor.py:651} INFO - DAG(s) dict_keys(['example_short_circuit_operator']) retrieved from /home/guilherme/Documents/weather_datapipeline/airflow_weather/venv/lib/python3.10/site-packages/airflow/example_dags/example_short_circuit_operator.py
[2023-05-19 18:27:43,063] {logging_mixin.py:115} INFO - [2023-05-19 18:27:43,063] {dag.py:2379} INFO - Sync 1 DAGs
[2023-05-19 18:27:43,071] {logging_mixin.py:115} INFO - [2023-05-19 18:27:43,070] {dag.py:2927} INFO - Setting next_dagrun for example_short_circuit_operator to 2023-05-18T21:27:43.070852+00:00, run_after=2023-05-19T21:27:43.070852+00:00
[2023-05-19 18:27:43,077] {processor.py:161} INFO - Processing /home/guilherme/Documents/weather_datapipeline/airflow_weather/venv/lib/python3.10/site-packages/airflow/example_dags/example_short_circuit_operator.py took 0.030 seconds
[2023-05-19 18:28:14,953] {processor.py:153} INFO - Started process (PID=20757) to work on /home/guilherme/Documents/weather_datapipeline/airflow_weather/venv/lib/python3.10/site-packages/airflow/example_dags/example_short_circuit_operator.py
[2023-05-19 18:28:14,954] {processor.py:641} INFO - Processing file /home/guilherme/Documents/weather_datapipeline/airflow_weather/venv/lib/python3.10/site-packages/airflow/example_dags/example_short_circuit_operator.py for tasks to queue
[2023-05-19 18:28:14,954] {logging_mixin.py:115} INFO - [2023-05-19 18:28:14,954] {dagbag.py:507} INFO - Filling up the DagBag from /home/guilherme/Documents/weather_datapipeline/airflow_weather/venv/lib/python3.10/site-packages/airflow/example_dags/example_short_circuit_operator.py
[2023-05-19 18:28:14,959] {processor.py:651} INFO - DAG(s) dict_keys(['example_short_circuit_operator']) retrieved from /home/guilherme/Documents/weather_datapipeline/airflow_weather/venv/lib/python3.10/site-packages/airflow/example_dags/example_short_circuit_operator.py
[2023-05-19 18:28:14,969] {logging_mixin.py:115} INFO - [2023-05-19 18:28:14,968] {dag.py:2379} INFO - Sync 1 DAGs
[2023-05-19 18:28:14,977] {logging_mixin.py:115} INFO - [2023-05-19 18:28:14,976] {dag.py:2927} INFO - Setting next_dagrun for example_short_circuit_operator to 2023-05-18T21:28:14.976779+00:00, run_after=2023-05-19T21:28:14.976779+00:00
[2023-05-19 18:28:14,982] {processor.py:161} INFO - Processing /home/guilherme/Documents/weather_datapipeline/airflow_weather/venv/lib/python3.10/site-packages/airflow/example_dags/example_short_circuit_operator.py took 0.030 seconds
