[2023-05-19 17:59:24,045] {processor.py:153} INFO - Started process (PID=11050) to work on /home/guilherme/Documents/weather_datapipeline/airflow_weather/venv/lib/python3.10/site-packages/airflow/example_dags/example_trigger_controller_dag.py
[2023-05-19 17:59:24,045] {processor.py:641} INFO - Processing file /home/guilherme/Documents/weather_datapipeline/airflow_weather/venv/lib/python3.10/site-packages/airflow/example_dags/example_trigger_controller_dag.py for tasks to queue
[2023-05-19 17:59:24,045] {logging_mixin.py:115} INFO - [2023-05-19 17:59:24,045] {dagbag.py:507} INFO - Filling up the DagBag from /home/guilherme/Documents/weather_datapipeline/airflow_weather/venv/lib/python3.10/site-packages/airflow/example_dags/example_trigger_controller_dag.py
[2023-05-19 17:59:24,047] {processor.py:651} INFO - DAG(s) dict_keys(['example_trigger_controller_dag']) retrieved from /home/guilherme/Documents/weather_datapipeline/airflow_weather/venv/lib/python3.10/site-packages/airflow/example_dags/example_trigger_controller_dag.py
[2023-05-19 17:59:24,084] {logging_mixin.py:115} INFO - [2023-05-19 17:59:24,083] {manager.py:508} INFO - Created Permission View: can edit on DAG:example_trigger_controller_dag
[2023-05-19 17:59:24,088] {logging_mixin.py:115} INFO - [2023-05-19 17:59:24,088] {manager.py:508} INFO - Created Permission View: can delete on DAG:example_trigger_controller_dag
[2023-05-19 17:59:24,092] {logging_mixin.py:115} INFO - [2023-05-19 17:59:24,092] {manager.py:508} INFO - Created Permission View: can read on DAG:example_trigger_controller_dag
[2023-05-19 17:59:24,092] {logging_mixin.py:115} INFO - [2023-05-19 17:59:24,092] {dag.py:2379} INFO - Sync 1 DAGs
[2023-05-19 17:59:24,096] {logging_mixin.py:115} INFO - [2023-05-19 17:59:24,096] {dag.py:2398} INFO - Creating ORM DAG for example_trigger_controller_dag
[2023-05-19 17:59:24,101] {logging_mixin.py:115} INFO - [2023-05-19 17:59:24,101] {dag.py:2927} INFO - Setting next_dagrun for example_trigger_controller_dag to 2021-01-01T00:00:00+00:00, run_after=2021-01-01T00:00:00+00:00
[2023-05-19 17:59:24,107] {processor.py:161} INFO - Processing /home/guilherme/Documents/weather_datapipeline/airflow_weather/venv/lib/python3.10/site-packages/airflow/example_dags/example_trigger_controller_dag.py took 0.064 seconds
[2023-05-19 17:59:54,672] {processor.py:153} INFO - Started process (PID=11092) to work on /home/guilherme/Documents/weather_datapipeline/airflow_weather/venv/lib/python3.10/site-packages/airflow/example_dags/example_trigger_controller_dag.py
[2023-05-19 17:59:54,673] {processor.py:641} INFO - Processing file /home/guilherme/Documents/weather_datapipeline/airflow_weather/venv/lib/python3.10/site-packages/airflow/example_dags/example_trigger_controller_dag.py for tasks to queue
[2023-05-19 17:59:54,673] {logging_mixin.py:115} INFO - [2023-05-19 17:59:54,673] {dagbag.py:507} INFO - Filling up the DagBag from /home/guilherme/Documents/weather_datapipeline/airflow_weather/venv/lib/python3.10/site-packages/airflow/example_dags/example_trigger_controller_dag.py
[2023-05-19 17:59:54,675] {processor.py:651} INFO - DAG(s) dict_keys(['example_trigger_controller_dag']) retrieved from /home/guilherme/Documents/weather_datapipeline/airflow_weather/venv/lib/python3.10/site-packages/airflow/example_dags/example_trigger_controller_dag.py
[2023-05-19 17:59:54,683] {logging_mixin.py:115} INFO - [2023-05-19 17:59:54,683] {dag.py:2379} INFO - Sync 1 DAGs
[2023-05-19 17:59:54,692] {logging_mixin.py:115} INFO - [2023-05-19 17:59:54,692] {dag.py:2927} INFO - Setting next_dagrun for example_trigger_controller_dag to 2021-01-01T00:00:00+00:00, run_after=2021-01-01T00:00:00+00:00
[2023-05-19 17:59:54,699] {processor.py:161} INFO - Processing /home/guilherme/Documents/weather_datapipeline/airflow_weather/venv/lib/python3.10/site-packages/airflow/example_dags/example_trigger_controller_dag.py took 0.028 seconds
[2023-05-19 18:00:27,718] {processor.py:153} INFO - Started process (PID=11185) to work on /home/guilherme/Documents/weather_datapipeline/airflow_weather/venv/lib/python3.10/site-packages/airflow/example_dags/example_trigger_controller_dag.py
[2023-05-19 18:00:27,718] {processor.py:641} INFO - Processing file /home/guilherme/Documents/weather_datapipeline/airflow_weather/venv/lib/python3.10/site-packages/airflow/example_dags/example_trigger_controller_dag.py for tasks to queue
[2023-05-19 18:00:27,719] {logging_mixin.py:115} INFO - [2023-05-19 18:00:27,718] {dagbag.py:507} INFO - Filling up the DagBag from /home/guilherme/Documents/weather_datapipeline/airflow_weather/venv/lib/python3.10/site-packages/airflow/example_dags/example_trigger_controller_dag.py
[2023-05-19 18:00:27,720] {processor.py:651} INFO - DAG(s) dict_keys(['example_trigger_controller_dag']) retrieved from /home/guilherme/Documents/weather_datapipeline/airflow_weather/venv/lib/python3.10/site-packages/airflow/example_dags/example_trigger_controller_dag.py
[2023-05-19 18:00:27,731] {logging_mixin.py:115} INFO - [2023-05-19 18:00:27,731] {dag.py:2379} INFO - Sync 1 DAGs
[2023-05-19 18:00:27,745] {logging_mixin.py:115} INFO - [2023-05-19 18:00:27,744] {dag.py:2927} INFO - Setting next_dagrun for example_trigger_controller_dag to 2021-01-01T00:00:00+00:00, run_after=2021-01-01T00:00:00+00:00
[2023-05-19 18:00:27,751] {processor.py:161} INFO - Processing /home/guilherme/Documents/weather_datapipeline/airflow_weather/venv/lib/python3.10/site-packages/airflow/example_dags/example_trigger_controller_dag.py took 0.035 seconds
[2023-05-19 18:00:58,463] {processor.py:153} INFO - Started process (PID=11266) to work on /home/guilherme/Documents/weather_datapipeline/airflow_weather/venv/lib/python3.10/site-packages/airflow/example_dags/example_trigger_controller_dag.py
[2023-05-19 18:00:58,463] {processor.py:641} INFO - Processing file /home/guilherme/Documents/weather_datapipeline/airflow_weather/venv/lib/python3.10/site-packages/airflow/example_dags/example_trigger_controller_dag.py for tasks to queue
[2023-05-19 18:00:58,464] {logging_mixin.py:115} INFO - [2023-05-19 18:00:58,464] {dagbag.py:507} INFO - Filling up the DagBag from /home/guilherme/Documents/weather_datapipeline/airflow_weather/venv/lib/python3.10/site-packages/airflow/example_dags/example_trigger_controller_dag.py
[2023-05-19 18:00:58,465] {processor.py:651} INFO - DAG(s) dict_keys(['example_trigger_controller_dag']) retrieved from /home/guilherme/Documents/weather_datapipeline/airflow_weather/venv/lib/python3.10/site-packages/airflow/example_dags/example_trigger_controller_dag.py
[2023-05-19 18:00:58,474] {logging_mixin.py:115} INFO - [2023-05-19 18:00:58,474] {dag.py:2379} INFO - Sync 1 DAGs
[2023-05-19 18:00:58,483] {logging_mixin.py:115} INFO - [2023-05-19 18:00:58,483] {dag.py:2927} INFO - Setting next_dagrun for example_trigger_controller_dag to 2021-01-01T00:00:00+00:00, run_after=2021-01-01T00:00:00+00:00
[2023-05-19 18:00:58,490] {processor.py:161} INFO - Processing /home/guilherme/Documents/weather_datapipeline/airflow_weather/venv/lib/python3.10/site-packages/airflow/example_dags/example_trigger_controller_dag.py took 0.028 seconds
[2023-05-19 18:01:29,241] {processor.py:153} INFO - Started process (PID=11312) to work on /home/guilherme/Documents/weather_datapipeline/airflow_weather/venv/lib/python3.10/site-packages/airflow/example_dags/example_trigger_controller_dag.py
[2023-05-19 18:01:29,241] {processor.py:641} INFO - Processing file /home/guilherme/Documents/weather_datapipeline/airflow_weather/venv/lib/python3.10/site-packages/airflow/example_dags/example_trigger_controller_dag.py for tasks to queue
[2023-05-19 18:01:29,242] {logging_mixin.py:115} INFO - [2023-05-19 18:01:29,241] {dagbag.py:507} INFO - Filling up the DagBag from /home/guilherme/Documents/weather_datapipeline/airflow_weather/venv/lib/python3.10/site-packages/airflow/example_dags/example_trigger_controller_dag.py
[2023-05-19 18:01:29,244] {processor.py:651} INFO - DAG(s) dict_keys(['example_trigger_controller_dag']) retrieved from /home/guilherme/Documents/weather_datapipeline/airflow_weather/venv/lib/python3.10/site-packages/airflow/example_dags/example_trigger_controller_dag.py
[2023-05-19 18:01:29,252] {logging_mixin.py:115} INFO - [2023-05-19 18:01:29,252] {dag.py:2379} INFO - Sync 1 DAGs
[2023-05-19 18:01:29,262] {logging_mixin.py:115} INFO - [2023-05-19 18:01:29,262] {dag.py:2927} INFO - Setting next_dagrun for example_trigger_controller_dag to 2021-01-01T00:00:00+00:00, run_after=2021-01-01T00:00:00+00:00
[2023-05-19 18:01:29,270] {processor.py:161} INFO - Processing /home/guilherme/Documents/weather_datapipeline/airflow_weather/venv/lib/python3.10/site-packages/airflow/example_dags/example_trigger_controller_dag.py took 0.031 seconds
[2023-05-19 18:02:00,028] {processor.py:153} INFO - Started process (PID=11617) to work on /home/guilherme/Documents/weather_datapipeline/airflow_weather/venv/lib/python3.10/site-packages/airflow/example_dags/example_trigger_controller_dag.py
[2023-05-19 18:02:00,028] {processor.py:641} INFO - Processing file /home/guilherme/Documents/weather_datapipeline/airflow_weather/venv/lib/python3.10/site-packages/airflow/example_dags/example_trigger_controller_dag.py for tasks to queue
[2023-05-19 18:02:00,029] {logging_mixin.py:115} INFO - [2023-05-19 18:02:00,029] {dagbag.py:507} INFO - Filling up the DagBag from /home/guilherme/Documents/weather_datapipeline/airflow_weather/venv/lib/python3.10/site-packages/airflow/example_dags/example_trigger_controller_dag.py
[2023-05-19 18:02:00,031] {processor.py:651} INFO - DAG(s) dict_keys(['example_trigger_controller_dag']) retrieved from /home/guilherme/Documents/weather_datapipeline/airflow_weather/venv/lib/python3.10/site-packages/airflow/example_dags/example_trigger_controller_dag.py
[2023-05-19 18:02:00,040] {logging_mixin.py:115} INFO - [2023-05-19 18:02:00,040] {dag.py:2379} INFO - Sync 1 DAGs
[2023-05-19 18:02:00,051] {logging_mixin.py:115} INFO - [2023-05-19 18:02:00,051] {dag.py:2927} INFO - Setting next_dagrun for example_trigger_controller_dag to 2021-01-01T00:00:00+00:00, run_after=2021-01-01T00:00:00+00:00
[2023-05-19 18:02:00,057] {processor.py:161} INFO - Processing /home/guilherme/Documents/weather_datapipeline/airflow_weather/venv/lib/python3.10/site-packages/airflow/example_dags/example_trigger_controller_dag.py took 0.031 seconds
