[2023-05-19 17:59:46,668] {processor.py:153} INFO - Started process (PID=11083) to work on /home/guilherme/Documents/weather_datapipeline/airflow_weather/venv/lib/python3.10/site-packages/airflow/example_dags/example_external_task_marker_dag.py
[2023-05-19 17:59:46,668] {processor.py:641} INFO - Processing file /home/guilherme/Documents/weather_datapipeline/airflow_weather/venv/lib/python3.10/site-packages/airflow/example_dags/example_external_task_marker_dag.py for tasks to queue
[2023-05-19 17:59:46,668] {logging_mixin.py:115} INFO - [2023-05-19 17:59:46,668] {dagbag.py:507} INFO - Filling up the DagBag from /home/guilherme/Documents/weather_datapipeline/airflow_weather/venv/lib/python3.10/site-packages/airflow/example_dags/example_external_task_marker_dag.py
[2023-05-19 17:59:46,670] {processor.py:651} INFO - DAG(s) dict_keys(['example_external_task_marker_parent', 'example_external_task_marker_child']) retrieved from /home/guilherme/Documents/weather_datapipeline/airflow_weather/venv/lib/python3.10/site-packages/airflow/example_dags/example_external_task_marker_dag.py
[2023-05-19 17:59:46,700] {logging_mixin.py:115} INFO - [2023-05-19 17:59:46,700] {manager.py:508} INFO - Created Permission View: can edit on DAG:example_external_task_marker_parent
[2023-05-19 17:59:46,705] {logging_mixin.py:115} INFO - [2023-05-19 17:59:46,705] {manager.py:508} INFO - Created Permission View: can delete on DAG:example_external_task_marker_parent
[2023-05-19 17:59:46,708] {logging_mixin.py:115} INFO - [2023-05-19 17:59:46,708] {manager.py:508} INFO - Created Permission View: can read on DAG:example_external_task_marker_parent
[2023-05-19 17:59:46,719] {logging_mixin.py:115} INFO - [2023-05-19 17:59:46,719] {manager.py:508} INFO - Created Permission View: can edit on DAG:example_external_task_marker_child
[2023-05-19 17:59:46,722] {logging_mixin.py:115} INFO - [2023-05-19 17:59:46,722] {manager.py:508} INFO - Created Permission View: can delete on DAG:example_external_task_marker_child
[2023-05-19 17:59:46,725] {logging_mixin.py:115} INFO - [2023-05-19 17:59:46,725] {manager.py:508} INFO - Created Permission View: can read on DAG:example_external_task_marker_child
[2023-05-19 17:59:46,725] {logging_mixin.py:115} INFO - [2023-05-19 17:59:46,725] {dag.py:2379} INFO - Sync 2 DAGs
[2023-05-19 17:59:46,729] {logging_mixin.py:115} INFO - [2023-05-19 17:59:46,729] {dag.py:2398} INFO - Creating ORM DAG for example_external_task_marker_parent
[2023-05-19 17:59:46,730] {logging_mixin.py:115} INFO - [2023-05-19 17:59:46,730] {dag.py:2398} INFO - Creating ORM DAG for example_external_task_marker_child
[2023-05-19 17:59:46,734] {logging_mixin.py:115} INFO - [2023-05-19 17:59:46,734] {dag.py:2927} INFO - Setting next_dagrun for example_external_task_marker_child to None, run_after=None
[2023-05-19 17:59:46,734] {logging_mixin.py:115} INFO - [2023-05-19 17:59:46,734] {dag.py:2927} INFO - Setting next_dagrun for example_external_task_marker_parent to None, run_after=None
[2023-05-19 17:59:46,741] {processor.py:161} INFO - Processing /home/guilherme/Documents/weather_datapipeline/airflow_weather/venv/lib/python3.10/site-packages/airflow/example_dags/example_external_task_marker_dag.py took 0.075 seconds
[2023-05-19 18:00:20,328] {processor.py:153} INFO - Started process (PID=11164) to work on /home/guilherme/Documents/weather_datapipeline/airflow_weather/venv/lib/python3.10/site-packages/airflow/example_dags/example_external_task_marker_dag.py
[2023-05-19 18:00:20,328] {processor.py:641} INFO - Processing file /home/guilherme/Documents/weather_datapipeline/airflow_weather/venv/lib/python3.10/site-packages/airflow/example_dags/example_external_task_marker_dag.py for tasks to queue
[2023-05-19 18:00:20,329] {logging_mixin.py:115} INFO - [2023-05-19 18:00:20,329] {dagbag.py:507} INFO - Filling up the DagBag from /home/guilherme/Documents/weather_datapipeline/airflow_weather/venv/lib/python3.10/site-packages/airflow/example_dags/example_external_task_marker_dag.py
[2023-05-19 18:00:20,331] {processor.py:651} INFO - DAG(s) dict_keys(['example_external_task_marker_parent', 'example_external_task_marker_child']) retrieved from /home/guilherme/Documents/weather_datapipeline/airflow_weather/venv/lib/python3.10/site-packages/airflow/example_dags/example_external_task_marker_dag.py
[2023-05-19 18:00:20,344] {logging_mixin.py:115} INFO - [2023-05-19 18:00:20,344] {dag.py:2379} INFO - Sync 2 DAGs
[2023-05-19 18:00:20,354] {logging_mixin.py:115} INFO - [2023-05-19 18:00:20,354] {dag.py:2927} INFO - Setting next_dagrun for example_external_task_marker_child to None, run_after=None
[2023-05-19 18:00:20,355] {logging_mixin.py:115} INFO - [2023-05-19 18:00:20,355] {dag.py:2927} INFO - Setting next_dagrun for example_external_task_marker_parent to None, run_after=None
[2023-05-19 18:00:20,362] {processor.py:161} INFO - Processing /home/guilherme/Documents/weather_datapipeline/airflow_weather/venv/lib/python3.10/site-packages/airflow/example_dags/example_external_task_marker_dag.py took 0.035 seconds
[2023-05-19 18:00:53,336] {processor.py:153} INFO - Started process (PID=11259) to work on /home/guilherme/Documents/weather_datapipeline/airflow_weather/venv/lib/python3.10/site-packages/airflow/example_dags/example_external_task_marker_dag.py
[2023-05-19 18:00:53,336] {processor.py:641} INFO - Processing file /home/guilherme/Documents/weather_datapipeline/airflow_weather/venv/lib/python3.10/site-packages/airflow/example_dags/example_external_task_marker_dag.py for tasks to queue
[2023-05-19 18:00:53,337] {logging_mixin.py:115} INFO - [2023-05-19 18:00:53,337] {dagbag.py:507} INFO - Filling up the DagBag from /home/guilherme/Documents/weather_datapipeline/airflow_weather/venv/lib/python3.10/site-packages/airflow/example_dags/example_external_task_marker_dag.py
[2023-05-19 18:00:53,339] {processor.py:651} INFO - DAG(s) dict_keys(['example_external_task_marker_parent', 'example_external_task_marker_child']) retrieved from /home/guilherme/Documents/weather_datapipeline/airflow_weather/venv/lib/python3.10/site-packages/airflow/example_dags/example_external_task_marker_dag.py
[2023-05-19 18:00:53,353] {logging_mixin.py:115} INFO - [2023-05-19 18:00:53,353] {dag.py:2379} INFO - Sync 2 DAGs
[2023-05-19 18:00:53,370] {logging_mixin.py:115} INFO - [2023-05-19 18:00:53,370] {dag.py:2927} INFO - Setting next_dagrun for example_external_task_marker_child to None, run_after=None
[2023-05-19 18:00:53,370] {logging_mixin.py:115} INFO - [2023-05-19 18:00:53,370] {dag.py:2927} INFO - Setting next_dagrun for example_external_task_marker_parent to None, run_after=None
[2023-05-19 18:00:53,378] {processor.py:161} INFO - Processing /home/guilherme/Documents/weather_datapipeline/airflow_weather/venv/lib/python3.10/site-packages/airflow/example_dags/example_external_task_marker_dag.py took 0.043 seconds
[2023-05-19 18:01:24,717] {processor.py:153} INFO - Started process (PID=11296) to work on /home/guilherme/Documents/weather_datapipeline/airflow_weather/venv/lib/python3.10/site-packages/airflow/example_dags/example_external_task_marker_dag.py
[2023-05-19 18:01:24,717] {processor.py:641} INFO - Processing file /home/guilherme/Documents/weather_datapipeline/airflow_weather/venv/lib/python3.10/site-packages/airflow/example_dags/example_external_task_marker_dag.py for tasks to queue
[2023-05-19 18:01:24,717] {logging_mixin.py:115} INFO - [2023-05-19 18:01:24,717] {dagbag.py:507} INFO - Filling up the DagBag from /home/guilherme/Documents/weather_datapipeline/airflow_weather/venv/lib/python3.10/site-packages/airflow/example_dags/example_external_task_marker_dag.py
[2023-05-19 18:01:24,720] {processor.py:651} INFO - DAG(s) dict_keys(['example_external_task_marker_parent', 'example_external_task_marker_child']) retrieved from /home/guilherme/Documents/weather_datapipeline/airflow_weather/venv/lib/python3.10/site-packages/airflow/example_dags/example_external_task_marker_dag.py
[2023-05-19 18:01:24,731] {logging_mixin.py:115} INFO - [2023-05-19 18:01:24,731] {dag.py:2379} INFO - Sync 2 DAGs
[2023-05-19 18:01:24,741] {logging_mixin.py:115} INFO - [2023-05-19 18:01:24,741] {dag.py:2927} INFO - Setting next_dagrun for example_external_task_marker_child to None, run_after=None
[2023-05-19 18:01:24,741] {logging_mixin.py:115} INFO - [2023-05-19 18:01:24,741] {dag.py:2927} INFO - Setting next_dagrun for example_external_task_marker_parent to None, run_after=None
[2023-05-19 18:01:24,749] {processor.py:161} INFO - Processing /home/guilherme/Documents/weather_datapipeline/airflow_weather/venv/lib/python3.10/site-packages/airflow/example_dags/example_external_task_marker_dag.py took 0.033 seconds
[2023-05-19 18:01:57,773] {processor.py:153} INFO - Started process (PID=11540) to work on /home/guilherme/Documents/weather_datapipeline/airflow_weather/venv/lib/python3.10/site-packages/airflow/example_dags/example_external_task_marker_dag.py
[2023-05-19 18:01:57,774] {processor.py:641} INFO - Processing file /home/guilherme/Documents/weather_datapipeline/airflow_weather/venv/lib/python3.10/site-packages/airflow/example_dags/example_external_task_marker_dag.py for tasks to queue
[2023-05-19 18:01:57,774] {logging_mixin.py:115} INFO - [2023-05-19 18:01:57,774] {dagbag.py:507} INFO - Filling up the DagBag from /home/guilherme/Documents/weather_datapipeline/airflow_weather/venv/lib/python3.10/site-packages/airflow/example_dags/example_external_task_marker_dag.py
[2023-05-19 18:01:57,776] {processor.py:651} INFO - DAG(s) dict_keys(['example_external_task_marker_parent', 'example_external_task_marker_child']) retrieved from /home/guilherme/Documents/weather_datapipeline/airflow_weather/venv/lib/python3.10/site-packages/airflow/example_dags/example_external_task_marker_dag.py
[2023-05-19 18:01:57,788] {logging_mixin.py:115} INFO - [2023-05-19 18:01:57,788] {dag.py:2379} INFO - Sync 2 DAGs
[2023-05-19 18:01:57,798] {logging_mixin.py:115} INFO - [2023-05-19 18:01:57,798] {dag.py:2927} INFO - Setting next_dagrun for example_external_task_marker_child to None, run_after=None
[2023-05-19 18:01:57,798] {logging_mixin.py:115} INFO - [2023-05-19 18:01:57,798] {dag.py:2927} INFO - Setting next_dagrun for example_external_task_marker_parent to None, run_after=None
[2023-05-19 18:01:57,804] {processor.py:161} INFO - Processing /home/guilherme/Documents/weather_datapipeline/airflow_weather/venv/lib/python3.10/site-packages/airflow/example_dags/example_external_task_marker_dag.py took 0.032 seconds
