[2023-05-19 17:59:50,673] {processor.py:153} INFO - Started process (PID=11087) to work on /home/guilherme/Documents/weather_datapipeline/airflow_weather/venv/lib/python3.10/site-packages/airflow/example_dags/example_branch_python_dop_operator_3.py
[2023-05-19 17:59:50,674] {processor.py:641} INFO - Processing file /home/guilherme/Documents/weather_datapipeline/airflow_weather/venv/lib/python3.10/site-packages/airflow/example_dags/example_branch_python_dop_operator_3.py for tasks to queue
[2023-05-19 17:59:50,674] {logging_mixin.py:115} INFO - [2023-05-19 17:59:50,674] {dagbag.py:507} INFO - Filling up the DagBag from /home/guilherme/Documents/weather_datapipeline/airflow_weather/venv/lib/python3.10/site-packages/airflow/example_dags/example_branch_python_dop_operator_3.py
[2023-05-19 17:59:50,680] {processor.py:651} INFO - DAG(s) dict_keys(['example_branch_dop_operator_v3']) retrieved from /home/guilherme/Documents/weather_datapipeline/airflow_weather/venv/lib/python3.10/site-packages/airflow/example_dags/example_branch_python_dop_operator_3.py
[2023-05-19 17:59:50,712] {logging_mixin.py:115} INFO - [2023-05-19 17:59:50,712] {manager.py:508} INFO - Created Permission View: can edit on DAG:example_branch_dop_operator_v3
[2023-05-19 17:59:50,717] {logging_mixin.py:115} INFO - [2023-05-19 17:59:50,717] {manager.py:508} INFO - Created Permission View: can delete on DAG:example_branch_dop_operator_v3
[2023-05-19 17:59:50,721] {logging_mixin.py:115} INFO - [2023-05-19 17:59:50,721] {manager.py:508} INFO - Created Permission View: can read on DAG:example_branch_dop_operator_v3
[2023-05-19 17:59:50,721] {logging_mixin.py:115} INFO - [2023-05-19 17:59:50,721] {dag.py:2379} INFO - Sync 1 DAGs
[2023-05-19 17:59:50,724] {logging_mixin.py:115} INFO - [2023-05-19 17:59:50,724] {dag.py:2398} INFO - Creating ORM DAG for example_branch_dop_operator_v3
[2023-05-19 17:59:50,732] {logging_mixin.py:115} INFO - [2023-05-19 17:59:50,732] {dag.py:2927} INFO - Setting next_dagrun for example_branch_dop_operator_v3 to 2023-05-19T20:58:00+00:00, run_after=2023-05-19T20:59:00+00:00
[2023-05-19 17:59:50,741] {processor.py:161} INFO - Processing /home/guilherme/Documents/weather_datapipeline/airflow_weather/venv/lib/python3.10/site-packages/airflow/example_dags/example_branch_python_dop_operator_3.py took 0.070 seconds
[2023-05-19 18:00:24,306] {processor.py:153} INFO - Started process (PID=11169) to work on /home/guilherme/Documents/weather_datapipeline/airflow_weather/venv/lib/python3.10/site-packages/airflow/example_dags/example_branch_python_dop_operator_3.py
[2023-05-19 18:00:24,307] {processor.py:641} INFO - Processing file /home/guilherme/Documents/weather_datapipeline/airflow_weather/venv/lib/python3.10/site-packages/airflow/example_dags/example_branch_python_dop_operator_3.py for tasks to queue
[2023-05-19 18:00:24,307] {logging_mixin.py:115} INFO - [2023-05-19 18:00:24,307] {dagbag.py:507} INFO - Filling up the DagBag from /home/guilherme/Documents/weather_datapipeline/airflow_weather/venv/lib/python3.10/site-packages/airflow/example_dags/example_branch_python_dop_operator_3.py
[2023-05-19 18:00:24,313] {processor.py:651} INFO - DAG(s) dict_keys(['example_branch_dop_operator_v3']) retrieved from /home/guilherme/Documents/weather_datapipeline/airflow_weather/venv/lib/python3.10/site-packages/airflow/example_dags/example_branch_python_dop_operator_3.py
[2023-05-19 18:00:24,322] {logging_mixin.py:115} INFO - [2023-05-19 18:00:24,322] {dag.py:2379} INFO - Sync 1 DAGs
[2023-05-19 18:00:24,335] {logging_mixin.py:115} INFO - [2023-05-19 18:00:24,335] {dag.py:2927} INFO - Setting next_dagrun for example_branch_dop_operator_v3 to 2023-05-19T20:59:00+00:00, run_after=2023-05-19T21:00:00+00:00
[2023-05-19 18:00:24,342] {processor.py:161} INFO - Processing /home/guilherme/Documents/weather_datapipeline/airflow_weather/venv/lib/python3.10/site-packages/airflow/example_dags/example_branch_python_dop_operator_3.py took 0.037 seconds
[2023-05-19 18:00:56,208] {processor.py:153} INFO - Started process (PID=11263) to work on /home/guilherme/Documents/weather_datapipeline/airflow_weather/venv/lib/python3.10/site-packages/airflow/example_dags/example_branch_python_dop_operator_3.py
[2023-05-19 18:00:56,209] {processor.py:641} INFO - Processing file /home/guilherme/Documents/weather_datapipeline/airflow_weather/venv/lib/python3.10/site-packages/airflow/example_dags/example_branch_python_dop_operator_3.py for tasks to queue
[2023-05-19 18:00:56,209] {logging_mixin.py:115} INFO - [2023-05-19 18:00:56,209] {dagbag.py:507} INFO - Filling up the DagBag from /home/guilherme/Documents/weather_datapipeline/airflow_weather/venv/lib/python3.10/site-packages/airflow/example_dags/example_branch_python_dop_operator_3.py
[2023-05-19 18:00:56,215] {processor.py:651} INFO - DAG(s) dict_keys(['example_branch_dop_operator_v3']) retrieved from /home/guilherme/Documents/weather_datapipeline/airflow_weather/venv/lib/python3.10/site-packages/airflow/example_dags/example_branch_python_dop_operator_3.py
[2023-05-19 18:00:56,224] {logging_mixin.py:115} INFO - [2023-05-19 18:00:56,224] {dag.py:2379} INFO - Sync 1 DAGs
[2023-05-19 18:00:56,237] {logging_mixin.py:115} INFO - [2023-05-19 18:00:56,237] {dag.py:2927} INFO - Setting next_dagrun for example_branch_dop_operator_v3 to 2023-05-19T20:59:00+00:00, run_after=2023-05-19T21:00:00+00:00
[2023-05-19 18:00:56,244] {processor.py:161} INFO - Processing /home/guilherme/Documents/weather_datapipeline/airflow_weather/venv/lib/python3.10/site-packages/airflow/example_dags/example_branch_python_dop_operator_3.py took 0.037 seconds
[2023-05-19 18:01:28,116] {processor.py:153} INFO - Started process (PID=11305) to work on /home/guilherme/Documents/weather_datapipeline/airflow_weather/venv/lib/python3.10/site-packages/airflow/example_dags/example_branch_python_dop_operator_3.py
[2023-05-19 18:01:28,116] {processor.py:641} INFO - Processing file /home/guilherme/Documents/weather_datapipeline/airflow_weather/venv/lib/python3.10/site-packages/airflow/example_dags/example_branch_python_dop_operator_3.py for tasks to queue
[2023-05-19 18:01:28,117] {logging_mixin.py:115} INFO - [2023-05-19 18:01:28,116] {dagbag.py:507} INFO - Filling up the DagBag from /home/guilherme/Documents/weather_datapipeline/airflow_weather/venv/lib/python3.10/site-packages/airflow/example_dags/example_branch_python_dop_operator_3.py
[2023-05-19 18:01:28,122] {processor.py:651} INFO - DAG(s) dict_keys(['example_branch_dop_operator_v3']) retrieved from /home/guilherme/Documents/weather_datapipeline/airflow_weather/venv/lib/python3.10/site-packages/airflow/example_dags/example_branch_python_dop_operator_3.py
[2023-05-19 18:01:28,130] {logging_mixin.py:115} INFO - [2023-05-19 18:01:28,130] {dag.py:2379} INFO - Sync 1 DAGs
[2023-05-19 18:01:28,142] {logging_mixin.py:115} INFO - [2023-05-19 18:01:28,142] {dag.py:2927} INFO - Setting next_dagrun for example_branch_dop_operator_v3 to 2023-05-19T21:00:00+00:00, run_after=2023-05-19T21:01:00+00:00
[2023-05-19 18:01:28,149] {processor.py:161} INFO - Processing /home/guilherme/Documents/weather_datapipeline/airflow_weather/venv/lib/python3.10/site-packages/airflow/example_dags/example_branch_python_dop_operator_3.py took 0.034 seconds
[2023-05-19 18:02:02,903] {processor.py:153} INFO - Started process (PID=11626) to work on /home/guilherme/Documents/weather_datapipeline/airflow_weather/venv/lib/python3.10/site-packages/airflow/example_dags/example_branch_python_dop_operator_3.py
[2023-05-19 18:02:02,903] {processor.py:641} INFO - Processing file /home/guilherme/Documents/weather_datapipeline/airflow_weather/venv/lib/python3.10/site-packages/airflow/example_dags/example_branch_python_dop_operator_3.py for tasks to queue
[2023-05-19 18:02:02,904] {logging_mixin.py:115} INFO - [2023-05-19 18:02:02,904] {dagbag.py:507} INFO - Filling up the DagBag from /home/guilherme/Documents/weather_datapipeline/airflow_weather/venv/lib/python3.10/site-packages/airflow/example_dags/example_branch_python_dop_operator_3.py
[2023-05-19 18:02:02,909] {processor.py:651} INFO - DAG(s) dict_keys(['example_branch_dop_operator_v3']) retrieved from /home/guilherme/Documents/weather_datapipeline/airflow_weather/venv/lib/python3.10/site-packages/airflow/example_dags/example_branch_python_dop_operator_3.py
[2023-05-19 18:02:02,917] {logging_mixin.py:115} INFO - [2023-05-19 18:02:02,917] {dag.py:2379} INFO - Sync 1 DAGs
[2023-05-19 18:02:02,929] {logging_mixin.py:115} INFO - [2023-05-19 18:02:02,929] {dag.py:2927} INFO - Setting next_dagrun for example_branch_dop_operator_v3 to 2023-05-19T21:01:00+00:00, run_after=2023-05-19T21:02:00+00:00
[2023-05-19 18:02:02,935] {processor.py:161} INFO - Processing /home/guilherme/Documents/weather_datapipeline/airflow_weather/venv/lib/python3.10/site-packages/airflow/example_dags/example_branch_python_dop_operator_3.py took 0.033 seconds
