[2023-05-19 17:59:44,148] {processor.py:153} INFO - Started process (PID=11080) to work on /home/guilherme/Documents/weather_datapipeline/airflow_weather/venv/lib/python3.10/site-packages/airflow/example_dags/example_kubernetes_executor.py
[2023-05-19 17:59:44,149] {processor.py:641} INFO - Processing file /home/guilherme/Documents/weather_datapipeline/airflow_weather/venv/lib/python3.10/site-packages/airflow/example_dags/example_kubernetes_executor.py for tasks to queue
[2023-05-19 17:59:44,149] {logging_mixin.py:115} INFO - [2023-05-19 17:59:44,149] {dagbag.py:507} INFO - Filling up the DagBag from /home/guilherme/Documents/weather_datapipeline/airflow_weather/venv/lib/python3.10/site-packages/airflow/example_dags/example_kubernetes_executor.py
[2023-05-19 17:59:44,157] {logging_mixin.py:115} INFO - [2023-05-19 17:59:44,157] {example_kubernetes_executor.py:39} WARNING - The example_kubernetes_executor example DAG requires the kubernetes provider. Please install it with: pip install apache-airflow[cncf.kubernetes]
[2023-05-19 17:59:44,157] {processor.py:653} WARNING - No viable dags retrieved from /home/guilherme/Documents/weather_datapipeline/airflow_weather/venv/lib/python3.10/site-packages/airflow/example_dags/example_kubernetes_executor.py
[2023-05-19 17:59:44,162] {processor.py:161} INFO - Processing /home/guilherme/Documents/weather_datapipeline/airflow_weather/venv/lib/python3.10/site-packages/airflow/example_dags/example_kubernetes_executor.py took 0.016 seconds
[2023-05-19 18:00:17,455] {processor.py:153} INFO - Started process (PID=11161) to work on /home/guilherme/Documents/weather_datapipeline/airflow_weather/venv/lib/python3.10/site-packages/airflow/example_dags/example_kubernetes_executor.py
[2023-05-19 18:00:17,455] {processor.py:641} INFO - Processing file /home/guilherme/Documents/weather_datapipeline/airflow_weather/venv/lib/python3.10/site-packages/airflow/example_dags/example_kubernetes_executor.py for tasks to queue
[2023-05-19 18:00:17,456] {logging_mixin.py:115} INFO - [2023-05-19 18:00:17,456] {dagbag.py:507} INFO - Filling up the DagBag from /home/guilherme/Documents/weather_datapipeline/airflow_weather/venv/lib/python3.10/site-packages/airflow/example_dags/example_kubernetes_executor.py
[2023-05-19 18:00:17,464] {logging_mixin.py:115} INFO - [2023-05-19 18:00:17,464] {example_kubernetes_executor.py:39} WARNING - The example_kubernetes_executor example DAG requires the kubernetes provider. Please install it with: pip install apache-airflow[cncf.kubernetes]
[2023-05-19 18:00:17,464] {processor.py:653} WARNING - No viable dags retrieved from /home/guilherme/Documents/weather_datapipeline/airflow_weather/venv/lib/python3.10/site-packages/airflow/example_dags/example_kubernetes_executor.py
[2023-05-19 18:00:17,469] {processor.py:161} INFO - Processing /home/guilherme/Documents/weather_datapipeline/airflow_weather/venv/lib/python3.10/site-packages/airflow/example_dags/example_kubernetes_executor.py took 0.016 seconds
[2023-05-19 18:00:50,455] {processor.py:153} INFO - Started process (PID=11256) to work on /home/guilherme/Documents/weather_datapipeline/airflow_weather/venv/lib/python3.10/site-packages/airflow/example_dags/example_kubernetes_executor.py
[2023-05-19 18:00:50,456] {processor.py:641} INFO - Processing file /home/guilherme/Documents/weather_datapipeline/airflow_weather/venv/lib/python3.10/site-packages/airflow/example_dags/example_kubernetes_executor.py for tasks to queue
[2023-05-19 18:00:50,456] {logging_mixin.py:115} INFO - [2023-05-19 18:00:50,456] {dagbag.py:507} INFO - Filling up the DagBag from /home/guilherme/Documents/weather_datapipeline/airflow_weather/venv/lib/python3.10/site-packages/airflow/example_dags/example_kubernetes_executor.py
[2023-05-19 18:00:50,465] {logging_mixin.py:115} INFO - [2023-05-19 18:00:50,465] {example_kubernetes_executor.py:39} WARNING - The example_kubernetes_executor example DAG requires the kubernetes provider. Please install it with: pip install apache-airflow[cncf.kubernetes]
[2023-05-19 18:00:50,465] {processor.py:653} WARNING - No viable dags retrieved from /home/guilherme/Documents/weather_datapipeline/airflow_weather/venv/lib/python3.10/site-packages/airflow/example_dags/example_kubernetes_executor.py
[2023-05-19 18:00:50,474] {processor.py:161} INFO - Processing /home/guilherme/Documents/weather_datapipeline/airflow_weather/venv/lib/python3.10/site-packages/airflow/example_dags/example_kubernetes_executor.py took 0.020 seconds
[2023-05-19 18:01:21,858] {processor.py:153} INFO - Started process (PID=11293) to work on /home/guilherme/Documents/weather_datapipeline/airflow_weather/venv/lib/python3.10/site-packages/airflow/example_dags/example_kubernetes_executor.py
[2023-05-19 18:01:21,859] {processor.py:641} INFO - Processing file /home/guilherme/Documents/weather_datapipeline/airflow_weather/venv/lib/python3.10/site-packages/airflow/example_dags/example_kubernetes_executor.py for tasks to queue
[2023-05-19 18:01:21,859] {logging_mixin.py:115} INFO - [2023-05-19 18:01:21,859] {dagbag.py:507} INFO - Filling up the DagBag from /home/guilherme/Documents/weather_datapipeline/airflow_weather/venv/lib/python3.10/site-packages/airflow/example_dags/example_kubernetes_executor.py
[2023-05-19 18:01:21,866] {logging_mixin.py:115} INFO - [2023-05-19 18:01:21,866] {example_kubernetes_executor.py:39} WARNING - The example_kubernetes_executor example DAG requires the kubernetes provider. Please install it with: pip install apache-airflow[cncf.kubernetes]
[2023-05-19 18:01:21,867] {processor.py:653} WARNING - No viable dags retrieved from /home/guilherme/Documents/weather_datapipeline/airflow_weather/venv/lib/python3.10/site-packages/airflow/example_dags/example_kubernetes_executor.py
[2023-05-19 18:01:21,872] {processor.py:161} INFO - Processing /home/guilherme/Documents/weather_datapipeline/airflow_weather/venv/lib/python3.10/site-packages/airflow/example_dags/example_kubernetes_executor.py took 0.015 seconds
[2023-05-19 18:01:54,896] {processor.py:153} INFO - Started process (PID=11537) to work on /home/guilherme/Documents/weather_datapipeline/airflow_weather/venv/lib/python3.10/site-packages/airflow/example_dags/example_kubernetes_executor.py
[2023-05-19 18:01:54,897] {processor.py:641} INFO - Processing file /home/guilherme/Documents/weather_datapipeline/airflow_weather/venv/lib/python3.10/site-packages/airflow/example_dags/example_kubernetes_executor.py for tasks to queue
[2023-05-19 18:01:54,897] {logging_mixin.py:115} INFO - [2023-05-19 18:01:54,897] {dagbag.py:507} INFO - Filling up the DagBag from /home/guilherme/Documents/weather_datapipeline/airflow_weather/venv/lib/python3.10/site-packages/airflow/example_dags/example_kubernetes_executor.py
[2023-05-19 18:01:54,904] {logging_mixin.py:115} INFO - [2023-05-19 18:01:54,904] {example_kubernetes_executor.py:39} WARNING - The example_kubernetes_executor example DAG requires the kubernetes provider. Please install it with: pip install apache-airflow[cncf.kubernetes]
[2023-05-19 18:01:54,904] {processor.py:653} WARNING - No viable dags retrieved from /home/guilherme/Documents/weather_datapipeline/airflow_weather/venv/lib/python3.10/site-packages/airflow/example_dags/example_kubernetes_executor.py
[2023-05-19 18:01:54,909] {processor.py:161} INFO - Processing /home/guilherme/Documents/weather_datapipeline/airflow_weather/venv/lib/python3.10/site-packages/airflow/example_dags/example_kubernetes_executor.py took 0.015 seconds
[2023-05-19 18:02:28,464] {processor.py:153} INFO - Started process (PID=11884) to work on /home/guilherme/Documents/weather_datapipeline/airflow_weather/venv/lib/python3.10/site-packages/airflow/example_dags/example_kubernetes_executor.py
[2023-05-19 18:02:28,464] {processor.py:641} INFO - Processing file /home/guilherme/Documents/weather_datapipeline/airflow_weather/venv/lib/python3.10/site-packages/airflow/example_dags/example_kubernetes_executor.py for tasks to queue
[2023-05-19 18:02:28,465] {logging_mixin.py:115} INFO - [2023-05-19 18:02:28,465] {dagbag.py:507} INFO - Filling up the DagBag from /home/guilherme/Documents/weather_datapipeline/airflow_weather/venv/lib/python3.10/site-packages/airflow/example_dags/example_kubernetes_executor.py
[2023-05-19 18:02:28,473] {logging_mixin.py:115} INFO - [2023-05-19 18:02:28,473] {example_kubernetes_executor.py:39} WARNING - The example_kubernetes_executor example DAG requires the kubernetes provider. Please install it with: pip install apache-airflow[cncf.kubernetes]
[2023-05-19 18:02:28,473] {processor.py:653} WARNING - No viable dags retrieved from /home/guilherme/Documents/weather_datapipeline/airflow_weather/venv/lib/python3.10/site-packages/airflow/example_dags/example_kubernetes_executor.py
[2023-05-19 18:02:28,479] {processor.py:161} INFO - Processing /home/guilherme/Documents/weather_datapipeline/airflow_weather/venv/lib/python3.10/site-packages/airflow/example_dags/example_kubernetes_executor.py took 0.017 seconds
[2023-05-19 18:02:59,238] {processor.py:153} INFO - Started process (PID=12190) to work on /home/guilherme/Documents/weather_datapipeline/airflow_weather/venv/lib/python3.10/site-packages/airflow/example_dags/example_kubernetes_executor.py
[2023-05-19 18:02:59,239] {processor.py:641} INFO - Processing file /home/guilherme/Documents/weather_datapipeline/airflow_weather/venv/lib/python3.10/site-packages/airflow/example_dags/example_kubernetes_executor.py for tasks to queue
[2023-05-19 18:02:59,239] {logging_mixin.py:115} INFO - [2023-05-19 18:02:59,239] {dagbag.py:507} INFO - Filling up the DagBag from /home/guilherme/Documents/weather_datapipeline/airflow_weather/venv/lib/python3.10/site-packages/airflow/example_dags/example_kubernetes_executor.py
[2023-05-19 18:02:59,247] {logging_mixin.py:115} INFO - [2023-05-19 18:02:59,247] {example_kubernetes_executor.py:39} WARNING - The example_kubernetes_executor example DAG requires the kubernetes provider. Please install it with: pip install apache-airflow[cncf.kubernetes]
[2023-05-19 18:02:59,247] {processor.py:653} WARNING - No viable dags retrieved from /home/guilherme/Documents/weather_datapipeline/airflow_weather/venv/lib/python3.10/site-packages/airflow/example_dags/example_kubernetes_executor.py
[2023-05-19 18:02:59,253] {processor.py:161} INFO - Processing /home/guilherme/Documents/weather_datapipeline/airflow_weather/venv/lib/python3.10/site-packages/airflow/example_dags/example_kubernetes_executor.py took 0.016 seconds
[2023-05-19 18:03:34,522] {processor.py:153} INFO - Started process (PID=12309) to work on /home/guilherme/Documents/weather_datapipeline/airflow_weather/venv/lib/python3.10/site-packages/airflow/example_dags/example_kubernetes_executor.py
[2023-05-19 18:03:34,522] {processor.py:641} INFO - Processing file /home/guilherme/Documents/weather_datapipeline/airflow_weather/venv/lib/python3.10/site-packages/airflow/example_dags/example_kubernetes_executor.py for tasks to queue
[2023-05-19 18:03:34,523] {logging_mixin.py:115} INFO - [2023-05-19 18:03:34,523] {dagbag.py:507} INFO - Filling up the DagBag from /home/guilherme/Documents/weather_datapipeline/airflow_weather/venv/lib/python3.10/site-packages/airflow/example_dags/example_kubernetes_executor.py
[2023-05-19 18:03:34,531] {logging_mixin.py:115} INFO - [2023-05-19 18:03:34,531] {example_kubernetes_executor.py:39} WARNING - The example_kubernetes_executor example DAG requires the kubernetes provider. Please install it with: pip install apache-airflow[cncf.kubernetes]
[2023-05-19 18:03:34,531] {processor.py:653} WARNING - No viable dags retrieved from /home/guilherme/Documents/weather_datapipeline/airflow_weather/venv/lib/python3.10/site-packages/airflow/example_dags/example_kubernetes_executor.py
[2023-05-19 18:03:34,537] {processor.py:161} INFO - Processing /home/guilherme/Documents/weather_datapipeline/airflow_weather/venv/lib/python3.10/site-packages/airflow/example_dags/example_kubernetes_executor.py took 0.017 seconds
[2023-05-19 18:04:07,289] {processor.py:153} INFO - Started process (PID=12442) to work on /home/guilherme/Documents/weather_datapipeline/airflow_weather/venv/lib/python3.10/site-packages/airflow/example_dags/example_kubernetes_executor.py
[2023-05-19 18:04:07,290] {processor.py:641} INFO - Processing file /home/guilherme/Documents/weather_datapipeline/airflow_weather/venv/lib/python3.10/site-packages/airflow/example_dags/example_kubernetes_executor.py for tasks to queue
[2023-05-19 18:04:07,290] {logging_mixin.py:115} INFO - [2023-05-19 18:04:07,290] {dagbag.py:507} INFO - Filling up the DagBag from /home/guilherme/Documents/weather_datapipeline/airflow_weather/venv/lib/python3.10/site-packages/airflow/example_dags/example_kubernetes_executor.py
[2023-05-19 18:04:07,298] {logging_mixin.py:115} INFO - [2023-05-19 18:04:07,298] {example_kubernetes_executor.py:39} WARNING - The example_kubernetes_executor example DAG requires the kubernetes provider. Please install it with: pip install apache-airflow[cncf.kubernetes]
[2023-05-19 18:04:07,298] {processor.py:653} WARNING - No viable dags retrieved from /home/guilherme/Documents/weather_datapipeline/airflow_weather/venv/lib/python3.10/site-packages/airflow/example_dags/example_kubernetes_executor.py
[2023-05-19 18:04:07,303] {processor.py:161} INFO - Processing /home/guilherme/Documents/weather_datapipeline/airflow_weather/venv/lib/python3.10/site-packages/airflow/example_dags/example_kubernetes_executor.py took 0.015 seconds
[2023-05-19 18:04:39,830] {processor.py:153} INFO - Started process (PID=12588) to work on /home/guilherme/Documents/weather_datapipeline/airflow_weather/venv/lib/python3.10/site-packages/airflow/example_dags/example_kubernetes_executor.py
[2023-05-19 18:04:39,831] {processor.py:641} INFO - Processing file /home/guilherme/Documents/weather_datapipeline/airflow_weather/venv/lib/python3.10/site-packages/airflow/example_dags/example_kubernetes_executor.py for tasks to queue
[2023-05-19 18:04:39,831] {logging_mixin.py:115} INFO - [2023-05-19 18:04:39,831] {dagbag.py:507} INFO - Filling up the DagBag from /home/guilherme/Documents/weather_datapipeline/airflow_weather/venv/lib/python3.10/site-packages/airflow/example_dags/example_kubernetes_executor.py
[2023-05-19 18:04:39,840] {logging_mixin.py:115} INFO - [2023-05-19 18:04:39,840] {example_kubernetes_executor.py:39} WARNING - The example_kubernetes_executor example DAG requires the kubernetes provider. Please install it with: pip install apache-airflow[cncf.kubernetes]
[2023-05-19 18:04:39,840] {processor.py:653} WARNING - No viable dags retrieved from /home/guilherme/Documents/weather_datapipeline/airflow_weather/venv/lib/python3.10/site-packages/airflow/example_dags/example_kubernetes_executor.py
[2023-05-19 18:04:39,847] {processor.py:161} INFO - Processing /home/guilherme/Documents/weather_datapipeline/airflow_weather/venv/lib/python3.10/site-packages/airflow/example_dags/example_kubernetes_executor.py took 0.018 seconds
[2023-05-19 18:05:13,589] {processor.py:153} INFO - Started process (PID=12714) to work on /home/guilherme/Documents/weather_datapipeline/airflow_weather/venv/lib/python3.10/site-packages/airflow/example_dags/example_kubernetes_executor.py
[2023-05-19 18:05:13,589] {processor.py:641} INFO - Processing file /home/guilherme/Documents/weather_datapipeline/airflow_weather/venv/lib/python3.10/site-packages/airflow/example_dags/example_kubernetes_executor.py for tasks to queue
[2023-05-19 18:05:13,589] {logging_mixin.py:115} INFO - [2023-05-19 18:05:13,589] {dagbag.py:507} INFO - Filling up the DagBag from /home/guilherme/Documents/weather_datapipeline/airflow_weather/venv/lib/python3.10/site-packages/airflow/example_dags/example_kubernetes_executor.py
[2023-05-19 18:05:13,597] {logging_mixin.py:115} INFO - [2023-05-19 18:05:13,597] {example_kubernetes_executor.py:39} WARNING - The example_kubernetes_executor example DAG requires the kubernetes provider. Please install it with: pip install apache-airflow[cncf.kubernetes]
[2023-05-19 18:05:13,597] {processor.py:653} WARNING - No viable dags retrieved from /home/guilherme/Documents/weather_datapipeline/airflow_weather/venv/lib/python3.10/site-packages/airflow/example_dags/example_kubernetes_executor.py
[2023-05-19 18:05:13,604] {processor.py:161} INFO - Processing /home/guilherme/Documents/weather_datapipeline/airflow_weather/venv/lib/python3.10/site-packages/airflow/example_dags/example_kubernetes_executor.py took 0.017 seconds
[2023-05-19 18:05:44,365] {processor.py:153} INFO - Started process (PID=13038) to work on /home/guilherme/Documents/weather_datapipeline/airflow_weather/venv/lib/python3.10/site-packages/airflow/example_dags/example_kubernetes_executor.py
[2023-05-19 18:05:44,366] {processor.py:641} INFO - Processing file /home/guilherme/Documents/weather_datapipeline/airflow_weather/venv/lib/python3.10/site-packages/airflow/example_dags/example_kubernetes_executor.py for tasks to queue
[2023-05-19 18:05:44,366] {logging_mixin.py:115} INFO - [2023-05-19 18:05:44,366] {dagbag.py:507} INFO - Filling up the DagBag from /home/guilherme/Documents/weather_datapipeline/airflow_weather/venv/lib/python3.10/site-packages/airflow/example_dags/example_kubernetes_executor.py
[2023-05-19 18:05:44,376] {logging_mixin.py:115} INFO - [2023-05-19 18:05:44,376] {example_kubernetes_executor.py:39} WARNING - The example_kubernetes_executor example DAG requires the kubernetes provider. Please install it with: pip install apache-airflow[cncf.kubernetes]
[2023-05-19 18:05:44,377] {processor.py:653} WARNING - No viable dags retrieved from /home/guilherme/Documents/weather_datapipeline/airflow_weather/venv/lib/python3.10/site-packages/airflow/example_dags/example_kubernetes_executor.py
[2023-05-19 18:05:44,385] {processor.py:161} INFO - Processing /home/guilherme/Documents/weather_datapipeline/airflow_weather/venv/lib/python3.10/site-packages/airflow/example_dags/example_kubernetes_executor.py took 0.021 seconds
[2023-05-19 18:06:17,387] {processor.py:153} INFO - Started process (PID=13417) to work on /home/guilherme/Documents/weather_datapipeline/airflow_weather/venv/lib/python3.10/site-packages/airflow/example_dags/example_kubernetes_executor.py
[2023-05-19 18:06:17,387] {processor.py:641} INFO - Processing file /home/guilherme/Documents/weather_datapipeline/airflow_weather/venv/lib/python3.10/site-packages/airflow/example_dags/example_kubernetes_executor.py for tasks to queue
[2023-05-19 18:06:17,388] {logging_mixin.py:115} INFO - [2023-05-19 18:06:17,388] {dagbag.py:507} INFO - Filling up the DagBag from /home/guilherme/Documents/weather_datapipeline/airflow_weather/venv/lib/python3.10/site-packages/airflow/example_dags/example_kubernetes_executor.py
[2023-05-19 18:06:17,395] {logging_mixin.py:115} INFO - [2023-05-19 18:06:17,395] {example_kubernetes_executor.py:39} WARNING - The example_kubernetes_executor example DAG requires the kubernetes provider. Please install it with: pip install apache-airflow[cncf.kubernetes]
[2023-05-19 18:06:17,395] {processor.py:653} WARNING - No viable dags retrieved from /home/guilherme/Documents/weather_datapipeline/airflow_weather/venv/lib/python3.10/site-packages/airflow/example_dags/example_kubernetes_executor.py
[2023-05-19 18:06:17,402] {processor.py:161} INFO - Processing /home/guilherme/Documents/weather_datapipeline/airflow_weather/venv/lib/python3.10/site-packages/airflow/example_dags/example_kubernetes_executor.py took 0.017 seconds
[2023-05-19 18:06:51,053] {processor.py:153} INFO - Started process (PID=13928) to work on /home/guilherme/Documents/weather_datapipeline/airflow_weather/venv/lib/python3.10/site-packages/airflow/example_dags/example_kubernetes_executor.py
[2023-05-19 18:06:51,054] {processor.py:641} INFO - Processing file /home/guilherme/Documents/weather_datapipeline/airflow_weather/venv/lib/python3.10/site-packages/airflow/example_dags/example_kubernetes_executor.py for tasks to queue
[2023-05-19 18:06:51,054] {logging_mixin.py:115} INFO - [2023-05-19 18:06:51,054] {dagbag.py:507} INFO - Filling up the DagBag from /home/guilherme/Documents/weather_datapipeline/airflow_weather/venv/lib/python3.10/site-packages/airflow/example_dags/example_kubernetes_executor.py
[2023-05-19 18:06:51,062] {logging_mixin.py:115} INFO - [2023-05-19 18:06:51,062] {example_kubernetes_executor.py:39} WARNING - The example_kubernetes_executor example DAG requires the kubernetes provider. Please install it with: pip install apache-airflow[cncf.kubernetes]
[2023-05-19 18:06:51,062] {processor.py:653} WARNING - No viable dags retrieved from /home/guilherme/Documents/weather_datapipeline/airflow_weather/venv/lib/python3.10/site-packages/airflow/example_dags/example_kubernetes_executor.py
[2023-05-19 18:06:51,070] {processor.py:161} INFO - Processing /home/guilherme/Documents/weather_datapipeline/airflow_weather/venv/lib/python3.10/site-packages/airflow/example_dags/example_kubernetes_executor.py took 0.018 seconds
[2023-05-19 18:07:25,754] {processor.py:153} INFO - Started process (PID=14336) to work on /home/guilherme/Documents/weather_datapipeline/airflow_weather/venv/lib/python3.10/site-packages/airflow/example_dags/example_kubernetes_executor.py
[2023-05-19 18:07:25,754] {processor.py:641} INFO - Processing file /home/guilherme/Documents/weather_datapipeline/airflow_weather/venv/lib/python3.10/site-packages/airflow/example_dags/example_kubernetes_executor.py for tasks to queue
[2023-05-19 18:07:25,754] {logging_mixin.py:115} INFO - [2023-05-19 18:07:25,754] {dagbag.py:507} INFO - Filling up the DagBag from /home/guilherme/Documents/weather_datapipeline/airflow_weather/venv/lib/python3.10/site-packages/airflow/example_dags/example_kubernetes_executor.py
[2023-05-19 18:07:25,763] {logging_mixin.py:115} INFO - [2023-05-19 18:07:25,763] {example_kubernetes_executor.py:39} WARNING - The example_kubernetes_executor example DAG requires the kubernetes provider. Please install it with: pip install apache-airflow[cncf.kubernetes]
[2023-05-19 18:07:25,763] {processor.py:653} WARNING - No viable dags retrieved from /home/guilherme/Documents/weather_datapipeline/airflow_weather/venv/lib/python3.10/site-packages/airflow/example_dags/example_kubernetes_executor.py
[2023-05-19 18:07:25,771] {processor.py:161} INFO - Processing /home/guilherme/Documents/weather_datapipeline/airflow_weather/venv/lib/python3.10/site-packages/airflow/example_dags/example_kubernetes_executor.py took 0.018 seconds
[2023-05-19 18:07:56,535] {processor.py:153} INFO - Started process (PID=14535) to work on /home/guilherme/Documents/weather_datapipeline/airflow_weather/venv/lib/python3.10/site-packages/airflow/example_dags/example_kubernetes_executor.py
[2023-05-19 18:07:56,536] {processor.py:641} INFO - Processing file /home/guilherme/Documents/weather_datapipeline/airflow_weather/venv/lib/python3.10/site-packages/airflow/example_dags/example_kubernetes_executor.py for tasks to queue
[2023-05-19 18:07:56,536] {logging_mixin.py:115} INFO - [2023-05-19 18:07:56,536] {dagbag.py:507} INFO - Filling up the DagBag from /home/guilherme/Documents/weather_datapipeline/airflow_weather/venv/lib/python3.10/site-packages/airflow/example_dags/example_kubernetes_executor.py
[2023-05-19 18:07:56,544] {logging_mixin.py:115} INFO - [2023-05-19 18:07:56,544] {example_kubernetes_executor.py:39} WARNING - The example_kubernetes_executor example DAG requires the kubernetes provider. Please install it with: pip install apache-airflow[cncf.kubernetes]
[2023-05-19 18:07:56,544] {processor.py:653} WARNING - No viable dags retrieved from /home/guilherme/Documents/weather_datapipeline/airflow_weather/venv/lib/python3.10/site-packages/airflow/example_dags/example_kubernetes_executor.py
[2023-05-19 18:07:56,551] {processor.py:161} INFO - Processing /home/guilherme/Documents/weather_datapipeline/airflow_weather/venv/lib/python3.10/site-packages/airflow/example_dags/example_kubernetes_executor.py took 0.018 seconds
[2023-05-19 18:08:30,298] {processor.py:153} INFO - Started process (PID=14719) to work on /home/guilherme/Documents/weather_datapipeline/airflow_weather/venv/lib/python3.10/site-packages/airflow/example_dags/example_kubernetes_executor.py
[2023-05-19 18:08:30,299] {processor.py:641} INFO - Processing file /home/guilherme/Documents/weather_datapipeline/airflow_weather/venv/lib/python3.10/site-packages/airflow/example_dags/example_kubernetes_executor.py for tasks to queue
[2023-05-19 18:08:30,299] {logging_mixin.py:115} INFO - [2023-05-19 18:08:30,299] {dagbag.py:507} INFO - Filling up the DagBag from /home/guilherme/Documents/weather_datapipeline/airflow_weather/venv/lib/python3.10/site-packages/airflow/example_dags/example_kubernetes_executor.py
[2023-05-19 18:08:30,307] {logging_mixin.py:115} INFO - [2023-05-19 18:08:30,307] {example_kubernetes_executor.py:39} WARNING - The example_kubernetes_executor example DAG requires the kubernetes provider. Please install it with: pip install apache-airflow[cncf.kubernetes]
[2023-05-19 18:08:30,307] {processor.py:653} WARNING - No viable dags retrieved from /home/guilherme/Documents/weather_datapipeline/airflow_weather/venv/lib/python3.10/site-packages/airflow/example_dags/example_kubernetes_executor.py
[2023-05-19 18:08:30,314] {processor.py:161} INFO - Processing /home/guilherme/Documents/weather_datapipeline/airflow_weather/venv/lib/python3.10/site-packages/airflow/example_dags/example_kubernetes_executor.py took 0.017 seconds
[2023-05-19 18:09:03,196] {processor.py:153} INFO - Started process (PID=14919) to work on /home/guilherme/Documents/weather_datapipeline/airflow_weather/venv/lib/python3.10/site-packages/airflow/example_dags/example_kubernetes_executor.py
[2023-05-19 18:09:03,197] {processor.py:641} INFO - Processing file /home/guilherme/Documents/weather_datapipeline/airflow_weather/venv/lib/python3.10/site-packages/airflow/example_dags/example_kubernetes_executor.py for tasks to queue
[2023-05-19 18:09:03,197] {logging_mixin.py:115} INFO - [2023-05-19 18:09:03,197] {dagbag.py:507} INFO - Filling up the DagBag from /home/guilherme/Documents/weather_datapipeline/airflow_weather/venv/lib/python3.10/site-packages/airflow/example_dags/example_kubernetes_executor.py
[2023-05-19 18:09:03,204] {logging_mixin.py:115} INFO - [2023-05-19 18:09:03,204] {example_kubernetes_executor.py:39} WARNING - The example_kubernetes_executor example DAG requires the kubernetes provider. Please install it with: pip install apache-airflow[cncf.kubernetes]
[2023-05-19 18:09:03,205] {processor.py:653} WARNING - No viable dags retrieved from /home/guilherme/Documents/weather_datapipeline/airflow_weather/venv/lib/python3.10/site-packages/airflow/example_dags/example_kubernetes_executor.py
[2023-05-19 18:09:03,212] {processor.py:161} INFO - Processing /home/guilherme/Documents/weather_datapipeline/airflow_weather/venv/lib/python3.10/site-packages/airflow/example_dags/example_kubernetes_executor.py took 0.017 seconds
[2023-05-19 18:09:35,129] {processor.py:153} INFO - Started process (PID=15089) to work on /home/guilherme/Documents/weather_datapipeline/airflow_weather/venv/lib/python3.10/site-packages/airflow/example_dags/example_kubernetes_executor.py
[2023-05-19 18:09:35,129] {processor.py:641} INFO - Processing file /home/guilherme/Documents/weather_datapipeline/airflow_weather/venv/lib/python3.10/site-packages/airflow/example_dags/example_kubernetes_executor.py for tasks to queue
[2023-05-19 18:09:35,130] {logging_mixin.py:115} INFO - [2023-05-19 18:09:35,130] {dagbag.py:507} INFO - Filling up the DagBag from /home/guilherme/Documents/weather_datapipeline/airflow_weather/venv/lib/python3.10/site-packages/airflow/example_dags/example_kubernetes_executor.py
[2023-05-19 18:09:35,139] {logging_mixin.py:115} INFO - [2023-05-19 18:09:35,139] {example_kubernetes_executor.py:39} WARNING - The example_kubernetes_executor example DAG requires the kubernetes provider. Please install it with: pip install apache-airflow[cncf.kubernetes]
[2023-05-19 18:09:35,139] {processor.py:653} WARNING - No viable dags retrieved from /home/guilherme/Documents/weather_datapipeline/airflow_weather/venv/lib/python3.10/site-packages/airflow/example_dags/example_kubernetes_executor.py
[2023-05-19 18:09:35,149] {processor.py:161} INFO - Processing /home/guilherme/Documents/weather_datapipeline/airflow_weather/venv/lib/python3.10/site-packages/airflow/example_dags/example_kubernetes_executor.py took 0.022 seconds
[2023-05-19 18:10:09,855] {processor.py:153} INFO - Started process (PID=15244) to work on /home/guilherme/Documents/weather_datapipeline/airflow_weather/venv/lib/python3.10/site-packages/airflow/example_dags/example_kubernetes_executor.py
[2023-05-19 18:10:09,856] {processor.py:641} INFO - Processing file /home/guilherme/Documents/weather_datapipeline/airflow_weather/venv/lib/python3.10/site-packages/airflow/example_dags/example_kubernetes_executor.py for tasks to queue
[2023-05-19 18:10:09,856] {logging_mixin.py:115} INFO - [2023-05-19 18:10:09,856] {dagbag.py:507} INFO - Filling up the DagBag from /home/guilherme/Documents/weather_datapipeline/airflow_weather/venv/lib/python3.10/site-packages/airflow/example_dags/example_kubernetes_executor.py
[2023-05-19 18:10:09,865] {logging_mixin.py:115} INFO - [2023-05-19 18:10:09,865] {example_kubernetes_executor.py:39} WARNING - The example_kubernetes_executor example DAG requires the kubernetes provider. Please install it with: pip install apache-airflow[cncf.kubernetes]
[2023-05-19 18:10:09,865] {processor.py:653} WARNING - No viable dags retrieved from /home/guilherme/Documents/weather_datapipeline/airflow_weather/venv/lib/python3.10/site-packages/airflow/example_dags/example_kubernetes_executor.py
[2023-05-19 18:10:09,873] {processor.py:161} INFO - Processing /home/guilherme/Documents/weather_datapipeline/airflow_weather/venv/lib/python3.10/site-packages/airflow/example_dags/example_kubernetes_executor.py took 0.019 seconds
[2023-05-19 18:10:41,765] {processor.py:153} INFO - Started process (PID=15342) to work on /home/guilherme/Documents/weather_datapipeline/airflow_weather/venv/lib/python3.10/site-packages/airflow/example_dags/example_kubernetes_executor.py
[2023-05-19 18:10:41,765] {processor.py:641} INFO - Processing file /home/guilherme/Documents/weather_datapipeline/airflow_weather/venv/lib/python3.10/site-packages/airflow/example_dags/example_kubernetes_executor.py for tasks to queue
[2023-05-19 18:10:41,765] {logging_mixin.py:115} INFO - [2023-05-19 18:10:41,765] {dagbag.py:507} INFO - Filling up the DagBag from /home/guilherme/Documents/weather_datapipeline/airflow_weather/venv/lib/python3.10/site-packages/airflow/example_dags/example_kubernetes_executor.py
[2023-05-19 18:10:41,774] {logging_mixin.py:115} INFO - [2023-05-19 18:10:41,774] {example_kubernetes_executor.py:39} WARNING - The example_kubernetes_executor example DAG requires the kubernetes provider. Please install it with: pip install apache-airflow[cncf.kubernetes]
[2023-05-19 18:10:41,774] {processor.py:653} WARNING - No viable dags retrieved from /home/guilherme/Documents/weather_datapipeline/airflow_weather/venv/lib/python3.10/site-packages/airflow/example_dags/example_kubernetes_executor.py
[2023-05-19 18:10:41,781] {processor.py:161} INFO - Processing /home/guilherme/Documents/weather_datapipeline/airflow_weather/venv/lib/python3.10/site-packages/airflow/example_dags/example_kubernetes_executor.py took 0.018 seconds
[2023-05-19 18:11:16,537] {processor.py:153} INFO - Started process (PID=15391) to work on /home/guilherme/Documents/weather_datapipeline/airflow_weather/venv/lib/python3.10/site-packages/airflow/example_dags/example_kubernetes_executor.py
[2023-05-19 18:11:16,537] {processor.py:641} INFO - Processing file /home/guilherme/Documents/weather_datapipeline/airflow_weather/venv/lib/python3.10/site-packages/airflow/example_dags/example_kubernetes_executor.py for tasks to queue
[2023-05-19 18:11:16,537] {logging_mixin.py:115} INFO - [2023-05-19 18:11:16,537] {dagbag.py:507} INFO - Filling up the DagBag from /home/guilherme/Documents/weather_datapipeline/airflow_weather/venv/lib/python3.10/site-packages/airflow/example_dags/example_kubernetes_executor.py
[2023-05-19 18:11:16,546] {logging_mixin.py:115} INFO - [2023-05-19 18:11:16,546] {example_kubernetes_executor.py:39} WARNING - The example_kubernetes_executor example DAG requires the kubernetes provider. Please install it with: pip install apache-airflow[cncf.kubernetes]
[2023-05-19 18:11:16,546] {processor.py:653} WARNING - No viable dags retrieved from /home/guilherme/Documents/weather_datapipeline/airflow_weather/venv/lib/python3.10/site-packages/airflow/example_dags/example_kubernetes_executor.py
[2023-05-19 18:11:16,554] {processor.py:161} INFO - Processing /home/guilherme/Documents/weather_datapipeline/airflow_weather/venv/lib/python3.10/site-packages/airflow/example_dags/example_kubernetes_executor.py took 0.019 seconds
[2023-05-19 18:11:49,570] {processor.py:153} INFO - Started process (PID=15457) to work on /home/guilherme/Documents/weather_datapipeline/airflow_weather/venv/lib/python3.10/site-packages/airflow/example_dags/example_kubernetes_executor.py
[2023-05-19 18:11:49,571] {processor.py:641} INFO - Processing file /home/guilherme/Documents/weather_datapipeline/airflow_weather/venv/lib/python3.10/site-packages/airflow/example_dags/example_kubernetes_executor.py for tasks to queue
[2023-05-19 18:11:49,571] {logging_mixin.py:115} INFO - [2023-05-19 18:11:49,571] {dagbag.py:507} INFO - Filling up the DagBag from /home/guilherme/Documents/weather_datapipeline/airflow_weather/venv/lib/python3.10/site-packages/airflow/example_dags/example_kubernetes_executor.py
[2023-05-19 18:11:49,580] {logging_mixin.py:115} INFO - [2023-05-19 18:11:49,579] {example_kubernetes_executor.py:39} WARNING - The example_kubernetes_executor example DAG requires the kubernetes provider. Please install it with: pip install apache-airflow[cncf.kubernetes]
[2023-05-19 18:11:49,580] {processor.py:653} WARNING - No viable dags retrieved from /home/guilherme/Documents/weather_datapipeline/airflow_weather/venv/lib/python3.10/site-packages/airflow/example_dags/example_kubernetes_executor.py
[2023-05-19 18:11:49,588] {processor.py:161} INFO - Processing /home/guilherme/Documents/weather_datapipeline/airflow_weather/venv/lib/python3.10/site-packages/airflow/example_dags/example_kubernetes_executor.py took 0.020 seconds
[2023-05-19 18:12:23,096] {processor.py:153} INFO - Started process (PID=15529) to work on /home/guilherme/Documents/weather_datapipeline/airflow_weather/venv/lib/python3.10/site-packages/airflow/example_dags/example_kubernetes_executor.py
[2023-05-19 18:12:23,096] {processor.py:641} INFO - Processing file /home/guilherme/Documents/weather_datapipeline/airflow_weather/venv/lib/python3.10/site-packages/airflow/example_dags/example_kubernetes_executor.py for tasks to queue
[2023-05-19 18:12:23,097] {logging_mixin.py:115} INFO - [2023-05-19 18:12:23,097] {dagbag.py:507} INFO - Filling up the DagBag from /home/guilherme/Documents/weather_datapipeline/airflow_weather/venv/lib/python3.10/site-packages/airflow/example_dags/example_kubernetes_executor.py
[2023-05-19 18:12:23,106] {logging_mixin.py:115} INFO - [2023-05-19 18:12:23,106] {example_kubernetes_executor.py:39} WARNING - The example_kubernetes_executor example DAG requires the kubernetes provider. Please install it with: pip install apache-airflow[cncf.kubernetes]
[2023-05-19 18:12:23,106] {processor.py:653} WARNING - No viable dags retrieved from /home/guilherme/Documents/weather_datapipeline/airflow_weather/venv/lib/python3.10/site-packages/airflow/example_dags/example_kubernetes_executor.py
[2023-05-19 18:12:23,114] {processor.py:161} INFO - Processing /home/guilherme/Documents/weather_datapipeline/airflow_weather/venv/lib/python3.10/site-packages/airflow/example_dags/example_kubernetes_executor.py took 0.019 seconds
[2023-05-19 18:12:56,038] {processor.py:153} INFO - Started process (PID=15611) to work on /home/guilherme/Documents/weather_datapipeline/airflow_weather/venv/lib/python3.10/site-packages/airflow/example_dags/example_kubernetes_executor.py
[2023-05-19 18:12:56,039] {processor.py:641} INFO - Processing file /home/guilherme/Documents/weather_datapipeline/airflow_weather/venv/lib/python3.10/site-packages/airflow/example_dags/example_kubernetes_executor.py for tasks to queue
[2023-05-19 18:12:56,039] {logging_mixin.py:115} INFO - [2023-05-19 18:12:56,039] {dagbag.py:507} INFO - Filling up the DagBag from /home/guilherme/Documents/weather_datapipeline/airflow_weather/venv/lib/python3.10/site-packages/airflow/example_dags/example_kubernetes_executor.py
[2023-05-19 18:12:56,047] {logging_mixin.py:115} INFO - [2023-05-19 18:12:56,047] {example_kubernetes_executor.py:39} WARNING - The example_kubernetes_executor example DAG requires the kubernetes provider. Please install it with: pip install apache-airflow[cncf.kubernetes]
[2023-05-19 18:12:56,047] {processor.py:653} WARNING - No viable dags retrieved from /home/guilherme/Documents/weather_datapipeline/airflow_weather/venv/lib/python3.10/site-packages/airflow/example_dags/example_kubernetes_executor.py
[2023-05-19 18:12:56,059] {processor.py:161} INFO - Processing /home/guilherme/Documents/weather_datapipeline/airflow_weather/venv/lib/python3.10/site-packages/airflow/example_dags/example_kubernetes_executor.py took 0.022 seconds
[2023-05-19 18:13:29,667] {processor.py:153} INFO - Started process (PID=15802) to work on /home/guilherme/Documents/weather_datapipeline/airflow_weather/venv/lib/python3.10/site-packages/airflow/example_dags/example_kubernetes_executor.py
[2023-05-19 18:13:29,667] {processor.py:641} INFO - Processing file /home/guilherme/Documents/weather_datapipeline/airflow_weather/venv/lib/python3.10/site-packages/airflow/example_dags/example_kubernetes_executor.py for tasks to queue
[2023-05-19 18:13:29,668] {logging_mixin.py:115} INFO - [2023-05-19 18:13:29,668] {dagbag.py:507} INFO - Filling up the DagBag from /home/guilherme/Documents/weather_datapipeline/airflow_weather/venv/lib/python3.10/site-packages/airflow/example_dags/example_kubernetes_executor.py
[2023-05-19 18:13:29,676] {logging_mixin.py:115} INFO - [2023-05-19 18:13:29,676] {example_kubernetes_executor.py:39} WARNING - The example_kubernetes_executor example DAG requires the kubernetes provider. Please install it with: pip install apache-airflow[cncf.kubernetes]
[2023-05-19 18:13:29,676] {processor.py:653} WARNING - No viable dags retrieved from /home/guilherme/Documents/weather_datapipeline/airflow_weather/venv/lib/python3.10/site-packages/airflow/example_dags/example_kubernetes_executor.py
[2023-05-19 18:13:29,683] {processor.py:161} INFO - Processing /home/guilherme/Documents/weather_datapipeline/airflow_weather/venv/lib/python3.10/site-packages/airflow/example_dags/example_kubernetes_executor.py took 0.018 seconds
[2023-05-19 18:14:02,617] {processor.py:153} INFO - Started process (PID=15999) to work on /home/guilherme/Documents/weather_datapipeline/airflow_weather/venv/lib/python3.10/site-packages/airflow/example_dags/example_kubernetes_executor.py
[2023-05-19 18:14:02,617] {processor.py:641} INFO - Processing file /home/guilherme/Documents/weather_datapipeline/airflow_weather/venv/lib/python3.10/site-packages/airflow/example_dags/example_kubernetes_executor.py for tasks to queue
[2023-05-19 18:14:02,618] {logging_mixin.py:115} INFO - [2023-05-19 18:14:02,618] {dagbag.py:507} INFO - Filling up the DagBag from /home/guilherme/Documents/weather_datapipeline/airflow_weather/venv/lib/python3.10/site-packages/airflow/example_dags/example_kubernetes_executor.py
[2023-05-19 18:14:02,626] {logging_mixin.py:115} INFO - [2023-05-19 18:14:02,626] {example_kubernetes_executor.py:39} WARNING - The example_kubernetes_executor example DAG requires the kubernetes provider. Please install it with: pip install apache-airflow[cncf.kubernetes]
[2023-05-19 18:14:02,626] {processor.py:653} WARNING - No viable dags retrieved from /home/guilherme/Documents/weather_datapipeline/airflow_weather/venv/lib/python3.10/site-packages/airflow/example_dags/example_kubernetes_executor.py
[2023-05-19 18:14:02,633] {processor.py:161} INFO - Processing /home/guilherme/Documents/weather_datapipeline/airflow_weather/venv/lib/python3.10/site-packages/airflow/example_dags/example_kubernetes_executor.py took 0.017 seconds
[2023-05-19 18:14:35,644] {processor.py:153} INFO - Started process (PID=16181) to work on /home/guilherme/Documents/weather_datapipeline/airflow_weather/venv/lib/python3.10/site-packages/airflow/example_dags/example_kubernetes_executor.py
[2023-05-19 18:14:35,645] {processor.py:641} INFO - Processing file /home/guilherme/Documents/weather_datapipeline/airflow_weather/venv/lib/python3.10/site-packages/airflow/example_dags/example_kubernetes_executor.py for tasks to queue
[2023-05-19 18:14:35,645] {logging_mixin.py:115} INFO - [2023-05-19 18:14:35,645] {dagbag.py:507} INFO - Filling up the DagBag from /home/guilherme/Documents/weather_datapipeline/airflow_weather/venv/lib/python3.10/site-packages/airflow/example_dags/example_kubernetes_executor.py
[2023-05-19 18:14:35,655] {logging_mixin.py:115} INFO - [2023-05-19 18:14:35,655] {example_kubernetes_executor.py:39} WARNING - The example_kubernetes_executor example DAG requires the kubernetes provider. Please install it with: pip install apache-airflow[cncf.kubernetes]
[2023-05-19 18:14:35,655] {processor.py:653} WARNING - No viable dags retrieved from /home/guilherme/Documents/weather_datapipeline/airflow_weather/venv/lib/python3.10/site-packages/airflow/example_dags/example_kubernetes_executor.py
[2023-05-19 18:14:35,661] {processor.py:161} INFO - Processing /home/guilherme/Documents/weather_datapipeline/airflow_weather/venv/lib/python3.10/site-packages/airflow/example_dags/example_kubernetes_executor.py took 0.018 seconds
[2023-05-19 18:15:10,333] {processor.py:153} INFO - Started process (PID=16377) to work on /home/guilherme/Documents/weather_datapipeline/airflow_weather/venv/lib/python3.10/site-packages/airflow/example_dags/example_kubernetes_executor.py
[2023-05-19 18:15:10,334] {processor.py:641} INFO - Processing file /home/guilherme/Documents/weather_datapipeline/airflow_weather/venv/lib/python3.10/site-packages/airflow/example_dags/example_kubernetes_executor.py for tasks to queue
[2023-05-19 18:15:10,334] {logging_mixin.py:115} INFO - [2023-05-19 18:15:10,334] {dagbag.py:507} INFO - Filling up the DagBag from /home/guilherme/Documents/weather_datapipeline/airflow_weather/venv/lib/python3.10/site-packages/airflow/example_dags/example_kubernetes_executor.py
[2023-05-19 18:15:10,343] {logging_mixin.py:115} INFO - [2023-05-19 18:15:10,343] {example_kubernetes_executor.py:39} WARNING - The example_kubernetes_executor example DAG requires the kubernetes provider. Please install it with: pip install apache-airflow[cncf.kubernetes]
[2023-05-19 18:15:10,344] {processor.py:653} WARNING - No viable dags retrieved from /home/guilherme/Documents/weather_datapipeline/airflow_weather/venv/lib/python3.10/site-packages/airflow/example_dags/example_kubernetes_executor.py
[2023-05-19 18:15:10,349] {processor.py:161} INFO - Processing /home/guilherme/Documents/weather_datapipeline/airflow_weather/venv/lib/python3.10/site-packages/airflow/example_dags/example_kubernetes_executor.py took 0.017 seconds
[2023-05-19 18:15:42,165] {processor.py:153} INFO - Started process (PID=16549) to work on /home/guilherme/Documents/weather_datapipeline/airflow_weather/venv/lib/python3.10/site-packages/airflow/example_dags/example_kubernetes_executor.py
[2023-05-19 18:15:42,165] {processor.py:641} INFO - Processing file /home/guilherme/Documents/weather_datapipeline/airflow_weather/venv/lib/python3.10/site-packages/airflow/example_dags/example_kubernetes_executor.py for tasks to queue
[2023-05-19 18:15:42,165] {logging_mixin.py:115} INFO - [2023-05-19 18:15:42,165] {dagbag.py:507} INFO - Filling up the DagBag from /home/guilherme/Documents/weather_datapipeline/airflow_weather/venv/lib/python3.10/site-packages/airflow/example_dags/example_kubernetes_executor.py
[2023-05-19 18:15:42,175] {logging_mixin.py:115} INFO - [2023-05-19 18:15:42,175] {example_kubernetes_executor.py:39} WARNING - The example_kubernetes_executor example DAG requires the kubernetes provider. Please install it with: pip install apache-airflow[cncf.kubernetes]
[2023-05-19 18:15:42,175] {processor.py:653} WARNING - No viable dags retrieved from /home/guilherme/Documents/weather_datapipeline/airflow_weather/venv/lib/python3.10/site-packages/airflow/example_dags/example_kubernetes_executor.py
[2023-05-19 18:15:42,181] {processor.py:161} INFO - Processing /home/guilherme/Documents/weather_datapipeline/airflow_weather/venv/lib/python3.10/site-packages/airflow/example_dags/example_kubernetes_executor.py took 0.018 seconds
[2023-05-19 18:16:15,680] {processor.py:153} INFO - Started process (PID=16745) to work on /home/guilherme/Documents/weather_datapipeline/airflow_weather/venv/lib/python3.10/site-packages/airflow/example_dags/example_kubernetes_executor.py
[2023-05-19 18:16:15,680] {processor.py:641} INFO - Processing file /home/guilherme/Documents/weather_datapipeline/airflow_weather/venv/lib/python3.10/site-packages/airflow/example_dags/example_kubernetes_executor.py for tasks to queue
[2023-05-19 18:16:15,680] {logging_mixin.py:115} INFO - [2023-05-19 18:16:15,680] {dagbag.py:507} INFO - Filling up the DagBag from /home/guilherme/Documents/weather_datapipeline/airflow_weather/venv/lib/python3.10/site-packages/airflow/example_dags/example_kubernetes_executor.py
[2023-05-19 18:16:15,689] {logging_mixin.py:115} INFO - [2023-05-19 18:16:15,689] {example_kubernetes_executor.py:39} WARNING - The example_kubernetes_executor example DAG requires the kubernetes provider. Please install it with: pip install apache-airflow[cncf.kubernetes]
[2023-05-19 18:16:15,690] {processor.py:653} WARNING - No viable dags retrieved from /home/guilherme/Documents/weather_datapipeline/airflow_weather/venv/lib/python3.10/site-packages/airflow/example_dags/example_kubernetes_executor.py
[2023-05-19 18:16:15,695] {processor.py:161} INFO - Processing /home/guilherme/Documents/weather_datapipeline/airflow_weather/venv/lib/python3.10/site-packages/airflow/example_dags/example_kubernetes_executor.py took 0.017 seconds
[2023-05-19 18:16:47,705] {processor.py:153} INFO - Started process (PID=16916) to work on /home/guilherme/Documents/weather_datapipeline/airflow_weather/venv/lib/python3.10/site-packages/airflow/example_dags/example_kubernetes_executor.py
[2023-05-19 18:16:47,705] {processor.py:641} INFO - Processing file /home/guilherme/Documents/weather_datapipeline/airflow_weather/venv/lib/python3.10/site-packages/airflow/example_dags/example_kubernetes_executor.py for tasks to queue
[2023-05-19 18:16:47,706] {logging_mixin.py:115} INFO - [2023-05-19 18:16:47,706] {dagbag.py:507} INFO - Filling up the DagBag from /home/guilherme/Documents/weather_datapipeline/airflow_weather/venv/lib/python3.10/site-packages/airflow/example_dags/example_kubernetes_executor.py
[2023-05-19 18:16:47,716] {logging_mixin.py:115} INFO - [2023-05-19 18:16:47,716] {example_kubernetes_executor.py:39} WARNING - The example_kubernetes_executor example DAG requires the kubernetes provider. Please install it with: pip install apache-airflow[cncf.kubernetes]
[2023-05-19 18:16:47,716] {processor.py:653} WARNING - No viable dags retrieved from /home/guilherme/Documents/weather_datapipeline/airflow_weather/venv/lib/python3.10/site-packages/airflow/example_dags/example_kubernetes_executor.py
[2023-05-19 18:16:47,721] {processor.py:161} INFO - Processing /home/guilherme/Documents/weather_datapipeline/airflow_weather/venv/lib/python3.10/site-packages/airflow/example_dags/example_kubernetes_executor.py took 0.017 seconds
[2023-05-19 18:17:20,072] {processor.py:153} INFO - Started process (PID=17114) to work on /home/guilherme/Documents/weather_datapipeline/airflow_weather/venv/lib/python3.10/site-packages/airflow/example_dags/example_kubernetes_executor.py
[2023-05-19 18:17:20,073] {processor.py:641} INFO - Processing file /home/guilherme/Documents/weather_datapipeline/airflow_weather/venv/lib/python3.10/site-packages/airflow/example_dags/example_kubernetes_executor.py for tasks to queue
[2023-05-19 18:17:20,073] {logging_mixin.py:115} INFO - [2023-05-19 18:17:20,073] {dagbag.py:507} INFO - Filling up the DagBag from /home/guilherme/Documents/weather_datapipeline/airflow_weather/venv/lib/python3.10/site-packages/airflow/example_dags/example_kubernetes_executor.py
[2023-05-19 18:17:20,083] {logging_mixin.py:115} INFO - [2023-05-19 18:17:20,083] {example_kubernetes_executor.py:39} WARNING - The example_kubernetes_executor example DAG requires the kubernetes provider. Please install it with: pip install apache-airflow[cncf.kubernetes]
[2023-05-19 18:17:20,083] {processor.py:653} WARNING - No viable dags retrieved from /home/guilherme/Documents/weather_datapipeline/airflow_weather/venv/lib/python3.10/site-packages/airflow/example_dags/example_kubernetes_executor.py
[2023-05-19 18:17:20,088] {processor.py:161} INFO - Processing /home/guilherme/Documents/weather_datapipeline/airflow_weather/venv/lib/python3.10/site-packages/airflow/example_dags/example_kubernetes_executor.py took 0.017 seconds
[2023-05-19 18:17:51,867] {processor.py:153} INFO - Started process (PID=17289) to work on /home/guilherme/Documents/weather_datapipeline/airflow_weather/venv/lib/python3.10/site-packages/airflow/example_dags/example_kubernetes_executor.py
[2023-05-19 18:17:51,867] {processor.py:641} INFO - Processing file /home/guilherme/Documents/weather_datapipeline/airflow_weather/venv/lib/python3.10/site-packages/airflow/example_dags/example_kubernetes_executor.py for tasks to queue
[2023-05-19 18:17:51,868] {logging_mixin.py:115} INFO - [2023-05-19 18:17:51,868] {dagbag.py:507} INFO - Filling up the DagBag from /home/guilherme/Documents/weather_datapipeline/airflow_weather/venv/lib/python3.10/site-packages/airflow/example_dags/example_kubernetes_executor.py
[2023-05-19 18:17:51,879] {logging_mixin.py:115} INFO - [2023-05-19 18:17:51,879] {example_kubernetes_executor.py:39} WARNING - The example_kubernetes_executor example DAG requires the kubernetes provider. Please install it with: pip install apache-airflow[cncf.kubernetes]
[2023-05-19 18:17:51,880] {processor.py:653} WARNING - No viable dags retrieved from /home/guilherme/Documents/weather_datapipeline/airflow_weather/venv/lib/python3.10/site-packages/airflow/example_dags/example_kubernetes_executor.py
[2023-05-19 18:17:51,887] {processor.py:161} INFO - Processing /home/guilherme/Documents/weather_datapipeline/airflow_weather/venv/lib/python3.10/site-packages/airflow/example_dags/example_kubernetes_executor.py took 0.022 seconds
[2023-05-19 18:18:26,039] {processor.py:153} INFO - Started process (PID=17529) to work on /home/guilherme/Documents/weather_datapipeline/airflow_weather/venv/lib/python3.10/site-packages/airflow/example_dags/example_kubernetes_executor.py
[2023-05-19 18:18:26,039] {processor.py:641} INFO - Processing file /home/guilherme/Documents/weather_datapipeline/airflow_weather/venv/lib/python3.10/site-packages/airflow/example_dags/example_kubernetes_executor.py for tasks to queue
[2023-05-19 18:18:26,039] {logging_mixin.py:115} INFO - [2023-05-19 18:18:26,039] {dagbag.py:507} INFO - Filling up the DagBag from /home/guilherme/Documents/weather_datapipeline/airflow_weather/venv/lib/python3.10/site-packages/airflow/example_dags/example_kubernetes_executor.py
[2023-05-19 18:18:26,049] {logging_mixin.py:115} INFO - [2023-05-19 18:18:26,049] {example_kubernetes_executor.py:39} WARNING - The example_kubernetes_executor example DAG requires the kubernetes provider. Please install it with: pip install apache-airflow[cncf.kubernetes]
[2023-05-19 18:18:26,049] {processor.py:653} WARNING - No viable dags retrieved from /home/guilherme/Documents/weather_datapipeline/airflow_weather/venv/lib/python3.10/site-packages/airflow/example_dags/example_kubernetes_executor.py
[2023-05-19 18:18:26,055] {processor.py:161} INFO - Processing /home/guilherme/Documents/weather_datapipeline/airflow_weather/venv/lib/python3.10/site-packages/airflow/example_dags/example_kubernetes_executor.py took 0.017 seconds
[2023-05-19 18:18:57,619] {processor.py:153} INFO - Started process (PID=17721) to work on /home/guilherme/Documents/weather_datapipeline/airflow_weather/venv/lib/python3.10/site-packages/airflow/example_dags/example_kubernetes_executor.py
[2023-05-19 18:18:57,620] {processor.py:641} INFO - Processing file /home/guilherme/Documents/weather_datapipeline/airflow_weather/venv/lib/python3.10/site-packages/airflow/example_dags/example_kubernetes_executor.py for tasks to queue
[2023-05-19 18:18:57,620] {logging_mixin.py:115} INFO - [2023-05-19 18:18:57,620] {dagbag.py:507} INFO - Filling up the DagBag from /home/guilherme/Documents/weather_datapipeline/airflow_weather/venv/lib/python3.10/site-packages/airflow/example_dags/example_kubernetes_executor.py
[2023-05-19 18:18:57,633] {logging_mixin.py:115} INFO - [2023-05-19 18:18:57,633] {example_kubernetes_executor.py:39} WARNING - The example_kubernetes_executor example DAG requires the kubernetes provider. Please install it with: pip install apache-airflow[cncf.kubernetes]
[2023-05-19 18:18:57,633] {processor.py:653} WARNING - No viable dags retrieved from /home/guilherme/Documents/weather_datapipeline/airflow_weather/venv/lib/python3.10/site-packages/airflow/example_dags/example_kubernetes_executor.py
[2023-05-19 18:18:57,640] {processor.py:161} INFO - Processing /home/guilherme/Documents/weather_datapipeline/airflow_weather/venv/lib/python3.10/site-packages/airflow/example_dags/example_kubernetes_executor.py took 0.023 seconds
[2023-05-19 18:19:29,207] {processor.py:153} INFO - Started process (PID=18370) to work on /home/guilherme/Documents/weather_datapipeline/airflow_weather/venv/lib/python3.10/site-packages/airflow/example_dags/example_kubernetes_executor.py
[2023-05-19 18:19:29,207] {processor.py:641} INFO - Processing file /home/guilherme/Documents/weather_datapipeline/airflow_weather/venv/lib/python3.10/site-packages/airflow/example_dags/example_kubernetes_executor.py for tasks to queue
[2023-05-19 18:19:29,208] {logging_mixin.py:115} INFO - [2023-05-19 18:19:29,208] {dagbag.py:507} INFO - Filling up the DagBag from /home/guilherme/Documents/weather_datapipeline/airflow_weather/venv/lib/python3.10/site-packages/airflow/example_dags/example_kubernetes_executor.py
[2023-05-19 18:19:29,217] {logging_mixin.py:115} INFO - [2023-05-19 18:19:29,217] {example_kubernetes_executor.py:39} WARNING - The example_kubernetes_executor example DAG requires the kubernetes provider. Please install it with: pip install apache-airflow[cncf.kubernetes]
[2023-05-19 18:19:29,217] {processor.py:653} WARNING - No viable dags retrieved from /home/guilherme/Documents/weather_datapipeline/airflow_weather/venv/lib/python3.10/site-packages/airflow/example_dags/example_kubernetes_executor.py
[2023-05-19 18:19:29,222] {processor.py:161} INFO - Processing /home/guilherme/Documents/weather_datapipeline/airflow_weather/venv/lib/python3.10/site-packages/airflow/example_dags/example_kubernetes_executor.py took 0.016 seconds
[2023-05-19 18:20:02,138] {processor.py:153} INFO - Started process (PID=18583) to work on /home/guilherme/Documents/weather_datapipeline/airflow_weather/venv/lib/python3.10/site-packages/airflow/example_dags/example_kubernetes_executor.py
[2023-05-19 18:20:02,138] {processor.py:641} INFO - Processing file /home/guilherme/Documents/weather_datapipeline/airflow_weather/venv/lib/python3.10/site-packages/airflow/example_dags/example_kubernetes_executor.py for tasks to queue
[2023-05-19 18:20:02,138] {logging_mixin.py:115} INFO - [2023-05-19 18:20:02,138] {dagbag.py:507} INFO - Filling up the DagBag from /home/guilherme/Documents/weather_datapipeline/airflow_weather/venv/lib/python3.10/site-packages/airflow/example_dags/example_kubernetes_executor.py
[2023-05-19 18:20:02,148] {logging_mixin.py:115} INFO - [2023-05-19 18:20:02,148] {example_kubernetes_executor.py:39} WARNING - The example_kubernetes_executor example DAG requires the kubernetes provider. Please install it with: pip install apache-airflow[cncf.kubernetes]
[2023-05-19 18:20:02,149] {processor.py:653} WARNING - No viable dags retrieved from /home/guilherme/Documents/weather_datapipeline/airflow_weather/venv/lib/python3.10/site-packages/airflow/example_dags/example_kubernetes_executor.py
[2023-05-19 18:20:02,154] {processor.py:161} INFO - Processing /home/guilherme/Documents/weather_datapipeline/airflow_weather/venv/lib/python3.10/site-packages/airflow/example_dags/example_kubernetes_executor.py took 0.018 seconds
[2023-05-19 18:20:36,937] {processor.py:153} INFO - Started process (PID=18784) to work on /home/guilherme/Documents/weather_datapipeline/airflow_weather/venv/lib/python3.10/site-packages/airflow/example_dags/example_kubernetes_executor.py
[2023-05-19 18:20:36,938] {processor.py:641} INFO - Processing file /home/guilherme/Documents/weather_datapipeline/airflow_weather/venv/lib/python3.10/site-packages/airflow/example_dags/example_kubernetes_executor.py for tasks to queue
[2023-05-19 18:20:36,938] {logging_mixin.py:115} INFO - [2023-05-19 18:20:36,938] {dagbag.py:507} INFO - Filling up the DagBag from /home/guilherme/Documents/weather_datapipeline/airflow_weather/venv/lib/python3.10/site-packages/airflow/example_dags/example_kubernetes_executor.py
[2023-05-19 18:20:36,947] {logging_mixin.py:115} INFO - [2023-05-19 18:20:36,947] {example_kubernetes_executor.py:39} WARNING - The example_kubernetes_executor example DAG requires the kubernetes provider. Please install it with: pip install apache-airflow[cncf.kubernetes]
[2023-05-19 18:20:36,947] {processor.py:653} WARNING - No viable dags retrieved from /home/guilherme/Documents/weather_datapipeline/airflow_weather/venv/lib/python3.10/site-packages/airflow/example_dags/example_kubernetes_executor.py
[2023-05-19 18:20:36,953] {processor.py:161} INFO - Processing /home/guilherme/Documents/weather_datapipeline/airflow_weather/venv/lib/python3.10/site-packages/airflow/example_dags/example_kubernetes_executor.py took 0.018 seconds
[2023-05-19 18:21:10,284] {processor.py:153} INFO - Started process (PID=18995) to work on /home/guilherme/Documents/weather_datapipeline/airflow_weather/venv/lib/python3.10/site-packages/airflow/example_dags/example_kubernetes_executor.py
[2023-05-19 18:21:10,284] {processor.py:641} INFO - Processing file /home/guilherme/Documents/weather_datapipeline/airflow_weather/venv/lib/python3.10/site-packages/airflow/example_dags/example_kubernetes_executor.py for tasks to queue
[2023-05-19 18:21:10,284] {logging_mixin.py:115} INFO - [2023-05-19 18:21:10,284] {dagbag.py:507} INFO - Filling up the DagBag from /home/guilherme/Documents/weather_datapipeline/airflow_weather/venv/lib/python3.10/site-packages/airflow/example_dags/example_kubernetes_executor.py
[2023-05-19 18:21:10,294] {logging_mixin.py:115} INFO - [2023-05-19 18:21:10,294] {example_kubernetes_executor.py:39} WARNING - The example_kubernetes_executor example DAG requires the kubernetes provider. Please install it with: pip install apache-airflow[cncf.kubernetes]
[2023-05-19 18:21:10,294] {processor.py:653} WARNING - No viable dags retrieved from /home/guilherme/Documents/weather_datapipeline/airflow_weather/venv/lib/python3.10/site-packages/airflow/example_dags/example_kubernetes_executor.py
[2023-05-19 18:21:10,300] {processor.py:161} INFO - Processing /home/guilherme/Documents/weather_datapipeline/airflow_weather/venv/lib/python3.10/site-packages/airflow/example_dags/example_kubernetes_executor.py took 0.017 seconds
[2023-05-19 18:21:42,465] {processor.py:153} INFO - Started process (PID=19192) to work on /home/guilherme/Documents/weather_datapipeline/airflow_weather/venv/lib/python3.10/site-packages/airflow/example_dags/example_kubernetes_executor.py
[2023-05-19 18:21:42,466] {processor.py:641} INFO - Processing file /home/guilherme/Documents/weather_datapipeline/airflow_weather/venv/lib/python3.10/site-packages/airflow/example_dags/example_kubernetes_executor.py for tasks to queue
[2023-05-19 18:21:42,466] {logging_mixin.py:115} INFO - [2023-05-19 18:21:42,466] {dagbag.py:507} INFO - Filling up the DagBag from /home/guilherme/Documents/weather_datapipeline/airflow_weather/venv/lib/python3.10/site-packages/airflow/example_dags/example_kubernetes_executor.py
[2023-05-19 18:21:42,475] {logging_mixin.py:115} INFO - [2023-05-19 18:21:42,475] {example_kubernetes_executor.py:39} WARNING - The example_kubernetes_executor example DAG requires the kubernetes provider. Please install it with: pip install apache-airflow[cncf.kubernetes]
[2023-05-19 18:21:42,475] {processor.py:653} WARNING - No viable dags retrieved from /home/guilherme/Documents/weather_datapipeline/airflow_weather/venv/lib/python3.10/site-packages/airflow/example_dags/example_kubernetes_executor.py
[2023-05-19 18:21:42,480] {processor.py:161} INFO - Processing /home/guilherme/Documents/weather_datapipeline/airflow_weather/venv/lib/python3.10/site-packages/airflow/example_dags/example_kubernetes_executor.py took 0.016 seconds
[2023-05-19 18:22:19,968] {processor.py:153} INFO - Started process (PID=19407) to work on /home/guilherme/Documents/weather_datapipeline/airflow_weather/venv/lib/python3.10/site-packages/airflow/example_dags/example_kubernetes_executor.py
[2023-05-19 18:22:19,969] {processor.py:641} INFO - Processing file /home/guilherme/Documents/weather_datapipeline/airflow_weather/venv/lib/python3.10/site-packages/airflow/example_dags/example_kubernetes_executor.py for tasks to queue
[2023-05-19 18:22:19,969] {logging_mixin.py:115} INFO - [2023-05-19 18:22:19,969] {dagbag.py:507} INFO - Filling up the DagBag from /home/guilherme/Documents/weather_datapipeline/airflow_weather/venv/lib/python3.10/site-packages/airflow/example_dags/example_kubernetes_executor.py
[2023-05-19 18:22:19,983] {logging_mixin.py:115} INFO - [2023-05-19 18:22:19,983] {example_kubernetes_executor.py:39} WARNING - The example_kubernetes_executor example DAG requires the kubernetes provider. Please install it with: pip install apache-airflow[cncf.kubernetes]
[2023-05-19 18:22:19,983] {processor.py:653} WARNING - No viable dags retrieved from /home/guilherme/Documents/weather_datapipeline/airflow_weather/venv/lib/python3.10/site-packages/airflow/example_dags/example_kubernetes_executor.py
[2023-05-19 18:22:19,991] {processor.py:161} INFO - Processing /home/guilherme/Documents/weather_datapipeline/airflow_weather/venv/lib/python3.10/site-packages/airflow/example_dags/example_kubernetes_executor.py took 0.026 seconds
[2023-05-19 18:22:51,424] {processor.py:153} INFO - Started process (PID=19617) to work on /home/guilherme/Documents/weather_datapipeline/airflow_weather/venv/lib/python3.10/site-packages/airflow/example_dags/example_kubernetes_executor.py
[2023-05-19 18:22:51,424] {processor.py:641} INFO - Processing file /home/guilherme/Documents/weather_datapipeline/airflow_weather/venv/lib/python3.10/site-packages/airflow/example_dags/example_kubernetes_executor.py for tasks to queue
[2023-05-19 18:22:51,425] {logging_mixin.py:115} INFO - [2023-05-19 18:22:51,425] {dagbag.py:507} INFO - Filling up the DagBag from /home/guilherme/Documents/weather_datapipeline/airflow_weather/venv/lib/python3.10/site-packages/airflow/example_dags/example_kubernetes_executor.py
[2023-05-19 18:22:51,435] {logging_mixin.py:115} INFO - [2023-05-19 18:22:51,435] {example_kubernetes_executor.py:39} WARNING - The example_kubernetes_executor example DAG requires the kubernetes provider. Please install it with: pip install apache-airflow[cncf.kubernetes]
[2023-05-19 18:22:51,435] {processor.py:653} WARNING - No viable dags retrieved from /home/guilherme/Documents/weather_datapipeline/airflow_weather/venv/lib/python3.10/site-packages/airflow/example_dags/example_kubernetes_executor.py
[2023-05-19 18:22:51,441] {processor.py:161} INFO - Processing /home/guilherme/Documents/weather_datapipeline/airflow_weather/venv/lib/python3.10/site-packages/airflow/example_dags/example_kubernetes_executor.py took 0.018 seconds
[2023-05-19 18:23:29,079] {processor.py:153} INFO - Started process (PID=19839) to work on /home/guilherme/Documents/weather_datapipeline/airflow_weather/venv/lib/python3.10/site-packages/airflow/example_dags/example_kubernetes_executor.py
[2023-05-19 18:23:29,080] {processor.py:641} INFO - Processing file /home/guilherme/Documents/weather_datapipeline/airflow_weather/venv/lib/python3.10/site-packages/airflow/example_dags/example_kubernetes_executor.py for tasks to queue
[2023-05-19 18:23:29,080] {logging_mixin.py:115} INFO - [2023-05-19 18:23:29,080] {dagbag.py:507} INFO - Filling up the DagBag from /home/guilherme/Documents/weather_datapipeline/airflow_weather/venv/lib/python3.10/site-packages/airflow/example_dags/example_kubernetes_executor.py
[2023-05-19 18:23:29,090] {logging_mixin.py:115} INFO - [2023-05-19 18:23:29,090] {example_kubernetes_executor.py:39} WARNING - The example_kubernetes_executor example DAG requires the kubernetes provider. Please install it with: pip install apache-airflow[cncf.kubernetes]
[2023-05-19 18:23:29,090] {processor.py:653} WARNING - No viable dags retrieved from /home/guilherme/Documents/weather_datapipeline/airflow_weather/venv/lib/python3.10/site-packages/airflow/example_dags/example_kubernetes_executor.py
[2023-05-19 18:23:29,096] {processor.py:161} INFO - Processing /home/guilherme/Documents/weather_datapipeline/airflow_weather/venv/lib/python3.10/site-packages/airflow/example_dags/example_kubernetes_executor.py took 0.019 seconds
[2023-05-19 18:23:59,872] {processor.py:153} INFO - Started process (PID=20022) to work on /home/guilherme/Documents/weather_datapipeline/airflow_weather/venv/lib/python3.10/site-packages/airflow/example_dags/example_kubernetes_executor.py
[2023-05-19 18:23:59,873] {processor.py:641} INFO - Processing file /home/guilherme/Documents/weather_datapipeline/airflow_weather/venv/lib/python3.10/site-packages/airflow/example_dags/example_kubernetes_executor.py for tasks to queue
[2023-05-19 18:23:59,874] {logging_mixin.py:115} INFO - [2023-05-19 18:23:59,873] {dagbag.py:507} INFO - Filling up the DagBag from /home/guilherme/Documents/weather_datapipeline/airflow_weather/venv/lib/python3.10/site-packages/airflow/example_dags/example_kubernetes_executor.py
[2023-05-19 18:23:59,883] {logging_mixin.py:115} INFO - [2023-05-19 18:23:59,883] {example_kubernetes_executor.py:39} WARNING - The example_kubernetes_executor example DAG requires the kubernetes provider. Please install it with: pip install apache-airflow[cncf.kubernetes]
[2023-05-19 18:23:59,884] {processor.py:653} WARNING - No viable dags retrieved from /home/guilherme/Documents/weather_datapipeline/airflow_weather/venv/lib/python3.10/site-packages/airflow/example_dags/example_kubernetes_executor.py
[2023-05-19 18:23:59,891] {processor.py:161} INFO - Processing /home/guilherme/Documents/weather_datapipeline/airflow_weather/venv/lib/python3.10/site-packages/airflow/example_dags/example_kubernetes_executor.py took 0.021 seconds
[2023-05-19 18:24:32,517] {processor.py:153} INFO - Started process (PID=20111) to work on /home/guilherme/Documents/weather_datapipeline/airflow_weather/venv/lib/python3.10/site-packages/airflow/example_dags/example_kubernetes_executor.py
[2023-05-19 18:24:32,517] {processor.py:641} INFO - Processing file /home/guilherme/Documents/weather_datapipeline/airflow_weather/venv/lib/python3.10/site-packages/airflow/example_dags/example_kubernetes_executor.py for tasks to queue
[2023-05-19 18:24:32,517] {logging_mixin.py:115} INFO - [2023-05-19 18:24:32,517] {dagbag.py:507} INFO - Filling up the DagBag from /home/guilherme/Documents/weather_datapipeline/airflow_weather/venv/lib/python3.10/site-packages/airflow/example_dags/example_kubernetes_executor.py
[2023-05-19 18:24:32,527] {logging_mixin.py:115} INFO - [2023-05-19 18:24:32,527] {example_kubernetes_executor.py:39} WARNING - The example_kubernetes_executor example DAG requires the kubernetes provider. Please install it with: pip install apache-airflow[cncf.kubernetes]
[2023-05-19 18:24:32,527] {processor.py:653} WARNING - No viable dags retrieved from /home/guilherme/Documents/weather_datapipeline/airflow_weather/venv/lib/python3.10/site-packages/airflow/example_dags/example_kubernetes_executor.py
[2023-05-19 18:24:32,534] {processor.py:161} INFO - Processing /home/guilherme/Documents/weather_datapipeline/airflow_weather/venv/lib/python3.10/site-packages/airflow/example_dags/example_kubernetes_executor.py took 0.019 seconds
[2023-05-19 18:25:05,151] {processor.py:153} INFO - Started process (PID=20148) to work on /home/guilherme/Documents/weather_datapipeline/airflow_weather/venv/lib/python3.10/site-packages/airflow/example_dags/example_kubernetes_executor.py
[2023-05-19 18:25:05,151] {processor.py:641} INFO - Processing file /home/guilherme/Documents/weather_datapipeline/airflow_weather/venv/lib/python3.10/site-packages/airflow/example_dags/example_kubernetes_executor.py for tasks to queue
[2023-05-19 18:25:05,152] {logging_mixin.py:115} INFO - [2023-05-19 18:25:05,152] {dagbag.py:507} INFO - Filling up the DagBag from /home/guilherme/Documents/weather_datapipeline/airflow_weather/venv/lib/python3.10/site-packages/airflow/example_dags/example_kubernetes_executor.py
[2023-05-19 18:25:05,161] {logging_mixin.py:115} INFO - [2023-05-19 18:25:05,161] {example_kubernetes_executor.py:39} WARNING - The example_kubernetes_executor example DAG requires the kubernetes provider. Please install it with: pip install apache-airflow[cncf.kubernetes]
[2023-05-19 18:25:05,161] {processor.py:653} WARNING - No viable dags retrieved from /home/guilherme/Documents/weather_datapipeline/airflow_weather/venv/lib/python3.10/site-packages/airflow/example_dags/example_kubernetes_executor.py
[2023-05-19 18:25:05,167] {processor.py:161} INFO - Processing /home/guilherme/Documents/weather_datapipeline/airflow_weather/venv/lib/python3.10/site-packages/airflow/example_dags/example_kubernetes_executor.py took 0.018 seconds
[2023-05-19 18:25:36,444] {processor.py:153} INFO - Started process (PID=20182) to work on /home/guilherme/Documents/weather_datapipeline/airflow_weather/venv/lib/python3.10/site-packages/airflow/example_dags/example_kubernetes_executor.py
[2023-05-19 18:25:36,444] {processor.py:641} INFO - Processing file /home/guilherme/Documents/weather_datapipeline/airflow_weather/venv/lib/python3.10/site-packages/airflow/example_dags/example_kubernetes_executor.py for tasks to queue
[2023-05-19 18:25:36,445] {logging_mixin.py:115} INFO - [2023-05-19 18:25:36,444] {dagbag.py:507} INFO - Filling up the DagBag from /home/guilherme/Documents/weather_datapipeline/airflow_weather/venv/lib/python3.10/site-packages/airflow/example_dags/example_kubernetes_executor.py
[2023-05-19 18:25:36,454] {logging_mixin.py:115} INFO - [2023-05-19 18:25:36,454] {example_kubernetes_executor.py:39} WARNING - The example_kubernetes_executor example DAG requires the kubernetes provider. Please install it with: pip install apache-airflow[cncf.kubernetes]
[2023-05-19 18:25:36,454] {processor.py:653} WARNING - No viable dags retrieved from /home/guilherme/Documents/weather_datapipeline/airflow_weather/venv/lib/python3.10/site-packages/airflow/example_dags/example_kubernetes_executor.py
[2023-05-19 18:25:36,460] {processor.py:161} INFO - Processing /home/guilherme/Documents/weather_datapipeline/airflow_weather/venv/lib/python3.10/site-packages/airflow/example_dags/example_kubernetes_executor.py took 0.018 seconds
[2023-05-19 18:26:08,107] {processor.py:153} INFO - Started process (PID=20334) to work on /home/guilherme/Documents/weather_datapipeline/airflow_weather/venv/lib/python3.10/site-packages/airflow/example_dags/example_kubernetes_executor.py
[2023-05-19 18:26:08,107] {processor.py:641} INFO - Processing file /home/guilherme/Documents/weather_datapipeline/airflow_weather/venv/lib/python3.10/site-packages/airflow/example_dags/example_kubernetes_executor.py for tasks to queue
[2023-05-19 18:26:08,108] {logging_mixin.py:115} INFO - [2023-05-19 18:26:08,107] {dagbag.py:507} INFO - Filling up the DagBag from /home/guilherme/Documents/weather_datapipeline/airflow_weather/venv/lib/python3.10/site-packages/airflow/example_dags/example_kubernetes_executor.py
[2023-05-19 18:26:08,116] {logging_mixin.py:115} INFO - [2023-05-19 18:26:08,116] {example_kubernetes_executor.py:39} WARNING - The example_kubernetes_executor example DAG requires the kubernetes provider. Please install it with: pip install apache-airflow[cncf.kubernetes]
[2023-05-19 18:26:08,116] {processor.py:653} WARNING - No viable dags retrieved from /home/guilherme/Documents/weather_datapipeline/airflow_weather/venv/lib/python3.10/site-packages/airflow/example_dags/example_kubernetes_executor.py
[2023-05-19 18:26:08,121] {processor.py:161} INFO - Processing /home/guilherme/Documents/weather_datapipeline/airflow_weather/venv/lib/python3.10/site-packages/airflow/example_dags/example_kubernetes_executor.py took 0.016 seconds
[2023-05-19 18:26:46,245] {processor.py:153} INFO - Started process (PID=20516) to work on /home/guilherme/Documents/weather_datapipeline/airflow_weather/venv/lib/python3.10/site-packages/airflow/example_dags/example_kubernetes_executor.py
[2023-05-19 18:26:46,245] {processor.py:641} INFO - Processing file /home/guilherme/Documents/weather_datapipeline/airflow_weather/venv/lib/python3.10/site-packages/airflow/example_dags/example_kubernetes_executor.py for tasks to queue
[2023-05-19 18:26:46,246] {logging_mixin.py:115} INFO - [2023-05-19 18:26:46,245] {dagbag.py:507} INFO - Filling up the DagBag from /home/guilherme/Documents/weather_datapipeline/airflow_weather/venv/lib/python3.10/site-packages/airflow/example_dags/example_kubernetes_executor.py
[2023-05-19 18:26:46,255] {logging_mixin.py:115} INFO - [2023-05-19 18:26:46,255] {example_kubernetes_executor.py:39} WARNING - The example_kubernetes_executor example DAG requires the kubernetes provider. Please install it with: pip install apache-airflow[cncf.kubernetes]
[2023-05-19 18:26:46,255] {processor.py:653} WARNING - No viable dags retrieved from /home/guilherme/Documents/weather_datapipeline/airflow_weather/venv/lib/python3.10/site-packages/airflow/example_dags/example_kubernetes_executor.py
[2023-05-19 18:26:46,260] {processor.py:161} INFO - Processing /home/guilherme/Documents/weather_datapipeline/airflow_weather/venv/lib/python3.10/site-packages/airflow/example_dags/example_kubernetes_executor.py took 0.017 seconds
[2023-05-19 18:27:17,034] {processor.py:153} INFO - Started process (PID=20650) to work on /home/guilherme/Documents/weather_datapipeline/airflow_weather/venv/lib/python3.10/site-packages/airflow/example_dags/example_kubernetes_executor.py
[2023-05-19 18:27:17,034] {processor.py:641} INFO - Processing file /home/guilherme/Documents/weather_datapipeline/airflow_weather/venv/lib/python3.10/site-packages/airflow/example_dags/example_kubernetes_executor.py for tasks to queue
[2023-05-19 18:27:17,034] {logging_mixin.py:115} INFO - [2023-05-19 18:27:17,034] {dagbag.py:507} INFO - Filling up the DagBag from /home/guilherme/Documents/weather_datapipeline/airflow_weather/venv/lib/python3.10/site-packages/airflow/example_dags/example_kubernetes_executor.py
[2023-05-19 18:27:17,043] {logging_mixin.py:115} INFO - [2023-05-19 18:27:17,043] {example_kubernetes_executor.py:39} WARNING - The example_kubernetes_executor example DAG requires the kubernetes provider. Please install it with: pip install apache-airflow[cncf.kubernetes]
[2023-05-19 18:27:17,043] {processor.py:653} WARNING - No viable dags retrieved from /home/guilherme/Documents/weather_datapipeline/airflow_weather/venv/lib/python3.10/site-packages/airflow/example_dags/example_kubernetes_executor.py
[2023-05-19 18:27:17,048] {processor.py:161} INFO - Processing /home/guilherme/Documents/weather_datapipeline/airflow_weather/venv/lib/python3.10/site-packages/airflow/example_dags/example_kubernetes_executor.py took 0.016 seconds
[2023-05-19 18:27:53,046] {processor.py:153} INFO - Started process (PID=20699) to work on /home/guilherme/Documents/weather_datapipeline/airflow_weather/venv/lib/python3.10/site-packages/airflow/example_dags/example_kubernetes_executor.py
[2023-05-19 18:27:53,047] {processor.py:641} INFO - Processing file /home/guilherme/Documents/weather_datapipeline/airflow_weather/venv/lib/python3.10/site-packages/airflow/example_dags/example_kubernetes_executor.py for tasks to queue
[2023-05-19 18:27:53,047] {logging_mixin.py:115} INFO - [2023-05-19 18:27:53,047] {dagbag.py:507} INFO - Filling up the DagBag from /home/guilherme/Documents/weather_datapipeline/airflow_weather/venv/lib/python3.10/site-packages/airflow/example_dags/example_kubernetes_executor.py
[2023-05-19 18:27:53,055] {logging_mixin.py:115} INFO - [2023-05-19 18:27:53,055] {example_kubernetes_executor.py:39} WARNING - The example_kubernetes_executor example DAG requires the kubernetes provider. Please install it with: pip install apache-airflow[cncf.kubernetes]
[2023-05-19 18:27:53,055] {processor.py:653} WARNING - No viable dags retrieved from /home/guilherme/Documents/weather_datapipeline/airflow_weather/venv/lib/python3.10/site-packages/airflow/example_dags/example_kubernetes_executor.py
[2023-05-19 18:27:53,062] {processor.py:161} INFO - Processing /home/guilherme/Documents/weather_datapipeline/airflow_weather/venv/lib/python3.10/site-packages/airflow/example_dags/example_kubernetes_executor.py took 0.017 seconds
[2023-05-19 18:28:26,335] {processor.py:153} INFO - Started process (PID=20776) to work on /home/guilherme/Documents/weather_datapipeline/airflow_weather/venv/lib/python3.10/site-packages/airflow/example_dags/example_kubernetes_executor.py
[2023-05-19 18:28:26,335] {processor.py:641} INFO - Processing file /home/guilherme/Documents/weather_datapipeline/airflow_weather/venv/lib/python3.10/site-packages/airflow/example_dags/example_kubernetes_executor.py for tasks to queue
[2023-05-19 18:28:26,335] {logging_mixin.py:115} INFO - [2023-05-19 18:28:26,335] {dagbag.py:507} INFO - Filling up the DagBag from /home/guilherme/Documents/weather_datapipeline/airflow_weather/venv/lib/python3.10/site-packages/airflow/example_dags/example_kubernetes_executor.py
[2023-05-19 18:28:26,343] {logging_mixin.py:115} INFO - [2023-05-19 18:28:26,343] {example_kubernetes_executor.py:39} WARNING - The example_kubernetes_executor example DAG requires the kubernetes provider. Please install it with: pip install apache-airflow[cncf.kubernetes]
[2023-05-19 18:28:26,343] {processor.py:653} WARNING - No viable dags retrieved from /home/guilherme/Documents/weather_datapipeline/airflow_weather/venv/lib/python3.10/site-packages/airflow/example_dags/example_kubernetes_executor.py
[2023-05-19 18:28:26,349] {processor.py:161} INFO - Processing /home/guilherme/Documents/weather_datapipeline/airflow_weather/venv/lib/python3.10/site-packages/airflow/example_dags/example_kubernetes_executor.py took 0.016 seconds
