[2023-05-19 17:59:47,792] {processor.py:153} INFO - Started process (PID=11084) to work on /home/guilherme/Documents/weather_datapipeline/airflow_weather/venv/lib/python3.10/site-packages/airflow/example_dags/example_branch_labels.py
[2023-05-19 17:59:47,792] {processor.py:641} INFO - Processing file /home/guilherme/Documents/weather_datapipeline/airflow_weather/venv/lib/python3.10/site-packages/airflow/example_dags/example_branch_labels.py for tasks to queue
[2023-05-19 17:59:47,792] {logging_mixin.py:115} INFO - [2023-05-19 17:59:47,792] {dagbag.py:507} INFO - Filling up the DagBag from /home/guilherme/Documents/weather_datapipeline/airflow_weather/venv/lib/python3.10/site-packages/airflow/example_dags/example_branch_labels.py
[2023-05-19 17:59:47,796] {processor.py:651} INFO - DAG(s) dict_keys(['example_branch_labels']) retrieved from /home/guilherme/Documents/weather_datapipeline/airflow_weather/venv/lib/python3.10/site-packages/airflow/example_dags/example_branch_labels.py
[2023-05-19 17:59:47,829] {logging_mixin.py:115} INFO - [2023-05-19 17:59:47,829] {manager.py:508} INFO - Created Permission View: can edit on DAG:example_branch_labels
[2023-05-19 17:59:47,834] {logging_mixin.py:115} INFO - [2023-05-19 17:59:47,834] {manager.py:508} INFO - Created Permission View: can delete on DAG:example_branch_labels
[2023-05-19 17:59:47,839] {logging_mixin.py:115} INFO - [2023-05-19 17:59:47,839] {manager.py:508} INFO - Created Permission View: can read on DAG:example_branch_labels
[2023-05-19 17:59:47,839] {logging_mixin.py:115} INFO - [2023-05-19 17:59:47,839] {dag.py:2379} INFO - Sync 1 DAGs
[2023-05-19 17:59:47,843] {logging_mixin.py:115} INFO - [2023-05-19 17:59:47,843] {dag.py:2398} INFO - Creating ORM DAG for example_branch_labels
[2023-05-19 17:59:47,848] {logging_mixin.py:115} INFO - [2023-05-19 17:59:47,848] {dag.py:2927} INFO - Setting next_dagrun for example_branch_labels to 2023-05-18T00:00:00+00:00, run_after=2023-05-19T00:00:00+00:00
[2023-05-19 17:59:47,856] {processor.py:161} INFO - Processing /home/guilherme/Documents/weather_datapipeline/airflow_weather/venv/lib/python3.10/site-packages/airflow/example_dags/example_branch_labels.py took 0.066 seconds
[2023-05-19 18:00:21,460] {processor.py:153} INFO - Started process (PID=11166) to work on /home/guilherme/Documents/weather_datapipeline/airflow_weather/venv/lib/python3.10/site-packages/airflow/example_dags/example_branch_labels.py
[2023-05-19 18:00:21,460] {processor.py:641} INFO - Processing file /home/guilherme/Documents/weather_datapipeline/airflow_weather/venv/lib/python3.10/site-packages/airflow/example_dags/example_branch_labels.py for tasks to queue
[2023-05-19 18:00:21,461] {logging_mixin.py:115} INFO - [2023-05-19 18:00:21,461] {dagbag.py:507} INFO - Filling up the DagBag from /home/guilherme/Documents/weather_datapipeline/airflow_weather/venv/lib/python3.10/site-packages/airflow/example_dags/example_branch_labels.py
[2023-05-19 18:00:21,464] {processor.py:651} INFO - DAG(s) dict_keys(['example_branch_labels']) retrieved from /home/guilherme/Documents/weather_datapipeline/airflow_weather/venv/lib/python3.10/site-packages/airflow/example_dags/example_branch_labels.py
[2023-05-19 18:00:21,472] {logging_mixin.py:115} INFO - [2023-05-19 18:00:21,472] {dag.py:2379} INFO - Sync 1 DAGs
[2023-05-19 18:00:21,483] {logging_mixin.py:115} INFO - [2023-05-19 18:00:21,483] {dag.py:2927} INFO - Setting next_dagrun for example_branch_labels to 2023-05-18T00:00:00+00:00, run_after=2023-05-19T00:00:00+00:00
[2023-05-19 18:00:21,489] {processor.py:161} INFO - Processing /home/guilherme/Documents/weather_datapipeline/airflow_weather/venv/lib/python3.10/site-packages/airflow/example_dags/example_branch_labels.py took 0.031 seconds
[2023-05-19 18:00:54,462] {processor.py:153} INFO - Started process (PID=11260) to work on /home/guilherme/Documents/weather_datapipeline/airflow_weather/venv/lib/python3.10/site-packages/airflow/example_dags/example_branch_labels.py
[2023-05-19 18:00:54,462] {processor.py:641} INFO - Processing file /home/guilherme/Documents/weather_datapipeline/airflow_weather/venv/lib/python3.10/site-packages/airflow/example_dags/example_branch_labels.py for tasks to queue
[2023-05-19 18:00:54,462] {logging_mixin.py:115} INFO - [2023-05-19 18:00:54,462] {dagbag.py:507} INFO - Filling up the DagBag from /home/guilherme/Documents/weather_datapipeline/airflow_weather/venv/lib/python3.10/site-packages/airflow/example_dags/example_branch_labels.py
[2023-05-19 18:00:54,466] {processor.py:651} INFO - DAG(s) dict_keys(['example_branch_labels']) retrieved from /home/guilherme/Documents/weather_datapipeline/airflow_weather/venv/lib/python3.10/site-packages/airflow/example_dags/example_branch_labels.py
[2023-05-19 18:00:54,475] {logging_mixin.py:115} INFO - [2023-05-19 18:00:54,475] {dag.py:2379} INFO - Sync 1 DAGs
[2023-05-19 18:00:54,487] {logging_mixin.py:115} INFO - [2023-05-19 18:00:54,486] {dag.py:2927} INFO - Setting next_dagrun for example_branch_labels to 2023-05-18T00:00:00+00:00, run_after=2023-05-19T00:00:00+00:00
[2023-05-19 18:00:54,493] {processor.py:161} INFO - Processing /home/guilherme/Documents/weather_datapipeline/airflow_weather/venv/lib/python3.10/site-packages/airflow/example_dags/example_branch_labels.py took 0.033 seconds
[2023-05-19 18:01:25,320] {processor.py:153} INFO - Started process (PID=11297) to work on /home/guilherme/Documents/weather_datapipeline/airflow_weather/venv/lib/python3.10/site-packages/airflow/example_dags/example_branch_labels.py
[2023-05-19 18:01:25,321] {processor.py:641} INFO - Processing file /home/guilherme/Documents/weather_datapipeline/airflow_weather/venv/lib/python3.10/site-packages/airflow/example_dags/example_branch_labels.py for tasks to queue
[2023-05-19 18:01:25,321] {logging_mixin.py:115} INFO - [2023-05-19 18:01:25,321] {dagbag.py:507} INFO - Filling up the DagBag from /home/guilherme/Documents/weather_datapipeline/airflow_weather/venv/lib/python3.10/site-packages/airflow/example_dags/example_branch_labels.py
[2023-05-19 18:01:25,324] {processor.py:651} INFO - DAG(s) dict_keys(['example_branch_labels']) retrieved from /home/guilherme/Documents/weather_datapipeline/airflow_weather/venv/lib/python3.10/site-packages/airflow/example_dags/example_branch_labels.py
[2023-05-19 18:01:25,332] {logging_mixin.py:115} INFO - [2023-05-19 18:01:25,332] {dag.py:2379} INFO - Sync 1 DAGs
[2023-05-19 18:01:25,342] {logging_mixin.py:115} INFO - [2023-05-19 18:01:25,342] {dag.py:2927} INFO - Setting next_dagrun for example_branch_labels to 2023-05-18T00:00:00+00:00, run_after=2023-05-19T00:00:00+00:00
[2023-05-19 18:01:25,348] {processor.py:161} INFO - Processing /home/guilherme/Documents/weather_datapipeline/airflow_weather/venv/lib/python3.10/site-packages/airflow/example_dags/example_branch_labels.py took 0.029 seconds
[2023-05-19 18:01:58,904] {processor.py:153} INFO - Started process (PID=11603) to work on /home/guilherme/Documents/weather_datapipeline/airflow_weather/venv/lib/python3.10/site-packages/airflow/example_dags/example_branch_labels.py
[2023-05-19 18:01:58,904] {processor.py:641} INFO - Processing file /home/guilherme/Documents/weather_datapipeline/airflow_weather/venv/lib/python3.10/site-packages/airflow/example_dags/example_branch_labels.py for tasks to queue
[2023-05-19 18:01:58,904] {logging_mixin.py:115} INFO - [2023-05-19 18:01:58,904] {dagbag.py:507} INFO - Filling up the DagBag from /home/guilherme/Documents/weather_datapipeline/airflow_weather/venv/lib/python3.10/site-packages/airflow/example_dags/example_branch_labels.py
[2023-05-19 18:01:58,908] {processor.py:651} INFO - DAG(s) dict_keys(['example_branch_labels']) retrieved from /home/guilherme/Documents/weather_datapipeline/airflow_weather/venv/lib/python3.10/site-packages/airflow/example_dags/example_branch_labels.py
[2023-05-19 18:01:58,918] {logging_mixin.py:115} INFO - [2023-05-19 18:01:58,918] {dag.py:2379} INFO - Sync 1 DAGs
[2023-05-19 18:01:58,934] {logging_mixin.py:115} INFO - [2023-05-19 18:01:58,934] {dag.py:2927} INFO - Setting next_dagrun for example_branch_labels to 2023-05-18T00:00:00+00:00, run_after=2023-05-19T00:00:00+00:00
[2023-05-19 18:01:58,941] {processor.py:161} INFO - Processing /home/guilherme/Documents/weather_datapipeline/airflow_weather/venv/lib/python3.10/site-packages/airflow/example_dags/example_branch_labels.py took 0.039 seconds
[2023-05-19 18:02:33,594] {processor.py:153} INFO - Started process (PID=11967) to work on /home/guilherme/Documents/weather_datapipeline/airflow_weather/venv/lib/python3.10/site-packages/airflow/example_dags/example_branch_labels.py
[2023-05-19 18:02:33,595] {processor.py:641} INFO - Processing file /home/guilherme/Documents/weather_datapipeline/airflow_weather/venv/lib/python3.10/site-packages/airflow/example_dags/example_branch_labels.py for tasks to queue
[2023-05-19 18:02:33,595] {logging_mixin.py:115} INFO - [2023-05-19 18:02:33,595] {dagbag.py:507} INFO - Filling up the DagBag from /home/guilherme/Documents/weather_datapipeline/airflow_weather/venv/lib/python3.10/site-packages/airflow/example_dags/example_branch_labels.py
[2023-05-19 18:02:33,598] {processor.py:651} INFO - DAG(s) dict_keys(['example_branch_labels']) retrieved from /home/guilherme/Documents/weather_datapipeline/airflow_weather/venv/lib/python3.10/site-packages/airflow/example_dags/example_branch_labels.py
[2023-05-19 18:02:33,606] {logging_mixin.py:115} INFO - [2023-05-19 18:02:33,606] {dag.py:2379} INFO - Sync 1 DAGs
[2023-05-19 18:02:33,617] {logging_mixin.py:115} INFO - [2023-05-19 18:02:33,617] {dag.py:2927} INFO - Setting next_dagrun for example_branch_labels to 2023-05-18T00:00:00+00:00, run_after=2023-05-19T00:00:00+00:00
[2023-05-19 18:02:33,623] {processor.py:161} INFO - Processing /home/guilherme/Documents/weather_datapipeline/airflow_weather/venv/lib/python3.10/site-packages/airflow/example_dags/example_branch_labels.py took 0.030 seconds
[2023-05-19 18:03:04,368] {processor.py:153} INFO - Started process (PID=12196) to work on /home/guilherme/Documents/weather_datapipeline/airflow_weather/venv/lib/python3.10/site-packages/airflow/example_dags/example_branch_labels.py
[2023-05-19 18:03:04,369] {processor.py:641} INFO - Processing file /home/guilherme/Documents/weather_datapipeline/airflow_weather/venv/lib/python3.10/site-packages/airflow/example_dags/example_branch_labels.py for tasks to queue
[2023-05-19 18:03:04,369] {logging_mixin.py:115} INFO - [2023-05-19 18:03:04,369] {dagbag.py:507} INFO - Filling up the DagBag from /home/guilherme/Documents/weather_datapipeline/airflow_weather/venv/lib/python3.10/site-packages/airflow/example_dags/example_branch_labels.py
[2023-05-19 18:03:04,373] {processor.py:651} INFO - DAG(s) dict_keys(['example_branch_labels']) retrieved from /home/guilherme/Documents/weather_datapipeline/airflow_weather/venv/lib/python3.10/site-packages/airflow/example_dags/example_branch_labels.py
[2023-05-19 18:03:04,381] {logging_mixin.py:115} INFO - [2023-05-19 18:03:04,381] {dag.py:2379} INFO - Sync 1 DAGs
[2023-05-19 18:03:04,391] {logging_mixin.py:115} INFO - [2023-05-19 18:03:04,391] {dag.py:2927} INFO - Setting next_dagrun for example_branch_labels to 2023-05-18T00:00:00+00:00, run_after=2023-05-19T00:00:00+00:00
[2023-05-19 18:03:04,397] {processor.py:161} INFO - Processing /home/guilherme/Documents/weather_datapipeline/airflow_weather/venv/lib/python3.10/site-packages/airflow/example_dags/example_branch_labels.py took 0.030 seconds
[2023-05-19 18:03:39,164] {processor.py:153} INFO - Started process (PID=12325) to work on /home/guilherme/Documents/weather_datapipeline/airflow_weather/venv/lib/python3.10/site-packages/airflow/example_dags/example_branch_labels.py
[2023-05-19 18:03:39,164] {processor.py:641} INFO - Processing file /home/guilherme/Documents/weather_datapipeline/airflow_weather/venv/lib/python3.10/site-packages/airflow/example_dags/example_branch_labels.py for tasks to queue
[2023-05-19 18:03:39,165] {logging_mixin.py:115} INFO - [2023-05-19 18:03:39,165] {dagbag.py:507} INFO - Filling up the DagBag from /home/guilherme/Documents/weather_datapipeline/airflow_weather/venv/lib/python3.10/site-packages/airflow/example_dags/example_branch_labels.py
[2023-05-19 18:03:39,168] {processor.py:651} INFO - DAG(s) dict_keys(['example_branch_labels']) retrieved from /home/guilherme/Documents/weather_datapipeline/airflow_weather/venv/lib/python3.10/site-packages/airflow/example_dags/example_branch_labels.py
[2023-05-19 18:03:39,176] {logging_mixin.py:115} INFO - [2023-05-19 18:03:39,176] {dag.py:2379} INFO - Sync 1 DAGs
[2023-05-19 18:03:39,186] {logging_mixin.py:115} INFO - [2023-05-19 18:03:39,186] {dag.py:2927} INFO - Setting next_dagrun for example_branch_labels to 2023-05-18T00:00:00+00:00, run_after=2023-05-19T00:00:00+00:00
[2023-05-19 18:03:39,192] {processor.py:161} INFO - Processing /home/guilherme/Documents/weather_datapipeline/airflow_weather/venv/lib/python3.10/site-packages/airflow/example_dags/example_branch_labels.py took 0.030 seconds
[2023-05-19 18:04:10,931] {processor.py:153} INFO - Started process (PID=12448) to work on /home/guilherme/Documents/weather_datapipeline/airflow_weather/venv/lib/python3.10/site-packages/airflow/example_dags/example_branch_labels.py
[2023-05-19 18:04:10,932] {processor.py:641} INFO - Processing file /home/guilherme/Documents/weather_datapipeline/airflow_weather/venv/lib/python3.10/site-packages/airflow/example_dags/example_branch_labels.py for tasks to queue
[2023-05-19 18:04:10,932] {logging_mixin.py:115} INFO - [2023-05-19 18:04:10,932] {dagbag.py:507} INFO - Filling up the DagBag from /home/guilherme/Documents/weather_datapipeline/airflow_weather/venv/lib/python3.10/site-packages/airflow/example_dags/example_branch_labels.py
[2023-05-19 18:04:10,936] {processor.py:651} INFO - DAG(s) dict_keys(['example_branch_labels']) retrieved from /home/guilherme/Documents/weather_datapipeline/airflow_weather/venv/lib/python3.10/site-packages/airflow/example_dags/example_branch_labels.py
[2023-05-19 18:04:10,944] {logging_mixin.py:115} INFO - [2023-05-19 18:04:10,944] {dag.py:2379} INFO - Sync 1 DAGs
[2023-05-19 18:04:10,955] {logging_mixin.py:115} INFO - [2023-05-19 18:04:10,955] {dag.py:2927} INFO - Setting next_dagrun for example_branch_labels to 2023-05-18T00:00:00+00:00, run_after=2023-05-19T00:00:00+00:00
[2023-05-19 18:04:10,961] {processor.py:161} INFO - Processing /home/guilherme/Documents/weather_datapipeline/airflow_weather/venv/lib/python3.10/site-packages/airflow/example_dags/example_branch_labels.py took 0.031 seconds
[2023-05-19 18:04:42,838] {processor.py:153} INFO - Started process (PID=12595) to work on /home/guilherme/Documents/weather_datapipeline/airflow_weather/venv/lib/python3.10/site-packages/airflow/example_dags/example_branch_labels.py
[2023-05-19 18:04:42,839] {processor.py:641} INFO - Processing file /home/guilherme/Documents/weather_datapipeline/airflow_weather/venv/lib/python3.10/site-packages/airflow/example_dags/example_branch_labels.py for tasks to queue
[2023-05-19 18:04:42,839] {logging_mixin.py:115} INFO - [2023-05-19 18:04:42,839] {dagbag.py:507} INFO - Filling up the DagBag from /home/guilherme/Documents/weather_datapipeline/airflow_weather/venv/lib/python3.10/site-packages/airflow/example_dags/example_branch_labels.py
[2023-05-19 18:04:42,843] {processor.py:651} INFO - DAG(s) dict_keys(['example_branch_labels']) retrieved from /home/guilherme/Documents/weather_datapipeline/airflow_weather/venv/lib/python3.10/site-packages/airflow/example_dags/example_branch_labels.py
[2023-05-19 18:04:42,852] {logging_mixin.py:115} INFO - [2023-05-19 18:04:42,852] {dag.py:2379} INFO - Sync 1 DAGs
[2023-05-19 18:04:42,863] {logging_mixin.py:115} INFO - [2023-05-19 18:04:42,863] {dag.py:2927} INFO - Setting next_dagrun for example_branch_labels to 2023-05-18T00:00:00+00:00, run_after=2023-05-19T00:00:00+00:00
[2023-05-19 18:04:42,869] {processor.py:161} INFO - Processing /home/guilherme/Documents/weather_datapipeline/airflow_weather/venv/lib/python3.10/site-packages/airflow/example_dags/example_branch_labels.py took 0.033 seconds
[2023-05-19 18:05:19,209] {processor.py:153} INFO - Started process (PID=12783) to work on /home/guilherme/Documents/weather_datapipeline/airflow_weather/venv/lib/python3.10/site-packages/airflow/example_dags/example_branch_labels.py
[2023-05-19 18:05:19,209] {processor.py:641} INFO - Processing file /home/guilherme/Documents/weather_datapipeline/airflow_weather/venv/lib/python3.10/site-packages/airflow/example_dags/example_branch_labels.py for tasks to queue
[2023-05-19 18:05:19,209] {logging_mixin.py:115} INFO - [2023-05-19 18:05:19,209] {dagbag.py:507} INFO - Filling up the DagBag from /home/guilherme/Documents/weather_datapipeline/airflow_weather/venv/lib/python3.10/site-packages/airflow/example_dags/example_branch_labels.py
[2023-05-19 18:05:19,213] {processor.py:651} INFO - DAG(s) dict_keys(['example_branch_labels']) retrieved from /home/guilherme/Documents/weather_datapipeline/airflow_weather/venv/lib/python3.10/site-packages/airflow/example_dags/example_branch_labels.py
[2023-05-19 18:05:19,222] {logging_mixin.py:115} INFO - [2023-05-19 18:05:19,222] {dag.py:2379} INFO - Sync 1 DAGs
[2023-05-19 18:05:19,232] {logging_mixin.py:115} INFO - [2023-05-19 18:05:19,232] {dag.py:2927} INFO - Setting next_dagrun for example_branch_labels to 2023-05-18T00:00:00+00:00, run_after=2023-05-19T00:00:00+00:00
[2023-05-19 18:05:19,239] {processor.py:161} INFO - Processing /home/guilherme/Documents/weather_datapipeline/airflow_weather/venv/lib/python3.10/site-packages/airflow/example_dags/example_branch_labels.py took 0.031 seconds
[2023-05-19 18:05:50,620] {processor.py:153} INFO - Started process (PID=13160) to work on /home/guilherme/Documents/weather_datapipeline/airflow_weather/venv/lib/python3.10/site-packages/airflow/example_dags/example_branch_labels.py
[2023-05-19 18:05:50,621] {processor.py:641} INFO - Processing file /home/guilherme/Documents/weather_datapipeline/airflow_weather/venv/lib/python3.10/site-packages/airflow/example_dags/example_branch_labels.py for tasks to queue
[2023-05-19 18:05:50,621] {logging_mixin.py:115} INFO - [2023-05-19 18:05:50,621] {dagbag.py:507} INFO - Filling up the DagBag from /home/guilherme/Documents/weather_datapipeline/airflow_weather/venv/lib/python3.10/site-packages/airflow/example_dags/example_branch_labels.py
[2023-05-19 18:05:50,625] {processor.py:651} INFO - DAG(s) dict_keys(['example_branch_labels']) retrieved from /home/guilherme/Documents/weather_datapipeline/airflow_weather/venv/lib/python3.10/site-packages/airflow/example_dags/example_branch_labels.py
[2023-05-19 18:05:50,633] {logging_mixin.py:115} INFO - [2023-05-19 18:05:50,633] {dag.py:2379} INFO - Sync 1 DAGs
[2023-05-19 18:05:50,646] {logging_mixin.py:115} INFO - [2023-05-19 18:05:50,645] {dag.py:2927} INFO - Setting next_dagrun for example_branch_labels to 2023-05-18T00:00:00+00:00, run_after=2023-05-19T00:00:00+00:00
[2023-05-19 18:05:50,652] {processor.py:161} INFO - Processing /home/guilherme/Documents/weather_datapipeline/airflow_weather/venv/lib/python3.10/site-packages/airflow/example_dags/example_branch_labels.py took 0.033 seconds
[2023-05-19 18:06:22,518] {processor.py:153} INFO - Started process (PID=13527) to work on /home/guilherme/Documents/weather_datapipeline/airflow_weather/venv/lib/python3.10/site-packages/airflow/example_dags/example_branch_labels.py
[2023-05-19 18:06:22,518] {processor.py:641} INFO - Processing file /home/guilherme/Documents/weather_datapipeline/airflow_weather/venv/lib/python3.10/site-packages/airflow/example_dags/example_branch_labels.py for tasks to queue
[2023-05-19 18:06:22,518] {logging_mixin.py:115} INFO - [2023-05-19 18:06:22,518] {dagbag.py:507} INFO - Filling up the DagBag from /home/guilherme/Documents/weather_datapipeline/airflow_weather/venv/lib/python3.10/site-packages/airflow/example_dags/example_branch_labels.py
[2023-05-19 18:06:22,521] {processor.py:651} INFO - DAG(s) dict_keys(['example_branch_labels']) retrieved from /home/guilherme/Documents/weather_datapipeline/airflow_weather/venv/lib/python3.10/site-packages/airflow/example_dags/example_branch_labels.py
[2023-05-19 18:06:22,530] {logging_mixin.py:115} INFO - [2023-05-19 18:06:22,530] {dag.py:2379} INFO - Sync 1 DAGs
[2023-05-19 18:06:22,541] {logging_mixin.py:115} INFO - [2023-05-19 18:06:22,541] {dag.py:2927} INFO - Setting next_dagrun for example_branch_labels to 2023-05-18T00:00:00+00:00, run_after=2023-05-19T00:00:00+00:00
[2023-05-19 18:06:22,547] {processor.py:161} INFO - Processing /home/guilherme/Documents/weather_datapipeline/airflow_weather/venv/lib/python3.10/site-packages/airflow/example_dags/example_branch_labels.py took 0.031 seconds
[2023-05-19 18:06:56,186] {processor.py:153} INFO - Started process (PID=14041) to work on /home/guilherme/Documents/weather_datapipeline/airflow_weather/venv/lib/python3.10/site-packages/airflow/example_dags/example_branch_labels.py
[2023-05-19 18:06:56,187] {processor.py:641} INFO - Processing file /home/guilherme/Documents/weather_datapipeline/airflow_weather/venv/lib/python3.10/site-packages/airflow/example_dags/example_branch_labels.py for tasks to queue
[2023-05-19 18:06:56,187] {logging_mixin.py:115} INFO - [2023-05-19 18:06:56,187] {dagbag.py:507} INFO - Filling up the DagBag from /home/guilherme/Documents/weather_datapipeline/airflow_weather/venv/lib/python3.10/site-packages/airflow/example_dags/example_branch_labels.py
[2023-05-19 18:06:56,190] {processor.py:651} INFO - DAG(s) dict_keys(['example_branch_labels']) retrieved from /home/guilherme/Documents/weather_datapipeline/airflow_weather/venv/lib/python3.10/site-packages/airflow/example_dags/example_branch_labels.py
[2023-05-19 18:06:56,200] {logging_mixin.py:115} INFO - [2023-05-19 18:06:56,200] {dag.py:2379} INFO - Sync 1 DAGs
[2023-05-19 18:06:56,211] {logging_mixin.py:115} INFO - [2023-05-19 18:06:56,211] {dag.py:2927} INFO - Setting next_dagrun for example_branch_labels to 2023-05-18T00:00:00+00:00, run_after=2023-05-19T00:00:00+00:00
[2023-05-19 18:06:56,221] {processor.py:161} INFO - Processing /home/guilherme/Documents/weather_datapipeline/airflow_weather/venv/lib/python3.10/site-packages/airflow/example_dags/example_branch_labels.py took 0.037 seconds
[2023-05-19 18:07:32,013] {processor.py:153} INFO - Started process (PID=14390) to work on /home/guilherme/Documents/weather_datapipeline/airflow_weather/venv/lib/python3.10/site-packages/airflow/example_dags/example_branch_labels.py
[2023-05-19 18:07:32,014] {processor.py:641} INFO - Processing file /home/guilherme/Documents/weather_datapipeline/airflow_weather/venv/lib/python3.10/site-packages/airflow/example_dags/example_branch_labels.py for tasks to queue
[2023-05-19 18:07:32,014] {logging_mixin.py:115} INFO - [2023-05-19 18:07:32,014] {dagbag.py:507} INFO - Filling up the DagBag from /home/guilherme/Documents/weather_datapipeline/airflow_weather/venv/lib/python3.10/site-packages/airflow/example_dags/example_branch_labels.py
[2023-05-19 18:07:32,017] {processor.py:651} INFO - DAG(s) dict_keys(['example_branch_labels']) retrieved from /home/guilherme/Documents/weather_datapipeline/airflow_weather/venv/lib/python3.10/site-packages/airflow/example_dags/example_branch_labels.py
[2023-05-19 18:07:32,026] {logging_mixin.py:115} INFO - [2023-05-19 18:07:32,026] {dag.py:2379} INFO - Sync 1 DAGs
[2023-05-19 18:07:32,036] {logging_mixin.py:115} INFO - [2023-05-19 18:07:32,036] {dag.py:2927} INFO - Setting next_dagrun for example_branch_labels to 2023-05-18T00:00:00+00:00, run_after=2023-05-19T00:00:00+00:00
[2023-05-19 18:07:32,042] {processor.py:161} INFO - Processing /home/guilherme/Documents/weather_datapipeline/airflow_weather/venv/lib/python3.10/site-packages/airflow/example_dags/example_branch_labels.py took 0.031 seconds
[2023-05-19 18:08:03,923] {processor.py:153} INFO - Started process (PID=14565) to work on /home/guilherme/Documents/weather_datapipeline/airflow_weather/venv/lib/python3.10/site-packages/airflow/example_dags/example_branch_labels.py
[2023-05-19 18:08:03,924] {processor.py:641} INFO - Processing file /home/guilherme/Documents/weather_datapipeline/airflow_weather/venv/lib/python3.10/site-packages/airflow/example_dags/example_branch_labels.py for tasks to queue
[2023-05-19 18:08:03,924] {logging_mixin.py:115} INFO - [2023-05-19 18:08:03,924] {dagbag.py:507} INFO - Filling up the DagBag from /home/guilherme/Documents/weather_datapipeline/airflow_weather/venv/lib/python3.10/site-packages/airflow/example_dags/example_branch_labels.py
[2023-05-19 18:08:03,927] {processor.py:651} INFO - DAG(s) dict_keys(['example_branch_labels']) retrieved from /home/guilherme/Documents/weather_datapipeline/airflow_weather/venv/lib/python3.10/site-packages/airflow/example_dags/example_branch_labels.py
[2023-05-19 18:08:03,936] {logging_mixin.py:115} INFO - [2023-05-19 18:08:03,935] {dag.py:2379} INFO - Sync 1 DAGs
[2023-05-19 18:08:03,946] {logging_mixin.py:115} INFO - [2023-05-19 18:08:03,946] {dag.py:2927} INFO - Setting next_dagrun for example_branch_labels to 2023-05-18T00:00:00+00:00, run_after=2023-05-19T00:00:00+00:00
[2023-05-19 18:08:03,952] {processor.py:161} INFO - Processing /home/guilherme/Documents/weather_datapipeline/airflow_weather/venv/lib/python3.10/site-packages/airflow/example_dags/example_branch_labels.py took 0.031 seconds
[2023-05-19 18:08:37,576] {processor.py:153} INFO - Started process (PID=14776) to work on /home/guilherme/Documents/weather_datapipeline/airflow_weather/venv/lib/python3.10/site-packages/airflow/example_dags/example_branch_labels.py
[2023-05-19 18:08:37,577] {processor.py:641} INFO - Processing file /home/guilherme/Documents/weather_datapipeline/airflow_weather/venv/lib/python3.10/site-packages/airflow/example_dags/example_branch_labels.py for tasks to queue
[2023-05-19 18:08:37,577] {logging_mixin.py:115} INFO - [2023-05-19 18:08:37,577] {dagbag.py:507} INFO - Filling up the DagBag from /home/guilherme/Documents/weather_datapipeline/airflow_weather/venv/lib/python3.10/site-packages/airflow/example_dags/example_branch_labels.py
[2023-05-19 18:08:37,580] {processor.py:651} INFO - DAG(s) dict_keys(['example_branch_labels']) retrieved from /home/guilherme/Documents/weather_datapipeline/airflow_weather/venv/lib/python3.10/site-packages/airflow/example_dags/example_branch_labels.py
[2023-05-19 18:08:37,589] {logging_mixin.py:115} INFO - [2023-05-19 18:08:37,589] {dag.py:2379} INFO - Sync 1 DAGs
[2023-05-19 18:08:37,599] {logging_mixin.py:115} INFO - [2023-05-19 18:08:37,599] {dag.py:2927} INFO - Setting next_dagrun for example_branch_labels to 2023-05-18T00:00:00+00:00, run_after=2023-05-19T00:00:00+00:00
[2023-05-19 18:08:37,604] {processor.py:161} INFO - Processing /home/guilherme/Documents/weather_datapipeline/airflow_weather/venv/lib/python3.10/site-packages/airflow/example_dags/example_branch_labels.py took 0.030 seconds
[2023-05-19 18:09:09,456] {processor.py:153} INFO - Started process (PID=14948) to work on /home/guilherme/Documents/weather_datapipeline/airflow_weather/venv/lib/python3.10/site-packages/airflow/example_dags/example_branch_labels.py
[2023-05-19 18:09:09,457] {processor.py:641} INFO - Processing file /home/guilherme/Documents/weather_datapipeline/airflow_weather/venv/lib/python3.10/site-packages/airflow/example_dags/example_branch_labels.py for tasks to queue
[2023-05-19 18:09:09,457] {logging_mixin.py:115} INFO - [2023-05-19 18:09:09,457] {dagbag.py:507} INFO - Filling up the DagBag from /home/guilherme/Documents/weather_datapipeline/airflow_weather/venv/lib/python3.10/site-packages/airflow/example_dags/example_branch_labels.py
[2023-05-19 18:09:09,460] {processor.py:651} INFO - DAG(s) dict_keys(['example_branch_labels']) retrieved from /home/guilherme/Documents/weather_datapipeline/airflow_weather/venv/lib/python3.10/site-packages/airflow/example_dags/example_branch_labels.py
[2023-05-19 18:09:09,469] {logging_mixin.py:115} INFO - [2023-05-19 18:09:09,469] {dag.py:2379} INFO - Sync 1 DAGs
[2023-05-19 18:09:09,480] {logging_mixin.py:115} INFO - [2023-05-19 18:09:09,480] {dag.py:2927} INFO - Setting next_dagrun for example_branch_labels to 2023-05-18T00:00:00+00:00, run_after=2023-05-19T00:00:00+00:00
[2023-05-19 18:09:09,487] {processor.py:161} INFO - Processing /home/guilherme/Documents/weather_datapipeline/airflow_weather/venv/lib/python3.10/site-packages/airflow/example_dags/example_branch_labels.py took 0.032 seconds
[2023-05-19 18:09:43,350] {processor.py:153} INFO - Started process (PID=15099) to work on /home/guilherme/Documents/weather_datapipeline/airflow_weather/venv/lib/python3.10/site-packages/airflow/example_dags/example_branch_labels.py
[2023-05-19 18:09:43,350] {processor.py:641} INFO - Processing file /home/guilherme/Documents/weather_datapipeline/airflow_weather/venv/lib/python3.10/site-packages/airflow/example_dags/example_branch_labels.py for tasks to queue
[2023-05-19 18:09:43,350] {logging_mixin.py:115} INFO - [2023-05-19 18:09:43,350] {dagbag.py:507} INFO - Filling up the DagBag from /home/guilherme/Documents/weather_datapipeline/airflow_weather/venv/lib/python3.10/site-packages/airflow/example_dags/example_branch_labels.py
[2023-05-19 18:09:43,354] {processor.py:651} INFO - DAG(s) dict_keys(['example_branch_labels']) retrieved from /home/guilherme/Documents/weather_datapipeline/airflow_weather/venv/lib/python3.10/site-packages/airflow/example_dags/example_branch_labels.py
[2023-05-19 18:09:43,364] {logging_mixin.py:115} INFO - [2023-05-19 18:09:43,364] {dag.py:2379} INFO - Sync 1 DAGs
[2023-05-19 18:09:43,376] {logging_mixin.py:115} INFO - [2023-05-19 18:09:43,376] {dag.py:2927} INFO - Setting next_dagrun for example_branch_labels to 2023-05-18T00:00:00+00:00, run_after=2023-05-19T00:00:00+00:00
[2023-05-19 18:09:43,382] {processor.py:161} INFO - Processing /home/guilherme/Documents/weather_datapipeline/airflow_weather/venv/lib/python3.10/site-packages/airflow/example_dags/example_branch_labels.py took 0.034 seconds
[2023-05-19 18:10:20,115] {processor.py:153} INFO - Started process (PID=15268) to work on /home/guilherme/Documents/weather_datapipeline/airflow_weather/venv/lib/python3.10/site-packages/airflow/example_dags/example_branch_labels.py
[2023-05-19 18:10:20,115] {processor.py:641} INFO - Processing file /home/guilherme/Documents/weather_datapipeline/airflow_weather/venv/lib/python3.10/site-packages/airflow/example_dags/example_branch_labels.py for tasks to queue
[2023-05-19 18:10:20,115] {logging_mixin.py:115} INFO - [2023-05-19 18:10:20,115] {dagbag.py:507} INFO - Filling up the DagBag from /home/guilherme/Documents/weather_datapipeline/airflow_weather/venv/lib/python3.10/site-packages/airflow/example_dags/example_branch_labels.py
[2023-05-19 18:10:20,118] {processor.py:651} INFO - DAG(s) dict_keys(['example_branch_labels']) retrieved from /home/guilherme/Documents/weather_datapipeline/airflow_weather/venv/lib/python3.10/site-packages/airflow/example_dags/example_branch_labels.py
[2023-05-19 18:10:20,127] {logging_mixin.py:115} INFO - [2023-05-19 18:10:20,127] {dag.py:2379} INFO - Sync 1 DAGs
[2023-05-19 18:10:20,139] {logging_mixin.py:115} INFO - [2023-05-19 18:10:20,138] {dag.py:2927} INFO - Setting next_dagrun for example_branch_labels to 2023-05-18T00:00:00+00:00, run_after=2023-05-19T00:00:00+00:00
[2023-05-19 18:10:20,145] {processor.py:161} INFO - Processing /home/guilherme/Documents/weather_datapipeline/airflow_weather/venv/lib/python3.10/site-packages/airflow/example_dags/example_branch_labels.py took 0.032 seconds
[2023-05-19 18:10:55,271] {processor.py:153} INFO - Started process (PID=15368) to work on /home/guilherme/Documents/weather_datapipeline/airflow_weather/venv/lib/python3.10/site-packages/airflow/example_dags/example_branch_labels.py
[2023-05-19 18:10:55,272] {processor.py:641} INFO - Processing file /home/guilherme/Documents/weather_datapipeline/airflow_weather/venv/lib/python3.10/site-packages/airflow/example_dags/example_branch_labels.py for tasks to queue
[2023-05-19 18:10:55,272] {logging_mixin.py:115} INFO - [2023-05-19 18:10:55,272] {dagbag.py:507} INFO - Filling up the DagBag from /home/guilherme/Documents/weather_datapipeline/airflow_weather/venv/lib/python3.10/site-packages/airflow/example_dags/example_branch_labels.py
[2023-05-19 18:10:55,276] {processor.py:651} INFO - DAG(s) dict_keys(['example_branch_labels']) retrieved from /home/guilherme/Documents/weather_datapipeline/airflow_weather/venv/lib/python3.10/site-packages/airflow/example_dags/example_branch_labels.py
[2023-05-19 18:10:55,287] {logging_mixin.py:115} INFO - [2023-05-19 18:10:55,286] {dag.py:2379} INFO - Sync 1 DAGs
[2023-05-19 18:10:55,298] {logging_mixin.py:115} INFO - [2023-05-19 18:10:55,298] {dag.py:2927} INFO - Setting next_dagrun for example_branch_labels to 2023-05-18T00:00:00+00:00, run_after=2023-05-19T00:00:00+00:00
[2023-05-19 18:10:55,305] {processor.py:161} INFO - Processing /home/guilherme/Documents/weather_datapipeline/airflow_weather/venv/lib/python3.10/site-packages/airflow/example_dags/example_branch_labels.py took 0.036 seconds
[2023-05-19 18:11:30,171] {processor.py:153} INFO - Started process (PID=15434) to work on /home/guilherme/Documents/weather_datapipeline/airflow_weather/venv/lib/python3.10/site-packages/airflow/example_dags/example_branch_labels.py
[2023-05-19 18:11:30,172] {processor.py:641} INFO - Processing file /home/guilherme/Documents/weather_datapipeline/airflow_weather/venv/lib/python3.10/site-packages/airflow/example_dags/example_branch_labels.py for tasks to queue
[2023-05-19 18:11:30,172] {logging_mixin.py:115} INFO - [2023-05-19 18:11:30,172] {dagbag.py:507} INFO - Filling up the DagBag from /home/guilherme/Documents/weather_datapipeline/airflow_weather/venv/lib/python3.10/site-packages/airflow/example_dags/example_branch_labels.py
[2023-05-19 18:11:30,176] {processor.py:651} INFO - DAG(s) dict_keys(['example_branch_labels']) retrieved from /home/guilherme/Documents/weather_datapipeline/airflow_weather/venv/lib/python3.10/site-packages/airflow/example_dags/example_branch_labels.py
[2023-05-19 18:11:30,185] {logging_mixin.py:115} INFO - [2023-05-19 18:11:30,185] {dag.py:2379} INFO - Sync 1 DAGs
[2023-05-19 18:11:30,197] {logging_mixin.py:115} INFO - [2023-05-19 18:11:30,197] {dag.py:2927} INFO - Setting next_dagrun for example_branch_labels to 2023-05-18T00:00:00+00:00, run_after=2023-05-19T00:00:00+00:00
[2023-05-19 18:11:30,203] {processor.py:161} INFO - Processing /home/guilherme/Documents/weather_datapipeline/airflow_weather/venv/lib/python3.10/site-packages/airflow/example_dags/example_branch_labels.py took 0.033 seconds
[2023-05-19 18:12:01,558] {processor.py:153} INFO - Started process (PID=15470) to work on /home/guilherme/Documents/weather_datapipeline/airflow_weather/venv/lib/python3.10/site-packages/airflow/example_dags/example_branch_labels.py
[2023-05-19 18:12:01,559] {processor.py:641} INFO - Processing file /home/guilherme/Documents/weather_datapipeline/airflow_weather/venv/lib/python3.10/site-packages/airflow/example_dags/example_branch_labels.py for tasks to queue
[2023-05-19 18:12:01,559] {logging_mixin.py:115} INFO - [2023-05-19 18:12:01,559] {dagbag.py:507} INFO - Filling up the DagBag from /home/guilherme/Documents/weather_datapipeline/airflow_weather/venv/lib/python3.10/site-packages/airflow/example_dags/example_branch_labels.py
[2023-05-19 18:12:01,562] {processor.py:651} INFO - DAG(s) dict_keys(['example_branch_labels']) retrieved from /home/guilherme/Documents/weather_datapipeline/airflow_weather/venv/lib/python3.10/site-packages/airflow/example_dags/example_branch_labels.py
[2023-05-19 18:12:01,572] {logging_mixin.py:115} INFO - [2023-05-19 18:12:01,572] {dag.py:2379} INFO - Sync 1 DAGs
[2023-05-19 18:12:01,587] {logging_mixin.py:115} INFO - [2023-05-19 18:12:01,586] {dag.py:2927} INFO - Setting next_dagrun for example_branch_labels to 2023-05-18T00:00:00+00:00, run_after=2023-05-19T00:00:00+00:00
[2023-05-19 18:12:01,596] {processor.py:161} INFO - Processing /home/guilherme/Documents/weather_datapipeline/airflow_weather/venv/lib/python3.10/site-packages/airflow/example_dags/example_branch_labels.py took 0.040 seconds
[2023-05-19 18:12:33,357] {processor.py:153} INFO - Started process (PID=15541) to work on /home/guilherme/Documents/weather_datapipeline/airflow_weather/venv/lib/python3.10/site-packages/airflow/example_dags/example_branch_labels.py
[2023-05-19 18:12:33,358] {processor.py:641} INFO - Processing file /home/guilherme/Documents/weather_datapipeline/airflow_weather/venv/lib/python3.10/site-packages/airflow/example_dags/example_branch_labels.py for tasks to queue
[2023-05-19 18:12:33,358] {logging_mixin.py:115} INFO - [2023-05-19 18:12:33,358] {dagbag.py:507} INFO - Filling up the DagBag from /home/guilherme/Documents/weather_datapipeline/airflow_weather/venv/lib/python3.10/site-packages/airflow/example_dags/example_branch_labels.py
[2023-05-19 18:12:33,361] {processor.py:651} INFO - DAG(s) dict_keys(['example_branch_labels']) retrieved from /home/guilherme/Documents/weather_datapipeline/airflow_weather/venv/lib/python3.10/site-packages/airflow/example_dags/example_branch_labels.py
[2023-05-19 18:12:33,371] {logging_mixin.py:115} INFO - [2023-05-19 18:12:33,371] {dag.py:2379} INFO - Sync 1 DAGs
[2023-05-19 18:12:33,382] {logging_mixin.py:115} INFO - [2023-05-19 18:12:33,381] {dag.py:2927} INFO - Setting next_dagrun for example_branch_labels to 2023-05-18T00:00:00+00:00, run_after=2023-05-19T00:00:00+00:00
[2023-05-19 18:12:33,388] {processor.py:161} INFO - Processing /home/guilherme/Documents/weather_datapipeline/airflow_weather/venv/lib/python3.10/site-packages/airflow/example_dags/example_branch_labels.py took 0.033 seconds
[2023-05-19 18:13:06,298] {processor.py:153} INFO - Started process (PID=15660) to work on /home/guilherme/Documents/weather_datapipeline/airflow_weather/venv/lib/python3.10/site-packages/airflow/example_dags/example_branch_labels.py
[2023-05-19 18:13:06,299] {processor.py:641} INFO - Processing file /home/guilherme/Documents/weather_datapipeline/airflow_weather/venv/lib/python3.10/site-packages/airflow/example_dags/example_branch_labels.py for tasks to queue
[2023-05-19 18:13:06,300] {logging_mixin.py:115} INFO - [2023-05-19 18:13:06,300] {dagbag.py:507} INFO - Filling up the DagBag from /home/guilherme/Documents/weather_datapipeline/airflow_weather/venv/lib/python3.10/site-packages/airflow/example_dags/example_branch_labels.py
[2023-05-19 18:13:06,303] {processor.py:651} INFO - DAG(s) dict_keys(['example_branch_labels']) retrieved from /home/guilherme/Documents/weather_datapipeline/airflow_weather/venv/lib/python3.10/site-packages/airflow/example_dags/example_branch_labels.py
[2023-05-19 18:13:06,313] {logging_mixin.py:115} INFO - [2023-05-19 18:13:06,313] {dag.py:2379} INFO - Sync 1 DAGs
[2023-05-19 18:13:06,324] {logging_mixin.py:115} INFO - [2023-05-19 18:13:06,324] {dag.py:2927} INFO - Setting next_dagrun for example_branch_labels to 2023-05-18T00:00:00+00:00, run_after=2023-05-19T00:00:00+00:00
[2023-05-19 18:13:06,330] {processor.py:161} INFO - Processing /home/guilherme/Documents/weather_datapipeline/airflow_weather/venv/lib/python3.10/site-packages/airflow/example_dags/example_branch_labels.py took 0.033 seconds
[2023-05-19 18:13:43,310] {processor.py:153} INFO - Started process (PID=15886) to work on /home/guilherme/Documents/weather_datapipeline/airflow_weather/venv/lib/python3.10/site-packages/airflow/example_dags/example_branch_labels.py
[2023-05-19 18:13:43,310] {processor.py:641} INFO - Processing file /home/guilherme/Documents/weather_datapipeline/airflow_weather/venv/lib/python3.10/site-packages/airflow/example_dags/example_branch_labels.py for tasks to queue
[2023-05-19 18:13:43,311] {logging_mixin.py:115} INFO - [2023-05-19 18:13:43,310] {dagbag.py:507} INFO - Filling up the DagBag from /home/guilherme/Documents/weather_datapipeline/airflow_weather/venv/lib/python3.10/site-packages/airflow/example_dags/example_branch_labels.py
[2023-05-19 18:13:43,314] {processor.py:651} INFO - DAG(s) dict_keys(['example_branch_labels']) retrieved from /home/guilherme/Documents/weather_datapipeline/airflow_weather/venv/lib/python3.10/site-packages/airflow/example_dags/example_branch_labels.py
[2023-05-19 18:13:43,324] {logging_mixin.py:115} INFO - [2023-05-19 18:13:43,324] {dag.py:2379} INFO - Sync 1 DAGs
[2023-05-19 18:13:43,337] {logging_mixin.py:115} INFO - [2023-05-19 18:13:43,337] {dag.py:2927} INFO - Setting next_dagrun for example_branch_labels to 2023-05-18T00:00:00+00:00, run_after=2023-05-19T00:00:00+00:00
[2023-05-19 18:13:43,343] {processor.py:161} INFO - Processing /home/guilherme/Documents/weather_datapipeline/airflow_weather/venv/lib/python3.10/site-packages/airflow/example_dags/example_branch_labels.py took 0.035 seconds
[2023-05-19 18:14:15,316] {processor.py:153} INFO - Started process (PID=16059) to work on /home/guilherme/Documents/weather_datapipeline/airflow_weather/venv/lib/python3.10/site-packages/airflow/example_dags/example_branch_labels.py
[2023-05-19 18:14:15,317] {processor.py:641} INFO - Processing file /home/guilherme/Documents/weather_datapipeline/airflow_weather/venv/lib/python3.10/site-packages/airflow/example_dags/example_branch_labels.py for tasks to queue
[2023-05-19 18:14:15,317] {logging_mixin.py:115} INFO - [2023-05-19 18:14:15,317] {dagbag.py:507} INFO - Filling up the DagBag from /home/guilherme/Documents/weather_datapipeline/airflow_weather/venv/lib/python3.10/site-packages/airflow/example_dags/example_branch_labels.py
[2023-05-19 18:14:15,320] {processor.py:651} INFO - DAG(s) dict_keys(['example_branch_labels']) retrieved from /home/guilherme/Documents/weather_datapipeline/airflow_weather/venv/lib/python3.10/site-packages/airflow/example_dags/example_branch_labels.py
[2023-05-19 18:14:15,329] {logging_mixin.py:115} INFO - [2023-05-19 18:14:15,329] {dag.py:2379} INFO - Sync 1 DAGs
[2023-05-19 18:14:15,341] {logging_mixin.py:115} INFO - [2023-05-19 18:14:15,341] {dag.py:2927} INFO - Setting next_dagrun for example_branch_labels to 2023-05-18T00:00:00+00:00, run_after=2023-05-19T00:00:00+00:00
[2023-05-19 18:14:15,348] {processor.py:161} INFO - Processing /home/guilherme/Documents/weather_datapipeline/airflow_weather/venv/lib/python3.10/site-packages/airflow/example_dags/example_branch_labels.py took 0.033 seconds
[2023-05-19 18:14:51,033] {processor.py:153} INFO - Started process (PID=16265) to work on /home/guilherme/Documents/weather_datapipeline/airflow_weather/venv/lib/python3.10/site-packages/airflow/example_dags/example_branch_labels.py
[2023-05-19 18:14:51,034] {processor.py:641} INFO - Processing file /home/guilherme/Documents/weather_datapipeline/airflow_weather/venv/lib/python3.10/site-packages/airflow/example_dags/example_branch_labels.py for tasks to queue
[2023-05-19 18:14:51,034] {logging_mixin.py:115} INFO - [2023-05-19 18:14:51,034] {dagbag.py:507} INFO - Filling up the DagBag from /home/guilherme/Documents/weather_datapipeline/airflow_weather/venv/lib/python3.10/site-packages/airflow/example_dags/example_branch_labels.py
[2023-05-19 18:14:51,038] {processor.py:651} INFO - DAG(s) dict_keys(['example_branch_labels']) retrieved from /home/guilherme/Documents/weather_datapipeline/airflow_weather/venv/lib/python3.10/site-packages/airflow/example_dags/example_branch_labels.py
[2023-05-19 18:14:51,048] {logging_mixin.py:115} INFO - [2023-05-19 18:14:51,047] {dag.py:2379} INFO - Sync 1 DAGs
[2023-05-19 18:14:51,057] {logging_mixin.py:115} INFO - [2023-05-19 18:14:51,057] {dag.py:2927} INFO - Setting next_dagrun for example_branch_labels to 2023-05-18T00:00:00+00:00, run_after=2023-05-19T00:00:00+00:00
[2023-05-19 18:14:51,062] {processor.py:161} INFO - Processing /home/guilherme/Documents/weather_datapipeline/airflow_weather/venv/lib/python3.10/site-packages/airflow/example_dags/example_branch_labels.py took 0.031 seconds
[2023-05-19 18:15:24,597] {processor.py:153} INFO - Started process (PID=16461) to work on /home/guilherme/Documents/weather_datapipeline/airflow_weather/venv/lib/python3.10/site-packages/airflow/example_dags/example_branch_labels.py
[2023-05-19 18:15:24,598] {processor.py:641} INFO - Processing file /home/guilherme/Documents/weather_datapipeline/airflow_weather/venv/lib/python3.10/site-packages/airflow/example_dags/example_branch_labels.py for tasks to queue
[2023-05-19 18:15:24,598] {logging_mixin.py:115} INFO - [2023-05-19 18:15:24,598] {dagbag.py:507} INFO - Filling up the DagBag from /home/guilherme/Documents/weather_datapipeline/airflow_weather/venv/lib/python3.10/site-packages/airflow/example_dags/example_branch_labels.py
[2023-05-19 18:15:24,601] {processor.py:651} INFO - DAG(s) dict_keys(['example_branch_labels']) retrieved from /home/guilherme/Documents/weather_datapipeline/airflow_weather/venv/lib/python3.10/site-packages/airflow/example_dags/example_branch_labels.py
[2023-05-19 18:15:24,612] {logging_mixin.py:115} INFO - [2023-05-19 18:15:24,612] {dag.py:2379} INFO - Sync 1 DAGs
[2023-05-19 18:15:24,621] {logging_mixin.py:115} INFO - [2023-05-19 18:15:24,621] {dag.py:2927} INFO - Setting next_dagrun for example_branch_labels to 2023-05-18T00:00:00+00:00, run_after=2023-05-19T00:00:00+00:00
[2023-05-19 18:15:24,627] {processor.py:161} INFO - Processing /home/guilherme/Documents/weather_datapipeline/airflow_weather/venv/lib/python3.10/site-packages/airflow/example_dags/example_branch_labels.py took 0.031 seconds
[2023-05-19 18:15:56,651] {processor.py:153} INFO - Started process (PID=16634) to work on /home/guilherme/Documents/weather_datapipeline/airflow_weather/venv/lib/python3.10/site-packages/airflow/example_dags/example_branch_labels.py
[2023-05-19 18:15:56,651] {processor.py:641} INFO - Processing file /home/guilherme/Documents/weather_datapipeline/airflow_weather/venv/lib/python3.10/site-packages/airflow/example_dags/example_branch_labels.py for tasks to queue
[2023-05-19 18:15:56,652] {logging_mixin.py:115} INFO - [2023-05-19 18:15:56,652] {dagbag.py:507} INFO - Filling up the DagBag from /home/guilherme/Documents/weather_datapipeline/airflow_weather/venv/lib/python3.10/site-packages/airflow/example_dags/example_branch_labels.py
[2023-05-19 18:15:56,655] {processor.py:651} INFO - DAG(s) dict_keys(['example_branch_labels']) retrieved from /home/guilherme/Documents/weather_datapipeline/airflow_weather/venv/lib/python3.10/site-packages/airflow/example_dags/example_branch_labels.py
[2023-05-19 18:15:56,665] {logging_mixin.py:115} INFO - [2023-05-19 18:15:56,665] {dag.py:2379} INFO - Sync 1 DAGs
[2023-05-19 18:15:56,675] {logging_mixin.py:115} INFO - [2023-05-19 18:15:56,675] {dag.py:2927} INFO - Setting next_dagrun for example_branch_labels to 2023-05-18T00:00:00+00:00, run_after=2023-05-19T00:00:00+00:00
[2023-05-19 18:15:56,680] {processor.py:161} INFO - Processing /home/guilherme/Documents/weather_datapipeline/airflow_weather/venv/lib/python3.10/site-packages/airflow/example_dags/example_branch_labels.py took 0.031 seconds
[2023-05-19 18:16:32,579] {processor.py:153} INFO - Started process (PID=16831) to work on /home/guilherme/Documents/weather_datapipeline/airflow_weather/venv/lib/python3.10/site-packages/airflow/example_dags/example_branch_labels.py
[2023-05-19 18:16:32,580] {processor.py:641} INFO - Processing file /home/guilherme/Documents/weather_datapipeline/airflow_weather/venv/lib/python3.10/site-packages/airflow/example_dags/example_branch_labels.py for tasks to queue
[2023-05-19 18:16:32,580] {logging_mixin.py:115} INFO - [2023-05-19 18:16:32,580] {dagbag.py:507} INFO - Filling up the DagBag from /home/guilherme/Documents/weather_datapipeline/airflow_weather/venv/lib/python3.10/site-packages/airflow/example_dags/example_branch_labels.py
[2023-05-19 18:16:32,583] {processor.py:651} INFO - DAG(s) dict_keys(['example_branch_labels']) retrieved from /home/guilherme/Documents/weather_datapipeline/airflow_weather/venv/lib/python3.10/site-packages/airflow/example_dags/example_branch_labels.py
[2023-05-19 18:16:32,593] {logging_mixin.py:115} INFO - [2023-05-19 18:16:32,593] {dag.py:2379} INFO - Sync 1 DAGs
[2023-05-19 18:16:32,604] {logging_mixin.py:115} INFO - [2023-05-19 18:16:32,604] {dag.py:2927} INFO - Setting next_dagrun for example_branch_labels to 2023-05-18T00:00:00+00:00, run_after=2023-05-19T00:00:00+00:00
[2023-05-19 18:16:32,610] {processor.py:161} INFO - Processing /home/guilherme/Documents/weather_datapipeline/airflow_weather/venv/lib/python3.10/site-packages/airflow/example_dags/example_branch_labels.py took 0.033 seconds
[2023-05-19 18:17:05,815] {processor.py:153} INFO - Started process (PID=17029) to work on /home/guilherme/Documents/weather_datapipeline/airflow_weather/venv/lib/python3.10/site-packages/airflow/example_dags/example_branch_labels.py
[2023-05-19 18:17:05,816] {processor.py:641} INFO - Processing file /home/guilherme/Documents/weather_datapipeline/airflow_weather/venv/lib/python3.10/site-packages/airflow/example_dags/example_branch_labels.py for tasks to queue
[2023-05-19 18:17:05,816] {logging_mixin.py:115} INFO - [2023-05-19 18:17:05,816] {dagbag.py:507} INFO - Filling up the DagBag from /home/guilherme/Documents/weather_datapipeline/airflow_weather/venv/lib/python3.10/site-packages/airflow/example_dags/example_branch_labels.py
[2023-05-19 18:17:05,820] {processor.py:651} INFO - DAG(s) dict_keys(['example_branch_labels']) retrieved from /home/guilherme/Documents/weather_datapipeline/airflow_weather/venv/lib/python3.10/site-packages/airflow/example_dags/example_branch_labels.py
[2023-05-19 18:17:05,829] {logging_mixin.py:115} INFO - [2023-05-19 18:17:05,829] {dag.py:2379} INFO - Sync 1 DAGs
[2023-05-19 18:17:05,839] {logging_mixin.py:115} INFO - [2023-05-19 18:17:05,839] {dag.py:2927} INFO - Setting next_dagrun for example_branch_labels to 2023-05-18T00:00:00+00:00, run_after=2023-05-19T00:00:00+00:00
[2023-05-19 18:17:05,844] {processor.py:161} INFO - Processing /home/guilherme/Documents/weather_datapipeline/airflow_weather/venv/lib/python3.10/site-packages/airflow/example_dags/example_branch_labels.py took 0.031 seconds
[2023-05-19 18:17:36,685] {processor.py:153} INFO - Started process (PID=17204) to work on /home/guilherme/Documents/weather_datapipeline/airflow_weather/venv/lib/python3.10/site-packages/airflow/example_dags/example_branch_labels.py
[2023-05-19 18:17:36,685] {processor.py:641} INFO - Processing file /home/guilherme/Documents/weather_datapipeline/airflow_weather/venv/lib/python3.10/site-packages/airflow/example_dags/example_branch_labels.py for tasks to queue
[2023-05-19 18:17:36,686] {logging_mixin.py:115} INFO - [2023-05-19 18:17:36,686] {dagbag.py:507} INFO - Filling up the DagBag from /home/guilherme/Documents/weather_datapipeline/airflow_weather/venv/lib/python3.10/site-packages/airflow/example_dags/example_branch_labels.py
[2023-05-19 18:17:36,689] {processor.py:651} INFO - DAG(s) dict_keys(['example_branch_labels']) retrieved from /home/guilherme/Documents/weather_datapipeline/airflow_weather/venv/lib/python3.10/site-packages/airflow/example_dags/example_branch_labels.py
[2023-05-19 18:17:36,701] {logging_mixin.py:115} INFO - [2023-05-19 18:17:36,701] {dag.py:2379} INFO - Sync 1 DAGs
[2023-05-19 18:17:36,710] {logging_mixin.py:115} INFO - [2023-05-19 18:17:36,710] {dag.py:2927} INFO - Setting next_dagrun for example_branch_labels to 2023-05-18T00:00:00+00:00, run_after=2023-05-19T00:00:00+00:00
[2023-05-19 18:17:36,717] {processor.py:161} INFO - Processing /home/guilherme/Documents/weather_datapipeline/airflow_weather/venv/lib/python3.10/site-packages/airflow/example_dags/example_branch_labels.py took 0.034 seconds
[2023-05-19 18:18:10,368] {processor.py:153} INFO - Started process (PID=17414) to work on /home/guilherme/Documents/weather_datapipeline/airflow_weather/venv/lib/python3.10/site-packages/airflow/example_dags/example_branch_labels.py
[2023-05-19 18:18:10,369] {processor.py:641} INFO - Processing file /home/guilherme/Documents/weather_datapipeline/airflow_weather/venv/lib/python3.10/site-packages/airflow/example_dags/example_branch_labels.py for tasks to queue
[2023-05-19 18:18:10,369] {logging_mixin.py:115} INFO - [2023-05-19 18:18:10,369] {dagbag.py:507} INFO - Filling up the DagBag from /home/guilherme/Documents/weather_datapipeline/airflow_weather/venv/lib/python3.10/site-packages/airflow/example_dags/example_branch_labels.py
[2023-05-19 18:18:10,373] {processor.py:651} INFO - DAG(s) dict_keys(['example_branch_labels']) retrieved from /home/guilherme/Documents/weather_datapipeline/airflow_weather/venv/lib/python3.10/site-packages/airflow/example_dags/example_branch_labels.py
[2023-05-19 18:18:10,384] {logging_mixin.py:115} INFO - [2023-05-19 18:18:10,384] {dag.py:2379} INFO - Sync 1 DAGs
[2023-05-19 18:18:10,394] {logging_mixin.py:115} INFO - [2023-05-19 18:18:10,394] {dag.py:2927} INFO - Setting next_dagrun for example_branch_labels to 2023-05-18T00:00:00+00:00, run_after=2023-05-19T00:00:00+00:00
[2023-05-19 18:18:10,401] {processor.py:161} INFO - Processing /home/guilherme/Documents/weather_datapipeline/airflow_weather/venv/lib/python3.10/site-packages/airflow/example_dags/example_branch_labels.py took 0.034 seconds
[2023-05-19 18:18:44,262] {processor.py:153} INFO - Started process (PID=17625) to work on /home/guilherme/Documents/weather_datapipeline/airflow_weather/venv/lib/python3.10/site-packages/airflow/example_dags/example_branch_labels.py
[2023-05-19 18:18:44,262] {processor.py:641} INFO - Processing file /home/guilherme/Documents/weather_datapipeline/airflow_weather/venv/lib/python3.10/site-packages/airflow/example_dags/example_branch_labels.py for tasks to queue
[2023-05-19 18:18:44,262] {logging_mixin.py:115} INFO - [2023-05-19 18:18:44,262] {dagbag.py:507} INFO - Filling up the DagBag from /home/guilherme/Documents/weather_datapipeline/airflow_weather/venv/lib/python3.10/site-packages/airflow/example_dags/example_branch_labels.py
[2023-05-19 18:18:44,265] {processor.py:651} INFO - DAG(s) dict_keys(['example_branch_labels']) retrieved from /home/guilherme/Documents/weather_datapipeline/airflow_weather/venv/lib/python3.10/site-packages/airflow/example_dags/example_branch_labels.py
[2023-05-19 18:18:44,278] {logging_mixin.py:115} INFO - [2023-05-19 18:18:44,278] {dag.py:2379} INFO - Sync 1 DAGs
[2023-05-19 18:18:44,289] {logging_mixin.py:115} INFO - [2023-05-19 18:18:44,289] {dag.py:2927} INFO - Setting next_dagrun for example_branch_labels to 2023-05-18T00:00:00+00:00, run_after=2023-05-19T00:00:00+00:00
[2023-05-19 18:18:44,296] {processor.py:161} INFO - Processing /home/guilherme/Documents/weather_datapipeline/airflow_weather/venv/lib/python3.10/site-packages/airflow/example_dags/example_branch_labels.py took 0.035 seconds
[2023-05-19 18:19:17,301] {processor.py:153} INFO - Started process (PID=18307) to work on /home/guilherme/Documents/weather_datapipeline/airflow_weather/venv/lib/python3.10/site-packages/airflow/example_dags/example_branch_labels.py
[2023-05-19 18:19:17,301] {processor.py:641} INFO - Processing file /home/guilherme/Documents/weather_datapipeline/airflow_weather/venv/lib/python3.10/site-packages/airflow/example_dags/example_branch_labels.py for tasks to queue
[2023-05-19 18:19:17,302] {logging_mixin.py:115} INFO - [2023-05-19 18:19:17,302] {dagbag.py:507} INFO - Filling up the DagBag from /home/guilherme/Documents/weather_datapipeline/airflow_weather/venv/lib/python3.10/site-packages/airflow/example_dags/example_branch_labels.py
[2023-05-19 18:19:17,306] {processor.py:651} INFO - DAG(s) dict_keys(['example_branch_labels']) retrieved from /home/guilherme/Documents/weather_datapipeline/airflow_weather/venv/lib/python3.10/site-packages/airflow/example_dags/example_branch_labels.py
[2023-05-19 18:19:17,315] {logging_mixin.py:115} INFO - [2023-05-19 18:19:17,315] {dag.py:2379} INFO - Sync 1 DAGs
[2023-05-19 18:19:17,325] {logging_mixin.py:115} INFO - [2023-05-19 18:19:17,325] {dag.py:2927} INFO - Setting next_dagrun for example_branch_labels to 2023-05-18T00:00:00+00:00, run_after=2023-05-19T00:00:00+00:00
[2023-05-19 18:19:17,331] {processor.py:161} INFO - Processing /home/guilherme/Documents/weather_datapipeline/airflow_weather/venv/lib/python3.10/site-packages/airflow/example_dags/example_branch_labels.py took 0.032 seconds
[2023-05-19 18:19:47,871] {processor.py:153} INFO - Started process (PID=18486) to work on /home/guilherme/Documents/weather_datapipeline/airflow_weather/venv/lib/python3.10/site-packages/airflow/example_dags/example_branch_labels.py
[2023-05-19 18:19:47,872] {processor.py:641} INFO - Processing file /home/guilherme/Documents/weather_datapipeline/airflow_weather/venv/lib/python3.10/site-packages/airflow/example_dags/example_branch_labels.py for tasks to queue
[2023-05-19 18:19:47,872] {logging_mixin.py:115} INFO - [2023-05-19 18:19:47,872] {dagbag.py:507} INFO - Filling up the DagBag from /home/guilherme/Documents/weather_datapipeline/airflow_weather/venv/lib/python3.10/site-packages/airflow/example_dags/example_branch_labels.py
[2023-05-19 18:19:47,875] {processor.py:651} INFO - DAG(s) dict_keys(['example_branch_labels']) retrieved from /home/guilherme/Documents/weather_datapipeline/airflow_weather/venv/lib/python3.10/site-packages/airflow/example_dags/example_branch_labels.py
[2023-05-19 18:19:47,887] {logging_mixin.py:115} INFO - [2023-05-19 18:19:47,887] {dag.py:2379} INFO - Sync 1 DAGs
[2023-05-19 18:19:47,897] {logging_mixin.py:115} INFO - [2023-05-19 18:19:47,897] {dag.py:2927} INFO - Setting next_dagrun for example_branch_labels to 2023-05-18T00:00:00+00:00, run_after=2023-05-19T00:00:00+00:00
[2023-05-19 18:19:47,905] {processor.py:161} INFO - Processing /home/guilherme/Documents/weather_datapipeline/airflow_weather/venv/lib/python3.10/site-packages/airflow/example_dags/example_branch_labels.py took 0.035 seconds
[2023-05-19 18:20:19,281] {processor.py:153} INFO - Started process (PID=18672) to work on /home/guilherme/Documents/weather_datapipeline/airflow_weather/venv/lib/python3.10/site-packages/airflow/example_dags/example_branch_labels.py
[2023-05-19 18:20:19,281] {processor.py:641} INFO - Processing file /home/guilherme/Documents/weather_datapipeline/airflow_weather/venv/lib/python3.10/site-packages/airflow/example_dags/example_branch_labels.py for tasks to queue
[2023-05-19 18:20:19,282] {logging_mixin.py:115} INFO - [2023-05-19 18:20:19,281] {dagbag.py:507} INFO - Filling up the DagBag from /home/guilherme/Documents/weather_datapipeline/airflow_weather/venv/lib/python3.10/site-packages/airflow/example_dags/example_branch_labels.py
[2023-05-19 18:20:19,285] {processor.py:651} INFO - DAG(s) dict_keys(['example_branch_labels']) retrieved from /home/guilherme/Documents/weather_datapipeline/airflow_weather/venv/lib/python3.10/site-packages/airflow/example_dags/example_branch_labels.py
[2023-05-19 18:20:19,295] {logging_mixin.py:115} INFO - [2023-05-19 18:20:19,295] {dag.py:2379} INFO - Sync 1 DAGs
[2023-05-19 18:20:19,306] {logging_mixin.py:115} INFO - [2023-05-19 18:20:19,306] {dag.py:2927} INFO - Setting next_dagrun for example_branch_labels to 2023-05-18T00:00:00+00:00, run_after=2023-05-19T00:00:00+00:00
[2023-05-19 18:20:19,312] {processor.py:161} INFO - Processing /home/guilherme/Documents/weather_datapipeline/airflow_weather/venv/lib/python3.10/site-packages/airflow/example_dags/example_branch_labels.py took 0.033 seconds
[2023-05-19 18:20:55,162] {processor.py:153} INFO - Started process (PID=18872) to work on /home/guilherme/Documents/weather_datapipeline/airflow_weather/venv/lib/python3.10/site-packages/airflow/example_dags/example_branch_labels.py
[2023-05-19 18:20:55,162] {processor.py:641} INFO - Processing file /home/guilherme/Documents/weather_datapipeline/airflow_weather/venv/lib/python3.10/site-packages/airflow/example_dags/example_branch_labels.py for tasks to queue
[2023-05-19 18:20:55,163] {logging_mixin.py:115} INFO - [2023-05-19 18:20:55,163] {dagbag.py:507} INFO - Filling up the DagBag from /home/guilherme/Documents/weather_datapipeline/airflow_weather/venv/lib/python3.10/site-packages/airflow/example_dags/example_branch_labels.py
[2023-05-19 18:20:55,166] {processor.py:651} INFO - DAG(s) dict_keys(['example_branch_labels']) retrieved from /home/guilherme/Documents/weather_datapipeline/airflow_weather/venv/lib/python3.10/site-packages/airflow/example_dags/example_branch_labels.py
[2023-05-19 18:20:55,179] {logging_mixin.py:115} INFO - [2023-05-19 18:20:55,179] {dag.py:2379} INFO - Sync 1 DAGs
[2023-05-19 18:20:55,191] {logging_mixin.py:115} INFO - [2023-05-19 18:20:55,191] {dag.py:2927} INFO - Setting next_dagrun for example_branch_labels to 2023-05-18T00:00:00+00:00, run_after=2023-05-19T00:00:00+00:00
[2023-05-19 18:20:55,198] {processor.py:161} INFO - Processing /home/guilherme/Documents/weather_datapipeline/airflow_weather/venv/lib/python3.10/site-packages/airflow/example_dags/example_branch_labels.py took 0.037 seconds
[2023-05-19 18:21:27,072] {processor.py:153} INFO - Started process (PID=19105) to work on /home/guilherme/Documents/weather_datapipeline/airflow_weather/venv/lib/python3.10/site-packages/airflow/example_dags/example_branch_labels.py
[2023-05-19 18:21:27,073] {processor.py:641} INFO - Processing file /home/guilherme/Documents/weather_datapipeline/airflow_weather/venv/lib/python3.10/site-packages/airflow/example_dags/example_branch_labels.py for tasks to queue
[2023-05-19 18:21:27,074] {logging_mixin.py:115} INFO - [2023-05-19 18:21:27,074] {dagbag.py:507} INFO - Filling up the DagBag from /home/guilherme/Documents/weather_datapipeline/airflow_weather/venv/lib/python3.10/site-packages/airflow/example_dags/example_branch_labels.py
[2023-05-19 18:21:27,077] {processor.py:651} INFO - DAG(s) dict_keys(['example_branch_labels']) retrieved from /home/guilherme/Documents/weather_datapipeline/airflow_weather/venv/lib/python3.10/site-packages/airflow/example_dags/example_branch_labels.py
[2023-05-19 18:21:27,091] {logging_mixin.py:115} INFO - [2023-05-19 18:21:27,091] {dag.py:2379} INFO - Sync 1 DAGs
[2023-05-19 18:21:27,102] {logging_mixin.py:115} INFO - [2023-05-19 18:21:27,102] {dag.py:2927} INFO - Setting next_dagrun for example_branch_labels to 2023-05-18T00:00:00+00:00, run_after=2023-05-19T00:00:00+00:00
[2023-05-19 18:21:27,110] {processor.py:161} INFO - Processing /home/guilherme/Documents/weather_datapipeline/airflow_weather/venv/lib/python3.10/site-packages/airflow/example_dags/example_branch_labels.py took 0.040 seconds
[2023-05-19 18:22:00,833] {processor.py:153} INFO - Started process (PID=19292) to work on /home/guilherme/Documents/weather_datapipeline/airflow_weather/venv/lib/python3.10/site-packages/airflow/example_dags/example_branch_labels.py
[2023-05-19 18:22:00,834] {processor.py:641} INFO - Processing file /home/guilherme/Documents/weather_datapipeline/airflow_weather/venv/lib/python3.10/site-packages/airflow/example_dags/example_branch_labels.py for tasks to queue
[2023-05-19 18:22:00,834] {logging_mixin.py:115} INFO - [2023-05-19 18:22:00,834] {dagbag.py:507} INFO - Filling up the DagBag from /home/guilherme/Documents/weather_datapipeline/airflow_weather/venv/lib/python3.10/site-packages/airflow/example_dags/example_branch_labels.py
[2023-05-19 18:22:00,837] {processor.py:651} INFO - DAG(s) dict_keys(['example_branch_labels']) retrieved from /home/guilherme/Documents/weather_datapipeline/airflow_weather/venv/lib/python3.10/site-packages/airflow/example_dags/example_branch_labels.py
[2023-05-19 18:22:00,849] {logging_mixin.py:115} INFO - [2023-05-19 18:22:00,848] {dag.py:2379} INFO - Sync 1 DAGs
[2023-05-19 18:22:00,858] {logging_mixin.py:115} INFO - [2023-05-19 18:22:00,858] {dag.py:2927} INFO - Setting next_dagrun for example_branch_labels to 2023-05-18T00:00:00+00:00, run_after=2023-05-19T00:00:00+00:00
[2023-05-19 18:22:00,864] {processor.py:161} INFO - Processing /home/guilherme/Documents/weather_datapipeline/airflow_weather/venv/lib/python3.10/site-packages/airflow/example_dags/example_branch_labels.py took 0.032 seconds
[2023-05-19 18:22:33,764] {processor.py:153} INFO - Started process (PID=19491) to work on /home/guilherme/Documents/weather_datapipeline/airflow_weather/venv/lib/python3.10/site-packages/airflow/example_dags/example_branch_labels.py
[2023-05-19 18:22:33,764] {processor.py:641} INFO - Processing file /home/guilherme/Documents/weather_datapipeline/airflow_weather/venv/lib/python3.10/site-packages/airflow/example_dags/example_branch_labels.py for tasks to queue
[2023-05-19 18:22:33,765] {logging_mixin.py:115} INFO - [2023-05-19 18:22:33,764] {dagbag.py:507} INFO - Filling up the DagBag from /home/guilherme/Documents/weather_datapipeline/airflow_weather/venv/lib/python3.10/site-packages/airflow/example_dags/example_branch_labels.py
[2023-05-19 18:22:33,768] {processor.py:651} INFO - DAG(s) dict_keys(['example_branch_labels']) retrieved from /home/guilherme/Documents/weather_datapipeline/airflow_weather/venv/lib/python3.10/site-packages/airflow/example_dags/example_branch_labels.py
[2023-05-19 18:22:33,778] {logging_mixin.py:115} INFO - [2023-05-19 18:22:33,778] {dag.py:2379} INFO - Sync 1 DAGs
[2023-05-19 18:22:33,789] {logging_mixin.py:115} INFO - [2023-05-19 18:22:33,789] {dag.py:2927} INFO - Setting next_dagrun for example_branch_labels to 2023-05-18T00:00:00+00:00, run_after=2023-05-19T00:00:00+00:00
[2023-05-19 18:22:33,797] {processor.py:161} INFO - Processing /home/guilherme/Documents/weather_datapipeline/airflow_weather/venv/lib/python3.10/site-packages/airflow/example_dags/example_branch_labels.py took 0.035 seconds
[2023-05-19 18:23:09,694] {processor.py:153} INFO - Started process (PID=19728) to work on /home/guilherme/Documents/weather_datapipeline/airflow_weather/venv/lib/python3.10/site-packages/airflow/example_dags/example_branch_labels.py
[2023-05-19 18:23:09,694] {processor.py:641} INFO - Processing file /home/guilherme/Documents/weather_datapipeline/airflow_weather/venv/lib/python3.10/site-packages/airflow/example_dags/example_branch_labels.py for tasks to queue
[2023-05-19 18:23:09,695] {logging_mixin.py:115} INFO - [2023-05-19 18:23:09,695] {dagbag.py:507} INFO - Filling up the DagBag from /home/guilherme/Documents/weather_datapipeline/airflow_weather/venv/lib/python3.10/site-packages/airflow/example_dags/example_branch_labels.py
[2023-05-19 18:23:09,698] {processor.py:651} INFO - DAG(s) dict_keys(['example_branch_labels']) retrieved from /home/guilherme/Documents/weather_datapipeline/airflow_weather/venv/lib/python3.10/site-packages/airflow/example_dags/example_branch_labels.py
[2023-05-19 18:23:09,710] {logging_mixin.py:115} INFO - [2023-05-19 18:23:09,710] {dag.py:2379} INFO - Sync 1 DAGs
[2023-05-19 18:23:09,722] {logging_mixin.py:115} INFO - [2023-05-19 18:23:09,722] {dag.py:2927} INFO - Setting next_dagrun for example_branch_labels to 2023-05-18T00:00:00+00:00, run_after=2023-05-19T00:00:00+00:00
[2023-05-19 18:23:09,728] {processor.py:161} INFO - Processing /home/guilherme/Documents/weather_datapipeline/airflow_weather/venv/lib/python3.10/site-packages/airflow/example_dags/example_branch_labels.py took 0.036 seconds
[2023-05-19 18:23:44,198] {processor.py:153} INFO - Started process (PID=19936) to work on /home/guilherme/Documents/weather_datapipeline/airflow_weather/venv/lib/python3.10/site-packages/airflow/example_dags/example_branch_labels.py
[2023-05-19 18:23:44,199] {processor.py:641} INFO - Processing file /home/guilherme/Documents/weather_datapipeline/airflow_weather/venv/lib/python3.10/site-packages/airflow/example_dags/example_branch_labels.py for tasks to queue
[2023-05-19 18:23:44,199] {logging_mixin.py:115} INFO - [2023-05-19 18:23:44,199] {dagbag.py:507} INFO - Filling up the DagBag from /home/guilherme/Documents/weather_datapipeline/airflow_weather/venv/lib/python3.10/site-packages/airflow/example_dags/example_branch_labels.py
[2023-05-19 18:23:44,202] {processor.py:651} INFO - DAG(s) dict_keys(['example_branch_labels']) retrieved from /home/guilherme/Documents/weather_datapipeline/airflow_weather/venv/lib/python3.10/site-packages/airflow/example_dags/example_branch_labels.py
[2023-05-19 18:23:44,214] {logging_mixin.py:115} INFO - [2023-05-19 18:23:44,214] {dag.py:2379} INFO - Sync 1 DAGs
[2023-05-19 18:23:44,223] {logging_mixin.py:115} INFO - [2023-05-19 18:23:44,223] {dag.py:2927} INFO - Setting next_dagrun for example_branch_labels to 2023-05-18T00:00:00+00:00, run_after=2023-05-19T00:00:00+00:00
[2023-05-19 18:23:44,230] {processor.py:161} INFO - Processing /home/guilherme/Documents/weather_datapipeline/airflow_weather/venv/lib/python3.10/site-packages/airflow/example_dags/example_branch_labels.py took 0.033 seconds
[2023-05-19 18:24:17,530] {processor.py:153} INFO - Started process (PID=20092) to work on /home/guilherme/Documents/weather_datapipeline/airflow_weather/venv/lib/python3.10/site-packages/airflow/example_dags/example_branch_labels.py
[2023-05-19 18:24:17,531] {processor.py:641} INFO - Processing file /home/guilherme/Documents/weather_datapipeline/airflow_weather/venv/lib/python3.10/site-packages/airflow/example_dags/example_branch_labels.py for tasks to queue
[2023-05-19 18:24:17,531] {logging_mixin.py:115} INFO - [2023-05-19 18:24:17,531] {dagbag.py:507} INFO - Filling up the DagBag from /home/guilherme/Documents/weather_datapipeline/airflow_weather/venv/lib/python3.10/site-packages/airflow/example_dags/example_branch_labels.py
[2023-05-19 18:24:17,535] {processor.py:651} INFO - DAG(s) dict_keys(['example_branch_labels']) retrieved from /home/guilherme/Documents/weather_datapipeline/airflow_weather/venv/lib/python3.10/site-packages/airflow/example_dags/example_branch_labels.py
[2023-05-19 18:24:17,546] {logging_mixin.py:115} INFO - [2023-05-19 18:24:17,546] {dag.py:2379} INFO - Sync 1 DAGs
[2023-05-19 18:24:17,557] {logging_mixin.py:115} INFO - [2023-05-19 18:24:17,557] {dag.py:2927} INFO - Setting next_dagrun for example_branch_labels to 2023-05-18T00:00:00+00:00, run_after=2023-05-19T00:00:00+00:00
[2023-05-19 18:24:17,564] {processor.py:161} INFO - Processing /home/guilherme/Documents/weather_datapipeline/airflow_weather/venv/lib/python3.10/site-packages/airflow/example_dags/example_branch_labels.py took 0.036 seconds
[2023-05-19 18:24:51,642] {processor.py:153} INFO - Started process (PID=20134) to work on /home/guilherme/Documents/weather_datapipeline/airflow_weather/venv/lib/python3.10/site-packages/airflow/example_dags/example_branch_labels.py
[2023-05-19 18:24:51,642] {processor.py:641} INFO - Processing file /home/guilherme/Documents/weather_datapipeline/airflow_weather/venv/lib/python3.10/site-packages/airflow/example_dags/example_branch_labels.py for tasks to queue
[2023-05-19 18:24:51,643] {logging_mixin.py:115} INFO - [2023-05-19 18:24:51,643] {dagbag.py:507} INFO - Filling up the DagBag from /home/guilherme/Documents/weather_datapipeline/airflow_weather/venv/lib/python3.10/site-packages/airflow/example_dags/example_branch_labels.py
[2023-05-19 18:24:51,646] {processor.py:651} INFO - DAG(s) dict_keys(['example_branch_labels']) retrieved from /home/guilherme/Documents/weather_datapipeline/airflow_weather/venv/lib/python3.10/site-packages/airflow/example_dags/example_branch_labels.py
[2023-05-19 18:24:51,656] {logging_mixin.py:115} INFO - [2023-05-19 18:24:51,656] {dag.py:2379} INFO - Sync 1 DAGs
[2023-05-19 18:24:51,666] {logging_mixin.py:115} INFO - [2023-05-19 18:24:51,666] {dag.py:2927} INFO - Setting next_dagrun for example_branch_labels to 2023-05-18T00:00:00+00:00, run_after=2023-05-19T00:00:00+00:00
[2023-05-19 18:24:51,672] {processor.py:161} INFO - Processing /home/guilherme/Documents/weather_datapipeline/airflow_weather/venv/lib/python3.10/site-packages/airflow/example_dags/example_branch_labels.py took 0.032 seconds
[2023-05-19 18:25:24,191] {processor.py:153} INFO - Started process (PID=20169) to work on /home/guilherme/Documents/weather_datapipeline/airflow_weather/venv/lib/python3.10/site-packages/airflow/example_dags/example_branch_labels.py
[2023-05-19 18:25:24,192] {processor.py:641} INFO - Processing file /home/guilherme/Documents/weather_datapipeline/airflow_weather/venv/lib/python3.10/site-packages/airflow/example_dags/example_branch_labels.py for tasks to queue
[2023-05-19 18:25:24,192] {logging_mixin.py:115} INFO - [2023-05-19 18:25:24,192] {dagbag.py:507} INFO - Filling up the DagBag from /home/guilherme/Documents/weather_datapipeline/airflow_weather/venv/lib/python3.10/site-packages/airflow/example_dags/example_branch_labels.py
[2023-05-19 18:25:24,195] {processor.py:651} INFO - DAG(s) dict_keys(['example_branch_labels']) retrieved from /home/guilherme/Documents/weather_datapipeline/airflow_weather/venv/lib/python3.10/site-packages/airflow/example_dags/example_branch_labels.py
[2023-05-19 18:25:24,205] {logging_mixin.py:115} INFO - [2023-05-19 18:25:24,205] {dag.py:2379} INFO - Sync 1 DAGs
[2023-05-19 18:25:24,216] {logging_mixin.py:115} INFO - [2023-05-19 18:25:24,216] {dag.py:2927} INFO - Setting next_dagrun for example_branch_labels to 2023-05-18T00:00:00+00:00, run_after=2023-05-19T00:00:00+00:00
[2023-05-19 18:25:24,226] {processor.py:161} INFO - Processing /home/guilherme/Documents/weather_datapipeline/airflow_weather/venv/lib/python3.10/site-packages/airflow/example_dags/example_branch_labels.py took 0.036 seconds
[2023-05-19 18:25:56,099] {processor.py:153} INFO - Started process (PID=20275) to work on /home/guilherme/Documents/weather_datapipeline/airflow_weather/venv/lib/python3.10/site-packages/airflow/example_dags/example_branch_labels.py
[2023-05-19 18:25:56,100] {processor.py:641} INFO - Processing file /home/guilherme/Documents/weather_datapipeline/airflow_weather/venv/lib/python3.10/site-packages/airflow/example_dags/example_branch_labels.py for tasks to queue
[2023-05-19 18:25:56,100] {logging_mixin.py:115} INFO - [2023-05-19 18:25:56,100] {dagbag.py:507} INFO - Filling up the DagBag from /home/guilherme/Documents/weather_datapipeline/airflow_weather/venv/lib/python3.10/site-packages/airflow/example_dags/example_branch_labels.py
[2023-05-19 18:25:56,103] {processor.py:651} INFO - DAG(s) dict_keys(['example_branch_labels']) retrieved from /home/guilherme/Documents/weather_datapipeline/airflow_weather/venv/lib/python3.10/site-packages/airflow/example_dags/example_branch_labels.py
[2023-05-19 18:25:56,113] {logging_mixin.py:115} INFO - [2023-05-19 18:25:56,113] {dag.py:2379} INFO - Sync 1 DAGs
[2023-05-19 18:25:56,122] {logging_mixin.py:115} INFO - [2023-05-19 18:25:56,122] {dag.py:2927} INFO - Setting next_dagrun for example_branch_labels to 2023-05-18T00:00:00+00:00, run_after=2023-05-19T00:00:00+00:00
[2023-05-19 18:25:56,128] {processor.py:161} INFO - Processing /home/guilherme/Documents/weather_datapipeline/airflow_weather/venv/lib/python3.10/site-packages/airflow/example_dags/example_branch_labels.py took 0.031 seconds
[2023-05-19 18:26:32,013] {processor.py:153} INFO - Started process (PID=20456) to work on /home/guilherme/Documents/weather_datapipeline/airflow_weather/venv/lib/python3.10/site-packages/airflow/example_dags/example_branch_labels.py
[2023-05-19 18:26:32,013] {processor.py:641} INFO - Processing file /home/guilherme/Documents/weather_datapipeline/airflow_weather/venv/lib/python3.10/site-packages/airflow/example_dags/example_branch_labels.py for tasks to queue
[2023-05-19 18:26:32,014] {logging_mixin.py:115} INFO - [2023-05-19 18:26:32,014] {dagbag.py:507} INFO - Filling up the DagBag from /home/guilherme/Documents/weather_datapipeline/airflow_weather/venv/lib/python3.10/site-packages/airflow/example_dags/example_branch_labels.py
[2023-05-19 18:26:32,017] {processor.py:651} INFO - DAG(s) dict_keys(['example_branch_labels']) retrieved from /home/guilherme/Documents/weather_datapipeline/airflow_weather/venv/lib/python3.10/site-packages/airflow/example_dags/example_branch_labels.py
[2023-05-19 18:26:32,027] {logging_mixin.py:115} INFO - [2023-05-19 18:26:32,026] {dag.py:2379} INFO - Sync 1 DAGs
[2023-05-19 18:26:32,036] {logging_mixin.py:115} INFO - [2023-05-19 18:26:32,036] {dag.py:2927} INFO - Setting next_dagrun for example_branch_labels to 2023-05-18T00:00:00+00:00, run_after=2023-05-19T00:00:00+00:00
[2023-05-19 18:26:32,043] {processor.py:161} INFO - Processing /home/guilherme/Documents/weather_datapipeline/airflow_weather/venv/lib/python3.10/site-packages/airflow/example_dags/example_branch_labels.py took 0.031 seconds
[2023-05-19 18:27:04,523] {processor.py:153} INFO - Started process (PID=20583) to work on /home/guilherme/Documents/weather_datapipeline/airflow_weather/venv/lib/python3.10/site-packages/airflow/example_dags/example_branch_labels.py
[2023-05-19 18:27:04,524] {processor.py:641} INFO - Processing file /home/guilherme/Documents/weather_datapipeline/airflow_weather/venv/lib/python3.10/site-packages/airflow/example_dags/example_branch_labels.py for tasks to queue
[2023-05-19 18:27:04,524] {logging_mixin.py:115} INFO - [2023-05-19 18:27:04,524] {dagbag.py:507} INFO - Filling up the DagBag from /home/guilherme/Documents/weather_datapipeline/airflow_weather/venv/lib/python3.10/site-packages/airflow/example_dags/example_branch_labels.py
[2023-05-19 18:27:04,527] {processor.py:651} INFO - DAG(s) dict_keys(['example_branch_labels']) retrieved from /home/guilherme/Documents/weather_datapipeline/airflow_weather/venv/lib/python3.10/site-packages/airflow/example_dags/example_branch_labels.py
[2023-05-19 18:27:04,536] {logging_mixin.py:115} INFO - [2023-05-19 18:27:04,536] {dag.py:2379} INFO - Sync 1 DAGs
[2023-05-19 18:27:04,550] {logging_mixin.py:115} INFO - [2023-05-19 18:27:04,550] {dag.py:2927} INFO - Setting next_dagrun for example_branch_labels to 2023-05-18T00:00:00+00:00, run_after=2023-05-19T00:00:00+00:00
[2023-05-19 18:27:04,557] {processor.py:161} INFO - Processing /home/guilherme/Documents/weather_datapipeline/airflow_weather/venv/lib/python3.10/site-packages/airflow/example_dags/example_branch_labels.py took 0.035 seconds
[2023-05-19 18:27:56,687] {processor.py:153} INFO - Started process (PID=20703) to work on /home/guilherme/Documents/weather_datapipeline/airflow_weather/venv/lib/python3.10/site-packages/airflow/example_dags/example_branch_labels.py
[2023-05-19 18:27:56,688] {processor.py:641} INFO - Processing file /home/guilherme/Documents/weather_datapipeline/airflow_weather/venv/lib/python3.10/site-packages/airflow/example_dags/example_branch_labels.py for tasks to queue
[2023-05-19 18:27:56,688] {logging_mixin.py:115} INFO - [2023-05-19 18:27:56,688] {dagbag.py:507} INFO - Filling up the DagBag from /home/guilherme/Documents/weather_datapipeline/airflow_weather/venv/lib/python3.10/site-packages/airflow/example_dags/example_branch_labels.py
[2023-05-19 18:27:56,691] {processor.py:651} INFO - DAG(s) dict_keys(['example_branch_labels']) retrieved from /home/guilherme/Documents/weather_datapipeline/airflow_weather/venv/lib/python3.10/site-packages/airflow/example_dags/example_branch_labels.py
[2023-05-19 18:27:56,699] {logging_mixin.py:115} INFO - [2023-05-19 18:27:56,699] {dag.py:2379} INFO - Sync 1 DAGs
[2023-05-19 18:27:56,709] {logging_mixin.py:115} INFO - [2023-05-19 18:27:56,709] {dag.py:2927} INFO - Setting next_dagrun for example_branch_labels to 2023-05-18T00:00:00+00:00, run_after=2023-05-19T00:00:00+00:00
[2023-05-19 18:27:56,716] {processor.py:161} INFO - Processing /home/guilherme/Documents/weather_datapipeline/airflow_weather/venv/lib/python3.10/site-packages/airflow/example_dags/example_branch_labels.py took 0.029 seconds
[2023-05-19 18:28:30,340] {processor.py:153} INFO - Started process (PID=20782) to work on /home/guilherme/Documents/weather_datapipeline/airflow_weather/venv/lib/python3.10/site-packages/airflow/example_dags/example_branch_labels.py
[2023-05-19 18:28:30,340] {processor.py:641} INFO - Processing file /home/guilherme/Documents/weather_datapipeline/airflow_weather/venv/lib/python3.10/site-packages/airflow/example_dags/example_branch_labels.py for tasks to queue
[2023-05-19 18:28:30,340] {logging_mixin.py:115} INFO - [2023-05-19 18:28:30,340] {dagbag.py:507} INFO - Filling up the DagBag from /home/guilherme/Documents/weather_datapipeline/airflow_weather/venv/lib/python3.10/site-packages/airflow/example_dags/example_branch_labels.py
[2023-05-19 18:28:30,343] {processor.py:651} INFO - DAG(s) dict_keys(['example_branch_labels']) retrieved from /home/guilherme/Documents/weather_datapipeline/airflow_weather/venv/lib/python3.10/site-packages/airflow/example_dags/example_branch_labels.py
[2023-05-19 18:28:30,352] {logging_mixin.py:115} INFO - [2023-05-19 18:28:30,352] {dag.py:2379} INFO - Sync 1 DAGs
[2023-05-19 18:28:30,363] {logging_mixin.py:115} INFO - [2023-05-19 18:28:30,363] {dag.py:2927} INFO - Setting next_dagrun for example_branch_labels to 2023-05-18T00:00:00+00:00, run_after=2023-05-19T00:00:00+00:00
[2023-05-19 18:28:30,370] {processor.py:161} INFO - Processing /home/guilherme/Documents/weather_datapipeline/airflow_weather/venv/lib/python3.10/site-packages/airflow/example_dags/example_branch_labels.py took 0.032 seconds
