[2023-05-19 17:59:43,788] {processor.py:153} INFO - Started process (PID=11079) to work on /home/guilherme/Documents/weather_datapipeline/airflow_weather/venv/lib/python3.10/site-packages/airflow/example_dags/example_branch_operator_decorator.py
[2023-05-19 17:59:43,788] {processor.py:641} INFO - Processing file /home/guilherme/Documents/weather_datapipeline/airflow_weather/venv/lib/python3.10/site-packages/airflow/example_dags/example_branch_operator_decorator.py for tasks to queue
[2023-05-19 17:59:43,789] {logging_mixin.py:115} INFO - [2023-05-19 17:59:43,789] {dagbag.py:507} INFO - Filling up the DagBag from /home/guilherme/Documents/weather_datapipeline/airflow_weather/venv/lib/python3.10/site-packages/airflow/example_dags/example_branch_operator_decorator.py
[2023-05-19 17:59:43,799] {processor.py:651} INFO - DAG(s) dict_keys(['example_branch_python_operator_decorator']) retrieved from /home/guilherme/Documents/weather_datapipeline/airflow_weather/venv/lib/python3.10/site-packages/airflow/example_dags/example_branch_operator_decorator.py
[2023-05-19 17:59:43,835] {logging_mixin.py:115} INFO - [2023-05-19 17:59:43,835] {manager.py:508} INFO - Created Permission View: can edit on DAG:example_branch_python_operator_decorator
[2023-05-19 17:59:43,840] {logging_mixin.py:115} INFO - [2023-05-19 17:59:43,840] {manager.py:508} INFO - Created Permission View: can delete on DAG:example_branch_python_operator_decorator
[2023-05-19 17:59:43,843] {logging_mixin.py:115} INFO - [2023-05-19 17:59:43,843] {manager.py:508} INFO - Created Permission View: can read on DAG:example_branch_python_operator_decorator
[2023-05-19 17:59:43,843] {logging_mixin.py:115} INFO - [2023-05-19 17:59:43,843] {dag.py:2379} INFO - Sync 1 DAGs
[2023-05-19 17:59:43,848] {logging_mixin.py:115} INFO - [2023-05-19 17:59:43,848] {dag.py:2398} INFO - Creating ORM DAG for example_branch_python_operator_decorator
[2023-05-19 17:59:43,855] {logging_mixin.py:115} INFO - [2023-05-19 17:59:43,854] {dag.py:2927} INFO - Setting next_dagrun for example_branch_python_operator_decorator to 2023-05-18T00:00:00+00:00, run_after=2023-05-19T00:00:00+00:00
[2023-05-19 17:59:43,862] {processor.py:161} INFO - Processing /home/guilherme/Documents/weather_datapipeline/airflow_weather/venv/lib/python3.10/site-packages/airflow/example_dags/example_branch_operator_decorator.py took 0.075 seconds
[2023-05-19 18:00:16,329] {processor.py:153} INFO - Started process (PID=11154) to work on /home/guilherme/Documents/weather_datapipeline/airflow_weather/venv/lib/python3.10/site-packages/airflow/example_dags/example_branch_operator_decorator.py
[2023-05-19 18:00:16,329] {processor.py:641} INFO - Processing file /home/guilherme/Documents/weather_datapipeline/airflow_weather/venv/lib/python3.10/site-packages/airflow/example_dags/example_branch_operator_decorator.py for tasks to queue
[2023-05-19 18:00:16,329] {logging_mixin.py:115} INFO - [2023-05-19 18:00:16,329] {dagbag.py:507} INFO - Filling up the DagBag from /home/guilherme/Documents/weather_datapipeline/airflow_weather/venv/lib/python3.10/site-packages/airflow/example_dags/example_branch_operator_decorator.py
[2023-05-19 18:00:16,340] {processor.py:651} INFO - DAG(s) dict_keys(['example_branch_python_operator_decorator']) retrieved from /home/guilherme/Documents/weather_datapipeline/airflow_weather/venv/lib/python3.10/site-packages/airflow/example_dags/example_branch_operator_decorator.py
[2023-05-19 18:00:16,355] {logging_mixin.py:115} INFO - [2023-05-19 18:00:16,354] {dag.py:2379} INFO - Sync 1 DAGs
[2023-05-19 18:00:16,367] {logging_mixin.py:115} INFO - [2023-05-19 18:00:16,367] {dag.py:2927} INFO - Setting next_dagrun for example_branch_python_operator_decorator to 2023-05-18T00:00:00+00:00, run_after=2023-05-19T00:00:00+00:00
[2023-05-19 18:00:16,378] {processor.py:161} INFO - Processing /home/guilherme/Documents/weather_datapipeline/airflow_weather/venv/lib/python3.10/site-packages/airflow/example_dags/example_branch_operator_decorator.py took 0.051 seconds
[2023-05-19 18:00:49,328] {processor.py:153} INFO - Started process (PID=11255) to work on /home/guilherme/Documents/weather_datapipeline/airflow_weather/venv/lib/python3.10/site-packages/airflow/example_dags/example_branch_operator_decorator.py
[2023-05-19 18:00:49,328] {processor.py:641} INFO - Processing file /home/guilherme/Documents/weather_datapipeline/airflow_weather/venv/lib/python3.10/site-packages/airflow/example_dags/example_branch_operator_decorator.py for tasks to queue
[2023-05-19 18:00:49,329] {logging_mixin.py:115} INFO - [2023-05-19 18:00:49,329] {dagbag.py:507} INFO - Filling up the DagBag from /home/guilherme/Documents/weather_datapipeline/airflow_weather/venv/lib/python3.10/site-packages/airflow/example_dags/example_branch_operator_decorator.py
[2023-05-19 18:00:49,339] {processor.py:651} INFO - DAG(s) dict_keys(['example_branch_python_operator_decorator']) retrieved from /home/guilherme/Documents/weather_datapipeline/airflow_weather/venv/lib/python3.10/site-packages/airflow/example_dags/example_branch_operator_decorator.py
[2023-05-19 18:00:49,350] {logging_mixin.py:115} INFO - [2023-05-19 18:00:49,350] {dag.py:2379} INFO - Sync 1 DAGs
[2023-05-19 18:00:49,362] {logging_mixin.py:115} INFO - [2023-05-19 18:00:49,362] {dag.py:2927} INFO - Setting next_dagrun for example_branch_python_operator_decorator to 2023-05-18T00:00:00+00:00, run_after=2023-05-19T00:00:00+00:00
[2023-05-19 18:00:49,369] {processor.py:161} INFO - Processing /home/guilherme/Documents/weather_datapipeline/airflow_weather/venv/lib/python3.10/site-packages/airflow/example_dags/example_branch_operator_decorator.py took 0.043 seconds
[2023-05-19 18:01:21,233] {processor.py:153} INFO - Started process (PID=11292) to work on /home/guilherme/Documents/weather_datapipeline/airflow_weather/venv/lib/python3.10/site-packages/airflow/example_dags/example_branch_operator_decorator.py
[2023-05-19 18:01:21,234] {processor.py:641} INFO - Processing file /home/guilherme/Documents/weather_datapipeline/airflow_weather/venv/lib/python3.10/site-packages/airflow/example_dags/example_branch_operator_decorator.py for tasks to queue
[2023-05-19 18:01:21,234] {logging_mixin.py:115} INFO - [2023-05-19 18:01:21,234] {dagbag.py:507} INFO - Filling up the DagBag from /home/guilherme/Documents/weather_datapipeline/airflow_weather/venv/lib/python3.10/site-packages/airflow/example_dags/example_branch_operator_decorator.py
[2023-05-19 18:01:21,244] {processor.py:651} INFO - DAG(s) dict_keys(['example_branch_python_operator_decorator']) retrieved from /home/guilherme/Documents/weather_datapipeline/airflow_weather/venv/lib/python3.10/site-packages/airflow/example_dags/example_branch_operator_decorator.py
[2023-05-19 18:01:21,253] {logging_mixin.py:115} INFO - [2023-05-19 18:01:21,253] {dag.py:2379} INFO - Sync 1 DAGs
[2023-05-19 18:01:21,262] {logging_mixin.py:115} INFO - [2023-05-19 18:01:21,262] {dag.py:2927} INFO - Setting next_dagrun for example_branch_python_operator_decorator to 2023-05-18T00:00:00+00:00, run_after=2023-05-19T00:00:00+00:00
[2023-05-19 18:01:21,268] {processor.py:161} INFO - Processing /home/guilherme/Documents/weather_datapipeline/airflow_weather/venv/lib/python3.10/site-packages/airflow/example_dags/example_branch_operator_decorator.py took 0.036 seconds
[2023-05-19 18:01:53,773] {processor.py:153} INFO - Started process (PID=11512) to work on /home/guilherme/Documents/weather_datapipeline/airflow_weather/venv/lib/python3.10/site-packages/airflow/example_dags/example_branch_operator_decorator.py
[2023-05-19 18:01:53,774] {processor.py:641} INFO - Processing file /home/guilherme/Documents/weather_datapipeline/airflow_weather/venv/lib/python3.10/site-packages/airflow/example_dags/example_branch_operator_decorator.py for tasks to queue
[2023-05-19 18:01:53,774] {logging_mixin.py:115} INFO - [2023-05-19 18:01:53,774] {dagbag.py:507} INFO - Filling up the DagBag from /home/guilherme/Documents/weather_datapipeline/airflow_weather/venv/lib/python3.10/site-packages/airflow/example_dags/example_branch_operator_decorator.py
[2023-05-19 18:01:53,784] {processor.py:651} INFO - DAG(s) dict_keys(['example_branch_python_operator_decorator']) retrieved from /home/guilherme/Documents/weather_datapipeline/airflow_weather/venv/lib/python3.10/site-packages/airflow/example_dags/example_branch_operator_decorator.py
[2023-05-19 18:01:53,794] {logging_mixin.py:115} INFO - [2023-05-19 18:01:53,794] {dag.py:2379} INFO - Sync 1 DAGs
[2023-05-19 18:01:53,803] {logging_mixin.py:115} INFO - [2023-05-19 18:01:53,803] {dag.py:2927} INFO - Setting next_dagrun for example_branch_python_operator_decorator to 2023-05-18T00:00:00+00:00, run_after=2023-05-19T00:00:00+00:00
[2023-05-19 18:01:53,809] {processor.py:161} INFO - Processing /home/guilherme/Documents/weather_datapipeline/airflow_weather/venv/lib/python3.10/site-packages/airflow/example_dags/example_branch_operator_decorator.py took 0.038 seconds
[2023-05-19 18:02:28,329] {processor.py:153} INFO - Started process (PID=11883) to work on /home/guilherme/Documents/weather_datapipeline/airflow_weather/venv/lib/python3.10/site-packages/airflow/example_dags/example_branch_operator_decorator.py
[2023-05-19 18:02:28,329] {processor.py:641} INFO - Processing file /home/guilherme/Documents/weather_datapipeline/airflow_weather/venv/lib/python3.10/site-packages/airflow/example_dags/example_branch_operator_decorator.py for tasks to queue
[2023-05-19 18:02:28,329] {logging_mixin.py:115} INFO - [2023-05-19 18:02:28,329] {dagbag.py:507} INFO - Filling up the DagBag from /home/guilherme/Documents/weather_datapipeline/airflow_weather/venv/lib/python3.10/site-packages/airflow/example_dags/example_branch_operator_decorator.py
[2023-05-19 18:02:28,340] {processor.py:651} INFO - DAG(s) dict_keys(['example_branch_python_operator_decorator']) retrieved from /home/guilherme/Documents/weather_datapipeline/airflow_weather/venv/lib/python3.10/site-packages/airflow/example_dags/example_branch_operator_decorator.py
[2023-05-19 18:02:28,350] {logging_mixin.py:115} INFO - [2023-05-19 18:02:28,350] {dag.py:2379} INFO - Sync 1 DAGs
[2023-05-19 18:02:28,359] {logging_mixin.py:115} INFO - [2023-05-19 18:02:28,359] {dag.py:2927} INFO - Setting next_dagrun for example_branch_python_operator_decorator to 2023-05-18T00:00:00+00:00, run_after=2023-05-19T00:00:00+00:00
[2023-05-19 18:02:28,365] {processor.py:161} INFO - Processing /home/guilherme/Documents/weather_datapipeline/airflow_weather/venv/lib/python3.10/site-packages/airflow/example_dags/example_branch_operator_decorator.py took 0.038 seconds
[2023-05-19 18:02:58,704] {processor.py:153} INFO - Started process (PID=12189) to work on /home/guilherme/Documents/weather_datapipeline/airflow_weather/venv/lib/python3.10/site-packages/airflow/example_dags/example_branch_operator_decorator.py
[2023-05-19 18:02:58,705] {processor.py:641} INFO - Processing file /home/guilherme/Documents/weather_datapipeline/airflow_weather/venv/lib/python3.10/site-packages/airflow/example_dags/example_branch_operator_decorator.py for tasks to queue
[2023-05-19 18:02:58,705] {logging_mixin.py:115} INFO - [2023-05-19 18:02:58,705] {dagbag.py:507} INFO - Filling up the DagBag from /home/guilherme/Documents/weather_datapipeline/airflow_weather/venv/lib/python3.10/site-packages/airflow/example_dags/example_branch_operator_decorator.py
[2023-05-19 18:02:58,715] {processor.py:651} INFO - DAG(s) dict_keys(['example_branch_python_operator_decorator']) retrieved from /home/guilherme/Documents/weather_datapipeline/airflow_weather/venv/lib/python3.10/site-packages/airflow/example_dags/example_branch_operator_decorator.py
[2023-05-19 18:02:58,725] {logging_mixin.py:115} INFO - [2023-05-19 18:02:58,725] {dag.py:2379} INFO - Sync 1 DAGs
[2023-05-19 18:02:58,737] {logging_mixin.py:115} INFO - [2023-05-19 18:02:58,737] {dag.py:2927} INFO - Setting next_dagrun for example_branch_python_operator_decorator to 2023-05-18T00:00:00+00:00, run_after=2023-05-19T00:00:00+00:00
[2023-05-19 18:02:58,744] {processor.py:161} INFO - Processing /home/guilherme/Documents/weather_datapipeline/airflow_weather/venv/lib/python3.10/site-packages/airflow/example_dags/example_branch_operator_decorator.py took 0.041 seconds
[2023-05-19 18:03:33,399] {processor.py:153} INFO - Started process (PID=12308) to work on /home/guilherme/Documents/weather_datapipeline/airflow_weather/venv/lib/python3.10/site-packages/airflow/example_dags/example_branch_operator_decorator.py
[2023-05-19 18:03:33,399] {processor.py:641} INFO - Processing file /home/guilherme/Documents/weather_datapipeline/airflow_weather/venv/lib/python3.10/site-packages/airflow/example_dags/example_branch_operator_decorator.py for tasks to queue
[2023-05-19 18:03:33,399] {logging_mixin.py:115} INFO - [2023-05-19 18:03:33,399] {dagbag.py:507} INFO - Filling up the DagBag from /home/guilherme/Documents/weather_datapipeline/airflow_weather/venv/lib/python3.10/site-packages/airflow/example_dags/example_branch_operator_decorator.py
[2023-05-19 18:03:33,409] {processor.py:651} INFO - DAG(s) dict_keys(['example_branch_python_operator_decorator']) retrieved from /home/guilherme/Documents/weather_datapipeline/airflow_weather/venv/lib/python3.10/site-packages/airflow/example_dags/example_branch_operator_decorator.py
[2023-05-19 18:03:33,419] {logging_mixin.py:115} INFO - [2023-05-19 18:03:33,419] {dag.py:2379} INFO - Sync 1 DAGs
[2023-05-19 18:03:33,428] {logging_mixin.py:115} INFO - [2023-05-19 18:03:33,428] {dag.py:2927} INFO - Setting next_dagrun for example_branch_python_operator_decorator to 2023-05-18T00:00:00+00:00, run_after=2023-05-19T00:00:00+00:00
[2023-05-19 18:03:33,433] {processor.py:161} INFO - Processing /home/guilherme/Documents/weather_datapipeline/airflow_weather/venv/lib/python3.10/site-packages/airflow/example_dags/example_branch_operator_decorator.py took 0.036 seconds
[2023-05-19 18:04:05,804] {processor.py:153} INFO - Started process (PID=12427) to work on /home/guilherme/Documents/weather_datapipeline/airflow_weather/venv/lib/python3.10/site-packages/airflow/example_dags/example_branch_operator_decorator.py
[2023-05-19 18:04:05,805] {processor.py:641} INFO - Processing file /home/guilherme/Documents/weather_datapipeline/airflow_weather/venv/lib/python3.10/site-packages/airflow/example_dags/example_branch_operator_decorator.py for tasks to queue
[2023-05-19 18:04:05,805] {logging_mixin.py:115} INFO - [2023-05-19 18:04:05,805] {dagbag.py:507} INFO - Filling up the DagBag from /home/guilherme/Documents/weather_datapipeline/airflow_weather/venv/lib/python3.10/site-packages/airflow/example_dags/example_branch_operator_decorator.py
[2023-05-19 18:04:05,814] {processor.py:651} INFO - DAG(s) dict_keys(['example_branch_python_operator_decorator']) retrieved from /home/guilherme/Documents/weather_datapipeline/airflow_weather/venv/lib/python3.10/site-packages/airflow/example_dags/example_branch_operator_decorator.py
[2023-05-19 18:04:05,824] {logging_mixin.py:115} INFO - [2023-05-19 18:04:05,824] {dag.py:2379} INFO - Sync 1 DAGs
[2023-05-19 18:04:05,833] {logging_mixin.py:115} INFO - [2023-05-19 18:04:05,832] {dag.py:2927} INFO - Setting next_dagrun for example_branch_python_operator_decorator to 2023-05-18T00:00:00+00:00, run_after=2023-05-19T00:00:00+00:00
[2023-05-19 18:04:05,838] {processor.py:161} INFO - Processing /home/guilherme/Documents/weather_datapipeline/airflow_weather/venv/lib/python3.10/site-packages/airflow/example_dags/example_branch_operator_decorator.py took 0.035 seconds
[2023-05-19 18:04:37,579] {processor.py:153} INFO - Started process (PID=12582) to work on /home/guilherme/Documents/weather_datapipeline/airflow_weather/venv/lib/python3.10/site-packages/airflow/example_dags/example_branch_operator_decorator.py
[2023-05-19 18:04:37,580] {processor.py:641} INFO - Processing file /home/guilherme/Documents/weather_datapipeline/airflow_weather/venv/lib/python3.10/site-packages/airflow/example_dags/example_branch_operator_decorator.py for tasks to queue
[2023-05-19 18:04:37,580] {logging_mixin.py:115} INFO - [2023-05-19 18:04:37,580] {dagbag.py:507} INFO - Filling up the DagBag from /home/guilherme/Documents/weather_datapipeline/airflow_weather/venv/lib/python3.10/site-packages/airflow/example_dags/example_branch_operator_decorator.py
[2023-05-19 18:04:37,592] {processor.py:651} INFO - DAG(s) dict_keys(['example_branch_python_operator_decorator']) retrieved from /home/guilherme/Documents/weather_datapipeline/airflow_weather/venv/lib/python3.10/site-packages/airflow/example_dags/example_branch_operator_decorator.py
[2023-05-19 18:04:37,600] {logging_mixin.py:115} INFO - [2023-05-19 18:04:37,600] {dag.py:2379} INFO - Sync 1 DAGs
[2023-05-19 18:04:37,609] {logging_mixin.py:115} INFO - [2023-05-19 18:04:37,609] {dag.py:2927} INFO - Setting next_dagrun for example_branch_python_operator_decorator to 2023-05-18T00:00:00+00:00, run_after=2023-05-19T00:00:00+00:00
[2023-05-19 18:04:37,618] {processor.py:161} INFO - Processing /home/guilherme/Documents/weather_datapipeline/airflow_weather/venv/lib/python3.10/site-packages/airflow/example_dags/example_branch_operator_decorator.py took 0.041 seconds
[2023-05-19 18:05:12,460] {processor.py:153} INFO - Started process (PID=12712) to work on /home/guilherme/Documents/weather_datapipeline/airflow_weather/venv/lib/python3.10/site-packages/airflow/example_dags/example_branch_operator_decorator.py
[2023-05-19 18:05:12,460] {processor.py:641} INFO - Processing file /home/guilherme/Documents/weather_datapipeline/airflow_weather/venv/lib/python3.10/site-packages/airflow/example_dags/example_branch_operator_decorator.py for tasks to queue
[2023-05-19 18:05:12,461] {logging_mixin.py:115} INFO - [2023-05-19 18:05:12,460] {dagbag.py:507} INFO - Filling up the DagBag from /home/guilherme/Documents/weather_datapipeline/airflow_weather/venv/lib/python3.10/site-packages/airflow/example_dags/example_branch_operator_decorator.py
[2023-05-19 18:05:12,471] {processor.py:651} INFO - DAG(s) dict_keys(['example_branch_python_operator_decorator']) retrieved from /home/guilherme/Documents/weather_datapipeline/airflow_weather/venv/lib/python3.10/site-packages/airflow/example_dags/example_branch_operator_decorator.py
[2023-05-19 18:05:12,480] {logging_mixin.py:115} INFO - [2023-05-19 18:05:12,480] {dag.py:2379} INFO - Sync 1 DAGs
[2023-05-19 18:05:12,489] {logging_mixin.py:115} INFO - [2023-05-19 18:05:12,489] {dag.py:2927} INFO - Setting next_dagrun for example_branch_python_operator_decorator to 2023-05-18T00:00:00+00:00, run_after=2023-05-19T00:00:00+00:00
[2023-05-19 18:05:12,496] {processor.py:161} INFO - Processing /home/guilherme/Documents/weather_datapipeline/airflow_weather/venv/lib/python3.10/site-packages/airflow/example_dags/example_branch_operator_decorator.py took 0.038 seconds
[2023-05-19 18:05:43,237] {processor.py:153} INFO - Started process (PID=12965) to work on /home/guilherme/Documents/weather_datapipeline/airflow_weather/venv/lib/python3.10/site-packages/airflow/example_dags/example_branch_operator_decorator.py
[2023-05-19 18:05:43,237] {processor.py:641} INFO - Processing file /home/guilherme/Documents/weather_datapipeline/airflow_weather/venv/lib/python3.10/site-packages/airflow/example_dags/example_branch_operator_decorator.py for tasks to queue
[2023-05-19 18:05:43,237] {logging_mixin.py:115} INFO - [2023-05-19 18:05:43,237] {dagbag.py:507} INFO - Filling up the DagBag from /home/guilherme/Documents/weather_datapipeline/airflow_weather/venv/lib/python3.10/site-packages/airflow/example_dags/example_branch_operator_decorator.py
[2023-05-19 18:05:43,248] {processor.py:651} INFO - DAG(s) dict_keys(['example_branch_python_operator_decorator']) retrieved from /home/guilherme/Documents/weather_datapipeline/airflow_weather/venv/lib/python3.10/site-packages/airflow/example_dags/example_branch_operator_decorator.py
[2023-05-19 18:05:43,256] {logging_mixin.py:115} INFO - [2023-05-19 18:05:43,256] {dag.py:2379} INFO - Sync 1 DAGs
[2023-05-19 18:05:43,265] {logging_mixin.py:115} INFO - [2023-05-19 18:05:43,265] {dag.py:2927} INFO - Setting next_dagrun for example_branch_python_operator_decorator to 2023-05-18T00:00:00+00:00, run_after=2023-05-19T00:00:00+00:00
[2023-05-19 18:05:43,271] {processor.py:161} INFO - Processing /home/guilherme/Documents/weather_datapipeline/airflow_weather/venv/lib/python3.10/site-packages/airflow/example_dags/example_branch_operator_decorator.py took 0.036 seconds
[2023-05-19 18:06:16,262] {processor.py:153} INFO - Started process (PID=13416) to work on /home/guilherme/Documents/weather_datapipeline/airflow_weather/venv/lib/python3.10/site-packages/airflow/example_dags/example_branch_operator_decorator.py
[2023-05-19 18:06:16,262] {processor.py:641} INFO - Processing file /home/guilherme/Documents/weather_datapipeline/airflow_weather/venv/lib/python3.10/site-packages/airflow/example_dags/example_branch_operator_decorator.py for tasks to queue
[2023-05-19 18:06:16,262] {logging_mixin.py:115} INFO - [2023-05-19 18:06:16,262] {dagbag.py:507} INFO - Filling up the DagBag from /home/guilherme/Documents/weather_datapipeline/airflow_weather/venv/lib/python3.10/site-packages/airflow/example_dags/example_branch_operator_decorator.py
[2023-05-19 18:06:16,273] {processor.py:651} INFO - DAG(s) dict_keys(['example_branch_python_operator_decorator']) retrieved from /home/guilherme/Documents/weather_datapipeline/airflow_weather/venv/lib/python3.10/site-packages/airflow/example_dags/example_branch_operator_decorator.py
[2023-05-19 18:06:16,280] {logging_mixin.py:115} INFO - [2023-05-19 18:06:16,280] {dag.py:2379} INFO - Sync 1 DAGs
[2023-05-19 18:06:16,289] {logging_mixin.py:115} INFO - [2023-05-19 18:06:16,289] {dag.py:2927} INFO - Setting next_dagrun for example_branch_python_operator_decorator to 2023-05-18T00:00:00+00:00, run_after=2023-05-19T00:00:00+00:00
[2023-05-19 18:06:16,294] {processor.py:161} INFO - Processing /home/guilherme/Documents/weather_datapipeline/airflow_weather/venv/lib/python3.10/site-packages/airflow/example_dags/example_branch_operator_decorator.py took 0.034 seconds
[2023-05-19 18:06:48,170] {processor.py:153} INFO - Started process (PID=13854) to work on /home/guilherme/Documents/weather_datapipeline/airflow_weather/venv/lib/python3.10/site-packages/airflow/example_dags/example_branch_operator_decorator.py
[2023-05-19 18:06:48,171] {processor.py:641} INFO - Processing file /home/guilherme/Documents/weather_datapipeline/airflow_weather/venv/lib/python3.10/site-packages/airflow/example_dags/example_branch_operator_decorator.py for tasks to queue
[2023-05-19 18:06:48,171] {logging_mixin.py:115} INFO - [2023-05-19 18:06:48,171] {dagbag.py:507} INFO - Filling up the DagBag from /home/guilherme/Documents/weather_datapipeline/airflow_weather/venv/lib/python3.10/site-packages/airflow/example_dags/example_branch_operator_decorator.py
[2023-05-19 18:06:48,185] {processor.py:651} INFO - DAG(s) dict_keys(['example_branch_python_operator_decorator']) retrieved from /home/guilherme/Documents/weather_datapipeline/airflow_weather/venv/lib/python3.10/site-packages/airflow/example_dags/example_branch_operator_decorator.py
[2023-05-19 18:06:48,195] {logging_mixin.py:115} INFO - [2023-05-19 18:06:48,195] {dag.py:2379} INFO - Sync 1 DAGs
[2023-05-19 18:06:48,209] {logging_mixin.py:115} INFO - [2023-05-19 18:06:48,209] {dag.py:2927} INFO - Setting next_dagrun for example_branch_python_operator_decorator to 2023-05-18T00:00:00+00:00, run_after=2023-05-19T00:00:00+00:00
[2023-05-19 18:06:48,216] {processor.py:161} INFO - Processing /home/guilherme/Documents/weather_datapipeline/airflow_weather/venv/lib/python3.10/site-packages/airflow/example_dags/example_branch_operator_decorator.py took 0.048 seconds
[2023-05-19 18:07:24,001] {processor.py:153} INFO - Started process (PID=14334) to work on /home/guilherme/Documents/weather_datapipeline/airflow_weather/venv/lib/python3.10/site-packages/airflow/example_dags/example_branch_operator_decorator.py
[2023-05-19 18:07:24,002] {processor.py:641} INFO - Processing file /home/guilherme/Documents/weather_datapipeline/airflow_weather/venv/lib/python3.10/site-packages/airflow/example_dags/example_branch_operator_decorator.py for tasks to queue
[2023-05-19 18:07:24,002] {logging_mixin.py:115} INFO - [2023-05-19 18:07:24,002] {dagbag.py:507} INFO - Filling up the DagBag from /home/guilherme/Documents/weather_datapipeline/airflow_weather/venv/lib/python3.10/site-packages/airflow/example_dags/example_branch_operator_decorator.py
[2023-05-19 18:07:24,014] {processor.py:651} INFO - DAG(s) dict_keys(['example_branch_python_operator_decorator']) retrieved from /home/guilherme/Documents/weather_datapipeline/airflow_weather/venv/lib/python3.10/site-packages/airflow/example_dags/example_branch_operator_decorator.py
[2023-05-19 18:07:24,023] {logging_mixin.py:115} INFO - [2023-05-19 18:07:24,023] {dag.py:2379} INFO - Sync 1 DAGs
[2023-05-19 18:07:24,032] {logging_mixin.py:115} INFO - [2023-05-19 18:07:24,032] {dag.py:2927} INFO - Setting next_dagrun for example_branch_python_operator_decorator to 2023-05-18T00:00:00+00:00, run_after=2023-05-19T00:00:00+00:00
[2023-05-19 18:07:24,038] {processor.py:161} INFO - Processing /home/guilherme/Documents/weather_datapipeline/airflow_weather/venv/lib/python3.10/site-packages/airflow/example_dags/example_branch_operator_decorator.py took 0.038 seconds
[2023-05-19 18:07:54,787] {processor.py:153} INFO - Started process (PID=14509) to work on /home/guilherme/Documents/weather_datapipeline/airflow_weather/venv/lib/python3.10/site-packages/airflow/example_dags/example_branch_operator_decorator.py
[2023-05-19 18:07:54,788] {processor.py:641} INFO - Processing file /home/guilherme/Documents/weather_datapipeline/airflow_weather/venv/lib/python3.10/site-packages/airflow/example_dags/example_branch_operator_decorator.py for tasks to queue
[2023-05-19 18:07:54,788] {logging_mixin.py:115} INFO - [2023-05-19 18:07:54,788] {dagbag.py:507} INFO - Filling up the DagBag from /home/guilherme/Documents/weather_datapipeline/airflow_weather/venv/lib/python3.10/site-packages/airflow/example_dags/example_branch_operator_decorator.py
[2023-05-19 18:07:54,801] {processor.py:651} INFO - DAG(s) dict_keys(['example_branch_python_operator_decorator']) retrieved from /home/guilherme/Documents/weather_datapipeline/airflow_weather/venv/lib/python3.10/site-packages/airflow/example_dags/example_branch_operator_decorator.py
[2023-05-19 18:07:54,808] {logging_mixin.py:115} INFO - [2023-05-19 18:07:54,808] {dag.py:2379} INFO - Sync 1 DAGs
[2023-05-19 18:07:54,817] {logging_mixin.py:115} INFO - [2023-05-19 18:07:54,817] {dag.py:2927} INFO - Setting next_dagrun for example_branch_python_operator_decorator to 2023-05-18T00:00:00+00:00, run_after=2023-05-19T00:00:00+00:00
[2023-05-19 18:07:54,823] {processor.py:161} INFO - Processing /home/guilherme/Documents/weather_datapipeline/airflow_weather/venv/lib/python3.10/site-packages/airflow/example_dags/example_branch_operator_decorator.py took 0.037 seconds
[2023-05-19 18:08:30,169] {processor.py:153} INFO - Started process (PID=14718) to work on /home/guilherme/Documents/weather_datapipeline/airflow_weather/venv/lib/python3.10/site-packages/airflow/example_dags/example_branch_operator_decorator.py
[2023-05-19 18:08:30,170] {processor.py:641} INFO - Processing file /home/guilherme/Documents/weather_datapipeline/airflow_weather/venv/lib/python3.10/site-packages/airflow/example_dags/example_branch_operator_decorator.py for tasks to queue
[2023-05-19 18:08:30,170] {logging_mixin.py:115} INFO - [2023-05-19 18:08:30,170] {dagbag.py:507} INFO - Filling up the DagBag from /home/guilherme/Documents/weather_datapipeline/airflow_weather/venv/lib/python3.10/site-packages/airflow/example_dags/example_branch_operator_decorator.py
[2023-05-19 18:08:30,182] {processor.py:651} INFO - DAG(s) dict_keys(['example_branch_python_operator_decorator']) retrieved from /home/guilherme/Documents/weather_datapipeline/airflow_weather/venv/lib/python3.10/site-packages/airflow/example_dags/example_branch_operator_decorator.py
[2023-05-19 18:08:30,190] {logging_mixin.py:115} INFO - [2023-05-19 18:08:30,190] {dag.py:2379} INFO - Sync 1 DAGs
[2023-05-19 18:08:30,199] {logging_mixin.py:115} INFO - [2023-05-19 18:08:30,199] {dag.py:2927} INFO - Setting next_dagrun for example_branch_python_operator_decorator to 2023-05-18T00:00:00+00:00, run_after=2023-05-19T00:00:00+00:00
[2023-05-19 18:08:30,206] {processor.py:161} INFO - Processing /home/guilherme/Documents/weather_datapipeline/airflow_weather/venv/lib/python3.10/site-packages/airflow/example_dags/example_branch_operator_decorator.py took 0.038 seconds
[2023-05-19 18:09:01,799] {processor.py:153} INFO - Started process (PID=14917) to work on /home/guilherme/Documents/weather_datapipeline/airflow_weather/venv/lib/python3.10/site-packages/airflow/example_dags/example_branch_operator_decorator.py
[2023-05-19 18:09:01,799] {processor.py:641} INFO - Processing file /home/guilherme/Documents/weather_datapipeline/airflow_weather/venv/lib/python3.10/site-packages/airflow/example_dags/example_branch_operator_decorator.py for tasks to queue
[2023-05-19 18:09:01,799] {logging_mixin.py:115} INFO - [2023-05-19 18:09:01,799] {dagbag.py:507} INFO - Filling up the DagBag from /home/guilherme/Documents/weather_datapipeline/airflow_weather/venv/lib/python3.10/site-packages/airflow/example_dags/example_branch_operator_decorator.py
[2023-05-19 18:09:01,810] {processor.py:651} INFO - DAG(s) dict_keys(['example_branch_python_operator_decorator']) retrieved from /home/guilherme/Documents/weather_datapipeline/airflow_weather/venv/lib/python3.10/site-packages/airflow/example_dags/example_branch_operator_decorator.py
[2023-05-19 18:09:01,818] {logging_mixin.py:115} INFO - [2023-05-19 18:09:01,818] {dag.py:2379} INFO - Sync 1 DAGs
[2023-05-19 18:09:01,827] {logging_mixin.py:115} INFO - [2023-05-19 18:09:01,827] {dag.py:2927} INFO - Setting next_dagrun for example_branch_python_operator_decorator to 2023-05-18T00:00:00+00:00, run_after=2023-05-19T00:00:00+00:00
[2023-05-19 18:09:01,833] {processor.py:161} INFO - Processing /home/guilherme/Documents/weather_datapipeline/airflow_weather/venv/lib/python3.10/site-packages/airflow/example_dags/example_branch_operator_decorator.py took 0.036 seconds
[2023-05-19 18:09:33,975] {processor.py:153} INFO - Started process (PID=15088) to work on /home/guilherme/Documents/weather_datapipeline/airflow_weather/venv/lib/python3.10/site-packages/airflow/example_dags/example_branch_operator_decorator.py
[2023-05-19 18:09:33,975] {processor.py:641} INFO - Processing file /home/guilherme/Documents/weather_datapipeline/airflow_weather/venv/lib/python3.10/site-packages/airflow/example_dags/example_branch_operator_decorator.py for tasks to queue
[2023-05-19 18:09:33,976] {logging_mixin.py:115} INFO - [2023-05-19 18:09:33,976] {dagbag.py:507} INFO - Filling up the DagBag from /home/guilherme/Documents/weather_datapipeline/airflow_weather/venv/lib/python3.10/site-packages/airflow/example_dags/example_branch_operator_decorator.py
[2023-05-19 18:09:33,987] {processor.py:651} INFO - DAG(s) dict_keys(['example_branch_python_operator_decorator']) retrieved from /home/guilherme/Documents/weather_datapipeline/airflow_weather/venv/lib/python3.10/site-packages/airflow/example_dags/example_branch_operator_decorator.py
[2023-05-19 18:09:33,995] {logging_mixin.py:115} INFO - [2023-05-19 18:09:33,995] {dag.py:2379} INFO - Sync 1 DAGs
[2023-05-19 18:09:34,004] {logging_mixin.py:115} INFO - [2023-05-19 18:09:34,004] {dag.py:2927} INFO - Setting next_dagrun for example_branch_python_operator_decorator to 2023-05-18T00:00:00+00:00, run_after=2023-05-19T00:00:00+00:00
[2023-05-19 18:09:34,009] {processor.py:161} INFO - Processing /home/guilherme/Documents/weather_datapipeline/airflow_weather/venv/lib/python3.10/site-packages/airflow/example_dags/example_branch_operator_decorator.py took 0.036 seconds
[2023-05-19 18:10:09,236] {processor.py:153} INFO - Started process (PID=15243) to work on /home/guilherme/Documents/weather_datapipeline/airflow_weather/venv/lib/python3.10/site-packages/airflow/example_dags/example_branch_operator_decorator.py
[2023-05-19 18:10:09,236] {processor.py:641} INFO - Processing file /home/guilherme/Documents/weather_datapipeline/airflow_weather/venv/lib/python3.10/site-packages/airflow/example_dags/example_branch_operator_decorator.py for tasks to queue
[2023-05-19 18:10:09,237] {logging_mixin.py:115} INFO - [2023-05-19 18:10:09,237] {dagbag.py:507} INFO - Filling up the DagBag from /home/guilherme/Documents/weather_datapipeline/airflow_weather/venv/lib/python3.10/site-packages/airflow/example_dags/example_branch_operator_decorator.py
[2023-05-19 18:10:09,249] {processor.py:651} INFO - DAG(s) dict_keys(['example_branch_python_operator_decorator']) retrieved from /home/guilherme/Documents/weather_datapipeline/airflow_weather/venv/lib/python3.10/site-packages/airflow/example_dags/example_branch_operator_decorator.py
[2023-05-19 18:10:09,258] {logging_mixin.py:115} INFO - [2023-05-19 18:10:09,258] {dag.py:2379} INFO - Sync 1 DAGs
[2023-05-19 18:10:09,269] {logging_mixin.py:115} INFO - [2023-05-19 18:10:09,269] {dag.py:2927} INFO - Setting next_dagrun for example_branch_python_operator_decorator to 2023-05-18T00:00:00+00:00, run_after=2023-05-19T00:00:00+00:00
[2023-05-19 18:10:09,276] {processor.py:161} INFO - Processing /home/guilherme/Documents/weather_datapipeline/airflow_weather/venv/lib/python3.10/site-packages/airflow/example_dags/example_branch_operator_decorator.py took 0.042 seconds
[2023-05-19 18:10:40,634] {processor.py:153} INFO - Started process (PID=15341) to work on /home/guilherme/Documents/weather_datapipeline/airflow_weather/venv/lib/python3.10/site-packages/airflow/example_dags/example_branch_operator_decorator.py
[2023-05-19 18:10:40,634] {processor.py:641} INFO - Processing file /home/guilherme/Documents/weather_datapipeline/airflow_weather/venv/lib/python3.10/site-packages/airflow/example_dags/example_branch_operator_decorator.py for tasks to queue
[2023-05-19 18:10:40,634] {logging_mixin.py:115} INFO - [2023-05-19 18:10:40,634] {dagbag.py:507} INFO - Filling up the DagBag from /home/guilherme/Documents/weather_datapipeline/airflow_weather/venv/lib/python3.10/site-packages/airflow/example_dags/example_branch_operator_decorator.py
[2023-05-19 18:10:40,648] {processor.py:651} INFO - DAG(s) dict_keys(['example_branch_python_operator_decorator']) retrieved from /home/guilherme/Documents/weather_datapipeline/airflow_weather/venv/lib/python3.10/site-packages/airflow/example_dags/example_branch_operator_decorator.py
[2023-05-19 18:10:40,657] {logging_mixin.py:115} INFO - [2023-05-19 18:10:40,657] {dag.py:2379} INFO - Sync 1 DAGs
[2023-05-19 18:10:40,668] {logging_mixin.py:115} INFO - [2023-05-19 18:10:40,668] {dag.py:2927} INFO - Setting next_dagrun for example_branch_python_operator_decorator to 2023-05-18T00:00:00+00:00, run_after=2023-05-19T00:00:00+00:00
[2023-05-19 18:10:40,674] {processor.py:161} INFO - Processing /home/guilherme/Documents/weather_datapipeline/airflow_weather/venv/lib/python3.10/site-packages/airflow/example_dags/example_branch_operator_decorator.py took 0.042 seconds
[2023-05-19 18:11:16,263] {processor.py:153} INFO - Started process (PID=15390) to work on /home/guilherme/Documents/weather_datapipeline/airflow_weather/venv/lib/python3.10/site-packages/airflow/example_dags/example_branch_operator_decorator.py
[2023-05-19 18:11:16,263] {processor.py:641} INFO - Processing file /home/guilherme/Documents/weather_datapipeline/airflow_weather/venv/lib/python3.10/site-packages/airflow/example_dags/example_branch_operator_decorator.py for tasks to queue
[2023-05-19 18:11:16,264] {logging_mixin.py:115} INFO - [2023-05-19 18:11:16,264] {dagbag.py:507} INFO - Filling up the DagBag from /home/guilherme/Documents/weather_datapipeline/airflow_weather/venv/lib/python3.10/site-packages/airflow/example_dags/example_branch_operator_decorator.py
[2023-05-19 18:11:16,275] {processor.py:651} INFO - DAG(s) dict_keys(['example_branch_python_operator_decorator']) retrieved from /home/guilherme/Documents/weather_datapipeline/airflow_weather/venv/lib/python3.10/site-packages/airflow/example_dags/example_branch_operator_decorator.py
[2023-05-19 18:11:16,285] {logging_mixin.py:115} INFO - [2023-05-19 18:11:16,285] {dag.py:2379} INFO - Sync 1 DAGs
[2023-05-19 18:11:16,295] {logging_mixin.py:115} INFO - [2023-05-19 18:11:16,294] {dag.py:2927} INFO - Setting next_dagrun for example_branch_python_operator_decorator to 2023-05-18T00:00:00+00:00, run_after=2023-05-19T00:00:00+00:00
[2023-05-19 18:11:16,301] {processor.py:161} INFO - Processing /home/guilherme/Documents/weather_datapipeline/airflow_weather/venv/lib/python3.10/site-packages/airflow/example_dags/example_branch_operator_decorator.py took 0.041 seconds
[2023-05-19 18:11:48,445] {processor.py:153} INFO - Started process (PID=15455) to work on /home/guilherme/Documents/weather_datapipeline/airflow_weather/venv/lib/python3.10/site-packages/airflow/example_dags/example_branch_operator_decorator.py
[2023-05-19 18:11:48,445] {processor.py:641} INFO - Processing file /home/guilherme/Documents/weather_datapipeline/airflow_weather/venv/lib/python3.10/site-packages/airflow/example_dags/example_branch_operator_decorator.py for tasks to queue
[2023-05-19 18:11:48,446] {logging_mixin.py:115} INFO - [2023-05-19 18:11:48,446] {dagbag.py:507} INFO - Filling up the DagBag from /home/guilherme/Documents/weather_datapipeline/airflow_weather/venv/lib/python3.10/site-packages/airflow/example_dags/example_branch_operator_decorator.py
[2023-05-19 18:11:48,458] {processor.py:651} INFO - DAG(s) dict_keys(['example_branch_python_operator_decorator']) retrieved from /home/guilherme/Documents/weather_datapipeline/airflow_weather/venv/lib/python3.10/site-packages/airflow/example_dags/example_branch_operator_decorator.py
[2023-05-19 18:11:48,467] {logging_mixin.py:115} INFO - [2023-05-19 18:11:48,467] {dag.py:2379} INFO - Sync 1 DAGs
[2023-05-19 18:11:48,476] {logging_mixin.py:115} INFO - [2023-05-19 18:11:48,476] {dag.py:2927} INFO - Setting next_dagrun for example_branch_python_operator_decorator to 2023-05-18T00:00:00+00:00, run_after=2023-05-19T00:00:00+00:00
[2023-05-19 18:11:48,483] {processor.py:161} INFO - Processing /home/guilherme/Documents/weather_datapipeline/airflow_weather/venv/lib/python3.10/site-packages/airflow/example_dags/example_branch_operator_decorator.py took 0.040 seconds
[2023-05-19 18:12:20,222] {processor.py:153} INFO - Started process (PID=15525) to work on /home/guilherme/Documents/weather_datapipeline/airflow_weather/venv/lib/python3.10/site-packages/airflow/example_dags/example_branch_operator_decorator.py
[2023-05-19 18:12:20,223] {processor.py:641} INFO - Processing file /home/guilherme/Documents/weather_datapipeline/airflow_weather/venv/lib/python3.10/site-packages/airflow/example_dags/example_branch_operator_decorator.py for tasks to queue
[2023-05-19 18:12:20,223] {logging_mixin.py:115} INFO - [2023-05-19 18:12:20,223] {dagbag.py:507} INFO - Filling up the DagBag from /home/guilherme/Documents/weather_datapipeline/airflow_weather/venv/lib/python3.10/site-packages/airflow/example_dags/example_branch_operator_decorator.py
[2023-05-19 18:12:20,236] {processor.py:651} INFO - DAG(s) dict_keys(['example_branch_python_operator_decorator']) retrieved from /home/guilherme/Documents/weather_datapipeline/airflow_weather/venv/lib/python3.10/site-packages/airflow/example_dags/example_branch_operator_decorator.py
[2023-05-19 18:12:20,245] {logging_mixin.py:115} INFO - [2023-05-19 18:12:20,245] {dag.py:2379} INFO - Sync 1 DAGs
[2023-05-19 18:12:20,254] {logging_mixin.py:115} INFO - [2023-05-19 18:12:20,254] {dag.py:2927} INFO - Setting next_dagrun for example_branch_python_operator_decorator to 2023-05-18T00:00:00+00:00, run_after=2023-05-19T00:00:00+00:00
[2023-05-19 18:12:20,261] {processor.py:161} INFO - Processing /home/guilherme/Documents/weather_datapipeline/airflow_weather/venv/lib/python3.10/site-packages/airflow/example_dags/example_branch_operator_decorator.py took 0.041 seconds
[2023-05-19 18:12:52,035] {processor.py:153} INFO - Started process (PID=15564) to work on /home/guilherme/Documents/weather_datapipeline/airflow_weather/venv/lib/python3.10/site-packages/airflow/example_dags/example_branch_operator_decorator.py
[2023-05-19 18:12:52,036] {processor.py:641} INFO - Processing file /home/guilherme/Documents/weather_datapipeline/airflow_weather/venv/lib/python3.10/site-packages/airflow/example_dags/example_branch_operator_decorator.py for tasks to queue
[2023-05-19 18:12:52,036] {logging_mixin.py:115} INFO - [2023-05-19 18:12:52,036] {dagbag.py:507} INFO - Filling up the DagBag from /home/guilherme/Documents/weather_datapipeline/airflow_weather/venv/lib/python3.10/site-packages/airflow/example_dags/example_branch_operator_decorator.py
[2023-05-19 18:12:52,049] {processor.py:651} INFO - DAG(s) dict_keys(['example_branch_python_operator_decorator']) retrieved from /home/guilherme/Documents/weather_datapipeline/airflow_weather/venv/lib/python3.10/site-packages/airflow/example_dags/example_branch_operator_decorator.py
[2023-05-19 18:12:52,059] {logging_mixin.py:115} INFO - [2023-05-19 18:12:52,059] {dag.py:2379} INFO - Sync 1 DAGs
[2023-05-19 18:12:52,070] {logging_mixin.py:115} INFO - [2023-05-19 18:12:52,070] {dag.py:2927} INFO - Setting next_dagrun for example_branch_python_operator_decorator to 2023-05-18T00:00:00+00:00, run_after=2023-05-19T00:00:00+00:00
[2023-05-19 18:12:52,078] {processor.py:161} INFO - Processing /home/guilherme/Documents/weather_datapipeline/airflow_weather/venv/lib/python3.10/site-packages/airflow/example_dags/example_branch_operator_decorator.py took 0.045 seconds
[2023-05-19 18:13:26,789] {processor.py:153} INFO - Started process (PID=15799) to work on /home/guilherme/Documents/weather_datapipeline/airflow_weather/venv/lib/python3.10/site-packages/airflow/example_dags/example_branch_operator_decorator.py
[2023-05-19 18:13:26,790] {processor.py:641} INFO - Processing file /home/guilherme/Documents/weather_datapipeline/airflow_weather/venv/lib/python3.10/site-packages/airflow/example_dags/example_branch_operator_decorator.py for tasks to queue
[2023-05-19 18:13:26,790] {logging_mixin.py:115} INFO - [2023-05-19 18:13:26,790] {dagbag.py:507} INFO - Filling up the DagBag from /home/guilherme/Documents/weather_datapipeline/airflow_weather/venv/lib/python3.10/site-packages/airflow/example_dags/example_branch_operator_decorator.py
[2023-05-19 18:13:26,801] {processor.py:651} INFO - DAG(s) dict_keys(['example_branch_python_operator_decorator']) retrieved from /home/guilherme/Documents/weather_datapipeline/airflow_weather/venv/lib/python3.10/site-packages/airflow/example_dags/example_branch_operator_decorator.py
[2023-05-19 18:13:26,809] {logging_mixin.py:115} INFO - [2023-05-19 18:13:26,809] {dag.py:2379} INFO - Sync 1 DAGs
[2023-05-19 18:13:26,819] {logging_mixin.py:115} INFO - [2023-05-19 18:13:26,819] {dag.py:2927} INFO - Setting next_dagrun for example_branch_python_operator_decorator to 2023-05-18T00:00:00+00:00, run_after=2023-05-19T00:00:00+00:00
[2023-05-19 18:13:26,824] {processor.py:161} INFO - Processing /home/guilherme/Documents/weather_datapipeline/airflow_weather/venv/lib/python3.10/site-packages/airflow/example_dags/example_branch_operator_decorator.py took 0.037 seconds
[2023-05-19 18:14:00,188] {processor.py:153} INFO - Started process (PID=15973) to work on /home/guilherme/Documents/weather_datapipeline/airflow_weather/venv/lib/python3.10/site-packages/airflow/example_dags/example_branch_operator_decorator.py
[2023-05-19 18:14:00,189] {processor.py:641} INFO - Processing file /home/guilherme/Documents/weather_datapipeline/airflow_weather/venv/lib/python3.10/site-packages/airflow/example_dags/example_branch_operator_decorator.py for tasks to queue
[2023-05-19 18:14:00,189] {logging_mixin.py:115} INFO - [2023-05-19 18:14:00,189] {dagbag.py:507} INFO - Filling up the DagBag from /home/guilherme/Documents/weather_datapipeline/airflow_weather/venv/lib/python3.10/site-packages/airflow/example_dags/example_branch_operator_decorator.py
[2023-05-19 18:14:00,201] {processor.py:651} INFO - DAG(s) dict_keys(['example_branch_python_operator_decorator']) retrieved from /home/guilherme/Documents/weather_datapipeline/airflow_weather/venv/lib/python3.10/site-packages/airflow/example_dags/example_branch_operator_decorator.py
[2023-05-19 18:14:00,209] {logging_mixin.py:115} INFO - [2023-05-19 18:14:00,209] {dag.py:2379} INFO - Sync 1 DAGs
[2023-05-19 18:14:00,218] {logging_mixin.py:115} INFO - [2023-05-19 18:14:00,218] {dag.py:2927} INFO - Setting next_dagrun for example_branch_python_operator_decorator to 2023-05-18T00:00:00+00:00, run_after=2023-05-19T00:00:00+00:00
[2023-05-19 18:14:00,224] {processor.py:161} INFO - Processing /home/guilherme/Documents/weather_datapipeline/airflow_weather/venv/lib/python3.10/site-packages/airflow/example_dags/example_branch_operator_decorator.py took 0.037 seconds
[2023-05-19 18:14:31,141] {processor.py:153} INFO - Started process (PID=16152) to work on /home/guilherme/Documents/weather_datapipeline/airflow_weather/venv/lib/python3.10/site-packages/airflow/example_dags/example_branch_operator_decorator.py
[2023-05-19 18:14:31,141] {processor.py:641} INFO - Processing file /home/guilherme/Documents/weather_datapipeline/airflow_weather/venv/lib/python3.10/site-packages/airflow/example_dags/example_branch_operator_decorator.py for tasks to queue
[2023-05-19 18:14:31,141] {logging_mixin.py:115} INFO - [2023-05-19 18:14:31,141] {dagbag.py:507} INFO - Filling up the DagBag from /home/guilherme/Documents/weather_datapipeline/airflow_weather/venv/lib/python3.10/site-packages/airflow/example_dags/example_branch_operator_decorator.py
[2023-05-19 18:14:31,155] {processor.py:651} INFO - DAG(s) dict_keys(['example_branch_python_operator_decorator']) retrieved from /home/guilherme/Documents/weather_datapipeline/airflow_weather/venv/lib/python3.10/site-packages/airflow/example_dags/example_branch_operator_decorator.py
[2023-05-19 18:14:31,163] {logging_mixin.py:115} INFO - [2023-05-19 18:14:31,163] {dag.py:2379} INFO - Sync 1 DAGs
[2023-05-19 18:14:31,173] {logging_mixin.py:115} INFO - [2023-05-19 18:14:31,173] {dag.py:2927} INFO - Setting next_dagrun for example_branch_python_operator_decorator to 2023-05-18T00:00:00+00:00, run_after=2023-05-19T00:00:00+00:00
[2023-05-19 18:14:31,179] {processor.py:161} INFO - Processing /home/guilherme/Documents/weather_datapipeline/airflow_weather/venv/lib/python3.10/site-packages/airflow/example_dags/example_branch_operator_decorator.py took 0.041 seconds
[2023-05-19 18:15:04,895] {processor.py:153} INFO - Started process (PID=16349) to work on /home/guilherme/Documents/weather_datapipeline/airflow_weather/venv/lib/python3.10/site-packages/airflow/example_dags/example_branch_operator_decorator.py
[2023-05-19 18:15:04,895] {processor.py:641} INFO - Processing file /home/guilherme/Documents/weather_datapipeline/airflow_weather/venv/lib/python3.10/site-packages/airflow/example_dags/example_branch_operator_decorator.py for tasks to queue
[2023-05-19 18:15:04,896] {logging_mixin.py:115} INFO - [2023-05-19 18:15:04,896] {dagbag.py:507} INFO - Filling up the DagBag from /home/guilherme/Documents/weather_datapipeline/airflow_weather/venv/lib/python3.10/site-packages/airflow/example_dags/example_branch_operator_decorator.py
[2023-05-19 18:15:04,908] {processor.py:651} INFO - DAG(s) dict_keys(['example_branch_python_operator_decorator']) retrieved from /home/guilherme/Documents/weather_datapipeline/airflow_weather/venv/lib/python3.10/site-packages/airflow/example_dags/example_branch_operator_decorator.py
[2023-05-19 18:15:04,916] {logging_mixin.py:115} INFO - [2023-05-19 18:15:04,915] {dag.py:2379} INFO - Sync 1 DAGs
[2023-05-19 18:15:04,925] {logging_mixin.py:115} INFO - [2023-05-19 18:15:04,925] {dag.py:2927} INFO - Setting next_dagrun for example_branch_python_operator_decorator to 2023-05-18T00:00:00+00:00, run_after=2023-05-19T00:00:00+00:00
[2023-05-19 18:15:04,930] {processor.py:161} INFO - Processing /home/guilherme/Documents/weather_datapipeline/airflow_weather/venv/lib/python3.10/site-packages/airflow/example_dags/example_branch_operator_decorator.py took 0.037 seconds
[2023-05-19 18:15:37,523] {processor.py:153} INFO - Started process (PID=16521) to work on /home/guilherme/Documents/weather_datapipeline/airflow_weather/venv/lib/python3.10/site-packages/airflow/example_dags/example_branch_operator_decorator.py
[2023-05-19 18:15:37,524] {processor.py:641} INFO - Processing file /home/guilherme/Documents/weather_datapipeline/airflow_weather/venv/lib/python3.10/site-packages/airflow/example_dags/example_branch_operator_decorator.py for tasks to queue
[2023-05-19 18:15:37,524] {logging_mixin.py:115} INFO - [2023-05-19 18:15:37,524] {dagbag.py:507} INFO - Filling up the DagBag from /home/guilherme/Documents/weather_datapipeline/airflow_weather/venv/lib/python3.10/site-packages/airflow/example_dags/example_branch_operator_decorator.py
[2023-05-19 18:15:37,537] {processor.py:651} INFO - DAG(s) dict_keys(['example_branch_python_operator_decorator']) retrieved from /home/guilherme/Documents/weather_datapipeline/airflow_weather/venv/lib/python3.10/site-packages/airflow/example_dags/example_branch_operator_decorator.py
[2023-05-19 18:15:37,545] {logging_mixin.py:115} INFO - [2023-05-19 18:15:37,545] {dag.py:2379} INFO - Sync 1 DAGs
[2023-05-19 18:15:37,555] {logging_mixin.py:115} INFO - [2023-05-19 18:15:37,555] {dag.py:2927} INFO - Setting next_dagrun for example_branch_python_operator_decorator to 2023-05-18T00:00:00+00:00, run_after=2023-05-19T00:00:00+00:00
[2023-05-19 18:15:37,562] {processor.py:161} INFO - Processing /home/guilherme/Documents/weather_datapipeline/airflow_weather/venv/lib/python3.10/site-packages/airflow/example_dags/example_branch_operator_decorator.py took 0.040 seconds
[2023-05-19 18:16:10,681] {processor.py:153} INFO - Started process (PID=16717) to work on /home/guilherme/Documents/weather_datapipeline/airflow_weather/venv/lib/python3.10/site-packages/airflow/example_dags/example_branch_operator_decorator.py
[2023-05-19 18:16:10,682] {processor.py:641} INFO - Processing file /home/guilherme/Documents/weather_datapipeline/airflow_weather/venv/lib/python3.10/site-packages/airflow/example_dags/example_branch_operator_decorator.py for tasks to queue
[2023-05-19 18:16:10,682] {logging_mixin.py:115} INFO - [2023-05-19 18:16:10,682] {dagbag.py:507} INFO - Filling up the DagBag from /home/guilherme/Documents/weather_datapipeline/airflow_weather/venv/lib/python3.10/site-packages/airflow/example_dags/example_branch_operator_decorator.py
[2023-05-19 18:16:10,694] {processor.py:651} INFO - DAG(s) dict_keys(['example_branch_python_operator_decorator']) retrieved from /home/guilherme/Documents/weather_datapipeline/airflow_weather/venv/lib/python3.10/site-packages/airflow/example_dags/example_branch_operator_decorator.py
[2023-05-19 18:16:10,703] {logging_mixin.py:115} INFO - [2023-05-19 18:16:10,703] {dag.py:2379} INFO - Sync 1 DAGs
[2023-05-19 18:16:10,712] {logging_mixin.py:115} INFO - [2023-05-19 18:16:10,712] {dag.py:2927} INFO - Setting next_dagrun for example_branch_python_operator_decorator to 2023-05-18T00:00:00+00:00, run_after=2023-05-19T00:00:00+00:00
[2023-05-19 18:16:10,719] {processor.py:161} INFO - Processing /home/guilherme/Documents/weather_datapipeline/airflow_weather/venv/lib/python3.10/site-packages/airflow/example_dags/example_branch_operator_decorator.py took 0.039 seconds
[2023-05-19 18:16:46,057] {processor.py:153} INFO - Started process (PID=16914) to work on /home/guilherme/Documents/weather_datapipeline/airflow_weather/venv/lib/python3.10/site-packages/airflow/example_dags/example_branch_operator_decorator.py
[2023-05-19 18:16:46,057] {processor.py:641} INFO - Processing file /home/guilherme/Documents/weather_datapipeline/airflow_weather/venv/lib/python3.10/site-packages/airflow/example_dags/example_branch_operator_decorator.py for tasks to queue
[2023-05-19 18:16:46,058] {logging_mixin.py:115} INFO - [2023-05-19 18:16:46,058] {dagbag.py:507} INFO - Filling up the DagBag from /home/guilherme/Documents/weather_datapipeline/airflow_weather/venv/lib/python3.10/site-packages/airflow/example_dags/example_branch_operator_decorator.py
[2023-05-19 18:16:46,069] {processor.py:651} INFO - DAG(s) dict_keys(['example_branch_python_operator_decorator']) retrieved from /home/guilherme/Documents/weather_datapipeline/airflow_weather/venv/lib/python3.10/site-packages/airflow/example_dags/example_branch_operator_decorator.py
[2023-05-19 18:16:46,079] {logging_mixin.py:115} INFO - [2023-05-19 18:16:46,079] {dag.py:2379} INFO - Sync 1 DAGs
[2023-05-19 18:16:46,092] {logging_mixin.py:115} INFO - [2023-05-19 18:16:46,092] {dag.py:2927} INFO - Setting next_dagrun for example_branch_python_operator_decorator to 2023-05-18T00:00:00+00:00, run_after=2023-05-19T00:00:00+00:00
[2023-05-19 18:16:46,098] {processor.py:161} INFO - Processing /home/guilherme/Documents/weather_datapipeline/airflow_weather/venv/lib/python3.10/site-packages/airflow/example_dags/example_branch_operator_decorator.py took 0.044 seconds
[2023-05-19 18:17:17,960] {processor.py:153} INFO - Started process (PID=17089) to work on /home/guilherme/Documents/weather_datapipeline/airflow_weather/venv/lib/python3.10/site-packages/airflow/example_dags/example_branch_operator_decorator.py
[2023-05-19 18:17:17,960] {processor.py:641} INFO - Processing file /home/guilherme/Documents/weather_datapipeline/airflow_weather/venv/lib/python3.10/site-packages/airflow/example_dags/example_branch_operator_decorator.py for tasks to queue
[2023-05-19 18:17:17,960] {logging_mixin.py:115} INFO - [2023-05-19 18:17:17,960] {dagbag.py:507} INFO - Filling up the DagBag from /home/guilherme/Documents/weather_datapipeline/airflow_weather/venv/lib/python3.10/site-packages/airflow/example_dags/example_branch_operator_decorator.py
[2023-05-19 18:17:17,972] {processor.py:651} INFO - DAG(s) dict_keys(['example_branch_python_operator_decorator']) retrieved from /home/guilherme/Documents/weather_datapipeline/airflow_weather/venv/lib/python3.10/site-packages/airflow/example_dags/example_branch_operator_decorator.py
[2023-05-19 18:17:17,980] {logging_mixin.py:115} INFO - [2023-05-19 18:17:17,980] {dag.py:2379} INFO - Sync 1 DAGs
[2023-05-19 18:17:17,989] {logging_mixin.py:115} INFO - [2023-05-19 18:17:17,989] {dag.py:2927} INFO - Setting next_dagrun for example_branch_python_operator_decorator to 2023-05-18T00:00:00+00:00, run_after=2023-05-19T00:00:00+00:00
[2023-05-19 18:17:17,995] {processor.py:161} INFO - Processing /home/guilherme/Documents/weather_datapipeline/airflow_weather/venv/lib/python3.10/site-packages/airflow/example_dags/example_branch_operator_decorator.py took 0.037 seconds
[2023-05-19 18:17:50,734] {processor.py:153} INFO - Started process (PID=17288) to work on /home/guilherme/Documents/weather_datapipeline/airflow_weather/venv/lib/python3.10/site-packages/airflow/example_dags/example_branch_operator_decorator.py
[2023-05-19 18:17:50,735] {processor.py:641} INFO - Processing file /home/guilherme/Documents/weather_datapipeline/airflow_weather/venv/lib/python3.10/site-packages/airflow/example_dags/example_branch_operator_decorator.py for tasks to queue
[2023-05-19 18:17:50,735] {logging_mixin.py:115} INFO - [2023-05-19 18:17:50,735] {dagbag.py:507} INFO - Filling up the DagBag from /home/guilherme/Documents/weather_datapipeline/airflow_weather/venv/lib/python3.10/site-packages/airflow/example_dags/example_branch_operator_decorator.py
[2023-05-19 18:17:50,747] {processor.py:651} INFO - DAG(s) dict_keys(['example_branch_python_operator_decorator']) retrieved from /home/guilherme/Documents/weather_datapipeline/airflow_weather/venv/lib/python3.10/site-packages/airflow/example_dags/example_branch_operator_decorator.py
[2023-05-19 18:17:50,755] {logging_mixin.py:115} INFO - [2023-05-19 18:17:50,755] {dag.py:2379} INFO - Sync 1 DAGs
[2023-05-19 18:17:50,765] {logging_mixin.py:115} INFO - [2023-05-19 18:17:50,765] {dag.py:2927} INFO - Setting next_dagrun for example_branch_python_operator_decorator to 2023-05-18T00:00:00+00:00, run_after=2023-05-19T00:00:00+00:00
[2023-05-19 18:17:50,772] {processor.py:161} INFO - Processing /home/guilherme/Documents/weather_datapipeline/airflow_weather/venv/lib/python3.10/site-packages/airflow/example_dags/example_branch_operator_decorator.py took 0.040 seconds
[2023-05-19 18:18:24,914] {processor.py:153} INFO - Started process (PID=17528) to work on /home/guilherme/Documents/weather_datapipeline/airflow_weather/venv/lib/python3.10/site-packages/airflow/example_dags/example_branch_operator_decorator.py
[2023-05-19 18:18:24,915] {processor.py:641} INFO - Processing file /home/guilherme/Documents/weather_datapipeline/airflow_weather/venv/lib/python3.10/site-packages/airflow/example_dags/example_branch_operator_decorator.py for tasks to queue
[2023-05-19 18:18:24,915] {logging_mixin.py:115} INFO - [2023-05-19 18:18:24,915] {dagbag.py:507} INFO - Filling up the DagBag from /home/guilherme/Documents/weather_datapipeline/airflow_weather/venv/lib/python3.10/site-packages/airflow/example_dags/example_branch_operator_decorator.py
[2023-05-19 18:18:24,927] {processor.py:651} INFO - DAG(s) dict_keys(['example_branch_python_operator_decorator']) retrieved from /home/guilherme/Documents/weather_datapipeline/airflow_weather/venv/lib/python3.10/site-packages/airflow/example_dags/example_branch_operator_decorator.py
[2023-05-19 18:18:24,935] {logging_mixin.py:115} INFO - [2023-05-19 18:18:24,935] {dag.py:2379} INFO - Sync 1 DAGs
[2023-05-19 18:18:24,944] {logging_mixin.py:115} INFO - [2023-05-19 18:18:24,944] {dag.py:2927} INFO - Setting next_dagrun for example_branch_python_operator_decorator to 2023-05-18T00:00:00+00:00, run_after=2023-05-19T00:00:00+00:00
[2023-05-19 18:18:24,950] {processor.py:161} INFO - Processing /home/guilherme/Documents/weather_datapipeline/airflow_weather/venv/lib/python3.10/site-packages/airflow/example_dags/example_branch_operator_decorator.py took 0.038 seconds
[2023-05-19 18:18:57,396] {processor.py:153} INFO - Started process (PID=17720) to work on /home/guilherme/Documents/weather_datapipeline/airflow_weather/venv/lib/python3.10/site-packages/airflow/example_dags/example_branch_operator_decorator.py
[2023-05-19 18:18:57,397] {processor.py:641} INFO - Processing file /home/guilherme/Documents/weather_datapipeline/airflow_weather/venv/lib/python3.10/site-packages/airflow/example_dags/example_branch_operator_decorator.py for tasks to queue
[2023-05-19 18:18:57,397] {logging_mixin.py:115} INFO - [2023-05-19 18:18:57,397] {dagbag.py:507} INFO - Filling up the DagBag from /home/guilherme/Documents/weather_datapipeline/airflow_weather/venv/lib/python3.10/site-packages/airflow/example_dags/example_branch_operator_decorator.py
[2023-05-19 18:18:57,409] {processor.py:651} INFO - DAG(s) dict_keys(['example_branch_python_operator_decorator']) retrieved from /home/guilherme/Documents/weather_datapipeline/airflow_weather/venv/lib/python3.10/site-packages/airflow/example_dags/example_branch_operator_decorator.py
[2023-05-19 18:18:57,420] {logging_mixin.py:115} INFO - [2023-05-19 18:18:57,420] {dag.py:2379} INFO - Sync 1 DAGs
[2023-05-19 18:18:57,429] {logging_mixin.py:115} INFO - [2023-05-19 18:18:57,429] {dag.py:2927} INFO - Setting next_dagrun for example_branch_python_operator_decorator to 2023-05-18T00:00:00+00:00, run_after=2023-05-19T00:00:00+00:00
[2023-05-19 18:18:57,437] {processor.py:161} INFO - Processing /home/guilherme/Documents/weather_datapipeline/airflow_weather/venv/lib/python3.10/site-packages/airflow/example_dags/example_branch_operator_decorator.py took 0.042 seconds
[2023-05-19 18:19:28,077] {processor.py:153} INFO - Started process (PID=18369) to work on /home/guilherme/Documents/weather_datapipeline/airflow_weather/venv/lib/python3.10/site-packages/airflow/example_dags/example_branch_operator_decorator.py
[2023-05-19 18:19:28,077] {processor.py:641} INFO - Processing file /home/guilherme/Documents/weather_datapipeline/airflow_weather/venv/lib/python3.10/site-packages/airflow/example_dags/example_branch_operator_decorator.py for tasks to queue
[2023-05-19 18:19:28,077] {logging_mixin.py:115} INFO - [2023-05-19 18:19:28,077] {dagbag.py:507} INFO - Filling up the DagBag from /home/guilherme/Documents/weather_datapipeline/airflow_weather/venv/lib/python3.10/site-packages/airflow/example_dags/example_branch_operator_decorator.py
[2023-05-19 18:19:28,088] {processor.py:651} INFO - DAG(s) dict_keys(['example_branch_python_operator_decorator']) retrieved from /home/guilherme/Documents/weather_datapipeline/airflow_weather/venv/lib/python3.10/site-packages/airflow/example_dags/example_branch_operator_decorator.py
[2023-05-19 18:19:28,097] {logging_mixin.py:115} INFO - [2023-05-19 18:19:28,097] {dag.py:2379} INFO - Sync 1 DAGs
[2023-05-19 18:19:28,106] {logging_mixin.py:115} INFO - [2023-05-19 18:19:28,106] {dag.py:2927} INFO - Setting next_dagrun for example_branch_python_operator_decorator to 2023-05-18T00:00:00+00:00, run_after=2023-05-19T00:00:00+00:00
[2023-05-19 18:19:28,113] {processor.py:161} INFO - Processing /home/guilherme/Documents/weather_datapipeline/airflow_weather/venv/lib/python3.10/site-packages/airflow/example_dags/example_branch_operator_decorator.py took 0.039 seconds
[2023-05-19 18:19:58,754] {processor.py:153} INFO - Started process (PID=18552) to work on /home/guilherme/Documents/weather_datapipeline/airflow_weather/venv/lib/python3.10/site-packages/airflow/example_dags/example_branch_operator_decorator.py
[2023-05-19 18:19:58,755] {processor.py:641} INFO - Processing file /home/guilherme/Documents/weather_datapipeline/airflow_weather/venv/lib/python3.10/site-packages/airflow/example_dags/example_branch_operator_decorator.py for tasks to queue
[2023-05-19 18:19:58,755] {logging_mixin.py:115} INFO - [2023-05-19 18:19:58,755] {dagbag.py:507} INFO - Filling up the DagBag from /home/guilherme/Documents/weather_datapipeline/airflow_weather/venv/lib/python3.10/site-packages/airflow/example_dags/example_branch_operator_decorator.py
[2023-05-19 18:19:58,767] {processor.py:651} INFO - DAG(s) dict_keys(['example_branch_python_operator_decorator']) retrieved from /home/guilherme/Documents/weather_datapipeline/airflow_weather/venv/lib/python3.10/site-packages/airflow/example_dags/example_branch_operator_decorator.py
[2023-05-19 18:19:58,775] {logging_mixin.py:115} INFO - [2023-05-19 18:19:58,775] {dag.py:2379} INFO - Sync 1 DAGs
[2023-05-19 18:19:58,784] {logging_mixin.py:115} INFO - [2023-05-19 18:19:58,784] {dag.py:2927} INFO - Setting next_dagrun for example_branch_python_operator_decorator to 2023-05-18T00:00:00+00:00, run_after=2023-05-19T00:00:00+00:00
[2023-05-19 18:19:58,790] {processor.py:161} INFO - Processing /home/guilherme/Documents/weather_datapipeline/airflow_weather/venv/lib/python3.10/site-packages/airflow/example_dags/example_branch_operator_decorator.py took 0.038 seconds
[2023-05-19 18:20:31,804] {processor.py:153} INFO - Started process (PID=18755) to work on /home/guilherme/Documents/weather_datapipeline/airflow_weather/venv/lib/python3.10/site-packages/airflow/example_dags/example_branch_operator_decorator.py
[2023-05-19 18:20:31,805] {processor.py:641} INFO - Processing file /home/guilherme/Documents/weather_datapipeline/airflow_weather/venv/lib/python3.10/site-packages/airflow/example_dags/example_branch_operator_decorator.py for tasks to queue
[2023-05-19 18:20:31,805] {logging_mixin.py:115} INFO - [2023-05-19 18:20:31,805] {dagbag.py:507} INFO - Filling up the DagBag from /home/guilherme/Documents/weather_datapipeline/airflow_weather/venv/lib/python3.10/site-packages/airflow/example_dags/example_branch_operator_decorator.py
[2023-05-19 18:20:31,818] {processor.py:651} INFO - DAG(s) dict_keys(['example_branch_python_operator_decorator']) retrieved from /home/guilherme/Documents/weather_datapipeline/airflow_weather/venv/lib/python3.10/site-packages/airflow/example_dags/example_branch_operator_decorator.py
[2023-05-19 18:20:31,828] {logging_mixin.py:115} INFO - [2023-05-19 18:20:31,827] {dag.py:2379} INFO - Sync 1 DAGs
[2023-05-19 18:20:31,837] {logging_mixin.py:115} INFO - [2023-05-19 18:20:31,837] {dag.py:2927} INFO - Setting next_dagrun for example_branch_python_operator_decorator to 2023-05-18T00:00:00+00:00, run_after=2023-05-19T00:00:00+00:00
[2023-05-19 18:20:31,845] {processor.py:161} INFO - Processing /home/guilherme/Documents/weather_datapipeline/airflow_weather/venv/lib/python3.10/site-packages/airflow/example_dags/example_branch_operator_decorator.py took 0.042 seconds
[2023-05-19 18:21:04,581] {processor.py:153} INFO - Started process (PID=18966) to work on /home/guilherme/Documents/weather_datapipeline/airflow_weather/venv/lib/python3.10/site-packages/airflow/example_dags/example_branch_operator_decorator.py
[2023-05-19 18:21:04,581] {processor.py:641} INFO - Processing file /home/guilherme/Documents/weather_datapipeline/airflow_weather/venv/lib/python3.10/site-packages/airflow/example_dags/example_branch_operator_decorator.py for tasks to queue
[2023-05-19 18:21:04,582] {logging_mixin.py:115} INFO - [2023-05-19 18:21:04,582] {dagbag.py:507} INFO - Filling up the DagBag from /home/guilherme/Documents/weather_datapipeline/airflow_weather/venv/lib/python3.10/site-packages/airflow/example_dags/example_branch_operator_decorator.py
[2023-05-19 18:21:04,593] {processor.py:651} INFO - DAG(s) dict_keys(['example_branch_python_operator_decorator']) retrieved from /home/guilherme/Documents/weather_datapipeline/airflow_weather/venv/lib/python3.10/site-packages/airflow/example_dags/example_branch_operator_decorator.py
[2023-05-19 18:21:04,601] {logging_mixin.py:115} INFO - [2023-05-19 18:21:04,601] {dag.py:2379} INFO - Sync 1 DAGs
[2023-05-19 18:21:04,611] {logging_mixin.py:115} INFO - [2023-05-19 18:21:04,611] {dag.py:2927} INFO - Setting next_dagrun for example_branch_python_operator_decorator to 2023-05-18T00:00:00+00:00, run_after=2023-05-19T00:00:00+00:00
[2023-05-19 18:21:04,617] {processor.py:161} INFO - Processing /home/guilherme/Documents/weather_datapipeline/airflow_weather/venv/lib/python3.10/site-packages/airflow/example_dags/example_branch_operator_decorator.py took 0.038 seconds
[2023-05-19 18:21:36,204] {processor.py:153} INFO - Started process (PID=19139) to work on /home/guilherme/Documents/weather_datapipeline/airflow_weather/venv/lib/python3.10/site-packages/airflow/example_dags/example_branch_operator_decorator.py
[2023-05-19 18:21:36,205] {processor.py:641} INFO - Processing file /home/guilherme/Documents/weather_datapipeline/airflow_weather/venv/lib/python3.10/site-packages/airflow/example_dags/example_branch_operator_decorator.py for tasks to queue
[2023-05-19 18:21:36,205] {logging_mixin.py:115} INFO - [2023-05-19 18:21:36,205] {dagbag.py:507} INFO - Filling up the DagBag from /home/guilherme/Documents/weather_datapipeline/airflow_weather/venv/lib/python3.10/site-packages/airflow/example_dags/example_branch_operator_decorator.py
[2023-05-19 18:21:36,217] {processor.py:651} INFO - DAG(s) dict_keys(['example_branch_python_operator_decorator']) retrieved from /home/guilherme/Documents/weather_datapipeline/airflow_weather/venv/lib/python3.10/site-packages/airflow/example_dags/example_branch_operator_decorator.py
[2023-05-19 18:21:36,225] {logging_mixin.py:115} INFO - [2023-05-19 18:21:36,225] {dag.py:2379} INFO - Sync 1 DAGs
[2023-05-19 18:21:36,234] {logging_mixin.py:115} INFO - [2023-05-19 18:21:36,234] {dag.py:2927} INFO - Setting next_dagrun for example_branch_python_operator_decorator to 2023-05-18T00:00:00+00:00, run_after=2023-05-19T00:00:00+00:00
[2023-05-19 18:21:36,241] {processor.py:161} INFO - Processing /home/guilherme/Documents/weather_datapipeline/airflow_weather/venv/lib/python3.10/site-packages/airflow/example_dags/example_branch_operator_decorator.py took 0.039 seconds
[2023-05-19 18:22:13,228] {processor.py:153} INFO - Started process (PID=19376) to work on /home/guilherme/Documents/weather_datapipeline/airflow_weather/venv/lib/python3.10/site-packages/airflow/example_dags/example_branch_operator_decorator.py
[2023-05-19 18:22:13,229] {processor.py:641} INFO - Processing file /home/guilherme/Documents/weather_datapipeline/airflow_weather/venv/lib/python3.10/site-packages/airflow/example_dags/example_branch_operator_decorator.py for tasks to queue
[2023-05-19 18:22:13,229] {logging_mixin.py:115} INFO - [2023-05-19 18:22:13,229] {dagbag.py:507} INFO - Filling up the DagBag from /home/guilherme/Documents/weather_datapipeline/airflow_weather/venv/lib/python3.10/site-packages/airflow/example_dags/example_branch_operator_decorator.py
[2023-05-19 18:22:13,243] {processor.py:651} INFO - DAG(s) dict_keys(['example_branch_python_operator_decorator']) retrieved from /home/guilherme/Documents/weather_datapipeline/airflow_weather/venv/lib/python3.10/site-packages/airflow/example_dags/example_branch_operator_decorator.py
[2023-05-19 18:22:13,252] {logging_mixin.py:115} INFO - [2023-05-19 18:22:13,252] {dag.py:2379} INFO - Sync 1 DAGs
[2023-05-19 18:22:13,264] {logging_mixin.py:115} INFO - [2023-05-19 18:22:13,263] {dag.py:2927} INFO - Setting next_dagrun for example_branch_python_operator_decorator to 2023-05-18T00:00:00+00:00, run_after=2023-05-19T00:00:00+00:00
[2023-05-19 18:22:13,272] {processor.py:161} INFO - Processing /home/guilherme/Documents/weather_datapipeline/airflow_weather/venv/lib/python3.10/site-packages/airflow/example_dags/example_branch_operator_decorator.py took 0.046 seconds
[2023-05-19 18:22:44,029] {processor.py:153} INFO - Started process (PID=19587) to work on /home/guilherme/Documents/weather_datapipeline/airflow_weather/venv/lib/python3.10/site-packages/airflow/example_dags/example_branch_operator_decorator.py
[2023-05-19 18:22:44,029] {processor.py:641} INFO - Processing file /home/guilherme/Documents/weather_datapipeline/airflow_weather/venv/lib/python3.10/site-packages/airflow/example_dags/example_branch_operator_decorator.py for tasks to queue
[2023-05-19 18:22:44,030] {logging_mixin.py:115} INFO - [2023-05-19 18:22:44,030] {dagbag.py:507} INFO - Filling up the DagBag from /home/guilherme/Documents/weather_datapipeline/airflow_weather/venv/lib/python3.10/site-packages/airflow/example_dags/example_branch_operator_decorator.py
[2023-05-19 18:22:44,043] {processor.py:651} INFO - DAG(s) dict_keys(['example_branch_python_operator_decorator']) retrieved from /home/guilherme/Documents/weather_datapipeline/airflow_weather/venv/lib/python3.10/site-packages/airflow/example_dags/example_branch_operator_decorator.py
[2023-05-19 18:22:44,053] {logging_mixin.py:115} INFO - [2023-05-19 18:22:44,052] {dag.py:2379} INFO - Sync 1 DAGs
[2023-05-19 18:22:44,063] {logging_mixin.py:115} INFO - [2023-05-19 18:22:44,063] {dag.py:2927} INFO - Setting next_dagrun for example_branch_python_operator_decorator to 2023-05-18T00:00:00+00:00, run_after=2023-05-19T00:00:00+00:00
[2023-05-19 18:22:44,070] {processor.py:161} INFO - Processing /home/guilherme/Documents/weather_datapipeline/airflow_weather/venv/lib/python3.10/site-packages/airflow/example_dags/example_branch_operator_decorator.py took 0.043 seconds
[2023-05-19 18:23:18,205] {processor.py:153} INFO - Started process (PID=19782) to work on /home/guilherme/Documents/weather_datapipeline/airflow_weather/venv/lib/python3.10/site-packages/airflow/example_dags/example_branch_operator_decorator.py
[2023-05-19 18:23:18,205] {processor.py:641} INFO - Processing file /home/guilherme/Documents/weather_datapipeline/airflow_weather/venv/lib/python3.10/site-packages/airflow/example_dags/example_branch_operator_decorator.py for tasks to queue
[2023-05-19 18:23:18,205] {logging_mixin.py:115} INFO - [2023-05-19 18:23:18,205] {dagbag.py:507} INFO - Filling up the DagBag from /home/guilherme/Documents/weather_datapipeline/airflow_weather/venv/lib/python3.10/site-packages/airflow/example_dags/example_branch_operator_decorator.py
[2023-05-19 18:23:18,218] {processor.py:651} INFO - DAG(s) dict_keys(['example_branch_python_operator_decorator']) retrieved from /home/guilherme/Documents/weather_datapipeline/airflow_weather/venv/lib/python3.10/site-packages/airflow/example_dags/example_branch_operator_decorator.py
[2023-05-19 18:23:18,227] {logging_mixin.py:115} INFO - [2023-05-19 18:23:18,227] {dag.py:2379} INFO - Sync 1 DAGs
[2023-05-19 18:23:18,237] {logging_mixin.py:115} INFO - [2023-05-19 18:23:18,237] {dag.py:2927} INFO - Setting next_dagrun for example_branch_python_operator_decorator to 2023-05-18T00:00:00+00:00, run_after=2023-05-19T00:00:00+00:00
[2023-05-19 18:23:18,244] {processor.py:161} INFO - Processing /home/guilherme/Documents/weather_datapipeline/airflow_weather/venv/lib/python3.10/site-packages/airflow/example_dags/example_branch_operator_decorator.py took 0.041 seconds
[2023-05-19 18:23:49,608] {processor.py:153} INFO - Started process (PID=19965) to work on /home/guilherme/Documents/weather_datapipeline/airflow_weather/venv/lib/python3.10/site-packages/airflow/example_dags/example_branch_operator_decorator.py
[2023-05-19 18:23:49,608] {processor.py:641} INFO - Processing file /home/guilherme/Documents/weather_datapipeline/airflow_weather/venv/lib/python3.10/site-packages/airflow/example_dags/example_branch_operator_decorator.py for tasks to queue
[2023-05-19 18:23:49,609] {logging_mixin.py:115} INFO - [2023-05-19 18:23:49,608] {dagbag.py:507} INFO - Filling up the DagBag from /home/guilherme/Documents/weather_datapipeline/airflow_weather/venv/lib/python3.10/site-packages/airflow/example_dags/example_branch_operator_decorator.py
[2023-05-19 18:23:49,625] {processor.py:651} INFO - DAG(s) dict_keys(['example_branch_python_operator_decorator']) retrieved from /home/guilherme/Documents/weather_datapipeline/airflow_weather/venv/lib/python3.10/site-packages/airflow/example_dags/example_branch_operator_decorator.py
[2023-05-19 18:23:49,635] {logging_mixin.py:115} INFO - [2023-05-19 18:23:49,635] {dag.py:2379} INFO - Sync 1 DAGs
[2023-05-19 18:23:49,646] {logging_mixin.py:115} INFO - [2023-05-19 18:23:49,646] {dag.py:2927} INFO - Setting next_dagrun for example_branch_python_operator_decorator to 2023-05-18T00:00:00+00:00, run_after=2023-05-19T00:00:00+00:00
[2023-05-19 18:23:49,654] {processor.py:161} INFO - Processing /home/guilherme/Documents/weather_datapipeline/airflow_weather/venv/lib/python3.10/site-packages/airflow/example_dags/example_branch_operator_decorator.py took 0.048 seconds
[2023-05-19 18:24:23,515] {processor.py:153} INFO - Started process (PID=20100) to work on /home/guilherme/Documents/weather_datapipeline/airflow_weather/venv/lib/python3.10/site-packages/airflow/example_dags/example_branch_operator_decorator.py
[2023-05-19 18:24:23,516] {processor.py:641} INFO - Processing file /home/guilherme/Documents/weather_datapipeline/airflow_weather/venv/lib/python3.10/site-packages/airflow/example_dags/example_branch_operator_decorator.py for tasks to queue
[2023-05-19 18:24:23,516] {logging_mixin.py:115} INFO - [2023-05-19 18:24:23,516] {dagbag.py:507} INFO - Filling up the DagBag from /home/guilherme/Documents/weather_datapipeline/airflow_weather/venv/lib/python3.10/site-packages/airflow/example_dags/example_branch_operator_decorator.py
[2023-05-19 18:24:23,530] {processor.py:651} INFO - DAG(s) dict_keys(['example_branch_python_operator_decorator']) retrieved from /home/guilherme/Documents/weather_datapipeline/airflow_weather/venv/lib/python3.10/site-packages/airflow/example_dags/example_branch_operator_decorator.py
[2023-05-19 18:24:23,540] {logging_mixin.py:115} INFO - [2023-05-19 18:24:23,540] {dag.py:2379} INFO - Sync 1 DAGs
[2023-05-19 18:24:23,550] {logging_mixin.py:115} INFO - [2023-05-19 18:24:23,550] {dag.py:2927} INFO - Setting next_dagrun for example_branch_python_operator_decorator to 2023-05-18T00:00:00+00:00, run_after=2023-05-19T00:00:00+00:00
[2023-05-19 18:24:23,559] {processor.py:161} INFO - Processing /home/guilherme/Documents/weather_datapipeline/airflow_weather/venv/lib/python3.10/site-packages/airflow/example_dags/example_branch_operator_decorator.py took 0.046 seconds
[2023-05-19 18:24:56,150] {processor.py:153} INFO - Started process (PID=20138) to work on /home/guilherme/Documents/weather_datapipeline/airflow_weather/venv/lib/python3.10/site-packages/airflow/example_dags/example_branch_operator_decorator.py
[2023-05-19 18:24:56,151] {processor.py:641} INFO - Processing file /home/guilherme/Documents/weather_datapipeline/airflow_weather/venv/lib/python3.10/site-packages/airflow/example_dags/example_branch_operator_decorator.py for tasks to queue
[2023-05-19 18:24:56,151] {logging_mixin.py:115} INFO - [2023-05-19 18:24:56,151] {dagbag.py:507} INFO - Filling up the DagBag from /home/guilherme/Documents/weather_datapipeline/airflow_weather/venv/lib/python3.10/site-packages/airflow/example_dags/example_branch_operator_decorator.py
[2023-05-19 18:24:56,164] {processor.py:651} INFO - DAG(s) dict_keys(['example_branch_python_operator_decorator']) retrieved from /home/guilherme/Documents/weather_datapipeline/airflow_weather/venv/lib/python3.10/site-packages/airflow/example_dags/example_branch_operator_decorator.py
[2023-05-19 18:24:56,173] {logging_mixin.py:115} INFO - [2023-05-19 18:24:56,172] {dag.py:2379} INFO - Sync 1 DAGs
[2023-05-19 18:24:56,182] {logging_mixin.py:115} INFO - [2023-05-19 18:24:56,182] {dag.py:2927} INFO - Setting next_dagrun for example_branch_python_operator_decorator to 2023-05-18T00:00:00+00:00, run_after=2023-05-19T00:00:00+00:00
[2023-05-19 18:24:56,188] {processor.py:161} INFO - Processing /home/guilherme/Documents/weather_datapipeline/airflow_weather/venv/lib/python3.10/site-packages/airflow/example_dags/example_branch_operator_decorator.py took 0.041 seconds
[2023-05-19 18:25:28,195] {processor.py:153} INFO - Started process (PID=20173) to work on /home/guilherme/Documents/weather_datapipeline/airflow_weather/venv/lib/python3.10/site-packages/airflow/example_dags/example_branch_operator_decorator.py
[2023-05-19 18:25:28,195] {processor.py:641} INFO - Processing file /home/guilherme/Documents/weather_datapipeline/airflow_weather/venv/lib/python3.10/site-packages/airflow/example_dags/example_branch_operator_decorator.py for tasks to queue
[2023-05-19 18:25:28,195] {logging_mixin.py:115} INFO - [2023-05-19 18:25:28,195] {dagbag.py:507} INFO - Filling up the DagBag from /home/guilherme/Documents/weather_datapipeline/airflow_weather/venv/lib/python3.10/site-packages/airflow/example_dags/example_branch_operator_decorator.py
[2023-05-19 18:25:28,207] {processor.py:651} INFO - DAG(s) dict_keys(['example_branch_python_operator_decorator']) retrieved from /home/guilherme/Documents/weather_datapipeline/airflow_weather/venv/lib/python3.10/site-packages/airflow/example_dags/example_branch_operator_decorator.py
[2023-05-19 18:25:28,215] {logging_mixin.py:115} INFO - [2023-05-19 18:25:28,215] {dag.py:2379} INFO - Sync 1 DAGs
[2023-05-19 18:25:28,225] {logging_mixin.py:115} INFO - [2023-05-19 18:25:28,225] {dag.py:2927} INFO - Setting next_dagrun for example_branch_python_operator_decorator to 2023-05-18T00:00:00+00:00, run_after=2023-05-19T00:00:00+00:00
[2023-05-19 18:25:28,230] {processor.py:161} INFO - Processing /home/guilherme/Documents/weather_datapipeline/airflow_weather/venv/lib/python3.10/site-packages/airflow/example_dags/example_branch_operator_decorator.py took 0.037 seconds
[2023-05-19 18:26:00,102] {processor.py:153} INFO - Started process (PID=20302) to work on /home/guilherme/Documents/weather_datapipeline/airflow_weather/venv/lib/python3.10/site-packages/airflow/example_dags/example_branch_operator_decorator.py
[2023-05-19 18:26:00,102] {processor.py:641} INFO - Processing file /home/guilherme/Documents/weather_datapipeline/airflow_weather/venv/lib/python3.10/site-packages/airflow/example_dags/example_branch_operator_decorator.py for tasks to queue
[2023-05-19 18:26:00,102] {logging_mixin.py:115} INFO - [2023-05-19 18:26:00,102] {dagbag.py:507} INFO - Filling up the DagBag from /home/guilherme/Documents/weather_datapipeline/airflow_weather/venv/lib/python3.10/site-packages/airflow/example_dags/example_branch_operator_decorator.py
[2023-05-19 18:26:00,115] {processor.py:651} INFO - DAG(s) dict_keys(['example_branch_python_operator_decorator']) retrieved from /home/guilherme/Documents/weather_datapipeline/airflow_weather/venv/lib/python3.10/site-packages/airflow/example_dags/example_branch_operator_decorator.py
[2023-05-19 18:26:00,123] {logging_mixin.py:115} INFO - [2023-05-19 18:26:00,123] {dag.py:2379} INFO - Sync 1 DAGs
[2023-05-19 18:26:00,137] {logging_mixin.py:115} INFO - [2023-05-19 18:26:00,136] {dag.py:2927} INFO - Setting next_dagrun for example_branch_python_operator_decorator to 2023-05-18T00:00:00+00:00, run_after=2023-05-19T00:00:00+00:00
[2023-05-19 18:26:00,144] {processor.py:161} INFO - Processing /home/guilherme/Documents/weather_datapipeline/airflow_weather/venv/lib/python3.10/site-packages/airflow/example_dags/example_branch_operator_decorator.py took 0.044 seconds
[2023-05-19 18:26:35,760] {processor.py:153} INFO - Started process (PID=20460) to work on /home/guilherme/Documents/weather_datapipeline/airflow_weather/venv/lib/python3.10/site-packages/airflow/example_dags/example_branch_operator_decorator.py
[2023-05-19 18:26:35,760] {processor.py:641} INFO - Processing file /home/guilherme/Documents/weather_datapipeline/airflow_weather/venv/lib/python3.10/site-packages/airflow/example_dags/example_branch_operator_decorator.py for tasks to queue
[2023-05-19 18:26:35,760] {logging_mixin.py:115} INFO - [2023-05-19 18:26:35,760] {dagbag.py:507} INFO - Filling up the DagBag from /home/guilherme/Documents/weather_datapipeline/airflow_weather/venv/lib/python3.10/site-packages/airflow/example_dags/example_branch_operator_decorator.py
[2023-05-19 18:26:35,772] {processor.py:651} INFO - DAG(s) dict_keys(['example_branch_python_operator_decorator']) retrieved from /home/guilherme/Documents/weather_datapipeline/airflow_weather/venv/lib/python3.10/site-packages/airflow/example_dags/example_branch_operator_decorator.py
[2023-05-19 18:26:35,779] {logging_mixin.py:115} INFO - [2023-05-19 18:26:35,779] {dag.py:2379} INFO - Sync 1 DAGs
[2023-05-19 18:26:35,788] {logging_mixin.py:115} INFO - [2023-05-19 18:26:35,788] {dag.py:2927} INFO - Setting next_dagrun for example_branch_python_operator_decorator to 2023-05-18T00:00:00+00:00, run_after=2023-05-19T00:00:00+00:00
[2023-05-19 18:26:35,794] {processor.py:161} INFO - Processing /home/guilherme/Documents/weather_datapipeline/airflow_weather/venv/lib/python3.10/site-packages/airflow/example_dags/example_branch_operator_decorator.py took 0.036 seconds
[2023-05-19 18:27:08,267] {processor.py:153} INFO - Started process (PID=20617) to work on /home/guilherme/Documents/weather_datapipeline/airflow_weather/venv/lib/python3.10/site-packages/airflow/example_dags/example_branch_operator_decorator.py
[2023-05-19 18:27:08,268] {processor.py:641} INFO - Processing file /home/guilherme/Documents/weather_datapipeline/airflow_weather/venv/lib/python3.10/site-packages/airflow/example_dags/example_branch_operator_decorator.py for tasks to queue
[2023-05-19 18:27:08,268] {logging_mixin.py:115} INFO - [2023-05-19 18:27:08,268] {dagbag.py:507} INFO - Filling up the DagBag from /home/guilherme/Documents/weather_datapipeline/airflow_weather/venv/lib/python3.10/site-packages/airflow/example_dags/example_branch_operator_decorator.py
[2023-05-19 18:27:08,280] {processor.py:651} INFO - DAG(s) dict_keys(['example_branch_python_operator_decorator']) retrieved from /home/guilherme/Documents/weather_datapipeline/airflow_weather/venv/lib/python3.10/site-packages/airflow/example_dags/example_branch_operator_decorator.py
[2023-05-19 18:27:08,287] {logging_mixin.py:115} INFO - [2023-05-19 18:27:08,287] {dag.py:2379} INFO - Sync 1 DAGs
[2023-05-19 18:27:08,296] {logging_mixin.py:115} INFO - [2023-05-19 18:27:08,296] {dag.py:2927} INFO - Setting next_dagrun for example_branch_python_operator_decorator to 2023-05-18T00:00:00+00:00, run_after=2023-05-19T00:00:00+00:00
[2023-05-19 18:27:08,302] {processor.py:161} INFO - Processing /home/guilherme/Documents/weather_datapipeline/airflow_weather/venv/lib/python3.10/site-packages/airflow/example_dags/example_branch_operator_decorator.py took 0.036 seconds
[2023-05-19 18:27:52,681] {processor.py:153} INFO - Started process (PID=20698) to work on /home/guilherme/Documents/weather_datapipeline/airflow_weather/venv/lib/python3.10/site-packages/airflow/example_dags/example_branch_operator_decorator.py
[2023-05-19 18:27:52,682] {processor.py:641} INFO - Processing file /home/guilherme/Documents/weather_datapipeline/airflow_weather/venv/lib/python3.10/site-packages/airflow/example_dags/example_branch_operator_decorator.py for tasks to queue
[2023-05-19 18:27:52,682] {logging_mixin.py:115} INFO - [2023-05-19 18:27:52,682] {dagbag.py:507} INFO - Filling up the DagBag from /home/guilherme/Documents/weather_datapipeline/airflow_weather/venv/lib/python3.10/site-packages/airflow/example_dags/example_branch_operator_decorator.py
[2023-05-19 18:27:52,695] {processor.py:651} INFO - DAG(s) dict_keys(['example_branch_python_operator_decorator']) retrieved from /home/guilherme/Documents/weather_datapipeline/airflow_weather/venv/lib/python3.10/site-packages/airflow/example_dags/example_branch_operator_decorator.py
[2023-05-19 18:27:52,703] {logging_mixin.py:115} INFO - [2023-05-19 18:27:52,703] {dag.py:2379} INFO - Sync 1 DAGs
[2023-05-19 18:27:52,713] {logging_mixin.py:115} INFO - [2023-05-19 18:27:52,713] {dag.py:2927} INFO - Setting next_dagrun for example_branch_python_operator_decorator to 2023-05-18T00:00:00+00:00, run_after=2023-05-19T00:00:00+00:00
[2023-05-19 18:27:52,720] {processor.py:161} INFO - Processing /home/guilherme/Documents/weather_datapipeline/airflow_weather/venv/lib/python3.10/site-packages/airflow/example_dags/example_branch_operator_decorator.py took 0.040 seconds
[2023-05-19 18:28:25,211] {processor.py:153} INFO - Started process (PID=20775) to work on /home/guilherme/Documents/weather_datapipeline/airflow_weather/venv/lib/python3.10/site-packages/airflow/example_dags/example_branch_operator_decorator.py
[2023-05-19 18:28:25,211] {processor.py:641} INFO - Processing file /home/guilherme/Documents/weather_datapipeline/airflow_weather/venv/lib/python3.10/site-packages/airflow/example_dags/example_branch_operator_decorator.py for tasks to queue
[2023-05-19 18:28:25,212] {logging_mixin.py:115} INFO - [2023-05-19 18:28:25,212] {dagbag.py:507} INFO - Filling up the DagBag from /home/guilherme/Documents/weather_datapipeline/airflow_weather/venv/lib/python3.10/site-packages/airflow/example_dags/example_branch_operator_decorator.py
[2023-05-19 18:28:25,223] {processor.py:651} INFO - DAG(s) dict_keys(['example_branch_python_operator_decorator']) retrieved from /home/guilherme/Documents/weather_datapipeline/airflow_weather/venv/lib/python3.10/site-packages/airflow/example_dags/example_branch_operator_decorator.py
[2023-05-19 18:28:25,231] {logging_mixin.py:115} INFO - [2023-05-19 18:28:25,231] {dag.py:2379} INFO - Sync 1 DAGs
[2023-05-19 18:28:25,241] {logging_mixin.py:115} INFO - [2023-05-19 18:28:25,241] {dag.py:2927} INFO - Setting next_dagrun for example_branch_python_operator_decorator to 2023-05-18T00:00:00+00:00, run_after=2023-05-19T00:00:00+00:00
[2023-05-19 18:28:25,247] {processor.py:161} INFO - Processing /home/guilherme/Documents/weather_datapipeline/airflow_weather/venv/lib/python3.10/site-packages/airflow/example_dags/example_branch_operator_decorator.py took 0.037 seconds
