[2023-05-19 17:59:26,413] {processor.py:153} INFO - Started process (PID=11060) to work on /home/guilherme/Documents/weather_datapipeline/airflow_weather/venv/lib/python3.10/site-packages/airflow/example_dags/example_nested_branch_dag.py
[2023-05-19 17:59:26,413] {processor.py:641} INFO - Processing file /home/guilherme/Documents/weather_datapipeline/airflow_weather/venv/lib/python3.10/site-packages/airflow/example_dags/example_nested_branch_dag.py for tasks to queue
[2023-05-19 17:59:26,414] {logging_mixin.py:115} INFO - [2023-05-19 17:59:26,414] {dagbag.py:507} INFO - Filling up the DagBag from /home/guilherme/Documents/weather_datapipeline/airflow_weather/venv/lib/python3.10/site-packages/airflow/example_dags/example_nested_branch_dag.py
[2023-05-19 17:59:26,419] {processor.py:651} INFO - DAG(s) dict_keys(['example_nested_branch_dag']) retrieved from /home/guilherme/Documents/weather_datapipeline/airflow_weather/venv/lib/python3.10/site-packages/airflow/example_dags/example_nested_branch_dag.py
[2023-05-19 17:59:26,453] {logging_mixin.py:115} INFO - [2023-05-19 17:59:26,452] {manager.py:508} INFO - Created Permission View: can edit on DAG:example_nested_branch_dag
[2023-05-19 17:59:26,458] {logging_mixin.py:115} INFO - [2023-05-19 17:59:26,458] {manager.py:508} INFO - Created Permission View: can delete on DAG:example_nested_branch_dag
[2023-05-19 17:59:26,461] {logging_mixin.py:115} INFO - [2023-05-19 17:59:26,461] {manager.py:508} INFO - Created Permission View: can read on DAG:example_nested_branch_dag
[2023-05-19 17:59:26,461] {logging_mixin.py:115} INFO - [2023-05-19 17:59:26,461] {dag.py:2379} INFO - Sync 1 DAGs
[2023-05-19 17:59:26,466] {logging_mixin.py:115} INFO - [2023-05-19 17:59:26,466] {dag.py:2398} INFO - Creating ORM DAG for example_nested_branch_dag
[2023-05-19 17:59:26,495] {logging_mixin.py:115} INFO - [2023-05-19 17:59:26,495] {dag.py:2927} INFO - Setting next_dagrun for example_nested_branch_dag to 2023-05-18T00:00:00+00:00, run_after=2023-05-19T00:00:00+00:00
[2023-05-19 17:59:26,503] {processor.py:161} INFO - Processing /home/guilherme/Documents/weather_datapipeline/airflow_weather/venv/lib/python3.10/site-packages/airflow/example_dags/example_nested_branch_dag.py took 0.091 seconds
[2023-05-19 17:59:56,930] {processor.py:153} INFO - Started process (PID=11099) to work on /home/guilherme/Documents/weather_datapipeline/airflow_weather/venv/lib/python3.10/site-packages/airflow/example_dags/example_nested_branch_dag.py
[2023-05-19 17:59:56,931] {processor.py:641} INFO - Processing file /home/guilherme/Documents/weather_datapipeline/airflow_weather/venv/lib/python3.10/site-packages/airflow/example_dags/example_nested_branch_dag.py for tasks to queue
[2023-05-19 17:59:56,931] {logging_mixin.py:115} INFO - [2023-05-19 17:59:56,931] {dagbag.py:507} INFO - Filling up the DagBag from /home/guilherme/Documents/weather_datapipeline/airflow_weather/venv/lib/python3.10/site-packages/airflow/example_dags/example_nested_branch_dag.py
[2023-05-19 17:59:56,936] {processor.py:651} INFO - DAG(s) dict_keys(['example_nested_branch_dag']) retrieved from /home/guilherme/Documents/weather_datapipeline/airflow_weather/venv/lib/python3.10/site-packages/airflow/example_dags/example_nested_branch_dag.py
[2023-05-19 17:59:56,947] {logging_mixin.py:115} INFO - [2023-05-19 17:59:56,947] {dag.py:2379} INFO - Sync 1 DAGs
[2023-05-19 17:59:56,957] {logging_mixin.py:115} INFO - [2023-05-19 17:59:56,957] {dag.py:2927} INFO - Setting next_dagrun for example_nested_branch_dag to 2023-05-18T00:00:00+00:00, run_after=2023-05-19T00:00:00+00:00
[2023-05-19 17:59:56,963] {processor.py:161} INFO - Processing /home/guilherme/Documents/weather_datapipeline/airflow_weather/venv/lib/python3.10/site-packages/airflow/example_dags/example_nested_branch_dag.py took 0.035 seconds
[2023-05-19 18:00:29,968] {processor.py:153} INFO - Started process (PID=11206) to work on /home/guilherme/Documents/weather_datapipeline/airflow_weather/venv/lib/python3.10/site-packages/airflow/example_dags/example_nested_branch_dag.py
[2023-05-19 18:00:29,969] {processor.py:641} INFO - Processing file /home/guilherme/Documents/weather_datapipeline/airflow_weather/venv/lib/python3.10/site-packages/airflow/example_dags/example_nested_branch_dag.py for tasks to queue
[2023-05-19 18:00:29,969] {logging_mixin.py:115} INFO - [2023-05-19 18:00:29,969] {dagbag.py:507} INFO - Filling up the DagBag from /home/guilherme/Documents/weather_datapipeline/airflow_weather/venv/lib/python3.10/site-packages/airflow/example_dags/example_nested_branch_dag.py
[2023-05-19 18:00:29,976] {processor.py:651} INFO - DAG(s) dict_keys(['example_nested_branch_dag']) retrieved from /home/guilherme/Documents/weather_datapipeline/airflow_weather/venv/lib/python3.10/site-packages/airflow/example_dags/example_nested_branch_dag.py
[2023-05-19 18:00:29,987] {logging_mixin.py:115} INFO - [2023-05-19 18:00:29,987] {dag.py:2379} INFO - Sync 1 DAGs
[2023-05-19 18:00:29,998] {logging_mixin.py:115} INFO - [2023-05-19 18:00:29,998] {dag.py:2927} INFO - Setting next_dagrun for example_nested_branch_dag to 2023-05-18T00:00:00+00:00, run_after=2023-05-19T00:00:00+00:00
[2023-05-19 18:00:30,005] {processor.py:161} INFO - Processing /home/guilherme/Documents/weather_datapipeline/airflow_weather/venv/lib/python3.10/site-packages/airflow/example_dags/example_nested_branch_dag.py took 0.039 seconds
[2023-05-19 18:01:02,469] {processor.py:153} INFO - Started process (PID=11270) to work on /home/guilherme/Documents/weather_datapipeline/airflow_weather/venv/lib/python3.10/site-packages/airflow/example_dags/example_nested_branch_dag.py
[2023-05-19 18:01:02,470] {processor.py:641} INFO - Processing file /home/guilherme/Documents/weather_datapipeline/airflow_weather/venv/lib/python3.10/site-packages/airflow/example_dags/example_nested_branch_dag.py for tasks to queue
[2023-05-19 18:01:02,470] {logging_mixin.py:115} INFO - [2023-05-19 18:01:02,470] {dagbag.py:507} INFO - Filling up the DagBag from /home/guilherme/Documents/weather_datapipeline/airflow_weather/venv/lib/python3.10/site-packages/airflow/example_dags/example_nested_branch_dag.py
[2023-05-19 18:01:02,475] {processor.py:651} INFO - DAG(s) dict_keys(['example_nested_branch_dag']) retrieved from /home/guilherme/Documents/weather_datapipeline/airflow_weather/venv/lib/python3.10/site-packages/airflow/example_dags/example_nested_branch_dag.py
[2023-05-19 18:01:02,486] {logging_mixin.py:115} INFO - [2023-05-19 18:01:02,486] {dag.py:2379} INFO - Sync 1 DAGs
[2023-05-19 18:01:02,495] {logging_mixin.py:115} INFO - [2023-05-19 18:01:02,495] {dag.py:2927} INFO - Setting next_dagrun for example_nested_branch_dag to 2023-05-18T00:00:00+00:00, run_after=2023-05-19T00:00:00+00:00
[2023-05-19 18:01:02,502] {processor.py:161} INFO - Processing /home/guilherme/Documents/weather_datapipeline/airflow_weather/venv/lib/python3.10/site-packages/airflow/example_dags/example_nested_branch_dag.py took 0.035 seconds
[2023-05-19 18:01:34,373] {processor.py:153} INFO - Started process (PID=11371) to work on /home/guilherme/Documents/weather_datapipeline/airflow_weather/venv/lib/python3.10/site-packages/airflow/example_dags/example_nested_branch_dag.py
[2023-05-19 18:01:34,374] {processor.py:641} INFO - Processing file /home/guilherme/Documents/weather_datapipeline/airflow_weather/venv/lib/python3.10/site-packages/airflow/example_dags/example_nested_branch_dag.py for tasks to queue
[2023-05-19 18:01:34,374] {logging_mixin.py:115} INFO - [2023-05-19 18:01:34,374] {dagbag.py:507} INFO - Filling up the DagBag from /home/guilherme/Documents/weather_datapipeline/airflow_weather/venv/lib/python3.10/site-packages/airflow/example_dags/example_nested_branch_dag.py
[2023-05-19 18:01:34,379] {processor.py:651} INFO - DAG(s) dict_keys(['example_nested_branch_dag']) retrieved from /home/guilherme/Documents/weather_datapipeline/airflow_weather/venv/lib/python3.10/site-packages/airflow/example_dags/example_nested_branch_dag.py
[2023-05-19 18:01:34,389] {logging_mixin.py:115} INFO - [2023-05-19 18:01:34,389] {dag.py:2379} INFO - Sync 1 DAGs
[2023-05-19 18:01:34,399] {logging_mixin.py:115} INFO - [2023-05-19 18:01:34,398] {dag.py:2927} INFO - Setting next_dagrun for example_nested_branch_dag to 2023-05-18T00:00:00+00:00, run_after=2023-05-19T00:00:00+00:00
[2023-05-19 18:01:34,405] {processor.py:161} INFO - Processing /home/guilherme/Documents/weather_datapipeline/airflow_weather/venv/lib/python3.10/site-packages/airflow/example_dags/example_nested_branch_dag.py took 0.033 seconds
[2023-05-19 18:02:08,034] {processor.py:153} INFO - Started process (PID=11631) to work on /home/guilherme/Documents/weather_datapipeline/airflow_weather/venv/lib/python3.10/site-packages/airflow/example_dags/example_nested_branch_dag.py
[2023-05-19 18:02:08,034] {processor.py:641} INFO - Processing file /home/guilherme/Documents/weather_datapipeline/airflow_weather/venv/lib/python3.10/site-packages/airflow/example_dags/example_nested_branch_dag.py for tasks to queue
[2023-05-19 18:02:08,034] {logging_mixin.py:115} INFO - [2023-05-19 18:02:08,034] {dagbag.py:507} INFO - Filling up the DagBag from /home/guilherme/Documents/weather_datapipeline/airflow_weather/venv/lib/python3.10/site-packages/airflow/example_dags/example_nested_branch_dag.py
[2023-05-19 18:02:08,040] {processor.py:651} INFO - DAG(s) dict_keys(['example_nested_branch_dag']) retrieved from /home/guilherme/Documents/weather_datapipeline/airflow_weather/venv/lib/python3.10/site-packages/airflow/example_dags/example_nested_branch_dag.py
[2023-05-19 18:02:08,050] {logging_mixin.py:115} INFO - [2023-05-19 18:02:08,050] {dag.py:2379} INFO - Sync 1 DAGs
[2023-05-19 18:02:08,059] {logging_mixin.py:115} INFO - [2023-05-19 18:02:08,059] {dag.py:2927} INFO - Setting next_dagrun for example_nested_branch_dag to 2023-05-18T00:00:00+00:00, run_after=2023-05-19T00:00:00+00:00
[2023-05-19 18:02:08,065] {processor.py:161} INFO - Processing /home/guilherme/Documents/weather_datapipeline/airflow_weather/venv/lib/python3.10/site-packages/airflow/example_dags/example_nested_branch_dag.py took 0.033 seconds
[2023-05-19 18:02:38,723] {processor.py:153} INFO - Started process (PID=12029) to work on /home/guilherme/Documents/weather_datapipeline/airflow_weather/venv/lib/python3.10/site-packages/airflow/example_dags/example_nested_branch_dag.py
[2023-05-19 18:02:38,724] {processor.py:641} INFO - Processing file /home/guilherme/Documents/weather_datapipeline/airflow_weather/venv/lib/python3.10/site-packages/airflow/example_dags/example_nested_branch_dag.py for tasks to queue
[2023-05-19 18:02:38,724] {logging_mixin.py:115} INFO - [2023-05-19 18:02:38,724] {dagbag.py:507} INFO - Filling up the DagBag from /home/guilherme/Documents/weather_datapipeline/airflow_weather/venv/lib/python3.10/site-packages/airflow/example_dags/example_nested_branch_dag.py
[2023-05-19 18:02:38,729] {processor.py:651} INFO - DAG(s) dict_keys(['example_nested_branch_dag']) retrieved from /home/guilherme/Documents/weather_datapipeline/airflow_weather/venv/lib/python3.10/site-packages/airflow/example_dags/example_nested_branch_dag.py
[2023-05-19 18:02:38,740] {logging_mixin.py:115} INFO - [2023-05-19 18:02:38,740] {dag.py:2379} INFO - Sync 1 DAGs
[2023-05-19 18:02:38,751] {logging_mixin.py:115} INFO - [2023-05-19 18:02:38,751] {dag.py:2927} INFO - Setting next_dagrun for example_nested_branch_dag to 2023-05-18T00:00:00+00:00, run_after=2023-05-19T00:00:00+00:00
[2023-05-19 18:02:38,758] {processor.py:161} INFO - Processing /home/guilherme/Documents/weather_datapipeline/airflow_weather/venv/lib/python3.10/site-packages/airflow/example_dags/example_nested_branch_dag.py took 0.036 seconds
[2023-05-19 18:03:08,830] {processor.py:153} INFO - Started process (PID=12204) to work on /home/guilherme/Documents/weather_datapipeline/airflow_weather/venv/lib/python3.10/site-packages/airflow/example_dags/example_nested_branch_dag.py
[2023-05-19 18:03:08,831] {processor.py:641} INFO - Processing file /home/guilherme/Documents/weather_datapipeline/airflow_weather/venv/lib/python3.10/site-packages/airflow/example_dags/example_nested_branch_dag.py for tasks to queue
[2023-05-19 18:03:08,831] {logging_mixin.py:115} INFO - [2023-05-19 18:03:08,831] {dagbag.py:507} INFO - Filling up the DagBag from /home/guilherme/Documents/weather_datapipeline/airflow_weather/venv/lib/python3.10/site-packages/airflow/example_dags/example_nested_branch_dag.py
[2023-05-19 18:03:08,836] {processor.py:651} INFO - DAG(s) dict_keys(['example_nested_branch_dag']) retrieved from /home/guilherme/Documents/weather_datapipeline/airflow_weather/venv/lib/python3.10/site-packages/airflow/example_dags/example_nested_branch_dag.py
[2023-05-19 18:03:08,847] {logging_mixin.py:115} INFO - [2023-05-19 18:03:08,847] {dag.py:2379} INFO - Sync 1 DAGs
[2023-05-19 18:03:08,856] {logging_mixin.py:115} INFO - [2023-05-19 18:03:08,856] {dag.py:2927} INFO - Setting next_dagrun for example_nested_branch_dag to 2023-05-18T00:00:00+00:00, run_after=2023-05-19T00:00:00+00:00
[2023-05-19 18:03:08,862] {processor.py:161} INFO - Processing /home/guilherme/Documents/weather_datapipeline/airflow_weather/venv/lib/python3.10/site-packages/airflow/example_dags/example_nested_branch_dag.py took 0.033 seconds
[2023-05-19 18:03:41,913] {processor.py:153} INFO - Started process (PID=12332) to work on /home/guilherme/Documents/weather_datapipeline/airflow_weather/venv/lib/python3.10/site-packages/airflow/example_dags/example_nested_branch_dag.py
[2023-05-19 18:03:41,914] {processor.py:641} INFO - Processing file /home/guilherme/Documents/weather_datapipeline/airflow_weather/venv/lib/python3.10/site-packages/airflow/example_dags/example_nested_branch_dag.py for tasks to queue
[2023-05-19 18:03:41,914] {logging_mixin.py:115} INFO - [2023-05-19 18:03:41,914] {dagbag.py:507} INFO - Filling up the DagBag from /home/guilherme/Documents/weather_datapipeline/airflow_weather/venv/lib/python3.10/site-packages/airflow/example_dags/example_nested_branch_dag.py
[2023-05-19 18:03:41,920] {processor.py:651} INFO - DAG(s) dict_keys(['example_nested_branch_dag']) retrieved from /home/guilherme/Documents/weather_datapipeline/airflow_weather/venv/lib/python3.10/site-packages/airflow/example_dags/example_nested_branch_dag.py
[2023-05-19 18:03:41,932] {logging_mixin.py:115} INFO - [2023-05-19 18:03:41,932] {dag.py:2379} INFO - Sync 1 DAGs
[2023-05-19 18:03:41,942] {logging_mixin.py:115} INFO - [2023-05-19 18:03:41,942] {dag.py:2927} INFO - Setting next_dagrun for example_nested_branch_dag to 2023-05-18T00:00:00+00:00, run_after=2023-05-19T00:00:00+00:00
[2023-05-19 18:03:41,949] {processor.py:161} INFO - Processing /home/guilherme/Documents/weather_datapipeline/airflow_weather/venv/lib/python3.10/site-packages/airflow/example_dags/example_nested_branch_dag.py took 0.038 seconds
[2023-05-19 18:04:13,189] {processor.py:153} INFO - Started process (PID=12450) to work on /home/guilherme/Documents/weather_datapipeline/airflow_weather/venv/lib/python3.10/site-packages/airflow/example_dags/example_nested_branch_dag.py
[2023-05-19 18:04:13,189] {processor.py:641} INFO - Processing file /home/guilherme/Documents/weather_datapipeline/airflow_weather/venv/lib/python3.10/site-packages/airflow/example_dags/example_nested_branch_dag.py for tasks to queue
[2023-05-19 18:04:13,189] {logging_mixin.py:115} INFO - [2023-05-19 18:04:13,189] {dagbag.py:507} INFO - Filling up the DagBag from /home/guilherme/Documents/weather_datapipeline/airflow_weather/venv/lib/python3.10/site-packages/airflow/example_dags/example_nested_branch_dag.py
[2023-05-19 18:04:13,194] {processor.py:651} INFO - DAG(s) dict_keys(['example_nested_branch_dag']) retrieved from /home/guilherme/Documents/weather_datapipeline/airflow_weather/venv/lib/python3.10/site-packages/airflow/example_dags/example_nested_branch_dag.py
[2023-05-19 18:04:13,204] {logging_mixin.py:115} INFO - [2023-05-19 18:04:13,204] {dag.py:2379} INFO - Sync 1 DAGs
[2023-05-19 18:04:13,212] {logging_mixin.py:115} INFO - [2023-05-19 18:04:13,212] {dag.py:2927} INFO - Setting next_dagrun for example_nested_branch_dag to 2023-05-18T00:00:00+00:00, run_after=2023-05-19T00:00:00+00:00
[2023-05-19 18:04:13,218] {processor.py:161} INFO - Processing /home/guilherme/Documents/weather_datapipeline/airflow_weather/venv/lib/python3.10/site-packages/airflow/example_dags/example_nested_branch_dag.py took 0.031 seconds
[2023-05-19 18:04:45,087] {processor.py:153} INFO - Started process (PID=12597) to work on /home/guilherme/Documents/weather_datapipeline/airflow_weather/venv/lib/python3.10/site-packages/airflow/example_dags/example_nested_branch_dag.py
[2023-05-19 18:04:45,087] {processor.py:641} INFO - Processing file /home/guilherme/Documents/weather_datapipeline/airflow_weather/venv/lib/python3.10/site-packages/airflow/example_dags/example_nested_branch_dag.py for tasks to queue
[2023-05-19 18:04:45,088] {logging_mixin.py:115} INFO - [2023-05-19 18:04:45,088] {dagbag.py:507} INFO - Filling up the DagBag from /home/guilherme/Documents/weather_datapipeline/airflow_weather/venv/lib/python3.10/site-packages/airflow/example_dags/example_nested_branch_dag.py
[2023-05-19 18:04:45,094] {processor.py:651} INFO - DAG(s) dict_keys(['example_nested_branch_dag']) retrieved from /home/guilherme/Documents/weather_datapipeline/airflow_weather/venv/lib/python3.10/site-packages/airflow/example_dags/example_nested_branch_dag.py
[2023-05-19 18:04:45,103] {logging_mixin.py:115} INFO - [2023-05-19 18:04:45,103] {dag.py:2379} INFO - Sync 1 DAGs
[2023-05-19 18:04:45,112] {logging_mixin.py:115} INFO - [2023-05-19 18:04:45,112] {dag.py:2927} INFO - Setting next_dagrun for example_nested_branch_dag to 2023-05-18T00:00:00+00:00, run_after=2023-05-19T00:00:00+00:00
[2023-05-19 18:04:45,118] {processor.py:161} INFO - Processing /home/guilherme/Documents/weather_datapipeline/airflow_weather/venv/lib/python3.10/site-packages/airflow/example_dags/example_nested_branch_dag.py took 0.033 seconds
[2023-05-19 18:05:17,588] {processor.py:153} INFO - Started process (PID=12780) to work on /home/guilherme/Documents/weather_datapipeline/airflow_weather/venv/lib/python3.10/site-packages/airflow/example_dags/example_nested_branch_dag.py
[2023-05-19 18:05:17,588] {processor.py:641} INFO - Processing file /home/guilherme/Documents/weather_datapipeline/airflow_weather/venv/lib/python3.10/site-packages/airflow/example_dags/example_nested_branch_dag.py for tasks to queue
[2023-05-19 18:05:17,589] {logging_mixin.py:115} INFO - [2023-05-19 18:05:17,589] {dagbag.py:507} INFO - Filling up the DagBag from /home/guilherme/Documents/weather_datapipeline/airflow_weather/venv/lib/python3.10/site-packages/airflow/example_dags/example_nested_branch_dag.py
[2023-05-19 18:05:17,594] {processor.py:651} INFO - DAG(s) dict_keys(['example_nested_branch_dag']) retrieved from /home/guilherme/Documents/weather_datapipeline/airflow_weather/venv/lib/python3.10/site-packages/airflow/example_dags/example_nested_branch_dag.py
[2023-05-19 18:05:17,604] {logging_mixin.py:115} INFO - [2023-05-19 18:05:17,604] {dag.py:2379} INFO - Sync 1 DAGs
[2023-05-19 18:05:17,613] {logging_mixin.py:115} INFO - [2023-05-19 18:05:17,613] {dag.py:2927} INFO - Setting next_dagrun for example_nested_branch_dag to 2023-05-18T00:00:00+00:00, run_after=2023-05-19T00:00:00+00:00
[2023-05-19 18:05:17,620] {processor.py:161} INFO - Processing /home/guilherme/Documents/weather_datapipeline/airflow_weather/venv/lib/python3.10/site-packages/airflow/example_dags/example_nested_branch_dag.py took 0.033 seconds
[2023-05-19 18:05:48,364] {processor.py:153} INFO - Started process (PID=13098) to work on /home/guilherme/Documents/weather_datapipeline/airflow_weather/venv/lib/python3.10/site-packages/airflow/example_dags/example_nested_branch_dag.py
[2023-05-19 18:05:48,365] {processor.py:641} INFO - Processing file /home/guilherme/Documents/weather_datapipeline/airflow_weather/venv/lib/python3.10/site-packages/airflow/example_dags/example_nested_branch_dag.py for tasks to queue
[2023-05-19 18:05:48,365] {logging_mixin.py:115} INFO - [2023-05-19 18:05:48,365] {dagbag.py:507} INFO - Filling up the DagBag from /home/guilherme/Documents/weather_datapipeline/airflow_weather/venv/lib/python3.10/site-packages/airflow/example_dags/example_nested_branch_dag.py
[2023-05-19 18:05:48,370] {processor.py:651} INFO - DAG(s) dict_keys(['example_nested_branch_dag']) retrieved from /home/guilherme/Documents/weather_datapipeline/airflow_weather/venv/lib/python3.10/site-packages/airflow/example_dags/example_nested_branch_dag.py
[2023-05-19 18:05:48,380] {logging_mixin.py:115} INFO - [2023-05-19 18:05:48,380] {dag.py:2379} INFO - Sync 1 DAGs
[2023-05-19 18:05:48,389] {logging_mixin.py:115} INFO - [2023-05-19 18:05:48,389] {dag.py:2927} INFO - Setting next_dagrun for example_nested_branch_dag to 2023-05-18T00:00:00+00:00, run_after=2023-05-19T00:00:00+00:00
[2023-05-19 18:05:48,394] {processor.py:161} INFO - Processing /home/guilherme/Documents/weather_datapipeline/airflow_weather/venv/lib/python3.10/site-packages/airflow/example_dags/example_nested_branch_dag.py took 0.032 seconds
[2023-05-19 18:06:18,744] {processor.py:153} INFO - Started process (PID=13517) to work on /home/guilherme/Documents/weather_datapipeline/airflow_weather/venv/lib/python3.10/site-packages/airflow/example_dags/example_nested_branch_dag.py
[2023-05-19 18:06:18,744] {processor.py:641} INFO - Processing file /home/guilherme/Documents/weather_datapipeline/airflow_weather/venv/lib/python3.10/site-packages/airflow/example_dags/example_nested_branch_dag.py for tasks to queue
[2023-05-19 18:06:18,744] {logging_mixin.py:115} INFO - [2023-05-19 18:06:18,744] {dagbag.py:507} INFO - Filling up the DagBag from /home/guilherme/Documents/weather_datapipeline/airflow_weather/venv/lib/python3.10/site-packages/airflow/example_dags/example_nested_branch_dag.py
[2023-05-19 18:06:18,750] {processor.py:651} INFO - DAG(s) dict_keys(['example_nested_branch_dag']) retrieved from /home/guilherme/Documents/weather_datapipeline/airflow_weather/venv/lib/python3.10/site-packages/airflow/example_dags/example_nested_branch_dag.py
[2023-05-19 18:06:18,760] {logging_mixin.py:115} INFO - [2023-05-19 18:06:18,760] {dag.py:2379} INFO - Sync 1 DAGs
[2023-05-19 18:06:18,769] {logging_mixin.py:115} INFO - [2023-05-19 18:06:18,769] {dag.py:2927} INFO - Setting next_dagrun for example_nested_branch_dag to 2023-05-18T00:00:00+00:00, run_after=2023-05-19T00:00:00+00:00
[2023-05-19 18:06:18,775] {processor.py:161} INFO - Processing /home/guilherme/Documents/weather_datapipeline/airflow_weather/venv/lib/python3.10/site-packages/airflow/example_dags/example_nested_branch_dag.py took 0.033 seconds
[2023-05-19 18:06:49,921] {processor.py:153} INFO - Started process (PID=13856) to work on /home/guilherme/Documents/weather_datapipeline/airflow_weather/venv/lib/python3.10/site-packages/airflow/example_dags/example_nested_branch_dag.py
[2023-05-19 18:06:49,922] {processor.py:641} INFO - Processing file /home/guilherme/Documents/weather_datapipeline/airflow_weather/venv/lib/python3.10/site-packages/airflow/example_dags/example_nested_branch_dag.py for tasks to queue
[2023-05-19 18:06:49,922] {logging_mixin.py:115} INFO - [2023-05-19 18:06:49,922] {dagbag.py:507} INFO - Filling up the DagBag from /home/guilherme/Documents/weather_datapipeline/airflow_weather/venv/lib/python3.10/site-packages/airflow/example_dags/example_nested_branch_dag.py
[2023-05-19 18:06:49,927] {processor.py:651} INFO - DAG(s) dict_keys(['example_nested_branch_dag']) retrieved from /home/guilherme/Documents/weather_datapipeline/airflow_weather/venv/lib/python3.10/site-packages/airflow/example_dags/example_nested_branch_dag.py
[2023-05-19 18:06:49,937] {logging_mixin.py:115} INFO - [2023-05-19 18:06:49,937] {dag.py:2379} INFO - Sync 1 DAGs
[2023-05-19 18:06:49,945] {logging_mixin.py:115} INFO - [2023-05-19 18:06:49,945] {dag.py:2927} INFO - Setting next_dagrun for example_nested_branch_dag to 2023-05-18T00:00:00+00:00, run_after=2023-05-19T00:00:00+00:00
[2023-05-19 18:06:49,951] {processor.py:161} INFO - Processing /home/guilherme/Documents/weather_datapipeline/airflow_weather/venv/lib/python3.10/site-packages/airflow/example_dags/example_nested_branch_dag.py took 0.031 seconds
[2023-05-19 18:07:25,127] {processor.py:153} INFO - Started process (PID=14335) to work on /home/guilherme/Documents/weather_datapipeline/airflow_weather/venv/lib/python3.10/site-packages/airflow/example_dags/example_nested_branch_dag.py
[2023-05-19 18:07:25,128] {processor.py:641} INFO - Processing file /home/guilherme/Documents/weather_datapipeline/airflow_weather/venv/lib/python3.10/site-packages/airflow/example_dags/example_nested_branch_dag.py for tasks to queue
[2023-05-19 18:07:25,129] {logging_mixin.py:115} INFO - [2023-05-19 18:07:25,129] {dagbag.py:507} INFO - Filling up the DagBag from /home/guilherme/Documents/weather_datapipeline/airflow_weather/venv/lib/python3.10/site-packages/airflow/example_dags/example_nested_branch_dag.py
[2023-05-19 18:07:25,134] {processor.py:651} INFO - DAG(s) dict_keys(['example_nested_branch_dag']) retrieved from /home/guilherme/Documents/weather_datapipeline/airflow_weather/venv/lib/python3.10/site-packages/airflow/example_dags/example_nested_branch_dag.py
[2023-05-19 18:07:25,144] {logging_mixin.py:115} INFO - [2023-05-19 18:07:25,144] {dag.py:2379} INFO - Sync 1 DAGs
[2023-05-19 18:07:25,153] {logging_mixin.py:115} INFO - [2023-05-19 18:07:25,153] {dag.py:2927} INFO - Setting next_dagrun for example_nested_branch_dag to 2023-05-18T00:00:00+00:00, run_after=2023-05-19T00:00:00+00:00
[2023-05-19 18:07:25,159] {processor.py:161} INFO - Processing /home/guilherme/Documents/weather_datapipeline/airflow_weather/venv/lib/python3.10/site-packages/airflow/example_dags/example_nested_branch_dag.py took 0.033 seconds
[2023-05-19 18:07:55,913] {processor.py:153} INFO - Started process (PID=14510) to work on /home/guilherme/Documents/weather_datapipeline/airflow_weather/venv/lib/python3.10/site-packages/airflow/example_dags/example_nested_branch_dag.py
[2023-05-19 18:07:55,913] {processor.py:641} INFO - Processing file /home/guilherme/Documents/weather_datapipeline/airflow_weather/venv/lib/python3.10/site-packages/airflow/example_dags/example_nested_branch_dag.py for tasks to queue
[2023-05-19 18:07:55,913] {logging_mixin.py:115} INFO - [2023-05-19 18:07:55,913] {dagbag.py:507} INFO - Filling up the DagBag from /home/guilherme/Documents/weather_datapipeline/airflow_weather/venv/lib/python3.10/site-packages/airflow/example_dags/example_nested_branch_dag.py
[2023-05-19 18:07:55,919] {processor.py:651} INFO - DAG(s) dict_keys(['example_nested_branch_dag']) retrieved from /home/guilherme/Documents/weather_datapipeline/airflow_weather/venv/lib/python3.10/site-packages/airflow/example_dags/example_nested_branch_dag.py
[2023-05-19 18:07:55,930] {logging_mixin.py:115} INFO - [2023-05-19 18:07:55,930] {dag.py:2379} INFO - Sync 1 DAGs
[2023-05-19 18:07:55,939] {logging_mixin.py:115} INFO - [2023-05-19 18:07:55,939] {dag.py:2927} INFO - Setting next_dagrun for example_nested_branch_dag to 2023-05-18T00:00:00+00:00, run_after=2023-05-19T00:00:00+00:00
[2023-05-19 18:07:55,946] {processor.py:161} INFO - Processing /home/guilherme/Documents/weather_datapipeline/airflow_weather/venv/lib/python3.10/site-packages/airflow/example_dags/example_nested_branch_dag.py took 0.035 seconds
[2023-05-19 18:08:27,316] {processor.py:153} INFO - Started process (PID=14711) to work on /home/guilherme/Documents/weather_datapipeline/airflow_weather/venv/lib/python3.10/site-packages/airflow/example_dags/example_nested_branch_dag.py
[2023-05-19 18:08:27,316] {processor.py:641} INFO - Processing file /home/guilherme/Documents/weather_datapipeline/airflow_weather/venv/lib/python3.10/site-packages/airflow/example_dags/example_nested_branch_dag.py for tasks to queue
[2023-05-19 18:08:27,316] {logging_mixin.py:115} INFO - [2023-05-19 18:08:27,316] {dagbag.py:507} INFO - Filling up the DagBag from /home/guilherme/Documents/weather_datapipeline/airflow_weather/venv/lib/python3.10/site-packages/airflow/example_dags/example_nested_branch_dag.py
[2023-05-19 18:08:27,321] {processor.py:651} INFO - DAG(s) dict_keys(['example_nested_branch_dag']) retrieved from /home/guilherme/Documents/weather_datapipeline/airflow_weather/venv/lib/python3.10/site-packages/airflow/example_dags/example_nested_branch_dag.py
[2023-05-19 18:08:27,330] {logging_mixin.py:115} INFO - [2023-05-19 18:08:27,330] {dag.py:2379} INFO - Sync 1 DAGs
[2023-05-19 18:08:27,339] {logging_mixin.py:115} INFO - [2023-05-19 18:08:27,339] {dag.py:2927} INFO - Setting next_dagrun for example_nested_branch_dag to 2023-05-18T00:00:00+00:00, run_after=2023-05-19T00:00:00+00:00
[2023-05-19 18:08:27,345] {processor.py:161} INFO - Processing /home/guilherme/Documents/weather_datapipeline/airflow_weather/venv/lib/python3.10/site-packages/airflow/example_dags/example_nested_branch_dag.py took 0.031 seconds
[2023-05-19 18:08:57,444] {processor.py:153} INFO - Started process (PID=14889) to work on /home/guilherme/Documents/weather_datapipeline/airflow_weather/venv/lib/python3.10/site-packages/airflow/example_dags/example_nested_branch_dag.py
[2023-05-19 18:08:57,444] {processor.py:641} INFO - Processing file /home/guilherme/Documents/weather_datapipeline/airflow_weather/venv/lib/python3.10/site-packages/airflow/example_dags/example_nested_branch_dag.py for tasks to queue
[2023-05-19 18:08:57,444] {logging_mixin.py:115} INFO - [2023-05-19 18:08:57,444] {dagbag.py:507} INFO - Filling up the DagBag from /home/guilherme/Documents/weather_datapipeline/airflow_weather/venv/lib/python3.10/site-packages/airflow/example_dags/example_nested_branch_dag.py
[2023-05-19 18:08:57,449] {processor.py:651} INFO - DAG(s) dict_keys(['example_nested_branch_dag']) retrieved from /home/guilherme/Documents/weather_datapipeline/airflow_weather/venv/lib/python3.10/site-packages/airflow/example_dags/example_nested_branch_dag.py
[2023-05-19 18:08:57,459] {logging_mixin.py:115} INFO - [2023-05-19 18:08:57,459] {dag.py:2379} INFO - Sync 1 DAGs
[2023-05-19 18:08:57,468] {logging_mixin.py:115} INFO - [2023-05-19 18:08:57,468] {dag.py:2927} INFO - Setting next_dagrun for example_nested_branch_dag to 2023-05-18T00:00:00+00:00, run_after=2023-05-19T00:00:00+00:00
[2023-05-19 18:08:57,474] {processor.py:161} INFO - Processing /home/guilherme/Documents/weather_datapipeline/airflow_weather/venv/lib/python3.10/site-packages/airflow/example_dags/example_nested_branch_dag.py took 0.032 seconds
[2023-05-19 18:09:27,559] {processor.py:153} INFO - Started process (PID=15045) to work on /home/guilherme/Documents/weather_datapipeline/airflow_weather/venv/lib/python3.10/site-packages/airflow/example_dags/example_nested_branch_dag.py
[2023-05-19 18:09:27,560] {processor.py:641} INFO - Processing file /home/guilherme/Documents/weather_datapipeline/airflow_weather/venv/lib/python3.10/site-packages/airflow/example_dags/example_nested_branch_dag.py for tasks to queue
[2023-05-19 18:09:27,560] {logging_mixin.py:115} INFO - [2023-05-19 18:09:27,560] {dagbag.py:507} INFO - Filling up the DagBag from /home/guilherme/Documents/weather_datapipeline/airflow_weather/venv/lib/python3.10/site-packages/airflow/example_dags/example_nested_branch_dag.py
[2023-05-19 18:09:27,565] {processor.py:651} INFO - DAG(s) dict_keys(['example_nested_branch_dag']) retrieved from /home/guilherme/Documents/weather_datapipeline/airflow_weather/venv/lib/python3.10/site-packages/airflow/example_dags/example_nested_branch_dag.py
[2023-05-19 18:09:27,575] {logging_mixin.py:115} INFO - [2023-05-19 18:09:27,575] {dag.py:2379} INFO - Sync 1 DAGs
[2023-05-19 18:09:27,584] {logging_mixin.py:115} INFO - [2023-05-19 18:09:27,584] {dag.py:2927} INFO - Setting next_dagrun for example_nested_branch_dag to 2023-05-18T00:00:00+00:00, run_after=2023-05-19T00:00:00+00:00
[2023-05-19 18:09:27,589] {processor.py:161} INFO - Processing /home/guilherme/Documents/weather_datapipeline/airflow_weather/venv/lib/python3.10/site-packages/airflow/example_dags/example_nested_branch_dag.py took 0.031 seconds
[2023-05-19 18:09:57,909] {processor.py:153} INFO - Started process (PID=15230) to work on /home/guilherme/Documents/weather_datapipeline/airflow_weather/venv/lib/python3.10/site-packages/airflow/example_dags/example_nested_branch_dag.py
[2023-05-19 18:09:57,909] {processor.py:641} INFO - Processing file /home/guilherme/Documents/weather_datapipeline/airflow_weather/venv/lib/python3.10/site-packages/airflow/example_dags/example_nested_branch_dag.py for tasks to queue
[2023-05-19 18:09:57,910] {logging_mixin.py:115} INFO - [2023-05-19 18:09:57,910] {dagbag.py:507} INFO - Filling up the DagBag from /home/guilherme/Documents/weather_datapipeline/airflow_weather/venv/lib/python3.10/site-packages/airflow/example_dags/example_nested_branch_dag.py
[2023-05-19 18:09:57,916] {processor.py:651} INFO - DAG(s) dict_keys(['example_nested_branch_dag']) retrieved from /home/guilherme/Documents/weather_datapipeline/airflow_weather/venv/lib/python3.10/site-packages/airflow/example_dags/example_nested_branch_dag.py
[2023-05-19 18:09:57,926] {logging_mixin.py:115} INFO - [2023-05-19 18:09:57,926] {dag.py:2379} INFO - Sync 1 DAGs
[2023-05-19 18:09:57,936] {logging_mixin.py:115} INFO - [2023-05-19 18:09:57,936] {dag.py:2927} INFO - Setting next_dagrun for example_nested_branch_dag to 2023-05-18T00:00:00+00:00, run_after=2023-05-19T00:00:00+00:00
[2023-05-19 18:09:57,943] {processor.py:161} INFO - Processing /home/guilherme/Documents/weather_datapipeline/airflow_weather/venv/lib/python3.10/site-packages/airflow/example_dags/example_nested_branch_dag.py took 0.036 seconds
[2023-05-19 18:10:28,627] {processor.py:153} INFO - Started process (PID=15307) to work on /home/guilherme/Documents/weather_datapipeline/airflow_weather/venv/lib/python3.10/site-packages/airflow/example_dags/example_nested_branch_dag.py
[2023-05-19 18:10:28,628] {processor.py:641} INFO - Processing file /home/guilherme/Documents/weather_datapipeline/airflow_weather/venv/lib/python3.10/site-packages/airflow/example_dags/example_nested_branch_dag.py for tasks to queue
[2023-05-19 18:10:28,628] {logging_mixin.py:115} INFO - [2023-05-19 18:10:28,628] {dagbag.py:507} INFO - Filling up the DagBag from /home/guilherme/Documents/weather_datapipeline/airflow_weather/venv/lib/python3.10/site-packages/airflow/example_dags/example_nested_branch_dag.py
[2023-05-19 18:10:28,634] {processor.py:651} INFO - DAG(s) dict_keys(['example_nested_branch_dag']) retrieved from /home/guilherme/Documents/weather_datapipeline/airflow_weather/venv/lib/python3.10/site-packages/airflow/example_dags/example_nested_branch_dag.py
[2023-05-19 18:10:28,644] {logging_mixin.py:115} INFO - [2023-05-19 18:10:28,644] {dag.py:2379} INFO - Sync 1 DAGs
[2023-05-19 18:10:28,655] {logging_mixin.py:115} INFO - [2023-05-19 18:10:28,655] {dag.py:2927} INFO - Setting next_dagrun for example_nested_branch_dag to 2023-05-18T00:00:00+00:00, run_after=2023-05-19T00:00:00+00:00
[2023-05-19 18:10:28,661] {processor.py:161} INFO - Processing /home/guilherme/Documents/weather_datapipeline/airflow_weather/venv/lib/python3.10/site-packages/airflow/example_dags/example_nested_branch_dag.py took 0.035 seconds
[2023-05-19 18:11:00,009] {processor.py:153} INFO - Started process (PID=15373) to work on /home/guilherme/Documents/weather_datapipeline/airflow_weather/venv/lib/python3.10/site-packages/airflow/example_dags/example_nested_branch_dag.py
[2023-05-19 18:11:00,009] {processor.py:641} INFO - Processing file /home/guilherme/Documents/weather_datapipeline/airflow_weather/venv/lib/python3.10/site-packages/airflow/example_dags/example_nested_branch_dag.py for tasks to queue
[2023-05-19 18:11:00,010] {logging_mixin.py:115} INFO - [2023-05-19 18:11:00,010] {dagbag.py:507} INFO - Filling up the DagBag from /home/guilherme/Documents/weather_datapipeline/airflow_weather/venv/lib/python3.10/site-packages/airflow/example_dags/example_nested_branch_dag.py
[2023-05-19 18:11:00,016] {processor.py:651} INFO - DAG(s) dict_keys(['example_nested_branch_dag']) retrieved from /home/guilherme/Documents/weather_datapipeline/airflow_weather/venv/lib/python3.10/site-packages/airflow/example_dags/example_nested_branch_dag.py
[2023-05-19 18:11:00,028] {logging_mixin.py:115} INFO - [2023-05-19 18:11:00,027] {dag.py:2379} INFO - Sync 1 DAGs
[2023-05-19 18:11:00,040] {logging_mixin.py:115} INFO - [2023-05-19 18:11:00,040] {dag.py:2927} INFO - Setting next_dagrun for example_nested_branch_dag to 2023-05-18T00:00:00+00:00, run_after=2023-05-19T00:00:00+00:00
[2023-05-19 18:11:00,047] {processor.py:161} INFO - Processing /home/guilherme/Documents/weather_datapipeline/airflow_weather/venv/lib/python3.10/site-packages/airflow/example_dags/example_nested_branch_dag.py took 0.040 seconds
[2023-05-19 18:11:31,917] {processor.py:153} INFO - Started process (PID=15436) to work on /home/guilherme/Documents/weather_datapipeline/airflow_weather/venv/lib/python3.10/site-packages/airflow/example_dags/example_nested_branch_dag.py
[2023-05-19 18:11:31,917] {processor.py:641} INFO - Processing file /home/guilherme/Documents/weather_datapipeline/airflow_weather/venv/lib/python3.10/site-packages/airflow/example_dags/example_nested_branch_dag.py for tasks to queue
[2023-05-19 18:11:31,917] {logging_mixin.py:115} INFO - [2023-05-19 18:11:31,917] {dagbag.py:507} INFO - Filling up the DagBag from /home/guilherme/Documents/weather_datapipeline/airflow_weather/venv/lib/python3.10/site-packages/airflow/example_dags/example_nested_branch_dag.py
[2023-05-19 18:11:31,925] {processor.py:651} INFO - DAG(s) dict_keys(['example_nested_branch_dag']) retrieved from /home/guilherme/Documents/weather_datapipeline/airflow_weather/venv/lib/python3.10/site-packages/airflow/example_dags/example_nested_branch_dag.py
[2023-05-19 18:11:31,942] {logging_mixin.py:115} INFO - [2023-05-19 18:11:31,942] {dag.py:2379} INFO - Sync 1 DAGs
[2023-05-19 18:11:31,956] {logging_mixin.py:115} INFO - [2023-05-19 18:11:31,956] {dag.py:2927} INFO - Setting next_dagrun for example_nested_branch_dag to 2023-05-18T00:00:00+00:00, run_after=2023-05-19T00:00:00+00:00
[2023-05-19 18:11:31,962] {processor.py:161} INFO - Processing /home/guilherme/Documents/weather_datapipeline/airflow_weather/venv/lib/python3.10/site-packages/airflow/example_dags/example_nested_branch_dag.py took 0.047 seconds
[2023-05-19 18:12:03,819] {processor.py:153} INFO - Started process (PID=15472) to work on /home/guilherme/Documents/weather_datapipeline/airflow_weather/venv/lib/python3.10/site-packages/airflow/example_dags/example_nested_branch_dag.py
[2023-05-19 18:12:03,819] {processor.py:641} INFO - Processing file /home/guilherme/Documents/weather_datapipeline/airflow_weather/venv/lib/python3.10/site-packages/airflow/example_dags/example_nested_branch_dag.py for tasks to queue
[2023-05-19 18:12:03,819] {logging_mixin.py:115} INFO - [2023-05-19 18:12:03,819] {dagbag.py:507} INFO - Filling up the DagBag from /home/guilherme/Documents/weather_datapipeline/airflow_weather/venv/lib/python3.10/site-packages/airflow/example_dags/example_nested_branch_dag.py
[2023-05-19 18:12:03,825] {processor.py:651} INFO - DAG(s) dict_keys(['example_nested_branch_dag']) retrieved from /home/guilherme/Documents/weather_datapipeline/airflow_weather/venv/lib/python3.10/site-packages/airflow/example_dags/example_nested_branch_dag.py
[2023-05-19 18:12:03,837] {logging_mixin.py:115} INFO - [2023-05-19 18:12:03,837] {dag.py:2379} INFO - Sync 1 DAGs
[2023-05-19 18:12:03,847] {logging_mixin.py:115} INFO - [2023-05-19 18:12:03,847] {dag.py:2927} INFO - Setting next_dagrun for example_nested_branch_dag to 2023-05-18T00:00:00+00:00, run_after=2023-05-19T00:00:00+00:00
[2023-05-19 18:12:03,854] {processor.py:161} INFO - Processing /home/guilherme/Documents/weather_datapipeline/airflow_weather/venv/lib/python3.10/site-packages/airflow/example_dags/example_nested_branch_dag.py took 0.037 seconds
[2023-05-19 18:12:34,488] {processor.py:153} INFO - Started process (PID=15542) to work on /home/guilherme/Documents/weather_datapipeline/airflow_weather/venv/lib/python3.10/site-packages/airflow/example_dags/example_nested_branch_dag.py
[2023-05-19 18:12:34,489] {processor.py:641} INFO - Processing file /home/guilherme/Documents/weather_datapipeline/airflow_weather/venv/lib/python3.10/site-packages/airflow/example_dags/example_nested_branch_dag.py for tasks to queue
[2023-05-19 18:12:34,489] {logging_mixin.py:115} INFO - [2023-05-19 18:12:34,489] {dagbag.py:507} INFO - Filling up the DagBag from /home/guilherme/Documents/weather_datapipeline/airflow_weather/venv/lib/python3.10/site-packages/airflow/example_dags/example_nested_branch_dag.py
[2023-05-19 18:12:34,495] {processor.py:651} INFO - DAG(s) dict_keys(['example_nested_branch_dag']) retrieved from /home/guilherme/Documents/weather_datapipeline/airflow_weather/venv/lib/python3.10/site-packages/airflow/example_dags/example_nested_branch_dag.py
[2023-05-19 18:12:34,507] {logging_mixin.py:115} INFO - [2023-05-19 18:12:34,506] {dag.py:2379} INFO - Sync 1 DAGs
[2023-05-19 18:12:34,516] {logging_mixin.py:115} INFO - [2023-05-19 18:12:34,516] {dag.py:2927} INFO - Setting next_dagrun for example_nested_branch_dag to 2023-05-18T00:00:00+00:00, run_after=2023-05-19T00:00:00+00:00
[2023-05-19 18:12:34,523] {processor.py:161} INFO - Processing /home/guilherme/Documents/weather_datapipeline/airflow_weather/venv/lib/python3.10/site-packages/airflow/example_dags/example_nested_branch_dag.py took 0.037 seconds
[2023-05-19 18:13:07,426] {processor.py:153} INFO - Started process (PID=15684) to work on /home/guilherme/Documents/weather_datapipeline/airflow_weather/venv/lib/python3.10/site-packages/airflow/example_dags/example_nested_branch_dag.py
[2023-05-19 18:13:07,426] {processor.py:641} INFO - Processing file /home/guilherme/Documents/weather_datapipeline/airflow_weather/venv/lib/python3.10/site-packages/airflow/example_dags/example_nested_branch_dag.py for tasks to queue
[2023-05-19 18:13:07,426] {logging_mixin.py:115} INFO - [2023-05-19 18:13:07,426] {dagbag.py:507} INFO - Filling up the DagBag from /home/guilherme/Documents/weather_datapipeline/airflow_weather/venv/lib/python3.10/site-packages/airflow/example_dags/example_nested_branch_dag.py
[2023-05-19 18:13:07,432] {processor.py:651} INFO - DAG(s) dict_keys(['example_nested_branch_dag']) retrieved from /home/guilherme/Documents/weather_datapipeline/airflow_weather/venv/lib/python3.10/site-packages/airflow/example_dags/example_nested_branch_dag.py
[2023-05-19 18:13:07,444] {logging_mixin.py:115} INFO - [2023-05-19 18:13:07,444] {dag.py:2379} INFO - Sync 1 DAGs
[2023-05-19 18:13:07,455] {logging_mixin.py:115} INFO - [2023-05-19 18:13:07,455] {dag.py:2927} INFO - Setting next_dagrun for example_nested_branch_dag to 2023-05-18T00:00:00+00:00, run_after=2023-05-19T00:00:00+00:00
[2023-05-19 18:13:07,463] {processor.py:161} INFO - Processing /home/guilherme/Documents/weather_datapipeline/airflow_weather/venv/lib/python3.10/site-packages/airflow/example_dags/example_nested_branch_dag.py took 0.040 seconds
[2023-05-19 18:13:39,301] {processor.py:153} INFO - Started process (PID=15859) to work on /home/guilherme/Documents/weather_datapipeline/airflow_weather/venv/lib/python3.10/site-packages/airflow/example_dags/example_nested_branch_dag.py
[2023-05-19 18:13:39,302] {processor.py:641} INFO - Processing file /home/guilherme/Documents/weather_datapipeline/airflow_weather/venv/lib/python3.10/site-packages/airflow/example_dags/example_nested_branch_dag.py for tasks to queue
[2023-05-19 18:13:39,302] {logging_mixin.py:115} INFO - [2023-05-19 18:13:39,302] {dagbag.py:507} INFO - Filling up the DagBag from /home/guilherme/Documents/weather_datapipeline/airflow_weather/venv/lib/python3.10/site-packages/airflow/example_dags/example_nested_branch_dag.py
[2023-05-19 18:13:39,308] {processor.py:651} INFO - DAG(s) dict_keys(['example_nested_branch_dag']) retrieved from /home/guilherme/Documents/weather_datapipeline/airflow_weather/venv/lib/python3.10/site-packages/airflow/example_dags/example_nested_branch_dag.py
[2023-05-19 18:13:39,317] {logging_mixin.py:115} INFO - [2023-05-19 18:13:39,317] {dag.py:2379} INFO - Sync 1 DAGs
[2023-05-19 18:13:39,327] {logging_mixin.py:115} INFO - [2023-05-19 18:13:39,327] {dag.py:2927} INFO - Setting next_dagrun for example_nested_branch_dag to 2023-05-18T00:00:00+00:00, run_after=2023-05-19T00:00:00+00:00
[2023-05-19 18:13:39,332] {processor.py:161} INFO - Processing /home/guilherme/Documents/weather_datapipeline/airflow_weather/venv/lib/python3.10/site-packages/airflow/example_dags/example_nested_branch_dag.py took 0.032 seconds
[2023-05-19 18:14:10,622] {processor.py:153} INFO - Started process (PID=16031) to work on /home/guilherme/Documents/weather_datapipeline/airflow_weather/venv/lib/python3.10/site-packages/airflow/example_dags/example_nested_branch_dag.py
[2023-05-19 18:14:10,623] {processor.py:641} INFO - Processing file /home/guilherme/Documents/weather_datapipeline/airflow_weather/venv/lib/python3.10/site-packages/airflow/example_dags/example_nested_branch_dag.py for tasks to queue
[2023-05-19 18:14:10,623] {logging_mixin.py:115} INFO - [2023-05-19 18:14:10,623] {dagbag.py:507} INFO - Filling up the DagBag from /home/guilherme/Documents/weather_datapipeline/airflow_weather/venv/lib/python3.10/site-packages/airflow/example_dags/example_nested_branch_dag.py
[2023-05-19 18:14:10,628] {processor.py:651} INFO - DAG(s) dict_keys(['example_nested_branch_dag']) retrieved from /home/guilherme/Documents/weather_datapipeline/airflow_weather/venv/lib/python3.10/site-packages/airflow/example_dags/example_nested_branch_dag.py
[2023-05-19 18:14:10,638] {logging_mixin.py:115} INFO - [2023-05-19 18:14:10,638] {dag.py:2379} INFO - Sync 1 DAGs
[2023-05-19 18:14:10,647] {logging_mixin.py:115} INFO - [2023-05-19 18:14:10,647] {dag.py:2927} INFO - Setting next_dagrun for example_nested_branch_dag to 2023-05-18T00:00:00+00:00, run_after=2023-05-19T00:00:00+00:00
[2023-05-19 18:14:10,654] {processor.py:161} INFO - Processing /home/guilherme/Documents/weather_datapipeline/airflow_weather/venv/lib/python3.10/site-packages/airflow/example_dags/example_nested_branch_dag.py took 0.034 seconds
[2023-05-19 18:14:41,400] {processor.py:153} INFO - Started process (PID=16210) to work on /home/guilherme/Documents/weather_datapipeline/airflow_weather/venv/lib/python3.10/site-packages/airflow/example_dags/example_nested_branch_dag.py
[2023-05-19 18:14:41,400] {processor.py:641} INFO - Processing file /home/guilherme/Documents/weather_datapipeline/airflow_weather/venv/lib/python3.10/site-packages/airflow/example_dags/example_nested_branch_dag.py for tasks to queue
[2023-05-19 18:14:41,401] {logging_mixin.py:115} INFO - [2023-05-19 18:14:41,401] {dagbag.py:507} INFO - Filling up the DagBag from /home/guilherme/Documents/weather_datapipeline/airflow_weather/venv/lib/python3.10/site-packages/airflow/example_dags/example_nested_branch_dag.py
[2023-05-19 18:14:41,406] {processor.py:651} INFO - DAG(s) dict_keys(['example_nested_branch_dag']) retrieved from /home/guilherme/Documents/weather_datapipeline/airflow_weather/venv/lib/python3.10/site-packages/airflow/example_dags/example_nested_branch_dag.py
[2023-05-19 18:14:41,416] {logging_mixin.py:115} INFO - [2023-05-19 18:14:41,416] {dag.py:2379} INFO - Sync 1 DAGs
[2023-05-19 18:14:41,426] {logging_mixin.py:115} INFO - [2023-05-19 18:14:41,426] {dag.py:2927} INFO - Setting next_dagrun for example_nested_branch_dag to 2023-05-18T00:00:00+00:00, run_after=2023-05-19T00:00:00+00:00
[2023-05-19 18:14:41,432] {processor.py:161} INFO - Processing /home/guilherme/Documents/weather_datapipeline/airflow_weather/venv/lib/python3.10/site-packages/airflow/example_dags/example_nested_branch_dag.py took 0.034 seconds
[2023-05-19 18:15:13,214] {processor.py:153} INFO - Started process (PID=16403) to work on /home/guilherme/Documents/weather_datapipeline/airflow_weather/venv/lib/python3.10/site-packages/airflow/example_dags/example_nested_branch_dag.py
[2023-05-19 18:15:13,214] {processor.py:641} INFO - Processing file /home/guilherme/Documents/weather_datapipeline/airflow_weather/venv/lib/python3.10/site-packages/airflow/example_dags/example_nested_branch_dag.py for tasks to queue
[2023-05-19 18:15:13,215] {logging_mixin.py:115} INFO - [2023-05-19 18:15:13,215] {dagbag.py:507} INFO - Filling up the DagBag from /home/guilherme/Documents/weather_datapipeline/airflow_weather/venv/lib/python3.10/site-packages/airflow/example_dags/example_nested_branch_dag.py
[2023-05-19 18:15:13,221] {processor.py:651} INFO - DAG(s) dict_keys(['example_nested_branch_dag']) retrieved from /home/guilherme/Documents/weather_datapipeline/airflow_weather/venv/lib/python3.10/site-packages/airflow/example_dags/example_nested_branch_dag.py
[2023-05-19 18:15:13,230] {logging_mixin.py:115} INFO - [2023-05-19 18:15:13,230] {dag.py:2379} INFO - Sync 1 DAGs
[2023-05-19 18:15:13,240] {logging_mixin.py:115} INFO - [2023-05-19 18:15:13,240] {dag.py:2927} INFO - Setting next_dagrun for example_nested_branch_dag to 2023-05-18T00:00:00+00:00, run_after=2023-05-19T00:00:00+00:00
[2023-05-19 18:15:13,246] {processor.py:161} INFO - Processing /home/guilherme/Documents/weather_datapipeline/airflow_weather/venv/lib/python3.10/site-packages/airflow/example_dags/example_nested_branch_dag.py took 0.033 seconds
[2023-05-19 18:15:45,037] {processor.py:153} INFO - Started process (PID=16575) to work on /home/guilherme/Documents/weather_datapipeline/airflow_weather/venv/lib/python3.10/site-packages/airflow/example_dags/example_nested_branch_dag.py
[2023-05-19 18:15:45,038] {processor.py:641} INFO - Processing file /home/guilherme/Documents/weather_datapipeline/airflow_weather/venv/lib/python3.10/site-packages/airflow/example_dags/example_nested_branch_dag.py for tasks to queue
[2023-05-19 18:15:45,038] {logging_mixin.py:115} INFO - [2023-05-19 18:15:45,038] {dagbag.py:507} INFO - Filling up the DagBag from /home/guilherme/Documents/weather_datapipeline/airflow_weather/venv/lib/python3.10/site-packages/airflow/example_dags/example_nested_branch_dag.py
[2023-05-19 18:15:45,043] {processor.py:651} INFO - DAG(s) dict_keys(['example_nested_branch_dag']) retrieved from /home/guilherme/Documents/weather_datapipeline/airflow_weather/venv/lib/python3.10/site-packages/airflow/example_dags/example_nested_branch_dag.py
[2023-05-19 18:15:45,054] {logging_mixin.py:115} INFO - [2023-05-19 18:15:45,054] {dag.py:2379} INFO - Sync 1 DAGs
[2023-05-19 18:15:45,064] {logging_mixin.py:115} INFO - [2023-05-19 18:15:45,063] {dag.py:2927} INFO - Setting next_dagrun for example_nested_branch_dag to 2023-05-18T00:00:00+00:00, run_after=2023-05-19T00:00:00+00:00
[2023-05-19 18:15:45,070] {processor.py:161} INFO - Processing /home/guilherme/Documents/weather_datapipeline/airflow_weather/venv/lib/python3.10/site-packages/airflow/example_dags/example_nested_branch_dag.py took 0.035 seconds
[2023-05-19 18:16:17,454] {processor.py:153} INFO - Started process (PID=16747) to work on /home/guilherme/Documents/weather_datapipeline/airflow_weather/venv/lib/python3.10/site-packages/airflow/example_dags/example_nested_branch_dag.py
[2023-05-19 18:16:17,455] {processor.py:641} INFO - Processing file /home/guilherme/Documents/weather_datapipeline/airflow_weather/venv/lib/python3.10/site-packages/airflow/example_dags/example_nested_branch_dag.py for tasks to queue
[2023-05-19 18:16:17,455] {logging_mixin.py:115} INFO - [2023-05-19 18:16:17,455] {dagbag.py:507} INFO - Filling up the DagBag from /home/guilherme/Documents/weather_datapipeline/airflow_weather/venv/lib/python3.10/site-packages/airflow/example_dags/example_nested_branch_dag.py
[2023-05-19 18:16:17,460] {processor.py:651} INFO - DAG(s) dict_keys(['example_nested_branch_dag']) retrieved from /home/guilherme/Documents/weather_datapipeline/airflow_weather/venv/lib/python3.10/site-packages/airflow/example_dags/example_nested_branch_dag.py
[2023-05-19 18:16:17,471] {logging_mixin.py:115} INFO - [2023-05-19 18:16:17,471] {dag.py:2379} INFO - Sync 1 DAGs
[2023-05-19 18:16:17,480] {logging_mixin.py:115} INFO - [2023-05-19 18:16:17,480] {dag.py:2927} INFO - Setting next_dagrun for example_nested_branch_dag to 2023-05-18T00:00:00+00:00, run_after=2023-05-19T00:00:00+00:00
[2023-05-19 18:16:17,487] {processor.py:161} INFO - Processing /home/guilherme/Documents/weather_datapipeline/airflow_weather/venv/lib/python3.10/site-packages/airflow/example_dags/example_nested_branch_dag.py took 0.034 seconds
[2023-05-19 18:16:50,491] {processor.py:153} INFO - Started process (PID=16942) to work on /home/guilherme/Documents/weather_datapipeline/airflow_weather/venv/lib/python3.10/site-packages/airflow/example_dags/example_nested_branch_dag.py
[2023-05-19 18:16:50,492] {processor.py:641} INFO - Processing file /home/guilherme/Documents/weather_datapipeline/airflow_weather/venv/lib/python3.10/site-packages/airflow/example_dags/example_nested_branch_dag.py for tasks to queue
[2023-05-19 18:16:50,492] {logging_mixin.py:115} INFO - [2023-05-19 18:16:50,492] {dagbag.py:507} INFO - Filling up the DagBag from /home/guilherme/Documents/weather_datapipeline/airflow_weather/venv/lib/python3.10/site-packages/airflow/example_dags/example_nested_branch_dag.py
[2023-05-19 18:16:50,497] {processor.py:651} INFO - DAG(s) dict_keys(['example_nested_branch_dag']) retrieved from /home/guilherme/Documents/weather_datapipeline/airflow_weather/venv/lib/python3.10/site-packages/airflow/example_dags/example_nested_branch_dag.py
[2023-05-19 18:16:50,508] {logging_mixin.py:115} INFO - [2023-05-19 18:16:50,508] {dag.py:2379} INFO - Sync 1 DAGs
[2023-05-19 18:16:50,519] {logging_mixin.py:115} INFO - [2023-05-19 18:16:50,519] {dag.py:2927} INFO - Setting next_dagrun for example_nested_branch_dag to 2023-05-18T00:00:00+00:00, run_after=2023-05-19T00:00:00+00:00
[2023-05-19 18:16:50,525] {processor.py:161} INFO - Processing /home/guilherme/Documents/weather_datapipeline/airflow_weather/venv/lib/python3.10/site-packages/airflow/example_dags/example_nested_branch_dag.py took 0.035 seconds
[2023-05-19 18:17:22,327] {processor.py:153} INFO - Started process (PID=17116) to work on /home/guilherme/Documents/weather_datapipeline/airflow_weather/venv/lib/python3.10/site-packages/airflow/example_dags/example_nested_branch_dag.py
[2023-05-19 18:17:22,327] {processor.py:641} INFO - Processing file /home/guilherme/Documents/weather_datapipeline/airflow_weather/venv/lib/python3.10/site-packages/airflow/example_dags/example_nested_branch_dag.py for tasks to queue
[2023-05-19 18:17:22,327] {logging_mixin.py:115} INFO - [2023-05-19 18:17:22,327] {dagbag.py:507} INFO - Filling up the DagBag from /home/guilherme/Documents/weather_datapipeline/airflow_weather/venv/lib/python3.10/site-packages/airflow/example_dags/example_nested_branch_dag.py
[2023-05-19 18:17:22,333] {processor.py:651} INFO - DAG(s) dict_keys(['example_nested_branch_dag']) retrieved from /home/guilherme/Documents/weather_datapipeline/airflow_weather/venv/lib/python3.10/site-packages/airflow/example_dags/example_nested_branch_dag.py
[2023-05-19 18:17:22,343] {logging_mixin.py:115} INFO - [2023-05-19 18:17:22,343] {dag.py:2379} INFO - Sync 1 DAGs
[2023-05-19 18:17:22,353] {logging_mixin.py:115} INFO - [2023-05-19 18:17:22,353] {dag.py:2927} INFO - Setting next_dagrun for example_nested_branch_dag to 2023-05-18T00:00:00+00:00, run_after=2023-05-19T00:00:00+00:00
[2023-05-19 18:17:22,359] {processor.py:161} INFO - Processing /home/guilherme/Documents/weather_datapipeline/airflow_weather/venv/lib/python3.10/site-packages/airflow/example_dags/example_nested_branch_dag.py took 0.034 seconds
[2023-05-19 18:17:54,118] {processor.py:153} INFO - Started process (PID=17291) to work on /home/guilherme/Documents/weather_datapipeline/airflow_weather/venv/lib/python3.10/site-packages/airflow/example_dags/example_nested_branch_dag.py
[2023-05-19 18:17:54,119] {processor.py:641} INFO - Processing file /home/guilherme/Documents/weather_datapipeline/airflow_weather/venv/lib/python3.10/site-packages/airflow/example_dags/example_nested_branch_dag.py for tasks to queue
[2023-05-19 18:17:54,119] {logging_mixin.py:115} INFO - [2023-05-19 18:17:54,119] {dagbag.py:507} INFO - Filling up the DagBag from /home/guilherme/Documents/weather_datapipeline/airflow_weather/venv/lib/python3.10/site-packages/airflow/example_dags/example_nested_branch_dag.py
[2023-05-19 18:17:54,125] {processor.py:651} INFO - DAG(s) dict_keys(['example_nested_branch_dag']) retrieved from /home/guilherme/Documents/weather_datapipeline/airflow_weather/venv/lib/python3.10/site-packages/airflow/example_dags/example_nested_branch_dag.py
[2023-05-19 18:17:54,137] {logging_mixin.py:115} INFO - [2023-05-19 18:17:54,137] {dag.py:2379} INFO - Sync 1 DAGs
[2023-05-19 18:17:54,146] {logging_mixin.py:115} INFO - [2023-05-19 18:17:54,146] {dag.py:2927} INFO - Setting next_dagrun for example_nested_branch_dag to 2023-05-18T00:00:00+00:00, run_after=2023-05-19T00:00:00+00:00
[2023-05-19 18:17:54,154] {processor.py:161} INFO - Processing /home/guilherme/Documents/weather_datapipeline/airflow_weather/venv/lib/python3.10/site-packages/airflow/example_dags/example_nested_branch_dag.py took 0.037 seconds
[2023-05-19 18:18:27,240] {processor.py:153} INFO - Started process (PID=17534) to work on /home/guilherme/Documents/weather_datapipeline/airflow_weather/venv/lib/python3.10/site-packages/airflow/example_dags/example_nested_branch_dag.py
[2023-05-19 18:18:27,240] {processor.py:641} INFO - Processing file /home/guilherme/Documents/weather_datapipeline/airflow_weather/venv/lib/python3.10/site-packages/airflow/example_dags/example_nested_branch_dag.py for tasks to queue
[2023-05-19 18:18:27,241] {logging_mixin.py:115} INFO - [2023-05-19 18:18:27,241] {dagbag.py:507} INFO - Filling up the DagBag from /home/guilherme/Documents/weather_datapipeline/airflow_weather/venv/lib/python3.10/site-packages/airflow/example_dags/example_nested_branch_dag.py
[2023-05-19 18:18:27,246] {processor.py:651} INFO - DAG(s) dict_keys(['example_nested_branch_dag']) retrieved from /home/guilherme/Documents/weather_datapipeline/airflow_weather/venv/lib/python3.10/site-packages/airflow/example_dags/example_nested_branch_dag.py
[2023-05-19 18:18:27,258] {logging_mixin.py:115} INFO - [2023-05-19 18:18:27,258] {dag.py:2379} INFO - Sync 1 DAGs
[2023-05-19 18:18:27,268] {logging_mixin.py:115} INFO - [2023-05-19 18:18:27,268] {dag.py:2927} INFO - Setting next_dagrun for example_nested_branch_dag to 2023-05-18T00:00:00+00:00, run_after=2023-05-19T00:00:00+00:00
[2023-05-19 18:18:27,275] {processor.py:161} INFO - Processing /home/guilherme/Documents/weather_datapipeline/airflow_weather/venv/lib/python3.10/site-packages/airflow/example_dags/example_nested_branch_dag.py took 0.037 seconds
[2023-05-19 18:18:59,873] {processor.py:153} INFO - Started process (PID=17745) to work on /home/guilherme/Documents/weather_datapipeline/airflow_weather/venv/lib/python3.10/site-packages/airflow/example_dags/example_nested_branch_dag.py
[2023-05-19 18:18:59,874] {processor.py:641} INFO - Processing file /home/guilherme/Documents/weather_datapipeline/airflow_weather/venv/lib/python3.10/site-packages/airflow/example_dags/example_nested_branch_dag.py for tasks to queue
[2023-05-19 18:18:59,874] {logging_mixin.py:115} INFO - [2023-05-19 18:18:59,874] {dagbag.py:507} INFO - Filling up the DagBag from /home/guilherme/Documents/weather_datapipeline/airflow_weather/venv/lib/python3.10/site-packages/airflow/example_dags/example_nested_branch_dag.py
[2023-05-19 18:18:59,880] {processor.py:651} INFO - DAG(s) dict_keys(['example_nested_branch_dag']) retrieved from /home/guilherme/Documents/weather_datapipeline/airflow_weather/venv/lib/python3.10/site-packages/airflow/example_dags/example_nested_branch_dag.py
[2023-05-19 18:18:59,892] {logging_mixin.py:115} INFO - [2023-05-19 18:18:59,892] {dag.py:2379} INFO - Sync 1 DAGs
[2023-05-19 18:18:59,904] {logging_mixin.py:115} INFO - [2023-05-19 18:18:59,904] {dag.py:2927} INFO - Setting next_dagrun for example_nested_branch_dag to 2023-05-18T00:00:00+00:00, run_after=2023-05-19T00:00:00+00:00
[2023-05-19 18:18:59,914] {processor.py:161} INFO - Processing /home/guilherme/Documents/weather_datapipeline/airflow_weather/venv/lib/python3.10/site-packages/airflow/example_dags/example_nested_branch_dag.py took 0.043 seconds
[2023-05-19 18:19:30,333] {processor.py:153} INFO - Started process (PID=18394) to work on /home/guilherme/Documents/weather_datapipeline/airflow_weather/venv/lib/python3.10/site-packages/airflow/example_dags/example_nested_branch_dag.py
[2023-05-19 18:19:30,333] {processor.py:641} INFO - Processing file /home/guilherme/Documents/weather_datapipeline/airflow_weather/venv/lib/python3.10/site-packages/airflow/example_dags/example_nested_branch_dag.py for tasks to queue
[2023-05-19 18:19:30,333] {logging_mixin.py:115} INFO - [2023-05-19 18:19:30,333] {dagbag.py:507} INFO - Filling up the DagBag from /home/guilherme/Documents/weather_datapipeline/airflow_weather/venv/lib/python3.10/site-packages/airflow/example_dags/example_nested_branch_dag.py
[2023-05-19 18:19:30,340] {processor.py:651} INFO - DAG(s) dict_keys(['example_nested_branch_dag']) retrieved from /home/guilherme/Documents/weather_datapipeline/airflow_weather/venv/lib/python3.10/site-packages/airflow/example_dags/example_nested_branch_dag.py
[2023-05-19 18:19:30,348] {logging_mixin.py:115} INFO - [2023-05-19 18:19:30,348] {dag.py:2379} INFO - Sync 1 DAGs
[2023-05-19 18:19:30,357] {logging_mixin.py:115} INFO - [2023-05-19 18:19:30,357] {dag.py:2927} INFO - Setting next_dagrun for example_nested_branch_dag to 2023-05-18T00:00:00+00:00, run_after=2023-05-19T00:00:00+00:00
[2023-05-19 18:19:30,362] {processor.py:161} INFO - Processing /home/guilherme/Documents/weather_datapipeline/airflow_weather/venv/lib/python3.10/site-packages/airflow/example_dags/example_nested_branch_dag.py took 0.031 seconds
[2023-05-19 18:20:01,011] {processor.py:153} INFO - Started process (PID=18582) to work on /home/guilherme/Documents/weather_datapipeline/airflow_weather/venv/lib/python3.10/site-packages/airflow/example_dags/example_nested_branch_dag.py
[2023-05-19 18:20:01,012] {processor.py:641} INFO - Processing file /home/guilherme/Documents/weather_datapipeline/airflow_weather/venv/lib/python3.10/site-packages/airflow/example_dags/example_nested_branch_dag.py for tasks to queue
[2023-05-19 18:20:01,012] {logging_mixin.py:115} INFO - [2023-05-19 18:20:01,012] {dagbag.py:507} INFO - Filling up the DagBag from /home/guilherme/Documents/weather_datapipeline/airflow_weather/venv/lib/python3.10/site-packages/airflow/example_dags/example_nested_branch_dag.py
[2023-05-19 18:20:01,020] {processor.py:651} INFO - DAG(s) dict_keys(['example_nested_branch_dag']) retrieved from /home/guilherme/Documents/weather_datapipeline/airflow_weather/venv/lib/python3.10/site-packages/airflow/example_dags/example_nested_branch_dag.py
[2023-05-19 18:20:01,029] {logging_mixin.py:115} INFO - [2023-05-19 18:20:01,029] {dag.py:2379} INFO - Sync 1 DAGs
[2023-05-19 18:20:01,041] {logging_mixin.py:115} INFO - [2023-05-19 18:20:01,041] {dag.py:2927} INFO - Setting next_dagrun for example_nested_branch_dag to 2023-05-18T00:00:00+00:00, run_after=2023-05-19T00:00:00+00:00
[2023-05-19 18:20:01,049] {processor.py:161} INFO - Processing /home/guilherme/Documents/weather_datapipeline/airflow_weather/venv/lib/python3.10/site-packages/airflow/example_dags/example_nested_branch_dag.py took 0.040 seconds
[2023-05-19 18:20:34,384] {processor.py:153} INFO - Started process (PID=18758) to work on /home/guilherme/Documents/weather_datapipeline/airflow_weather/venv/lib/python3.10/site-packages/airflow/example_dags/example_nested_branch_dag.py
[2023-05-19 18:20:34,384] {processor.py:641} INFO - Processing file /home/guilherme/Documents/weather_datapipeline/airflow_weather/venv/lib/python3.10/site-packages/airflow/example_dags/example_nested_branch_dag.py for tasks to queue
[2023-05-19 18:20:34,384] {logging_mixin.py:115} INFO - [2023-05-19 18:20:34,384] {dagbag.py:507} INFO - Filling up the DagBag from /home/guilherme/Documents/weather_datapipeline/airflow_weather/venv/lib/python3.10/site-packages/airflow/example_dags/example_nested_branch_dag.py
[2023-05-19 18:20:34,392] {processor.py:651} INFO - DAG(s) dict_keys(['example_nested_branch_dag']) retrieved from /home/guilherme/Documents/weather_datapipeline/airflow_weather/venv/lib/python3.10/site-packages/airflow/example_dags/example_nested_branch_dag.py
[2023-05-19 18:20:34,402] {logging_mixin.py:115} INFO - [2023-05-19 18:20:34,402] {dag.py:2379} INFO - Sync 1 DAGs
[2023-05-19 18:20:34,412] {logging_mixin.py:115} INFO - [2023-05-19 18:20:34,412] {dag.py:2927} INFO - Setting next_dagrun for example_nested_branch_dag to 2023-05-18T00:00:00+00:00, run_after=2023-05-19T00:00:00+00:00
[2023-05-19 18:20:34,419] {processor.py:161} INFO - Processing /home/guilherme/Documents/weather_datapipeline/airflow_weather/venv/lib/python3.10/site-packages/airflow/example_dags/example_nested_branch_dag.py took 0.038 seconds
[2023-05-19 18:21:07,674] {processor.py:153} INFO - Started process (PID=18992) to work on /home/guilherme/Documents/weather_datapipeline/airflow_weather/venv/lib/python3.10/site-packages/airflow/example_dags/example_nested_branch_dag.py
[2023-05-19 18:21:07,675] {processor.py:641} INFO - Processing file /home/guilherme/Documents/weather_datapipeline/airflow_weather/venv/lib/python3.10/site-packages/airflow/example_dags/example_nested_branch_dag.py for tasks to queue
[2023-05-19 18:21:07,675] {logging_mixin.py:115} INFO - [2023-05-19 18:21:07,675] {dagbag.py:507} INFO - Filling up the DagBag from /home/guilherme/Documents/weather_datapipeline/airflow_weather/venv/lib/python3.10/site-packages/airflow/example_dags/example_nested_branch_dag.py
[2023-05-19 18:21:07,683] {processor.py:651} INFO - DAG(s) dict_keys(['example_nested_branch_dag']) retrieved from /home/guilherme/Documents/weather_datapipeline/airflow_weather/venv/lib/python3.10/site-packages/airflow/example_dags/example_nested_branch_dag.py
[2023-05-19 18:21:07,692] {logging_mixin.py:115} INFO - [2023-05-19 18:21:07,692] {dag.py:2379} INFO - Sync 1 DAGs
[2023-05-19 18:21:07,703] {logging_mixin.py:115} INFO - [2023-05-19 18:21:07,703] {dag.py:2927} INFO - Setting next_dagrun for example_nested_branch_dag to 2023-05-18T00:00:00+00:00, run_after=2023-05-19T00:00:00+00:00
[2023-05-19 18:21:07,709] {processor.py:161} INFO - Processing /home/guilherme/Documents/weather_datapipeline/airflow_weather/venv/lib/python3.10/site-packages/airflow/example_dags/example_nested_branch_dag.py took 0.037 seconds
[2023-05-19 18:21:38,461] {processor.py:153} INFO - Started process (PID=19165) to work on /home/guilherme/Documents/weather_datapipeline/airflow_weather/venv/lib/python3.10/site-packages/airflow/example_dags/example_nested_branch_dag.py
[2023-05-19 18:21:38,462] {processor.py:641} INFO - Processing file /home/guilherme/Documents/weather_datapipeline/airflow_weather/venv/lib/python3.10/site-packages/airflow/example_dags/example_nested_branch_dag.py for tasks to queue
[2023-05-19 18:21:38,462] {logging_mixin.py:115} INFO - [2023-05-19 18:21:38,462] {dagbag.py:507} INFO - Filling up the DagBag from /home/guilherme/Documents/weather_datapipeline/airflow_weather/venv/lib/python3.10/site-packages/airflow/example_dags/example_nested_branch_dag.py
[2023-05-19 18:21:38,469] {processor.py:651} INFO - DAG(s) dict_keys(['example_nested_branch_dag']) retrieved from /home/guilherme/Documents/weather_datapipeline/airflow_weather/venv/lib/python3.10/site-packages/airflow/example_dags/example_nested_branch_dag.py
[2023-05-19 18:21:38,477] {logging_mixin.py:115} INFO - [2023-05-19 18:21:38,477] {dag.py:2379} INFO - Sync 1 DAGs
[2023-05-19 18:21:38,486] {logging_mixin.py:115} INFO - [2023-05-19 18:21:38,486] {dag.py:2927} INFO - Setting next_dagrun for example_nested_branch_dag to 2023-05-18T00:00:00+00:00, run_after=2023-05-19T00:00:00+00:00
[2023-05-19 18:21:38,492] {processor.py:161} INFO - Processing /home/guilherme/Documents/weather_datapipeline/airflow_weather/venv/lib/python3.10/site-packages/airflow/example_dags/example_nested_branch_dag.py took 0.032 seconds
[2023-05-19 18:22:10,969] {processor.py:153} INFO - Started process (PID=19351) to work on /home/guilherme/Documents/weather_datapipeline/airflow_weather/venv/lib/python3.10/site-packages/airflow/example_dags/example_nested_branch_dag.py
[2023-05-19 18:22:10,969] {processor.py:641} INFO - Processing file /home/guilherme/Documents/weather_datapipeline/airflow_weather/venv/lib/python3.10/site-packages/airflow/example_dags/example_nested_branch_dag.py for tasks to queue
[2023-05-19 18:22:10,970] {logging_mixin.py:115} INFO - [2023-05-19 18:22:10,970] {dagbag.py:507} INFO - Filling up the DagBag from /home/guilherme/Documents/weather_datapipeline/airflow_weather/venv/lib/python3.10/site-packages/airflow/example_dags/example_nested_branch_dag.py
[2023-05-19 18:22:10,977] {processor.py:651} INFO - DAG(s) dict_keys(['example_nested_branch_dag']) retrieved from /home/guilherme/Documents/weather_datapipeline/airflow_weather/venv/lib/python3.10/site-packages/airflow/example_dags/example_nested_branch_dag.py
[2023-05-19 18:22:10,987] {logging_mixin.py:115} INFO - [2023-05-19 18:22:10,987] {dag.py:2379} INFO - Sync 1 DAGs
[2023-05-19 18:22:10,998] {logging_mixin.py:115} INFO - [2023-05-19 18:22:10,998] {dag.py:2927} INFO - Setting next_dagrun for example_nested_branch_dag to 2023-05-18T00:00:00+00:00, run_after=2023-05-19T00:00:00+00:00
[2023-05-19 18:22:11,005] {processor.py:161} INFO - Processing /home/guilherme/Documents/weather_datapipeline/airflow_weather/venv/lib/python3.10/site-packages/airflow/example_dags/example_nested_branch_dag.py took 0.038 seconds
[2023-05-19 18:22:42,474] {processor.py:153} INFO - Started process (PID=19585) to work on /home/guilherme/Documents/weather_datapipeline/airflow_weather/venv/lib/python3.10/site-packages/airflow/example_dags/example_nested_branch_dag.py
[2023-05-19 18:22:42,475] {processor.py:641} INFO - Processing file /home/guilherme/Documents/weather_datapipeline/airflow_weather/venv/lib/python3.10/site-packages/airflow/example_dags/example_nested_branch_dag.py for tasks to queue
[2023-05-19 18:22:42,475] {logging_mixin.py:115} INFO - [2023-05-19 18:22:42,475] {dagbag.py:507} INFO - Filling up the DagBag from /home/guilherme/Documents/weather_datapipeline/airflow_weather/venv/lib/python3.10/site-packages/airflow/example_dags/example_nested_branch_dag.py
[2023-05-19 18:22:42,484] {processor.py:651} INFO - DAG(s) dict_keys(['example_nested_branch_dag']) retrieved from /home/guilherme/Documents/weather_datapipeline/airflow_weather/venv/lib/python3.10/site-packages/airflow/example_dags/example_nested_branch_dag.py
[2023-05-19 18:22:42,494] {logging_mixin.py:115} INFO - [2023-05-19 18:22:42,494] {dag.py:2379} INFO - Sync 1 DAGs
[2023-05-19 18:22:42,506] {logging_mixin.py:115} INFO - [2023-05-19 18:22:42,506] {dag.py:2927} INFO - Setting next_dagrun for example_nested_branch_dag to 2023-05-18T00:00:00+00:00, run_after=2023-05-19T00:00:00+00:00
[2023-05-19 18:22:42,515] {processor.py:161} INFO - Processing /home/guilherme/Documents/weather_datapipeline/airflow_weather/venv/lib/python3.10/site-packages/airflow/example_dags/example_nested_branch_dag.py took 0.042 seconds
[2023-05-19 18:23:15,951] {processor.py:153} INFO - Started process (PID=19757) to work on /home/guilherme/Documents/weather_datapipeline/airflow_weather/venv/lib/python3.10/site-packages/airflow/example_dags/example_nested_branch_dag.py
[2023-05-19 18:23:15,952] {processor.py:641} INFO - Processing file /home/guilherme/Documents/weather_datapipeline/airflow_weather/venv/lib/python3.10/site-packages/airflow/example_dags/example_nested_branch_dag.py for tasks to queue
[2023-05-19 18:23:15,952] {logging_mixin.py:115} INFO - [2023-05-19 18:23:15,952] {dagbag.py:507} INFO - Filling up the DagBag from /home/guilherme/Documents/weather_datapipeline/airflow_weather/venv/lib/python3.10/site-packages/airflow/example_dags/example_nested_branch_dag.py
[2023-05-19 18:23:15,967] {processor.py:651} INFO - DAG(s) dict_keys(['example_nested_branch_dag']) retrieved from /home/guilherme/Documents/weather_datapipeline/airflow_weather/venv/lib/python3.10/site-packages/airflow/example_dags/example_nested_branch_dag.py
[2023-05-19 18:23:15,985] {logging_mixin.py:115} INFO - [2023-05-19 18:23:15,984] {dag.py:2379} INFO - Sync 1 DAGs
[2023-05-19 18:23:16,002] {logging_mixin.py:115} INFO - [2023-05-19 18:23:16,002] {dag.py:2927} INFO - Setting next_dagrun for example_nested_branch_dag to 2023-05-18T00:00:00+00:00, run_after=2023-05-19T00:00:00+00:00
[2023-05-19 18:23:16,009] {processor.py:161} INFO - Processing /home/guilherme/Documents/weather_datapipeline/airflow_weather/venv/lib/python3.10/site-packages/airflow/example_dags/example_nested_branch_dag.py took 0.060 seconds
[2023-05-19 18:23:46,731] {processor.py:153} INFO - Started process (PID=19939) to work on /home/guilherme/Documents/weather_datapipeline/airflow_weather/venv/lib/python3.10/site-packages/airflow/example_dags/example_nested_branch_dag.py
[2023-05-19 18:23:46,732] {processor.py:641} INFO - Processing file /home/guilherme/Documents/weather_datapipeline/airflow_weather/venv/lib/python3.10/site-packages/airflow/example_dags/example_nested_branch_dag.py for tasks to queue
[2023-05-19 18:23:46,733] {logging_mixin.py:115} INFO - [2023-05-19 18:23:46,733] {dagbag.py:507} INFO - Filling up the DagBag from /home/guilherme/Documents/weather_datapipeline/airflow_weather/venv/lib/python3.10/site-packages/airflow/example_dags/example_nested_branch_dag.py
[2023-05-19 18:23:46,741] {processor.py:651} INFO - DAG(s) dict_keys(['example_nested_branch_dag']) retrieved from /home/guilherme/Documents/weather_datapipeline/airflow_weather/venv/lib/python3.10/site-packages/airflow/example_dags/example_nested_branch_dag.py
[2023-05-19 18:23:46,750] {logging_mixin.py:115} INFO - [2023-05-19 18:23:46,750] {dag.py:2379} INFO - Sync 1 DAGs
[2023-05-19 18:23:46,761] {logging_mixin.py:115} INFO - [2023-05-19 18:23:46,761] {dag.py:2927} INFO - Setting next_dagrun for example_nested_branch_dag to 2023-05-18T00:00:00+00:00, run_after=2023-05-19T00:00:00+00:00
[2023-05-19 18:23:46,768] {processor.py:161} INFO - Processing /home/guilherme/Documents/weather_datapipeline/airflow_weather/venv/lib/python3.10/site-packages/airflow/example_dags/example_nested_branch_dag.py took 0.038 seconds
[2023-05-19 18:24:18,659] {processor.py:153} INFO - Started process (PID=20093) to work on /home/guilherme/Documents/weather_datapipeline/airflow_weather/venv/lib/python3.10/site-packages/airflow/example_dags/example_nested_branch_dag.py
[2023-05-19 18:24:18,660] {processor.py:641} INFO - Processing file /home/guilherme/Documents/weather_datapipeline/airflow_weather/venv/lib/python3.10/site-packages/airflow/example_dags/example_nested_branch_dag.py for tasks to queue
[2023-05-19 18:24:18,660] {logging_mixin.py:115} INFO - [2023-05-19 18:24:18,660] {dagbag.py:507} INFO - Filling up the DagBag from /home/guilherme/Documents/weather_datapipeline/airflow_weather/venv/lib/python3.10/site-packages/airflow/example_dags/example_nested_branch_dag.py
[2023-05-19 18:24:18,671] {processor.py:651} INFO - DAG(s) dict_keys(['example_nested_branch_dag']) retrieved from /home/guilherme/Documents/weather_datapipeline/airflow_weather/venv/lib/python3.10/site-packages/airflow/example_dags/example_nested_branch_dag.py
[2023-05-19 18:24:18,686] {logging_mixin.py:115} INFO - [2023-05-19 18:24:18,685] {dag.py:2379} INFO - Sync 1 DAGs
[2023-05-19 18:24:18,697] {logging_mixin.py:115} INFO - [2023-05-19 18:24:18,697] {dag.py:2927} INFO - Setting next_dagrun for example_nested_branch_dag to 2023-05-18T00:00:00+00:00, run_after=2023-05-19T00:00:00+00:00
[2023-05-19 18:24:18,705] {processor.py:161} INFO - Processing /home/guilherme/Documents/weather_datapipeline/airflow_weather/venv/lib/python3.10/site-packages/airflow/example_dags/example_nested_branch_dag.py took 0.047 seconds
[2023-05-19 18:24:50,039] {processor.py:153} INFO - Started process (PID=20132) to work on /home/guilherme/Documents/weather_datapipeline/airflow_weather/venv/lib/python3.10/site-packages/airflow/example_dags/example_nested_branch_dag.py
[2023-05-19 18:24:50,040] {processor.py:641} INFO - Processing file /home/guilherme/Documents/weather_datapipeline/airflow_weather/venv/lib/python3.10/site-packages/airflow/example_dags/example_nested_branch_dag.py for tasks to queue
[2023-05-19 18:24:50,040] {logging_mixin.py:115} INFO - [2023-05-19 18:24:50,040] {dagbag.py:507} INFO - Filling up the DagBag from /home/guilherme/Documents/weather_datapipeline/airflow_weather/venv/lib/python3.10/site-packages/airflow/example_dags/example_nested_branch_dag.py
[2023-05-19 18:24:50,047] {processor.py:651} INFO - DAG(s) dict_keys(['example_nested_branch_dag']) retrieved from /home/guilherme/Documents/weather_datapipeline/airflow_weather/venv/lib/python3.10/site-packages/airflow/example_dags/example_nested_branch_dag.py
[2023-05-19 18:24:50,055] {logging_mixin.py:115} INFO - [2023-05-19 18:24:50,055] {dag.py:2379} INFO - Sync 1 DAGs
[2023-05-19 18:24:50,065] {logging_mixin.py:115} INFO - [2023-05-19 18:24:50,065] {dag.py:2927} INFO - Setting next_dagrun for example_nested_branch_dag to 2023-05-18T00:00:00+00:00, run_after=2023-05-19T00:00:00+00:00
[2023-05-19 18:24:50,070] {processor.py:161} INFO - Processing /home/guilherme/Documents/weather_datapipeline/airflow_weather/venv/lib/python3.10/site-packages/airflow/example_dags/example_nested_branch_dag.py took 0.033 seconds
[2023-05-19 18:25:20,184] {processor.py:153} INFO - Started process (PID=20165) to work on /home/guilherme/Documents/weather_datapipeline/airflow_weather/venv/lib/python3.10/site-packages/airflow/example_dags/example_nested_branch_dag.py
[2023-05-19 18:25:20,185] {processor.py:641} INFO - Processing file /home/guilherme/Documents/weather_datapipeline/airflow_weather/venv/lib/python3.10/site-packages/airflow/example_dags/example_nested_branch_dag.py for tasks to queue
[2023-05-19 18:25:20,185] {logging_mixin.py:115} INFO - [2023-05-19 18:25:20,185] {dagbag.py:507} INFO - Filling up the DagBag from /home/guilherme/Documents/weather_datapipeline/airflow_weather/venv/lib/python3.10/site-packages/airflow/example_dags/example_nested_branch_dag.py
[2023-05-19 18:25:20,193] {processor.py:651} INFO - DAG(s) dict_keys(['example_nested_branch_dag']) retrieved from /home/guilherme/Documents/weather_datapipeline/airflow_weather/venv/lib/python3.10/site-packages/airflow/example_dags/example_nested_branch_dag.py
[2023-05-19 18:25:20,205] {logging_mixin.py:115} INFO - [2023-05-19 18:25:20,205] {dag.py:2379} INFO - Sync 1 DAGs
[2023-05-19 18:25:20,218] {logging_mixin.py:115} INFO - [2023-05-19 18:25:20,218] {dag.py:2927} INFO - Setting next_dagrun for example_nested_branch_dag to 2023-05-18T00:00:00+00:00, run_after=2023-05-19T00:00:00+00:00
[2023-05-19 18:25:20,225] {processor.py:161} INFO - Processing /home/guilherme/Documents/weather_datapipeline/airflow_weather/venv/lib/python3.10/site-packages/airflow/example_dags/example_nested_branch_dag.py took 0.042 seconds
[2023-05-19 18:25:50,442] {processor.py:153} INFO - Started process (PID=20246) to work on /home/guilherme/Documents/weather_datapipeline/airflow_weather/venv/lib/python3.10/site-packages/airflow/example_dags/example_nested_branch_dag.py
[2023-05-19 18:25:50,443] {processor.py:641} INFO - Processing file /home/guilherme/Documents/weather_datapipeline/airflow_weather/venv/lib/python3.10/site-packages/airflow/example_dags/example_nested_branch_dag.py for tasks to queue
[2023-05-19 18:25:50,443] {logging_mixin.py:115} INFO - [2023-05-19 18:25:50,443] {dagbag.py:507} INFO - Filling up the DagBag from /home/guilherme/Documents/weather_datapipeline/airflow_weather/venv/lib/python3.10/site-packages/airflow/example_dags/example_nested_branch_dag.py
[2023-05-19 18:25:50,450] {processor.py:651} INFO - DAG(s) dict_keys(['example_nested_branch_dag']) retrieved from /home/guilherme/Documents/weather_datapipeline/airflow_weather/venv/lib/python3.10/site-packages/airflow/example_dags/example_nested_branch_dag.py
[2023-05-19 18:25:50,459] {logging_mixin.py:115} INFO - [2023-05-19 18:25:50,459] {dag.py:2379} INFO - Sync 1 DAGs
[2023-05-19 18:25:50,468] {logging_mixin.py:115} INFO - [2023-05-19 18:25:50,468] {dag.py:2927} INFO - Setting next_dagrun for example_nested_branch_dag to 2023-05-18T00:00:00+00:00, run_after=2023-05-19T00:00:00+00:00
[2023-05-19 18:25:50,474] {processor.py:161} INFO - Processing /home/guilherme/Documents/weather_datapipeline/airflow_weather/venv/lib/python3.10/site-packages/airflow/example_dags/example_nested_branch_dag.py took 0.033 seconds
[2023-05-19 18:26:21,757] {processor.py:153} INFO - Started process (PID=20397) to work on /home/guilherme/Documents/weather_datapipeline/airflow_weather/venv/lib/python3.10/site-packages/airflow/example_dags/example_nested_branch_dag.py
[2023-05-19 18:26:21,758] {processor.py:641} INFO - Processing file /home/guilherme/Documents/weather_datapipeline/airflow_weather/venv/lib/python3.10/site-packages/airflow/example_dags/example_nested_branch_dag.py for tasks to queue
[2023-05-19 18:26:21,758] {logging_mixin.py:115} INFO - [2023-05-19 18:26:21,758] {dagbag.py:507} INFO - Filling up the DagBag from /home/guilherme/Documents/weather_datapipeline/airflow_weather/venv/lib/python3.10/site-packages/airflow/example_dags/example_nested_branch_dag.py
[2023-05-19 18:26:21,766] {processor.py:651} INFO - DAG(s) dict_keys(['example_nested_branch_dag']) retrieved from /home/guilherme/Documents/weather_datapipeline/airflow_weather/venv/lib/python3.10/site-packages/airflow/example_dags/example_nested_branch_dag.py
[2023-05-19 18:26:21,776] {logging_mixin.py:115} INFO - [2023-05-19 18:26:21,776] {dag.py:2379} INFO - Sync 1 DAGs
[2023-05-19 18:26:21,789] {logging_mixin.py:115} INFO - [2023-05-19 18:26:21,789] {dag.py:2927} INFO - Setting next_dagrun for example_nested_branch_dag to 2023-05-18T00:00:00+00:00, run_after=2023-05-19T00:00:00+00:00
[2023-05-19 18:26:21,799] {processor.py:161} INFO - Processing /home/guilherme/Documents/weather_datapipeline/airflow_weather/venv/lib/python3.10/site-packages/airflow/example_dags/example_nested_branch_dag.py took 0.044 seconds
[2023-05-19 18:26:54,115] {processor.py:153} INFO - Started process (PID=20570) to work on /home/guilherme/Documents/weather_datapipeline/airflow_weather/venv/lib/python3.10/site-packages/airflow/example_dags/example_nested_branch_dag.py
[2023-05-19 18:26:54,116] {processor.py:641} INFO - Processing file /home/guilherme/Documents/weather_datapipeline/airflow_weather/venv/lib/python3.10/site-packages/airflow/example_dags/example_nested_branch_dag.py for tasks to queue
[2023-05-19 18:26:54,116] {logging_mixin.py:115} INFO - [2023-05-19 18:26:54,116] {dagbag.py:507} INFO - Filling up the DagBag from /home/guilherme/Documents/weather_datapipeline/airflow_weather/venv/lib/python3.10/site-packages/airflow/example_dags/example_nested_branch_dag.py
[2023-05-19 18:26:54,123] {processor.py:651} INFO - DAG(s) dict_keys(['example_nested_branch_dag']) retrieved from /home/guilherme/Documents/weather_datapipeline/airflow_weather/venv/lib/python3.10/site-packages/airflow/example_dags/example_nested_branch_dag.py
[2023-05-19 18:26:54,131] {logging_mixin.py:115} INFO - [2023-05-19 18:26:54,131] {dag.py:2379} INFO - Sync 1 DAGs
[2023-05-19 18:26:54,141] {logging_mixin.py:115} INFO - [2023-05-19 18:26:54,141] {dag.py:2927} INFO - Setting next_dagrun for example_nested_branch_dag to 2023-05-18T00:00:00+00:00, run_after=2023-05-19T00:00:00+00:00
[2023-05-19 18:26:54,146] {processor.py:161} INFO - Processing /home/guilherme/Documents/weather_datapipeline/airflow_weather/venv/lib/python3.10/site-packages/airflow/example_dags/example_nested_branch_dag.py took 0.033 seconds
[2023-05-19 18:27:35,300] {processor.py:153} INFO - Started process (PID=20677) to work on /home/guilherme/Documents/weather_datapipeline/airflow_weather/venv/lib/python3.10/site-packages/airflow/example_dags/example_nested_branch_dag.py
[2023-05-19 18:27:35,300] {processor.py:641} INFO - Processing file /home/guilherme/Documents/weather_datapipeline/airflow_weather/venv/lib/python3.10/site-packages/airflow/example_dags/example_nested_branch_dag.py for tasks to queue
[2023-05-19 18:27:35,300] {logging_mixin.py:115} INFO - [2023-05-19 18:27:35,300] {dagbag.py:507} INFO - Filling up the DagBag from /home/guilherme/Documents/weather_datapipeline/airflow_weather/venv/lib/python3.10/site-packages/airflow/example_dags/example_nested_branch_dag.py
[2023-05-19 18:27:35,305] {processor.py:651} INFO - DAG(s) dict_keys(['example_nested_branch_dag']) retrieved from /home/guilherme/Documents/weather_datapipeline/airflow_weather/venv/lib/python3.10/site-packages/airflow/example_dags/example_nested_branch_dag.py
[2023-05-19 18:27:35,314] {logging_mixin.py:115} INFO - [2023-05-19 18:27:35,314] {dag.py:2379} INFO - Sync 1 DAGs
[2023-05-19 18:27:35,322] {logging_mixin.py:115} INFO - [2023-05-19 18:27:35,322] {dag.py:2927} INFO - Setting next_dagrun for example_nested_branch_dag to 2023-05-18T00:00:00+00:00, run_after=2023-05-19T00:00:00+00:00
[2023-05-19 18:27:35,329] {processor.py:161} INFO - Processing /home/guilherme/Documents/weather_datapipeline/airflow_weather/venv/lib/python3.10/site-packages/airflow/example_dags/example_nested_branch_dag.py took 0.030 seconds
[2023-05-19 18:28:05,819] {processor.py:153} INFO - Started process (PID=20713) to work on /home/guilherme/Documents/weather_datapipeline/airflow_weather/venv/lib/python3.10/site-packages/airflow/example_dags/example_nested_branch_dag.py
[2023-05-19 18:28:05,820] {processor.py:641} INFO - Processing file /home/guilherme/Documents/weather_datapipeline/airflow_weather/venv/lib/python3.10/site-packages/airflow/example_dags/example_nested_branch_dag.py for tasks to queue
[2023-05-19 18:28:05,820] {logging_mixin.py:115} INFO - [2023-05-19 18:28:05,820] {dagbag.py:507} INFO - Filling up the DagBag from /home/guilherme/Documents/weather_datapipeline/airflow_weather/venv/lib/python3.10/site-packages/airflow/example_dags/example_nested_branch_dag.py
[2023-05-19 18:28:05,827] {processor.py:651} INFO - DAG(s) dict_keys(['example_nested_branch_dag']) retrieved from /home/guilherme/Documents/weather_datapipeline/airflow_weather/venv/lib/python3.10/site-packages/airflow/example_dags/example_nested_branch_dag.py
[2023-05-19 18:28:05,839] {logging_mixin.py:115} INFO - [2023-05-19 18:28:05,839] {dag.py:2379} INFO - Sync 1 DAGs
[2023-05-19 18:28:05,849] {logging_mixin.py:115} INFO - [2023-05-19 18:28:05,849] {dag.py:2927} INFO - Setting next_dagrun for example_nested_branch_dag to 2023-05-18T00:00:00+00:00, run_after=2023-05-19T00:00:00+00:00
[2023-05-19 18:28:05,855] {processor.py:161} INFO - Processing /home/guilherme/Documents/weather_datapipeline/airflow_weather/venv/lib/python3.10/site-packages/airflow/example_dags/example_nested_branch_dag.py took 0.038 seconds
[2023-05-19 18:28:38,845] {processor.py:153} INFO - Started process (PID=20794) to work on /home/guilherme/Documents/weather_datapipeline/airflow_weather/venv/lib/python3.10/site-packages/airflow/example_dags/example_nested_branch_dag.py
[2023-05-19 18:28:38,845] {processor.py:641} INFO - Processing file /home/guilherme/Documents/weather_datapipeline/airflow_weather/venv/lib/python3.10/site-packages/airflow/example_dags/example_nested_branch_dag.py for tasks to queue
[2023-05-19 18:28:38,846] {logging_mixin.py:115} INFO - [2023-05-19 18:28:38,846] {dagbag.py:507} INFO - Filling up the DagBag from /home/guilherme/Documents/weather_datapipeline/airflow_weather/venv/lib/python3.10/site-packages/airflow/example_dags/example_nested_branch_dag.py
[2023-05-19 18:28:38,850] {processor.py:651} INFO - DAG(s) dict_keys(['example_nested_branch_dag']) retrieved from /home/guilherme/Documents/weather_datapipeline/airflow_weather/venv/lib/python3.10/site-packages/airflow/example_dags/example_nested_branch_dag.py
[2023-05-19 18:28:38,860] {logging_mixin.py:115} INFO - [2023-05-19 18:28:38,860] {dag.py:2379} INFO - Sync 1 DAGs
[2023-05-19 18:28:38,869] {logging_mixin.py:115} INFO - [2023-05-19 18:28:38,869] {dag.py:2927} INFO - Setting next_dagrun for example_nested_branch_dag to 2023-05-18T00:00:00+00:00, run_after=2023-05-19T00:00:00+00:00
[2023-05-19 18:28:38,875] {processor.py:161} INFO - Processing /home/guilherme/Documents/weather_datapipeline/airflow_weather/venv/lib/python3.10/site-packages/airflow/example_dags/example_nested_branch_dag.py took 0.031 seconds
