[2023-05-19 17:59:54,274] {processor.py:153} INFO - Started process (PID=11091) to work on /home/guilherme/Documents/weather_datapipeline/airflow_weather/venv/lib/python3.10/site-packages/airflow/example_dags/example_branch_operator.py
[2023-05-19 17:59:54,275] {processor.py:641} INFO - Processing file /home/guilherme/Documents/weather_datapipeline/airflow_weather/venv/lib/python3.10/site-packages/airflow/example_dags/example_branch_operator.py for tasks to queue
[2023-05-19 17:59:54,275] {logging_mixin.py:115} INFO - [2023-05-19 17:59:54,275] {dagbag.py:507} INFO - Filling up the DagBag from /home/guilherme/Documents/weather_datapipeline/airflow_weather/venv/lib/python3.10/site-packages/airflow/example_dags/example_branch_operator.py
[2023-05-19 17:59:54,281] {processor.py:651} INFO - DAG(s) dict_keys(['example_branch_operator']) retrieved from /home/guilherme/Documents/weather_datapipeline/airflow_weather/venv/lib/python3.10/site-packages/airflow/example_dags/example_branch_operator.py
[2023-05-19 17:59:54,312] {logging_mixin.py:115} INFO - [2023-05-19 17:59:54,312] {manager.py:508} INFO - Created Permission View: can edit on DAG:example_branch_operator
[2023-05-19 17:59:54,316] {logging_mixin.py:115} INFO - [2023-05-19 17:59:54,316] {manager.py:508} INFO - Created Permission View: can delete on DAG:example_branch_operator
[2023-05-19 17:59:54,320] {logging_mixin.py:115} INFO - [2023-05-19 17:59:54,320] {manager.py:508} INFO - Created Permission View: can read on DAG:example_branch_operator
[2023-05-19 17:59:54,320] {logging_mixin.py:115} INFO - [2023-05-19 17:59:54,320] {dag.py:2379} INFO - Sync 1 DAGs
[2023-05-19 17:59:54,324] {logging_mixin.py:115} INFO - [2023-05-19 17:59:54,323] {dag.py:2398} INFO - Creating ORM DAG for example_branch_operator
[2023-05-19 17:59:54,329] {logging_mixin.py:115} INFO - [2023-05-19 17:59:54,329] {dag.py:2927} INFO - Setting next_dagrun for example_branch_operator to 2023-05-18T00:00:00+00:00, run_after=2023-05-19T00:00:00+00:00
[2023-05-19 17:59:54,337] {processor.py:161} INFO - Processing /home/guilherme/Documents/weather_datapipeline/airflow_weather/venv/lib/python3.10/site-packages/airflow/example_dags/example_branch_operator.py took 0.064 seconds
[2023-05-19 18:00:30,592] {processor.py:153} INFO - Started process (PID=11207) to work on /home/guilherme/Documents/weather_datapipeline/airflow_weather/venv/lib/python3.10/site-packages/airflow/example_dags/example_branch_operator.py
[2023-05-19 18:00:30,592] {processor.py:641} INFO - Processing file /home/guilherme/Documents/weather_datapipeline/airflow_weather/venv/lib/python3.10/site-packages/airflow/example_dags/example_branch_operator.py for tasks to queue
[2023-05-19 18:00:30,592] {logging_mixin.py:115} INFO - [2023-05-19 18:00:30,592] {dagbag.py:507} INFO - Filling up the DagBag from /home/guilherme/Documents/weather_datapipeline/airflow_weather/venv/lib/python3.10/site-packages/airflow/example_dags/example_branch_operator.py
[2023-05-19 18:00:30,598] {processor.py:651} INFO - DAG(s) dict_keys(['example_branch_operator']) retrieved from /home/guilherme/Documents/weather_datapipeline/airflow_weather/venv/lib/python3.10/site-packages/airflow/example_dags/example_branch_operator.py
[2023-05-19 18:00:30,608] {logging_mixin.py:115} INFO - [2023-05-19 18:00:30,608] {dag.py:2379} INFO - Sync 1 DAGs
[2023-05-19 18:00:30,617] {logging_mixin.py:115} INFO - [2023-05-19 18:00:30,616] {dag.py:2927} INFO - Setting next_dagrun for example_branch_operator to 2023-05-18T00:00:00+00:00, run_after=2023-05-19T00:00:00+00:00
[2023-05-19 18:00:30,622] {processor.py:161} INFO - Processing /home/guilherme/Documents/weather_datapipeline/airflow_weather/venv/lib/python3.10/site-packages/airflow/example_dags/example_branch_operator.py took 0.032 seconds
[2023-05-19 18:01:03,594] {processor.py:153} INFO - Started process (PID=11271) to work on /home/guilherme/Documents/weather_datapipeline/airflow_weather/venv/lib/python3.10/site-packages/airflow/example_dags/example_branch_operator.py
[2023-05-19 18:01:03,595] {processor.py:641} INFO - Processing file /home/guilherme/Documents/weather_datapipeline/airflow_weather/venv/lib/python3.10/site-packages/airflow/example_dags/example_branch_operator.py for tasks to queue
[2023-05-19 18:01:03,595] {logging_mixin.py:115} INFO - [2023-05-19 18:01:03,595] {dagbag.py:507} INFO - Filling up the DagBag from /home/guilherme/Documents/weather_datapipeline/airflow_weather/venv/lib/python3.10/site-packages/airflow/example_dags/example_branch_operator.py
[2023-05-19 18:01:03,601] {processor.py:651} INFO - DAG(s) dict_keys(['example_branch_operator']) retrieved from /home/guilherme/Documents/weather_datapipeline/airflow_weather/venv/lib/python3.10/site-packages/airflow/example_dags/example_branch_operator.py
[2023-05-19 18:01:03,613] {logging_mixin.py:115} INFO - [2023-05-19 18:01:03,613] {dag.py:2379} INFO - Sync 1 DAGs
[2023-05-19 18:01:03,622] {logging_mixin.py:115} INFO - [2023-05-19 18:01:03,622] {dag.py:2927} INFO - Setting next_dagrun for example_branch_operator to 2023-05-18T00:00:00+00:00, run_after=2023-05-19T00:00:00+00:00
[2023-05-19 18:01:03,629] {processor.py:161} INFO - Processing /home/guilherme/Documents/weather_datapipeline/airflow_weather/venv/lib/python3.10/site-packages/airflow/example_dags/example_branch_operator.py took 0.036 seconds
[2023-05-19 18:01:35,446] {processor.py:153} INFO - Started process (PID=11372) to work on /home/guilherme/Documents/weather_datapipeline/airflow_weather/venv/lib/python3.10/site-packages/airflow/example_dags/example_branch_operator.py
[2023-05-19 18:01:35,447] {processor.py:641} INFO - Processing file /home/guilherme/Documents/weather_datapipeline/airflow_weather/venv/lib/python3.10/site-packages/airflow/example_dags/example_branch_operator.py for tasks to queue
[2023-05-19 18:01:35,447] {logging_mixin.py:115} INFO - [2023-05-19 18:01:35,447] {dagbag.py:507} INFO - Filling up the DagBag from /home/guilherme/Documents/weather_datapipeline/airflow_weather/venv/lib/python3.10/site-packages/airflow/example_dags/example_branch_operator.py
[2023-05-19 18:01:35,453] {processor.py:651} INFO - DAG(s) dict_keys(['example_branch_operator']) retrieved from /home/guilherme/Documents/weather_datapipeline/airflow_weather/venv/lib/python3.10/site-packages/airflow/example_dags/example_branch_operator.py
[2023-05-19 18:01:35,481] {logging_mixin.py:115} INFO - [2023-05-19 18:01:35,481] {dag.py:2379} INFO - Sync 1 DAGs
[2023-05-19 18:01:35,491] {logging_mixin.py:115} INFO - [2023-05-19 18:01:35,490] {dag.py:2927} INFO - Setting next_dagrun for example_branch_operator to 2023-05-18T00:00:00+00:00, run_after=2023-05-19T00:00:00+00:00
[2023-05-19 18:01:35,497] {processor.py:161} INFO - Processing /home/guilherme/Documents/weather_datapipeline/airflow_weather/venv/lib/python3.10/site-packages/airflow/example_dags/example_branch_operator.py took 0.053 seconds
[2023-05-19 18:02:11,149] {processor.py:153} INFO - Started process (PID=11634) to work on /home/guilherme/Documents/weather_datapipeline/airflow_weather/venv/lib/python3.10/site-packages/airflow/example_dags/example_branch_operator.py
[2023-05-19 18:02:11,149] {processor.py:641} INFO - Processing file /home/guilherme/Documents/weather_datapipeline/airflow_weather/venv/lib/python3.10/site-packages/airflow/example_dags/example_branch_operator.py for tasks to queue
[2023-05-19 18:02:11,150] {logging_mixin.py:115} INFO - [2023-05-19 18:02:11,150] {dagbag.py:507} INFO - Filling up the DagBag from /home/guilherme/Documents/weather_datapipeline/airflow_weather/venv/lib/python3.10/site-packages/airflow/example_dags/example_branch_operator.py
[2023-05-19 18:02:11,156] {processor.py:651} INFO - DAG(s) dict_keys(['example_branch_operator']) retrieved from /home/guilherme/Documents/weather_datapipeline/airflow_weather/venv/lib/python3.10/site-packages/airflow/example_dags/example_branch_operator.py
[2023-05-19 18:02:11,166] {logging_mixin.py:115} INFO - [2023-05-19 18:02:11,166] {dag.py:2379} INFO - Sync 1 DAGs
[2023-05-19 18:02:11,175] {logging_mixin.py:115} INFO - [2023-05-19 18:02:11,175] {dag.py:2927} INFO - Setting next_dagrun for example_branch_operator to 2023-05-18T00:00:00+00:00, run_after=2023-05-19T00:00:00+00:00
[2023-05-19 18:02:11,182] {processor.py:161} INFO - Processing /home/guilherme/Documents/weather_datapipeline/airflow_weather/venv/lib/python3.10/site-packages/airflow/example_dags/example_branch_operator.py took 0.034 seconds
[2023-05-19 18:02:43,657] {processor.py:153} INFO - Started process (PID=12057) to work on /home/guilherme/Documents/weather_datapipeline/airflow_weather/venv/lib/python3.10/site-packages/airflow/example_dags/example_branch_operator.py
[2023-05-19 18:02:43,657] {processor.py:641} INFO - Processing file /home/guilherme/Documents/weather_datapipeline/airflow_weather/venv/lib/python3.10/site-packages/airflow/example_dags/example_branch_operator.py for tasks to queue
[2023-05-19 18:02:43,658] {logging_mixin.py:115} INFO - [2023-05-19 18:02:43,658] {dagbag.py:507} INFO - Filling up the DagBag from /home/guilherme/Documents/weather_datapipeline/airflow_weather/venv/lib/python3.10/site-packages/airflow/example_dags/example_branch_operator.py
[2023-05-19 18:02:43,663] {processor.py:651} INFO - DAG(s) dict_keys(['example_branch_operator']) retrieved from /home/guilherme/Documents/weather_datapipeline/airflow_weather/venv/lib/python3.10/site-packages/airflow/example_dags/example_branch_operator.py
[2023-05-19 18:02:43,674] {logging_mixin.py:115} INFO - [2023-05-19 18:02:43,674] {dag.py:2379} INFO - Sync 1 DAGs
[2023-05-19 18:02:43,683] {logging_mixin.py:115} INFO - [2023-05-19 18:02:43,683] {dag.py:2927} INFO - Setting next_dagrun for example_branch_operator to 2023-05-18T00:00:00+00:00, run_after=2023-05-19T00:00:00+00:00
[2023-05-19 18:02:43,689] {processor.py:161} INFO - Processing /home/guilherme/Documents/weather_datapipeline/airflow_weather/venv/lib/python3.10/site-packages/airflow/example_dags/example_branch_operator.py took 0.034 seconds
[2023-05-19 18:03:16,705] {processor.py:153} INFO - Started process (PID=12226) to work on /home/guilherme/Documents/weather_datapipeline/airflow_weather/venv/lib/python3.10/site-packages/airflow/example_dags/example_branch_operator.py
[2023-05-19 18:03:16,706] {processor.py:641} INFO - Processing file /home/guilherme/Documents/weather_datapipeline/airflow_weather/venv/lib/python3.10/site-packages/airflow/example_dags/example_branch_operator.py for tasks to queue
[2023-05-19 18:03:16,706] {logging_mixin.py:115} INFO - [2023-05-19 18:03:16,706] {dagbag.py:507} INFO - Filling up the DagBag from /home/guilherme/Documents/weather_datapipeline/airflow_weather/venv/lib/python3.10/site-packages/airflow/example_dags/example_branch_operator.py
[2023-05-19 18:03:16,711] {processor.py:651} INFO - DAG(s) dict_keys(['example_branch_operator']) retrieved from /home/guilherme/Documents/weather_datapipeline/airflow_weather/venv/lib/python3.10/site-packages/airflow/example_dags/example_branch_operator.py
[2023-05-19 18:03:16,721] {logging_mixin.py:115} INFO - [2023-05-19 18:03:16,721] {dag.py:2379} INFO - Sync 1 DAGs
[2023-05-19 18:03:16,732] {logging_mixin.py:115} INFO - [2023-05-19 18:03:16,732] {dag.py:2927} INFO - Setting next_dagrun for example_branch_operator to 2023-05-18T00:00:00+00:00, run_after=2023-05-19T00:00:00+00:00
[2023-05-19 18:03:16,738] {processor.py:161} INFO - Processing /home/guilherme/Documents/weather_datapipeline/airflow_weather/venv/lib/python3.10/site-packages/airflow/example_dags/example_branch_operator.py took 0.035 seconds
[2023-05-19 18:03:55,545] {processor.py:153} INFO - Started process (PID=12410) to work on /home/guilherme/Documents/weather_datapipeline/airflow_weather/venv/lib/python3.10/site-packages/airflow/example_dags/example_branch_operator.py
[2023-05-19 18:03:55,546] {processor.py:641} INFO - Processing file /home/guilherme/Documents/weather_datapipeline/airflow_weather/venv/lib/python3.10/site-packages/airflow/example_dags/example_branch_operator.py for tasks to queue
[2023-05-19 18:03:55,546] {logging_mixin.py:115} INFO - [2023-05-19 18:03:55,546] {dagbag.py:507} INFO - Filling up the DagBag from /home/guilherme/Documents/weather_datapipeline/airflow_weather/venv/lib/python3.10/site-packages/airflow/example_dags/example_branch_operator.py
[2023-05-19 18:03:55,551] {processor.py:651} INFO - DAG(s) dict_keys(['example_branch_operator']) retrieved from /home/guilherme/Documents/weather_datapipeline/airflow_weather/venv/lib/python3.10/site-packages/airflow/example_dags/example_branch_operator.py
[2023-05-19 18:03:55,563] {logging_mixin.py:115} INFO - [2023-05-19 18:03:55,562] {dag.py:2379} INFO - Sync 1 DAGs
[2023-05-19 18:03:55,572] {logging_mixin.py:115} INFO - [2023-05-19 18:03:55,572] {dag.py:2927} INFO - Setting next_dagrun for example_branch_operator to 2023-05-18T00:00:00+00:00, run_after=2023-05-19T00:00:00+00:00
[2023-05-19 18:03:55,578] {processor.py:161} INFO - Processing /home/guilherme/Documents/weather_datapipeline/airflow_weather/venv/lib/python3.10/site-packages/airflow/example_dags/example_branch_operator.py took 0.034 seconds
[2023-05-19 18:04:26,322] {processor.py:153} INFO - Started process (PID=12503) to work on /home/guilherme/Documents/weather_datapipeline/airflow_weather/venv/lib/python3.10/site-packages/airflow/example_dags/example_branch_operator.py
[2023-05-19 18:04:26,322] {processor.py:641} INFO - Processing file /home/guilherme/Documents/weather_datapipeline/airflow_weather/venv/lib/python3.10/site-packages/airflow/example_dags/example_branch_operator.py for tasks to queue
[2023-05-19 18:04:26,323] {logging_mixin.py:115} INFO - [2023-05-19 18:04:26,323] {dagbag.py:507} INFO - Filling up the DagBag from /home/guilherme/Documents/weather_datapipeline/airflow_weather/venv/lib/python3.10/site-packages/airflow/example_dags/example_branch_operator.py
[2023-05-19 18:04:26,332] {processor.py:651} INFO - DAG(s) dict_keys(['example_branch_operator']) retrieved from /home/guilherme/Documents/weather_datapipeline/airflow_weather/venv/lib/python3.10/site-packages/airflow/example_dags/example_branch_operator.py
[2023-05-19 18:04:26,344] {logging_mixin.py:115} INFO - [2023-05-19 18:04:26,343] {dag.py:2379} INFO - Sync 1 DAGs
[2023-05-19 18:04:26,355] {logging_mixin.py:115} INFO - [2023-05-19 18:04:26,355] {dag.py:2927} INFO - Setting next_dagrun for example_branch_operator to 2023-05-18T00:00:00+00:00, run_after=2023-05-19T00:00:00+00:00
[2023-05-19 18:04:26,363] {processor.py:161} INFO - Processing /home/guilherme/Documents/weather_datapipeline/airflow_weather/venv/lib/python3.10/site-packages/airflow/example_dags/example_branch_operator.py took 0.043 seconds
[2023-05-19 18:05:02,222] {processor.py:153} INFO - Started process (PID=12647) to work on /home/guilherme/Documents/weather_datapipeline/airflow_weather/venv/lib/python3.10/site-packages/airflow/example_dags/example_branch_operator.py
[2023-05-19 18:05:02,222] {processor.py:641} INFO - Processing file /home/guilherme/Documents/weather_datapipeline/airflow_weather/venv/lib/python3.10/site-packages/airflow/example_dags/example_branch_operator.py for tasks to queue
[2023-05-19 18:05:02,222] {logging_mixin.py:115} INFO - [2023-05-19 18:05:02,222] {dagbag.py:507} INFO - Filling up the DagBag from /home/guilherme/Documents/weather_datapipeline/airflow_weather/venv/lib/python3.10/site-packages/airflow/example_dags/example_branch_operator.py
[2023-05-19 18:05:02,229] {processor.py:651} INFO - DAG(s) dict_keys(['example_branch_operator']) retrieved from /home/guilherme/Documents/weather_datapipeline/airflow_weather/venv/lib/python3.10/site-packages/airflow/example_dags/example_branch_operator.py
[2023-05-19 18:05:02,241] {logging_mixin.py:115} INFO - [2023-05-19 18:05:02,240] {dag.py:2379} INFO - Sync 1 DAGs
[2023-05-19 18:05:02,251] {logging_mixin.py:115} INFO - [2023-05-19 18:05:02,251] {dag.py:2927} INFO - Setting next_dagrun for example_branch_operator to 2023-05-18T00:00:00+00:00, run_after=2023-05-19T00:00:00+00:00
[2023-05-19 18:05:02,258] {processor.py:161} INFO - Processing /home/guilherme/Documents/weather_datapipeline/airflow_weather/venv/lib/python3.10/site-packages/airflow/example_dags/example_branch_operator.py took 0.038 seconds
[2023-05-19 18:05:34,105] {processor.py:153} INFO - Started process (PID=12905) to work on /home/guilherme/Documents/weather_datapipeline/airflow_weather/venv/lib/python3.10/site-packages/airflow/example_dags/example_branch_operator.py
[2023-05-19 18:05:34,106] {processor.py:641} INFO - Processing file /home/guilherme/Documents/weather_datapipeline/airflow_weather/venv/lib/python3.10/site-packages/airflow/example_dags/example_branch_operator.py for tasks to queue
[2023-05-19 18:05:34,106] {logging_mixin.py:115} INFO - [2023-05-19 18:05:34,106] {dagbag.py:507} INFO - Filling up the DagBag from /home/guilherme/Documents/weather_datapipeline/airflow_weather/venv/lib/python3.10/site-packages/airflow/example_dags/example_branch_operator.py
[2023-05-19 18:05:34,112] {processor.py:651} INFO - DAG(s) dict_keys(['example_branch_operator']) retrieved from /home/guilherme/Documents/weather_datapipeline/airflow_weather/venv/lib/python3.10/site-packages/airflow/example_dags/example_branch_operator.py
[2023-05-19 18:05:34,123] {logging_mixin.py:115} INFO - [2023-05-19 18:05:34,123] {dag.py:2379} INFO - Sync 1 DAGs
[2023-05-19 18:05:34,132] {logging_mixin.py:115} INFO - [2023-05-19 18:05:34,132] {dag.py:2927} INFO - Setting next_dagrun for example_branch_operator to 2023-05-18T00:00:00+00:00, run_after=2023-05-19T00:00:00+00:00
[2023-05-19 18:05:34,138] {processor.py:161} INFO - Processing /home/guilherme/Documents/weather_datapipeline/airflow_weather/venv/lib/python3.10/site-packages/airflow/example_dags/example_branch_operator.py took 0.034 seconds
[2023-05-19 18:06:08,620] {processor.py:153} INFO - Started process (PID=13381) to work on /home/guilherme/Documents/weather_datapipeline/airflow_weather/venv/lib/python3.10/site-packages/airflow/example_dags/example_branch_operator.py
[2023-05-19 18:06:08,620] {processor.py:641} INFO - Processing file /home/guilherme/Documents/weather_datapipeline/airflow_weather/venv/lib/python3.10/site-packages/airflow/example_dags/example_branch_operator.py for tasks to queue
[2023-05-19 18:06:08,620] {logging_mixin.py:115} INFO - [2023-05-19 18:06:08,620] {dagbag.py:507} INFO - Filling up the DagBag from /home/guilherme/Documents/weather_datapipeline/airflow_weather/venv/lib/python3.10/site-packages/airflow/example_dags/example_branch_operator.py
[2023-05-19 18:06:08,626] {processor.py:651} INFO - DAG(s) dict_keys(['example_branch_operator']) retrieved from /home/guilherme/Documents/weather_datapipeline/airflow_weather/venv/lib/python3.10/site-packages/airflow/example_dags/example_branch_operator.py
[2023-05-19 18:06:08,638] {logging_mixin.py:115} INFO - [2023-05-19 18:06:08,638] {dag.py:2379} INFO - Sync 1 DAGs
[2023-05-19 18:06:08,648] {logging_mixin.py:115} INFO - [2023-05-19 18:06:08,648] {dag.py:2927} INFO - Setting next_dagrun for example_branch_operator to 2023-05-18T00:00:00+00:00, run_after=2023-05-19T00:00:00+00:00
[2023-05-19 18:06:08,654] {processor.py:161} INFO - Processing /home/guilherme/Documents/weather_datapipeline/airflow_weather/venv/lib/python3.10/site-packages/airflow/example_dags/example_branch_operator.py took 0.036 seconds
[2023-05-19 18:06:41,912] {processor.py:153} INFO - Started process (PID=13739) to work on /home/guilherme/Documents/weather_datapipeline/airflow_weather/venv/lib/python3.10/site-packages/airflow/example_dags/example_branch_operator.py
[2023-05-19 18:06:41,913] {processor.py:641} INFO - Processing file /home/guilherme/Documents/weather_datapipeline/airflow_weather/venv/lib/python3.10/site-packages/airflow/example_dags/example_branch_operator.py for tasks to queue
[2023-05-19 18:06:41,914] {logging_mixin.py:115} INFO - [2023-05-19 18:06:41,914] {dagbag.py:507} INFO - Filling up the DagBag from /home/guilherme/Documents/weather_datapipeline/airflow_weather/venv/lib/python3.10/site-packages/airflow/example_dags/example_branch_operator.py
[2023-05-19 18:06:41,921] {processor.py:651} INFO - DAG(s) dict_keys(['example_branch_operator']) retrieved from /home/guilherme/Documents/weather_datapipeline/airflow_weather/venv/lib/python3.10/site-packages/airflow/example_dags/example_branch_operator.py
[2023-05-19 18:06:41,936] {logging_mixin.py:115} INFO - [2023-05-19 18:06:41,936] {dag.py:2379} INFO - Sync 1 DAGs
[2023-05-19 18:06:41,947] {logging_mixin.py:115} INFO - [2023-05-19 18:06:41,947] {dag.py:2927} INFO - Setting next_dagrun for example_branch_operator to 2023-05-18T00:00:00+00:00, run_after=2023-05-19T00:00:00+00:00
[2023-05-19 18:06:41,955] {processor.py:161} INFO - Processing /home/guilherme/Documents/weather_datapipeline/airflow_weather/venv/lib/python3.10/site-packages/airflow/example_dags/example_branch_operator.py took 0.044 seconds
[2023-05-19 18:07:18,950] {processor.py:153} INFO - Started process (PID=14293) to work on /home/guilherme/Documents/weather_datapipeline/airflow_weather/venv/lib/python3.10/site-packages/airflow/example_dags/example_branch_operator.py
[2023-05-19 18:07:18,950] {processor.py:641} INFO - Processing file /home/guilherme/Documents/weather_datapipeline/airflow_weather/venv/lib/python3.10/site-packages/airflow/example_dags/example_branch_operator.py for tasks to queue
[2023-05-19 18:07:18,950] {logging_mixin.py:115} INFO - [2023-05-19 18:07:18,950] {dagbag.py:507} INFO - Filling up the DagBag from /home/guilherme/Documents/weather_datapipeline/airflow_weather/venv/lib/python3.10/site-packages/airflow/example_dags/example_branch_operator.py
[2023-05-19 18:07:18,956] {processor.py:651} INFO - DAG(s) dict_keys(['example_branch_operator']) retrieved from /home/guilherme/Documents/weather_datapipeline/airflow_weather/venv/lib/python3.10/site-packages/airflow/example_dags/example_branch_operator.py
[2023-05-19 18:07:18,967] {logging_mixin.py:115} INFO - [2023-05-19 18:07:18,967] {dag.py:2379} INFO - Sync 1 DAGs
[2023-05-19 18:07:18,978] {logging_mixin.py:115} INFO - [2023-05-19 18:07:18,978] {dag.py:2927} INFO - Setting next_dagrun for example_branch_operator to 2023-05-18T00:00:00+00:00, run_after=2023-05-19T00:00:00+00:00
[2023-05-19 18:07:18,985] {processor.py:161} INFO - Processing /home/guilherme/Documents/weather_datapipeline/airflow_weather/venv/lib/python3.10/site-packages/airflow/example_dags/example_branch_operator.py took 0.036 seconds
[2023-05-19 18:07:51,005] {processor.py:153} INFO - Started process (PID=14480) to work on /home/guilherme/Documents/weather_datapipeline/airflow_weather/venv/lib/python3.10/site-packages/airflow/example_dags/example_branch_operator.py
[2023-05-19 18:07:51,006] {processor.py:641} INFO - Processing file /home/guilherme/Documents/weather_datapipeline/airflow_weather/venv/lib/python3.10/site-packages/airflow/example_dags/example_branch_operator.py for tasks to queue
[2023-05-19 18:07:51,006] {logging_mixin.py:115} INFO - [2023-05-19 18:07:51,006] {dagbag.py:507} INFO - Filling up the DagBag from /home/guilherme/Documents/weather_datapipeline/airflow_weather/venv/lib/python3.10/site-packages/airflow/example_dags/example_branch_operator.py
[2023-05-19 18:07:51,011] {processor.py:651} INFO - DAG(s) dict_keys(['example_branch_operator']) retrieved from /home/guilherme/Documents/weather_datapipeline/airflow_weather/venv/lib/python3.10/site-packages/airflow/example_dags/example_branch_operator.py
[2023-05-19 18:07:51,023] {logging_mixin.py:115} INFO - [2023-05-19 18:07:51,023] {dag.py:2379} INFO - Sync 1 DAGs
[2023-05-19 18:07:51,034] {logging_mixin.py:115} INFO - [2023-05-19 18:07:51,033] {dag.py:2927} INFO - Setting next_dagrun for example_branch_operator to 2023-05-18T00:00:00+00:00, run_after=2023-05-19T00:00:00+00:00
[2023-05-19 18:07:51,040] {processor.py:161} INFO - Processing /home/guilherme/Documents/weather_datapipeline/airflow_weather/venv/lib/python3.10/site-packages/airflow/example_dags/example_branch_operator.py took 0.037 seconds
[2023-05-19 18:08:26,685] {processor.py:153} INFO - Started process (PID=14710) to work on /home/guilherme/Documents/weather_datapipeline/airflow_weather/venv/lib/python3.10/site-packages/airflow/example_dags/example_branch_operator.py
[2023-05-19 18:08:26,685] {processor.py:641} INFO - Processing file /home/guilherme/Documents/weather_datapipeline/airflow_weather/venv/lib/python3.10/site-packages/airflow/example_dags/example_branch_operator.py for tasks to queue
[2023-05-19 18:08:26,685] {logging_mixin.py:115} INFO - [2023-05-19 18:08:26,685] {dagbag.py:507} INFO - Filling up the DagBag from /home/guilherme/Documents/weather_datapipeline/airflow_weather/venv/lib/python3.10/site-packages/airflow/example_dags/example_branch_operator.py
[2023-05-19 18:08:26,691] {processor.py:651} INFO - DAG(s) dict_keys(['example_branch_operator']) retrieved from /home/guilherme/Documents/weather_datapipeline/airflow_weather/venv/lib/python3.10/site-packages/airflow/example_dags/example_branch_operator.py
[2023-05-19 18:08:26,701] {logging_mixin.py:115} INFO - [2023-05-19 18:08:26,701] {dag.py:2379} INFO - Sync 1 DAGs
[2023-05-19 18:08:26,710] {logging_mixin.py:115} INFO - [2023-05-19 18:08:26,710] {dag.py:2927} INFO - Setting next_dagrun for example_branch_operator to 2023-05-18T00:00:00+00:00, run_after=2023-05-19T00:00:00+00:00
[2023-05-19 18:08:26,715] {processor.py:161} INFO - Processing /home/guilherme/Documents/weather_datapipeline/airflow_weather/venv/lib/python3.10/site-packages/airflow/example_dags/example_branch_operator.py took 0.033 seconds
[2023-05-19 18:08:59,198] {processor.py:153} INFO - Started process (PID=14891) to work on /home/guilherme/Documents/weather_datapipeline/airflow_weather/venv/lib/python3.10/site-packages/airflow/example_dags/example_branch_operator.py
[2023-05-19 18:08:59,199] {processor.py:641} INFO - Processing file /home/guilherme/Documents/weather_datapipeline/airflow_weather/venv/lib/python3.10/site-packages/airflow/example_dags/example_branch_operator.py for tasks to queue
[2023-05-19 18:08:59,199] {logging_mixin.py:115} INFO - [2023-05-19 18:08:59,199] {dagbag.py:507} INFO - Filling up the DagBag from /home/guilherme/Documents/weather_datapipeline/airflow_weather/venv/lib/python3.10/site-packages/airflow/example_dags/example_branch_operator.py
[2023-05-19 18:08:59,205] {processor.py:651} INFO - DAG(s) dict_keys(['example_branch_operator']) retrieved from /home/guilherme/Documents/weather_datapipeline/airflow_weather/venv/lib/python3.10/site-packages/airflow/example_dags/example_branch_operator.py
[2023-05-19 18:08:59,216] {logging_mixin.py:115} INFO - [2023-05-19 18:08:59,216] {dag.py:2379} INFO - Sync 1 DAGs
[2023-05-19 18:08:59,225] {logging_mixin.py:115} INFO - [2023-05-19 18:08:59,225] {dag.py:2927} INFO - Setting next_dagrun for example_branch_operator to 2023-05-18T00:00:00+00:00, run_after=2023-05-19T00:00:00+00:00
[2023-05-19 18:08:59,232] {processor.py:161} INFO - Processing /home/guilherme/Documents/weather_datapipeline/airflow_weather/venv/lib/python3.10/site-packages/airflow/example_dags/example_branch_operator.py took 0.035 seconds
[2023-05-19 18:09:29,978] {processor.py:153} INFO - Started process (PID=15050) to work on /home/guilherme/Documents/weather_datapipeline/airflow_weather/venv/lib/python3.10/site-packages/airflow/example_dags/example_branch_operator.py
[2023-05-19 18:09:29,978] {processor.py:641} INFO - Processing file /home/guilherme/Documents/weather_datapipeline/airflow_weather/venv/lib/python3.10/site-packages/airflow/example_dags/example_branch_operator.py for tasks to queue
[2023-05-19 18:09:29,978] {logging_mixin.py:115} INFO - [2023-05-19 18:09:29,978] {dagbag.py:507} INFO - Filling up the DagBag from /home/guilherme/Documents/weather_datapipeline/airflow_weather/venv/lib/python3.10/site-packages/airflow/example_dags/example_branch_operator.py
[2023-05-19 18:09:29,985] {processor.py:651} INFO - DAG(s) dict_keys(['example_branch_operator']) retrieved from /home/guilherme/Documents/weather_datapipeline/airflow_weather/venv/lib/python3.10/site-packages/airflow/example_dags/example_branch_operator.py
[2023-05-19 18:09:29,998] {logging_mixin.py:115} INFO - [2023-05-19 18:09:29,998] {dag.py:2379} INFO - Sync 1 DAGs
[2023-05-19 18:09:30,012] {logging_mixin.py:115} INFO - [2023-05-19 18:09:30,012] {dag.py:2927} INFO - Setting next_dagrun for example_branch_operator to 2023-05-18T00:00:00+00:00, run_after=2023-05-19T00:00:00+00:00
[2023-05-19 18:09:30,020] {processor.py:161} INFO - Processing /home/guilherme/Documents/weather_datapipeline/airflow_weather/venv/lib/python3.10/site-packages/airflow/example_dags/example_branch_operator.py took 0.044 seconds
[2023-05-19 18:10:06,982] {processor.py:153} INFO - Started process (PID=15239) to work on /home/guilherme/Documents/weather_datapipeline/airflow_weather/venv/lib/python3.10/site-packages/airflow/example_dags/example_branch_operator.py
[2023-05-19 18:10:06,982] {processor.py:641} INFO - Processing file /home/guilherme/Documents/weather_datapipeline/airflow_weather/venv/lib/python3.10/site-packages/airflow/example_dags/example_branch_operator.py for tasks to queue
[2023-05-19 18:10:06,983] {logging_mixin.py:115} INFO - [2023-05-19 18:10:06,983] {dagbag.py:507} INFO - Filling up the DagBag from /home/guilherme/Documents/weather_datapipeline/airflow_weather/venv/lib/python3.10/site-packages/airflow/example_dags/example_branch_operator.py
[2023-05-19 18:10:06,989] {processor.py:651} INFO - DAG(s) dict_keys(['example_branch_operator']) retrieved from /home/guilherme/Documents/weather_datapipeline/airflow_weather/venv/lib/python3.10/site-packages/airflow/example_dags/example_branch_operator.py
[2023-05-19 18:10:07,000] {logging_mixin.py:115} INFO - [2023-05-19 18:10:07,000] {dag.py:2379} INFO - Sync 1 DAGs
[2023-05-19 18:10:07,011] {logging_mixin.py:115} INFO - [2023-05-19 18:10:07,011] {dag.py:2927} INFO - Setting next_dagrun for example_branch_operator to 2023-05-18T00:00:00+00:00, run_after=2023-05-19T00:00:00+00:00
[2023-05-19 18:10:07,018] {processor.py:161} INFO - Processing /home/guilherme/Documents/weather_datapipeline/airflow_weather/venv/lib/python3.10/site-packages/airflow/example_dags/example_branch_operator.py took 0.038 seconds
[2023-05-19 18:10:38,884] {processor.py:153} INFO - Started process (PID=15339) to work on /home/guilherme/Documents/weather_datapipeline/airflow_weather/venv/lib/python3.10/site-packages/airflow/example_dags/example_branch_operator.py
[2023-05-19 18:10:38,884] {processor.py:641} INFO - Processing file /home/guilherme/Documents/weather_datapipeline/airflow_weather/venv/lib/python3.10/site-packages/airflow/example_dags/example_branch_operator.py for tasks to queue
[2023-05-19 18:10:38,884] {logging_mixin.py:115} INFO - [2023-05-19 18:10:38,884] {dagbag.py:507} INFO - Filling up the DagBag from /home/guilherme/Documents/weather_datapipeline/airflow_weather/venv/lib/python3.10/site-packages/airflow/example_dags/example_branch_operator.py
[2023-05-19 18:10:38,890] {processor.py:651} INFO - DAG(s) dict_keys(['example_branch_operator']) retrieved from /home/guilherme/Documents/weather_datapipeline/airflow_weather/venv/lib/python3.10/site-packages/airflow/example_dags/example_branch_operator.py
[2023-05-19 18:10:38,905] {logging_mixin.py:115} INFO - [2023-05-19 18:10:38,905] {dag.py:2379} INFO - Sync 1 DAGs
[2023-05-19 18:10:38,918] {logging_mixin.py:115} INFO - [2023-05-19 18:10:38,918] {dag.py:2927} INFO - Setting next_dagrun for example_branch_operator to 2023-05-18T00:00:00+00:00, run_after=2023-05-19T00:00:00+00:00
[2023-05-19 18:10:38,925] {processor.py:161} INFO - Processing /home/guilherme/Documents/weather_datapipeline/airflow_weather/venv/lib/python3.10/site-packages/airflow/example_dags/example_branch_operator.py took 0.043 seconds
[2023-05-19 18:11:13,275] {processor.py:153} INFO - Started process (PID=15386) to work on /home/guilherme/Documents/weather_datapipeline/airflow_weather/venv/lib/python3.10/site-packages/airflow/example_dags/example_branch_operator.py
[2023-05-19 18:11:13,276] {processor.py:641} INFO - Processing file /home/guilherme/Documents/weather_datapipeline/airflow_weather/venv/lib/python3.10/site-packages/airflow/example_dags/example_branch_operator.py for tasks to queue
[2023-05-19 18:11:13,276] {logging_mixin.py:115} INFO - [2023-05-19 18:11:13,276] {dagbag.py:507} INFO - Filling up the DagBag from /home/guilherme/Documents/weather_datapipeline/airflow_weather/venv/lib/python3.10/site-packages/airflow/example_dags/example_branch_operator.py
[2023-05-19 18:11:13,282] {processor.py:651} INFO - DAG(s) dict_keys(['example_branch_operator']) retrieved from /home/guilherme/Documents/weather_datapipeline/airflow_weather/venv/lib/python3.10/site-packages/airflow/example_dags/example_branch_operator.py
[2023-05-19 18:11:13,294] {logging_mixin.py:115} INFO - [2023-05-19 18:11:13,293] {dag.py:2379} INFO - Sync 1 DAGs
[2023-05-19 18:11:13,303] {logging_mixin.py:115} INFO - [2023-05-19 18:11:13,303] {dag.py:2927} INFO - Setting next_dagrun for example_branch_operator to 2023-05-18T00:00:00+00:00, run_after=2023-05-19T00:00:00+00:00
[2023-05-19 18:11:13,310] {processor.py:161} INFO - Processing /home/guilherme/Documents/weather_datapipeline/airflow_weather/venv/lib/python3.10/site-packages/airflow/example_dags/example_branch_operator.py took 0.037 seconds
[2023-05-19 18:11:46,423] {processor.py:153} INFO - Started process (PID=15452) to work on /home/guilherme/Documents/weather_datapipeline/airflow_weather/venv/lib/python3.10/site-packages/airflow/example_dags/example_branch_operator.py
[2023-05-19 18:11:46,423] {processor.py:641} INFO - Processing file /home/guilherme/Documents/weather_datapipeline/airflow_weather/venv/lib/python3.10/site-packages/airflow/example_dags/example_branch_operator.py for tasks to queue
[2023-05-19 18:11:46,424] {logging_mixin.py:115} INFO - [2023-05-19 18:11:46,424] {dagbag.py:507} INFO - Filling up the DagBag from /home/guilherme/Documents/weather_datapipeline/airflow_weather/venv/lib/python3.10/site-packages/airflow/example_dags/example_branch_operator.py
[2023-05-19 18:11:46,430] {processor.py:651} INFO - DAG(s) dict_keys(['example_branch_operator']) retrieved from /home/guilherme/Documents/weather_datapipeline/airflow_weather/venv/lib/python3.10/site-packages/airflow/example_dags/example_branch_operator.py
[2023-05-19 18:11:46,441] {logging_mixin.py:115} INFO - [2023-05-19 18:11:46,441] {dag.py:2379} INFO - Sync 1 DAGs
[2023-05-19 18:11:46,451] {logging_mixin.py:115} INFO - [2023-05-19 18:11:46,451] {dag.py:2927} INFO - Setting next_dagrun for example_branch_operator to 2023-05-18T00:00:00+00:00, run_after=2023-05-19T00:00:00+00:00
[2023-05-19 18:11:46,458] {processor.py:161} INFO - Processing /home/guilherme/Documents/weather_datapipeline/airflow_weather/venv/lib/python3.10/site-packages/airflow/example_dags/example_branch_operator.py took 0.037 seconds
[2023-05-19 18:12:21,348] {processor.py:153} INFO - Started process (PID=15526) to work on /home/guilherme/Documents/weather_datapipeline/airflow_weather/venv/lib/python3.10/site-packages/airflow/example_dags/example_branch_operator.py
[2023-05-19 18:12:21,349] {processor.py:641} INFO - Processing file /home/guilherme/Documents/weather_datapipeline/airflow_weather/venv/lib/python3.10/site-packages/airflow/example_dags/example_branch_operator.py for tasks to queue
[2023-05-19 18:12:21,349] {logging_mixin.py:115} INFO - [2023-05-19 18:12:21,349] {dagbag.py:507} INFO - Filling up the DagBag from /home/guilherme/Documents/weather_datapipeline/airflow_weather/venv/lib/python3.10/site-packages/airflow/example_dags/example_branch_operator.py
[2023-05-19 18:12:21,355] {processor.py:651} INFO - DAG(s) dict_keys(['example_branch_operator']) retrieved from /home/guilherme/Documents/weather_datapipeline/airflow_weather/venv/lib/python3.10/site-packages/airflow/example_dags/example_branch_operator.py
[2023-05-19 18:12:21,367] {logging_mixin.py:115} INFO - [2023-05-19 18:12:21,367] {dag.py:2379} INFO - Sync 1 DAGs
[2023-05-19 18:12:21,377] {logging_mixin.py:115} INFO - [2023-05-19 18:12:21,377] {dag.py:2927} INFO - Setting next_dagrun for example_branch_operator to 2023-05-18T00:00:00+00:00, run_after=2023-05-19T00:00:00+00:00
[2023-05-19 18:12:21,383] {processor.py:161} INFO - Processing /home/guilherme/Documents/weather_datapipeline/airflow_weather/venv/lib/python3.10/site-packages/airflow/example_dags/example_branch_operator.py took 0.038 seconds
[2023-05-19 18:12:53,777] {processor.py:153} INFO - Started process (PID=15572) to work on /home/guilherme/Documents/weather_datapipeline/airflow_weather/venv/lib/python3.10/site-packages/airflow/example_dags/example_branch_operator.py
[2023-05-19 18:12:53,778] {processor.py:641} INFO - Processing file /home/guilherme/Documents/weather_datapipeline/airflow_weather/venv/lib/python3.10/site-packages/airflow/example_dags/example_branch_operator.py for tasks to queue
[2023-05-19 18:12:53,778] {logging_mixin.py:115} INFO - [2023-05-19 18:12:53,778] {dagbag.py:507} INFO - Filling up the DagBag from /home/guilherme/Documents/weather_datapipeline/airflow_weather/venv/lib/python3.10/site-packages/airflow/example_dags/example_branch_operator.py
[2023-05-19 18:12:53,784] {processor.py:651} INFO - DAG(s) dict_keys(['example_branch_operator']) retrieved from /home/guilherme/Documents/weather_datapipeline/airflow_weather/venv/lib/python3.10/site-packages/airflow/example_dags/example_branch_operator.py
[2023-05-19 18:12:53,795] {logging_mixin.py:115} INFO - [2023-05-19 18:12:53,795] {dag.py:2379} INFO - Sync 1 DAGs
[2023-05-19 18:12:53,805] {logging_mixin.py:115} INFO - [2023-05-19 18:12:53,805] {dag.py:2927} INFO - Setting next_dagrun for example_branch_operator to 2023-05-18T00:00:00+00:00, run_after=2023-05-19T00:00:00+00:00
[2023-05-19 18:12:53,813] {processor.py:161} INFO - Processing /home/guilherme/Documents/weather_datapipeline/airflow_weather/venv/lib/python3.10/site-packages/airflow/example_dags/example_branch_operator.py took 0.037 seconds
[2023-05-19 18:13:30,028] {processor.py:153} INFO - Started process (PID=15803) to work on /home/guilherme/Documents/weather_datapipeline/airflow_weather/venv/lib/python3.10/site-packages/airflow/example_dags/example_branch_operator.py
[2023-05-19 18:13:30,029] {processor.py:641} INFO - Processing file /home/guilherme/Documents/weather_datapipeline/airflow_weather/venv/lib/python3.10/site-packages/airflow/example_dags/example_branch_operator.py for tasks to queue
[2023-05-19 18:13:30,029] {logging_mixin.py:115} INFO - [2023-05-19 18:13:30,029] {dagbag.py:507} INFO - Filling up the DagBag from /home/guilherme/Documents/weather_datapipeline/airflow_weather/venv/lib/python3.10/site-packages/airflow/example_dags/example_branch_operator.py
[2023-05-19 18:13:30,035] {processor.py:651} INFO - DAG(s) dict_keys(['example_branch_operator']) retrieved from /home/guilherme/Documents/weather_datapipeline/airflow_weather/venv/lib/python3.10/site-packages/airflow/example_dags/example_branch_operator.py
[2023-05-19 18:13:30,048] {logging_mixin.py:115} INFO - [2023-05-19 18:13:30,048] {dag.py:2379} INFO - Sync 1 DAGs
[2023-05-19 18:13:30,064] {logging_mixin.py:115} INFO - [2023-05-19 18:13:30,064] {dag.py:2927} INFO - Setting next_dagrun for example_branch_operator to 2023-05-18T00:00:00+00:00, run_after=2023-05-19T00:00:00+00:00
[2023-05-19 18:13:30,074] {processor.py:161} INFO - Processing /home/guilherme/Documents/weather_datapipeline/airflow_weather/venv/lib/python3.10/site-packages/airflow/example_dags/example_branch_operator.py took 0.047 seconds
[2023-05-19 18:14:03,743] {processor.py:153} INFO - Started process (PID=16000) to work on /home/guilherme/Documents/weather_datapipeline/airflow_weather/venv/lib/python3.10/site-packages/airflow/example_dags/example_branch_operator.py
[2023-05-19 18:14:03,744] {processor.py:641} INFO - Processing file /home/guilherme/Documents/weather_datapipeline/airflow_weather/venv/lib/python3.10/site-packages/airflow/example_dags/example_branch_operator.py for tasks to queue
[2023-05-19 18:14:03,744] {logging_mixin.py:115} INFO - [2023-05-19 18:14:03,744] {dagbag.py:507} INFO - Filling up the DagBag from /home/guilherme/Documents/weather_datapipeline/airflow_weather/venv/lib/python3.10/site-packages/airflow/example_dags/example_branch_operator.py
[2023-05-19 18:14:03,749] {processor.py:651} INFO - DAG(s) dict_keys(['example_branch_operator']) retrieved from /home/guilherme/Documents/weather_datapipeline/airflow_weather/venv/lib/python3.10/site-packages/airflow/example_dags/example_branch_operator.py
[2023-05-19 18:14:03,760] {logging_mixin.py:115} INFO - [2023-05-19 18:14:03,760] {dag.py:2379} INFO - Sync 1 DAGs
[2023-05-19 18:14:03,769] {logging_mixin.py:115} INFO - [2023-05-19 18:14:03,769] {dag.py:2927} INFO - Setting next_dagrun for example_branch_operator to 2023-05-18T00:00:00+00:00, run_after=2023-05-19T00:00:00+00:00
[2023-05-19 18:14:03,775] {processor.py:161} INFO - Processing /home/guilherme/Documents/weather_datapipeline/airflow_weather/venv/lib/python3.10/site-packages/airflow/example_dags/example_branch_operator.py took 0.034 seconds
[2023-05-19 18:14:36,269] {processor.py:153} INFO - Started process (PID=16182) to work on /home/guilherme/Documents/weather_datapipeline/airflow_weather/venv/lib/python3.10/site-packages/airflow/example_dags/example_branch_operator.py
[2023-05-19 18:14:36,270] {processor.py:641} INFO - Processing file /home/guilherme/Documents/weather_datapipeline/airflow_weather/venv/lib/python3.10/site-packages/airflow/example_dags/example_branch_operator.py for tasks to queue
[2023-05-19 18:14:36,270] {logging_mixin.py:115} INFO - [2023-05-19 18:14:36,270] {dagbag.py:507} INFO - Filling up the DagBag from /home/guilherme/Documents/weather_datapipeline/airflow_weather/venv/lib/python3.10/site-packages/airflow/example_dags/example_branch_operator.py
[2023-05-19 18:14:36,276] {processor.py:651} INFO - DAG(s) dict_keys(['example_branch_operator']) retrieved from /home/guilherme/Documents/weather_datapipeline/airflow_weather/venv/lib/python3.10/site-packages/airflow/example_dags/example_branch_operator.py
[2023-05-19 18:14:36,291] {logging_mixin.py:115} INFO - [2023-05-19 18:14:36,291] {dag.py:2379} INFO - Sync 1 DAGs
[2023-05-19 18:14:36,301] {logging_mixin.py:115} INFO - [2023-05-19 18:14:36,301] {dag.py:2927} INFO - Setting next_dagrun for example_branch_operator to 2023-05-18T00:00:00+00:00, run_after=2023-05-19T00:00:00+00:00
[2023-05-19 18:14:36,308] {processor.py:161} INFO - Processing /home/guilherme/Documents/weather_datapipeline/airflow_weather/venv/lib/python3.10/site-packages/airflow/example_dags/example_branch_operator.py took 0.040 seconds
[2023-05-19 18:15:11,458] {processor.py:153} INFO - Started process (PID=16378) to work on /home/guilherme/Documents/weather_datapipeline/airflow_weather/venv/lib/python3.10/site-packages/airflow/example_dags/example_branch_operator.py
[2023-05-19 18:15:11,458] {processor.py:641} INFO - Processing file /home/guilherme/Documents/weather_datapipeline/airflow_weather/venv/lib/python3.10/site-packages/airflow/example_dags/example_branch_operator.py for tasks to queue
[2023-05-19 18:15:11,458] {logging_mixin.py:115} INFO - [2023-05-19 18:15:11,458] {dagbag.py:507} INFO - Filling up the DagBag from /home/guilherme/Documents/weather_datapipeline/airflow_weather/venv/lib/python3.10/site-packages/airflow/example_dags/example_branch_operator.py
[2023-05-19 18:15:11,464] {processor.py:651} INFO - DAG(s) dict_keys(['example_branch_operator']) retrieved from /home/guilherme/Documents/weather_datapipeline/airflow_weather/venv/lib/python3.10/site-packages/airflow/example_dags/example_branch_operator.py
[2023-05-19 18:15:11,475] {logging_mixin.py:115} INFO - [2023-05-19 18:15:11,475] {dag.py:2379} INFO - Sync 1 DAGs
[2023-05-19 18:15:11,485] {logging_mixin.py:115} INFO - [2023-05-19 18:15:11,485] {dag.py:2927} INFO - Setting next_dagrun for example_branch_operator to 2023-05-18T00:00:00+00:00, run_after=2023-05-19T00:00:00+00:00
[2023-05-19 18:15:11,491] {processor.py:161} INFO - Processing /home/guilherme/Documents/weather_datapipeline/airflow_weather/venv/lib/python3.10/site-packages/airflow/example_dags/example_branch_operator.py took 0.034 seconds
[2023-05-19 18:15:42,783] {processor.py:153} INFO - Started process (PID=16550) to work on /home/guilherme/Documents/weather_datapipeline/airflow_weather/venv/lib/python3.10/site-packages/airflow/example_dags/example_branch_operator.py
[2023-05-19 18:15:42,784] {processor.py:641} INFO - Processing file /home/guilherme/Documents/weather_datapipeline/airflow_weather/venv/lib/python3.10/site-packages/airflow/example_dags/example_branch_operator.py for tasks to queue
[2023-05-19 18:15:42,784] {logging_mixin.py:115} INFO - [2023-05-19 18:15:42,784] {dagbag.py:507} INFO - Filling up the DagBag from /home/guilherme/Documents/weather_datapipeline/airflow_weather/venv/lib/python3.10/site-packages/airflow/example_dags/example_branch_operator.py
[2023-05-19 18:15:42,789] {processor.py:651} INFO - DAG(s) dict_keys(['example_branch_operator']) retrieved from /home/guilherme/Documents/weather_datapipeline/airflow_weather/venv/lib/python3.10/site-packages/airflow/example_dags/example_branch_operator.py
[2023-05-19 18:15:42,800] {logging_mixin.py:115} INFO - [2023-05-19 18:15:42,800] {dag.py:2379} INFO - Sync 1 DAGs
[2023-05-19 18:15:42,809] {logging_mixin.py:115} INFO - [2023-05-19 18:15:42,809] {dag.py:2927} INFO - Setting next_dagrun for example_branch_operator to 2023-05-18T00:00:00+00:00, run_after=2023-05-19T00:00:00+00:00
[2023-05-19 18:15:42,816] {processor.py:161} INFO - Processing /home/guilherme/Documents/weather_datapipeline/airflow_weather/venv/lib/python3.10/site-packages/airflow/example_dags/example_branch_operator.py took 0.034 seconds
[2023-05-19 18:16:16,329] {processor.py:153} INFO - Started process (PID=16746) to work on /home/guilherme/Documents/weather_datapipeline/airflow_weather/venv/lib/python3.10/site-packages/airflow/example_dags/example_branch_operator.py
[2023-05-19 18:16:16,329] {processor.py:641} INFO - Processing file /home/guilherme/Documents/weather_datapipeline/airflow_weather/venv/lib/python3.10/site-packages/airflow/example_dags/example_branch_operator.py for tasks to queue
[2023-05-19 18:16:16,329] {logging_mixin.py:115} INFO - [2023-05-19 18:16:16,329] {dagbag.py:507} INFO - Filling up the DagBag from /home/guilherme/Documents/weather_datapipeline/airflow_weather/venv/lib/python3.10/site-packages/airflow/example_dags/example_branch_operator.py
[2023-05-19 18:16:16,335] {processor.py:651} INFO - DAG(s) dict_keys(['example_branch_operator']) retrieved from /home/guilherme/Documents/weather_datapipeline/airflow_weather/venv/lib/python3.10/site-packages/airflow/example_dags/example_branch_operator.py
[2023-05-19 18:16:16,346] {logging_mixin.py:115} INFO - [2023-05-19 18:16:16,346] {dag.py:2379} INFO - Sync 1 DAGs
[2023-05-19 18:16:16,356] {logging_mixin.py:115} INFO - [2023-05-19 18:16:16,356] {dag.py:2927} INFO - Setting next_dagrun for example_branch_operator to 2023-05-18T00:00:00+00:00, run_after=2023-05-19T00:00:00+00:00
[2023-05-19 18:16:16,361] {processor.py:161} INFO - Processing /home/guilherme/Documents/weather_datapipeline/airflow_weather/venv/lib/python3.10/site-packages/airflow/example_dags/example_branch_operator.py took 0.034 seconds
[2023-05-19 18:16:49,360] {processor.py:153} INFO - Started process (PID=16941) to work on /home/guilherme/Documents/weather_datapipeline/airflow_weather/venv/lib/python3.10/site-packages/airflow/example_dags/example_branch_operator.py
[2023-05-19 18:16:49,360] {processor.py:641} INFO - Processing file /home/guilherme/Documents/weather_datapipeline/airflow_weather/venv/lib/python3.10/site-packages/airflow/example_dags/example_branch_operator.py for tasks to queue
[2023-05-19 18:16:49,360] {logging_mixin.py:115} INFO - [2023-05-19 18:16:49,360] {dagbag.py:507} INFO - Filling up the DagBag from /home/guilherme/Documents/weather_datapipeline/airflow_weather/venv/lib/python3.10/site-packages/airflow/example_dags/example_branch_operator.py
[2023-05-19 18:16:49,366] {processor.py:651} INFO - DAG(s) dict_keys(['example_branch_operator']) retrieved from /home/guilherme/Documents/weather_datapipeline/airflow_weather/venv/lib/python3.10/site-packages/airflow/example_dags/example_branch_operator.py
[2023-05-19 18:16:49,376] {logging_mixin.py:115} INFO - [2023-05-19 18:16:49,376] {dag.py:2379} INFO - Sync 1 DAGs
[2023-05-19 18:16:49,385] {logging_mixin.py:115} INFO - [2023-05-19 18:16:49,385] {dag.py:2927} INFO - Setting next_dagrun for example_branch_operator to 2023-05-18T00:00:00+00:00, run_after=2023-05-19T00:00:00+00:00
[2023-05-19 18:16:49,391] {processor.py:161} INFO - Processing /home/guilherme/Documents/weather_datapipeline/airflow_weather/venv/lib/python3.10/site-packages/airflow/example_dags/example_branch_operator.py took 0.033 seconds
[2023-05-19 18:17:24,576] {processor.py:153} INFO - Started process (PID=17141) to work on /home/guilherme/Documents/weather_datapipeline/airflow_weather/venv/lib/python3.10/site-packages/airflow/example_dags/example_branch_operator.py
[2023-05-19 18:17:24,576] {processor.py:641} INFO - Processing file /home/guilherme/Documents/weather_datapipeline/airflow_weather/venv/lib/python3.10/site-packages/airflow/example_dags/example_branch_operator.py for tasks to queue
[2023-05-19 18:17:24,576] {logging_mixin.py:115} INFO - [2023-05-19 18:17:24,576] {dagbag.py:507} INFO - Filling up the DagBag from /home/guilherme/Documents/weather_datapipeline/airflow_weather/venv/lib/python3.10/site-packages/airflow/example_dags/example_branch_operator.py
[2023-05-19 18:17:24,582] {processor.py:651} INFO - DAG(s) dict_keys(['example_branch_operator']) retrieved from /home/guilherme/Documents/weather_datapipeline/airflow_weather/venv/lib/python3.10/site-packages/airflow/example_dags/example_branch_operator.py
[2023-05-19 18:17:24,593] {logging_mixin.py:115} INFO - [2023-05-19 18:17:24,592] {dag.py:2379} INFO - Sync 1 DAGs
[2023-05-19 18:17:24,602] {logging_mixin.py:115} INFO - [2023-05-19 18:17:24,601] {dag.py:2927} INFO - Setting next_dagrun for example_branch_operator to 2023-05-18T00:00:00+00:00, run_after=2023-05-19T00:00:00+00:00
[2023-05-19 18:17:24,608] {processor.py:161} INFO - Processing /home/guilherme/Documents/weather_datapipeline/airflow_weather/venv/lib/python3.10/site-packages/airflow/example_dags/example_branch_operator.py took 0.034 seconds
[2023-05-19 18:17:56,862] {processor.py:153} INFO - Started process (PID=17317) to work on /home/guilherme/Documents/weather_datapipeline/airflow_weather/venv/lib/python3.10/site-packages/airflow/example_dags/example_branch_operator.py
[2023-05-19 18:17:56,862] {processor.py:641} INFO - Processing file /home/guilherme/Documents/weather_datapipeline/airflow_weather/venv/lib/python3.10/site-packages/airflow/example_dags/example_branch_operator.py for tasks to queue
[2023-05-19 18:17:56,862] {logging_mixin.py:115} INFO - [2023-05-19 18:17:56,862] {dagbag.py:507} INFO - Filling up the DagBag from /home/guilherme/Documents/weather_datapipeline/airflow_weather/venv/lib/python3.10/site-packages/airflow/example_dags/example_branch_operator.py
[2023-05-19 18:17:56,868] {processor.py:651} INFO - DAG(s) dict_keys(['example_branch_operator']) retrieved from /home/guilherme/Documents/weather_datapipeline/airflow_weather/venv/lib/python3.10/site-packages/airflow/example_dags/example_branch_operator.py
[2023-05-19 18:17:56,880] {logging_mixin.py:115} INFO - [2023-05-19 18:17:56,880] {dag.py:2379} INFO - Sync 1 DAGs
[2023-05-19 18:17:56,889] {logging_mixin.py:115} INFO - [2023-05-19 18:17:56,889] {dag.py:2927} INFO - Setting next_dagrun for example_branch_operator to 2023-05-18T00:00:00+00:00, run_after=2023-05-19T00:00:00+00:00
[2023-05-19 18:17:56,896] {processor.py:161} INFO - Processing /home/guilherme/Documents/weather_datapipeline/airflow_weather/venv/lib/python3.10/site-packages/airflow/example_dags/example_branch_operator.py took 0.036 seconds
[2023-05-19 18:18:30,617] {processor.py:153} INFO - Started process (PID=17562) to work on /home/guilherme/Documents/weather_datapipeline/airflow_weather/venv/lib/python3.10/site-packages/airflow/example_dags/example_branch_operator.py
[2023-05-19 18:18:30,617] {processor.py:641} INFO - Processing file /home/guilherme/Documents/weather_datapipeline/airflow_weather/venv/lib/python3.10/site-packages/airflow/example_dags/example_branch_operator.py for tasks to queue
[2023-05-19 18:18:30,618] {logging_mixin.py:115} INFO - [2023-05-19 18:18:30,617] {dagbag.py:507} INFO - Filling up the DagBag from /home/guilherme/Documents/weather_datapipeline/airflow_weather/venv/lib/python3.10/site-packages/airflow/example_dags/example_branch_operator.py
[2023-05-19 18:18:30,623] {processor.py:651} INFO - DAG(s) dict_keys(['example_branch_operator']) retrieved from /home/guilherme/Documents/weather_datapipeline/airflow_weather/venv/lib/python3.10/site-packages/airflow/example_dags/example_branch_operator.py
[2023-05-19 18:18:30,634] {logging_mixin.py:115} INFO - [2023-05-19 18:18:30,634] {dag.py:2379} INFO - Sync 1 DAGs
[2023-05-19 18:18:30,644] {logging_mixin.py:115} INFO - [2023-05-19 18:18:30,644] {dag.py:2927} INFO - Setting next_dagrun for example_branch_operator to 2023-05-18T00:00:00+00:00, run_after=2023-05-19T00:00:00+00:00
[2023-05-19 18:18:30,650] {processor.py:161} INFO - Processing /home/guilherme/Documents/weather_datapipeline/airflow_weather/venv/lib/python3.10/site-packages/airflow/example_dags/example_branch_operator.py took 0.035 seconds
[2023-05-19 18:19:04,785] {processor.py:153} INFO - Started process (PID=17779) to work on /home/guilherme/Documents/weather_datapipeline/airflow_weather/venv/lib/python3.10/site-packages/airflow/example_dags/example_branch_operator.py
[2023-05-19 18:19:04,785] {processor.py:641} INFO - Processing file /home/guilherme/Documents/weather_datapipeline/airflow_weather/venv/lib/python3.10/site-packages/airflow/example_dags/example_branch_operator.py for tasks to queue
[2023-05-19 18:19:04,786] {logging_mixin.py:115} INFO - [2023-05-19 18:19:04,786] {dagbag.py:507} INFO - Filling up the DagBag from /home/guilherme/Documents/weather_datapipeline/airflow_weather/venv/lib/python3.10/site-packages/airflow/example_dags/example_branch_operator.py
[2023-05-19 18:19:04,792] {processor.py:651} INFO - DAG(s) dict_keys(['example_branch_operator']) retrieved from /home/guilherme/Documents/weather_datapipeline/airflow_weather/venv/lib/python3.10/site-packages/airflow/example_dags/example_branch_operator.py
[2023-05-19 18:19:04,802] {logging_mixin.py:115} INFO - [2023-05-19 18:19:04,802] {dag.py:2379} INFO - Sync 1 DAGs
[2023-05-19 18:19:04,813] {logging_mixin.py:115} INFO - [2023-05-19 18:19:04,813] {dag.py:2927} INFO - Setting next_dagrun for example_branch_operator to 2023-05-18T00:00:00+00:00, run_after=2023-05-19T00:00:00+00:00
[2023-05-19 18:19:04,820] {processor.py:161} INFO - Processing /home/guilherme/Documents/weather_datapipeline/airflow_weather/venv/lib/python3.10/site-packages/airflow/example_dags/example_branch_operator.py took 0.037 seconds
[2023-05-19 18:19:35,464] {processor.py:153} INFO - Started process (PID=18428) to work on /home/guilherme/Documents/weather_datapipeline/airflow_weather/venv/lib/python3.10/site-packages/airflow/example_dags/example_branch_operator.py
[2023-05-19 18:19:35,465] {processor.py:641} INFO - Processing file /home/guilherme/Documents/weather_datapipeline/airflow_weather/venv/lib/python3.10/site-packages/airflow/example_dags/example_branch_operator.py for tasks to queue
[2023-05-19 18:19:35,465] {logging_mixin.py:115} INFO - [2023-05-19 18:19:35,465] {dagbag.py:507} INFO - Filling up the DagBag from /home/guilherme/Documents/weather_datapipeline/airflow_weather/venv/lib/python3.10/site-packages/airflow/example_dags/example_branch_operator.py
[2023-05-19 18:19:35,472] {processor.py:651} INFO - DAG(s) dict_keys(['example_branch_operator']) retrieved from /home/guilherme/Documents/weather_datapipeline/airflow_weather/venv/lib/python3.10/site-packages/airflow/example_dags/example_branch_operator.py
[2023-05-19 18:19:35,484] {logging_mixin.py:115} INFO - [2023-05-19 18:19:35,484] {dag.py:2379} INFO - Sync 1 DAGs
[2023-05-19 18:19:35,494] {logging_mixin.py:115} INFO - [2023-05-19 18:19:35,494] {dag.py:2927} INFO - Setting next_dagrun for example_branch_operator to 2023-05-18T00:00:00+00:00, run_after=2023-05-19T00:00:00+00:00
[2023-05-19 18:19:35,500] {processor.py:161} INFO - Processing /home/guilherme/Documents/weather_datapipeline/airflow_weather/venv/lib/python3.10/site-packages/airflow/example_dags/example_branch_operator.py took 0.038 seconds
[2023-05-19 18:20:08,394] {processor.py:153} INFO - Started process (PID=18613) to work on /home/guilherme/Documents/weather_datapipeline/airflow_weather/venv/lib/python3.10/site-packages/airflow/example_dags/example_branch_operator.py
[2023-05-19 18:20:08,394] {processor.py:641} INFO - Processing file /home/guilherme/Documents/weather_datapipeline/airflow_weather/venv/lib/python3.10/site-packages/airflow/example_dags/example_branch_operator.py for tasks to queue
[2023-05-19 18:20:08,394] {logging_mixin.py:115} INFO - [2023-05-19 18:20:08,394] {dagbag.py:507} INFO - Filling up the DagBag from /home/guilherme/Documents/weather_datapipeline/airflow_weather/venv/lib/python3.10/site-packages/airflow/example_dags/example_branch_operator.py
[2023-05-19 18:20:08,402] {processor.py:651} INFO - DAG(s) dict_keys(['example_branch_operator']) retrieved from /home/guilherme/Documents/weather_datapipeline/airflow_weather/venv/lib/python3.10/site-packages/airflow/example_dags/example_branch_operator.py
[2023-05-19 18:20:08,412] {logging_mixin.py:115} INFO - [2023-05-19 18:20:08,411] {dag.py:2379} INFO - Sync 1 DAGs
[2023-05-19 18:20:08,421] {logging_mixin.py:115} INFO - [2023-05-19 18:20:08,421] {dag.py:2927} INFO - Setting next_dagrun for example_branch_operator to 2023-05-18T00:00:00+00:00, run_after=2023-05-19T00:00:00+00:00
[2023-05-19 18:20:08,429] {processor.py:161} INFO - Processing /home/guilherme/Documents/weather_datapipeline/airflow_weather/venv/lib/python3.10/site-packages/airflow/example_dags/example_branch_operator.py took 0.038 seconds
[2023-05-19 18:20:43,197] {processor.py:153} INFO - Started process (PID=18814) to work on /home/guilherme/Documents/weather_datapipeline/airflow_weather/venv/lib/python3.10/site-packages/airflow/example_dags/example_branch_operator.py
[2023-05-19 18:20:43,198] {processor.py:641} INFO - Processing file /home/guilherme/Documents/weather_datapipeline/airflow_weather/venv/lib/python3.10/site-packages/airflow/example_dags/example_branch_operator.py for tasks to queue
[2023-05-19 18:20:43,198] {logging_mixin.py:115} INFO - [2023-05-19 18:20:43,198] {dagbag.py:507} INFO - Filling up the DagBag from /home/guilherme/Documents/weather_datapipeline/airflow_weather/venv/lib/python3.10/site-packages/airflow/example_dags/example_branch_operator.py
[2023-05-19 18:20:43,208] {processor.py:651} INFO - DAG(s) dict_keys(['example_branch_operator']) retrieved from /home/guilherme/Documents/weather_datapipeline/airflow_weather/venv/lib/python3.10/site-packages/airflow/example_dags/example_branch_operator.py
[2023-05-19 18:20:43,217] {logging_mixin.py:115} INFO - [2023-05-19 18:20:43,217] {dag.py:2379} INFO - Sync 1 DAGs
[2023-05-19 18:20:43,226] {logging_mixin.py:115} INFO - [2023-05-19 18:20:43,226] {dag.py:2927} INFO - Setting next_dagrun for example_branch_operator to 2023-05-18T00:00:00+00:00, run_after=2023-05-19T00:00:00+00:00
[2023-05-19 18:20:43,234] {processor.py:161} INFO - Processing /home/guilherme/Documents/weather_datapipeline/airflow_weather/venv/lib/python3.10/site-packages/airflow/example_dags/example_branch_operator.py took 0.038 seconds
[2023-05-19 18:21:15,681] {processor.py:153} INFO - Started process (PID=19024) to work on /home/guilherme/Documents/weather_datapipeline/airflow_weather/venv/lib/python3.10/site-packages/airflow/example_dags/example_branch_operator.py
[2023-05-19 18:21:15,681] {processor.py:641} INFO - Processing file /home/guilherme/Documents/weather_datapipeline/airflow_weather/venv/lib/python3.10/site-packages/airflow/example_dags/example_branch_operator.py for tasks to queue
[2023-05-19 18:21:15,682] {logging_mixin.py:115} INFO - [2023-05-19 18:21:15,682] {dagbag.py:507} INFO - Filling up the DagBag from /home/guilherme/Documents/weather_datapipeline/airflow_weather/venv/lib/python3.10/site-packages/airflow/example_dags/example_branch_operator.py
[2023-05-19 18:21:15,689] {processor.py:651} INFO - DAG(s) dict_keys(['example_branch_operator']) retrieved from /home/guilherme/Documents/weather_datapipeline/airflow_weather/venv/lib/python3.10/site-packages/airflow/example_dags/example_branch_operator.py
[2023-05-19 18:21:15,697] {logging_mixin.py:115} INFO - [2023-05-19 18:21:15,697] {dag.py:2379} INFO - Sync 1 DAGs
[2023-05-19 18:21:15,706] {logging_mixin.py:115} INFO - [2023-05-19 18:21:15,706] {dag.py:2927} INFO - Setting next_dagrun for example_branch_operator to 2023-05-18T00:00:00+00:00, run_after=2023-05-19T00:00:00+00:00
[2023-05-19 18:21:15,712] {processor.py:161} INFO - Processing /home/guilherme/Documents/weather_datapipeline/airflow_weather/venv/lib/python3.10/site-packages/airflow/example_dags/example_branch_operator.py took 0.034 seconds
[2023-05-19 18:21:48,725] {processor.py:153} INFO - Started process (PID=19222) to work on /home/guilherme/Documents/weather_datapipeline/airflow_weather/venv/lib/python3.10/site-packages/airflow/example_dags/example_branch_operator.py
[2023-05-19 18:21:48,725] {processor.py:641} INFO - Processing file /home/guilherme/Documents/weather_datapipeline/airflow_weather/venv/lib/python3.10/site-packages/airflow/example_dags/example_branch_operator.py for tasks to queue
[2023-05-19 18:21:48,725] {logging_mixin.py:115} INFO - [2023-05-19 18:21:48,725] {dagbag.py:507} INFO - Filling up the DagBag from /home/guilherme/Documents/weather_datapipeline/airflow_weather/venv/lib/python3.10/site-packages/airflow/example_dags/example_branch_operator.py
[2023-05-19 18:21:48,733] {processor.py:651} INFO - DAG(s) dict_keys(['example_branch_operator']) retrieved from /home/guilherme/Documents/weather_datapipeline/airflow_weather/venv/lib/python3.10/site-packages/airflow/example_dags/example_branch_operator.py
[2023-05-19 18:21:48,741] {logging_mixin.py:115} INFO - [2023-05-19 18:21:48,741] {dag.py:2379} INFO - Sync 1 DAGs
[2023-05-19 18:21:48,750] {logging_mixin.py:115} INFO - [2023-05-19 18:21:48,750] {dag.py:2927} INFO - Setting next_dagrun for example_branch_operator to 2023-05-18T00:00:00+00:00, run_after=2023-05-19T00:00:00+00:00
[2023-05-19 18:21:48,756] {processor.py:161} INFO - Processing /home/guilherme/Documents/weather_datapipeline/airflow_weather/venv/lib/python3.10/site-packages/airflow/example_dags/example_branch_operator.py took 0.033 seconds
[2023-05-19 18:22:25,749] {processor.py:153} INFO - Started process (PID=19436) to work on /home/guilherme/Documents/weather_datapipeline/airflow_weather/venv/lib/python3.10/site-packages/airflow/example_dags/example_branch_operator.py
[2023-05-19 18:22:25,750] {processor.py:641} INFO - Processing file /home/guilherme/Documents/weather_datapipeline/airflow_weather/venv/lib/python3.10/site-packages/airflow/example_dags/example_branch_operator.py for tasks to queue
[2023-05-19 18:22:25,750] {logging_mixin.py:115} INFO - [2023-05-19 18:22:25,750] {dagbag.py:507} INFO - Filling up the DagBag from /home/guilherme/Documents/weather_datapipeline/airflow_weather/venv/lib/python3.10/site-packages/airflow/example_dags/example_branch_operator.py
[2023-05-19 18:22:25,758] {processor.py:651} INFO - DAG(s) dict_keys(['example_branch_operator']) retrieved from /home/guilherme/Documents/weather_datapipeline/airflow_weather/venv/lib/python3.10/site-packages/airflow/example_dags/example_branch_operator.py
[2023-05-19 18:22:25,768] {logging_mixin.py:115} INFO - [2023-05-19 18:22:25,768] {dag.py:2379} INFO - Sync 1 DAGs
[2023-05-19 18:22:25,778] {logging_mixin.py:115} INFO - [2023-05-19 18:22:25,778] {dag.py:2927} INFO - Setting next_dagrun for example_branch_operator to 2023-05-18T00:00:00+00:00, run_after=2023-05-19T00:00:00+00:00
[2023-05-19 18:22:25,785] {processor.py:161} INFO - Processing /home/guilherme/Documents/weather_datapipeline/airflow_weather/venv/lib/python3.10/site-packages/airflow/example_dags/example_branch_operator.py took 0.037 seconds
[2023-05-19 18:22:59,429] {processor.py:153} INFO - Started process (PID=19672) to work on /home/guilherme/Documents/weather_datapipeline/airflow_weather/venv/lib/python3.10/site-packages/airflow/example_dags/example_branch_operator.py
[2023-05-19 18:22:59,430] {processor.py:641} INFO - Processing file /home/guilherme/Documents/weather_datapipeline/airflow_weather/venv/lib/python3.10/site-packages/airflow/example_dags/example_branch_operator.py for tasks to queue
[2023-05-19 18:22:59,430] {logging_mixin.py:115} INFO - [2023-05-19 18:22:59,430] {dagbag.py:507} INFO - Filling up the DagBag from /home/guilherme/Documents/weather_datapipeline/airflow_weather/venv/lib/python3.10/site-packages/airflow/example_dags/example_branch_operator.py
[2023-05-19 18:22:59,438] {processor.py:651} INFO - DAG(s) dict_keys(['example_branch_operator']) retrieved from /home/guilherme/Documents/weather_datapipeline/airflow_weather/venv/lib/python3.10/site-packages/airflow/example_dags/example_branch_operator.py
[2023-05-19 18:22:59,447] {logging_mixin.py:115} INFO - [2023-05-19 18:22:59,447] {dag.py:2379} INFO - Sync 1 DAGs
[2023-05-19 18:22:59,456] {logging_mixin.py:115} INFO - [2023-05-19 18:22:59,456] {dag.py:2927} INFO - Setting next_dagrun for example_branch_operator to 2023-05-18T00:00:00+00:00, run_after=2023-05-19T00:00:00+00:00
[2023-05-19 18:22:59,463] {processor.py:161} INFO - Processing /home/guilherme/Documents/weather_datapipeline/airflow_weather/venv/lib/python3.10/site-packages/airflow/example_dags/example_branch_operator.py took 0.036 seconds
[2023-05-19 18:23:34,210] {processor.py:153} INFO - Started process (PID=19868) to work on /home/guilherme/Documents/weather_datapipeline/airflow_weather/venv/lib/python3.10/site-packages/airflow/example_dags/example_branch_operator.py
[2023-05-19 18:23:34,211] {processor.py:641} INFO - Processing file /home/guilherme/Documents/weather_datapipeline/airflow_weather/venv/lib/python3.10/site-packages/airflow/example_dags/example_branch_operator.py for tasks to queue
[2023-05-19 18:23:34,211] {logging_mixin.py:115} INFO - [2023-05-19 18:23:34,211] {dagbag.py:507} INFO - Filling up the DagBag from /home/guilherme/Documents/weather_datapipeline/airflow_weather/venv/lib/python3.10/site-packages/airflow/example_dags/example_branch_operator.py
[2023-05-19 18:23:34,219] {processor.py:651} INFO - DAG(s) dict_keys(['example_branch_operator']) retrieved from /home/guilherme/Documents/weather_datapipeline/airflow_weather/venv/lib/python3.10/site-packages/airflow/example_dags/example_branch_operator.py
[2023-05-19 18:23:34,228] {logging_mixin.py:115} INFO - [2023-05-19 18:23:34,228] {dag.py:2379} INFO - Sync 1 DAGs
[2023-05-19 18:23:34,239] {logging_mixin.py:115} INFO - [2023-05-19 18:23:34,239] {dag.py:2927} INFO - Setting next_dagrun for example_branch_operator to 2023-05-18T00:00:00+00:00, run_after=2023-05-19T00:00:00+00:00
[2023-05-19 18:23:34,246] {processor.py:161} INFO - Processing /home/guilherme/Documents/weather_datapipeline/airflow_weather/venv/lib/python3.10/site-packages/airflow/example_dags/example_branch_operator.py took 0.038 seconds
[2023-05-19 18:24:06,141] {processor.py:153} INFO - Started process (PID=20055) to work on /home/guilherme/Documents/weather_datapipeline/airflow_weather/venv/lib/python3.10/site-packages/airflow/example_dags/example_branch_operator.py
[2023-05-19 18:24:06,143] {processor.py:641} INFO - Processing file /home/guilherme/Documents/weather_datapipeline/airflow_weather/venv/lib/python3.10/site-packages/airflow/example_dags/example_branch_operator.py for tasks to queue
[2023-05-19 18:24:06,143] {logging_mixin.py:115} INFO - [2023-05-19 18:24:06,143] {dagbag.py:507} INFO - Filling up the DagBag from /home/guilherme/Documents/weather_datapipeline/airflow_weather/venv/lib/python3.10/site-packages/airflow/example_dags/example_branch_operator.py
[2023-05-19 18:24:06,159] {processor.py:651} INFO - DAG(s) dict_keys(['example_branch_operator']) retrieved from /home/guilherme/Documents/weather_datapipeline/airflow_weather/venv/lib/python3.10/site-packages/airflow/example_dags/example_branch_operator.py
[2023-05-19 18:24:06,176] {logging_mixin.py:115} INFO - [2023-05-19 18:24:06,176] {dag.py:2379} INFO - Sync 1 DAGs
[2023-05-19 18:24:06,194] {logging_mixin.py:115} INFO - [2023-05-19 18:24:06,194] {dag.py:2927} INFO - Setting next_dagrun for example_branch_operator to 2023-05-18T00:00:00+00:00, run_after=2023-05-19T00:00:00+00:00
[2023-05-19 18:24:06,206] {processor.py:161} INFO - Processing /home/guilherme/Documents/weather_datapipeline/airflow_weather/venv/lib/python3.10/site-packages/airflow/example_dags/example_branch_operator.py took 0.068 seconds
[2023-05-19 18:24:40,943] {processor.py:153} INFO - Started process (PID=20120) to work on /home/guilherme/Documents/weather_datapipeline/airflow_weather/venv/lib/python3.10/site-packages/airflow/example_dags/example_branch_operator.py
[2023-05-19 18:24:40,943] {processor.py:641} INFO - Processing file /home/guilherme/Documents/weather_datapipeline/airflow_weather/venv/lib/python3.10/site-packages/airflow/example_dags/example_branch_operator.py for tasks to queue
[2023-05-19 18:24:40,944] {logging_mixin.py:115} INFO - [2023-05-19 18:24:40,944] {dagbag.py:507} INFO - Filling up the DagBag from /home/guilherme/Documents/weather_datapipeline/airflow_weather/venv/lib/python3.10/site-packages/airflow/example_dags/example_branch_operator.py
[2023-05-19 18:24:40,951] {processor.py:651} INFO - DAG(s) dict_keys(['example_branch_operator']) retrieved from /home/guilherme/Documents/weather_datapipeline/airflow_weather/venv/lib/python3.10/site-packages/airflow/example_dags/example_branch_operator.py
[2023-05-19 18:24:40,959] {logging_mixin.py:115} INFO - [2023-05-19 18:24:40,959] {dag.py:2379} INFO - Sync 1 DAGs
[2023-05-19 18:24:40,969] {logging_mixin.py:115} INFO - [2023-05-19 18:24:40,969] {dag.py:2927} INFO - Setting next_dagrun for example_branch_operator to 2023-05-18T00:00:00+00:00, run_after=2023-05-19T00:00:00+00:00
[2023-05-19 18:24:40,975] {processor.py:161} INFO - Processing /home/guilherme/Documents/weather_datapipeline/airflow_weather/venv/lib/python3.10/site-packages/airflow/example_dags/example_branch_operator.py took 0.033 seconds
[2023-05-19 18:25:14,150] {processor.py:153} INFO - Started process (PID=20158) to work on /home/guilherme/Documents/weather_datapipeline/airflow_weather/venv/lib/python3.10/site-packages/airflow/example_dags/example_branch_operator.py
[2023-05-19 18:25:14,150] {processor.py:641} INFO - Processing file /home/guilherme/Documents/weather_datapipeline/airflow_weather/venv/lib/python3.10/site-packages/airflow/example_dags/example_branch_operator.py for tasks to queue
[2023-05-19 18:25:14,151] {logging_mixin.py:115} INFO - [2023-05-19 18:25:14,151] {dagbag.py:507} INFO - Filling up the DagBag from /home/guilherme/Documents/weather_datapipeline/airflow_weather/venv/lib/python3.10/site-packages/airflow/example_dags/example_branch_operator.py
[2023-05-19 18:25:14,158] {processor.py:651} INFO - DAG(s) dict_keys(['example_branch_operator']) retrieved from /home/guilherme/Documents/weather_datapipeline/airflow_weather/venv/lib/python3.10/site-packages/airflow/example_dags/example_branch_operator.py
[2023-05-19 18:25:14,169] {logging_mixin.py:115} INFO - [2023-05-19 18:25:14,169] {dag.py:2379} INFO - Sync 1 DAGs
[2023-05-19 18:25:14,181] {logging_mixin.py:115} INFO - [2023-05-19 18:25:14,181] {dag.py:2927} INFO - Setting next_dagrun for example_branch_operator to 2023-05-18T00:00:00+00:00, run_after=2023-05-19T00:00:00+00:00
[2023-05-19 18:25:14,187] {processor.py:161} INFO - Processing /home/guilherme/Documents/weather_datapipeline/airflow_weather/venv/lib/python3.10/site-packages/airflow/example_dags/example_branch_operator.py took 0.039 seconds
[2023-05-19 18:25:46,966] {processor.py:153} INFO - Started process (PID=20219) to work on /home/guilherme/Documents/weather_datapipeline/airflow_weather/venv/lib/python3.10/site-packages/airflow/example_dags/example_branch_operator.py
[2023-05-19 18:25:46,966] {processor.py:641} INFO - Processing file /home/guilherme/Documents/weather_datapipeline/airflow_weather/venv/lib/python3.10/site-packages/airflow/example_dags/example_branch_operator.py for tasks to queue
[2023-05-19 18:25:46,967] {logging_mixin.py:115} INFO - [2023-05-19 18:25:46,967] {dagbag.py:507} INFO - Filling up the DagBag from /home/guilherme/Documents/weather_datapipeline/airflow_weather/venv/lib/python3.10/site-packages/airflow/example_dags/example_branch_operator.py
[2023-05-19 18:25:46,974] {processor.py:651} INFO - DAG(s) dict_keys(['example_branch_operator']) retrieved from /home/guilherme/Documents/weather_datapipeline/airflow_weather/venv/lib/python3.10/site-packages/airflow/example_dags/example_branch_operator.py
[2023-05-19 18:25:46,983] {logging_mixin.py:115} INFO - [2023-05-19 18:25:46,983] {dag.py:2379} INFO - Sync 1 DAGs
[2023-05-19 18:25:46,993] {logging_mixin.py:115} INFO - [2023-05-19 18:25:46,993] {dag.py:2927} INFO - Setting next_dagrun for example_branch_operator to 2023-05-18T00:00:00+00:00, run_after=2023-05-19T00:00:00+00:00
[2023-05-19 18:25:47,000] {processor.py:161} INFO - Processing /home/guilherme/Documents/weather_datapipeline/airflow_weather/venv/lib/python3.10/site-packages/airflow/example_dags/example_branch_operator.py took 0.036 seconds
[2023-05-19 18:26:20,627] {processor.py:153} INFO - Started process (PID=20395) to work on /home/guilherme/Documents/weather_datapipeline/airflow_weather/venv/lib/python3.10/site-packages/airflow/example_dags/example_branch_operator.py
[2023-05-19 18:26:20,627] {processor.py:641} INFO - Processing file /home/guilherme/Documents/weather_datapipeline/airflow_weather/venv/lib/python3.10/site-packages/airflow/example_dags/example_branch_operator.py for tasks to queue
[2023-05-19 18:26:20,628] {logging_mixin.py:115} INFO - [2023-05-19 18:26:20,628] {dagbag.py:507} INFO - Filling up the DagBag from /home/guilherme/Documents/weather_datapipeline/airflow_weather/venv/lib/python3.10/site-packages/airflow/example_dags/example_branch_operator.py
[2023-05-19 18:26:20,635] {processor.py:651} INFO - DAG(s) dict_keys(['example_branch_operator']) retrieved from /home/guilherme/Documents/weather_datapipeline/airflow_weather/venv/lib/python3.10/site-packages/airflow/example_dags/example_branch_operator.py
[2023-05-19 18:26:20,643] {logging_mixin.py:115} INFO - [2023-05-19 18:26:20,643] {dag.py:2379} INFO - Sync 1 DAGs
[2023-05-19 18:26:20,653] {logging_mixin.py:115} INFO - [2023-05-19 18:26:20,653] {dag.py:2927} INFO - Setting next_dagrun for example_branch_operator to 2023-05-18T00:00:00+00:00, run_after=2023-05-19T00:00:00+00:00
[2023-05-19 18:26:20,659] {processor.py:161} INFO - Processing /home/guilherme/Documents/weather_datapipeline/airflow_weather/venv/lib/python3.10/site-packages/airflow/example_dags/example_branch_operator.py took 0.034 seconds
[2023-05-19 18:26:57,642] {processor.py:153} INFO - Started process (PID=20575) to work on /home/guilherme/Documents/weather_datapipeline/airflow_weather/venv/lib/python3.10/site-packages/airflow/example_dags/example_branch_operator.py
[2023-05-19 18:26:57,643] {processor.py:641} INFO - Processing file /home/guilherme/Documents/weather_datapipeline/airflow_weather/venv/lib/python3.10/site-packages/airflow/example_dags/example_branch_operator.py for tasks to queue
[2023-05-19 18:26:57,643] {logging_mixin.py:115} INFO - [2023-05-19 18:26:57,643] {dagbag.py:507} INFO - Filling up the DagBag from /home/guilherme/Documents/weather_datapipeline/airflow_weather/venv/lib/python3.10/site-packages/airflow/example_dags/example_branch_operator.py
[2023-05-19 18:26:57,651] {processor.py:651} INFO - DAG(s) dict_keys(['example_branch_operator']) retrieved from /home/guilherme/Documents/weather_datapipeline/airflow_weather/venv/lib/python3.10/site-packages/airflow/example_dags/example_branch_operator.py
[2023-05-19 18:26:57,660] {logging_mixin.py:115} INFO - [2023-05-19 18:26:57,660] {dag.py:2379} INFO - Sync 1 DAGs
[2023-05-19 18:26:57,671] {logging_mixin.py:115} INFO - [2023-05-19 18:26:57,671] {dag.py:2927} INFO - Setting next_dagrun for example_branch_operator to 2023-05-18T00:00:00+00:00, run_after=2023-05-19T00:00:00+00:00
[2023-05-19 18:26:57,678] {processor.py:161} INFO - Processing /home/guilherme/Documents/weather_datapipeline/airflow_weather/venv/lib/python3.10/site-packages/airflow/example_dags/example_branch_operator.py took 0.037 seconds
[2023-05-19 18:28:03,171] {processor.py:153} INFO - Started process (PID=20710) to work on /home/guilherme/Documents/weather_datapipeline/airflow_weather/venv/lib/python3.10/site-packages/airflow/example_dags/example_branch_operator.py
[2023-05-19 18:28:03,172] {processor.py:641} INFO - Processing file /home/guilherme/Documents/weather_datapipeline/airflow_weather/venv/lib/python3.10/site-packages/airflow/example_dags/example_branch_operator.py for tasks to queue
[2023-05-19 18:28:03,172] {logging_mixin.py:115} INFO - [2023-05-19 18:28:03,172] {dagbag.py:507} INFO - Filling up the DagBag from /home/guilherme/Documents/weather_datapipeline/airflow_weather/venv/lib/python3.10/site-packages/airflow/example_dags/example_branch_operator.py
[2023-05-19 18:28:03,177] {processor.py:651} INFO - DAG(s) dict_keys(['example_branch_operator']) retrieved from /home/guilherme/Documents/weather_datapipeline/airflow_weather/venv/lib/python3.10/site-packages/airflow/example_dags/example_branch_operator.py
[2023-05-19 18:28:03,186] {logging_mixin.py:115} INFO - [2023-05-19 18:28:03,186] {dag.py:2379} INFO - Sync 1 DAGs
[2023-05-19 18:28:03,195] {logging_mixin.py:115} INFO - [2023-05-19 18:28:03,195] {dag.py:2927} INFO - Setting next_dagrun for example_branch_operator to 2023-05-18T00:00:00+00:00, run_after=2023-05-19T00:00:00+00:00
[2023-05-19 18:28:03,201] {processor.py:161} INFO - Processing /home/guilherme/Documents/weather_datapipeline/airflow_weather/venv/lib/python3.10/site-packages/airflow/example_dags/example_branch_operator.py took 0.031 seconds
[2023-05-19 18:28:39,468] {processor.py:153} INFO - Started process (PID=20795) to work on /home/guilherme/Documents/weather_datapipeline/airflow_weather/venv/lib/python3.10/site-packages/airflow/example_dags/example_branch_operator.py
[2023-05-19 18:28:39,468] {processor.py:641} INFO - Processing file /home/guilherme/Documents/weather_datapipeline/airflow_weather/venv/lib/python3.10/site-packages/airflow/example_dags/example_branch_operator.py for tasks to queue
[2023-05-19 18:28:39,469] {logging_mixin.py:115} INFO - [2023-05-19 18:28:39,469] {dagbag.py:507} INFO - Filling up the DagBag from /home/guilherme/Documents/weather_datapipeline/airflow_weather/venv/lib/python3.10/site-packages/airflow/example_dags/example_branch_operator.py
[2023-05-19 18:28:39,474] {processor.py:651} INFO - DAG(s) dict_keys(['example_branch_operator']) retrieved from /home/guilherme/Documents/weather_datapipeline/airflow_weather/venv/lib/python3.10/site-packages/airflow/example_dags/example_branch_operator.py
[2023-05-19 18:28:39,483] {logging_mixin.py:115} INFO - [2023-05-19 18:28:39,483] {dag.py:2379} INFO - Sync 1 DAGs
[2023-05-19 18:28:39,492] {logging_mixin.py:115} INFO - [2023-05-19 18:28:39,492] {dag.py:2927} INFO - Setting next_dagrun for example_branch_operator to 2023-05-18T00:00:00+00:00, run_after=2023-05-19T00:00:00+00:00
[2023-05-19 18:28:39,498] {processor.py:161} INFO - Processing /home/guilherme/Documents/weather_datapipeline/airflow_weather/venv/lib/python3.10/site-packages/airflow/example_dags/example_branch_operator.py took 0.032 seconds
