[2023-05-19 17:59:31,274] {processor.py:153} INFO - Started process (PID=11065) to work on /home/guilherme/Documents/weather_datapipeline/airflow_weather/venv/lib/python3.10/site-packages/airflow/example_dags/example_xcomargs.py
[2023-05-19 17:59:31,274] {processor.py:641} INFO - Processing file /home/guilherme/Documents/weather_datapipeline/airflow_weather/venv/lib/python3.10/site-packages/airflow/example_dags/example_xcomargs.py for tasks to queue
[2023-05-19 17:59:31,275] {logging_mixin.py:115} INFO - [2023-05-19 17:59:31,275] {dagbag.py:507} INFO - Filling up the DagBag from /home/guilherme/Documents/weather_datapipeline/airflow_weather/venv/lib/python3.10/site-packages/airflow/example_dags/example_xcomargs.py
[2023-05-19 17:59:31,287] {processor.py:651} INFO - DAG(s) dict_keys(['example_xcom_args', 'example_xcom_args_with_operators']) retrieved from /home/guilherme/Documents/weather_datapipeline/airflow_weather/venv/lib/python3.10/site-packages/airflow/example_dags/example_xcomargs.py
[2023-05-19 17:59:31,317] {logging_mixin.py:115} INFO - [2023-05-19 17:59:31,317] {manager.py:508} INFO - Created Permission View: can edit on DAG:example_xcom_args
[2023-05-19 17:59:31,321] {logging_mixin.py:115} INFO - [2023-05-19 17:59:31,321] {manager.py:508} INFO - Created Permission View: can delete on DAG:example_xcom_args
[2023-05-19 17:59:31,325] {logging_mixin.py:115} INFO - [2023-05-19 17:59:31,325] {manager.py:508} INFO - Created Permission View: can read on DAG:example_xcom_args
[2023-05-19 17:59:31,333] {logging_mixin.py:115} INFO - [2023-05-19 17:59:31,333] {manager.py:508} INFO - Created Permission View: can edit on DAG:example_xcom_args_with_operators
[2023-05-19 17:59:31,336] {logging_mixin.py:115} INFO - [2023-05-19 17:59:31,336] {manager.py:508} INFO - Created Permission View: can delete on DAG:example_xcom_args_with_operators
[2023-05-19 17:59:31,339] {logging_mixin.py:115} INFO - [2023-05-19 17:59:31,339] {manager.py:508} INFO - Created Permission View: can read on DAG:example_xcom_args_with_operators
[2023-05-19 17:59:31,339] {logging_mixin.py:115} INFO - [2023-05-19 17:59:31,339] {dag.py:2379} INFO - Sync 2 DAGs
[2023-05-19 17:59:31,343] {logging_mixin.py:115} INFO - [2023-05-19 17:59:31,343] {dag.py:2398} INFO - Creating ORM DAG for example_xcom_args
[2023-05-19 17:59:31,343] {logging_mixin.py:115} INFO - [2023-05-19 17:59:31,343] {dag.py:2398} INFO - Creating ORM DAG for example_xcom_args_with_operators
[2023-05-19 17:59:31,349] {logging_mixin.py:115} INFO - [2023-05-19 17:59:31,349] {dag.py:2927} INFO - Setting next_dagrun for example_xcom_args to None, run_after=None
[2023-05-19 17:59:31,350] {logging_mixin.py:115} INFO - [2023-05-19 17:59:31,350] {dag.py:2927} INFO - Setting next_dagrun for example_xcom_args_with_operators to None, run_after=None
[2023-05-19 17:59:31,357] {processor.py:161} INFO - Processing /home/guilherme/Documents/weather_datapipeline/airflow_weather/venv/lib/python3.10/site-packages/airflow/example_dags/example_xcomargs.py took 0.086 seconds
[2023-05-19 18:00:02,059] {processor.py:153} INFO - Started process (PID=11104) to work on /home/guilherme/Documents/weather_datapipeline/airflow_weather/venv/lib/python3.10/site-packages/airflow/example_dags/example_xcomargs.py
[2023-05-19 18:00:02,059] {processor.py:641} INFO - Processing file /home/guilherme/Documents/weather_datapipeline/airflow_weather/venv/lib/python3.10/site-packages/airflow/example_dags/example_xcomargs.py for tasks to queue
[2023-05-19 18:00:02,059] {logging_mixin.py:115} INFO - [2023-05-19 18:00:02,059] {dagbag.py:507} INFO - Filling up the DagBag from /home/guilherme/Documents/weather_datapipeline/airflow_weather/venv/lib/python3.10/site-packages/airflow/example_dags/example_xcomargs.py
[2023-05-19 18:00:02,072] {processor.py:651} INFO - DAG(s) dict_keys(['example_xcom_args', 'example_xcom_args_with_operators']) retrieved from /home/guilherme/Documents/weather_datapipeline/airflow_weather/venv/lib/python3.10/site-packages/airflow/example_dags/example_xcomargs.py
[2023-05-19 18:00:02,094] {logging_mixin.py:115} INFO - [2023-05-19 18:00:02,094] {dag.py:2379} INFO - Sync 2 DAGs
[2023-05-19 18:00:02,102] {logging_mixin.py:115} INFO - [2023-05-19 18:00:02,102] {dag.py:2927} INFO - Setting next_dagrun for example_xcom_args to None, run_after=None
[2023-05-19 18:00:02,102] {logging_mixin.py:115} INFO - [2023-05-19 18:00:02,102] {dag.py:2927} INFO - Setting next_dagrun for example_xcom_args_with_operators to None, run_after=None
[2023-05-19 18:00:02,109] {processor.py:161} INFO - Processing /home/guilherme/Documents/weather_datapipeline/airflow_weather/venv/lib/python3.10/site-packages/airflow/example_dags/example_xcomargs.py took 0.052 seconds
[2023-05-19 18:00:35,721] {processor.py:153} INFO - Started process (PID=11213) to work on /home/guilherme/Documents/weather_datapipeline/airflow_weather/venv/lib/python3.10/site-packages/airflow/example_dags/example_xcomargs.py
[2023-05-19 18:00:35,722] {processor.py:641} INFO - Processing file /home/guilherme/Documents/weather_datapipeline/airflow_weather/venv/lib/python3.10/site-packages/airflow/example_dags/example_xcomargs.py for tasks to queue
[2023-05-19 18:00:35,722] {logging_mixin.py:115} INFO - [2023-05-19 18:00:35,722] {dagbag.py:507} INFO - Filling up the DagBag from /home/guilherme/Documents/weather_datapipeline/airflow_weather/venv/lib/python3.10/site-packages/airflow/example_dags/example_xcomargs.py
[2023-05-19 18:00:35,734] {processor.py:651} INFO - DAG(s) dict_keys(['example_xcom_args', 'example_xcom_args_with_operators']) retrieved from /home/guilherme/Documents/weather_datapipeline/airflow_weather/venv/lib/python3.10/site-packages/airflow/example_dags/example_xcomargs.py
[2023-05-19 18:00:35,742] {logging_mixin.py:115} INFO - [2023-05-19 18:00:35,742] {dag.py:2379} INFO - Sync 2 DAGs
[2023-05-19 18:00:35,751] {logging_mixin.py:115} INFO - [2023-05-19 18:00:35,751] {dag.py:2927} INFO - Setting next_dagrun for example_xcom_args to None, run_after=None
[2023-05-19 18:00:35,751] {logging_mixin.py:115} INFO - [2023-05-19 18:00:35,751] {dag.py:2927} INFO - Setting next_dagrun for example_xcom_args_with_operators to None, run_after=None
[2023-05-19 18:00:35,758] {processor.py:161} INFO - Processing /home/guilherme/Documents/weather_datapipeline/airflow_weather/venv/lib/python3.10/site-packages/airflow/example_dags/example_xcomargs.py took 0.038 seconds
[2023-05-19 18:01:07,601] {processor.py:153} INFO - Started process (PID=11278) to work on /home/guilherme/Documents/weather_datapipeline/airflow_weather/venv/lib/python3.10/site-packages/airflow/example_dags/example_xcomargs.py
[2023-05-19 18:01:07,601] {processor.py:641} INFO - Processing file /home/guilherme/Documents/weather_datapipeline/airflow_weather/venv/lib/python3.10/site-packages/airflow/example_dags/example_xcomargs.py for tasks to queue
[2023-05-19 18:01:07,601] {logging_mixin.py:115} INFO - [2023-05-19 18:01:07,601] {dagbag.py:507} INFO - Filling up the DagBag from /home/guilherme/Documents/weather_datapipeline/airflow_weather/venv/lib/python3.10/site-packages/airflow/example_dags/example_xcomargs.py
[2023-05-19 18:01:07,613] {processor.py:651} INFO - DAG(s) dict_keys(['example_xcom_args', 'example_xcom_args_with_operators']) retrieved from /home/guilherme/Documents/weather_datapipeline/airflow_weather/venv/lib/python3.10/site-packages/airflow/example_dags/example_xcomargs.py
[2023-05-19 18:01:07,621] {logging_mixin.py:115} INFO - [2023-05-19 18:01:07,621] {dag.py:2379} INFO - Sync 2 DAGs
[2023-05-19 18:01:07,629] {logging_mixin.py:115} INFO - [2023-05-19 18:01:07,629] {dag.py:2927} INFO - Setting next_dagrun for example_xcom_args to None, run_after=None
[2023-05-19 18:01:07,629] {logging_mixin.py:115} INFO - [2023-05-19 18:01:07,629] {dag.py:2927} INFO - Setting next_dagrun for example_xcom_args_with_operators to None, run_after=None
[2023-05-19 18:01:07,636] {processor.py:161} INFO - Processing /home/guilherme/Documents/weather_datapipeline/airflow_weather/venv/lib/python3.10/site-packages/airflow/example_dags/example_xcomargs.py took 0.037 seconds
[2023-05-19 18:01:39,842] {processor.py:153} INFO - Started process (PID=11378) to work on /home/guilherme/Documents/weather_datapipeline/airflow_weather/venv/lib/python3.10/site-packages/airflow/example_dags/example_xcomargs.py
[2023-05-19 18:01:39,842] {processor.py:641} INFO - Processing file /home/guilherme/Documents/weather_datapipeline/airflow_weather/venv/lib/python3.10/site-packages/airflow/example_dags/example_xcomargs.py for tasks to queue
[2023-05-19 18:01:39,843] {logging_mixin.py:115} INFO - [2023-05-19 18:01:39,843] {dagbag.py:507} INFO - Filling up the DagBag from /home/guilherme/Documents/weather_datapipeline/airflow_weather/venv/lib/python3.10/site-packages/airflow/example_dags/example_xcomargs.py
[2023-05-19 18:01:39,855] {processor.py:651} INFO - DAG(s) dict_keys(['example_xcom_args', 'example_xcom_args_with_operators']) retrieved from /home/guilherme/Documents/weather_datapipeline/airflow_weather/venv/lib/python3.10/site-packages/airflow/example_dags/example_xcomargs.py
[2023-05-19 18:01:39,877] {logging_mixin.py:115} INFO - [2023-05-19 18:01:39,877] {dag.py:2379} INFO - Sync 2 DAGs
[2023-05-19 18:01:39,884] {logging_mixin.py:115} INFO - [2023-05-19 18:01:39,884] {dag.py:2927} INFO - Setting next_dagrun for example_xcom_args to None, run_after=None
[2023-05-19 18:01:39,884] {logging_mixin.py:115} INFO - [2023-05-19 18:01:39,884] {dag.py:2927} INFO - Setting next_dagrun for example_xcom_args_with_operators to None, run_after=None
[2023-05-19 18:01:39,893] {processor.py:161} INFO - Processing /home/guilherme/Documents/weather_datapipeline/airflow_weather/venv/lib/python3.10/site-packages/airflow/example_dags/example_xcomargs.py took 0.052 seconds
[2023-05-19 18:02:14,296] {processor.py:153} INFO - Started process (PID=11637) to work on /home/guilherme/Documents/weather_datapipeline/airflow_weather/venv/lib/python3.10/site-packages/airflow/example_dags/example_xcomargs.py
[2023-05-19 18:02:14,297] {processor.py:641} INFO - Processing file /home/guilherme/Documents/weather_datapipeline/airflow_weather/venv/lib/python3.10/site-packages/airflow/example_dags/example_xcomargs.py for tasks to queue
[2023-05-19 18:02:14,297] {logging_mixin.py:115} INFO - [2023-05-19 18:02:14,297] {dagbag.py:507} INFO - Filling up the DagBag from /home/guilherme/Documents/weather_datapipeline/airflow_weather/venv/lib/python3.10/site-packages/airflow/example_dags/example_xcomargs.py
[2023-05-19 18:02:14,309] {processor.py:651} INFO - DAG(s) dict_keys(['example_xcom_args', 'example_xcom_args_with_operators']) retrieved from /home/guilherme/Documents/weather_datapipeline/airflow_weather/venv/lib/python3.10/site-packages/airflow/example_dags/example_xcomargs.py
[2023-05-19 18:02:14,318] {logging_mixin.py:115} INFO - [2023-05-19 18:02:14,318] {dag.py:2379} INFO - Sync 2 DAGs
[2023-05-19 18:02:14,327] {logging_mixin.py:115} INFO - [2023-05-19 18:02:14,327] {dag.py:2927} INFO - Setting next_dagrun for example_xcom_args to None, run_after=None
[2023-05-19 18:02:14,327] {logging_mixin.py:115} INFO - [2023-05-19 18:02:14,327] {dag.py:2927} INFO - Setting next_dagrun for example_xcom_args_with_operators to None, run_after=None
[2023-05-19 18:02:14,333] {processor.py:161} INFO - Processing /home/guilherme/Documents/weather_datapipeline/airflow_weather/venv/lib/python3.10/site-packages/airflow/example_dags/example_xcomargs.py took 0.039 seconds
[2023-05-19 18:02:46,106] {processor.py:153} INFO - Started process (PID=12060) to work on /home/guilherme/Documents/weather_datapipeline/airflow_weather/venv/lib/python3.10/site-packages/airflow/example_dags/example_xcomargs.py
[2023-05-19 18:02:46,107] {processor.py:641} INFO - Processing file /home/guilherme/Documents/weather_datapipeline/airflow_weather/venv/lib/python3.10/site-packages/airflow/example_dags/example_xcomargs.py for tasks to queue
[2023-05-19 18:02:46,107] {logging_mixin.py:115} INFO - [2023-05-19 18:02:46,107] {dagbag.py:507} INFO - Filling up the DagBag from /home/guilherme/Documents/weather_datapipeline/airflow_weather/venv/lib/python3.10/site-packages/airflow/example_dags/example_xcomargs.py
[2023-05-19 18:02:46,118] {processor.py:651} INFO - DAG(s) dict_keys(['example_xcom_args', 'example_xcom_args_with_operators']) retrieved from /home/guilherme/Documents/weather_datapipeline/airflow_weather/venv/lib/python3.10/site-packages/airflow/example_dags/example_xcomargs.py
[2023-05-19 18:02:46,140] {logging_mixin.py:115} INFO - [2023-05-19 18:02:46,140] {dag.py:2379} INFO - Sync 2 DAGs
[2023-05-19 18:02:46,147] {logging_mixin.py:115} INFO - [2023-05-19 18:02:46,147] {dag.py:2927} INFO - Setting next_dagrun for example_xcom_args to None, run_after=None
[2023-05-19 18:02:46,147] {logging_mixin.py:115} INFO - [2023-05-19 18:02:46,147] {dag.py:2927} INFO - Setting next_dagrun for example_xcom_args_with_operators to None, run_after=None
[2023-05-19 18:02:46,153] {processor.py:161} INFO - Processing /home/guilherme/Documents/weather_datapipeline/airflow_weather/venv/lib/python3.10/site-packages/airflow/example_dags/example_xcomargs.py took 0.049 seconds
[2023-05-19 18:03:18,957] {processor.py:153} INFO - Started process (PID=12228) to work on /home/guilherme/Documents/weather_datapipeline/airflow_weather/venv/lib/python3.10/site-packages/airflow/example_dags/example_xcomargs.py
[2023-05-19 18:03:18,957] {processor.py:641} INFO - Processing file /home/guilherme/Documents/weather_datapipeline/airflow_weather/venv/lib/python3.10/site-packages/airflow/example_dags/example_xcomargs.py for tasks to queue
[2023-05-19 18:03:18,957] {logging_mixin.py:115} INFO - [2023-05-19 18:03:18,957] {dagbag.py:507} INFO - Filling up the DagBag from /home/guilherme/Documents/weather_datapipeline/airflow_weather/venv/lib/python3.10/site-packages/airflow/example_dags/example_xcomargs.py
[2023-05-19 18:03:18,969] {processor.py:651} INFO - DAG(s) dict_keys(['example_xcom_args', 'example_xcom_args_with_operators']) retrieved from /home/guilherme/Documents/weather_datapipeline/airflow_weather/venv/lib/python3.10/site-packages/airflow/example_dags/example_xcomargs.py
[2023-05-19 18:03:18,992] {logging_mixin.py:115} INFO - [2023-05-19 18:03:18,992] {dag.py:2379} INFO - Sync 2 DAGs
[2023-05-19 18:03:19,001] {logging_mixin.py:115} INFO - [2023-05-19 18:03:19,001] {dag.py:2927} INFO - Setting next_dagrun for example_xcom_args to None, run_after=None
[2023-05-19 18:03:19,001] {logging_mixin.py:115} INFO - [2023-05-19 18:03:19,001] {dag.py:2927} INFO - Setting next_dagrun for example_xcom_args_with_operators to None, run_after=None
[2023-05-19 18:03:19,009] {processor.py:161} INFO - Processing /home/guilherme/Documents/weather_datapipeline/airflow_weather/venv/lib/python3.10/site-packages/airflow/example_dags/example_xcomargs.py took 0.054 seconds
[2023-05-19 18:03:52,672] {processor.py:153} INFO - Started process (PID=12404) to work on /home/guilherme/Documents/weather_datapipeline/airflow_weather/venv/lib/python3.10/site-packages/airflow/example_dags/example_xcomargs.py
[2023-05-19 18:03:52,672] {processor.py:641} INFO - Processing file /home/guilherme/Documents/weather_datapipeline/airflow_weather/venv/lib/python3.10/site-packages/airflow/example_dags/example_xcomargs.py for tasks to queue
[2023-05-19 18:03:52,672] {logging_mixin.py:115} INFO - [2023-05-19 18:03:52,672] {dagbag.py:507} INFO - Filling up the DagBag from /home/guilherme/Documents/weather_datapipeline/airflow_weather/venv/lib/python3.10/site-packages/airflow/example_dags/example_xcomargs.py
[2023-05-19 18:03:52,685] {processor.py:651} INFO - DAG(s) dict_keys(['example_xcom_args', 'example_xcom_args_with_operators']) retrieved from /home/guilherme/Documents/weather_datapipeline/airflow_weather/venv/lib/python3.10/site-packages/airflow/example_dags/example_xcomargs.py
[2023-05-19 18:03:52,709] {logging_mixin.py:115} INFO - [2023-05-19 18:03:52,709] {dag.py:2379} INFO - Sync 2 DAGs
[2023-05-19 18:03:52,718] {logging_mixin.py:115} INFO - [2023-05-19 18:03:52,718] {dag.py:2927} INFO - Setting next_dagrun for example_xcom_args to None, run_after=None
[2023-05-19 18:03:52,718] {logging_mixin.py:115} INFO - [2023-05-19 18:03:52,718] {dag.py:2927} INFO - Setting next_dagrun for example_xcom_args_with_operators to None, run_after=None
[2023-05-19 18:03:52,727] {processor.py:161} INFO - Processing /home/guilherme/Documents/weather_datapipeline/airflow_weather/venv/lib/python3.10/site-packages/airflow/example_dags/example_xcomargs.py took 0.057 seconds
[2023-05-19 18:04:23,447] {processor.py:153} INFO - Started process (PID=12476) to work on /home/guilherme/Documents/weather_datapipeline/airflow_weather/venv/lib/python3.10/site-packages/airflow/example_dags/example_xcomargs.py
[2023-05-19 18:04:23,448] {processor.py:641} INFO - Processing file /home/guilherme/Documents/weather_datapipeline/airflow_weather/venv/lib/python3.10/site-packages/airflow/example_dags/example_xcomargs.py for tasks to queue
[2023-05-19 18:04:23,448] {logging_mixin.py:115} INFO - [2023-05-19 18:04:23,448] {dagbag.py:507} INFO - Filling up the DagBag from /home/guilherme/Documents/weather_datapipeline/airflow_weather/venv/lib/python3.10/site-packages/airflow/example_dags/example_xcomargs.py
[2023-05-19 18:04:23,465] {processor.py:651} INFO - DAG(s) dict_keys(['example_xcom_args', 'example_xcom_args_with_operators']) retrieved from /home/guilherme/Documents/weather_datapipeline/airflow_weather/venv/lib/python3.10/site-packages/airflow/example_dags/example_xcomargs.py
[2023-05-19 18:04:23,491] {logging_mixin.py:115} INFO - [2023-05-19 18:04:23,491] {dag.py:2379} INFO - Sync 2 DAGs
[2023-05-19 18:04:23,521] {logging_mixin.py:115} INFO - [2023-05-19 18:04:23,521] {dag.py:2927} INFO - Setting next_dagrun for example_xcom_args to None, run_after=None
[2023-05-19 18:04:23,521] {logging_mixin.py:115} INFO - [2023-05-19 18:04:23,521] {dag.py:2927} INFO - Setting next_dagrun for example_xcom_args_with_operators to None, run_after=None
[2023-05-19 18:04:23,535] {processor.py:161} INFO - Processing /home/guilherme/Documents/weather_datapipeline/airflow_weather/venv/lib/python3.10/site-packages/airflow/example_dags/example_xcomargs.py took 0.089 seconds
[2023-05-19 18:04:56,329] {processor.py:153} INFO - Started process (PID=12615) to work on /home/guilherme/Documents/weather_datapipeline/airflow_weather/venv/lib/python3.10/site-packages/airflow/example_dags/example_xcomargs.py
[2023-05-19 18:04:56,330] {processor.py:641} INFO - Processing file /home/guilherme/Documents/weather_datapipeline/airflow_weather/venv/lib/python3.10/site-packages/airflow/example_dags/example_xcomargs.py for tasks to queue
[2023-05-19 18:04:56,330] {logging_mixin.py:115} INFO - [2023-05-19 18:04:56,330] {dagbag.py:507} INFO - Filling up the DagBag from /home/guilherme/Documents/weather_datapipeline/airflow_weather/venv/lib/python3.10/site-packages/airflow/example_dags/example_xcomargs.py
[2023-05-19 18:04:56,342] {processor.py:651} INFO - DAG(s) dict_keys(['example_xcom_args', 'example_xcom_args_with_operators']) retrieved from /home/guilherme/Documents/weather_datapipeline/airflow_weather/venv/lib/python3.10/site-packages/airflow/example_dags/example_xcomargs.py
[2023-05-19 18:04:56,364] {logging_mixin.py:115} INFO - [2023-05-19 18:04:56,364] {dag.py:2379} INFO - Sync 2 DAGs
[2023-05-19 18:04:56,371] {logging_mixin.py:115} INFO - [2023-05-19 18:04:56,371] {dag.py:2927} INFO - Setting next_dagrun for example_xcom_args to None, run_after=None
[2023-05-19 18:04:56,371] {logging_mixin.py:115} INFO - [2023-05-19 18:04:56,371] {dag.py:2927} INFO - Setting next_dagrun for example_xcom_args_with_operators to None, run_after=None
[2023-05-19 18:04:56,379] {processor.py:161} INFO - Processing /home/guilherme/Documents/weather_datapipeline/airflow_weather/venv/lib/python3.10/site-packages/airflow/example_dags/example_xcomargs.py took 0.051 seconds
[2023-05-19 18:05:27,589] {processor.py:153} INFO - Started process (PID=12870) to work on /home/guilherme/Documents/weather_datapipeline/airflow_weather/venv/lib/python3.10/site-packages/airflow/example_dags/example_xcomargs.py
[2023-05-19 18:05:27,589] {processor.py:641} INFO - Processing file /home/guilherme/Documents/weather_datapipeline/airflow_weather/venv/lib/python3.10/site-packages/airflow/example_dags/example_xcomargs.py for tasks to queue
[2023-05-19 18:05:27,590] {logging_mixin.py:115} INFO - [2023-05-19 18:05:27,589] {dagbag.py:507} INFO - Filling up the DagBag from /home/guilherme/Documents/weather_datapipeline/airflow_weather/venv/lib/python3.10/site-packages/airflow/example_dags/example_xcomargs.py
[2023-05-19 18:05:27,601] {processor.py:651} INFO - DAG(s) dict_keys(['example_xcom_args', 'example_xcom_args_with_operators']) retrieved from /home/guilherme/Documents/weather_datapipeline/airflow_weather/venv/lib/python3.10/site-packages/airflow/example_dags/example_xcomargs.py
[2023-05-19 18:05:27,610] {logging_mixin.py:115} INFO - [2023-05-19 18:05:27,610] {dag.py:2379} INFO - Sync 2 DAGs
[2023-05-19 18:05:27,618] {logging_mixin.py:115} INFO - [2023-05-19 18:05:27,618] {dag.py:2927} INFO - Setting next_dagrun for example_xcom_args to None, run_after=None
[2023-05-19 18:05:27,618] {logging_mixin.py:115} INFO - [2023-05-19 18:05:27,618] {dag.py:2927} INFO - Setting next_dagrun for example_xcom_args_with_operators to None, run_after=None
[2023-05-19 18:05:27,623] {processor.py:161} INFO - Processing /home/guilherme/Documents/weather_datapipeline/airflow_weather/venv/lib/python3.10/site-packages/airflow/example_dags/example_xcomargs.py took 0.036 seconds
[2023-05-19 18:05:58,495] {processor.py:153} INFO - Started process (PID=13216) to work on /home/guilherme/Documents/weather_datapipeline/airflow_weather/venv/lib/python3.10/site-packages/airflow/example_dags/example_xcomargs.py
[2023-05-19 18:05:58,495] {processor.py:641} INFO - Processing file /home/guilherme/Documents/weather_datapipeline/airflow_weather/venv/lib/python3.10/site-packages/airflow/example_dags/example_xcomargs.py for tasks to queue
[2023-05-19 18:05:58,495] {logging_mixin.py:115} INFO - [2023-05-19 18:05:58,495] {dagbag.py:507} INFO - Filling up the DagBag from /home/guilherme/Documents/weather_datapipeline/airflow_weather/venv/lib/python3.10/site-packages/airflow/example_dags/example_xcomargs.py
[2023-05-19 18:05:58,507] {processor.py:651} INFO - DAG(s) dict_keys(['example_xcom_args', 'example_xcom_args_with_operators']) retrieved from /home/guilherme/Documents/weather_datapipeline/airflow_weather/venv/lib/python3.10/site-packages/airflow/example_dags/example_xcomargs.py
[2023-05-19 18:05:58,517] {logging_mixin.py:115} INFO - [2023-05-19 18:05:58,517] {dag.py:2379} INFO - Sync 2 DAGs
[2023-05-19 18:05:58,528] {logging_mixin.py:115} INFO - [2023-05-19 18:05:58,528] {dag.py:2927} INFO - Setting next_dagrun for example_xcom_args to None, run_after=None
[2023-05-19 18:05:58,528] {logging_mixin.py:115} INFO - [2023-05-19 18:05:58,528] {dag.py:2927} INFO - Setting next_dagrun for example_xcom_args_with_operators to None, run_after=None
[2023-05-19 18:05:58,535] {processor.py:161} INFO - Processing /home/guilherme/Documents/weather_datapipeline/airflow_weather/venv/lib/python3.10/site-packages/airflow/example_dags/example_xcomargs.py took 0.042 seconds
[2023-05-19 18:06:29,394] {processor.py:153} INFO - Started process (PID=13536) to work on /home/guilherme/Documents/weather_datapipeline/airflow_weather/venv/lib/python3.10/site-packages/airflow/example_dags/example_xcomargs.py
[2023-05-19 18:06:29,395] {processor.py:641} INFO - Processing file /home/guilherme/Documents/weather_datapipeline/airflow_weather/venv/lib/python3.10/site-packages/airflow/example_dags/example_xcomargs.py for tasks to queue
[2023-05-19 18:06:29,395] {logging_mixin.py:115} INFO - [2023-05-19 18:06:29,395] {dagbag.py:507} INFO - Filling up the DagBag from /home/guilherme/Documents/weather_datapipeline/airflow_weather/venv/lib/python3.10/site-packages/airflow/example_dags/example_xcomargs.py
[2023-05-19 18:06:29,407] {processor.py:651} INFO - DAG(s) dict_keys(['example_xcom_args', 'example_xcom_args_with_operators']) retrieved from /home/guilherme/Documents/weather_datapipeline/airflow_weather/venv/lib/python3.10/site-packages/airflow/example_dags/example_xcomargs.py
[2023-05-19 18:06:29,417] {logging_mixin.py:115} INFO - [2023-05-19 18:06:29,417] {dag.py:2379} INFO - Sync 2 DAGs
[2023-05-19 18:06:29,426] {logging_mixin.py:115} INFO - [2023-05-19 18:06:29,426] {dag.py:2927} INFO - Setting next_dagrun for example_xcom_args to None, run_after=None
[2023-05-19 18:06:29,426] {logging_mixin.py:115} INFO - [2023-05-19 18:06:29,426] {dag.py:2927} INFO - Setting next_dagrun for example_xcom_args_with_operators to None, run_after=None
[2023-05-19 18:06:29,433] {processor.py:161} INFO - Processing /home/guilherme/Documents/weather_datapipeline/airflow_weather/venv/lib/python3.10/site-packages/airflow/example_dags/example_xcomargs.py took 0.040 seconds
[2023-05-19 18:07:02,442] {processor.py:153} INFO - Started process (PID=14155) to work on /home/guilherme/Documents/weather_datapipeline/airflow_weather/venv/lib/python3.10/site-packages/airflow/example_dags/example_xcomargs.py
[2023-05-19 18:07:02,443] {processor.py:641} INFO - Processing file /home/guilherme/Documents/weather_datapipeline/airflow_weather/venv/lib/python3.10/site-packages/airflow/example_dags/example_xcomargs.py for tasks to queue
[2023-05-19 18:07:02,443] {logging_mixin.py:115} INFO - [2023-05-19 18:07:02,443] {dagbag.py:507} INFO - Filling up the DagBag from /home/guilherme/Documents/weather_datapipeline/airflow_weather/venv/lib/python3.10/site-packages/airflow/example_dags/example_xcomargs.py
[2023-05-19 18:07:02,454] {processor.py:651} INFO - DAG(s) dict_keys(['example_xcom_args', 'example_xcom_args_with_operators']) retrieved from /home/guilherme/Documents/weather_datapipeline/airflow_weather/venv/lib/python3.10/site-packages/airflow/example_dags/example_xcomargs.py
[2023-05-19 18:07:02,463] {logging_mixin.py:115} INFO - [2023-05-19 18:07:02,463] {dag.py:2379} INFO - Sync 2 DAGs
[2023-05-19 18:07:02,471] {logging_mixin.py:115} INFO - [2023-05-19 18:07:02,471] {dag.py:2927} INFO - Setting next_dagrun for example_xcom_args to None, run_after=None
[2023-05-19 18:07:02,471] {logging_mixin.py:115} INFO - [2023-05-19 18:07:02,471] {dag.py:2927} INFO - Setting next_dagrun for example_xcom_args_with_operators to None, run_after=None
[2023-05-19 18:07:02,477] {processor.py:161} INFO - Processing /home/guilherme/Documents/weather_datapipeline/airflow_weather/venv/lib/python3.10/site-packages/airflow/example_dags/example_xcomargs.py took 0.037 seconds
[2023-05-19 18:07:35,389] {processor.py:153} INFO - Started process (PID=14393) to work on /home/guilherme/Documents/weather_datapipeline/airflow_weather/venv/lib/python3.10/site-packages/airflow/example_dags/example_xcomargs.py
[2023-05-19 18:07:35,389] {processor.py:641} INFO - Processing file /home/guilherme/Documents/weather_datapipeline/airflow_weather/venv/lib/python3.10/site-packages/airflow/example_dags/example_xcomargs.py for tasks to queue
[2023-05-19 18:07:35,389] {logging_mixin.py:115} INFO - [2023-05-19 18:07:35,389] {dagbag.py:507} INFO - Filling up the DagBag from /home/guilherme/Documents/weather_datapipeline/airflow_weather/venv/lib/python3.10/site-packages/airflow/example_dags/example_xcomargs.py
[2023-05-19 18:07:35,402] {processor.py:651} INFO - DAG(s) dict_keys(['example_xcom_args', 'example_xcom_args_with_operators']) retrieved from /home/guilherme/Documents/weather_datapipeline/airflow_weather/venv/lib/python3.10/site-packages/airflow/example_dags/example_xcomargs.py
[2023-05-19 18:07:35,411] {logging_mixin.py:115} INFO - [2023-05-19 18:07:35,411] {dag.py:2379} INFO - Sync 2 DAGs
[2023-05-19 18:07:35,420] {logging_mixin.py:115} INFO - [2023-05-19 18:07:35,420] {dag.py:2927} INFO - Setting next_dagrun for example_xcom_args to None, run_after=None
[2023-05-19 18:07:35,420] {logging_mixin.py:115} INFO - [2023-05-19 18:07:35,420] {dag.py:2927} INFO - Setting next_dagrun for example_xcom_args_with_operators to None, run_after=None
[2023-05-19 18:07:35,426] {processor.py:161} INFO - Processing /home/guilherme/Documents/weather_datapipeline/airflow_weather/venv/lib/python3.10/site-packages/airflow/example_dags/example_xcomargs.py took 0.039 seconds
[2023-05-19 18:08:06,797] {processor.py:153} INFO - Started process (PID=14594) to work on /home/guilherme/Documents/weather_datapipeline/airflow_weather/venv/lib/python3.10/site-packages/airflow/example_dags/example_xcomargs.py
[2023-05-19 18:08:06,797] {processor.py:641} INFO - Processing file /home/guilherme/Documents/weather_datapipeline/airflow_weather/venv/lib/python3.10/site-packages/airflow/example_dags/example_xcomargs.py for tasks to queue
[2023-05-19 18:08:06,798] {logging_mixin.py:115} INFO - [2023-05-19 18:08:06,798] {dagbag.py:507} INFO - Filling up the DagBag from /home/guilherme/Documents/weather_datapipeline/airflow_weather/venv/lib/python3.10/site-packages/airflow/example_dags/example_xcomargs.py
[2023-05-19 18:08:06,809] {processor.py:651} INFO - DAG(s) dict_keys(['example_xcom_args', 'example_xcom_args_with_operators']) retrieved from /home/guilherme/Documents/weather_datapipeline/airflow_weather/venv/lib/python3.10/site-packages/airflow/example_dags/example_xcomargs.py
[2023-05-19 18:08:06,818] {logging_mixin.py:115} INFO - [2023-05-19 18:08:06,818] {dag.py:2379} INFO - Sync 2 DAGs
[2023-05-19 18:08:06,828] {logging_mixin.py:115} INFO - [2023-05-19 18:08:06,828] {dag.py:2927} INFO - Setting next_dagrun for example_xcom_args to None, run_after=None
[2023-05-19 18:08:06,828] {logging_mixin.py:115} INFO - [2023-05-19 18:08:06,828] {dag.py:2927} INFO - Setting next_dagrun for example_xcom_args_with_operators to None, run_after=None
[2023-05-19 18:08:06,835] {processor.py:161} INFO - Processing /home/guilherme/Documents/weather_datapipeline/airflow_weather/venv/lib/python3.10/site-packages/airflow/example_dags/example_xcomargs.py took 0.040 seconds
[2023-05-19 18:08:40,423] {processor.py:153} INFO - Started process (PID=14779) to work on /home/guilherme/Documents/weather_datapipeline/airflow_weather/venv/lib/python3.10/site-packages/airflow/example_dags/example_xcomargs.py
[2023-05-19 18:08:40,424] {processor.py:641} INFO - Processing file /home/guilherme/Documents/weather_datapipeline/airflow_weather/venv/lib/python3.10/site-packages/airflow/example_dags/example_xcomargs.py for tasks to queue
[2023-05-19 18:08:40,424] {logging_mixin.py:115} INFO - [2023-05-19 18:08:40,424] {dagbag.py:507} INFO - Filling up the DagBag from /home/guilherme/Documents/weather_datapipeline/airflow_weather/venv/lib/python3.10/site-packages/airflow/example_dags/example_xcomargs.py
[2023-05-19 18:08:40,435] {processor.py:651} INFO - DAG(s) dict_keys(['example_xcom_args', 'example_xcom_args_with_operators']) retrieved from /home/guilherme/Documents/weather_datapipeline/airflow_weather/venv/lib/python3.10/site-packages/airflow/example_dags/example_xcomargs.py
[2023-05-19 18:08:40,443] {logging_mixin.py:115} INFO - [2023-05-19 18:08:40,443] {dag.py:2379} INFO - Sync 2 DAGs
[2023-05-19 18:08:40,451] {logging_mixin.py:115} INFO - [2023-05-19 18:08:40,451] {dag.py:2927} INFO - Setting next_dagrun for example_xcom_args to None, run_after=None
[2023-05-19 18:08:40,451] {logging_mixin.py:115} INFO - [2023-05-19 18:08:40,451] {dag.py:2927} INFO - Setting next_dagrun for example_xcom_args_with_operators to None, run_after=None
[2023-05-19 18:08:40,457] {processor.py:161} INFO - Processing /home/guilherme/Documents/weather_datapipeline/airflow_weather/venv/lib/python3.10/site-packages/airflow/example_dags/example_xcomargs.py took 0.036 seconds
[2023-05-19 18:09:10,798] {processor.py:153} INFO - Started process (PID=14950) to work on /home/guilherme/Documents/weather_datapipeline/airflow_weather/venv/lib/python3.10/site-packages/airflow/example_dags/example_xcomargs.py
[2023-05-19 18:09:10,799] {processor.py:641} INFO - Processing file /home/guilherme/Documents/weather_datapipeline/airflow_weather/venv/lib/python3.10/site-packages/airflow/example_dags/example_xcomargs.py for tasks to queue
[2023-05-19 18:09:10,799] {logging_mixin.py:115} INFO - [2023-05-19 18:09:10,799] {dagbag.py:507} INFO - Filling up the DagBag from /home/guilherme/Documents/weather_datapipeline/airflow_weather/venv/lib/python3.10/site-packages/airflow/example_dags/example_xcomargs.py
[2023-05-19 18:09:10,811] {processor.py:651} INFO - DAG(s) dict_keys(['example_xcom_args', 'example_xcom_args_with_operators']) retrieved from /home/guilherme/Documents/weather_datapipeline/airflow_weather/venv/lib/python3.10/site-packages/airflow/example_dags/example_xcomargs.py
[2023-05-19 18:09:10,820] {logging_mixin.py:115} INFO - [2023-05-19 18:09:10,820] {dag.py:2379} INFO - Sync 2 DAGs
[2023-05-19 18:09:10,828] {logging_mixin.py:115} INFO - [2023-05-19 18:09:10,828] {dag.py:2927} INFO - Setting next_dagrun for example_xcom_args to None, run_after=None
[2023-05-19 18:09:10,828] {logging_mixin.py:115} INFO - [2023-05-19 18:09:10,828] {dag.py:2927} INFO - Setting next_dagrun for example_xcom_args_with_operators to None, run_after=None
[2023-05-19 18:09:10,835] {processor.py:161} INFO - Processing /home/guilherme/Documents/weather_datapipeline/airflow_weather/venv/lib/python3.10/site-packages/airflow/example_dags/example_xcomargs.py took 0.038 seconds
[2023-05-19 18:09:42,224] {processor.py:153} INFO - Started process (PID=15098) to work on /home/guilherme/Documents/weather_datapipeline/airflow_weather/venv/lib/python3.10/site-packages/airflow/example_dags/example_xcomargs.py
[2023-05-19 18:09:42,224] {processor.py:641} INFO - Processing file /home/guilherme/Documents/weather_datapipeline/airflow_weather/venv/lib/python3.10/site-packages/airflow/example_dags/example_xcomargs.py for tasks to queue
[2023-05-19 18:09:42,225] {logging_mixin.py:115} INFO - [2023-05-19 18:09:42,225] {dagbag.py:507} INFO - Filling up the DagBag from /home/guilherme/Documents/weather_datapipeline/airflow_weather/venv/lib/python3.10/site-packages/airflow/example_dags/example_xcomargs.py
[2023-05-19 18:09:42,238] {processor.py:651} INFO - DAG(s) dict_keys(['example_xcom_args', 'example_xcom_args_with_operators']) retrieved from /home/guilherme/Documents/weather_datapipeline/airflow_weather/venv/lib/python3.10/site-packages/airflow/example_dags/example_xcomargs.py
[2023-05-19 18:09:42,262] {logging_mixin.py:115} INFO - [2023-05-19 18:09:42,262] {dag.py:2379} INFO - Sync 2 DAGs
[2023-05-19 18:09:42,271] {logging_mixin.py:115} INFO - [2023-05-19 18:09:42,271] {dag.py:2927} INFO - Setting next_dagrun for example_xcom_args to None, run_after=None
[2023-05-19 18:09:42,271] {logging_mixin.py:115} INFO - [2023-05-19 18:09:42,271] {dag.py:2927} INFO - Setting next_dagrun for example_xcom_args_with_operators to None, run_after=None
[2023-05-19 18:09:42,280] {processor.py:161} INFO - Processing /home/guilherme/Documents/weather_datapipeline/airflow_weather/venv/lib/python3.10/site-packages/airflow/example_dags/example_xcomargs.py took 0.058 seconds
[2023-05-19 18:10:14,984] {processor.py:153} INFO - Started process (PID=15263) to work on /home/guilherme/Documents/weather_datapipeline/airflow_weather/venv/lib/python3.10/site-packages/airflow/example_dags/example_xcomargs.py
[2023-05-19 18:10:14,985] {processor.py:641} INFO - Processing file /home/guilherme/Documents/weather_datapipeline/airflow_weather/venv/lib/python3.10/site-packages/airflow/example_dags/example_xcomargs.py for tasks to queue
[2023-05-19 18:10:14,985] {logging_mixin.py:115} INFO - [2023-05-19 18:10:14,985] {dagbag.py:507} INFO - Filling up the DagBag from /home/guilherme/Documents/weather_datapipeline/airflow_weather/venv/lib/python3.10/site-packages/airflow/example_dags/example_xcomargs.py
[2023-05-19 18:10:14,997] {processor.py:651} INFO - DAG(s) dict_keys(['example_xcom_args', 'example_xcom_args_with_operators']) retrieved from /home/guilherme/Documents/weather_datapipeline/airflow_weather/venv/lib/python3.10/site-packages/airflow/example_dags/example_xcomargs.py
[2023-05-19 18:10:15,008] {logging_mixin.py:115} INFO - [2023-05-19 18:10:15,008] {dag.py:2379} INFO - Sync 2 DAGs
[2023-05-19 18:10:15,016] {logging_mixin.py:115} INFO - [2023-05-19 18:10:15,016] {dag.py:2927} INFO - Setting next_dagrun for example_xcom_args to None, run_after=None
[2023-05-19 18:10:15,017] {logging_mixin.py:115} INFO - [2023-05-19 18:10:15,017] {dag.py:2927} INFO - Setting next_dagrun for example_xcom_args_with_operators to None, run_after=None
[2023-05-19 18:10:15,023] {processor.py:161} INFO - Processing /home/guilherme/Documents/weather_datapipeline/airflow_weather/venv/lib/python3.10/site-packages/airflow/example_dags/example_xcomargs.py took 0.041 seconds
[2023-05-19 18:10:48,022] {processor.py:153} INFO - Started process (PID=15350) to work on /home/guilherme/Documents/weather_datapipeline/airflow_weather/venv/lib/python3.10/site-packages/airflow/example_dags/example_xcomargs.py
[2023-05-19 18:10:48,023] {processor.py:641} INFO - Processing file /home/guilherme/Documents/weather_datapipeline/airflow_weather/venv/lib/python3.10/site-packages/airflow/example_dags/example_xcomargs.py for tasks to queue
[2023-05-19 18:10:48,023] {logging_mixin.py:115} INFO - [2023-05-19 18:10:48,023] {dagbag.py:507} INFO - Filling up the DagBag from /home/guilherme/Documents/weather_datapipeline/airflow_weather/venv/lib/python3.10/site-packages/airflow/example_dags/example_xcomargs.py
[2023-05-19 18:10:48,035] {processor.py:651} INFO - DAG(s) dict_keys(['example_xcom_args', 'example_xcom_args_with_operators']) retrieved from /home/guilherme/Documents/weather_datapipeline/airflow_weather/venv/lib/python3.10/site-packages/airflow/example_dags/example_xcomargs.py
[2023-05-19 18:10:48,045] {logging_mixin.py:115} INFO - [2023-05-19 18:10:48,045] {dag.py:2379} INFO - Sync 2 DAGs
[2023-05-19 18:10:48,054] {logging_mixin.py:115} INFO - [2023-05-19 18:10:48,053] {dag.py:2927} INFO - Setting next_dagrun for example_xcom_args to None, run_after=None
[2023-05-19 18:10:48,054] {logging_mixin.py:115} INFO - [2023-05-19 18:10:48,054] {dag.py:2927} INFO - Setting next_dagrun for example_xcom_args_with_operators to None, run_after=None
[2023-05-19 18:10:48,060] {processor.py:161} INFO - Processing /home/guilherme/Documents/weather_datapipeline/airflow_weather/venv/lib/python3.10/site-packages/airflow/example_dags/example_xcomargs.py took 0.040 seconds
[2023-05-19 18:11:21,042] {processor.py:153} INFO - Started process (PID=15425) to work on /home/guilherme/Documents/weather_datapipeline/airflow_weather/venv/lib/python3.10/site-packages/airflow/example_dags/example_xcomargs.py
[2023-05-19 18:11:21,043] {processor.py:641} INFO - Processing file /home/guilherme/Documents/weather_datapipeline/airflow_weather/venv/lib/python3.10/site-packages/airflow/example_dags/example_xcomargs.py for tasks to queue
[2023-05-19 18:11:21,043] {logging_mixin.py:115} INFO - [2023-05-19 18:11:21,043] {dagbag.py:507} INFO - Filling up the DagBag from /home/guilherme/Documents/weather_datapipeline/airflow_weather/venv/lib/python3.10/site-packages/airflow/example_dags/example_xcomargs.py
[2023-05-19 18:11:21,056] {processor.py:651} INFO - DAG(s) dict_keys(['example_xcom_args', 'example_xcom_args_with_operators']) retrieved from /home/guilherme/Documents/weather_datapipeline/airflow_weather/venv/lib/python3.10/site-packages/airflow/example_dags/example_xcomargs.py
[2023-05-19 18:11:21,066] {logging_mixin.py:115} INFO - [2023-05-19 18:11:21,065] {dag.py:2379} INFO - Sync 2 DAGs
[2023-05-19 18:11:21,075] {logging_mixin.py:115} INFO - [2023-05-19 18:11:21,075] {dag.py:2927} INFO - Setting next_dagrun for example_xcom_args to None, run_after=None
[2023-05-19 18:11:21,076] {logging_mixin.py:115} INFO - [2023-05-19 18:11:21,076] {dag.py:2927} INFO - Setting next_dagrun for example_xcom_args_with_operators to None, run_after=None
[2023-05-19 18:11:21,082] {processor.py:161} INFO - Processing /home/guilherme/Documents/weather_datapipeline/airflow_weather/venv/lib/python3.10/site-packages/airflow/example_dags/example_xcomargs.py took 0.042 seconds
[2023-05-19 18:11:52,653] {processor.py:153} INFO - Started process (PID=15461) to work on /home/guilherme/Documents/weather_datapipeline/airflow_weather/venv/lib/python3.10/site-packages/airflow/example_dags/example_xcomargs.py
[2023-05-19 18:11:52,654] {processor.py:641} INFO - Processing file /home/guilherme/Documents/weather_datapipeline/airflow_weather/venv/lib/python3.10/site-packages/airflow/example_dags/example_xcomargs.py for tasks to queue
[2023-05-19 18:11:52,654] {logging_mixin.py:115} INFO - [2023-05-19 18:11:52,654] {dagbag.py:507} INFO - Filling up the DagBag from /home/guilherme/Documents/weather_datapipeline/airflow_weather/venv/lib/python3.10/site-packages/airflow/example_dags/example_xcomargs.py
[2023-05-19 18:11:52,667] {processor.py:651} INFO - DAG(s) dict_keys(['example_xcom_args', 'example_xcom_args_with_operators']) retrieved from /home/guilherme/Documents/weather_datapipeline/airflow_weather/venv/lib/python3.10/site-packages/airflow/example_dags/example_xcomargs.py
[2023-05-19 18:11:52,680] {logging_mixin.py:115} INFO - [2023-05-19 18:11:52,679] {dag.py:2379} INFO - Sync 2 DAGs
[2023-05-19 18:11:52,689] {logging_mixin.py:115} INFO - [2023-05-19 18:11:52,689] {dag.py:2927} INFO - Setting next_dagrun for example_xcom_args to None, run_after=None
[2023-05-19 18:11:52,690] {logging_mixin.py:115} INFO - [2023-05-19 18:11:52,690] {dag.py:2927} INFO - Setting next_dagrun for example_xcom_args_with_operators to None, run_after=None
[2023-05-19 18:11:52,697] {processor.py:161} INFO - Processing /home/guilherme/Documents/weather_datapipeline/airflow_weather/venv/lib/python3.10/site-packages/airflow/example_dags/example_xcomargs.py took 0.046 seconds
[2023-05-19 18:12:24,228] {processor.py:153} INFO - Started process (PID=15530) to work on /home/guilherme/Documents/weather_datapipeline/airflow_weather/venv/lib/python3.10/site-packages/airflow/example_dags/example_xcomargs.py
[2023-05-19 18:12:24,229] {processor.py:641} INFO - Processing file /home/guilherme/Documents/weather_datapipeline/airflow_weather/venv/lib/python3.10/site-packages/airflow/example_dags/example_xcomargs.py for tasks to queue
[2023-05-19 18:12:24,229] {logging_mixin.py:115} INFO - [2023-05-19 18:12:24,229] {dagbag.py:507} INFO - Filling up the DagBag from /home/guilherme/Documents/weather_datapipeline/airflow_weather/venv/lib/python3.10/site-packages/airflow/example_dags/example_xcomargs.py
[2023-05-19 18:12:24,242] {processor.py:651} INFO - DAG(s) dict_keys(['example_xcom_args', 'example_xcom_args_with_operators']) retrieved from /home/guilherme/Documents/weather_datapipeline/airflow_weather/venv/lib/python3.10/site-packages/airflow/example_dags/example_xcomargs.py
[2023-05-19 18:12:24,255] {logging_mixin.py:115} INFO - [2023-05-19 18:12:24,255] {dag.py:2379} INFO - Sync 2 DAGs
[2023-05-19 18:12:24,264] {logging_mixin.py:115} INFO - [2023-05-19 18:12:24,264] {dag.py:2927} INFO - Setting next_dagrun for example_xcom_args to None, run_after=None
[2023-05-19 18:12:24,264] {logging_mixin.py:115} INFO - [2023-05-19 18:12:24,264] {dag.py:2927} INFO - Setting next_dagrun for example_xcom_args_with_operators to None, run_after=None
[2023-05-19 18:12:24,270] {processor.py:161} INFO - Processing /home/guilherme/Documents/weather_datapipeline/airflow_weather/venv/lib/python3.10/site-packages/airflow/example_dags/example_xcomargs.py took 0.044 seconds
[2023-05-19 18:12:54,908] {processor.py:153} INFO - Started process (PID=15592) to work on /home/guilherme/Documents/weather_datapipeline/airflow_weather/venv/lib/python3.10/site-packages/airflow/example_dags/example_xcomargs.py
[2023-05-19 18:12:54,909] {processor.py:641} INFO - Processing file /home/guilherme/Documents/weather_datapipeline/airflow_weather/venv/lib/python3.10/site-packages/airflow/example_dags/example_xcomargs.py for tasks to queue
[2023-05-19 18:12:54,909] {logging_mixin.py:115} INFO - [2023-05-19 18:12:54,909] {dagbag.py:507} INFO - Filling up the DagBag from /home/guilherme/Documents/weather_datapipeline/airflow_weather/venv/lib/python3.10/site-packages/airflow/example_dags/example_xcomargs.py
[2023-05-19 18:12:54,921] {processor.py:651} INFO - DAG(s) dict_keys(['example_xcom_args', 'example_xcom_args_with_operators']) retrieved from /home/guilherme/Documents/weather_datapipeline/airflow_weather/venv/lib/python3.10/site-packages/airflow/example_dags/example_xcomargs.py
[2023-05-19 18:12:54,930] {logging_mixin.py:115} INFO - [2023-05-19 18:12:54,930] {dag.py:2379} INFO - Sync 2 DAGs
[2023-05-19 18:12:54,939] {logging_mixin.py:115} INFO - [2023-05-19 18:12:54,939] {dag.py:2927} INFO - Setting next_dagrun for example_xcom_args to None, run_after=None
[2023-05-19 18:12:54,939] {logging_mixin.py:115} INFO - [2023-05-19 18:12:54,939] {dag.py:2927} INFO - Setting next_dagrun for example_xcom_args_with_operators to None, run_after=None
[2023-05-19 18:12:54,946] {processor.py:161} INFO - Processing /home/guilherme/Documents/weather_datapipeline/airflow_weather/venv/lib/python3.10/site-packages/airflow/example_dags/example_xcomargs.py took 0.039 seconds
[2023-05-19 18:13:27,917] {processor.py:153} INFO - Started process (PID=15800) to work on /home/guilherme/Documents/weather_datapipeline/airflow_weather/venv/lib/python3.10/site-packages/airflow/example_dags/example_xcomargs.py
[2023-05-19 18:13:27,917] {processor.py:641} INFO - Processing file /home/guilherme/Documents/weather_datapipeline/airflow_weather/venv/lib/python3.10/site-packages/airflow/example_dags/example_xcomargs.py for tasks to queue
[2023-05-19 18:13:27,917] {logging_mixin.py:115} INFO - [2023-05-19 18:13:27,917] {dagbag.py:507} INFO - Filling up the DagBag from /home/guilherme/Documents/weather_datapipeline/airflow_weather/venv/lib/python3.10/site-packages/airflow/example_dags/example_xcomargs.py
[2023-05-19 18:13:27,929] {processor.py:651} INFO - DAG(s) dict_keys(['example_xcom_args', 'example_xcom_args_with_operators']) retrieved from /home/guilherme/Documents/weather_datapipeline/airflow_weather/venv/lib/python3.10/site-packages/airflow/example_dags/example_xcomargs.py
[2023-05-19 18:13:27,939] {logging_mixin.py:115} INFO - [2023-05-19 18:13:27,939] {dag.py:2379} INFO - Sync 2 DAGs
[2023-05-19 18:13:27,947] {logging_mixin.py:115} INFO - [2023-05-19 18:13:27,947] {dag.py:2927} INFO - Setting next_dagrun for example_xcom_args to None, run_after=None
[2023-05-19 18:13:27,947] {logging_mixin.py:115} INFO - [2023-05-19 18:13:27,947] {dag.py:2927} INFO - Setting next_dagrun for example_xcom_args_with_operators to None, run_after=None
[2023-05-19 18:13:27,956] {processor.py:161} INFO - Processing /home/guilherme/Documents/weather_datapipeline/airflow_weather/venv/lib/python3.10/site-packages/airflow/example_dags/example_xcomargs.py took 0.041 seconds
[2023-05-19 18:14:00,364] {processor.py:153} INFO - Started process (PID=15974) to work on /home/guilherme/Documents/weather_datapipeline/airflow_weather/venv/lib/python3.10/site-packages/airflow/example_dags/example_xcomargs.py
[2023-05-19 18:14:00,364] {processor.py:641} INFO - Processing file /home/guilherme/Documents/weather_datapipeline/airflow_weather/venv/lib/python3.10/site-packages/airflow/example_dags/example_xcomargs.py for tasks to queue
[2023-05-19 18:14:00,365] {logging_mixin.py:115} INFO - [2023-05-19 18:14:00,365] {dagbag.py:507} INFO - Filling up the DagBag from /home/guilherme/Documents/weather_datapipeline/airflow_weather/venv/lib/python3.10/site-packages/airflow/example_dags/example_xcomargs.py
[2023-05-19 18:14:00,376] {processor.py:651} INFO - DAG(s) dict_keys(['example_xcom_args', 'example_xcom_args_with_operators']) retrieved from /home/guilherme/Documents/weather_datapipeline/airflow_weather/venv/lib/python3.10/site-packages/airflow/example_dags/example_xcomargs.py
[2023-05-19 18:14:00,385] {logging_mixin.py:115} INFO - [2023-05-19 18:14:00,385] {dag.py:2379} INFO - Sync 2 DAGs
[2023-05-19 18:14:00,394] {logging_mixin.py:115} INFO - [2023-05-19 18:14:00,394] {dag.py:2927} INFO - Setting next_dagrun for example_xcom_args to None, run_after=None
[2023-05-19 18:14:00,394] {logging_mixin.py:115} INFO - [2023-05-19 18:14:00,394] {dag.py:2927} INFO - Setting next_dagrun for example_xcom_args_with_operators to None, run_after=None
[2023-05-19 18:14:00,400] {processor.py:161} INFO - Processing /home/guilherme/Documents/weather_datapipeline/airflow_weather/venv/lib/python3.10/site-packages/airflow/example_dags/example_xcomargs.py took 0.039 seconds
[2023-05-19 18:14:32,270] {processor.py:153} INFO - Started process (PID=16155) to work on /home/guilherme/Documents/weather_datapipeline/airflow_weather/venv/lib/python3.10/site-packages/airflow/example_dags/example_xcomargs.py
[2023-05-19 18:14:32,270] {processor.py:641} INFO - Processing file /home/guilherme/Documents/weather_datapipeline/airflow_weather/venv/lib/python3.10/site-packages/airflow/example_dags/example_xcomargs.py for tasks to queue
[2023-05-19 18:14:32,270] {logging_mixin.py:115} INFO - [2023-05-19 18:14:32,270] {dagbag.py:507} INFO - Filling up the DagBag from /home/guilherme/Documents/weather_datapipeline/airflow_weather/venv/lib/python3.10/site-packages/airflow/example_dags/example_xcomargs.py
[2023-05-19 18:14:32,283] {processor.py:651} INFO - DAG(s) dict_keys(['example_xcom_args', 'example_xcom_args_with_operators']) retrieved from /home/guilherme/Documents/weather_datapipeline/airflow_weather/venv/lib/python3.10/site-packages/airflow/example_dags/example_xcomargs.py
[2023-05-19 18:14:32,307] {logging_mixin.py:115} INFO - [2023-05-19 18:14:32,307] {dag.py:2379} INFO - Sync 2 DAGs
[2023-05-19 18:14:32,316] {logging_mixin.py:115} INFO - [2023-05-19 18:14:32,316] {dag.py:2927} INFO - Setting next_dagrun for example_xcom_args to None, run_after=None
[2023-05-19 18:14:32,316] {logging_mixin.py:115} INFO - [2023-05-19 18:14:32,316] {dag.py:2927} INFO - Setting next_dagrun for example_xcom_args_with_operators to None, run_after=None
[2023-05-19 18:14:32,324] {processor.py:161} INFO - Processing /home/guilherme/Documents/weather_datapipeline/airflow_weather/venv/lib/python3.10/site-packages/airflow/example_dags/example_xcomargs.py took 0.056 seconds
[2023-05-19 18:15:08,085] {processor.py:153} INFO - Started process (PID=16375) to work on /home/guilherme/Documents/weather_datapipeline/airflow_weather/venv/lib/python3.10/site-packages/airflow/example_dags/example_xcomargs.py
[2023-05-19 18:15:08,085] {processor.py:641} INFO - Processing file /home/guilherme/Documents/weather_datapipeline/airflow_weather/venv/lib/python3.10/site-packages/airflow/example_dags/example_xcomargs.py for tasks to queue
[2023-05-19 18:15:08,085] {logging_mixin.py:115} INFO - [2023-05-19 18:15:08,085] {dagbag.py:507} INFO - Filling up the DagBag from /home/guilherme/Documents/weather_datapipeline/airflow_weather/venv/lib/python3.10/site-packages/airflow/example_dags/example_xcomargs.py
[2023-05-19 18:15:08,097] {processor.py:651} INFO - DAG(s) dict_keys(['example_xcom_args', 'example_xcom_args_with_operators']) retrieved from /home/guilherme/Documents/weather_datapipeline/airflow_weather/venv/lib/python3.10/site-packages/airflow/example_dags/example_xcomargs.py
[2023-05-19 18:15:08,106] {logging_mixin.py:115} INFO - [2023-05-19 18:15:08,106] {dag.py:2379} INFO - Sync 2 DAGs
[2023-05-19 18:15:08,115] {logging_mixin.py:115} INFO - [2023-05-19 18:15:08,115] {dag.py:2927} INFO - Setting next_dagrun for example_xcom_args to None, run_after=None
[2023-05-19 18:15:08,115] {logging_mixin.py:115} INFO - [2023-05-19 18:15:08,115] {dag.py:2927} INFO - Setting next_dagrun for example_xcom_args_with_operators to None, run_after=None
[2023-05-19 18:15:08,120] {processor.py:161} INFO - Processing /home/guilherme/Documents/weather_datapipeline/airflow_weather/venv/lib/python3.10/site-packages/airflow/example_dags/example_xcomargs.py took 0.037 seconds
[2023-05-19 18:15:39,913] {processor.py:153} INFO - Started process (PID=16547) to work on /home/guilherme/Documents/weather_datapipeline/airflow_weather/venv/lib/python3.10/site-packages/airflow/example_dags/example_xcomargs.py
[2023-05-19 18:15:39,913] {processor.py:641} INFO - Processing file /home/guilherme/Documents/weather_datapipeline/airflow_weather/venv/lib/python3.10/site-packages/airflow/example_dags/example_xcomargs.py for tasks to queue
[2023-05-19 18:15:39,913] {logging_mixin.py:115} INFO - [2023-05-19 18:15:39,913] {dagbag.py:507} INFO - Filling up the DagBag from /home/guilherme/Documents/weather_datapipeline/airflow_weather/venv/lib/python3.10/site-packages/airflow/example_dags/example_xcomargs.py
[2023-05-19 18:15:39,926] {processor.py:651} INFO - DAG(s) dict_keys(['example_xcom_args', 'example_xcom_args_with_operators']) retrieved from /home/guilherme/Documents/weather_datapipeline/airflow_weather/venv/lib/python3.10/site-packages/airflow/example_dags/example_xcomargs.py
[2023-05-19 18:15:39,949] {logging_mixin.py:115} INFO - [2023-05-19 18:15:39,949] {dag.py:2379} INFO - Sync 2 DAGs
[2023-05-19 18:15:39,957] {logging_mixin.py:115} INFO - [2023-05-19 18:15:39,957] {dag.py:2927} INFO - Setting next_dagrun for example_xcom_args to None, run_after=None
[2023-05-19 18:15:39,957] {logging_mixin.py:115} INFO - [2023-05-19 18:15:39,957] {dag.py:2927} INFO - Setting next_dagrun for example_xcom_args_with_operators to None, run_after=None
[2023-05-19 18:15:39,964] {processor.py:161} INFO - Processing /home/guilherme/Documents/weather_datapipeline/airflow_weather/venv/lib/python3.10/site-packages/airflow/example_dags/example_xcomargs.py took 0.054 seconds
[2023-05-19 18:16:11,806] {processor.py:153} INFO - Started process (PID=16718) to work on /home/guilherme/Documents/weather_datapipeline/airflow_weather/venv/lib/python3.10/site-packages/airflow/example_dags/example_xcomargs.py
[2023-05-19 18:16:11,807] {processor.py:641} INFO - Processing file /home/guilherme/Documents/weather_datapipeline/airflow_weather/venv/lib/python3.10/site-packages/airflow/example_dags/example_xcomargs.py for tasks to queue
[2023-05-19 18:16:11,807] {logging_mixin.py:115} INFO - [2023-05-19 18:16:11,807] {dagbag.py:507} INFO - Filling up the DagBag from /home/guilherme/Documents/weather_datapipeline/airflow_weather/venv/lib/python3.10/site-packages/airflow/example_dags/example_xcomargs.py
[2023-05-19 18:16:11,819] {processor.py:651} INFO - DAG(s) dict_keys(['example_xcom_args', 'example_xcom_args_with_operators']) retrieved from /home/guilherme/Documents/weather_datapipeline/airflow_weather/venv/lib/python3.10/site-packages/airflow/example_dags/example_xcomargs.py
[2023-05-19 18:16:11,828] {logging_mixin.py:115} INFO - [2023-05-19 18:16:11,828] {dag.py:2379} INFO - Sync 2 DAGs
[2023-05-19 18:16:11,835] {logging_mixin.py:115} INFO - [2023-05-19 18:16:11,835] {dag.py:2927} INFO - Setting next_dagrun for example_xcom_args to None, run_after=None
[2023-05-19 18:16:11,836] {logging_mixin.py:115} INFO - [2023-05-19 18:16:11,836] {dag.py:2927} INFO - Setting next_dagrun for example_xcom_args_with_operators to None, run_after=None
[2023-05-19 18:16:11,841] {processor.py:161} INFO - Processing /home/guilherme/Documents/weather_datapipeline/airflow_weather/venv/lib/python3.10/site-packages/airflow/example_dags/example_xcomargs.py took 0.037 seconds
[2023-05-19 18:16:44,230] {processor.py:153} INFO - Started process (PID=16912) to work on /home/guilherme/Documents/weather_datapipeline/airflow_weather/venv/lib/python3.10/site-packages/airflow/example_dags/example_xcomargs.py
[2023-05-19 18:16:44,230] {processor.py:641} INFO - Processing file /home/guilherme/Documents/weather_datapipeline/airflow_weather/venv/lib/python3.10/site-packages/airflow/example_dags/example_xcomargs.py for tasks to queue
[2023-05-19 18:16:44,231] {logging_mixin.py:115} INFO - [2023-05-19 18:16:44,231] {dagbag.py:507} INFO - Filling up the DagBag from /home/guilherme/Documents/weather_datapipeline/airflow_weather/venv/lib/python3.10/site-packages/airflow/example_dags/example_xcomargs.py
[2023-05-19 18:16:44,243] {processor.py:651} INFO - DAG(s) dict_keys(['example_xcom_args', 'example_xcom_args_with_operators']) retrieved from /home/guilherme/Documents/weather_datapipeline/airflow_weather/venv/lib/python3.10/site-packages/airflow/example_dags/example_xcomargs.py
[2023-05-19 18:16:44,251] {logging_mixin.py:115} INFO - [2023-05-19 18:16:44,251] {dag.py:2379} INFO - Sync 2 DAGs
[2023-05-19 18:16:44,260] {logging_mixin.py:115} INFO - [2023-05-19 18:16:44,260] {dag.py:2927} INFO - Setting next_dagrun for example_xcom_args to None, run_after=None
[2023-05-19 18:16:44,261] {logging_mixin.py:115} INFO - [2023-05-19 18:16:44,261] {dag.py:2927} INFO - Setting next_dagrun for example_xcom_args_with_operators to None, run_after=None
[2023-05-19 18:16:44,266] {processor.py:161} INFO - Processing /home/guilherme/Documents/weather_datapipeline/airflow_weather/venv/lib/python3.10/site-packages/airflow/example_dags/example_xcomargs.py took 0.038 seconds
[2023-05-19 18:17:16,432] {processor.py:153} INFO - Started process (PID=17087) to work on /home/guilherme/Documents/weather_datapipeline/airflow_weather/venv/lib/python3.10/site-packages/airflow/example_dags/example_xcomargs.py
[2023-05-19 18:17:16,433] {processor.py:641} INFO - Processing file /home/guilherme/Documents/weather_datapipeline/airflow_weather/venv/lib/python3.10/site-packages/airflow/example_dags/example_xcomargs.py for tasks to queue
[2023-05-19 18:17:16,433] {logging_mixin.py:115} INFO - [2023-05-19 18:17:16,433] {dagbag.py:507} INFO - Filling up the DagBag from /home/guilherme/Documents/weather_datapipeline/airflow_weather/venv/lib/python3.10/site-packages/airflow/example_dags/example_xcomargs.py
[2023-05-19 18:17:16,445] {processor.py:651} INFO - DAG(s) dict_keys(['example_xcom_args', 'example_xcom_args_with_operators']) retrieved from /home/guilherme/Documents/weather_datapipeline/airflow_weather/venv/lib/python3.10/site-packages/airflow/example_dags/example_xcomargs.py
[2023-05-19 18:17:16,453] {logging_mixin.py:115} INFO - [2023-05-19 18:17:16,453] {dag.py:2379} INFO - Sync 2 DAGs
[2023-05-19 18:17:16,462] {logging_mixin.py:115} INFO - [2023-05-19 18:17:16,461] {dag.py:2927} INFO - Setting next_dagrun for example_xcom_args to None, run_after=None
[2023-05-19 18:17:16,462] {logging_mixin.py:115} INFO - [2023-05-19 18:17:16,462] {dag.py:2927} INFO - Setting next_dagrun for example_xcom_args_with_operators to None, run_after=None
[2023-05-19 18:17:16,468] {processor.py:161} INFO - Processing /home/guilherme/Documents/weather_datapipeline/airflow_weather/venv/lib/python3.10/site-packages/airflow/example_dags/example_xcomargs.py took 0.037 seconds
[2023-05-19 18:17:46,736] {processor.py:153} INFO - Started process (PID=17260) to work on /home/guilherme/Documents/weather_datapipeline/airflow_weather/venv/lib/python3.10/site-packages/airflow/example_dags/example_xcomargs.py
[2023-05-19 18:17:46,736] {processor.py:641} INFO - Processing file /home/guilherme/Documents/weather_datapipeline/airflow_weather/venv/lib/python3.10/site-packages/airflow/example_dags/example_xcomargs.py for tasks to queue
[2023-05-19 18:17:46,736] {logging_mixin.py:115} INFO - [2023-05-19 18:17:46,736] {dagbag.py:507} INFO - Filling up the DagBag from /home/guilherme/Documents/weather_datapipeline/airflow_weather/venv/lib/python3.10/site-packages/airflow/example_dags/example_xcomargs.py
[2023-05-19 18:17:46,748] {processor.py:651} INFO - DAG(s) dict_keys(['example_xcom_args', 'example_xcom_args_with_operators']) retrieved from /home/guilherme/Documents/weather_datapipeline/airflow_weather/venv/lib/python3.10/site-packages/airflow/example_dags/example_xcomargs.py
[2023-05-19 18:17:46,759] {logging_mixin.py:115} INFO - [2023-05-19 18:17:46,759] {dag.py:2379} INFO - Sync 2 DAGs
[2023-05-19 18:17:46,768] {logging_mixin.py:115} INFO - [2023-05-19 18:17:46,768] {dag.py:2927} INFO - Setting next_dagrun for example_xcom_args to None, run_after=None
[2023-05-19 18:17:46,768] {logging_mixin.py:115} INFO - [2023-05-19 18:17:46,768] {dag.py:2927} INFO - Setting next_dagrun for example_xcom_args_with_operators to None, run_after=None
[2023-05-19 18:17:46,775] {processor.py:161} INFO - Processing /home/guilherme/Documents/weather_datapipeline/airflow_weather/venv/lib/python3.10/site-packages/airflow/example_dags/example_xcomargs.py took 0.041 seconds
[2023-05-19 18:18:20,637] {processor.py:153} INFO - Started process (PID=17501) to work on /home/guilherme/Documents/weather_datapipeline/airflow_weather/venv/lib/python3.10/site-packages/airflow/example_dags/example_xcomargs.py
[2023-05-19 18:18:20,637] {processor.py:641} INFO - Processing file /home/guilherme/Documents/weather_datapipeline/airflow_weather/venv/lib/python3.10/site-packages/airflow/example_dags/example_xcomargs.py for tasks to queue
[2023-05-19 18:18:20,638] {logging_mixin.py:115} INFO - [2023-05-19 18:18:20,638] {dagbag.py:507} INFO - Filling up the DagBag from /home/guilherme/Documents/weather_datapipeline/airflow_weather/venv/lib/python3.10/site-packages/airflow/example_dags/example_xcomargs.py
[2023-05-19 18:18:20,651] {processor.py:651} INFO - DAG(s) dict_keys(['example_xcom_args', 'example_xcom_args_with_operators']) retrieved from /home/guilherme/Documents/weather_datapipeline/airflow_weather/venv/lib/python3.10/site-packages/airflow/example_dags/example_xcomargs.py
[2023-05-19 18:18:20,662] {logging_mixin.py:115} INFO - [2023-05-19 18:18:20,662] {dag.py:2379} INFO - Sync 2 DAGs
[2023-05-19 18:18:20,671] {logging_mixin.py:115} INFO - [2023-05-19 18:18:20,671] {dag.py:2927} INFO - Setting next_dagrun for example_xcom_args to None, run_after=None
[2023-05-19 18:18:20,671] {logging_mixin.py:115} INFO - [2023-05-19 18:18:20,671] {dag.py:2927} INFO - Setting next_dagrun for example_xcom_args_with_operators to None, run_after=None
[2023-05-19 18:18:20,679] {processor.py:161} INFO - Processing /home/guilherme/Documents/weather_datapipeline/airflow_weather/venv/lib/python3.10/site-packages/airflow/example_dags/example_xcomargs.py took 0.043 seconds
[2023-05-19 18:18:53,396] {processor.py:153} INFO - Started process (PID=17683) to work on /home/guilherme/Documents/weather_datapipeline/airflow_weather/venv/lib/python3.10/site-packages/airflow/example_dags/example_xcomargs.py
[2023-05-19 18:18:53,397] {processor.py:641} INFO - Processing file /home/guilherme/Documents/weather_datapipeline/airflow_weather/venv/lib/python3.10/site-packages/airflow/example_dags/example_xcomargs.py for tasks to queue
[2023-05-19 18:18:53,397] {logging_mixin.py:115} INFO - [2023-05-19 18:18:53,397] {dagbag.py:507} INFO - Filling up the DagBag from /home/guilherme/Documents/weather_datapipeline/airflow_weather/venv/lib/python3.10/site-packages/airflow/example_dags/example_xcomargs.py
[2023-05-19 18:18:53,410] {processor.py:651} INFO - DAG(s) dict_keys(['example_xcom_args', 'example_xcom_args_with_operators']) retrieved from /home/guilherme/Documents/weather_datapipeline/airflow_weather/venv/lib/python3.10/site-packages/airflow/example_dags/example_xcomargs.py
[2023-05-19 18:18:53,418] {logging_mixin.py:115} INFO - [2023-05-19 18:18:53,418] {dag.py:2379} INFO - Sync 2 DAGs
[2023-05-19 18:18:53,427] {logging_mixin.py:115} INFO - [2023-05-19 18:18:53,427] {dag.py:2927} INFO - Setting next_dagrun for example_xcom_args to None, run_after=None
[2023-05-19 18:18:53,427] {logging_mixin.py:115} INFO - [2023-05-19 18:18:53,427] {dag.py:2927} INFO - Setting next_dagrun for example_xcom_args_with_operators to None, run_after=None
[2023-05-19 18:18:53,433] {processor.py:161} INFO - Processing /home/guilherme/Documents/weather_datapipeline/airflow_weather/venv/lib/python3.10/site-packages/airflow/example_dags/example_xcomargs.py took 0.038 seconds
[2023-05-19 18:19:24,413] {processor.py:153} INFO - Started process (PID=18340) to work on /home/guilherme/Documents/weather_datapipeline/airflow_weather/venv/lib/python3.10/site-packages/airflow/example_dags/example_xcomargs.py
[2023-05-19 18:19:24,413] {processor.py:641} INFO - Processing file /home/guilherme/Documents/weather_datapipeline/airflow_weather/venv/lib/python3.10/site-packages/airflow/example_dags/example_xcomargs.py for tasks to queue
[2023-05-19 18:19:24,413] {logging_mixin.py:115} INFO - [2023-05-19 18:19:24,413] {dagbag.py:507} INFO - Filling up the DagBag from /home/guilherme/Documents/weather_datapipeline/airflow_weather/venv/lib/python3.10/site-packages/airflow/example_dags/example_xcomargs.py
[2023-05-19 18:19:24,425] {processor.py:651} INFO - DAG(s) dict_keys(['example_xcom_args', 'example_xcom_args_with_operators']) retrieved from /home/guilherme/Documents/weather_datapipeline/airflow_weather/venv/lib/python3.10/site-packages/airflow/example_dags/example_xcomargs.py
[2023-05-19 18:19:24,447] {logging_mixin.py:115} INFO - [2023-05-19 18:19:24,447] {dag.py:2379} INFO - Sync 2 DAGs
[2023-05-19 18:19:24,455] {logging_mixin.py:115} INFO - [2023-05-19 18:19:24,455] {dag.py:2927} INFO - Setting next_dagrun for example_xcom_args to None, run_after=None
[2023-05-19 18:19:24,455] {logging_mixin.py:115} INFO - [2023-05-19 18:19:24,455] {dag.py:2927} INFO - Setting next_dagrun for example_xcom_args_with_operators to None, run_after=None
[2023-05-19 18:19:24,462] {processor.py:161} INFO - Processing /home/guilherme/Documents/weather_datapipeline/airflow_weather/venv/lib/python3.10/site-packages/airflow/example_dags/example_xcomargs.py took 0.051 seconds
[2023-05-19 18:19:55,877] {processor.py:153} INFO - Started process (PID=18548) to work on /home/guilherme/Documents/weather_datapipeline/airflow_weather/venv/lib/python3.10/site-packages/airflow/example_dags/example_xcomargs.py
[2023-05-19 18:19:55,878] {processor.py:641} INFO - Processing file /home/guilherme/Documents/weather_datapipeline/airflow_weather/venv/lib/python3.10/site-packages/airflow/example_dags/example_xcomargs.py for tasks to queue
[2023-05-19 18:19:55,878] {logging_mixin.py:115} INFO - [2023-05-19 18:19:55,878] {dagbag.py:507} INFO - Filling up the DagBag from /home/guilherme/Documents/weather_datapipeline/airflow_weather/venv/lib/python3.10/site-packages/airflow/example_dags/example_xcomargs.py
[2023-05-19 18:19:55,891] {processor.py:651} INFO - DAG(s) dict_keys(['example_xcom_args', 'example_xcom_args_with_operators']) retrieved from /home/guilherme/Documents/weather_datapipeline/airflow_weather/venv/lib/python3.10/site-packages/airflow/example_dags/example_xcomargs.py
[2023-05-19 18:19:55,914] {logging_mixin.py:115} INFO - [2023-05-19 18:19:55,914] {dag.py:2379} INFO - Sync 2 DAGs
[2023-05-19 18:19:55,922] {logging_mixin.py:115} INFO - [2023-05-19 18:19:55,922] {dag.py:2927} INFO - Setting next_dagrun for example_xcom_args to None, run_after=None
[2023-05-19 18:19:55,922] {logging_mixin.py:115} INFO - [2023-05-19 18:19:55,922] {dag.py:2927} INFO - Setting next_dagrun for example_xcom_args_with_operators to None, run_after=None
[2023-05-19 18:19:55,930] {processor.py:161} INFO - Processing /home/guilherme/Documents/weather_datapipeline/airflow_weather/venv/lib/python3.10/site-packages/airflow/example_dags/example_xcomargs.py took 0.054 seconds
[2023-05-19 18:20:28,648] {processor.py:153} INFO - Started process (PID=18729) to work on /home/guilherme/Documents/weather_datapipeline/airflow_weather/venv/lib/python3.10/site-packages/airflow/example_dags/example_xcomargs.py
[2023-05-19 18:20:28,648] {processor.py:641} INFO - Processing file /home/guilherme/Documents/weather_datapipeline/airflow_weather/venv/lib/python3.10/site-packages/airflow/example_dags/example_xcomargs.py for tasks to queue
[2023-05-19 18:20:28,649] {logging_mixin.py:115} INFO - [2023-05-19 18:20:28,649] {dagbag.py:507} INFO - Filling up the DagBag from /home/guilherme/Documents/weather_datapipeline/airflow_weather/venv/lib/python3.10/site-packages/airflow/example_dags/example_xcomargs.py
[2023-05-19 18:20:28,666] {processor.py:651} INFO - DAG(s) dict_keys(['example_xcom_args', 'example_xcom_args_with_operators']) retrieved from /home/guilherme/Documents/weather_datapipeline/airflow_weather/venv/lib/python3.10/site-packages/airflow/example_dags/example_xcomargs.py
[2023-05-19 18:20:28,676] {logging_mixin.py:115} INFO - [2023-05-19 18:20:28,676] {dag.py:2379} INFO - Sync 2 DAGs
[2023-05-19 18:20:28,684] {logging_mixin.py:115} INFO - [2023-05-19 18:20:28,684] {dag.py:2927} INFO - Setting next_dagrun for example_xcom_args to None, run_after=None
[2023-05-19 18:20:28,685] {logging_mixin.py:115} INFO - [2023-05-19 18:20:28,685] {dag.py:2927} INFO - Setting next_dagrun for example_xcom_args_with_operators to None, run_after=None
[2023-05-19 18:20:28,693] {processor.py:161} INFO - Processing /home/guilherme/Documents/weather_datapipeline/airflow_weather/venv/lib/python3.10/site-packages/airflow/example_dags/example_xcomargs.py took 0.047 seconds
[2023-05-19 18:21:00,290] {processor.py:153} INFO - Started process (PID=18901) to work on /home/guilherme/Documents/weather_datapipeline/airflow_weather/venv/lib/python3.10/site-packages/airflow/example_dags/example_xcomargs.py
[2023-05-19 18:21:00,291] {processor.py:641} INFO - Processing file /home/guilherme/Documents/weather_datapipeline/airflow_weather/venv/lib/python3.10/site-packages/airflow/example_dags/example_xcomargs.py for tasks to queue
[2023-05-19 18:21:00,291] {logging_mixin.py:115} INFO - [2023-05-19 18:21:00,291] {dagbag.py:507} INFO - Filling up the DagBag from /home/guilherme/Documents/weather_datapipeline/airflow_weather/venv/lib/python3.10/site-packages/airflow/example_dags/example_xcomargs.py
[2023-05-19 18:21:00,306] {processor.py:651} INFO - DAG(s) dict_keys(['example_xcom_args', 'example_xcom_args_with_operators']) retrieved from /home/guilherme/Documents/weather_datapipeline/airflow_weather/venv/lib/python3.10/site-packages/airflow/example_dags/example_xcomargs.py
[2023-05-19 18:21:00,315] {logging_mixin.py:115} INFO - [2023-05-19 18:21:00,315] {dag.py:2379} INFO - Sync 2 DAGs
[2023-05-19 18:21:00,324] {logging_mixin.py:115} INFO - [2023-05-19 18:21:00,324] {dag.py:2927} INFO - Setting next_dagrun for example_xcom_args to None, run_after=None
[2023-05-19 18:21:00,324] {logging_mixin.py:115} INFO - [2023-05-19 18:21:00,324] {dag.py:2927} INFO - Setting next_dagrun for example_xcom_args_with_operators to None, run_after=None
[2023-05-19 18:21:00,330] {processor.py:161} INFO - Processing /home/guilherme/Documents/weather_datapipeline/airflow_weather/venv/lib/python3.10/site-packages/airflow/example_dags/example_xcomargs.py took 0.042 seconds
[2023-05-19 18:21:31,072] {processor.py:153} INFO - Started process (PID=19110) to work on /home/guilherme/Documents/weather_datapipeline/airflow_weather/venv/lib/python3.10/site-packages/airflow/example_dags/example_xcomargs.py
[2023-05-19 18:21:31,073] {processor.py:641} INFO - Processing file /home/guilherme/Documents/weather_datapipeline/airflow_weather/venv/lib/python3.10/site-packages/airflow/example_dags/example_xcomargs.py for tasks to queue
[2023-05-19 18:21:31,073] {logging_mixin.py:115} INFO - [2023-05-19 18:21:31,073] {dagbag.py:507} INFO - Filling up the DagBag from /home/guilherme/Documents/weather_datapipeline/airflow_weather/venv/lib/python3.10/site-packages/airflow/example_dags/example_xcomargs.py
[2023-05-19 18:21:31,087] {processor.py:651} INFO - DAG(s) dict_keys(['example_xcom_args', 'example_xcom_args_with_operators']) retrieved from /home/guilherme/Documents/weather_datapipeline/airflow_weather/venv/lib/python3.10/site-packages/airflow/example_dags/example_xcomargs.py
[2023-05-19 18:21:31,097] {logging_mixin.py:115} INFO - [2023-05-19 18:21:31,097] {dag.py:2379} INFO - Sync 2 DAGs
[2023-05-19 18:21:31,106] {logging_mixin.py:115} INFO - [2023-05-19 18:21:31,106] {dag.py:2927} INFO - Setting next_dagrun for example_xcom_args to None, run_after=None
[2023-05-19 18:21:31,106] {logging_mixin.py:115} INFO - [2023-05-19 18:21:31,106] {dag.py:2927} INFO - Setting next_dagrun for example_xcom_args_with_operators to None, run_after=None
[2023-05-19 18:21:31,115] {processor.py:161} INFO - Processing /home/guilherme/Documents/weather_datapipeline/airflow_weather/venv/lib/python3.10/site-packages/airflow/example_dags/example_xcomargs.py took 0.044 seconds
[2023-05-19 18:22:04,981] {processor.py:153} INFO - Started process (PID=19322) to work on /home/guilherme/Documents/weather_datapipeline/airflow_weather/venv/lib/python3.10/site-packages/airflow/example_dags/example_xcomargs.py
[2023-05-19 18:22:04,982] {processor.py:641} INFO - Processing file /home/guilherme/Documents/weather_datapipeline/airflow_weather/venv/lib/python3.10/site-packages/airflow/example_dags/example_xcomargs.py for tasks to queue
[2023-05-19 18:22:04,983] {logging_mixin.py:115} INFO - [2023-05-19 18:22:04,983] {dagbag.py:507} INFO - Filling up the DagBag from /home/guilherme/Documents/weather_datapipeline/airflow_weather/venv/lib/python3.10/site-packages/airflow/example_dags/example_xcomargs.py
[2023-05-19 18:22:04,997] {processor.py:651} INFO - DAG(s) dict_keys(['example_xcom_args', 'example_xcom_args_with_operators']) retrieved from /home/guilherme/Documents/weather_datapipeline/airflow_weather/venv/lib/python3.10/site-packages/airflow/example_dags/example_xcomargs.py
[2023-05-19 18:22:05,010] {logging_mixin.py:115} INFO - [2023-05-19 18:22:05,010] {dag.py:2379} INFO - Sync 2 DAGs
[2023-05-19 18:22:05,021] {logging_mixin.py:115} INFO - [2023-05-19 18:22:05,021] {dag.py:2927} INFO - Setting next_dagrun for example_xcom_args to None, run_after=None
[2023-05-19 18:22:05,021] {logging_mixin.py:115} INFO - [2023-05-19 18:22:05,021] {dag.py:2927} INFO - Setting next_dagrun for example_xcom_args_with_operators to None, run_after=None
[2023-05-19 18:22:05,029] {processor.py:161} INFO - Processing /home/guilherme/Documents/weather_datapipeline/airflow_weather/venv/lib/python3.10/site-packages/airflow/example_dags/example_xcomargs.py took 0.049 seconds
[2023-05-19 18:22:37,491] {processor.py:153} INFO - Started process (PID=19518) to work on /home/guilherme/Documents/weather_datapipeline/airflow_weather/venv/lib/python3.10/site-packages/airflow/example_dags/example_xcomargs.py
[2023-05-19 18:22:37,491] {processor.py:641} INFO - Processing file /home/guilherme/Documents/weather_datapipeline/airflow_weather/venv/lib/python3.10/site-packages/airflow/example_dags/example_xcomargs.py for tasks to queue
[2023-05-19 18:22:37,491] {logging_mixin.py:115} INFO - [2023-05-19 18:22:37,491] {dagbag.py:507} INFO - Filling up the DagBag from /home/guilherme/Documents/weather_datapipeline/airflow_weather/venv/lib/python3.10/site-packages/airflow/example_dags/example_xcomargs.py
[2023-05-19 18:22:37,505] {processor.py:651} INFO - DAG(s) dict_keys(['example_xcom_args', 'example_xcom_args_with_operators']) retrieved from /home/guilherme/Documents/weather_datapipeline/airflow_weather/venv/lib/python3.10/site-packages/airflow/example_dags/example_xcomargs.py
[2023-05-19 18:22:37,514] {logging_mixin.py:115} INFO - [2023-05-19 18:22:37,514] {dag.py:2379} INFO - Sync 2 DAGs
[2023-05-19 18:22:37,523] {logging_mixin.py:115} INFO - [2023-05-19 18:22:37,523] {dag.py:2927} INFO - Setting next_dagrun for example_xcom_args to None, run_after=None
[2023-05-19 18:22:37,523] {logging_mixin.py:115} INFO - [2023-05-19 18:22:37,523] {dag.py:2927} INFO - Setting next_dagrun for example_xcom_args_with_operators to None, run_after=None
[2023-05-19 18:22:37,530] {processor.py:161} INFO - Processing /home/guilherme/Documents/weather_datapipeline/airflow_weather/venv/lib/python3.10/site-packages/airflow/example_dags/example_xcomargs.py took 0.041 seconds
[2023-05-19 18:23:10,549] {processor.py:153} INFO - Started process (PID=19729) to work on /home/guilherme/Documents/weather_datapipeline/airflow_weather/venv/lib/python3.10/site-packages/airflow/example_dags/example_xcomargs.py
[2023-05-19 18:23:10,550] {processor.py:641} INFO - Processing file /home/guilherme/Documents/weather_datapipeline/airflow_weather/venv/lib/python3.10/site-packages/airflow/example_dags/example_xcomargs.py for tasks to queue
[2023-05-19 18:23:10,550] {logging_mixin.py:115} INFO - [2023-05-19 18:23:10,550] {dagbag.py:507} INFO - Filling up the DagBag from /home/guilherme/Documents/weather_datapipeline/airflow_weather/venv/lib/python3.10/site-packages/airflow/example_dags/example_xcomargs.py
[2023-05-19 18:23:10,563] {processor.py:651} INFO - DAG(s) dict_keys(['example_xcom_args', 'example_xcom_args_with_operators']) retrieved from /home/guilherme/Documents/weather_datapipeline/airflow_weather/venv/lib/python3.10/site-packages/airflow/example_dags/example_xcomargs.py
[2023-05-19 18:23:10,574] {logging_mixin.py:115} INFO - [2023-05-19 18:23:10,574] {dag.py:2379} INFO - Sync 2 DAGs
[2023-05-19 18:23:10,582] {logging_mixin.py:115} INFO - [2023-05-19 18:23:10,582] {dag.py:2927} INFO - Setting next_dagrun for example_xcom_args to None, run_after=None
[2023-05-19 18:23:10,582] {logging_mixin.py:115} INFO - [2023-05-19 18:23:10,582] {dag.py:2927} INFO - Setting next_dagrun for example_xcom_args_with_operators to None, run_after=None
[2023-05-19 18:23:10,589] {processor.py:161} INFO - Processing /home/guilherme/Documents/weather_datapipeline/airflow_weather/venv/lib/python3.10/site-packages/airflow/example_dags/example_xcomargs.py took 0.042 seconds
[2023-05-19 18:23:41,946] {processor.py:153} INFO - Started process (PID=19911) to work on /home/guilherme/Documents/weather_datapipeline/airflow_weather/venv/lib/python3.10/site-packages/airflow/example_dags/example_xcomargs.py
[2023-05-19 18:23:41,947] {processor.py:641} INFO - Processing file /home/guilherme/Documents/weather_datapipeline/airflow_weather/venv/lib/python3.10/site-packages/airflow/example_dags/example_xcomargs.py for tasks to queue
[2023-05-19 18:23:41,947] {logging_mixin.py:115} INFO - [2023-05-19 18:23:41,947] {dagbag.py:507} INFO - Filling up the DagBag from /home/guilherme/Documents/weather_datapipeline/airflow_weather/venv/lib/python3.10/site-packages/airflow/example_dags/example_xcomargs.py
[2023-05-19 18:23:41,963] {processor.py:651} INFO - DAG(s) dict_keys(['example_xcom_args', 'example_xcom_args_with_operators']) retrieved from /home/guilherme/Documents/weather_datapipeline/airflow_weather/venv/lib/python3.10/site-packages/airflow/example_dags/example_xcomargs.py
[2023-05-19 18:23:41,974] {logging_mixin.py:115} INFO - [2023-05-19 18:23:41,974] {dag.py:2379} INFO - Sync 2 DAGs
[2023-05-19 18:23:41,983] {logging_mixin.py:115} INFO - [2023-05-19 18:23:41,982] {dag.py:2927} INFO - Setting next_dagrun for example_xcom_args to None, run_after=None
[2023-05-19 18:23:41,983] {logging_mixin.py:115} INFO - [2023-05-19 18:23:41,983] {dag.py:2927} INFO - Setting next_dagrun for example_xcom_args_with_operators to None, run_after=None
[2023-05-19 18:23:41,990] {processor.py:161} INFO - Processing /home/guilherme/Documents/weather_datapipeline/airflow_weather/venv/lib/python3.10/site-packages/airflow/example_dags/example_xcomargs.py took 0.046 seconds
[2023-05-19 18:24:13,389] {processor.py:153} INFO - Started process (PID=20085) to work on /home/guilherme/Documents/weather_datapipeline/airflow_weather/venv/lib/python3.10/site-packages/airflow/example_dags/example_xcomargs.py
[2023-05-19 18:24:13,389] {processor.py:641} INFO - Processing file /home/guilherme/Documents/weather_datapipeline/airflow_weather/venv/lib/python3.10/site-packages/airflow/example_dags/example_xcomargs.py for tasks to queue
[2023-05-19 18:24:13,390] {logging_mixin.py:115} INFO - [2023-05-19 18:24:13,390] {dagbag.py:507} INFO - Filling up the DagBag from /home/guilherme/Documents/weather_datapipeline/airflow_weather/venv/lib/python3.10/site-packages/airflow/example_dags/example_xcomargs.py
[2023-05-19 18:24:13,404] {processor.py:651} INFO - DAG(s) dict_keys(['example_xcom_args', 'example_xcom_args_with_operators']) retrieved from /home/guilherme/Documents/weather_datapipeline/airflow_weather/venv/lib/python3.10/site-packages/airflow/example_dags/example_xcomargs.py
[2023-05-19 18:24:13,414] {logging_mixin.py:115} INFO - [2023-05-19 18:24:13,414] {dag.py:2379} INFO - Sync 2 DAGs
[2023-05-19 18:24:13,424] {logging_mixin.py:115} INFO - [2023-05-19 18:24:13,424] {dag.py:2927} INFO - Setting next_dagrun for example_xcom_args to None, run_after=None
[2023-05-19 18:24:13,424] {logging_mixin.py:115} INFO - [2023-05-19 18:24:13,424] {dag.py:2927} INFO - Setting next_dagrun for example_xcom_args_with_operators to None, run_after=None
[2023-05-19 18:24:13,431] {processor.py:161} INFO - Processing /home/guilherme/Documents/weather_datapipeline/airflow_weather/venv/lib/python3.10/site-packages/airflow/example_dags/example_xcomargs.py took 0.044 seconds
[2023-05-19 18:24:47,151] {processor.py:153} INFO - Started process (PID=20129) to work on /home/guilherme/Documents/weather_datapipeline/airflow_weather/venv/lib/python3.10/site-packages/airflow/example_dags/example_xcomargs.py
[2023-05-19 18:24:47,152] {processor.py:641} INFO - Processing file /home/guilherme/Documents/weather_datapipeline/airflow_weather/venv/lib/python3.10/site-packages/airflow/example_dags/example_xcomargs.py for tasks to queue
[2023-05-19 18:24:47,152] {logging_mixin.py:115} INFO - [2023-05-19 18:24:47,152] {dagbag.py:507} INFO - Filling up the DagBag from /home/guilherme/Documents/weather_datapipeline/airflow_weather/venv/lib/python3.10/site-packages/airflow/example_dags/example_xcomargs.py
[2023-05-19 18:24:47,169] {processor.py:651} INFO - DAG(s) dict_keys(['example_xcom_args', 'example_xcom_args_with_operators']) retrieved from /home/guilherme/Documents/weather_datapipeline/airflow_weather/venv/lib/python3.10/site-packages/airflow/example_dags/example_xcomargs.py
[2023-05-19 18:24:47,195] {logging_mixin.py:115} INFO - [2023-05-19 18:24:47,195] {dag.py:2379} INFO - Sync 2 DAGs
[2023-05-19 18:24:47,204] {logging_mixin.py:115} INFO - [2023-05-19 18:24:47,204] {dag.py:2927} INFO - Setting next_dagrun for example_xcom_args to None, run_after=None
[2023-05-19 18:24:47,204] {logging_mixin.py:115} INFO - [2023-05-19 18:24:47,204] {dag.py:2927} INFO - Setting next_dagrun for example_xcom_args_with_operators to None, run_after=None
[2023-05-19 18:24:47,213] {processor.py:161} INFO - Processing /home/guilherme/Documents/weather_datapipeline/airflow_weather/venv/lib/python3.10/site-packages/airflow/example_dags/example_xcomargs.py took 0.063 seconds
[2023-05-19 18:25:19,060] {processor.py:153} INFO - Started process (PID=20164) to work on /home/guilherme/Documents/weather_datapipeline/airflow_weather/venv/lib/python3.10/site-packages/airflow/example_dags/example_xcomargs.py
[2023-05-19 18:25:19,060] {processor.py:641} INFO - Processing file /home/guilherme/Documents/weather_datapipeline/airflow_weather/venv/lib/python3.10/site-packages/airflow/example_dags/example_xcomargs.py for tasks to queue
[2023-05-19 18:25:19,061] {logging_mixin.py:115} INFO - [2023-05-19 18:25:19,060] {dagbag.py:507} INFO - Filling up the DagBag from /home/guilherme/Documents/weather_datapipeline/airflow_weather/venv/lib/python3.10/site-packages/airflow/example_dags/example_xcomargs.py
[2023-05-19 18:25:19,073] {processor.py:651} INFO - DAG(s) dict_keys(['example_xcom_args', 'example_xcom_args_with_operators']) retrieved from /home/guilherme/Documents/weather_datapipeline/airflow_weather/venv/lib/python3.10/site-packages/airflow/example_dags/example_xcomargs.py
[2023-05-19 18:25:19,082] {logging_mixin.py:115} INFO - [2023-05-19 18:25:19,082] {dag.py:2379} INFO - Sync 2 DAGs
[2023-05-19 18:25:19,091] {logging_mixin.py:115} INFO - [2023-05-19 18:25:19,091] {dag.py:2927} INFO - Setting next_dagrun for example_xcom_args to None, run_after=None
[2023-05-19 18:25:19,092] {logging_mixin.py:115} INFO - [2023-05-19 18:25:19,092] {dag.py:2927} INFO - Setting next_dagrun for example_xcom_args_with_operators to None, run_after=None
[2023-05-19 18:25:19,101] {processor.py:161} INFO - Processing /home/guilherme/Documents/weather_datapipeline/airflow_weather/venv/lib/python3.10/site-packages/airflow/example_dags/example_xcomargs.py took 0.042 seconds
[2023-05-19 18:25:52,316] {processor.py:153} INFO - Started process (PID=20248) to work on /home/guilherme/Documents/weather_datapipeline/airflow_weather/venv/lib/python3.10/site-packages/airflow/example_dags/example_xcomargs.py
[2023-05-19 18:25:52,317] {processor.py:641} INFO - Processing file /home/guilherme/Documents/weather_datapipeline/airflow_weather/venv/lib/python3.10/site-packages/airflow/example_dags/example_xcomargs.py for tasks to queue
[2023-05-19 18:25:52,317] {logging_mixin.py:115} INFO - [2023-05-19 18:25:52,317] {dagbag.py:507} INFO - Filling up the DagBag from /home/guilherme/Documents/weather_datapipeline/airflow_weather/venv/lib/python3.10/site-packages/airflow/example_dags/example_xcomargs.py
[2023-05-19 18:25:52,329] {processor.py:651} INFO - DAG(s) dict_keys(['example_xcom_args', 'example_xcom_args_with_operators']) retrieved from /home/guilherme/Documents/weather_datapipeline/airflow_weather/venv/lib/python3.10/site-packages/airflow/example_dags/example_xcomargs.py
[2023-05-19 18:25:52,337] {logging_mixin.py:115} INFO - [2023-05-19 18:25:52,337] {dag.py:2379} INFO - Sync 2 DAGs
[2023-05-19 18:25:52,346] {logging_mixin.py:115} INFO - [2023-05-19 18:25:52,346] {dag.py:2927} INFO - Setting next_dagrun for example_xcom_args to None, run_after=None
[2023-05-19 18:25:52,346] {logging_mixin.py:115} INFO - [2023-05-19 18:25:52,346] {dag.py:2927} INFO - Setting next_dagrun for example_xcom_args_with_operators to None, run_after=None
[2023-05-19 18:25:52,351] {processor.py:161} INFO - Processing /home/guilherme/Documents/weather_datapipeline/airflow_weather/venv/lib/python3.10/site-packages/airflow/example_dags/example_xcomargs.py took 0.037 seconds
[2023-05-19 18:26:25,759] {processor.py:153} INFO - Started process (PID=20401) to work on /home/guilherme/Documents/weather_datapipeline/airflow_weather/venv/lib/python3.10/site-packages/airflow/example_dags/example_xcomargs.py
[2023-05-19 18:26:25,760] {processor.py:641} INFO - Processing file /home/guilherme/Documents/weather_datapipeline/airflow_weather/venv/lib/python3.10/site-packages/airflow/example_dags/example_xcomargs.py for tasks to queue
[2023-05-19 18:26:25,760] {logging_mixin.py:115} INFO - [2023-05-19 18:26:25,760] {dagbag.py:507} INFO - Filling up the DagBag from /home/guilherme/Documents/weather_datapipeline/airflow_weather/venv/lib/python3.10/site-packages/airflow/example_dags/example_xcomargs.py
[2023-05-19 18:26:25,773] {processor.py:651} INFO - DAG(s) dict_keys(['example_xcom_args', 'example_xcom_args_with_operators']) retrieved from /home/guilherme/Documents/weather_datapipeline/airflow_weather/venv/lib/python3.10/site-packages/airflow/example_dags/example_xcomargs.py
[2023-05-19 18:26:25,783] {logging_mixin.py:115} INFO - [2023-05-19 18:26:25,783] {dag.py:2379} INFO - Sync 2 DAGs
[2023-05-19 18:26:25,792] {logging_mixin.py:115} INFO - [2023-05-19 18:26:25,792] {dag.py:2927} INFO - Setting next_dagrun for example_xcom_args to None, run_after=None
[2023-05-19 18:26:25,792] {logging_mixin.py:115} INFO - [2023-05-19 18:26:25,792] {dag.py:2927} INFO - Setting next_dagrun for example_xcom_args_with_operators to None, run_after=None
[2023-05-19 18:26:25,798] {processor.py:161} INFO - Processing /home/guilherme/Documents/weather_datapipeline/airflow_weather/venv/lib/python3.10/site-packages/airflow/example_dags/example_xcomargs.py took 0.041 seconds
[2023-05-19 18:26:58,768] {processor.py:153} INFO - Started process (PID=20576) to work on /home/guilherme/Documents/weather_datapipeline/airflow_weather/venv/lib/python3.10/site-packages/airflow/example_dags/example_xcomargs.py
[2023-05-19 18:26:58,768] {processor.py:641} INFO - Processing file /home/guilherme/Documents/weather_datapipeline/airflow_weather/venv/lib/python3.10/site-packages/airflow/example_dags/example_xcomargs.py for tasks to queue
[2023-05-19 18:26:58,768] {logging_mixin.py:115} INFO - [2023-05-19 18:26:58,768] {dagbag.py:507} INFO - Filling up the DagBag from /home/guilherme/Documents/weather_datapipeline/airflow_weather/venv/lib/python3.10/site-packages/airflow/example_dags/example_xcomargs.py
[2023-05-19 18:26:58,782] {processor.py:651} INFO - DAG(s) dict_keys(['example_xcom_args', 'example_xcom_args_with_operators']) retrieved from /home/guilherme/Documents/weather_datapipeline/airflow_weather/venv/lib/python3.10/site-packages/airflow/example_dags/example_xcomargs.py
[2023-05-19 18:26:58,790] {logging_mixin.py:115} INFO - [2023-05-19 18:26:58,790] {dag.py:2379} INFO - Sync 2 DAGs
[2023-05-19 18:26:58,799] {logging_mixin.py:115} INFO - [2023-05-19 18:26:58,799] {dag.py:2927} INFO - Setting next_dagrun for example_xcom_args to None, run_after=None
[2023-05-19 18:26:58,799] {logging_mixin.py:115} INFO - [2023-05-19 18:26:58,799] {dag.py:2927} INFO - Setting next_dagrun for example_xcom_args_with_operators to None, run_after=None
[2023-05-19 18:26:58,805] {processor.py:161} INFO - Processing /home/guilherme/Documents/weather_datapipeline/airflow_weather/venv/lib/python3.10/site-packages/airflow/example_dags/example_xcomargs.py took 0.039 seconds
[2023-05-19 18:27:40,175] {processor.py:153} INFO - Started process (PID=20682) to work on /home/guilherme/Documents/weather_datapipeline/airflow_weather/venv/lib/python3.10/site-packages/airflow/example_dags/example_xcomargs.py
[2023-05-19 18:27:40,175] {processor.py:641} INFO - Processing file /home/guilherme/Documents/weather_datapipeline/airflow_weather/venv/lib/python3.10/site-packages/airflow/example_dags/example_xcomargs.py for tasks to queue
[2023-05-19 18:27:40,176] {logging_mixin.py:115} INFO - [2023-05-19 18:27:40,176] {dagbag.py:507} INFO - Filling up the DagBag from /home/guilherme/Documents/weather_datapipeline/airflow_weather/venv/lib/python3.10/site-packages/airflow/example_dags/example_xcomargs.py
[2023-05-19 18:27:40,187] {processor.py:651} INFO - DAG(s) dict_keys(['example_xcom_args', 'example_xcom_args_with_operators']) retrieved from /home/guilherme/Documents/weather_datapipeline/airflow_weather/venv/lib/python3.10/site-packages/airflow/example_dags/example_xcomargs.py
[2023-05-19 18:27:40,209] {logging_mixin.py:115} INFO - [2023-05-19 18:27:40,209] {dag.py:2379} INFO - Sync 2 DAGs
[2023-05-19 18:27:40,216] {logging_mixin.py:115} INFO - [2023-05-19 18:27:40,216] {dag.py:2927} INFO - Setting next_dagrun for example_xcom_args to None, run_after=None
[2023-05-19 18:27:40,216] {logging_mixin.py:115} INFO - [2023-05-19 18:27:40,216] {dag.py:2927} INFO - Setting next_dagrun for example_xcom_args_with_operators to None, run_after=None
[2023-05-19 18:27:40,223] {processor.py:161} INFO - Processing /home/guilherme/Documents/weather_datapipeline/airflow_weather/venv/lib/python3.10/site-packages/airflow/example_dags/example_xcomargs.py took 0.050 seconds
[2023-05-19 18:28:10,951] {processor.py:153} INFO - Started process (PID=20734) to work on /home/guilherme/Documents/weather_datapipeline/airflow_weather/venv/lib/python3.10/site-packages/airflow/example_dags/example_xcomargs.py
[2023-05-19 18:28:10,951] {processor.py:641} INFO - Processing file /home/guilherme/Documents/weather_datapipeline/airflow_weather/venv/lib/python3.10/site-packages/airflow/example_dags/example_xcomargs.py for tasks to queue
[2023-05-19 18:28:10,952] {logging_mixin.py:115} INFO - [2023-05-19 18:28:10,952] {dagbag.py:507} INFO - Filling up the DagBag from /home/guilherme/Documents/weather_datapipeline/airflow_weather/venv/lib/python3.10/site-packages/airflow/example_dags/example_xcomargs.py
[2023-05-19 18:28:10,964] {processor.py:651} INFO - DAG(s) dict_keys(['example_xcom_args', 'example_xcom_args_with_operators']) retrieved from /home/guilherme/Documents/weather_datapipeline/airflow_weather/venv/lib/python3.10/site-packages/airflow/example_dags/example_xcomargs.py
[2023-05-19 18:28:10,987] {logging_mixin.py:115} INFO - [2023-05-19 18:28:10,987] {dag.py:2379} INFO - Sync 2 DAGs
[2023-05-19 18:28:10,994] {logging_mixin.py:115} INFO - [2023-05-19 18:28:10,994] {dag.py:2927} INFO - Setting next_dagrun for example_xcom_args to None, run_after=None
[2023-05-19 18:28:10,994] {logging_mixin.py:115} INFO - [2023-05-19 18:28:10,994] {dag.py:2927} INFO - Setting next_dagrun for example_xcom_args_with_operators to None, run_after=None
[2023-05-19 18:28:11,000] {processor.py:161} INFO - Processing /home/guilherme/Documents/weather_datapipeline/airflow_weather/venv/lib/python3.10/site-packages/airflow/example_dags/example_xcomargs.py took 0.051 seconds
