[2023-05-19 17:59:36,405] {processor.py:153} INFO - Started process (PID=11071) to work on /home/guilherme/Documents/weather_datapipeline/airflow_weather/venv/lib/python3.10/site-packages/airflow/example_dags/example_task_group.py
[2023-05-19 17:59:36,406] {processor.py:641} INFO - Processing file /home/guilherme/Documents/weather_datapipeline/airflow_weather/venv/lib/python3.10/site-packages/airflow/example_dags/example_task_group.py for tasks to queue
[2023-05-19 17:59:36,406] {logging_mixin.py:115} INFO - [2023-05-19 17:59:36,406] {dagbag.py:507} INFO - Filling up the DagBag from /home/guilherme/Documents/weather_datapipeline/airflow_weather/venv/lib/python3.10/site-packages/airflow/example_dags/example_task_group.py
[2023-05-19 17:59:36,410] {processor.py:651} INFO - DAG(s) dict_keys(['example_task_group']) retrieved from /home/guilherme/Documents/weather_datapipeline/airflow_weather/venv/lib/python3.10/site-packages/airflow/example_dags/example_task_group.py
[2023-05-19 17:59:36,442] {logging_mixin.py:115} INFO - [2023-05-19 17:59:36,442] {manager.py:508} INFO - Created Permission View: can edit on DAG:example_task_group
[2023-05-19 17:59:36,447] {logging_mixin.py:115} INFO - [2023-05-19 17:59:36,446] {manager.py:508} INFO - Created Permission View: can delete on DAG:example_task_group
[2023-05-19 17:59:36,450] {logging_mixin.py:115} INFO - [2023-05-19 17:59:36,450] {manager.py:508} INFO - Created Permission View: can read on DAG:example_task_group
[2023-05-19 17:59:36,450] {logging_mixin.py:115} INFO - [2023-05-19 17:59:36,450] {dag.py:2379} INFO - Sync 1 DAGs
[2023-05-19 17:59:36,454] {logging_mixin.py:115} INFO - [2023-05-19 17:59:36,454] {dag.py:2398} INFO - Creating ORM DAG for example_task_group
[2023-05-19 17:59:36,458] {logging_mixin.py:115} INFO - [2023-05-19 17:59:36,458] {dag.py:2927} INFO - Setting next_dagrun for example_task_group to 2023-05-18T20:59:36.458575+00:00, run_after=2023-05-19T20:59:36.458575+00:00
[2023-05-19 17:59:36,465] {processor.py:161} INFO - Processing /home/guilherme/Documents/weather_datapipeline/airflow_weather/venv/lib/python3.10/site-packages/airflow/example_dags/example_task_group.py took 0.062 seconds
[2023-05-19 18:00:08,418] {processor.py:153} INFO - Started process (PID=11140) to work on /home/guilherme/Documents/weather_datapipeline/airflow_weather/venv/lib/python3.10/site-packages/airflow/example_dags/example_task_group.py
[2023-05-19 18:00:08,419] {processor.py:641} INFO - Processing file /home/guilherme/Documents/weather_datapipeline/airflow_weather/venv/lib/python3.10/site-packages/airflow/example_dags/example_task_group.py for tasks to queue
[2023-05-19 18:00:08,419] {logging_mixin.py:115} INFO - [2023-05-19 18:00:08,419] {dagbag.py:507} INFO - Filling up the DagBag from /home/guilherme/Documents/weather_datapipeline/airflow_weather/venv/lib/python3.10/site-packages/airflow/example_dags/example_task_group.py
[2023-05-19 18:00:08,423] {processor.py:651} INFO - DAG(s) dict_keys(['example_task_group']) retrieved from /home/guilherme/Documents/weather_datapipeline/airflow_weather/venv/lib/python3.10/site-packages/airflow/example_dags/example_task_group.py
[2023-05-19 18:00:08,433] {logging_mixin.py:115} INFO - [2023-05-19 18:00:08,433] {dag.py:2379} INFO - Sync 1 DAGs
[2023-05-19 18:00:08,443] {logging_mixin.py:115} INFO - [2023-05-19 18:00:08,443] {dag.py:2927} INFO - Setting next_dagrun for example_task_group to 2023-05-18T21:00:08.443608+00:00, run_after=2023-05-19T21:00:08.443608+00:00
[2023-05-19 18:00:08,451] {processor.py:161} INFO - Processing /home/guilherme/Documents/weather_datapipeline/airflow_weather/venv/lib/python3.10/site-packages/airflow/example_dags/example_task_group.py took 0.034 seconds
[2023-05-19 18:00:40,852] {processor.py:153} INFO - Started process (PID=11219) to work on /home/guilherme/Documents/weather_datapipeline/airflow_weather/venv/lib/python3.10/site-packages/airflow/example_dags/example_task_group.py
[2023-05-19 18:00:40,853] {processor.py:641} INFO - Processing file /home/guilherme/Documents/weather_datapipeline/airflow_weather/venv/lib/python3.10/site-packages/airflow/example_dags/example_task_group.py for tasks to queue
[2023-05-19 18:00:40,853] {logging_mixin.py:115} INFO - [2023-05-19 18:00:40,853] {dagbag.py:507} INFO - Filling up the DagBag from /home/guilherme/Documents/weather_datapipeline/airflow_weather/venv/lib/python3.10/site-packages/airflow/example_dags/example_task_group.py
[2023-05-19 18:00:40,857] {processor.py:651} INFO - DAG(s) dict_keys(['example_task_group']) retrieved from /home/guilherme/Documents/weather_datapipeline/airflow_weather/venv/lib/python3.10/site-packages/airflow/example_dags/example_task_group.py
[2023-05-19 18:00:40,866] {logging_mixin.py:115} INFO - [2023-05-19 18:00:40,866] {dag.py:2379} INFO - Sync 1 DAGs
[2023-05-19 18:00:40,877] {logging_mixin.py:115} INFO - [2023-05-19 18:00:40,877] {dag.py:2927} INFO - Setting next_dagrun for example_task_group to 2023-05-18T21:00:40.876905+00:00, run_after=2023-05-19T21:00:40.876905+00:00
[2023-05-19 18:00:40,883] {processor.py:161} INFO - Processing /home/guilherme/Documents/weather_datapipeline/airflow_weather/venv/lib/python3.10/site-packages/airflow/example_dags/example_task_group.py took 0.032 seconds
[2023-05-19 18:01:13,854] {processor.py:153} INFO - Started process (PID=11284) to work on /home/guilherme/Documents/weather_datapipeline/airflow_weather/venv/lib/python3.10/site-packages/airflow/example_dags/example_task_group.py
[2023-05-19 18:01:13,854] {processor.py:641} INFO - Processing file /home/guilherme/Documents/weather_datapipeline/airflow_weather/venv/lib/python3.10/site-packages/airflow/example_dags/example_task_group.py for tasks to queue
[2023-05-19 18:01:13,854] {logging_mixin.py:115} INFO - [2023-05-19 18:01:13,854] {dagbag.py:507} INFO - Filling up the DagBag from /home/guilherme/Documents/weather_datapipeline/airflow_weather/venv/lib/python3.10/site-packages/airflow/example_dags/example_task_group.py
[2023-05-19 18:01:13,858] {processor.py:651} INFO - DAG(s) dict_keys(['example_task_group']) retrieved from /home/guilherme/Documents/weather_datapipeline/airflow_weather/venv/lib/python3.10/site-packages/airflow/example_dags/example_task_group.py
[2023-05-19 18:01:13,867] {logging_mixin.py:115} INFO - [2023-05-19 18:01:13,867] {dag.py:2379} INFO - Sync 1 DAGs
[2023-05-19 18:01:13,877] {logging_mixin.py:115} INFO - [2023-05-19 18:01:13,877] {dag.py:2927} INFO - Setting next_dagrun for example_task_group to 2023-05-18T21:01:13.877093+00:00, run_after=2023-05-19T21:01:13.877093+00:00
[2023-05-19 18:01:13,885] {processor.py:161} INFO - Processing /home/guilherme/Documents/weather_datapipeline/airflow_weather/venv/lib/python3.10/site-packages/airflow/example_dags/example_task_group.py took 0.033 seconds
[2023-05-19 18:01:45,574] {processor.py:153} INFO - Started process (PID=11474) to work on /home/guilherme/Documents/weather_datapipeline/airflow_weather/venv/lib/python3.10/site-packages/airflow/example_dags/example_task_group.py
[2023-05-19 18:01:45,575] {processor.py:641} INFO - Processing file /home/guilherme/Documents/weather_datapipeline/airflow_weather/venv/lib/python3.10/site-packages/airflow/example_dags/example_task_group.py for tasks to queue
[2023-05-19 18:01:45,575] {logging_mixin.py:115} INFO - [2023-05-19 18:01:45,575] {dagbag.py:507} INFO - Filling up the DagBag from /home/guilherme/Documents/weather_datapipeline/airflow_weather/venv/lib/python3.10/site-packages/airflow/example_dags/example_task_group.py
[2023-05-19 18:01:45,579] {processor.py:651} INFO - DAG(s) dict_keys(['example_task_group']) retrieved from /home/guilherme/Documents/weather_datapipeline/airflow_weather/venv/lib/python3.10/site-packages/airflow/example_dags/example_task_group.py
[2023-05-19 18:01:45,591] {logging_mixin.py:115} INFO - [2023-05-19 18:01:45,591] {dag.py:2379} INFO - Sync 1 DAGs
[2023-05-19 18:01:45,605] {logging_mixin.py:115} INFO - [2023-05-19 18:01:45,604] {dag.py:2927} INFO - Setting next_dagrun for example_task_group to 2023-05-18T21:01:45.603887+00:00, run_after=2023-05-19T21:01:45.603887+00:00
[2023-05-19 18:01:45,614] {processor.py:161} INFO - Processing /home/guilherme/Documents/weather_datapipeline/airflow_weather/venv/lib/python3.10/site-packages/airflow/example_dags/example_task_group.py took 0.042 seconds
[2023-05-19 18:02:20,463] {processor.py:153} INFO - Started process (PID=11845) to work on /home/guilherme/Documents/weather_datapipeline/airflow_weather/venv/lib/python3.10/site-packages/airflow/example_dags/example_task_group.py
[2023-05-19 18:02:20,463] {processor.py:641} INFO - Processing file /home/guilherme/Documents/weather_datapipeline/airflow_weather/venv/lib/python3.10/site-packages/airflow/example_dags/example_task_group.py for tasks to queue
[2023-05-19 18:02:20,464] {logging_mixin.py:115} INFO - [2023-05-19 18:02:20,464] {dagbag.py:507} INFO - Filling up the DagBag from /home/guilherme/Documents/weather_datapipeline/airflow_weather/venv/lib/python3.10/site-packages/airflow/example_dags/example_task_group.py
[2023-05-19 18:02:20,468] {processor.py:651} INFO - DAG(s) dict_keys(['example_task_group']) retrieved from /home/guilherme/Documents/weather_datapipeline/airflow_weather/venv/lib/python3.10/site-packages/airflow/example_dags/example_task_group.py
[2023-05-19 18:02:20,478] {logging_mixin.py:115} INFO - [2023-05-19 18:02:20,478] {dag.py:2379} INFO - Sync 1 DAGs
[2023-05-19 18:02:20,489] {logging_mixin.py:115} INFO - [2023-05-19 18:02:20,489] {dag.py:2927} INFO - Setting next_dagrun for example_task_group to 2023-05-18T21:02:20.489497+00:00, run_after=2023-05-19T21:02:20.489497+00:00
[2023-05-19 18:02:20,495] {processor.py:161} INFO - Processing /home/guilherme/Documents/weather_datapipeline/airflow_weather/venv/lib/python3.10/site-packages/airflow/example_dags/example_task_group.py took 0.034 seconds
[2023-05-19 18:02:51,235] {processor.py:153} INFO - Started process (PID=12090) to work on /home/guilherme/Documents/weather_datapipeline/airflow_weather/venv/lib/python3.10/site-packages/airflow/example_dags/example_task_group.py
[2023-05-19 18:02:51,235] {processor.py:641} INFO - Processing file /home/guilherme/Documents/weather_datapipeline/airflow_weather/venv/lib/python3.10/site-packages/airflow/example_dags/example_task_group.py for tasks to queue
[2023-05-19 18:02:51,236] {logging_mixin.py:115} INFO - [2023-05-19 18:02:51,235] {dagbag.py:507} INFO - Filling up the DagBag from /home/guilherme/Documents/weather_datapipeline/airflow_weather/venv/lib/python3.10/site-packages/airflow/example_dags/example_task_group.py
[2023-05-19 18:02:51,239] {processor.py:651} INFO - DAG(s) dict_keys(['example_task_group']) retrieved from /home/guilherme/Documents/weather_datapipeline/airflow_weather/venv/lib/python3.10/site-packages/airflow/example_dags/example_task_group.py
[2023-05-19 18:02:51,247] {logging_mixin.py:115} INFO - [2023-05-19 18:02:51,247] {dag.py:2379} INFO - Sync 1 DAGs
[2023-05-19 18:02:51,256] {logging_mixin.py:115} INFO - [2023-05-19 18:02:51,256] {dag.py:2927} INFO - Setting next_dagrun for example_task_group to 2023-05-18T21:02:51.256715+00:00, run_after=2023-05-19T21:02:51.256715+00:00
[2023-05-19 18:02:51,262] {processor.py:161} INFO - Processing /home/guilherme/Documents/weather_datapipeline/airflow_weather/venv/lib/python3.10/site-packages/airflow/example_dags/example_task_group.py took 0.028 seconds
[2023-05-19 18:03:24,888] {processor.py:153} INFO - Started process (PID=12289) to work on /home/guilherme/Documents/weather_datapipeline/airflow_weather/venv/lib/python3.10/site-packages/airflow/example_dags/example_task_group.py
[2023-05-19 18:03:24,889] {processor.py:641} INFO - Processing file /home/guilherme/Documents/weather_datapipeline/airflow_weather/venv/lib/python3.10/site-packages/airflow/example_dags/example_task_group.py for tasks to queue
[2023-05-19 18:03:24,889] {logging_mixin.py:115} INFO - [2023-05-19 18:03:24,889] {dagbag.py:507} INFO - Filling up the DagBag from /home/guilherme/Documents/weather_datapipeline/airflow_weather/venv/lib/python3.10/site-packages/airflow/example_dags/example_task_group.py
[2023-05-19 18:03:24,894] {processor.py:651} INFO - DAG(s) dict_keys(['example_task_group']) retrieved from /home/guilherme/Documents/weather_datapipeline/airflow_weather/venv/lib/python3.10/site-packages/airflow/example_dags/example_task_group.py
[2023-05-19 18:03:24,903] {logging_mixin.py:115} INFO - [2023-05-19 18:03:24,903] {dag.py:2379} INFO - Sync 1 DAGs
[2023-05-19 18:03:24,914] {logging_mixin.py:115} INFO - [2023-05-19 18:03:24,914] {dag.py:2927} INFO - Setting next_dagrun for example_task_group to 2023-05-18T21:03:24.914047+00:00, run_after=2023-05-19T21:03:24.914047+00:00
[2023-05-19 18:03:24,922] {processor.py:161} INFO - Processing /home/guilherme/Documents/weather_datapipeline/airflow_weather/venv/lib/python3.10/site-packages/airflow/example_dags/example_task_group.py took 0.035 seconds
[2023-05-19 18:03:58,291] {processor.py:153} INFO - Started process (PID=12414) to work on /home/guilherme/Documents/weather_datapipeline/airflow_weather/venv/lib/python3.10/site-packages/airflow/example_dags/example_task_group.py
[2023-05-19 18:03:58,292] {processor.py:641} INFO - Processing file /home/guilherme/Documents/weather_datapipeline/airflow_weather/venv/lib/python3.10/site-packages/airflow/example_dags/example_task_group.py for tasks to queue
[2023-05-19 18:03:58,292] {logging_mixin.py:115} INFO - [2023-05-19 18:03:58,292] {dagbag.py:507} INFO - Filling up the DagBag from /home/guilherme/Documents/weather_datapipeline/airflow_weather/venv/lib/python3.10/site-packages/airflow/example_dags/example_task_group.py
[2023-05-19 18:03:58,296] {processor.py:651} INFO - DAG(s) dict_keys(['example_task_group']) retrieved from /home/guilherme/Documents/weather_datapipeline/airflow_weather/venv/lib/python3.10/site-packages/airflow/example_dags/example_task_group.py
[2023-05-19 18:03:58,305] {logging_mixin.py:115} INFO - [2023-05-19 18:03:58,305] {dag.py:2379} INFO - Sync 1 DAGs
[2023-05-19 18:03:58,315] {logging_mixin.py:115} INFO - [2023-05-19 18:03:58,315] {dag.py:2927} INFO - Setting next_dagrun for example_task_group to 2023-05-18T21:03:58.315133+00:00, run_after=2023-05-19T21:03:58.315133+00:00
[2023-05-19 18:03:58,321] {processor.py:161} INFO - Processing /home/guilherme/Documents/weather_datapipeline/airflow_weather/venv/lib/python3.10/site-packages/airflow/example_dags/example_task_group.py took 0.033 seconds
[2023-05-19 18:04:29,703] {processor.py:153} INFO - Started process (PID=12554) to work on /home/guilherme/Documents/weather_datapipeline/airflow_weather/venv/lib/python3.10/site-packages/airflow/example_dags/example_task_group.py
[2023-05-19 18:04:29,704] {processor.py:641} INFO - Processing file /home/guilherme/Documents/weather_datapipeline/airflow_weather/venv/lib/python3.10/site-packages/airflow/example_dags/example_task_group.py for tasks to queue
[2023-05-19 18:04:29,704] {logging_mixin.py:115} INFO - [2023-05-19 18:04:29,704] {dagbag.py:507} INFO - Filling up the DagBag from /home/guilherme/Documents/weather_datapipeline/airflow_weather/venv/lib/python3.10/site-packages/airflow/example_dags/example_task_group.py
[2023-05-19 18:04:29,707] {processor.py:651} INFO - DAG(s) dict_keys(['example_task_group']) retrieved from /home/guilherme/Documents/weather_datapipeline/airflow_weather/venv/lib/python3.10/site-packages/airflow/example_dags/example_task_group.py
[2023-05-19 18:04:29,718] {logging_mixin.py:115} INFO - [2023-05-19 18:04:29,718] {dag.py:2379} INFO - Sync 1 DAGs
[2023-05-19 18:04:29,728] {logging_mixin.py:115} INFO - [2023-05-19 18:04:29,728] {dag.py:2927} INFO - Setting next_dagrun for example_task_group to 2023-05-18T21:04:29.728101+00:00, run_after=2023-05-19T21:04:29.728101+00:00
[2023-05-19 18:04:29,735] {processor.py:161} INFO - Processing /home/guilherme/Documents/weather_datapipeline/airflow_weather/venv/lib/python3.10/site-packages/airflow/example_dags/example_task_group.py took 0.033 seconds
[2023-05-19 18:05:03,353] {processor.py:153} INFO - Started process (PID=12648) to work on /home/guilherme/Documents/weather_datapipeline/airflow_weather/venv/lib/python3.10/site-packages/airflow/example_dags/example_task_group.py
[2023-05-19 18:05:03,353] {processor.py:641} INFO - Processing file /home/guilherme/Documents/weather_datapipeline/airflow_weather/venv/lib/python3.10/site-packages/airflow/example_dags/example_task_group.py for tasks to queue
[2023-05-19 18:05:03,354] {logging_mixin.py:115} INFO - [2023-05-19 18:05:03,353] {dagbag.py:507} INFO - Filling up the DagBag from /home/guilherme/Documents/weather_datapipeline/airflow_weather/venv/lib/python3.10/site-packages/airflow/example_dags/example_task_group.py
[2023-05-19 18:05:03,357] {processor.py:651} INFO - DAG(s) dict_keys(['example_task_group']) retrieved from /home/guilherme/Documents/weather_datapipeline/airflow_weather/venv/lib/python3.10/site-packages/airflow/example_dags/example_task_group.py
[2023-05-19 18:05:03,369] {logging_mixin.py:115} INFO - [2023-05-19 18:05:03,369] {dag.py:2379} INFO - Sync 1 DAGs
[2023-05-19 18:05:03,377] {logging_mixin.py:115} INFO - [2023-05-19 18:05:03,377] {dag.py:2927} INFO - Setting next_dagrun for example_task_group to 2023-05-18T21:05:03.377282+00:00, run_after=2023-05-19T21:05:03.377282+00:00
[2023-05-19 18:05:03,384] {processor.py:161} INFO - Processing /home/guilherme/Documents/weather_datapipeline/airflow_weather/venv/lib/python3.10/site-packages/airflow/example_dags/example_task_group.py took 0.033 seconds
[2023-05-19 18:05:35,230] {processor.py:153} INFO - Started process (PID=12906) to work on /home/guilherme/Documents/weather_datapipeline/airflow_weather/venv/lib/python3.10/site-packages/airflow/example_dags/example_task_group.py
[2023-05-19 18:05:35,230] {processor.py:641} INFO - Processing file /home/guilherme/Documents/weather_datapipeline/airflow_weather/venv/lib/python3.10/site-packages/airflow/example_dags/example_task_group.py for tasks to queue
[2023-05-19 18:05:35,231] {logging_mixin.py:115} INFO - [2023-05-19 18:05:35,231] {dagbag.py:507} INFO - Filling up the DagBag from /home/guilherme/Documents/weather_datapipeline/airflow_weather/venv/lib/python3.10/site-packages/airflow/example_dags/example_task_group.py
[2023-05-19 18:05:35,235] {processor.py:651} INFO - DAG(s) dict_keys(['example_task_group']) retrieved from /home/guilherme/Documents/weather_datapipeline/airflow_weather/venv/lib/python3.10/site-packages/airflow/example_dags/example_task_group.py
[2023-05-19 18:05:35,245] {logging_mixin.py:115} INFO - [2023-05-19 18:05:35,245] {dag.py:2379} INFO - Sync 1 DAGs
[2023-05-19 18:05:35,253] {logging_mixin.py:115} INFO - [2023-05-19 18:05:35,253] {dag.py:2927} INFO - Setting next_dagrun for example_task_group to 2023-05-18T21:05:35.253771+00:00, run_after=2023-05-19T21:05:35.253771+00:00
[2023-05-19 18:05:35,259] {processor.py:161} INFO - Processing /home/guilherme/Documents/weather_datapipeline/airflow_weather/venv/lib/python3.10/site-packages/airflow/example_dags/example_task_group.py took 0.031 seconds
[2023-05-19 18:06:07,130] {processor.py:153} INFO - Started process (PID=13308) to work on /home/guilherme/Documents/weather_datapipeline/airflow_weather/venv/lib/python3.10/site-packages/airflow/example_dags/example_task_group.py
[2023-05-19 18:06:07,131] {processor.py:641} INFO - Processing file /home/guilherme/Documents/weather_datapipeline/airflow_weather/venv/lib/python3.10/site-packages/airflow/example_dags/example_task_group.py for tasks to queue
[2023-05-19 18:06:07,131] {logging_mixin.py:115} INFO - [2023-05-19 18:06:07,131] {dagbag.py:507} INFO - Filling up the DagBag from /home/guilherme/Documents/weather_datapipeline/airflow_weather/venv/lib/python3.10/site-packages/airflow/example_dags/example_task_group.py
[2023-05-19 18:06:07,134] {processor.py:651} INFO - DAG(s) dict_keys(['example_task_group']) retrieved from /home/guilherme/Documents/weather_datapipeline/airflow_weather/venv/lib/python3.10/site-packages/airflow/example_dags/example_task_group.py
[2023-05-19 18:06:07,145] {logging_mixin.py:115} INFO - [2023-05-19 18:06:07,145] {dag.py:2379} INFO - Sync 1 DAGs
[2023-05-19 18:06:07,153] {logging_mixin.py:115} INFO - [2023-05-19 18:06:07,153] {dag.py:2927} INFO - Setting next_dagrun for example_task_group to 2023-05-18T21:06:07.153404+00:00, run_after=2023-05-19T21:06:07.153404+00:00
[2023-05-19 18:06:07,159] {processor.py:161} INFO - Processing /home/guilherme/Documents/weather_datapipeline/airflow_weather/venv/lib/python3.10/site-packages/airflow/example_dags/example_task_group.py took 0.030 seconds
[2023-05-19 18:06:38,993] {processor.py:153} INFO - Started process (PID=13701) to work on /home/guilherme/Documents/weather_datapipeline/airflow_weather/venv/lib/python3.10/site-packages/airflow/example_dags/example_task_group.py
[2023-05-19 18:06:38,994] {processor.py:641} INFO - Processing file /home/guilherme/Documents/weather_datapipeline/airflow_weather/venv/lib/python3.10/site-packages/airflow/example_dags/example_task_group.py for tasks to queue
[2023-05-19 18:06:38,994] {logging_mixin.py:115} INFO - [2023-05-19 18:06:38,994] {dagbag.py:507} INFO - Filling up the DagBag from /home/guilherme/Documents/weather_datapipeline/airflow_weather/venv/lib/python3.10/site-packages/airflow/example_dags/example_task_group.py
[2023-05-19 18:06:38,998] {processor.py:651} INFO - DAG(s) dict_keys(['example_task_group']) retrieved from /home/guilherme/Documents/weather_datapipeline/airflow_weather/venv/lib/python3.10/site-packages/airflow/example_dags/example_task_group.py
[2023-05-19 18:06:39,008] {logging_mixin.py:115} INFO - [2023-05-19 18:06:39,008] {dag.py:2379} INFO - Sync 1 DAGs
[2023-05-19 18:06:39,017] {logging_mixin.py:115} INFO - [2023-05-19 18:06:39,017] {dag.py:2927} INFO - Setting next_dagrun for example_task_group to 2023-05-18T21:06:39.017310+00:00, run_after=2023-05-19T21:06:39.017310+00:00
[2023-05-19 18:06:39,024] {processor.py:161} INFO - Processing /home/guilherme/Documents/weather_datapipeline/airflow_weather/venv/lib/python3.10/site-packages/airflow/example_dags/example_task_group.py took 0.032 seconds
[2023-05-19 18:07:12,346] {processor.py:153} INFO - Started process (PID=14243) to work on /home/guilherme/Documents/weather_datapipeline/airflow_weather/venv/lib/python3.10/site-packages/airflow/example_dags/example_task_group.py
[2023-05-19 18:07:12,346] {processor.py:641} INFO - Processing file /home/guilherme/Documents/weather_datapipeline/airflow_weather/venv/lib/python3.10/site-packages/airflow/example_dags/example_task_group.py for tasks to queue
[2023-05-19 18:07:12,347] {logging_mixin.py:115} INFO - [2023-05-19 18:07:12,346] {dagbag.py:507} INFO - Filling up the DagBag from /home/guilherme/Documents/weather_datapipeline/airflow_weather/venv/lib/python3.10/site-packages/airflow/example_dags/example_task_group.py
[2023-05-19 18:07:12,350] {processor.py:651} INFO - DAG(s) dict_keys(['example_task_group']) retrieved from /home/guilherme/Documents/weather_datapipeline/airflow_weather/venv/lib/python3.10/site-packages/airflow/example_dags/example_task_group.py
[2023-05-19 18:07:12,359] {logging_mixin.py:115} INFO - [2023-05-19 18:07:12,359] {dag.py:2379} INFO - Sync 1 DAGs
[2023-05-19 18:07:12,367] {logging_mixin.py:115} INFO - [2023-05-19 18:07:12,367] {dag.py:2927} INFO - Setting next_dagrun for example_task_group to 2023-05-18T21:07:12.367106+00:00, run_after=2023-05-19T21:07:12.367106+00:00
[2023-05-19 18:07:12,372] {processor.py:161} INFO - Processing /home/guilherme/Documents/weather_datapipeline/airflow_weather/venv/lib/python3.10/site-packages/airflow/example_dags/example_task_group.py took 0.028 seconds
[2023-05-19 18:07:44,853] {processor.py:153} INFO - Started process (PID=14450) to work on /home/guilherme/Documents/weather_datapipeline/airflow_weather/venv/lib/python3.10/site-packages/airflow/example_dags/example_task_group.py
[2023-05-19 18:07:44,853] {processor.py:641} INFO - Processing file /home/guilherme/Documents/weather_datapipeline/airflow_weather/venv/lib/python3.10/site-packages/airflow/example_dags/example_task_group.py for tasks to queue
[2023-05-19 18:07:44,854] {logging_mixin.py:115} INFO - [2023-05-19 18:07:44,854] {dagbag.py:507} INFO - Filling up the DagBag from /home/guilherme/Documents/weather_datapipeline/airflow_weather/venv/lib/python3.10/site-packages/airflow/example_dags/example_task_group.py
[2023-05-19 18:07:44,858] {processor.py:651} INFO - DAG(s) dict_keys(['example_task_group']) retrieved from /home/guilherme/Documents/weather_datapipeline/airflow_weather/venv/lib/python3.10/site-packages/airflow/example_dags/example_task_group.py
[2023-05-19 18:07:44,869] {logging_mixin.py:115} INFO - [2023-05-19 18:07:44,869] {dag.py:2379} INFO - Sync 1 DAGs
[2023-05-19 18:07:44,877] {logging_mixin.py:115} INFO - [2023-05-19 18:07:44,877] {dag.py:2927} INFO - Setting next_dagrun for example_task_group to 2023-05-18T21:07:44.877552+00:00, run_after=2023-05-19T21:07:44.877552+00:00
[2023-05-19 18:07:44,883] {processor.py:161} INFO - Processing /home/guilherme/Documents/weather_datapipeline/airflow_weather/venv/lib/python3.10/site-packages/airflow/example_dags/example_task_group.py took 0.032 seconds
[2023-05-19 18:08:19,309] {processor.py:153} INFO - Started process (PID=14655) to work on /home/guilherme/Documents/weather_datapipeline/airflow_weather/venv/lib/python3.10/site-packages/airflow/example_dags/example_task_group.py
[2023-05-19 18:08:19,310] {processor.py:641} INFO - Processing file /home/guilherme/Documents/weather_datapipeline/airflow_weather/venv/lib/python3.10/site-packages/airflow/example_dags/example_task_group.py for tasks to queue
[2023-05-19 18:08:19,310] {logging_mixin.py:115} INFO - [2023-05-19 18:08:19,310] {dagbag.py:507} INFO - Filling up the DagBag from /home/guilherme/Documents/weather_datapipeline/airflow_weather/venv/lib/python3.10/site-packages/airflow/example_dags/example_task_group.py
[2023-05-19 18:08:19,314] {processor.py:651} INFO - DAG(s) dict_keys(['example_task_group']) retrieved from /home/guilherme/Documents/weather_datapipeline/airflow_weather/venv/lib/python3.10/site-packages/airflow/example_dags/example_task_group.py
[2023-05-19 18:08:19,325] {logging_mixin.py:115} INFO - [2023-05-19 18:08:19,325] {dag.py:2379} INFO - Sync 1 DAGs
[2023-05-19 18:08:19,334] {logging_mixin.py:115} INFO - [2023-05-19 18:08:19,334] {dag.py:2927} INFO - Setting next_dagrun for example_task_group to 2023-05-18T21:08:19.334520+00:00, run_after=2023-05-19T21:08:19.334520+00:00
[2023-05-19 18:08:19,341] {processor.py:161} INFO - Processing /home/guilherme/Documents/weather_datapipeline/airflow_weather/venv/lib/python3.10/site-packages/airflow/example_dags/example_task_group.py took 0.034 seconds
[2023-05-19 18:08:51,677] {processor.py:153} INFO - Started process (PID=14840) to work on /home/guilherme/Documents/weather_datapipeline/airflow_weather/venv/lib/python3.10/site-packages/airflow/example_dags/example_task_group.py
[2023-05-19 18:08:51,678] {processor.py:641} INFO - Processing file /home/guilherme/Documents/weather_datapipeline/airflow_weather/venv/lib/python3.10/site-packages/airflow/example_dags/example_task_group.py for tasks to queue
[2023-05-19 18:08:51,678] {logging_mixin.py:115} INFO - [2023-05-19 18:08:51,678] {dagbag.py:507} INFO - Filling up the DagBag from /home/guilherme/Documents/weather_datapipeline/airflow_weather/venv/lib/python3.10/site-packages/airflow/example_dags/example_task_group.py
[2023-05-19 18:08:51,683] {processor.py:651} INFO - DAG(s) dict_keys(['example_task_group']) retrieved from /home/guilherme/Documents/weather_datapipeline/airflow_weather/venv/lib/python3.10/site-packages/airflow/example_dags/example_task_group.py
[2023-05-19 18:08:51,695] {logging_mixin.py:115} INFO - [2023-05-19 18:08:51,695] {dag.py:2379} INFO - Sync 1 DAGs
[2023-05-19 18:08:51,704] {logging_mixin.py:115} INFO - [2023-05-19 18:08:51,704] {dag.py:2927} INFO - Setting next_dagrun for example_task_group to 2023-05-18T21:08:51.704239+00:00, run_after=2023-05-19T21:08:51.704239+00:00
[2023-05-19 18:08:51,711] {processor.py:161} INFO - Processing /home/guilherme/Documents/weather_datapipeline/airflow_weather/venv/lib/python3.10/site-packages/airflow/example_dags/example_task_group.py took 0.037 seconds
[2023-05-19 18:09:23,715] {processor.py:153} INFO - Started process (PID=15035) to work on /home/guilherme/Documents/weather_datapipeline/airflow_weather/venv/lib/python3.10/site-packages/airflow/example_dags/example_task_group.py
[2023-05-19 18:09:23,715] {processor.py:641} INFO - Processing file /home/guilherme/Documents/weather_datapipeline/airflow_weather/venv/lib/python3.10/site-packages/airflow/example_dags/example_task_group.py for tasks to queue
[2023-05-19 18:09:23,716] {logging_mixin.py:115} INFO - [2023-05-19 18:09:23,716] {dagbag.py:507} INFO - Filling up the DagBag from /home/guilherme/Documents/weather_datapipeline/airflow_weather/venv/lib/python3.10/site-packages/airflow/example_dags/example_task_group.py
[2023-05-19 18:09:23,719] {processor.py:651} INFO - DAG(s) dict_keys(['example_task_group']) retrieved from /home/guilherme/Documents/weather_datapipeline/airflow_weather/venv/lib/python3.10/site-packages/airflow/example_dags/example_task_group.py
[2023-05-19 18:09:23,729] {logging_mixin.py:115} INFO - [2023-05-19 18:09:23,729] {dag.py:2379} INFO - Sync 1 DAGs
[2023-05-19 18:09:23,737] {logging_mixin.py:115} INFO - [2023-05-19 18:09:23,737] {dag.py:2927} INFO - Setting next_dagrun for example_task_group to 2023-05-18T21:09:23.737416+00:00, run_after=2023-05-19T21:09:23.737416+00:00
[2023-05-19 18:09:23,743] {processor.py:161} INFO - Processing /home/guilherme/Documents/weather_datapipeline/airflow_weather/venv/lib/python3.10/site-packages/airflow/example_dags/example_task_group.py took 0.029 seconds
[2023-05-19 18:09:58,475] {processor.py:153} INFO - Started process (PID=15231) to work on /home/guilherme/Documents/weather_datapipeline/airflow_weather/venv/lib/python3.10/site-packages/airflow/example_dags/example_task_group.py
[2023-05-19 18:09:58,475] {processor.py:641} INFO - Processing file /home/guilherme/Documents/weather_datapipeline/airflow_weather/venv/lib/python3.10/site-packages/airflow/example_dags/example_task_group.py for tasks to queue
[2023-05-19 18:09:58,476] {logging_mixin.py:115} INFO - [2023-05-19 18:09:58,476] {dagbag.py:507} INFO - Filling up the DagBag from /home/guilherme/Documents/weather_datapipeline/airflow_weather/venv/lib/python3.10/site-packages/airflow/example_dags/example_task_group.py
[2023-05-19 18:09:58,479] {processor.py:651} INFO - DAG(s) dict_keys(['example_task_group']) retrieved from /home/guilherme/Documents/weather_datapipeline/airflow_weather/venv/lib/python3.10/site-packages/airflow/example_dags/example_task_group.py
[2023-05-19 18:09:58,491] {logging_mixin.py:115} INFO - [2023-05-19 18:09:58,491] {dag.py:2379} INFO - Sync 1 DAGs
[2023-05-19 18:09:58,503] {logging_mixin.py:115} INFO - [2023-05-19 18:09:58,503] {dag.py:2927} INFO - Setting next_dagrun for example_task_group to 2023-05-18T21:09:58.502223+00:00, run_after=2023-05-19T21:09:58.502223+00:00
[2023-05-19 18:09:58,510] {processor.py:161} INFO - Processing /home/guilherme/Documents/weather_datapipeline/airflow_weather/venv/lib/python3.10/site-packages/airflow/example_dags/example_task_group.py took 0.036 seconds
[2023-05-19 18:10:29,756] {processor.py:153} INFO - Started process (PID=15308) to work on /home/guilherme/Documents/weather_datapipeline/airflow_weather/venv/lib/python3.10/site-packages/airflow/example_dags/example_task_group.py
[2023-05-19 18:10:29,756] {processor.py:641} INFO - Processing file /home/guilherme/Documents/weather_datapipeline/airflow_weather/venv/lib/python3.10/site-packages/airflow/example_dags/example_task_group.py for tasks to queue
[2023-05-19 18:10:29,757] {logging_mixin.py:115} INFO - [2023-05-19 18:10:29,756] {dagbag.py:507} INFO - Filling up the DagBag from /home/guilherme/Documents/weather_datapipeline/airflow_weather/venv/lib/python3.10/site-packages/airflow/example_dags/example_task_group.py
[2023-05-19 18:10:29,761] {processor.py:651} INFO - DAG(s) dict_keys(['example_task_group']) retrieved from /home/guilherme/Documents/weather_datapipeline/airflow_weather/venv/lib/python3.10/site-packages/airflow/example_dags/example_task_group.py
[2023-05-19 18:10:29,772] {logging_mixin.py:115} INFO - [2023-05-19 18:10:29,772] {dag.py:2379} INFO - Sync 1 DAGs
[2023-05-19 18:10:29,782] {logging_mixin.py:115} INFO - [2023-05-19 18:10:29,782] {dag.py:2927} INFO - Setting next_dagrun for example_task_group to 2023-05-18T21:10:29.781855+00:00, run_after=2023-05-19T21:10:29.781855+00:00
[2023-05-19 18:10:29,789] {processor.py:161} INFO - Processing /home/guilherme/Documents/weather_datapipeline/airflow_weather/venv/lib/python3.10/site-packages/airflow/example_dags/example_task_group.py took 0.035 seconds
[2023-05-19 18:11:01,135] {processor.py:153} INFO - Started process (PID=15374) to work on /home/guilherme/Documents/weather_datapipeline/airflow_weather/venv/lib/python3.10/site-packages/airflow/example_dags/example_task_group.py
[2023-05-19 18:11:01,135] {processor.py:641} INFO - Processing file /home/guilherme/Documents/weather_datapipeline/airflow_weather/venv/lib/python3.10/site-packages/airflow/example_dags/example_task_group.py for tasks to queue
[2023-05-19 18:11:01,136] {logging_mixin.py:115} INFO - [2023-05-19 18:11:01,136] {dagbag.py:507} INFO - Filling up the DagBag from /home/guilherme/Documents/weather_datapipeline/airflow_weather/venv/lib/python3.10/site-packages/airflow/example_dags/example_task_group.py
[2023-05-19 18:11:01,140] {processor.py:651} INFO - DAG(s) dict_keys(['example_task_group']) retrieved from /home/guilherme/Documents/weather_datapipeline/airflow_weather/venv/lib/python3.10/site-packages/airflow/example_dags/example_task_group.py
[2023-05-19 18:11:01,153] {logging_mixin.py:115} INFO - [2023-05-19 18:11:01,153] {dag.py:2379} INFO - Sync 1 DAGs
[2023-05-19 18:11:01,163] {logging_mixin.py:115} INFO - [2023-05-19 18:11:01,163] {dag.py:2927} INFO - Setting next_dagrun for example_task_group to 2023-05-18T21:11:01.163361+00:00, run_after=2023-05-19T21:11:01.163361+00:00
[2023-05-19 18:11:01,172] {processor.py:161} INFO - Processing /home/guilherme/Documents/weather_datapipeline/airflow_weather/venv/lib/python3.10/site-packages/airflow/example_dags/example_task_group.py took 0.039 seconds
[2023-05-19 18:11:32,402] {processor.py:153} INFO - Started process (PID=15437) to work on /home/guilherme/Documents/weather_datapipeline/airflow_weather/venv/lib/python3.10/site-packages/airflow/example_dags/example_task_group.py
[2023-05-19 18:11:32,402] {processor.py:641} INFO - Processing file /home/guilherme/Documents/weather_datapipeline/airflow_weather/venv/lib/python3.10/site-packages/airflow/example_dags/example_task_group.py for tasks to queue
[2023-05-19 18:11:32,402] {logging_mixin.py:115} INFO - [2023-05-19 18:11:32,402] {dagbag.py:507} INFO - Filling up the DagBag from /home/guilherme/Documents/weather_datapipeline/airflow_weather/venv/lib/python3.10/site-packages/airflow/example_dags/example_task_group.py
[2023-05-19 18:11:32,406] {processor.py:651} INFO - DAG(s) dict_keys(['example_task_group']) retrieved from /home/guilherme/Documents/weather_datapipeline/airflow_weather/venv/lib/python3.10/site-packages/airflow/example_dags/example_task_group.py
[2023-05-19 18:11:32,419] {logging_mixin.py:115} INFO - [2023-05-19 18:11:32,419] {dag.py:2379} INFO - Sync 1 DAGs
[2023-05-19 18:11:32,428] {logging_mixin.py:115} INFO - [2023-05-19 18:11:32,428] {dag.py:2927} INFO - Setting next_dagrun for example_task_group to 2023-05-18T21:11:32.428634+00:00, run_after=2023-05-19T21:11:32.428634+00:00
[2023-05-19 18:11:32,436] {processor.py:161} INFO - Processing /home/guilherme/Documents/weather_datapipeline/airflow_weather/venv/lib/python3.10/site-packages/airflow/example_dags/example_task_group.py took 0.036 seconds
[2023-05-19 18:12:04,945] {processor.py:153} INFO - Started process (PID=15473) to work on /home/guilherme/Documents/weather_datapipeline/airflow_weather/venv/lib/python3.10/site-packages/airflow/example_dags/example_task_group.py
[2023-05-19 18:12:04,945] {processor.py:641} INFO - Processing file /home/guilherme/Documents/weather_datapipeline/airflow_weather/venv/lib/python3.10/site-packages/airflow/example_dags/example_task_group.py for tasks to queue
[2023-05-19 18:12:04,946] {logging_mixin.py:115} INFO - [2023-05-19 18:12:04,946] {dagbag.py:507} INFO - Filling up the DagBag from /home/guilherme/Documents/weather_datapipeline/airflow_weather/venv/lib/python3.10/site-packages/airflow/example_dags/example_task_group.py
[2023-05-19 18:12:04,950] {processor.py:651} INFO - DAG(s) dict_keys(['example_task_group']) retrieved from /home/guilherme/Documents/weather_datapipeline/airflow_weather/venv/lib/python3.10/site-packages/airflow/example_dags/example_task_group.py
[2023-05-19 18:12:04,961] {logging_mixin.py:115} INFO - [2023-05-19 18:12:04,960] {dag.py:2379} INFO - Sync 1 DAGs
[2023-05-19 18:12:04,970] {logging_mixin.py:115} INFO - [2023-05-19 18:12:04,970] {dag.py:2927} INFO - Setting next_dagrun for example_task_group to 2023-05-18T21:12:04.970380+00:00, run_after=2023-05-19T21:12:04.970380+00:00
[2023-05-19 18:12:04,978] {processor.py:161} INFO - Processing /home/guilherme/Documents/weather_datapipeline/airflow_weather/venv/lib/python3.10/site-packages/airflow/example_dags/example_task_group.py took 0.036 seconds
[2023-05-19 18:12:35,617] {processor.py:153} INFO - Started process (PID=15543) to work on /home/guilherme/Documents/weather_datapipeline/airflow_weather/venv/lib/python3.10/site-packages/airflow/example_dags/example_task_group.py
[2023-05-19 18:12:35,617] {processor.py:641} INFO - Processing file /home/guilherme/Documents/weather_datapipeline/airflow_weather/venv/lib/python3.10/site-packages/airflow/example_dags/example_task_group.py for tasks to queue
[2023-05-19 18:12:35,618] {logging_mixin.py:115} INFO - [2023-05-19 18:12:35,618] {dagbag.py:507} INFO - Filling up the DagBag from /home/guilherme/Documents/weather_datapipeline/airflow_weather/venv/lib/python3.10/site-packages/airflow/example_dags/example_task_group.py
[2023-05-19 18:12:35,622] {processor.py:651} INFO - DAG(s) dict_keys(['example_task_group']) retrieved from /home/guilherme/Documents/weather_datapipeline/airflow_weather/venv/lib/python3.10/site-packages/airflow/example_dags/example_task_group.py
[2023-05-19 18:12:35,646] {logging_mixin.py:115} INFO - [2023-05-19 18:12:35,646] {dag.py:2379} INFO - Sync 1 DAGs
[2023-05-19 18:12:35,680] {logging_mixin.py:115} INFO - [2023-05-19 18:12:35,679] {dag.py:2927} INFO - Setting next_dagrun for example_task_group to 2023-05-18T21:12:35.679129+00:00, run_after=2023-05-19T21:12:35.679129+00:00
[2023-05-19 18:12:35,705] {processor.py:161} INFO - Processing /home/guilherme/Documents/weather_datapipeline/airflow_weather/venv/lib/python3.10/site-packages/airflow/example_dags/example_task_group.py took 0.091 seconds
[2023-05-19 18:13:08,550] {processor.py:153} INFO - Started process (PID=15685) to work on /home/guilherme/Documents/weather_datapipeline/airflow_weather/venv/lib/python3.10/site-packages/airflow/example_dags/example_task_group.py
[2023-05-19 18:13:08,550] {processor.py:641} INFO - Processing file /home/guilherme/Documents/weather_datapipeline/airflow_weather/venv/lib/python3.10/site-packages/airflow/example_dags/example_task_group.py for tasks to queue
[2023-05-19 18:13:08,550] {logging_mixin.py:115} INFO - [2023-05-19 18:13:08,550] {dagbag.py:507} INFO - Filling up the DagBag from /home/guilherme/Documents/weather_datapipeline/airflow_weather/venv/lib/python3.10/site-packages/airflow/example_dags/example_task_group.py
[2023-05-19 18:13:08,554] {processor.py:651} INFO - DAG(s) dict_keys(['example_task_group']) retrieved from /home/guilherme/Documents/weather_datapipeline/airflow_weather/venv/lib/python3.10/site-packages/airflow/example_dags/example_task_group.py
[2023-05-19 18:13:08,567] {logging_mixin.py:115} INFO - [2023-05-19 18:13:08,566] {dag.py:2379} INFO - Sync 1 DAGs
[2023-05-19 18:13:08,576] {logging_mixin.py:115} INFO - [2023-05-19 18:13:08,576] {dag.py:2927} INFO - Setting next_dagrun for example_task_group to 2023-05-18T21:13:08.576269+00:00, run_after=2023-05-19T21:13:08.576269+00:00
[2023-05-19 18:13:08,583] {processor.py:161} INFO - Processing /home/guilherme/Documents/weather_datapipeline/airflow_weather/venv/lib/python3.10/site-packages/airflow/example_dags/example_task_group.py took 0.034 seconds
[2023-05-19 18:13:39,927] {processor.py:153} INFO - Started process (PID=15860) to work on /home/guilherme/Documents/weather_datapipeline/airflow_weather/venv/lib/python3.10/site-packages/airflow/example_dags/example_task_group.py
[2023-05-19 18:13:39,928] {processor.py:641} INFO - Processing file /home/guilherme/Documents/weather_datapipeline/airflow_weather/venv/lib/python3.10/site-packages/airflow/example_dags/example_task_group.py for tasks to queue
[2023-05-19 18:13:39,928] {logging_mixin.py:115} INFO - [2023-05-19 18:13:39,928] {dagbag.py:507} INFO - Filling up the DagBag from /home/guilherme/Documents/weather_datapipeline/airflow_weather/venv/lib/python3.10/site-packages/airflow/example_dags/example_task_group.py
[2023-05-19 18:13:39,932] {processor.py:651} INFO - DAG(s) dict_keys(['example_task_group']) retrieved from /home/guilherme/Documents/weather_datapipeline/airflow_weather/venv/lib/python3.10/site-packages/airflow/example_dags/example_task_group.py
[2023-05-19 18:13:39,943] {logging_mixin.py:115} INFO - [2023-05-19 18:13:39,943] {dag.py:2379} INFO - Sync 1 DAGs
[2023-05-19 18:13:39,952] {logging_mixin.py:115} INFO - [2023-05-19 18:13:39,952] {dag.py:2927} INFO - Setting next_dagrun for example_task_group to 2023-05-18T21:13:39.952429+00:00, run_after=2023-05-19T21:13:39.952429+00:00
[2023-05-19 18:13:39,960] {processor.py:161} INFO - Processing /home/guilherme/Documents/weather_datapipeline/airflow_weather/venv/lib/python3.10/site-packages/airflow/example_dags/example_task_group.py took 0.034 seconds
[2023-05-19 18:14:11,752] {processor.py:153} INFO - Started process (PID=16032) to work on /home/guilherme/Documents/weather_datapipeline/airflow_weather/venv/lib/python3.10/site-packages/airflow/example_dags/example_task_group.py
[2023-05-19 18:14:11,753] {processor.py:641} INFO - Processing file /home/guilherme/Documents/weather_datapipeline/airflow_weather/venv/lib/python3.10/site-packages/airflow/example_dags/example_task_group.py for tasks to queue
[2023-05-19 18:14:11,753] {logging_mixin.py:115} INFO - [2023-05-19 18:14:11,753] {dagbag.py:507} INFO - Filling up the DagBag from /home/guilherme/Documents/weather_datapipeline/airflow_weather/venv/lib/python3.10/site-packages/airflow/example_dags/example_task_group.py
[2023-05-19 18:14:11,757] {processor.py:651} INFO - DAG(s) dict_keys(['example_task_group']) retrieved from /home/guilherme/Documents/weather_datapipeline/airflow_weather/venv/lib/python3.10/site-packages/airflow/example_dags/example_task_group.py
[2023-05-19 18:14:11,767] {logging_mixin.py:115} INFO - [2023-05-19 18:14:11,767] {dag.py:2379} INFO - Sync 1 DAGs
[2023-05-19 18:14:11,776] {logging_mixin.py:115} INFO - [2023-05-19 18:14:11,776] {dag.py:2927} INFO - Setting next_dagrun for example_task_group to 2023-05-18T21:14:11.776349+00:00, run_after=2023-05-19T21:14:11.776349+00:00
[2023-05-19 18:14:11,782] {processor.py:161} INFO - Processing /home/guilherme/Documents/weather_datapipeline/airflow_weather/venv/lib/python3.10/site-packages/airflow/example_dags/example_task_group.py took 0.031 seconds
[2023-05-19 18:14:44,644] {processor.py:153} INFO - Started process (PID=16236) to work on /home/guilherme/Documents/weather_datapipeline/airflow_weather/venv/lib/python3.10/site-packages/airflow/example_dags/example_task_group.py
[2023-05-19 18:14:44,645] {processor.py:641} INFO - Processing file /home/guilherme/Documents/weather_datapipeline/airflow_weather/venv/lib/python3.10/site-packages/airflow/example_dags/example_task_group.py for tasks to queue
[2023-05-19 18:14:44,645] {logging_mixin.py:115} INFO - [2023-05-19 18:14:44,645] {dagbag.py:507} INFO - Filling up the DagBag from /home/guilherme/Documents/weather_datapipeline/airflow_weather/venv/lib/python3.10/site-packages/airflow/example_dags/example_task_group.py
[2023-05-19 18:14:44,649] {processor.py:651} INFO - DAG(s) dict_keys(['example_task_group']) retrieved from /home/guilherme/Documents/weather_datapipeline/airflow_weather/venv/lib/python3.10/site-packages/airflow/example_dags/example_task_group.py
[2023-05-19 18:14:44,659] {logging_mixin.py:115} INFO - [2023-05-19 18:14:44,659] {dag.py:2379} INFO - Sync 1 DAGs
[2023-05-19 18:14:44,668] {logging_mixin.py:115} INFO - [2023-05-19 18:14:44,668] {dag.py:2927} INFO - Setting next_dagrun for example_task_group to 2023-05-18T21:14:44.668016+00:00, run_after=2023-05-19T21:14:44.668016+00:00
[2023-05-19 18:14:44,674] {processor.py:161} INFO - Processing /home/guilherme/Documents/weather_datapipeline/airflow_weather/venv/lib/python3.10/site-packages/airflow/example_dags/example_task_group.py took 0.031 seconds
[2023-05-19 18:15:18,345] {processor.py:153} INFO - Started process (PID=16432) to work on /home/guilherme/Documents/weather_datapipeline/airflow_weather/venv/lib/python3.10/site-packages/airflow/example_dags/example_task_group.py
[2023-05-19 18:15:18,345] {processor.py:641} INFO - Processing file /home/guilherme/Documents/weather_datapipeline/airflow_weather/venv/lib/python3.10/site-packages/airflow/example_dags/example_task_group.py for tasks to queue
[2023-05-19 18:15:18,346] {logging_mixin.py:115} INFO - [2023-05-19 18:15:18,346] {dagbag.py:507} INFO - Filling up the DagBag from /home/guilherme/Documents/weather_datapipeline/airflow_weather/venv/lib/python3.10/site-packages/airflow/example_dags/example_task_group.py
[2023-05-19 18:15:18,350] {processor.py:651} INFO - DAG(s) dict_keys(['example_task_group']) retrieved from /home/guilherme/Documents/weather_datapipeline/airflow_weather/venv/lib/python3.10/site-packages/airflow/example_dags/example_task_group.py
[2023-05-19 18:15:18,360] {logging_mixin.py:115} INFO - [2023-05-19 18:15:18,360] {dag.py:2379} INFO - Sync 1 DAGs
[2023-05-19 18:15:18,369] {logging_mixin.py:115} INFO - [2023-05-19 18:15:18,369] {dag.py:2927} INFO - Setting next_dagrun for example_task_group to 2023-05-18T21:15:18.369381+00:00, run_after=2023-05-19T21:15:18.369381+00:00
[2023-05-19 18:15:18,376] {processor.py:161} INFO - Processing /home/guilherme/Documents/weather_datapipeline/airflow_weather/venv/lib/python3.10/site-packages/airflow/example_dags/example_task_group.py took 0.033 seconds
[2023-05-19 18:15:50,166] {processor.py:153} INFO - Started process (PID=16604) to work on /home/guilherme/Documents/weather_datapipeline/airflow_weather/venv/lib/python3.10/site-packages/airflow/example_dags/example_task_group.py
[2023-05-19 18:15:50,166] {processor.py:641} INFO - Processing file /home/guilherme/Documents/weather_datapipeline/airflow_weather/venv/lib/python3.10/site-packages/airflow/example_dags/example_task_group.py for tasks to queue
[2023-05-19 18:15:50,166] {logging_mixin.py:115} INFO - [2023-05-19 18:15:50,166] {dagbag.py:507} INFO - Filling up the DagBag from /home/guilherme/Documents/weather_datapipeline/airflow_weather/venv/lib/python3.10/site-packages/airflow/example_dags/example_task_group.py
[2023-05-19 18:15:50,170] {processor.py:651} INFO - DAG(s) dict_keys(['example_task_group']) retrieved from /home/guilherme/Documents/weather_datapipeline/airflow_weather/venv/lib/python3.10/site-packages/airflow/example_dags/example_task_group.py
[2023-05-19 18:15:50,181] {logging_mixin.py:115} INFO - [2023-05-19 18:15:50,181] {dag.py:2379} INFO - Sync 1 DAGs
[2023-05-19 18:15:50,189] {logging_mixin.py:115} INFO - [2023-05-19 18:15:50,189] {dag.py:2927} INFO - Setting next_dagrun for example_task_group to 2023-05-18T21:15:50.189803+00:00, run_after=2023-05-19T21:15:50.189803+00:00
[2023-05-19 18:15:50,197] {processor.py:161} INFO - Processing /home/guilherme/Documents/weather_datapipeline/airflow_weather/venv/lib/python3.10/site-packages/airflow/example_dags/example_task_group.py took 0.033 seconds
[2023-05-19 18:16:23,082] {processor.py:153} INFO - Started process (PID=16775) to work on /home/guilherme/Documents/weather_datapipeline/airflow_weather/venv/lib/python3.10/site-packages/airflow/example_dags/example_task_group.py
[2023-05-19 18:16:23,082] {processor.py:641} INFO - Processing file /home/guilherme/Documents/weather_datapipeline/airflow_weather/venv/lib/python3.10/site-packages/airflow/example_dags/example_task_group.py for tasks to queue
[2023-05-19 18:16:23,082] {logging_mixin.py:115} INFO - [2023-05-19 18:16:23,082] {dagbag.py:507} INFO - Filling up the DagBag from /home/guilherme/Documents/weather_datapipeline/airflow_weather/venv/lib/python3.10/site-packages/airflow/example_dags/example_task_group.py
[2023-05-19 18:16:23,086] {processor.py:651} INFO - DAG(s) dict_keys(['example_task_group']) retrieved from /home/guilherme/Documents/weather_datapipeline/airflow_weather/venv/lib/python3.10/site-packages/airflow/example_dags/example_task_group.py
[2023-05-19 18:16:23,096] {logging_mixin.py:115} INFO - [2023-05-19 18:16:23,096] {dag.py:2379} INFO - Sync 1 DAGs
[2023-05-19 18:16:23,105] {logging_mixin.py:115} INFO - [2023-05-19 18:16:23,105] {dag.py:2927} INFO - Setting next_dagrun for example_task_group to 2023-05-18T21:16:23.104987+00:00, run_after=2023-05-19T21:16:23.104987+00:00
[2023-05-19 18:16:23,112] {processor.py:161} INFO - Processing /home/guilherme/Documents/weather_datapipeline/airflow_weather/venv/lib/python3.10/site-packages/airflow/example_dags/example_task_group.py took 0.032 seconds
[2023-05-19 18:16:55,621] {processor.py:153} INFO - Started process (PID=16970) to work on /home/guilherme/Documents/weather_datapipeline/airflow_weather/venv/lib/python3.10/site-packages/airflow/example_dags/example_task_group.py
[2023-05-19 18:16:55,621] {processor.py:641} INFO - Processing file /home/guilherme/Documents/weather_datapipeline/airflow_weather/venv/lib/python3.10/site-packages/airflow/example_dags/example_task_group.py for tasks to queue
[2023-05-19 18:16:55,621] {logging_mixin.py:115} INFO - [2023-05-19 18:16:55,621] {dagbag.py:507} INFO - Filling up the DagBag from /home/guilherme/Documents/weather_datapipeline/airflow_weather/venv/lib/python3.10/site-packages/airflow/example_dags/example_task_group.py
[2023-05-19 18:16:55,625] {processor.py:651} INFO - DAG(s) dict_keys(['example_task_group']) retrieved from /home/guilherme/Documents/weather_datapipeline/airflow_weather/venv/lib/python3.10/site-packages/airflow/example_dags/example_task_group.py
[2023-05-19 18:16:55,637] {logging_mixin.py:115} INFO - [2023-05-19 18:16:55,637] {dag.py:2379} INFO - Sync 1 DAGs
[2023-05-19 18:16:55,646] {logging_mixin.py:115} INFO - [2023-05-19 18:16:55,646] {dag.py:2927} INFO - Setting next_dagrun for example_task_group to 2023-05-18T21:16:55.646112+00:00, run_after=2023-05-19T21:16:55.646112+00:00
[2023-05-19 18:16:55,652] {processor.py:161} INFO - Processing /home/guilherme/Documents/weather_datapipeline/airflow_weather/venv/lib/python3.10/site-packages/airflow/example_dags/example_task_group.py took 0.033 seconds
[2023-05-19 18:17:28,809] {processor.py:153} INFO - Started process (PID=17149) to work on /home/guilherme/Documents/weather_datapipeline/airflow_weather/venv/lib/python3.10/site-packages/airflow/example_dags/example_task_group.py
[2023-05-19 18:17:28,810] {processor.py:641} INFO - Processing file /home/guilherme/Documents/weather_datapipeline/airflow_weather/venv/lib/python3.10/site-packages/airflow/example_dags/example_task_group.py for tasks to queue
[2023-05-19 18:17:28,810] {logging_mixin.py:115} INFO - [2023-05-19 18:17:28,810] {dagbag.py:507} INFO - Filling up the DagBag from /home/guilherme/Documents/weather_datapipeline/airflow_weather/venv/lib/python3.10/site-packages/airflow/example_dags/example_task_group.py
[2023-05-19 18:17:28,815] {processor.py:651} INFO - DAG(s) dict_keys(['example_task_group']) retrieved from /home/guilherme/Documents/weather_datapipeline/airflow_weather/venv/lib/python3.10/site-packages/airflow/example_dags/example_task_group.py
[2023-05-19 18:17:28,826] {logging_mixin.py:115} INFO - [2023-05-19 18:17:28,826] {dag.py:2379} INFO - Sync 1 DAGs
[2023-05-19 18:17:28,837] {logging_mixin.py:115} INFO - [2023-05-19 18:17:28,837] {dag.py:2927} INFO - Setting next_dagrun for example_task_group to 2023-05-18T21:17:28.837148+00:00, run_after=2023-05-19T21:17:28.837148+00:00
[2023-05-19 18:17:28,843] {processor.py:161} INFO - Processing /home/guilherme/Documents/weather_datapipeline/airflow_weather/venv/lib/python3.10/site-packages/airflow/example_dags/example_task_group.py took 0.035 seconds
[2023-05-19 18:18:00,999] {processor.py:153} INFO - Started process (PID=17356) to work on /home/guilherme/Documents/weather_datapipeline/airflow_weather/venv/lib/python3.10/site-packages/airflow/example_dags/example_task_group.py
[2023-05-19 18:18:00,999] {processor.py:641} INFO - Processing file /home/guilherme/Documents/weather_datapipeline/airflow_weather/venv/lib/python3.10/site-packages/airflow/example_dags/example_task_group.py for tasks to queue
[2023-05-19 18:18:01,000] {logging_mixin.py:115} INFO - [2023-05-19 18:18:00,999] {dagbag.py:507} INFO - Filling up the DagBag from /home/guilherme/Documents/weather_datapipeline/airflow_weather/venv/lib/python3.10/site-packages/airflow/example_dags/example_task_group.py
[2023-05-19 18:18:01,004] {processor.py:651} INFO - DAG(s) dict_keys(['example_task_group']) retrieved from /home/guilherme/Documents/weather_datapipeline/airflow_weather/venv/lib/python3.10/site-packages/airflow/example_dags/example_task_group.py
[2023-05-19 18:18:01,016] {logging_mixin.py:115} INFO - [2023-05-19 18:18:01,016] {dag.py:2379} INFO - Sync 1 DAGs
[2023-05-19 18:18:01,025] {logging_mixin.py:115} INFO - [2023-05-19 18:18:01,025] {dag.py:2927} INFO - Setting next_dagrun for example_task_group to 2023-05-18T21:18:01.025136+00:00, run_after=2023-05-19T21:18:01.025136+00:00
[2023-05-19 18:18:01,034] {processor.py:161} INFO - Processing /home/guilherme/Documents/weather_datapipeline/airflow_weather/venv/lib/python3.10/site-packages/airflow/example_dags/example_task_group.py took 0.037 seconds
[2023-05-19 18:18:34,640] {processor.py:153} INFO - Started process (PID=17568) to work on /home/guilherme/Documents/weather_datapipeline/airflow_weather/venv/lib/python3.10/site-packages/airflow/example_dags/example_task_group.py
[2023-05-19 18:18:34,641] {processor.py:641} INFO - Processing file /home/guilherme/Documents/weather_datapipeline/airflow_weather/venv/lib/python3.10/site-packages/airflow/example_dags/example_task_group.py for tasks to queue
[2023-05-19 18:18:34,641] {logging_mixin.py:115} INFO - [2023-05-19 18:18:34,641] {dagbag.py:507} INFO - Filling up the DagBag from /home/guilherme/Documents/weather_datapipeline/airflow_weather/venv/lib/python3.10/site-packages/airflow/example_dags/example_task_group.py
[2023-05-19 18:18:34,645] {processor.py:651} INFO - DAG(s) dict_keys(['example_task_group']) retrieved from /home/guilherme/Documents/weather_datapipeline/airflow_weather/venv/lib/python3.10/site-packages/airflow/example_dags/example_task_group.py
[2023-05-19 18:18:34,658] {logging_mixin.py:115} INFO - [2023-05-19 18:18:34,658] {dag.py:2379} INFO - Sync 1 DAGs
[2023-05-19 18:18:34,669] {logging_mixin.py:115} INFO - [2023-05-19 18:18:34,669] {dag.py:2927} INFO - Setting next_dagrun for example_task_group to 2023-05-18T21:18:34.669057+00:00, run_after=2023-05-19T21:18:34.669057+00:00
[2023-05-19 18:18:34,679] {processor.py:161} INFO - Processing /home/guilherme/Documents/weather_datapipeline/airflow_weather/venv/lib/python3.10/site-packages/airflow/example_dags/example_task_group.py took 0.041 seconds
[2023-05-19 18:19:07,036] {processor.py:153} INFO - Started process (PID=17804) to work on /home/guilherme/Documents/weather_datapipeline/airflow_weather/venv/lib/python3.10/site-packages/airflow/example_dags/example_task_group.py
[2023-05-19 18:19:07,036] {processor.py:641} INFO - Processing file /home/guilherme/Documents/weather_datapipeline/airflow_weather/venv/lib/python3.10/site-packages/airflow/example_dags/example_task_group.py for tasks to queue
[2023-05-19 18:19:07,037] {logging_mixin.py:115} INFO - [2023-05-19 18:19:07,037] {dagbag.py:507} INFO - Filling up the DagBag from /home/guilherme/Documents/weather_datapipeline/airflow_weather/venv/lib/python3.10/site-packages/airflow/example_dags/example_task_group.py
[2023-05-19 18:19:07,042] {processor.py:651} INFO - DAG(s) dict_keys(['example_task_group']) retrieved from /home/guilherme/Documents/weather_datapipeline/airflow_weather/venv/lib/python3.10/site-packages/airflow/example_dags/example_task_group.py
[2023-05-19 18:19:07,054] {logging_mixin.py:115} INFO - [2023-05-19 18:19:07,054] {dag.py:2379} INFO - Sync 1 DAGs
[2023-05-19 18:19:07,064] {logging_mixin.py:115} INFO - [2023-05-19 18:19:07,064] {dag.py:2927} INFO - Setting next_dagrun for example_task_group to 2023-05-18T21:19:07.064282+00:00, run_after=2023-05-19T21:19:07.064282+00:00
[2023-05-19 18:19:07,071] {processor.py:161} INFO - Processing /home/guilherme/Documents/weather_datapipeline/airflow_weather/venv/lib/python3.10/site-packages/airflow/example_dags/example_task_group.py took 0.038 seconds
[2023-05-19 18:19:37,714] {processor.py:153} INFO - Started process (PID=18430) to work on /home/guilherme/Documents/weather_datapipeline/airflow_weather/venv/lib/python3.10/site-packages/airflow/example_dags/example_task_group.py
[2023-05-19 18:19:37,715] {processor.py:641} INFO - Processing file /home/guilherme/Documents/weather_datapipeline/airflow_weather/venv/lib/python3.10/site-packages/airflow/example_dags/example_task_group.py for tasks to queue
[2023-05-19 18:19:37,715] {logging_mixin.py:115} INFO - [2023-05-19 18:19:37,715] {dagbag.py:507} INFO - Filling up the DagBag from /home/guilherme/Documents/weather_datapipeline/airflow_weather/venv/lib/python3.10/site-packages/airflow/example_dags/example_task_group.py
[2023-05-19 18:19:37,718] {processor.py:651} INFO - DAG(s) dict_keys(['example_task_group']) retrieved from /home/guilherme/Documents/weather_datapipeline/airflow_weather/venv/lib/python3.10/site-packages/airflow/example_dags/example_task_group.py
[2023-05-19 18:19:37,728] {logging_mixin.py:115} INFO - [2023-05-19 18:19:37,728] {dag.py:2379} INFO - Sync 1 DAGs
[2023-05-19 18:19:37,737] {logging_mixin.py:115} INFO - [2023-05-19 18:19:37,737] {dag.py:2927} INFO - Setting next_dagrun for example_task_group to 2023-05-18T21:19:37.737222+00:00, run_after=2023-05-19T21:19:37.737222+00:00
[2023-05-19 18:19:37,744] {processor.py:161} INFO - Processing /home/guilherme/Documents/weather_datapipeline/airflow_weather/venv/lib/python3.10/site-packages/airflow/example_dags/example_task_group.py took 0.031 seconds
[2023-05-19 18:20:10,151] {processor.py:153} INFO - Started process (PID=18615) to work on /home/guilherme/Documents/weather_datapipeline/airflow_weather/venv/lib/python3.10/site-packages/airflow/example_dags/example_task_group.py
[2023-05-19 18:20:10,152] {processor.py:641} INFO - Processing file /home/guilherme/Documents/weather_datapipeline/airflow_weather/venv/lib/python3.10/site-packages/airflow/example_dags/example_task_group.py for tasks to queue
[2023-05-19 18:20:10,152] {logging_mixin.py:115} INFO - [2023-05-19 18:20:10,152] {dagbag.py:507} INFO - Filling up the DagBag from /home/guilherme/Documents/weather_datapipeline/airflow_weather/venv/lib/python3.10/site-packages/airflow/example_dags/example_task_group.py
[2023-05-19 18:20:10,157] {processor.py:651} INFO - DAG(s) dict_keys(['example_task_group']) retrieved from /home/guilherme/Documents/weather_datapipeline/airflow_weather/venv/lib/python3.10/site-packages/airflow/example_dags/example_task_group.py
[2023-05-19 18:20:10,168] {logging_mixin.py:115} INFO - [2023-05-19 18:20:10,168] {dag.py:2379} INFO - Sync 1 DAGs
[2023-05-19 18:20:10,176] {logging_mixin.py:115} INFO - [2023-05-19 18:20:10,176] {dag.py:2927} INFO - Setting next_dagrun for example_task_group to 2023-05-18T21:20:10.176692+00:00, run_after=2023-05-19T21:20:10.176692+00:00
[2023-05-19 18:20:10,184] {processor.py:161} INFO - Processing /home/guilherme/Documents/weather_datapipeline/airflow_weather/venv/lib/python3.10/site-packages/airflow/example_dags/example_task_group.py took 0.036 seconds
[2023-05-19 18:20:42,072] {processor.py:153} INFO - Started process (PID=18813) to work on /home/guilherme/Documents/weather_datapipeline/airflow_weather/venv/lib/python3.10/site-packages/airflow/example_dags/example_task_group.py
[2023-05-19 18:20:42,072] {processor.py:641} INFO - Processing file /home/guilherme/Documents/weather_datapipeline/airflow_weather/venv/lib/python3.10/site-packages/airflow/example_dags/example_task_group.py for tasks to queue
[2023-05-19 18:20:42,072] {logging_mixin.py:115} INFO - [2023-05-19 18:20:42,072] {dagbag.py:507} INFO - Filling up the DagBag from /home/guilherme/Documents/weather_datapipeline/airflow_weather/venv/lib/python3.10/site-packages/airflow/example_dags/example_task_group.py
[2023-05-19 18:20:42,076] {processor.py:651} INFO - DAG(s) dict_keys(['example_task_group']) retrieved from /home/guilherme/Documents/weather_datapipeline/airflow_weather/venv/lib/python3.10/site-packages/airflow/example_dags/example_task_group.py
[2023-05-19 18:20:42,088] {logging_mixin.py:115} INFO - [2023-05-19 18:20:42,088] {dag.py:2379} INFO - Sync 1 DAGs
[2023-05-19 18:20:42,098] {logging_mixin.py:115} INFO - [2023-05-19 18:20:42,098] {dag.py:2927} INFO - Setting next_dagrun for example_task_group to 2023-05-18T21:20:42.098375+00:00, run_after=2023-05-19T21:20:42.098375+00:00
[2023-05-19 18:20:42,104] {processor.py:161} INFO - Processing /home/guilherme/Documents/weather_datapipeline/airflow_weather/venv/lib/python3.10/site-packages/airflow/example_dags/example_task_group.py took 0.034 seconds
[2023-05-19 18:21:15,056] {processor.py:153} INFO - Started process (PID=19023) to work on /home/guilherme/Documents/weather_datapipeline/airflow_weather/venv/lib/python3.10/site-packages/airflow/example_dags/example_task_group.py
[2023-05-19 18:21:15,056] {processor.py:641} INFO - Processing file /home/guilherme/Documents/weather_datapipeline/airflow_weather/venv/lib/python3.10/site-packages/airflow/example_dags/example_task_group.py for tasks to queue
[2023-05-19 18:21:15,056] {logging_mixin.py:115} INFO - [2023-05-19 18:21:15,056] {dagbag.py:507} INFO - Filling up the DagBag from /home/guilherme/Documents/weather_datapipeline/airflow_weather/venv/lib/python3.10/site-packages/airflow/example_dags/example_task_group.py
[2023-05-19 18:21:15,060] {processor.py:651} INFO - DAG(s) dict_keys(['example_task_group']) retrieved from /home/guilherme/Documents/weather_datapipeline/airflow_weather/venv/lib/python3.10/site-packages/airflow/example_dags/example_task_group.py
[2023-05-19 18:21:15,072] {logging_mixin.py:115} INFO - [2023-05-19 18:21:15,072] {dag.py:2379} INFO - Sync 1 DAGs
[2023-05-19 18:21:15,081] {logging_mixin.py:115} INFO - [2023-05-19 18:21:15,080] {dag.py:2927} INFO - Setting next_dagrun for example_task_group to 2023-05-18T21:21:15.080798+00:00, run_after=2023-05-19T21:21:15.080798+00:00
[2023-05-19 18:21:15,087] {processor.py:161} INFO - Processing /home/guilherme/Documents/weather_datapipeline/airflow_weather/venv/lib/python3.10/site-packages/airflow/example_dags/example_task_group.py took 0.033 seconds
[2023-05-19 18:21:47,598] {processor.py:153} INFO - Started process (PID=19221) to work on /home/guilherme/Documents/weather_datapipeline/airflow_weather/venv/lib/python3.10/site-packages/airflow/example_dags/example_task_group.py
[2023-05-19 18:21:47,598] {processor.py:641} INFO - Processing file /home/guilherme/Documents/weather_datapipeline/airflow_weather/venv/lib/python3.10/site-packages/airflow/example_dags/example_task_group.py for tasks to queue
[2023-05-19 18:21:47,598] {logging_mixin.py:115} INFO - [2023-05-19 18:21:47,598] {dagbag.py:507} INFO - Filling up the DagBag from /home/guilherme/Documents/weather_datapipeline/airflow_weather/venv/lib/python3.10/site-packages/airflow/example_dags/example_task_group.py
[2023-05-19 18:21:47,602] {processor.py:651} INFO - DAG(s) dict_keys(['example_task_group']) retrieved from /home/guilherme/Documents/weather_datapipeline/airflow_weather/venv/lib/python3.10/site-packages/airflow/example_dags/example_task_group.py
[2023-05-19 18:21:47,611] {logging_mixin.py:115} INFO - [2023-05-19 18:21:47,611] {dag.py:2379} INFO - Sync 1 DAGs
[2023-05-19 18:21:47,620] {logging_mixin.py:115} INFO - [2023-05-19 18:21:47,620] {dag.py:2927} INFO - Setting next_dagrun for example_task_group to 2023-05-18T21:21:47.620092+00:00, run_after=2023-05-19T21:21:47.620092+00:00
[2023-05-19 18:21:47,626] {processor.py:161} INFO - Processing /home/guilherme/Documents/weather_datapipeline/airflow_weather/venv/lib/python3.10/site-packages/airflow/example_dags/example_task_group.py took 0.030 seconds
[2023-05-19 18:22:22,362] {processor.py:153} INFO - Started process (PID=19433) to work on /home/guilherme/Documents/weather_datapipeline/airflow_weather/venv/lib/python3.10/site-packages/airflow/example_dags/example_task_group.py
[2023-05-19 18:22:22,362] {processor.py:641} INFO - Processing file /home/guilherme/Documents/weather_datapipeline/airflow_weather/venv/lib/python3.10/site-packages/airflow/example_dags/example_task_group.py for tasks to queue
[2023-05-19 18:22:22,363] {logging_mixin.py:115} INFO - [2023-05-19 18:22:22,363] {dagbag.py:507} INFO - Filling up the DagBag from /home/guilherme/Documents/weather_datapipeline/airflow_weather/venv/lib/python3.10/site-packages/airflow/example_dags/example_task_group.py
[2023-05-19 18:22:22,366] {processor.py:651} INFO - DAG(s) dict_keys(['example_task_group']) retrieved from /home/guilherme/Documents/weather_datapipeline/airflow_weather/venv/lib/python3.10/site-packages/airflow/example_dags/example_task_group.py
[2023-05-19 18:22:22,379] {logging_mixin.py:115} INFO - [2023-05-19 18:22:22,379] {dag.py:2379} INFO - Sync 1 DAGs
[2023-05-19 18:22:22,394] {logging_mixin.py:115} INFO - [2023-05-19 18:22:22,394] {dag.py:2927} INFO - Setting next_dagrun for example_task_group to 2023-05-18T21:22:22.394473+00:00, run_after=2023-05-19T21:22:22.394473+00:00
[2023-05-19 18:22:22,402] {processor.py:161} INFO - Processing /home/guilherme/Documents/weather_datapipeline/airflow_weather/venv/lib/python3.10/site-packages/airflow/example_dags/example_task_group.py took 0.042 seconds
[2023-05-19 18:22:54,300] {processor.py:153} INFO - Started process (PID=19644) to work on /home/guilherme/Documents/weather_datapipeline/airflow_weather/venv/lib/python3.10/site-packages/airflow/example_dags/example_task_group.py
[2023-05-19 18:22:54,301] {processor.py:641} INFO - Processing file /home/guilherme/Documents/weather_datapipeline/airflow_weather/venv/lib/python3.10/site-packages/airflow/example_dags/example_task_group.py for tasks to queue
[2023-05-19 18:22:54,301] {logging_mixin.py:115} INFO - [2023-05-19 18:22:54,301] {dagbag.py:507} INFO - Filling up the DagBag from /home/guilherme/Documents/weather_datapipeline/airflow_weather/venv/lib/python3.10/site-packages/airflow/example_dags/example_task_group.py
[2023-05-19 18:22:54,308] {processor.py:651} INFO - DAG(s) dict_keys(['example_task_group']) retrieved from /home/guilherme/Documents/weather_datapipeline/airflow_weather/venv/lib/python3.10/site-packages/airflow/example_dags/example_task_group.py
[2023-05-19 18:22:54,326] {logging_mixin.py:115} INFO - [2023-05-19 18:22:54,326] {dag.py:2379} INFO - Sync 1 DAGs
[2023-05-19 18:22:54,335] {logging_mixin.py:115} INFO - [2023-05-19 18:22:54,335] {dag.py:2927} INFO - Setting next_dagrun for example_task_group to 2023-05-18T21:22:54.334890+00:00, run_after=2023-05-19T21:22:54.334890+00:00
[2023-05-19 18:22:54,341] {processor.py:161} INFO - Processing /home/guilherme/Documents/weather_datapipeline/airflow_weather/venv/lib/python3.10/site-packages/airflow/example_dags/example_task_group.py took 0.044 seconds
[2023-05-19 18:23:27,340] {processor.py:153} INFO - Started process (PID=19814) to work on /home/guilherme/Documents/weather_datapipeline/airflow_weather/venv/lib/python3.10/site-packages/airflow/example_dags/example_task_group.py
[2023-05-19 18:23:27,340] {processor.py:641} INFO - Processing file /home/guilherme/Documents/weather_datapipeline/airflow_weather/venv/lib/python3.10/site-packages/airflow/example_dags/example_task_group.py for tasks to queue
[2023-05-19 18:23:27,341] {logging_mixin.py:115} INFO - [2023-05-19 18:23:27,341] {dagbag.py:507} INFO - Filling up the DagBag from /home/guilherme/Documents/weather_datapipeline/airflow_weather/venv/lib/python3.10/site-packages/airflow/example_dags/example_task_group.py
[2023-05-19 18:23:27,345] {processor.py:651} INFO - DAG(s) dict_keys(['example_task_group']) retrieved from /home/guilherme/Documents/weather_datapipeline/airflow_weather/venv/lib/python3.10/site-packages/airflow/example_dags/example_task_group.py
[2023-05-19 18:23:27,356] {logging_mixin.py:115} INFO - [2023-05-19 18:23:27,356] {dag.py:2379} INFO - Sync 1 DAGs
[2023-05-19 18:23:27,365] {logging_mixin.py:115} INFO - [2023-05-19 18:23:27,365] {dag.py:2927} INFO - Setting next_dagrun for example_task_group to 2023-05-18T21:23:27.364942+00:00, run_after=2023-05-19T21:23:27.364942+00:00
[2023-05-19 18:23:27,372] {processor.py:161} INFO - Processing /home/guilherme/Documents/weather_datapipeline/airflow_weather/venv/lib/python3.10/site-packages/airflow/example_dags/example_task_group.py took 0.034 seconds
[2023-05-19 18:23:58,127] {processor.py:153} INFO - Started process (PID=19997) to work on /home/guilherme/Documents/weather_datapipeline/airflow_weather/venv/lib/python3.10/site-packages/airflow/example_dags/example_task_group.py
[2023-05-19 18:23:58,127] {processor.py:641} INFO - Processing file /home/guilherme/Documents/weather_datapipeline/airflow_weather/venv/lib/python3.10/site-packages/airflow/example_dags/example_task_group.py for tasks to queue
[2023-05-19 18:23:58,128] {logging_mixin.py:115} INFO - [2023-05-19 18:23:58,128] {dagbag.py:507} INFO - Filling up the DagBag from /home/guilherme/Documents/weather_datapipeline/airflow_weather/venv/lib/python3.10/site-packages/airflow/example_dags/example_task_group.py
[2023-05-19 18:23:58,133] {processor.py:651} INFO - DAG(s) dict_keys(['example_task_group']) retrieved from /home/guilherme/Documents/weather_datapipeline/airflow_weather/venv/lib/python3.10/site-packages/airflow/example_dags/example_task_group.py
[2023-05-19 18:23:58,146] {logging_mixin.py:115} INFO - [2023-05-19 18:23:58,146] {dag.py:2379} INFO - Sync 1 DAGs
[2023-05-19 18:23:58,156] {logging_mixin.py:115} INFO - [2023-05-19 18:23:58,156] {dag.py:2927} INFO - Setting next_dagrun for example_task_group to 2023-05-18T21:23:58.156277+00:00, run_after=2023-05-19T21:23:58.156277+00:00
[2023-05-19 18:23:58,162] {processor.py:161} INFO - Processing /home/guilherme/Documents/weather_datapipeline/airflow_weather/venv/lib/python3.10/site-packages/airflow/example_dags/example_task_group.py took 0.038 seconds
[2023-05-19 18:24:30,673] {processor.py:153} INFO - Started process (PID=20109) to work on /home/guilherme/Documents/weather_datapipeline/airflow_weather/venv/lib/python3.10/site-packages/airflow/example_dags/example_task_group.py
[2023-05-19 18:24:30,673] {processor.py:641} INFO - Processing file /home/guilherme/Documents/weather_datapipeline/airflow_weather/venv/lib/python3.10/site-packages/airflow/example_dags/example_task_group.py for tasks to queue
[2023-05-19 18:24:30,673] {logging_mixin.py:115} INFO - [2023-05-19 18:24:30,673] {dagbag.py:507} INFO - Filling up the DagBag from /home/guilherme/Documents/weather_datapipeline/airflow_weather/venv/lib/python3.10/site-packages/airflow/example_dags/example_task_group.py
[2023-05-19 18:24:30,679] {processor.py:651} INFO - DAG(s) dict_keys(['example_task_group']) retrieved from /home/guilherme/Documents/weather_datapipeline/airflow_weather/venv/lib/python3.10/site-packages/airflow/example_dags/example_task_group.py
[2023-05-19 18:24:30,687] {logging_mixin.py:115} INFO - [2023-05-19 18:24:30,687] {dag.py:2379} INFO - Sync 1 DAGs
[2023-05-19 18:24:30,697] {logging_mixin.py:115} INFO - [2023-05-19 18:24:30,697] {dag.py:2927} INFO - Setting next_dagrun for example_task_group to 2023-05-18T21:24:30.697428+00:00, run_after=2023-05-19T21:24:30.697428+00:00
[2023-05-19 18:24:30,705] {processor.py:161} INFO - Processing /home/guilherme/Documents/weather_datapipeline/airflow_weather/venv/lib/python3.10/site-packages/airflow/example_dags/example_task_group.py took 0.034 seconds
[2023-05-19 18:25:01,770] {processor.py:153} INFO - Started process (PID=20145) to work on /home/guilherme/Documents/weather_datapipeline/airflow_weather/venv/lib/python3.10/site-packages/airflow/example_dags/example_task_group.py
[2023-05-19 18:25:01,771] {processor.py:641} INFO - Processing file /home/guilherme/Documents/weather_datapipeline/airflow_weather/venv/lib/python3.10/site-packages/airflow/example_dags/example_task_group.py for tasks to queue
[2023-05-19 18:25:01,771] {logging_mixin.py:115} INFO - [2023-05-19 18:25:01,771] {dagbag.py:507} INFO - Filling up the DagBag from /home/guilherme/Documents/weather_datapipeline/airflow_weather/venv/lib/python3.10/site-packages/airflow/example_dags/example_task_group.py
[2023-05-19 18:25:01,777] {processor.py:651} INFO - DAG(s) dict_keys(['example_task_group']) retrieved from /home/guilherme/Documents/weather_datapipeline/airflow_weather/venv/lib/python3.10/site-packages/airflow/example_dags/example_task_group.py
[2023-05-19 18:25:01,785] {logging_mixin.py:115} INFO - [2023-05-19 18:25:01,785] {dag.py:2379} INFO - Sync 1 DAGs
[2023-05-19 18:25:01,793] {logging_mixin.py:115} INFO - [2023-05-19 18:25:01,793] {dag.py:2927} INFO - Setting next_dagrun for example_task_group to 2023-05-18T21:25:01.793343+00:00, run_after=2023-05-19T21:25:01.793343+00:00
[2023-05-19 18:25:01,800] {processor.py:161} INFO - Processing /home/guilherme/Documents/weather_datapipeline/airflow_weather/venv/lib/python3.10/site-packages/airflow/example_dags/example_task_group.py took 0.031 seconds
[2023-05-19 18:25:34,453] {processor.py:153} INFO - Started process (PID=20180) to work on /home/guilherme/Documents/weather_datapipeline/airflow_weather/venv/lib/python3.10/site-packages/airflow/example_dags/example_task_group.py
[2023-05-19 18:25:34,454] {processor.py:641} INFO - Processing file /home/guilherme/Documents/weather_datapipeline/airflow_weather/venv/lib/python3.10/site-packages/airflow/example_dags/example_task_group.py for tasks to queue
[2023-05-19 18:25:34,454] {logging_mixin.py:115} INFO - [2023-05-19 18:25:34,454] {dagbag.py:507} INFO - Filling up the DagBag from /home/guilherme/Documents/weather_datapipeline/airflow_weather/venv/lib/python3.10/site-packages/airflow/example_dags/example_task_group.py
[2023-05-19 18:25:34,459] {processor.py:651} INFO - DAG(s) dict_keys(['example_task_group']) retrieved from /home/guilherme/Documents/weather_datapipeline/airflow_weather/venv/lib/python3.10/site-packages/airflow/example_dags/example_task_group.py
[2023-05-19 18:25:34,467] {logging_mixin.py:115} INFO - [2023-05-19 18:25:34,467] {dag.py:2379} INFO - Sync 1 DAGs
[2023-05-19 18:25:34,476] {logging_mixin.py:115} INFO - [2023-05-19 18:25:34,476] {dag.py:2927} INFO - Setting next_dagrun for example_task_group to 2023-05-18T21:25:34.475963+00:00, run_after=2023-05-19T21:25:34.475963+00:00
[2023-05-19 18:25:34,482] {processor.py:161} INFO - Processing /home/guilherme/Documents/weather_datapipeline/airflow_weather/venv/lib/python3.10/site-packages/airflow/example_dags/example_task_group.py took 0.030 seconds
[2023-05-19 18:26:06,697] {processor.py:153} INFO - Started process (PID=20332) to work on /home/guilherme/Documents/weather_datapipeline/airflow_weather/venv/lib/python3.10/site-packages/airflow/example_dags/example_task_group.py
[2023-05-19 18:26:06,698] {processor.py:641} INFO - Processing file /home/guilherme/Documents/weather_datapipeline/airflow_weather/venv/lib/python3.10/site-packages/airflow/example_dags/example_task_group.py for tasks to queue
[2023-05-19 18:26:06,698] {logging_mixin.py:115} INFO - [2023-05-19 18:26:06,698] {dagbag.py:507} INFO - Filling up the DagBag from /home/guilherme/Documents/weather_datapipeline/airflow_weather/venv/lib/python3.10/site-packages/airflow/example_dags/example_task_group.py
[2023-05-19 18:26:06,704] {processor.py:651} INFO - DAG(s) dict_keys(['example_task_group']) retrieved from /home/guilherme/Documents/weather_datapipeline/airflow_weather/venv/lib/python3.10/site-packages/airflow/example_dags/example_task_group.py
[2023-05-19 18:26:06,714] {logging_mixin.py:115} INFO - [2023-05-19 18:26:06,714] {dag.py:2379} INFO - Sync 1 DAGs
[2023-05-19 18:26:06,724] {logging_mixin.py:115} INFO - [2023-05-19 18:26:06,724] {dag.py:2927} INFO - Setting next_dagrun for example_task_group to 2023-05-18T21:26:06.724268+00:00, run_after=2023-05-19T21:26:06.724268+00:00
[2023-05-19 18:26:06,732] {processor.py:161} INFO - Processing /home/guilherme/Documents/weather_datapipeline/airflow_weather/venv/lib/python3.10/site-packages/airflow/example_dags/example_task_group.py took 0.037 seconds
[2023-05-19 18:26:40,025] {processor.py:153} INFO - Started process (PID=20487) to work on /home/guilherme/Documents/weather_datapipeline/airflow_weather/venv/lib/python3.10/site-packages/airflow/example_dags/example_task_group.py
[2023-05-19 18:26:40,025] {processor.py:641} INFO - Processing file /home/guilherme/Documents/weather_datapipeline/airflow_weather/venv/lib/python3.10/site-packages/airflow/example_dags/example_task_group.py for tasks to queue
[2023-05-19 18:26:40,026] {logging_mixin.py:115} INFO - [2023-05-19 18:26:40,026] {dagbag.py:507} INFO - Filling up the DagBag from /home/guilherme/Documents/weather_datapipeline/airflow_weather/venv/lib/python3.10/site-packages/airflow/example_dags/example_task_group.py
[2023-05-19 18:26:40,032] {processor.py:651} INFO - DAG(s) dict_keys(['example_task_group']) retrieved from /home/guilherme/Documents/weather_datapipeline/airflow_weather/venv/lib/python3.10/site-packages/airflow/example_dags/example_task_group.py
[2023-05-19 18:26:40,040] {logging_mixin.py:115} INFO - [2023-05-19 18:26:40,040] {dag.py:2379} INFO - Sync 1 DAGs
[2023-05-19 18:26:40,049] {logging_mixin.py:115} INFO - [2023-05-19 18:26:40,049] {dag.py:2927} INFO - Setting next_dagrun for example_task_group to 2023-05-18T21:26:40.049211+00:00, run_after=2023-05-19T21:26:40.049211+00:00
[2023-05-19 18:26:40,055] {processor.py:161} INFO - Processing /home/guilherme/Documents/weather_datapipeline/airflow_weather/venv/lib/python3.10/site-packages/airflow/example_dags/example_task_group.py took 0.032 seconds
[2023-05-19 18:27:11,905] {processor.py:153} INFO - Started process (PID=20644) to work on /home/guilherme/Documents/weather_datapipeline/airflow_weather/venv/lib/python3.10/site-packages/airflow/example_dags/example_task_group.py
[2023-05-19 18:27:11,906] {processor.py:641} INFO - Processing file /home/guilherme/Documents/weather_datapipeline/airflow_weather/venv/lib/python3.10/site-packages/airflow/example_dags/example_task_group.py for tasks to queue
[2023-05-19 18:27:11,906] {logging_mixin.py:115} INFO - [2023-05-19 18:27:11,906] {dagbag.py:507} INFO - Filling up the DagBag from /home/guilherme/Documents/weather_datapipeline/airflow_weather/venv/lib/python3.10/site-packages/airflow/example_dags/example_task_group.py
[2023-05-19 18:27:11,912] {processor.py:651} INFO - DAG(s) dict_keys(['example_task_group']) retrieved from /home/guilherme/Documents/weather_datapipeline/airflow_weather/venv/lib/python3.10/site-packages/airflow/example_dags/example_task_group.py
[2023-05-19 18:27:11,921] {logging_mixin.py:115} INFO - [2023-05-19 18:27:11,921] {dag.py:2379} INFO - Sync 1 DAGs
[2023-05-19 18:27:11,929] {logging_mixin.py:115} INFO - [2023-05-19 18:27:11,929] {dag.py:2927} INFO - Setting next_dagrun for example_task_group to 2023-05-18T21:27:11.929762+00:00, run_after=2023-05-19T21:27:11.929762+00:00
[2023-05-19 18:27:11,937] {processor.py:161} INFO - Processing /home/guilherme/Documents/weather_datapipeline/airflow_weather/venv/lib/python3.10/site-packages/airflow/example_dags/example_task_group.py took 0.033 seconds
[2023-05-19 18:27:45,305] {processor.py:153} INFO - Started process (PID=20690) to work on /home/guilherme/Documents/weather_datapipeline/airflow_weather/venv/lib/python3.10/site-packages/airflow/example_dags/example_task_group.py
[2023-05-19 18:27:45,306] {processor.py:641} INFO - Processing file /home/guilherme/Documents/weather_datapipeline/airflow_weather/venv/lib/python3.10/site-packages/airflow/example_dags/example_task_group.py for tasks to queue
[2023-05-19 18:27:45,306] {logging_mixin.py:115} INFO - [2023-05-19 18:27:45,306] {dagbag.py:507} INFO - Filling up the DagBag from /home/guilherme/Documents/weather_datapipeline/airflow_weather/venv/lib/python3.10/site-packages/airflow/example_dags/example_task_group.py
[2023-05-19 18:27:45,309] {processor.py:651} INFO - DAG(s) dict_keys(['example_task_group']) retrieved from /home/guilherme/Documents/weather_datapipeline/airflow_weather/venv/lib/python3.10/site-packages/airflow/example_dags/example_task_group.py
[2023-05-19 18:27:45,319] {logging_mixin.py:115} INFO - [2023-05-19 18:27:45,319] {dag.py:2379} INFO - Sync 1 DAGs
[2023-05-19 18:27:45,328] {logging_mixin.py:115} INFO - [2023-05-19 18:27:45,328] {dag.py:2927} INFO - Setting next_dagrun for example_task_group to 2023-05-18T21:27:45.327950+00:00, run_after=2023-05-19T21:27:45.327950+00:00
[2023-05-19 18:27:45,335] {processor.py:161} INFO - Processing /home/guilherme/Documents/weather_datapipeline/airflow_weather/venv/lib/python3.10/site-packages/airflow/example_dags/example_task_group.py took 0.031 seconds
[2023-05-19 18:28:17,209] {processor.py:153} INFO - Started process (PID=20766) to work on /home/guilherme/Documents/weather_datapipeline/airflow_weather/venv/lib/python3.10/site-packages/airflow/example_dags/example_task_group.py
[2023-05-19 18:28:17,209] {processor.py:641} INFO - Processing file /home/guilherme/Documents/weather_datapipeline/airflow_weather/venv/lib/python3.10/site-packages/airflow/example_dags/example_task_group.py for tasks to queue
[2023-05-19 18:28:17,209] {logging_mixin.py:115} INFO - [2023-05-19 18:28:17,209] {dagbag.py:507} INFO - Filling up the DagBag from /home/guilherme/Documents/weather_datapipeline/airflow_weather/venv/lib/python3.10/site-packages/airflow/example_dags/example_task_group.py
[2023-05-19 18:28:17,213] {processor.py:651} INFO - DAG(s) dict_keys(['example_task_group']) retrieved from /home/guilherme/Documents/weather_datapipeline/airflow_weather/venv/lib/python3.10/site-packages/airflow/example_dags/example_task_group.py
[2023-05-19 18:28:17,223] {logging_mixin.py:115} INFO - [2023-05-19 18:28:17,223] {dag.py:2379} INFO - Sync 1 DAGs
[2023-05-19 18:28:17,231] {logging_mixin.py:115} INFO - [2023-05-19 18:28:17,231] {dag.py:2927} INFO - Setting next_dagrun for example_task_group to 2023-05-18T21:28:17.231150+00:00, run_after=2023-05-19T21:28:17.231150+00:00
[2023-05-19 18:28:17,237] {processor.py:161} INFO - Processing /home/guilherme/Documents/weather_datapipeline/airflow_weather/venv/lib/python3.10/site-packages/airflow/example_dags/example_task_group.py took 0.030 seconds
