[2023-05-19 17:59:34,020] {processor.py:153} INFO - Started process (PID=11068) to work on /home/guilherme/Documents/weather_datapipeline/airflow_weather/venv/lib/python3.10/site-packages/airflow/example_dags/example_python_operator.py
[2023-05-19 17:59:34,021] {processor.py:641} INFO - Processing file /home/guilherme/Documents/weather_datapipeline/airflow_weather/venv/lib/python3.10/site-packages/airflow/example_dags/example_python_operator.py for tasks to queue
[2023-05-19 17:59:34,021] {logging_mixin.py:115} INFO - [2023-05-19 17:59:34,021] {dagbag.py:507} INFO - Filling up the DagBag from /home/guilherme/Documents/weather_datapipeline/airflow_weather/venv/lib/python3.10/site-packages/airflow/example_dags/example_python_operator.py
[2023-05-19 17:59:34,030] {logging_mixin.py:115} INFO - [2023-05-19 17:59:34,030] {example_python_operator.py:68} WARNING - The virtalenv_python example task requires virtualenv, please install it.
[2023-05-19 17:59:34,031] {processor.py:651} INFO - DAG(s) dict_keys(['example_python_operator']) retrieved from /home/guilherme/Documents/weather_datapipeline/airflow_weather/venv/lib/python3.10/site-packages/airflow/example_dags/example_python_operator.py
[2023-05-19 17:59:34,062] {logging_mixin.py:115} INFO - [2023-05-19 17:59:34,062] {manager.py:508} INFO - Created Permission View: can edit on DAG:example_python_operator
[2023-05-19 17:59:34,068] {logging_mixin.py:115} INFO - [2023-05-19 17:59:34,067] {manager.py:508} INFO - Created Permission View: can delete on DAG:example_python_operator
[2023-05-19 17:59:34,071] {logging_mixin.py:115} INFO - [2023-05-19 17:59:34,071] {manager.py:508} INFO - Created Permission View: can read on DAG:example_python_operator
[2023-05-19 17:59:34,071] {logging_mixin.py:115} INFO - [2023-05-19 17:59:34,071] {dag.py:2379} INFO - Sync 1 DAGs
[2023-05-19 17:59:34,075] {logging_mixin.py:115} INFO - [2023-05-19 17:59:34,075] {dag.py:2398} INFO - Creating ORM DAG for example_python_operator
[2023-05-19 17:59:34,079] {logging_mixin.py:115} INFO - [2023-05-19 17:59:34,079] {dag.py:2927} INFO - Setting next_dagrun for example_python_operator to None, run_after=None
[2023-05-19 17:59:34,088] {processor.py:161} INFO - Processing /home/guilherme/Documents/weather_datapipeline/airflow_weather/venv/lib/python3.10/site-packages/airflow/example_dags/example_python_operator.py took 0.070 seconds
[2023-05-19 18:00:04,933] {processor.py:153} INFO - Started process (PID=11107) to work on /home/guilherme/Documents/weather_datapipeline/airflow_weather/venv/lib/python3.10/site-packages/airflow/example_dags/example_python_operator.py
[2023-05-19 18:00:04,933] {processor.py:641} INFO - Processing file /home/guilherme/Documents/weather_datapipeline/airflow_weather/venv/lib/python3.10/site-packages/airflow/example_dags/example_python_operator.py for tasks to queue
[2023-05-19 18:00:04,934] {logging_mixin.py:115} INFO - [2023-05-19 18:00:04,934] {dagbag.py:507} INFO - Filling up the DagBag from /home/guilherme/Documents/weather_datapipeline/airflow_weather/venv/lib/python3.10/site-packages/airflow/example_dags/example_python_operator.py
[2023-05-19 18:00:04,944] {logging_mixin.py:115} INFO - [2023-05-19 18:00:04,944] {example_python_operator.py:68} WARNING - The virtalenv_python example task requires virtualenv, please install it.
[2023-05-19 18:00:04,944] {processor.py:651} INFO - DAG(s) dict_keys(['example_python_operator']) retrieved from /home/guilherme/Documents/weather_datapipeline/airflow_weather/venv/lib/python3.10/site-packages/airflow/example_dags/example_python_operator.py
[2023-05-19 18:00:04,955] {logging_mixin.py:115} INFO - [2023-05-19 18:00:04,955] {dag.py:2379} INFO - Sync 1 DAGs
[2023-05-19 18:00:04,964] {logging_mixin.py:115} INFO - [2023-05-19 18:00:04,963] {dag.py:2927} INFO - Setting next_dagrun for example_python_operator to None, run_after=None
[2023-05-19 18:00:04,971] {processor.py:161} INFO - Processing /home/guilherme/Documents/weather_datapipeline/airflow_weather/venv/lib/python3.10/site-packages/airflow/example_dags/example_python_operator.py took 0.040 seconds
[2023-05-19 18:00:39,108] {processor.py:153} INFO - Started process (PID=11216) to work on /home/guilherme/Documents/weather_datapipeline/airflow_weather/venv/lib/python3.10/site-packages/airflow/example_dags/example_python_operator.py
[2023-05-19 18:00:39,108] {processor.py:641} INFO - Processing file /home/guilherme/Documents/weather_datapipeline/airflow_weather/venv/lib/python3.10/site-packages/airflow/example_dags/example_python_operator.py for tasks to queue
[2023-05-19 18:00:39,109] {logging_mixin.py:115} INFO - [2023-05-19 18:00:39,109] {dagbag.py:507} INFO - Filling up the DagBag from /home/guilherme/Documents/weather_datapipeline/airflow_weather/venv/lib/python3.10/site-packages/airflow/example_dags/example_python_operator.py
[2023-05-19 18:00:39,120] {logging_mixin.py:115} INFO - [2023-05-19 18:00:39,120] {example_python_operator.py:68} WARNING - The virtalenv_python example task requires virtualenv, please install it.
[2023-05-19 18:00:39,121] {processor.py:651} INFO - DAG(s) dict_keys(['example_python_operator']) retrieved from /home/guilherme/Documents/weather_datapipeline/airflow_weather/venv/lib/python3.10/site-packages/airflow/example_dags/example_python_operator.py
[2023-05-19 18:00:39,132] {logging_mixin.py:115} INFO - [2023-05-19 18:00:39,132] {dag.py:2379} INFO - Sync 1 DAGs
[2023-05-19 18:00:39,141] {logging_mixin.py:115} INFO - [2023-05-19 18:00:39,141] {dag.py:2927} INFO - Setting next_dagrun for example_python_operator to None, run_after=None
[2023-05-19 18:00:39,148] {processor.py:161} INFO - Processing /home/guilherme/Documents/weather_datapipeline/airflow_weather/venv/lib/python3.10/site-packages/airflow/example_dags/example_python_operator.py took 0.043 seconds
[2023-05-19 18:01:10,714] {processor.py:153} INFO - Started process (PID=11281) to work on /home/guilherme/Documents/weather_datapipeline/airflow_weather/venv/lib/python3.10/site-packages/airflow/example_dags/example_python_operator.py
[2023-05-19 18:01:10,714] {processor.py:641} INFO - Processing file /home/guilherme/Documents/weather_datapipeline/airflow_weather/venv/lib/python3.10/site-packages/airflow/example_dags/example_python_operator.py for tasks to queue
[2023-05-19 18:01:10,714] {logging_mixin.py:115} INFO - [2023-05-19 18:01:10,714] {dagbag.py:507} INFO - Filling up the DagBag from /home/guilherme/Documents/weather_datapipeline/airflow_weather/venv/lib/python3.10/site-packages/airflow/example_dags/example_python_operator.py
[2023-05-19 18:01:10,724] {logging_mixin.py:115} INFO - [2023-05-19 18:01:10,724] {example_python_operator.py:68} WARNING - The virtalenv_python example task requires virtualenv, please install it.
[2023-05-19 18:01:10,724] {processor.py:651} INFO - DAG(s) dict_keys(['example_python_operator']) retrieved from /home/guilherme/Documents/weather_datapipeline/airflow_weather/venv/lib/python3.10/site-packages/airflow/example_dags/example_python_operator.py
[2023-05-19 18:01:10,733] {logging_mixin.py:115} INFO - [2023-05-19 18:01:10,733] {dag.py:2379} INFO - Sync 1 DAGs
[2023-05-19 18:01:10,743] {logging_mixin.py:115} INFO - [2023-05-19 18:01:10,743] {dag.py:2927} INFO - Setting next_dagrun for example_python_operator to None, run_after=None
[2023-05-19 18:01:10,750] {processor.py:161} INFO - Processing /home/guilherme/Documents/weather_datapipeline/airflow_weather/venv/lib/python3.10/site-packages/airflow/example_dags/example_python_operator.py took 0.038 seconds
[2023-05-19 18:01:42,376] {processor.py:153} INFO - Started process (PID=11381) to work on /home/guilherme/Documents/weather_datapipeline/airflow_weather/venv/lib/python3.10/site-packages/airflow/example_dags/example_python_operator.py
[2023-05-19 18:01:42,376] {processor.py:641} INFO - Processing file /home/guilherme/Documents/weather_datapipeline/airflow_weather/venv/lib/python3.10/site-packages/airflow/example_dags/example_python_operator.py for tasks to queue
[2023-05-19 18:01:42,376] {logging_mixin.py:115} INFO - [2023-05-19 18:01:42,376] {dagbag.py:507} INFO - Filling up the DagBag from /home/guilherme/Documents/weather_datapipeline/airflow_weather/venv/lib/python3.10/site-packages/airflow/example_dags/example_python_operator.py
[2023-05-19 18:01:42,387] {logging_mixin.py:115} INFO - [2023-05-19 18:01:42,387] {example_python_operator.py:68} WARNING - The virtalenv_python example task requires virtualenv, please install it.
[2023-05-19 18:01:42,387] {processor.py:651} INFO - DAG(s) dict_keys(['example_python_operator']) retrieved from /home/guilherme/Documents/weather_datapipeline/airflow_weather/venv/lib/python3.10/site-packages/airflow/example_dags/example_python_operator.py
[2023-05-19 18:01:42,401] {logging_mixin.py:115} INFO - [2023-05-19 18:01:42,401] {dag.py:2379} INFO - Sync 1 DAGs
[2023-05-19 18:01:42,410] {logging_mixin.py:115} INFO - [2023-05-19 18:01:42,410] {dag.py:2927} INFO - Setting next_dagrun for example_python_operator to None, run_after=None
[2023-05-19 18:01:42,420] {processor.py:161} INFO - Processing /home/guilherme/Documents/weather_datapipeline/airflow_weather/venv/lib/python3.10/site-packages/airflow/example_dags/example_python_operator.py took 0.046 seconds
