[2023-05-19 17:59:45,543] {processor.py:153} INFO - Started process (PID=11082) to work on /home/guilherme/Documents/weather_datapipeline/airflow_weather/venv/lib/python3.10/site-packages/airflow/example_dags/example_bash_operator.py
[2023-05-19 17:59:45,544] {processor.py:641} INFO - Processing file /home/guilherme/Documents/weather_datapipeline/airflow_weather/venv/lib/python3.10/site-packages/airflow/example_dags/example_bash_operator.py for tasks to queue
[2023-05-19 17:59:45,544] {logging_mixin.py:115} INFO - [2023-05-19 17:59:45,544] {dagbag.py:507} INFO - Filling up the DagBag from /home/guilherme/Documents/weather_datapipeline/airflow_weather/venv/lib/python3.10/site-packages/airflow/example_dags/example_bash_operator.py
[2023-05-19 17:59:45,550] {processor.py:651} INFO - DAG(s) dict_keys(['example_bash_operator']) retrieved from /home/guilherme/Documents/weather_datapipeline/airflow_weather/venv/lib/python3.10/site-packages/airflow/example_dags/example_bash_operator.py
[2023-05-19 17:59:45,580] {logging_mixin.py:115} INFO - [2023-05-19 17:59:45,579] {manager.py:508} INFO - Created Permission View: can edit on DAG:example_bash_operator
[2023-05-19 17:59:45,584] {logging_mixin.py:115} INFO - [2023-05-19 17:59:45,584] {manager.py:508} INFO - Created Permission View: can delete on DAG:example_bash_operator
[2023-05-19 17:59:45,588] {logging_mixin.py:115} INFO - [2023-05-19 17:59:45,588] {manager.py:508} INFO - Created Permission View: can read on DAG:example_bash_operator
[2023-05-19 17:59:45,588] {logging_mixin.py:115} INFO - [2023-05-19 17:59:45,588] {dag.py:2379} INFO - Sync 1 DAGs
[2023-05-19 17:59:45,592] {logging_mixin.py:115} INFO - [2023-05-19 17:59:45,591] {dag.py:2398} INFO - Creating ORM DAG for example_bash_operator
[2023-05-19 17:59:45,597] {logging_mixin.py:115} INFO - [2023-05-19 17:59:45,597] {dag.py:2927} INFO - Setting next_dagrun for example_bash_operator to 2023-05-18T00:00:00+00:00, run_after=2023-05-19T00:00:00+00:00
[2023-05-19 17:59:45,603] {processor.py:161} INFO - Processing /home/guilherme/Documents/weather_datapipeline/airflow_weather/venv/lib/python3.10/site-packages/airflow/example_dags/example_bash_operator.py took 0.062 seconds
[2023-05-19 18:00:19,706] {processor.py:153} INFO - Started process (PID=11163) to work on /home/guilherme/Documents/weather_datapipeline/airflow_weather/venv/lib/python3.10/site-packages/airflow/example_dags/example_bash_operator.py
[2023-05-19 18:00:19,706] {processor.py:641} INFO - Processing file /home/guilherme/Documents/weather_datapipeline/airflow_weather/venv/lib/python3.10/site-packages/airflow/example_dags/example_bash_operator.py for tasks to queue
[2023-05-19 18:00:19,706] {logging_mixin.py:115} INFO - [2023-05-19 18:00:19,706] {dagbag.py:507} INFO - Filling up the DagBag from /home/guilherme/Documents/weather_datapipeline/airflow_weather/venv/lib/python3.10/site-packages/airflow/example_dags/example_bash_operator.py
[2023-05-19 18:00:19,713] {processor.py:651} INFO - DAG(s) dict_keys(['example_bash_operator']) retrieved from /home/guilherme/Documents/weather_datapipeline/airflow_weather/venv/lib/python3.10/site-packages/airflow/example_dags/example_bash_operator.py
[2023-05-19 18:00:19,722] {logging_mixin.py:115} INFO - [2023-05-19 18:00:19,722] {dag.py:2379} INFO - Sync 1 DAGs
[2023-05-19 18:00:19,731] {logging_mixin.py:115} INFO - [2023-05-19 18:00:19,731] {dag.py:2927} INFO - Setting next_dagrun for example_bash_operator to 2023-05-18T00:00:00+00:00, run_after=2023-05-19T00:00:00+00:00
[2023-05-19 18:00:19,737] {processor.py:161} INFO - Processing /home/guilherme/Documents/weather_datapipeline/airflow_weather/venv/lib/python3.10/site-packages/airflow/example_dags/example_bash_operator.py took 0.033 seconds
[2023-05-19 18:00:52,211] {processor.py:153} INFO - Started process (PID=11258) to work on /home/guilherme/Documents/weather_datapipeline/airflow_weather/venv/lib/python3.10/site-packages/airflow/example_dags/example_bash_operator.py
[2023-05-19 18:00:52,211] {processor.py:641} INFO - Processing file /home/guilherme/Documents/weather_datapipeline/airflow_weather/venv/lib/python3.10/site-packages/airflow/example_dags/example_bash_operator.py for tasks to queue
[2023-05-19 18:00:52,212] {logging_mixin.py:115} INFO - [2023-05-19 18:00:52,212] {dagbag.py:507} INFO - Filling up the DagBag from /home/guilherme/Documents/weather_datapipeline/airflow_weather/venv/lib/python3.10/site-packages/airflow/example_dags/example_bash_operator.py
[2023-05-19 18:00:52,218] {processor.py:651} INFO - DAG(s) dict_keys(['example_bash_operator']) retrieved from /home/guilherme/Documents/weather_datapipeline/airflow_weather/venv/lib/python3.10/site-packages/airflow/example_dags/example_bash_operator.py
[2023-05-19 18:00:52,232] {logging_mixin.py:115} INFO - [2023-05-19 18:00:52,232] {dag.py:2379} INFO - Sync 1 DAGs
[2023-05-19 18:00:52,243] {logging_mixin.py:115} INFO - [2023-05-19 18:00:52,243] {dag.py:2927} INFO - Setting next_dagrun for example_bash_operator to 2023-05-18T00:00:00+00:00, run_after=2023-05-19T00:00:00+00:00
[2023-05-19 18:00:52,251] {processor.py:161} INFO - Processing /home/guilherme/Documents/weather_datapipeline/airflow_weather/venv/lib/python3.10/site-packages/airflow/example_dags/example_bash_operator.py took 0.042 seconds
[2023-05-19 18:01:24,113] {processor.py:153} INFO - Started process (PID=11295) to work on /home/guilherme/Documents/weather_datapipeline/airflow_weather/venv/lib/python3.10/site-packages/airflow/example_dags/example_bash_operator.py
[2023-05-19 18:01:24,113] {processor.py:641} INFO - Processing file /home/guilherme/Documents/weather_datapipeline/airflow_weather/venv/lib/python3.10/site-packages/airflow/example_dags/example_bash_operator.py for tasks to queue
[2023-05-19 18:01:24,113] {logging_mixin.py:115} INFO - [2023-05-19 18:01:24,113] {dagbag.py:507} INFO - Filling up the DagBag from /home/guilherme/Documents/weather_datapipeline/airflow_weather/venv/lib/python3.10/site-packages/airflow/example_dags/example_bash_operator.py
[2023-05-19 18:01:24,119] {processor.py:651} INFO - DAG(s) dict_keys(['example_bash_operator']) retrieved from /home/guilherme/Documents/weather_datapipeline/airflow_weather/venv/lib/python3.10/site-packages/airflow/example_dags/example_bash_operator.py
[2023-05-19 18:01:24,128] {logging_mixin.py:115} INFO - [2023-05-19 18:01:24,128] {dag.py:2379} INFO - Sync 1 DAGs
[2023-05-19 18:01:24,137] {logging_mixin.py:115} INFO - [2023-05-19 18:01:24,137] {dag.py:2927} INFO - Setting next_dagrun for example_bash_operator to 2023-05-18T00:00:00+00:00, run_after=2023-05-19T00:00:00+00:00
[2023-05-19 18:01:24,143] {processor.py:161} INFO - Processing /home/guilherme/Documents/weather_datapipeline/airflow_weather/venv/lib/python3.10/site-packages/airflow/example_dags/example_bash_operator.py took 0.032 seconds
[2023-05-19 18:01:56,827] {processor.py:153} INFO - Started process (PID=11539) to work on /home/guilherme/Documents/weather_datapipeline/airflow_weather/venv/lib/python3.10/site-packages/airflow/example_dags/example_bash_operator.py
[2023-05-19 18:01:56,827] {processor.py:641} INFO - Processing file /home/guilherme/Documents/weather_datapipeline/airflow_weather/venv/lib/python3.10/site-packages/airflow/example_dags/example_bash_operator.py for tasks to queue
[2023-05-19 18:01:56,828] {logging_mixin.py:115} INFO - [2023-05-19 18:01:56,827] {dagbag.py:507} INFO - Filling up the DagBag from /home/guilherme/Documents/weather_datapipeline/airflow_weather/venv/lib/python3.10/site-packages/airflow/example_dags/example_bash_operator.py
[2023-05-19 18:01:56,833] {processor.py:651} INFO - DAG(s) dict_keys(['example_bash_operator']) retrieved from /home/guilherme/Documents/weather_datapipeline/airflow_weather/venv/lib/python3.10/site-packages/airflow/example_dags/example_bash_operator.py
[2023-05-19 18:01:56,842] {logging_mixin.py:115} INFO - [2023-05-19 18:01:56,842] {dag.py:2379} INFO - Sync 1 DAGs
[2023-05-19 18:01:56,851] {logging_mixin.py:115} INFO - [2023-05-19 18:01:56,851] {dag.py:2927} INFO - Setting next_dagrun for example_bash_operator to 2023-05-18T00:00:00+00:00, run_after=2023-05-19T00:00:00+00:00
[2023-05-19 18:01:56,856] {processor.py:161} INFO - Processing /home/guilherme/Documents/weather_datapipeline/airflow_weather/venv/lib/python3.10/site-packages/airflow/example_dags/example_bash_operator.py took 0.031 seconds
