[2023-05-19 17:59:40,412] {processor.py:153} INFO - Started process (PID=11076) to work on /home/guilherme/Documents/weather_datapipeline/airflow_weather/venv/lib/python3.10/site-packages/airflow/example_dags/example_trigger_target_dag.py
[2023-05-19 17:59:40,412] {processor.py:641} INFO - Processing file /home/guilherme/Documents/weather_datapipeline/airflow_weather/venv/lib/python3.10/site-packages/airflow/example_dags/example_trigger_target_dag.py for tasks to queue
[2023-05-19 17:59:40,413] {logging_mixin.py:115} INFO - [2023-05-19 17:59:40,413] {dagbag.py:507} INFO - Filling up the DagBag from /home/guilherme/Documents/weather_datapipeline/airflow_weather/venv/lib/python3.10/site-packages/airflow/example_dags/example_trigger_target_dag.py
[2023-05-19 17:59:40,421] {processor.py:651} INFO - DAG(s) dict_keys(['example_trigger_target_dag']) retrieved from /home/guilherme/Documents/weather_datapipeline/airflow_weather/venv/lib/python3.10/site-packages/airflow/example_dags/example_trigger_target_dag.py
[2023-05-19 17:59:40,455] {logging_mixin.py:115} INFO - [2023-05-19 17:59:40,455] {manager.py:508} INFO - Created Permission View: can edit on DAG:example_trigger_target_dag
[2023-05-19 17:59:40,460] {logging_mixin.py:115} INFO - [2023-05-19 17:59:40,460] {manager.py:508} INFO - Created Permission View: can delete on DAG:example_trigger_target_dag
[2023-05-19 17:59:40,464] {logging_mixin.py:115} INFO - [2023-05-19 17:59:40,464] {manager.py:508} INFO - Created Permission View: can read on DAG:example_trigger_target_dag
[2023-05-19 17:59:40,464] {logging_mixin.py:115} INFO - [2023-05-19 17:59:40,464] {dag.py:2379} INFO - Sync 1 DAGs
[2023-05-19 17:59:40,467] {logging_mixin.py:115} INFO - [2023-05-19 17:59:40,467] {dag.py:2398} INFO - Creating ORM DAG for example_trigger_target_dag
[2023-05-19 17:59:40,472] {logging_mixin.py:115} INFO - [2023-05-19 17:59:40,472] {dag.py:2927} INFO - Setting next_dagrun for example_trigger_target_dag to None, run_after=None
[2023-05-19 17:59:40,481] {processor.py:161} INFO - Processing /home/guilherme/Documents/weather_datapipeline/airflow_weather/venv/lib/python3.10/site-packages/airflow/example_dags/example_trigger_target_dag.py took 0.070 seconds
[2023-05-19 18:00:13,454] {processor.py:153} INFO - Started process (PID=11151) to work on /home/guilherme/Documents/weather_datapipeline/airflow_weather/venv/lib/python3.10/site-packages/airflow/example_dags/example_trigger_target_dag.py
[2023-05-19 18:00:13,455] {processor.py:641} INFO - Processing file /home/guilherme/Documents/weather_datapipeline/airflow_weather/venv/lib/python3.10/site-packages/airflow/example_dags/example_trigger_target_dag.py for tasks to queue
[2023-05-19 18:00:13,455] {logging_mixin.py:115} INFO - [2023-05-19 18:00:13,455] {dagbag.py:507} INFO - Filling up the DagBag from /home/guilherme/Documents/weather_datapipeline/airflow_weather/venv/lib/python3.10/site-packages/airflow/example_dags/example_trigger_target_dag.py
[2023-05-19 18:00:13,464] {processor.py:651} INFO - DAG(s) dict_keys(['example_trigger_target_dag']) retrieved from /home/guilherme/Documents/weather_datapipeline/airflow_weather/venv/lib/python3.10/site-packages/airflow/example_dags/example_trigger_target_dag.py
[2023-05-19 18:00:13,473] {logging_mixin.py:115} INFO - [2023-05-19 18:00:13,473] {dag.py:2379} INFO - Sync 1 DAGs
[2023-05-19 18:00:13,482] {logging_mixin.py:115} INFO - [2023-05-19 18:00:13,481] {dag.py:2927} INFO - Setting next_dagrun for example_trigger_target_dag to None, run_after=None
[2023-05-19 18:00:13,490] {processor.py:161} INFO - Processing /home/guilherme/Documents/weather_datapipeline/airflow_weather/venv/lib/python3.10/site-packages/airflow/example_dags/example_trigger_target_dag.py took 0.038 seconds
[2023-05-19 18:00:45,946] {processor.py:153} INFO - Started process (PID=11252) to work on /home/guilherme/Documents/weather_datapipeline/airflow_weather/venv/lib/python3.10/site-packages/airflow/example_dags/example_trigger_target_dag.py
[2023-05-19 18:00:45,950] {processor.py:641} INFO - Processing file /home/guilherme/Documents/weather_datapipeline/airflow_weather/venv/lib/python3.10/site-packages/airflow/example_dags/example_trigger_target_dag.py for tasks to queue
[2023-05-19 18:00:45,951] {logging_mixin.py:115} INFO - [2023-05-19 18:00:45,950] {dagbag.py:507} INFO - Filling up the DagBag from /home/guilherme/Documents/weather_datapipeline/airflow_weather/venv/lib/python3.10/site-packages/airflow/example_dags/example_trigger_target_dag.py
[2023-05-19 18:00:45,967] {processor.py:651} INFO - DAG(s) dict_keys(['example_trigger_target_dag']) retrieved from /home/guilherme/Documents/weather_datapipeline/airflow_weather/venv/lib/python3.10/site-packages/airflow/example_dags/example_trigger_target_dag.py
[2023-05-19 18:00:45,979] {logging_mixin.py:115} INFO - [2023-05-19 18:00:45,979] {dag.py:2379} INFO - Sync 1 DAGs
[2023-05-19 18:00:46,005] {logging_mixin.py:115} INFO - [2023-05-19 18:00:46,004] {dag.py:2927} INFO - Setting next_dagrun for example_trigger_target_dag to None, run_after=None
[2023-05-19 18:00:46,013] {processor.py:161} INFO - Processing /home/guilherme/Documents/weather_datapipeline/airflow_weather/venv/lib/python3.10/site-packages/airflow/example_dags/example_trigger_target_dag.py took 0.069 seconds
[2023-05-19 18:01:17,858] {processor.py:153} INFO - Started process (PID=11289) to work on /home/guilherme/Documents/weather_datapipeline/airflow_weather/venv/lib/python3.10/site-packages/airflow/example_dags/example_trigger_target_dag.py
[2023-05-19 18:01:17,859] {processor.py:641} INFO - Processing file /home/guilherme/Documents/weather_datapipeline/airflow_weather/venv/lib/python3.10/site-packages/airflow/example_dags/example_trigger_target_dag.py for tasks to queue
[2023-05-19 18:01:17,859] {logging_mixin.py:115} INFO - [2023-05-19 18:01:17,859] {dagbag.py:507} INFO - Filling up the DagBag from /home/guilherme/Documents/weather_datapipeline/airflow_weather/venv/lib/python3.10/site-packages/airflow/example_dags/example_trigger_target_dag.py
[2023-05-19 18:01:17,869] {processor.py:651} INFO - DAG(s) dict_keys(['example_trigger_target_dag']) retrieved from /home/guilherme/Documents/weather_datapipeline/airflow_weather/venv/lib/python3.10/site-packages/airflow/example_dags/example_trigger_target_dag.py
[2023-05-19 18:01:17,878] {logging_mixin.py:115} INFO - [2023-05-19 18:01:17,878] {dag.py:2379} INFO - Sync 1 DAGs
[2023-05-19 18:01:17,887] {logging_mixin.py:115} INFO - [2023-05-19 18:01:17,887] {dag.py:2927} INFO - Setting next_dagrun for example_trigger_target_dag to None, run_after=None
[2023-05-19 18:01:17,893] {processor.py:161} INFO - Processing /home/guilherme/Documents/weather_datapipeline/airflow_weather/venv/lib/python3.10/site-packages/airflow/example_dags/example_trigger_target_dag.py took 0.036 seconds
[2023-05-19 18:01:50,891] {processor.py:153} INFO - Started process (PID=11503) to work on /home/guilherme/Documents/weather_datapipeline/airflow_weather/venv/lib/python3.10/site-packages/airflow/example_dags/example_trigger_target_dag.py
[2023-05-19 18:01:50,891] {processor.py:641} INFO - Processing file /home/guilherme/Documents/weather_datapipeline/airflow_weather/venv/lib/python3.10/site-packages/airflow/example_dags/example_trigger_target_dag.py for tasks to queue
[2023-05-19 18:01:50,892] {logging_mixin.py:115} INFO - [2023-05-19 18:01:50,892] {dagbag.py:507} INFO - Filling up the DagBag from /home/guilherme/Documents/weather_datapipeline/airflow_weather/venv/lib/python3.10/site-packages/airflow/example_dags/example_trigger_target_dag.py
[2023-05-19 18:01:50,900] {processor.py:651} INFO - DAG(s) dict_keys(['example_trigger_target_dag']) retrieved from /home/guilherme/Documents/weather_datapipeline/airflow_weather/venv/lib/python3.10/site-packages/airflow/example_dags/example_trigger_target_dag.py
[2023-05-19 18:01:50,909] {logging_mixin.py:115} INFO - [2023-05-19 18:01:50,909] {dag.py:2379} INFO - Sync 1 DAGs
[2023-05-19 18:01:50,917] {logging_mixin.py:115} INFO - [2023-05-19 18:01:50,917] {dag.py:2927} INFO - Setting next_dagrun for example_trigger_target_dag to None, run_after=None
[2023-05-19 18:01:50,927] {processor.py:161} INFO - Processing /home/guilherme/Documents/weather_datapipeline/airflow_weather/venv/lib/python3.10/site-packages/airflow/example_dags/example_trigger_target_dag.py took 0.037 seconds
[2023-05-19 18:02:25,151] {processor.py:153} INFO - Started process (PID=11853) to work on /home/guilherme/Documents/weather_datapipeline/airflow_weather/venv/lib/python3.10/site-packages/airflow/example_dags/example_trigger_target_dag.py
[2023-05-19 18:02:25,151] {processor.py:641} INFO - Processing file /home/guilherme/Documents/weather_datapipeline/airflow_weather/venv/lib/python3.10/site-packages/airflow/example_dags/example_trigger_target_dag.py for tasks to queue
[2023-05-19 18:02:25,152] {logging_mixin.py:115} INFO - [2023-05-19 18:02:25,152] {dagbag.py:507} INFO - Filling up the DagBag from /home/guilherme/Documents/weather_datapipeline/airflow_weather/venv/lib/python3.10/site-packages/airflow/example_dags/example_trigger_target_dag.py
[2023-05-19 18:02:25,160] {processor.py:651} INFO - DAG(s) dict_keys(['example_trigger_target_dag']) retrieved from /home/guilherme/Documents/weather_datapipeline/airflow_weather/venv/lib/python3.10/site-packages/airflow/example_dags/example_trigger_target_dag.py
[2023-05-19 18:02:25,169] {logging_mixin.py:115} INFO - [2023-05-19 18:02:25,169] {dag.py:2379} INFO - Sync 1 DAGs
[2023-05-19 18:02:25,178] {logging_mixin.py:115} INFO - [2023-05-19 18:02:25,178] {dag.py:2927} INFO - Setting next_dagrun for example_trigger_target_dag to None, run_after=None
[2023-05-19 18:02:25,184] {processor.py:161} INFO - Processing /home/guilherme/Documents/weather_datapipeline/airflow_weather/venv/lib/python3.10/site-packages/airflow/example_dags/example_trigger_target_dag.py took 0.035 seconds
[2023-05-19 18:02:55,404] {processor.py:153} INFO - Started process (PID=12163) to work on /home/guilherme/Documents/weather_datapipeline/airflow_weather/venv/lib/python3.10/site-packages/airflow/example_dags/example_trigger_target_dag.py
[2023-05-19 18:02:55,404] {processor.py:641} INFO - Processing file /home/guilherme/Documents/weather_datapipeline/airflow_weather/venv/lib/python3.10/site-packages/airflow/example_dags/example_trigger_target_dag.py for tasks to queue
[2023-05-19 18:02:55,404] {logging_mixin.py:115} INFO - [2023-05-19 18:02:55,404] {dagbag.py:507} INFO - Filling up the DagBag from /home/guilherme/Documents/weather_datapipeline/airflow_weather/venv/lib/python3.10/site-packages/airflow/example_dags/example_trigger_target_dag.py
[2023-05-19 18:02:55,412] {processor.py:651} INFO - DAG(s) dict_keys(['example_trigger_target_dag']) retrieved from /home/guilherme/Documents/weather_datapipeline/airflow_weather/venv/lib/python3.10/site-packages/airflow/example_dags/example_trigger_target_dag.py
[2023-05-19 18:02:55,422] {logging_mixin.py:115} INFO - [2023-05-19 18:02:55,422] {dag.py:2379} INFO - Sync 1 DAGs
[2023-05-19 18:02:55,430] {logging_mixin.py:115} INFO - [2023-05-19 18:02:55,430] {dag.py:2927} INFO - Setting next_dagrun for example_trigger_target_dag to None, run_after=None
[2023-05-19 18:02:55,435] {processor.py:161} INFO - Processing /home/guilherme/Documents/weather_datapipeline/airflow_weather/venv/lib/python3.10/site-packages/airflow/example_dags/example_trigger_target_dag.py took 0.033 seconds
[2023-05-19 18:03:30,018] {processor.py:153} INFO - Started process (PID=12301) to work on /home/guilherme/Documents/weather_datapipeline/airflow_weather/venv/lib/python3.10/site-packages/airflow/example_dags/example_trigger_target_dag.py
[2023-05-19 18:03:30,019] {processor.py:641} INFO - Processing file /home/guilherme/Documents/weather_datapipeline/airflow_weather/venv/lib/python3.10/site-packages/airflow/example_dags/example_trigger_target_dag.py for tasks to queue
[2023-05-19 18:03:30,019] {logging_mixin.py:115} INFO - [2023-05-19 18:03:30,019] {dagbag.py:507} INFO - Filling up the DagBag from /home/guilherme/Documents/weather_datapipeline/airflow_weather/venv/lib/python3.10/site-packages/airflow/example_dags/example_trigger_target_dag.py
[2023-05-19 18:03:30,028] {processor.py:651} INFO - DAG(s) dict_keys(['example_trigger_target_dag']) retrieved from /home/guilherme/Documents/weather_datapipeline/airflow_weather/venv/lib/python3.10/site-packages/airflow/example_dags/example_trigger_target_dag.py
[2023-05-19 18:03:30,038] {logging_mixin.py:115} INFO - [2023-05-19 18:03:30,038] {dag.py:2379} INFO - Sync 1 DAGs
[2023-05-19 18:03:30,047] {logging_mixin.py:115} INFO - [2023-05-19 18:03:30,047] {dag.py:2927} INFO - Setting next_dagrun for example_trigger_target_dag to None, run_after=None
[2023-05-19 18:03:30,054] {processor.py:161} INFO - Processing /home/guilherme/Documents/weather_datapipeline/airflow_weather/venv/lib/python3.10/site-packages/airflow/example_dags/example_trigger_target_dag.py took 0.038 seconds
[2023-05-19 18:04:02,931] {processor.py:153} INFO - Started process (PID=12424) to work on /home/guilherme/Documents/weather_datapipeline/airflow_weather/venv/lib/python3.10/site-packages/airflow/example_dags/example_trigger_target_dag.py
[2023-05-19 18:04:02,931] {processor.py:641} INFO - Processing file /home/guilherme/Documents/weather_datapipeline/airflow_weather/venv/lib/python3.10/site-packages/airflow/example_dags/example_trigger_target_dag.py for tasks to queue
[2023-05-19 18:04:02,931] {logging_mixin.py:115} INFO - [2023-05-19 18:04:02,931] {dagbag.py:507} INFO - Filling up the DagBag from /home/guilherme/Documents/weather_datapipeline/airflow_weather/venv/lib/python3.10/site-packages/airflow/example_dags/example_trigger_target_dag.py
[2023-05-19 18:04:02,941] {processor.py:651} INFO - DAG(s) dict_keys(['example_trigger_target_dag']) retrieved from /home/guilherme/Documents/weather_datapipeline/airflow_weather/venv/lib/python3.10/site-packages/airflow/example_dags/example_trigger_target_dag.py
[2023-05-19 18:04:02,950] {logging_mixin.py:115} INFO - [2023-05-19 18:04:02,950] {dag.py:2379} INFO - Sync 1 DAGs
[2023-05-19 18:04:02,959] {logging_mixin.py:115} INFO - [2023-05-19 18:04:02,959] {dag.py:2927} INFO - Setting next_dagrun for example_trigger_target_dag to None, run_after=None
[2023-05-19 18:04:02,965] {processor.py:161} INFO - Processing /home/guilherme/Documents/weather_datapipeline/airflow_weather/venv/lib/python3.10/site-packages/airflow/example_dags/example_trigger_target_dag.py took 0.036 seconds
[2023-05-19 18:04:34,839] {processor.py:153} INFO - Started process (PID=12579) to work on /home/guilherme/Documents/weather_datapipeline/airflow_weather/venv/lib/python3.10/site-packages/airflow/example_dags/example_trigger_target_dag.py
[2023-05-19 18:04:34,840] {processor.py:641} INFO - Processing file /home/guilherme/Documents/weather_datapipeline/airflow_weather/venv/lib/python3.10/site-packages/airflow/example_dags/example_trigger_target_dag.py for tasks to queue
[2023-05-19 18:04:34,840] {logging_mixin.py:115} INFO - [2023-05-19 18:04:34,840] {dagbag.py:507} INFO - Filling up the DagBag from /home/guilherme/Documents/weather_datapipeline/airflow_weather/venv/lib/python3.10/site-packages/airflow/example_dags/example_trigger_target_dag.py
[2023-05-19 18:04:34,851] {processor.py:651} INFO - DAG(s) dict_keys(['example_trigger_target_dag']) retrieved from /home/guilherme/Documents/weather_datapipeline/airflow_weather/venv/lib/python3.10/site-packages/airflow/example_dags/example_trigger_target_dag.py
[2023-05-19 18:04:34,859] {logging_mixin.py:115} INFO - [2023-05-19 18:04:34,858] {dag.py:2379} INFO - Sync 1 DAGs
[2023-05-19 18:04:34,867] {logging_mixin.py:115} INFO - [2023-05-19 18:04:34,867] {dag.py:2927} INFO - Setting next_dagrun for example_trigger_target_dag to None, run_after=None
[2023-05-19 18:04:34,872] {processor.py:161} INFO - Processing /home/guilherme/Documents/weather_datapipeline/airflow_weather/venv/lib/python3.10/site-packages/airflow/example_dags/example_trigger_target_dag.py took 0.035 seconds
[2023-05-19 18:05:07,953] {processor.py:153} INFO - Started process (PID=12682) to work on /home/guilherme/Documents/weather_datapipeline/airflow_weather/venv/lib/python3.10/site-packages/airflow/example_dags/example_trigger_target_dag.py
[2023-05-19 18:05:07,953] {processor.py:641} INFO - Processing file /home/guilherme/Documents/weather_datapipeline/airflow_weather/venv/lib/python3.10/site-packages/airflow/example_dags/example_trigger_target_dag.py for tasks to queue
[2023-05-19 18:05:07,954] {logging_mixin.py:115} INFO - [2023-05-19 18:05:07,954] {dagbag.py:507} INFO - Filling up the DagBag from /home/guilherme/Documents/weather_datapipeline/airflow_weather/venv/lib/python3.10/site-packages/airflow/example_dags/example_trigger_target_dag.py
[2023-05-19 18:05:07,963] {processor.py:651} INFO - DAG(s) dict_keys(['example_trigger_target_dag']) retrieved from /home/guilherme/Documents/weather_datapipeline/airflow_weather/venv/lib/python3.10/site-packages/airflow/example_dags/example_trigger_target_dag.py
[2023-05-19 18:05:07,971] {logging_mixin.py:115} INFO - [2023-05-19 18:05:07,971] {dag.py:2379} INFO - Sync 1 DAGs
[2023-05-19 18:05:07,979] {logging_mixin.py:115} INFO - [2023-05-19 18:05:07,979] {dag.py:2927} INFO - Setting next_dagrun for example_trigger_target_dag to None, run_after=None
[2023-05-19 18:05:07,984] {processor.py:161} INFO - Processing /home/guilherme/Documents/weather_datapipeline/airflow_weather/venv/lib/python3.10/site-packages/airflow/example_dags/example_trigger_target_dag.py took 0.033 seconds
[2023-05-19 18:05:39,458] {processor.py:153} INFO - Started process (PID=12937) to work on /home/guilherme/Documents/weather_datapipeline/airflow_weather/venv/lib/python3.10/site-packages/airflow/example_dags/example_trigger_target_dag.py
[2023-05-19 18:05:39,458] {processor.py:641} INFO - Processing file /home/guilherme/Documents/weather_datapipeline/airflow_weather/venv/lib/python3.10/site-packages/airflow/example_dags/example_trigger_target_dag.py for tasks to queue
[2023-05-19 18:05:39,459] {logging_mixin.py:115} INFO - [2023-05-19 18:05:39,459] {dagbag.py:507} INFO - Filling up the DagBag from /home/guilherme/Documents/weather_datapipeline/airflow_weather/venv/lib/python3.10/site-packages/airflow/example_dags/example_trigger_target_dag.py
[2023-05-19 18:05:39,469] {processor.py:651} INFO - DAG(s) dict_keys(['example_trigger_target_dag']) retrieved from /home/guilherme/Documents/weather_datapipeline/airflow_weather/venv/lib/python3.10/site-packages/airflow/example_dags/example_trigger_target_dag.py
[2023-05-19 18:05:39,477] {logging_mixin.py:115} INFO - [2023-05-19 18:05:39,476] {dag.py:2379} INFO - Sync 1 DAGs
[2023-05-19 18:05:39,487] {logging_mixin.py:115} INFO - [2023-05-19 18:05:39,486] {dag.py:2927} INFO - Setting next_dagrun for example_trigger_target_dag to None, run_after=None
[2023-05-19 18:05:39,494] {processor.py:161} INFO - Processing /home/guilherme/Documents/weather_datapipeline/airflow_weather/venv/lib/python3.10/site-packages/airflow/example_dags/example_trigger_target_dag.py took 0.037 seconds
[2023-05-19 18:06:12,965] {processor.py:153} INFO - Started process (PID=13413) to work on /home/guilherme/Documents/weather_datapipeline/airflow_weather/venv/lib/python3.10/site-packages/airflow/example_dags/example_trigger_target_dag.py
[2023-05-19 18:06:12,965] {processor.py:641} INFO - Processing file /home/guilherme/Documents/weather_datapipeline/airflow_weather/venv/lib/python3.10/site-packages/airflow/example_dags/example_trigger_target_dag.py for tasks to queue
[2023-05-19 18:06:12,966] {logging_mixin.py:115} INFO - [2023-05-19 18:06:12,966] {dagbag.py:507} INFO - Filling up the DagBag from /home/guilherme/Documents/weather_datapipeline/airflow_weather/venv/lib/python3.10/site-packages/airflow/example_dags/example_trigger_target_dag.py
[2023-05-19 18:06:12,975] {processor.py:651} INFO - DAG(s) dict_keys(['example_trigger_target_dag']) retrieved from /home/guilherme/Documents/weather_datapipeline/airflow_weather/venv/lib/python3.10/site-packages/airflow/example_dags/example_trigger_target_dag.py
[2023-05-19 18:06:12,982] {logging_mixin.py:115} INFO - [2023-05-19 18:06:12,982] {dag.py:2379} INFO - Sync 1 DAGs
[2023-05-19 18:06:12,990] {logging_mixin.py:115} INFO - [2023-05-19 18:06:12,990] {dag.py:2927} INFO - Setting next_dagrun for example_trigger_target_dag to None, run_after=None
[2023-05-19 18:06:12,996] {processor.py:161} INFO - Processing /home/guilherme/Documents/weather_datapipeline/airflow_weather/venv/lib/python3.10/site-packages/airflow/example_dags/example_trigger_target_dag.py took 0.033 seconds
[2023-05-19 18:06:44,785] {processor.py:153} INFO - Started process (PID=13845) to work on /home/guilherme/Documents/weather_datapipeline/airflow_weather/venv/lib/python3.10/site-packages/airflow/example_dags/example_trigger_target_dag.py
[2023-05-19 18:06:44,786] {processor.py:641} INFO - Processing file /home/guilherme/Documents/weather_datapipeline/airflow_weather/venv/lib/python3.10/site-packages/airflow/example_dags/example_trigger_target_dag.py for tasks to queue
[2023-05-19 18:06:44,786] {logging_mixin.py:115} INFO - [2023-05-19 18:06:44,786] {dagbag.py:507} INFO - Filling up the DagBag from /home/guilherme/Documents/weather_datapipeline/airflow_weather/venv/lib/python3.10/site-packages/airflow/example_dags/example_trigger_target_dag.py
[2023-05-19 18:06:44,797] {processor.py:651} INFO - DAG(s) dict_keys(['example_trigger_target_dag']) retrieved from /home/guilherme/Documents/weather_datapipeline/airflow_weather/venv/lib/python3.10/site-packages/airflow/example_dags/example_trigger_target_dag.py
[2023-05-19 18:06:44,807] {logging_mixin.py:115} INFO - [2023-05-19 18:06:44,807] {dag.py:2379} INFO - Sync 1 DAGs
[2023-05-19 18:06:44,816] {logging_mixin.py:115} INFO - [2023-05-19 18:06:44,816] {dag.py:2927} INFO - Setting next_dagrun for example_trigger_target_dag to None, run_after=None
[2023-05-19 18:06:44,824] {processor.py:161} INFO - Processing /home/guilherme/Documents/weather_datapipeline/airflow_weather/venv/lib/python3.10/site-packages/airflow/example_dags/example_trigger_target_dag.py took 0.041 seconds
[2023-05-19 18:07:20,624] {processor.py:153} INFO - Started process (PID=14295) to work on /home/guilherme/Documents/weather_datapipeline/airflow_weather/venv/lib/python3.10/site-packages/airflow/example_dags/example_trigger_target_dag.py
[2023-05-19 18:07:20,624] {processor.py:641} INFO - Processing file /home/guilherme/Documents/weather_datapipeline/airflow_weather/venv/lib/python3.10/site-packages/airflow/example_dags/example_trigger_target_dag.py for tasks to queue
[2023-05-19 18:07:20,625] {logging_mixin.py:115} INFO - [2023-05-19 18:07:20,625] {dagbag.py:507} INFO - Filling up the DagBag from /home/guilherme/Documents/weather_datapipeline/airflow_weather/venv/lib/python3.10/site-packages/airflow/example_dags/example_trigger_target_dag.py
[2023-05-19 18:07:20,634] {processor.py:651} INFO - DAG(s) dict_keys(['example_trigger_target_dag']) retrieved from /home/guilherme/Documents/weather_datapipeline/airflow_weather/venv/lib/python3.10/site-packages/airflow/example_dags/example_trigger_target_dag.py
[2023-05-19 18:07:20,642] {logging_mixin.py:115} INFO - [2023-05-19 18:07:20,642] {dag.py:2379} INFO - Sync 1 DAGs
[2023-05-19 18:07:20,649] {logging_mixin.py:115} INFO - [2023-05-19 18:07:20,649] {dag.py:2927} INFO - Setting next_dagrun for example_trigger_target_dag to None, run_after=None
[2023-05-19 18:07:20,655] {processor.py:161} INFO - Processing /home/guilherme/Documents/weather_datapipeline/airflow_weather/venv/lib/python3.10/site-packages/airflow/example_dags/example_trigger_target_dag.py took 0.033 seconds
[2023-05-19 18:07:51,405] {processor.py:153} INFO - Started process (PID=14504) to work on /home/guilherme/Documents/weather_datapipeline/airflow_weather/venv/lib/python3.10/site-packages/airflow/example_dags/example_trigger_target_dag.py
[2023-05-19 18:07:51,406] {processor.py:641} INFO - Processing file /home/guilherme/Documents/weather_datapipeline/airflow_weather/venv/lib/python3.10/site-packages/airflow/example_dags/example_trigger_target_dag.py for tasks to queue
[2023-05-19 18:07:51,406] {logging_mixin.py:115} INFO - [2023-05-19 18:07:51,406] {dagbag.py:507} INFO - Filling up the DagBag from /home/guilherme/Documents/weather_datapipeline/airflow_weather/venv/lib/python3.10/site-packages/airflow/example_dags/example_trigger_target_dag.py
[2023-05-19 18:07:51,420] {processor.py:651} INFO - DAG(s) dict_keys(['example_trigger_target_dag']) retrieved from /home/guilherme/Documents/weather_datapipeline/airflow_weather/venv/lib/python3.10/site-packages/airflow/example_dags/example_trigger_target_dag.py
[2023-05-19 18:07:51,428] {logging_mixin.py:115} INFO - [2023-05-19 18:07:51,428] {dag.py:2379} INFO - Sync 1 DAGs
[2023-05-19 18:07:51,438] {logging_mixin.py:115} INFO - [2023-05-19 18:07:51,438] {dag.py:2927} INFO - Setting next_dagrun for example_trigger_target_dag to None, run_after=None
[2023-05-19 18:07:51,444] {processor.py:161} INFO - Processing /home/guilherme/Documents/weather_datapipeline/airflow_weather/venv/lib/python3.10/site-packages/airflow/example_dags/example_trigger_target_dag.py took 0.040 seconds
[2023-05-19 18:08:25,561] {processor.py:153} INFO - Started process (PID=14686) to work on /home/guilherme/Documents/weather_datapipeline/airflow_weather/venv/lib/python3.10/site-packages/airflow/example_dags/example_trigger_target_dag.py
[2023-05-19 18:08:25,561] {processor.py:641} INFO - Processing file /home/guilherme/Documents/weather_datapipeline/airflow_weather/venv/lib/python3.10/site-packages/airflow/example_dags/example_trigger_target_dag.py for tasks to queue
[2023-05-19 18:08:25,562] {logging_mixin.py:115} INFO - [2023-05-19 18:08:25,562] {dagbag.py:507} INFO - Filling up the DagBag from /home/guilherme/Documents/weather_datapipeline/airflow_weather/venv/lib/python3.10/site-packages/airflow/example_dags/example_trigger_target_dag.py
[2023-05-19 18:08:25,571] {processor.py:651} INFO - DAG(s) dict_keys(['example_trigger_target_dag']) retrieved from /home/guilherme/Documents/weather_datapipeline/airflow_weather/venv/lib/python3.10/site-packages/airflow/example_dags/example_trigger_target_dag.py
[2023-05-19 18:08:25,578] {logging_mixin.py:115} INFO - [2023-05-19 18:08:25,578] {dag.py:2379} INFO - Sync 1 DAGs
[2023-05-19 18:08:25,586] {logging_mixin.py:115} INFO - [2023-05-19 18:08:25,586] {dag.py:2927} INFO - Setting next_dagrun for example_trigger_target_dag to None, run_after=None
[2023-05-19 18:08:25,591] {processor.py:161} INFO - Processing /home/guilherme/Documents/weather_datapipeline/airflow_weather/venv/lib/python3.10/site-packages/airflow/example_dags/example_trigger_target_dag.py took 0.032 seconds
[2023-05-19 18:08:58,064] {processor.py:153} INFO - Started process (PID=14890) to work on /home/guilherme/Documents/weather_datapipeline/airflow_weather/venv/lib/python3.10/site-packages/airflow/example_dags/example_trigger_target_dag.py
[2023-05-19 18:08:58,064] {processor.py:641} INFO - Processing file /home/guilherme/Documents/weather_datapipeline/airflow_weather/venv/lib/python3.10/site-packages/airflow/example_dags/example_trigger_target_dag.py for tasks to queue
[2023-05-19 18:08:58,064] {logging_mixin.py:115} INFO - [2023-05-19 18:08:58,064] {dagbag.py:507} INFO - Filling up the DagBag from /home/guilherme/Documents/weather_datapipeline/airflow_weather/venv/lib/python3.10/site-packages/airflow/example_dags/example_trigger_target_dag.py
[2023-05-19 18:08:58,075] {processor.py:651} INFO - DAG(s) dict_keys(['example_trigger_target_dag']) retrieved from /home/guilherme/Documents/weather_datapipeline/airflow_weather/venv/lib/python3.10/site-packages/airflow/example_dags/example_trigger_target_dag.py
[2023-05-19 18:08:58,082] {logging_mixin.py:115} INFO - [2023-05-19 18:08:58,082] {dag.py:2379} INFO - Sync 1 DAGs
[2023-05-19 18:08:58,091] {logging_mixin.py:115} INFO - [2023-05-19 18:08:58,091] {dag.py:2927} INFO - Setting next_dagrun for example_trigger_target_dag to None, run_after=None
[2023-05-19 18:08:58,098] {processor.py:161} INFO - Processing /home/guilherme/Documents/weather_datapipeline/airflow_weather/venv/lib/python3.10/site-packages/airflow/example_dags/example_trigger_target_dag.py took 0.036 seconds
[2023-05-19 18:09:28,845] {processor.py:153} INFO - Started process (PID=15048) to work on /home/guilherme/Documents/weather_datapipeline/airflow_weather/venv/lib/python3.10/site-packages/airflow/example_dags/example_trigger_target_dag.py
[2023-05-19 18:09:28,846] {processor.py:641} INFO - Processing file /home/guilherme/Documents/weather_datapipeline/airflow_weather/venv/lib/python3.10/site-packages/airflow/example_dags/example_trigger_target_dag.py for tasks to queue
[2023-05-19 18:09:28,846] {logging_mixin.py:115} INFO - [2023-05-19 18:09:28,846] {dagbag.py:507} INFO - Filling up the DagBag from /home/guilherme/Documents/weather_datapipeline/airflow_weather/venv/lib/python3.10/site-packages/airflow/example_dags/example_trigger_target_dag.py
[2023-05-19 18:09:28,858] {processor.py:651} INFO - DAG(s) dict_keys(['example_trigger_target_dag']) retrieved from /home/guilherme/Documents/weather_datapipeline/airflow_weather/venv/lib/python3.10/site-packages/airflow/example_dags/example_trigger_target_dag.py
[2023-05-19 18:09:28,866] {logging_mixin.py:115} INFO - [2023-05-19 18:09:28,866] {dag.py:2379} INFO - Sync 1 DAGs
[2023-05-19 18:09:28,876] {logging_mixin.py:115} INFO - [2023-05-19 18:09:28,876] {dag.py:2927} INFO - Setting next_dagrun for example_trigger_target_dag to None, run_after=None
[2023-05-19 18:09:28,883] {processor.py:161} INFO - Processing /home/guilherme/Documents/weather_datapipeline/airflow_weather/venv/lib/python3.10/site-packages/airflow/example_dags/example_trigger_target_dag.py took 0.039 seconds
[2023-05-19 18:10:03,600] {processor.py:153} INFO - Started process (PID=15236) to work on /home/guilherme/Documents/weather_datapipeline/airflow_weather/venv/lib/python3.10/site-packages/airflow/example_dags/example_trigger_target_dag.py
[2023-05-19 18:10:03,600] {processor.py:641} INFO - Processing file /home/guilherme/Documents/weather_datapipeline/airflow_weather/venv/lib/python3.10/site-packages/airflow/example_dags/example_trigger_target_dag.py for tasks to queue
[2023-05-19 18:10:03,600] {logging_mixin.py:115} INFO - [2023-05-19 18:10:03,600] {dagbag.py:507} INFO - Filling up the DagBag from /home/guilherme/Documents/weather_datapipeline/airflow_weather/venv/lib/python3.10/site-packages/airflow/example_dags/example_trigger_target_dag.py
[2023-05-19 18:10:03,610] {processor.py:651} INFO - DAG(s) dict_keys(['example_trigger_target_dag']) retrieved from /home/guilherme/Documents/weather_datapipeline/airflow_weather/venv/lib/python3.10/site-packages/airflow/example_dags/example_trigger_target_dag.py
[2023-05-19 18:10:03,620] {logging_mixin.py:115} INFO - [2023-05-19 18:10:03,620] {dag.py:2379} INFO - Sync 1 DAGs
[2023-05-19 18:10:03,629] {logging_mixin.py:115} INFO - [2023-05-19 18:10:03,629] {dag.py:2927} INFO - Setting next_dagrun for example_trigger_target_dag to None, run_after=None
[2023-05-19 18:10:03,636] {processor.py:161} INFO - Processing /home/guilherme/Documents/weather_datapipeline/airflow_weather/venv/lib/python3.10/site-packages/airflow/example_dags/example_trigger_target_dag.py took 0.038 seconds
[2023-05-19 18:10:35,504] {processor.py:153} INFO - Started process (PID=15326) to work on /home/guilherme/Documents/weather_datapipeline/airflow_weather/venv/lib/python3.10/site-packages/airflow/example_dags/example_trigger_target_dag.py
[2023-05-19 18:10:35,504] {processor.py:641} INFO - Processing file /home/guilherme/Documents/weather_datapipeline/airflow_weather/venv/lib/python3.10/site-packages/airflow/example_dags/example_trigger_target_dag.py for tasks to queue
[2023-05-19 18:10:35,504] {logging_mixin.py:115} INFO - [2023-05-19 18:10:35,504] {dagbag.py:507} INFO - Filling up the DagBag from /home/guilherme/Documents/weather_datapipeline/airflow_weather/venv/lib/python3.10/site-packages/airflow/example_dags/example_trigger_target_dag.py
[2023-05-19 18:10:35,515] {processor.py:651} INFO - DAG(s) dict_keys(['example_trigger_target_dag']) retrieved from /home/guilherme/Documents/weather_datapipeline/airflow_weather/venv/lib/python3.10/site-packages/airflow/example_dags/example_trigger_target_dag.py
[2023-05-19 18:10:35,523] {logging_mixin.py:115} INFO - [2023-05-19 18:10:35,523] {dag.py:2379} INFO - Sync 1 DAGs
[2023-05-19 18:10:35,532] {logging_mixin.py:115} INFO - [2023-05-19 18:10:35,532] {dag.py:2927} INFO - Setting next_dagrun for example_trigger_target_dag to None, run_after=None
[2023-05-19 18:10:35,539] {processor.py:161} INFO - Processing /home/guilherme/Documents/weather_datapipeline/airflow_weather/venv/lib/python3.10/site-packages/airflow/example_dags/example_trigger_target_dag.py took 0.037 seconds
[2023-05-19 18:11:10,787] {processor.py:153} INFO - Started process (PID=15383) to work on /home/guilherme/Documents/weather_datapipeline/airflow_weather/venv/lib/python3.10/site-packages/airflow/example_dags/example_trigger_target_dag.py
[2023-05-19 18:11:10,787] {processor.py:641} INFO - Processing file /home/guilherme/Documents/weather_datapipeline/airflow_weather/venv/lib/python3.10/site-packages/airflow/example_dags/example_trigger_target_dag.py for tasks to queue
[2023-05-19 18:11:10,788] {logging_mixin.py:115} INFO - [2023-05-19 18:11:10,788] {dagbag.py:507} INFO - Filling up the DagBag from /home/guilherme/Documents/weather_datapipeline/airflow_weather/venv/lib/python3.10/site-packages/airflow/example_dags/example_trigger_target_dag.py
[2023-05-19 18:11:10,800] {processor.py:651} INFO - DAG(s) dict_keys(['example_trigger_target_dag']) retrieved from /home/guilherme/Documents/weather_datapipeline/airflow_weather/venv/lib/python3.10/site-packages/airflow/example_dags/example_trigger_target_dag.py
[2023-05-19 18:11:10,809] {logging_mixin.py:115} INFO - [2023-05-19 18:11:10,809] {dag.py:2379} INFO - Sync 1 DAGs
[2023-05-19 18:11:10,819] {logging_mixin.py:115} INFO - [2023-05-19 18:11:10,819] {dag.py:2927} INFO - Setting next_dagrun for example_trigger_target_dag to None, run_after=None
[2023-05-19 18:11:10,826] {processor.py:161} INFO - Processing /home/guilherme/Documents/weather_datapipeline/airflow_weather/venv/lib/python3.10/site-packages/airflow/example_dags/example_trigger_target_dag.py took 0.041 seconds
[2023-05-19 18:11:42,527] {processor.py:153} INFO - Started process (PID=15448) to work on /home/guilherme/Documents/weather_datapipeline/airflow_weather/venv/lib/python3.10/site-packages/airflow/example_dags/example_trigger_target_dag.py
[2023-05-19 18:11:42,527] {processor.py:641} INFO - Processing file /home/guilherme/Documents/weather_datapipeline/airflow_weather/venv/lib/python3.10/site-packages/airflow/example_dags/example_trigger_target_dag.py for tasks to queue
[2023-05-19 18:11:42,528] {logging_mixin.py:115} INFO - [2023-05-19 18:11:42,528] {dagbag.py:507} INFO - Filling up the DagBag from /home/guilherme/Documents/weather_datapipeline/airflow_weather/venv/lib/python3.10/site-packages/airflow/example_dags/example_trigger_target_dag.py
[2023-05-19 18:11:42,539] {processor.py:651} INFO - DAG(s) dict_keys(['example_trigger_target_dag']) retrieved from /home/guilherme/Documents/weather_datapipeline/airflow_weather/venv/lib/python3.10/site-packages/airflow/example_dags/example_trigger_target_dag.py
[2023-05-19 18:11:42,547] {logging_mixin.py:115} INFO - [2023-05-19 18:11:42,547] {dag.py:2379} INFO - Sync 1 DAGs
[2023-05-19 18:11:42,556] {logging_mixin.py:115} INFO - [2023-05-19 18:11:42,556] {dag.py:2927} INFO - Setting next_dagrun for example_trigger_target_dag to None, run_after=None
[2023-05-19 18:11:42,563] {processor.py:161} INFO - Processing /home/guilherme/Documents/weather_datapipeline/airflow_weather/venv/lib/python3.10/site-packages/airflow/example_dags/example_trigger_target_dag.py took 0.037 seconds
[2023-05-19 18:12:16,683] {processor.py:153} INFO - Started process (PID=15518) to work on /home/guilherme/Documents/weather_datapipeline/airflow_weather/venv/lib/python3.10/site-packages/airflow/example_dags/example_trigger_target_dag.py
[2023-05-19 18:12:16,683] {processor.py:641} INFO - Processing file /home/guilherme/Documents/weather_datapipeline/airflow_weather/venv/lib/python3.10/site-packages/airflow/example_dags/example_trigger_target_dag.py for tasks to queue
[2023-05-19 18:12:16,684] {logging_mixin.py:115} INFO - [2023-05-19 18:12:16,683] {dagbag.py:507} INFO - Filling up the DagBag from /home/guilherme/Documents/weather_datapipeline/airflow_weather/venv/lib/python3.10/site-packages/airflow/example_dags/example_trigger_target_dag.py
[2023-05-19 18:12:16,698] {processor.py:651} INFO - DAG(s) dict_keys(['example_trigger_target_dag']) retrieved from /home/guilherme/Documents/weather_datapipeline/airflow_weather/venv/lib/python3.10/site-packages/airflow/example_dags/example_trigger_target_dag.py
[2023-05-19 18:12:16,708] {logging_mixin.py:115} INFO - [2023-05-19 18:12:16,707] {dag.py:2379} INFO - Sync 1 DAGs
[2023-05-19 18:12:16,718] {logging_mixin.py:115} INFO - [2023-05-19 18:12:16,718] {dag.py:2927} INFO - Setting next_dagrun for example_trigger_target_dag to None, run_after=None
[2023-05-19 18:12:16,727] {processor.py:161} INFO - Processing /home/guilherme/Documents/weather_datapipeline/airflow_weather/venv/lib/python3.10/site-packages/airflow/example_dags/example_trigger_target_dag.py took 0.046 seconds
[2023-05-19 18:12:48,026] {processor.py:153} INFO - Started process (PID=15555) to work on /home/guilherme/Documents/weather_datapipeline/airflow_weather/venv/lib/python3.10/site-packages/airflow/example_dags/example_trigger_target_dag.py
[2023-05-19 18:12:48,027] {processor.py:641} INFO - Processing file /home/guilherme/Documents/weather_datapipeline/airflow_weather/venv/lib/python3.10/site-packages/airflow/example_dags/example_trigger_target_dag.py for tasks to queue
[2023-05-19 18:12:48,027] {logging_mixin.py:115} INFO - [2023-05-19 18:12:48,027] {dagbag.py:507} INFO - Filling up the DagBag from /home/guilherme/Documents/weather_datapipeline/airflow_weather/venv/lib/python3.10/site-packages/airflow/example_dags/example_trigger_target_dag.py
[2023-05-19 18:12:48,038] {processor.py:651} INFO - DAG(s) dict_keys(['example_trigger_target_dag']) retrieved from /home/guilherme/Documents/weather_datapipeline/airflow_weather/venv/lib/python3.10/site-packages/airflow/example_dags/example_trigger_target_dag.py
[2023-05-19 18:12:48,046] {logging_mixin.py:115} INFO - [2023-05-19 18:12:48,046] {dag.py:2379} INFO - Sync 1 DAGs
[2023-05-19 18:12:48,056] {logging_mixin.py:115} INFO - [2023-05-19 18:12:48,056] {dag.py:2927} INFO - Setting next_dagrun for example_trigger_target_dag to None, run_after=None
[2023-05-19 18:12:48,065] {processor.py:161} INFO - Processing /home/guilherme/Documents/weather_datapipeline/airflow_weather/venv/lib/python3.10/site-packages/airflow/example_dags/example_trigger_target_dag.py took 0.042 seconds
[2023-05-19 18:13:20,537] {processor.py:153} INFO - Started process (PID=15747) to work on /home/guilherme/Documents/weather_datapipeline/airflow_weather/venv/lib/python3.10/site-packages/airflow/example_dags/example_trigger_target_dag.py
[2023-05-19 18:13:20,537] {processor.py:641} INFO - Processing file /home/guilherme/Documents/weather_datapipeline/airflow_weather/venv/lib/python3.10/site-packages/airflow/example_dags/example_trigger_target_dag.py for tasks to queue
[2023-05-19 18:13:20,538] {logging_mixin.py:115} INFO - [2023-05-19 18:13:20,538] {dagbag.py:507} INFO - Filling up the DagBag from /home/guilherme/Documents/weather_datapipeline/airflow_weather/venv/lib/python3.10/site-packages/airflow/example_dags/example_trigger_target_dag.py
[2023-05-19 18:13:20,548] {processor.py:651} INFO - DAG(s) dict_keys(['example_trigger_target_dag']) retrieved from /home/guilherme/Documents/weather_datapipeline/airflow_weather/venv/lib/python3.10/site-packages/airflow/example_dags/example_trigger_target_dag.py
[2023-05-19 18:13:20,557] {logging_mixin.py:115} INFO - [2023-05-19 18:13:20,557] {dag.py:2379} INFO - Sync 1 DAGs
[2023-05-19 18:13:20,566] {logging_mixin.py:115} INFO - [2023-05-19 18:13:20,566] {dag.py:2927} INFO - Setting next_dagrun for example_trigger_target_dag to None, run_after=None
[2023-05-19 18:13:20,573] {processor.py:161} INFO - Processing /home/guilherme/Documents/weather_datapipeline/airflow_weather/venv/lib/python3.10/site-packages/airflow/example_dags/example_trigger_target_dag.py took 0.038 seconds
[2023-05-19 18:13:53,567] {processor.py:153} INFO - Started process (PID=15942) to work on /home/guilherme/Documents/weather_datapipeline/airflow_weather/venv/lib/python3.10/site-packages/airflow/example_dags/example_trigger_target_dag.py
[2023-05-19 18:13:53,567] {processor.py:641} INFO - Processing file /home/guilherme/Documents/weather_datapipeline/airflow_weather/venv/lib/python3.10/site-packages/airflow/example_dags/example_trigger_target_dag.py for tasks to queue
[2023-05-19 18:13:53,567] {logging_mixin.py:115} INFO - [2023-05-19 18:13:53,567] {dagbag.py:507} INFO - Filling up the DagBag from /home/guilherme/Documents/weather_datapipeline/airflow_weather/venv/lib/python3.10/site-packages/airflow/example_dags/example_trigger_target_dag.py
[2023-05-19 18:13:53,578] {processor.py:651} INFO - DAG(s) dict_keys(['example_trigger_target_dag']) retrieved from /home/guilherme/Documents/weather_datapipeline/airflow_weather/venv/lib/python3.10/site-packages/airflow/example_dags/example_trigger_target_dag.py
[2023-05-19 18:13:53,585] {logging_mixin.py:115} INFO - [2023-05-19 18:13:53,585] {dag.py:2379} INFO - Sync 1 DAGs
[2023-05-19 18:13:53,594] {logging_mixin.py:115} INFO - [2023-05-19 18:13:53,594] {dag.py:2927} INFO - Setting next_dagrun for example_trigger_target_dag to None, run_after=None
[2023-05-19 18:13:53,600] {processor.py:161} INFO - Processing /home/guilherme/Documents/weather_datapipeline/airflow_weather/venv/lib/python3.10/site-packages/airflow/example_dags/example_trigger_target_dag.py took 0.035 seconds
[2023-05-19 18:14:24,273] {processor.py:153} INFO - Started process (PID=16115) to work on /home/guilherme/Documents/weather_datapipeline/airflow_weather/venv/lib/python3.10/site-packages/airflow/example_dags/example_trigger_target_dag.py
[2023-05-19 18:14:24,273] {processor.py:641} INFO - Processing file /home/guilherme/Documents/weather_datapipeline/airflow_weather/venv/lib/python3.10/site-packages/airflow/example_dags/example_trigger_target_dag.py for tasks to queue
[2023-05-19 18:14:24,273] {logging_mixin.py:115} INFO - [2023-05-19 18:14:24,273] {dagbag.py:507} INFO - Filling up the DagBag from /home/guilherme/Documents/weather_datapipeline/airflow_weather/venv/lib/python3.10/site-packages/airflow/example_dags/example_trigger_target_dag.py
[2023-05-19 18:14:24,285] {processor.py:651} INFO - DAG(s) dict_keys(['example_trigger_target_dag']) retrieved from /home/guilherme/Documents/weather_datapipeline/airflow_weather/venv/lib/python3.10/site-packages/airflow/example_dags/example_trigger_target_dag.py
[2023-05-19 18:14:24,293] {logging_mixin.py:115} INFO - [2023-05-19 18:14:24,293] {dag.py:2379} INFO - Sync 1 DAGs
[2023-05-19 18:14:24,302] {logging_mixin.py:115} INFO - [2023-05-19 18:14:24,302] {dag.py:2927} INFO - Setting next_dagrun for example_trigger_target_dag to None, run_after=None
[2023-05-19 18:14:24,308] {processor.py:161} INFO - Processing /home/guilherme/Documents/weather_datapipeline/airflow_weather/venv/lib/python3.10/site-packages/airflow/example_dags/example_trigger_target_dag.py took 0.037 seconds
[2023-05-19 18:14:56,789] {processor.py:153} INFO - Started process (PID=16294) to work on /home/guilherme/Documents/weather_datapipeline/airflow_weather/venv/lib/python3.10/site-packages/airflow/example_dags/example_trigger_target_dag.py
[2023-05-19 18:14:56,789] {processor.py:641} INFO - Processing file /home/guilherme/Documents/weather_datapipeline/airflow_weather/venv/lib/python3.10/site-packages/airflow/example_dags/example_trigger_target_dag.py for tasks to queue
[2023-05-19 18:14:56,789] {logging_mixin.py:115} INFO - [2023-05-19 18:14:56,789] {dagbag.py:507} INFO - Filling up the DagBag from /home/guilherme/Documents/weather_datapipeline/airflow_weather/venv/lib/python3.10/site-packages/airflow/example_dags/example_trigger_target_dag.py
[2023-05-19 18:14:56,800] {processor.py:651} INFO - DAG(s) dict_keys(['example_trigger_target_dag']) retrieved from /home/guilherme/Documents/weather_datapipeline/airflow_weather/venv/lib/python3.10/site-packages/airflow/example_dags/example_trigger_target_dag.py
[2023-05-19 18:14:56,808] {logging_mixin.py:115} INFO - [2023-05-19 18:14:56,808] {dag.py:2379} INFO - Sync 1 DAGs
[2023-05-19 18:14:56,817] {logging_mixin.py:115} INFO - [2023-05-19 18:14:56,817] {dag.py:2927} INFO - Setting next_dagrun for example_trigger_target_dag to None, run_after=None
[2023-05-19 18:14:56,823] {processor.py:161} INFO - Processing /home/guilherme/Documents/weather_datapipeline/airflow_weather/venv/lib/python3.10/site-packages/airflow/example_dags/example_trigger_target_dag.py took 0.035 seconds
[2023-05-19 18:15:29,653] {processor.py:153} INFO - Started process (PID=16489) to work on /home/guilherme/Documents/weather_datapipeline/airflow_weather/venv/lib/python3.10/site-packages/airflow/example_dags/example_trigger_target_dag.py
[2023-05-19 18:15:29,654] {processor.py:641} INFO - Processing file /home/guilherme/Documents/weather_datapipeline/airflow_weather/venv/lib/python3.10/site-packages/airflow/example_dags/example_trigger_target_dag.py for tasks to queue
[2023-05-19 18:15:29,654] {logging_mixin.py:115} INFO - [2023-05-19 18:15:29,654] {dagbag.py:507} INFO - Filling up the DagBag from /home/guilherme/Documents/weather_datapipeline/airflow_weather/venv/lib/python3.10/site-packages/airflow/example_dags/example_trigger_target_dag.py
[2023-05-19 18:15:29,664] {processor.py:651} INFO - DAG(s) dict_keys(['example_trigger_target_dag']) retrieved from /home/guilherme/Documents/weather_datapipeline/airflow_weather/venv/lib/python3.10/site-packages/airflow/example_dags/example_trigger_target_dag.py
[2023-05-19 18:15:29,673] {logging_mixin.py:115} INFO - [2023-05-19 18:15:29,673] {dag.py:2379} INFO - Sync 1 DAGs
[2023-05-19 18:15:29,682] {logging_mixin.py:115} INFO - [2023-05-19 18:15:29,682] {dag.py:2927} INFO - Setting next_dagrun for example_trigger_target_dag to None, run_after=None
[2023-05-19 18:15:29,689] {processor.py:161} INFO - Processing /home/guilherme/Documents/weather_datapipeline/airflow_weather/venv/lib/python3.10/site-packages/airflow/example_dags/example_trigger_target_dag.py took 0.037 seconds
[2023-05-19 18:16:00,426] {processor.py:153} INFO - Started process (PID=16661) to work on /home/guilherme/Documents/weather_datapipeline/airflow_weather/venv/lib/python3.10/site-packages/airflow/example_dags/example_trigger_target_dag.py
[2023-05-19 18:16:00,426] {processor.py:641} INFO - Processing file /home/guilherme/Documents/weather_datapipeline/airflow_weather/venv/lib/python3.10/site-packages/airflow/example_dags/example_trigger_target_dag.py for tasks to queue
[2023-05-19 18:16:00,427] {logging_mixin.py:115} INFO - [2023-05-19 18:16:00,427] {dagbag.py:507} INFO - Filling up the DagBag from /home/guilherme/Documents/weather_datapipeline/airflow_weather/venv/lib/python3.10/site-packages/airflow/example_dags/example_trigger_target_dag.py
[2023-05-19 18:16:00,437] {processor.py:651} INFO - DAG(s) dict_keys(['example_trigger_target_dag']) retrieved from /home/guilherme/Documents/weather_datapipeline/airflow_weather/venv/lib/python3.10/site-packages/airflow/example_dags/example_trigger_target_dag.py
[2023-05-19 18:16:00,445] {logging_mixin.py:115} INFO - [2023-05-19 18:16:00,445] {dag.py:2379} INFO - Sync 1 DAGs
[2023-05-19 18:16:00,453] {logging_mixin.py:115} INFO - [2023-05-19 18:16:00,453] {dag.py:2927} INFO - Setting next_dagrun for example_trigger_target_dag to None, run_after=None
[2023-05-19 18:16:00,459] {processor.py:161} INFO - Processing /home/guilherme/Documents/weather_datapipeline/airflow_weather/venv/lib/python3.10/site-packages/airflow/example_dags/example_trigger_target_dag.py took 0.035 seconds
[2023-05-19 18:16:31,453] {processor.py:153} INFO - Started process (PID=16830) to work on /home/guilherme/Documents/weather_datapipeline/airflow_weather/venv/lib/python3.10/site-packages/airflow/example_dags/example_trigger_target_dag.py
[2023-05-19 18:16:31,453] {processor.py:641} INFO - Processing file /home/guilherme/Documents/weather_datapipeline/airflow_weather/venv/lib/python3.10/site-packages/airflow/example_dags/example_trigger_target_dag.py for tasks to queue
[2023-05-19 18:16:31,453] {logging_mixin.py:115} INFO - [2023-05-19 18:16:31,453] {dagbag.py:507} INFO - Filling up the DagBag from /home/guilherme/Documents/weather_datapipeline/airflow_weather/venv/lib/python3.10/site-packages/airflow/example_dags/example_trigger_target_dag.py
[2023-05-19 18:16:31,464] {processor.py:651} INFO - DAG(s) dict_keys(['example_trigger_target_dag']) retrieved from /home/guilherme/Documents/weather_datapipeline/airflow_weather/venv/lib/python3.10/site-packages/airflow/example_dags/example_trigger_target_dag.py
[2023-05-19 18:16:31,471] {logging_mixin.py:115} INFO - [2023-05-19 18:16:31,471] {dag.py:2379} INFO - Sync 1 DAGs
[2023-05-19 18:16:31,480] {logging_mixin.py:115} INFO - [2023-05-19 18:16:31,480] {dag.py:2927} INFO - Setting next_dagrun for example_trigger_target_dag to None, run_after=None
[2023-05-19 18:16:31,486] {processor.py:161} INFO - Processing /home/guilherme/Documents/weather_datapipeline/airflow_weather/venv/lib/python3.10/site-packages/airflow/example_dags/example_trigger_target_dag.py took 0.035 seconds
[2023-05-19 18:17:04,685] {processor.py:153} INFO - Started process (PID=17028) to work on /home/guilherme/Documents/weather_datapipeline/airflow_weather/venv/lib/python3.10/site-packages/airflow/example_dags/example_trigger_target_dag.py
[2023-05-19 18:17:04,686] {processor.py:641} INFO - Processing file /home/guilherme/Documents/weather_datapipeline/airflow_weather/venv/lib/python3.10/site-packages/airflow/example_dags/example_trigger_target_dag.py for tasks to queue
[2023-05-19 18:17:04,686] {logging_mixin.py:115} INFO - [2023-05-19 18:17:04,686] {dagbag.py:507} INFO - Filling up the DagBag from /home/guilherme/Documents/weather_datapipeline/airflow_weather/venv/lib/python3.10/site-packages/airflow/example_dags/example_trigger_target_dag.py
[2023-05-19 18:17:04,698] {processor.py:651} INFO - DAG(s) dict_keys(['example_trigger_target_dag']) retrieved from /home/guilherme/Documents/weather_datapipeline/airflow_weather/venv/lib/python3.10/site-packages/airflow/example_dags/example_trigger_target_dag.py
[2023-05-19 18:17:04,706] {logging_mixin.py:115} INFO - [2023-05-19 18:17:04,705] {dag.py:2379} INFO - Sync 1 DAGs
[2023-05-19 18:17:04,714] {logging_mixin.py:115} INFO - [2023-05-19 18:17:04,714] {dag.py:2927} INFO - Setting next_dagrun for example_trigger_target_dag to None, run_after=None
[2023-05-19 18:17:04,721] {processor.py:161} INFO - Processing /home/guilherme/Documents/weather_datapipeline/airflow_weather/venv/lib/python3.10/site-packages/airflow/example_dags/example_trigger_target_dag.py took 0.037 seconds
[2023-05-19 18:17:36,472] {processor.py:153} INFO - Started process (PID=17203) to work on /home/guilherme/Documents/weather_datapipeline/airflow_weather/venv/lib/python3.10/site-packages/airflow/example_dags/example_trigger_target_dag.py
[2023-05-19 18:17:36,473] {processor.py:641} INFO - Processing file /home/guilherme/Documents/weather_datapipeline/airflow_weather/venv/lib/python3.10/site-packages/airflow/example_dags/example_trigger_target_dag.py for tasks to queue
[2023-05-19 18:17:36,473] {logging_mixin.py:115} INFO - [2023-05-19 18:17:36,473] {dagbag.py:507} INFO - Filling up the DagBag from /home/guilherme/Documents/weather_datapipeline/airflow_weather/venv/lib/python3.10/site-packages/airflow/example_dags/example_trigger_target_dag.py
[2023-05-19 18:17:36,485] {processor.py:651} INFO - DAG(s) dict_keys(['example_trigger_target_dag']) retrieved from /home/guilherme/Documents/weather_datapipeline/airflow_weather/venv/lib/python3.10/site-packages/airflow/example_dags/example_trigger_target_dag.py
[2023-05-19 18:17:36,493] {logging_mixin.py:115} INFO - [2023-05-19 18:17:36,493] {dag.py:2379} INFO - Sync 1 DAGs
[2023-05-19 18:17:36,502] {logging_mixin.py:115} INFO - [2023-05-19 18:17:36,502] {dag.py:2927} INFO - Setting next_dagrun for example_trigger_target_dag to None, run_after=None
[2023-05-19 18:17:36,508] {processor.py:161} INFO - Processing /home/guilherme/Documents/weather_datapipeline/airflow_weather/venv/lib/python3.10/site-packages/airflow/example_dags/example_trigger_target_dag.py took 0.038 seconds
[2023-05-19 18:18:08,115] {processor.py:153} INFO - Started process (PID=17387) to work on /home/guilherme/Documents/weather_datapipeline/airflow_weather/venv/lib/python3.10/site-packages/airflow/example_dags/example_trigger_target_dag.py
[2023-05-19 18:18:08,116] {processor.py:641} INFO - Processing file /home/guilherme/Documents/weather_datapipeline/airflow_weather/venv/lib/python3.10/site-packages/airflow/example_dags/example_trigger_target_dag.py for tasks to queue
[2023-05-19 18:18:08,116] {logging_mixin.py:115} INFO - [2023-05-19 18:18:08,116] {dagbag.py:507} INFO - Filling up the DagBag from /home/guilherme/Documents/weather_datapipeline/airflow_weather/venv/lib/python3.10/site-packages/airflow/example_dags/example_trigger_target_dag.py
[2023-05-19 18:18:08,129] {processor.py:651} INFO - DAG(s) dict_keys(['example_trigger_target_dag']) retrieved from /home/guilherme/Documents/weather_datapipeline/airflow_weather/venv/lib/python3.10/site-packages/airflow/example_dags/example_trigger_target_dag.py
[2023-05-19 18:18:08,137] {logging_mixin.py:115} INFO - [2023-05-19 18:18:08,137] {dag.py:2379} INFO - Sync 1 DAGs
[2023-05-19 18:18:08,148] {logging_mixin.py:115} INFO - [2023-05-19 18:18:08,148] {dag.py:2927} INFO - Setting next_dagrun for example_trigger_target_dag to None, run_after=None
[2023-05-19 18:18:08,154] {processor.py:161} INFO - Processing /home/guilherme/Documents/weather_datapipeline/airflow_weather/venv/lib/python3.10/site-packages/airflow/example_dags/example_trigger_target_dag.py took 0.041 seconds
[2023-05-19 18:18:39,619] {processor.py:153} INFO - Started process (PID=17595) to work on /home/guilherme/Documents/weather_datapipeline/airflow_weather/venv/lib/python3.10/site-packages/airflow/example_dags/example_trigger_target_dag.py
[2023-05-19 18:18:39,619] {processor.py:641} INFO - Processing file /home/guilherme/Documents/weather_datapipeline/airflow_weather/venv/lib/python3.10/site-packages/airflow/example_dags/example_trigger_target_dag.py for tasks to queue
[2023-05-19 18:18:39,619] {logging_mixin.py:115} INFO - [2023-05-19 18:18:39,619] {dagbag.py:507} INFO - Filling up the DagBag from /home/guilherme/Documents/weather_datapipeline/airflow_weather/venv/lib/python3.10/site-packages/airflow/example_dags/example_trigger_target_dag.py
[2023-05-19 18:18:39,633] {processor.py:651} INFO - DAG(s) dict_keys(['example_trigger_target_dag']) retrieved from /home/guilherme/Documents/weather_datapipeline/airflow_weather/venv/lib/python3.10/site-packages/airflow/example_dags/example_trigger_target_dag.py
[2023-05-19 18:18:39,643] {logging_mixin.py:115} INFO - [2023-05-19 18:18:39,643] {dag.py:2379} INFO - Sync 1 DAGs
[2023-05-19 18:18:39,652] {logging_mixin.py:115} INFO - [2023-05-19 18:18:39,652] {dag.py:2927} INFO - Setting next_dagrun for example_trigger_target_dag to None, run_after=None
[2023-05-19 18:18:39,661] {processor.py:161} INFO - Processing /home/guilherme/Documents/weather_datapipeline/airflow_weather/venv/lib/python3.10/site-packages/airflow/example_dags/example_trigger_target_dag.py took 0.043 seconds
[2023-05-19 18:19:12,174] {processor.py:153} INFO - Started process (PID=18276) to work on /home/guilherme/Documents/weather_datapipeline/airflow_weather/venv/lib/python3.10/site-packages/airflow/example_dags/example_trigger_target_dag.py
[2023-05-19 18:19:12,174] {processor.py:641} INFO - Processing file /home/guilherme/Documents/weather_datapipeline/airflow_weather/venv/lib/python3.10/site-packages/airflow/example_dags/example_trigger_target_dag.py for tasks to queue
[2023-05-19 18:19:12,174] {logging_mixin.py:115} INFO - [2023-05-19 18:19:12,174] {dagbag.py:507} INFO - Filling up the DagBag from /home/guilherme/Documents/weather_datapipeline/airflow_weather/venv/lib/python3.10/site-packages/airflow/example_dags/example_trigger_target_dag.py
[2023-05-19 18:19:12,216] {processor.py:651} INFO - DAG(s) dict_keys(['example_trigger_target_dag']) retrieved from /home/guilherme/Documents/weather_datapipeline/airflow_weather/venv/lib/python3.10/site-packages/airflow/example_dags/example_trigger_target_dag.py
[2023-05-19 18:19:12,225] {logging_mixin.py:115} INFO - [2023-05-19 18:19:12,225] {dag.py:2379} INFO - Sync 1 DAGs
[2023-05-19 18:19:12,235] {logging_mixin.py:115} INFO - [2023-05-19 18:19:12,235] {dag.py:2927} INFO - Setting next_dagrun for example_trigger_target_dag to None, run_after=None
[2023-05-19 18:19:12,242] {processor.py:161} INFO - Processing /home/guilherme/Documents/weather_datapipeline/airflow_weather/venv/lib/python3.10/site-packages/airflow/example_dags/example_trigger_target_dag.py took 0.070 seconds
[2023-05-19 18:19:42,740] {processor.py:153} INFO - Started process (PID=18458) to work on /home/guilherme/Documents/weather_datapipeline/airflow_weather/venv/lib/python3.10/site-packages/airflow/example_dags/example_trigger_target_dag.py
[2023-05-19 18:19:42,740] {processor.py:641} INFO - Processing file /home/guilherme/Documents/weather_datapipeline/airflow_weather/venv/lib/python3.10/site-packages/airflow/example_dags/example_trigger_target_dag.py for tasks to queue
[2023-05-19 18:19:42,740] {logging_mixin.py:115} INFO - [2023-05-19 18:19:42,740] {dagbag.py:507} INFO - Filling up the DagBag from /home/guilherme/Documents/weather_datapipeline/airflow_weather/venv/lib/python3.10/site-packages/airflow/example_dags/example_trigger_target_dag.py
[2023-05-19 18:19:42,751] {processor.py:651} INFO - DAG(s) dict_keys(['example_trigger_target_dag']) retrieved from /home/guilherme/Documents/weather_datapipeline/airflow_weather/venv/lib/python3.10/site-packages/airflow/example_dags/example_trigger_target_dag.py
[2023-05-19 18:19:42,759] {logging_mixin.py:115} INFO - [2023-05-19 18:19:42,759] {dag.py:2379} INFO - Sync 1 DAGs
[2023-05-19 18:19:42,767] {logging_mixin.py:115} INFO - [2023-05-19 18:19:42,767] {dag.py:2927} INFO - Setting next_dagrun for example_trigger_target_dag to None, run_after=None
[2023-05-19 18:19:42,773] {processor.py:161} INFO - Processing /home/guilherme/Documents/weather_datapipeline/airflow_weather/venv/lib/python3.10/site-packages/airflow/example_dags/example_trigger_target_dag.py took 0.036 seconds
[2023-05-19 18:20:15,281] {processor.py:153} INFO - Started process (PID=18644) to work on /home/guilherme/Documents/weather_datapipeline/airflow_weather/venv/lib/python3.10/site-packages/airflow/example_dags/example_trigger_target_dag.py
[2023-05-19 18:20:15,282] {processor.py:641} INFO - Processing file /home/guilherme/Documents/weather_datapipeline/airflow_weather/venv/lib/python3.10/site-packages/airflow/example_dags/example_trigger_target_dag.py for tasks to queue
[2023-05-19 18:20:15,282] {logging_mixin.py:115} INFO - [2023-05-19 18:20:15,282] {dagbag.py:507} INFO - Filling up the DagBag from /home/guilherme/Documents/weather_datapipeline/airflow_weather/venv/lib/python3.10/site-packages/airflow/example_dags/example_trigger_target_dag.py
[2023-05-19 18:20:15,293] {processor.py:651} INFO - DAG(s) dict_keys(['example_trigger_target_dag']) retrieved from /home/guilherme/Documents/weather_datapipeline/airflow_weather/venv/lib/python3.10/site-packages/airflow/example_dags/example_trigger_target_dag.py
[2023-05-19 18:20:15,301] {logging_mixin.py:115} INFO - [2023-05-19 18:20:15,301] {dag.py:2379} INFO - Sync 1 DAGs
[2023-05-19 18:20:15,311] {logging_mixin.py:115} INFO - [2023-05-19 18:20:15,311] {dag.py:2927} INFO - Setting next_dagrun for example_trigger_target_dag to None, run_after=None
[2023-05-19 18:20:15,318] {processor.py:161} INFO - Processing /home/guilherme/Documents/weather_datapipeline/airflow_weather/venv/lib/python3.10/site-packages/airflow/example_dags/example_trigger_target_dag.py took 0.038 seconds
[2023-05-19 18:20:48,902] {processor.py:153} INFO - Started process (PID=18843) to work on /home/guilherme/Documents/weather_datapipeline/airflow_weather/venv/lib/python3.10/site-packages/airflow/example_dags/example_trigger_target_dag.py
[2023-05-19 18:20:48,902] {processor.py:641} INFO - Processing file /home/guilherme/Documents/weather_datapipeline/airflow_weather/venv/lib/python3.10/site-packages/airflow/example_dags/example_trigger_target_dag.py for tasks to queue
[2023-05-19 18:20:48,902] {logging_mixin.py:115} INFO - [2023-05-19 18:20:48,902] {dagbag.py:507} INFO - Filling up the DagBag from /home/guilherme/Documents/weather_datapipeline/airflow_weather/venv/lib/python3.10/site-packages/airflow/example_dags/example_trigger_target_dag.py
[2023-05-19 18:20:48,914] {processor.py:651} INFO - DAG(s) dict_keys(['example_trigger_target_dag']) retrieved from /home/guilherme/Documents/weather_datapipeline/airflow_weather/venv/lib/python3.10/site-packages/airflow/example_dags/example_trigger_target_dag.py
[2023-05-19 18:20:48,922] {logging_mixin.py:115} INFO - [2023-05-19 18:20:48,922] {dag.py:2379} INFO - Sync 1 DAGs
[2023-05-19 18:20:48,930] {logging_mixin.py:115} INFO - [2023-05-19 18:20:48,930] {dag.py:2927} INFO - Setting next_dagrun for example_trigger_target_dag to None, run_after=None
[2023-05-19 18:20:48,936] {processor.py:161} INFO - Processing /home/guilherme/Documents/weather_datapipeline/airflow_weather/venv/lib/python3.10/site-packages/airflow/example_dags/example_trigger_target_dag.py took 0.036 seconds
[2023-05-19 18:21:20,812] {processor.py:153} INFO - Started process (PID=19053) to work on /home/guilherme/Documents/weather_datapipeline/airflow_weather/venv/lib/python3.10/site-packages/airflow/example_dags/example_trigger_target_dag.py
[2023-05-19 18:21:20,813] {processor.py:641} INFO - Processing file /home/guilherme/Documents/weather_datapipeline/airflow_weather/venv/lib/python3.10/site-packages/airflow/example_dags/example_trigger_target_dag.py for tasks to queue
[2023-05-19 18:21:20,813] {logging_mixin.py:115} INFO - [2023-05-19 18:21:20,813] {dagbag.py:507} INFO - Filling up the DagBag from /home/guilherme/Documents/weather_datapipeline/airflow_weather/venv/lib/python3.10/site-packages/airflow/example_dags/example_trigger_target_dag.py
[2023-05-19 18:21:20,824] {processor.py:651} INFO - DAG(s) dict_keys(['example_trigger_target_dag']) retrieved from /home/guilherme/Documents/weather_datapipeline/airflow_weather/venv/lib/python3.10/site-packages/airflow/example_dags/example_trigger_target_dag.py
[2023-05-19 18:21:20,832] {logging_mixin.py:115} INFO - [2023-05-19 18:21:20,832] {dag.py:2379} INFO - Sync 1 DAGs
[2023-05-19 18:21:20,840] {logging_mixin.py:115} INFO - [2023-05-19 18:21:20,840] {dag.py:2927} INFO - Setting next_dagrun for example_trigger_target_dag to None, run_after=None
[2023-05-19 18:21:20,859] {processor.py:161} INFO - Processing /home/guilherme/Documents/weather_datapipeline/airflow_weather/venv/lib/python3.10/site-packages/airflow/example_dags/example_trigger_target_dag.py took 0.048 seconds
[2023-05-19 18:21:54,981] {processor.py:153} INFO - Started process (PID=19254) to work on /home/guilherme/Documents/weather_datapipeline/airflow_weather/venv/lib/python3.10/site-packages/airflow/example_dags/example_trigger_target_dag.py
[2023-05-19 18:21:54,981] {processor.py:641} INFO - Processing file /home/guilherme/Documents/weather_datapipeline/airflow_weather/venv/lib/python3.10/site-packages/airflow/example_dags/example_trigger_target_dag.py for tasks to queue
[2023-05-19 18:21:54,981] {logging_mixin.py:115} INFO - [2023-05-19 18:21:54,981] {dagbag.py:507} INFO - Filling up the DagBag from /home/guilherme/Documents/weather_datapipeline/airflow_weather/venv/lib/python3.10/site-packages/airflow/example_dags/example_trigger_target_dag.py
[2023-05-19 18:21:54,992] {processor.py:651} INFO - DAG(s) dict_keys(['example_trigger_target_dag']) retrieved from /home/guilherme/Documents/weather_datapipeline/airflow_weather/venv/lib/python3.10/site-packages/airflow/example_dags/example_trigger_target_dag.py
[2023-05-19 18:21:55,001] {logging_mixin.py:115} INFO - [2023-05-19 18:21:55,001] {dag.py:2379} INFO - Sync 1 DAGs
[2023-05-19 18:21:55,011] {logging_mixin.py:115} INFO - [2023-05-19 18:21:55,011] {dag.py:2927} INFO - Setting next_dagrun for example_trigger_target_dag to None, run_after=None
[2023-05-19 18:21:55,018] {processor.py:161} INFO - Processing /home/guilherme/Documents/weather_datapipeline/airflow_weather/venv/lib/python3.10/site-packages/airflow/example_dags/example_trigger_target_dag.py took 0.040 seconds
[2023-05-19 18:22:28,631] {processor.py:153} INFO - Started process (PID=19462) to work on /home/guilherme/Documents/weather_datapipeline/airflow_weather/venv/lib/python3.10/site-packages/airflow/example_dags/example_trigger_target_dag.py
[2023-05-19 18:22:28,632] {processor.py:641} INFO - Processing file /home/guilherme/Documents/weather_datapipeline/airflow_weather/venv/lib/python3.10/site-packages/airflow/example_dags/example_trigger_target_dag.py for tasks to queue
[2023-05-19 18:22:28,632] {logging_mixin.py:115} INFO - [2023-05-19 18:22:28,632] {dagbag.py:507} INFO - Filling up the DagBag from /home/guilherme/Documents/weather_datapipeline/airflow_weather/venv/lib/python3.10/site-packages/airflow/example_dags/example_trigger_target_dag.py
[2023-05-19 18:22:28,645] {processor.py:651} INFO - DAG(s) dict_keys(['example_trigger_target_dag']) retrieved from /home/guilherme/Documents/weather_datapipeline/airflow_weather/venv/lib/python3.10/site-packages/airflow/example_dags/example_trigger_target_dag.py
[2023-05-19 18:22:28,656] {logging_mixin.py:115} INFO - [2023-05-19 18:22:28,655] {dag.py:2379} INFO - Sync 1 DAGs
[2023-05-19 18:22:28,665] {logging_mixin.py:115} INFO - [2023-05-19 18:22:28,665] {dag.py:2927} INFO - Setting next_dagrun for example_trigger_target_dag to None, run_after=None
[2023-05-19 18:22:28,672] {processor.py:161} INFO - Processing /home/guilherme/Documents/weather_datapipeline/airflow_weather/venv/lib/python3.10/site-packages/airflow/example_dags/example_trigger_target_dag.py took 0.043 seconds
[2023-05-19 18:23:00,422] {processor.py:153} INFO - Started process (PID=19673) to work on /home/guilherme/Documents/weather_datapipeline/airflow_weather/venv/lib/python3.10/site-packages/airflow/example_dags/example_trigger_target_dag.py
[2023-05-19 18:23:00,422] {processor.py:641} INFO - Processing file /home/guilherme/Documents/weather_datapipeline/airflow_weather/venv/lib/python3.10/site-packages/airflow/example_dags/example_trigger_target_dag.py for tasks to queue
[2023-05-19 18:23:00,423] {logging_mixin.py:115} INFO - [2023-05-19 18:23:00,423] {dagbag.py:507} INFO - Filling up the DagBag from /home/guilherme/Documents/weather_datapipeline/airflow_weather/venv/lib/python3.10/site-packages/airflow/example_dags/example_trigger_target_dag.py
[2023-05-19 18:23:00,433] {processor.py:651} INFO - DAG(s) dict_keys(['example_trigger_target_dag']) retrieved from /home/guilherme/Documents/weather_datapipeline/airflow_weather/venv/lib/python3.10/site-packages/airflow/example_dags/example_trigger_target_dag.py
[2023-05-19 18:23:00,441] {logging_mixin.py:115} INFO - [2023-05-19 18:23:00,441] {dag.py:2379} INFO - Sync 1 DAGs
[2023-05-19 18:23:00,450] {logging_mixin.py:115} INFO - [2023-05-19 18:23:00,449] {dag.py:2927} INFO - Setting next_dagrun for example_trigger_target_dag to None, run_after=None
[2023-05-19 18:23:00,456] {processor.py:161} INFO - Processing /home/guilherme/Documents/weather_datapipeline/airflow_weather/venv/lib/python3.10/site-packages/airflow/example_dags/example_trigger_target_dag.py took 0.035 seconds
[2023-05-19 18:23:34,076] {processor.py:153} INFO - Started process (PID=19867) to work on /home/guilherme/Documents/weather_datapipeline/airflow_weather/venv/lib/python3.10/site-packages/airflow/example_dags/example_trigger_target_dag.py
[2023-05-19 18:23:34,076] {processor.py:641} INFO - Processing file /home/guilherme/Documents/weather_datapipeline/airflow_weather/venv/lib/python3.10/site-packages/airflow/example_dags/example_trigger_target_dag.py for tasks to queue
[2023-05-19 18:23:34,076] {logging_mixin.py:115} INFO - [2023-05-19 18:23:34,076] {dagbag.py:507} INFO - Filling up the DagBag from /home/guilherme/Documents/weather_datapipeline/airflow_weather/venv/lib/python3.10/site-packages/airflow/example_dags/example_trigger_target_dag.py
[2023-05-19 18:23:34,088] {processor.py:651} INFO - DAG(s) dict_keys(['example_trigger_target_dag']) retrieved from /home/guilherme/Documents/weather_datapipeline/airflow_weather/venv/lib/python3.10/site-packages/airflow/example_dags/example_trigger_target_dag.py
[2023-05-19 18:23:34,096] {logging_mixin.py:115} INFO - [2023-05-19 18:23:34,096] {dag.py:2379} INFO - Sync 1 DAGs
[2023-05-19 18:23:34,106] {logging_mixin.py:115} INFO - [2023-05-19 18:23:34,106] {dag.py:2927} INFO - Setting next_dagrun for example_trigger_target_dag to None, run_after=None
[2023-05-19 18:23:34,114] {processor.py:161} INFO - Processing /home/guilherme/Documents/weather_datapipeline/airflow_weather/venv/lib/python3.10/site-packages/airflow/example_dags/example_trigger_target_dag.py took 0.039 seconds
[2023-05-19 18:24:05,005] {processor.py:153} INFO - Started process (PID=20054) to work on /home/guilherme/Documents/weather_datapipeline/airflow_weather/venv/lib/python3.10/site-packages/airflow/example_dags/example_trigger_target_dag.py
[2023-05-19 18:24:05,005] {processor.py:641} INFO - Processing file /home/guilherme/Documents/weather_datapipeline/airflow_weather/venv/lib/python3.10/site-packages/airflow/example_dags/example_trigger_target_dag.py for tasks to queue
[2023-05-19 18:24:05,006] {logging_mixin.py:115} INFO - [2023-05-19 18:24:05,006] {dagbag.py:507} INFO - Filling up the DagBag from /home/guilherme/Documents/weather_datapipeline/airflow_weather/venv/lib/python3.10/site-packages/airflow/example_dags/example_trigger_target_dag.py
[2023-05-19 18:24:05,020] {processor.py:651} INFO - DAG(s) dict_keys(['example_trigger_target_dag']) retrieved from /home/guilherme/Documents/weather_datapipeline/airflow_weather/venv/lib/python3.10/site-packages/airflow/example_dags/example_trigger_target_dag.py
[2023-05-19 18:24:05,029] {logging_mixin.py:115} INFO - [2023-05-19 18:24:05,029] {dag.py:2379} INFO - Sync 1 DAGs
[2023-05-19 18:24:05,041] {logging_mixin.py:115} INFO - [2023-05-19 18:24:05,041] {dag.py:2927} INFO - Setting next_dagrun for example_trigger_target_dag to None, run_after=None
[2023-05-19 18:24:05,048] {processor.py:161} INFO - Processing /home/guilherme/Documents/weather_datapipeline/airflow_weather/venv/lib/python3.10/site-packages/airflow/example_dags/example_trigger_target_dag.py took 0.046 seconds
[2023-05-19 18:24:39,198] {processor.py:153} INFO - Started process (PID=20118) to work on /home/guilherme/Documents/weather_datapipeline/airflow_weather/venv/lib/python3.10/site-packages/airflow/example_dags/example_trigger_target_dag.py
[2023-05-19 18:24:39,198] {processor.py:641} INFO - Processing file /home/guilherme/Documents/weather_datapipeline/airflow_weather/venv/lib/python3.10/site-packages/airflow/example_dags/example_trigger_target_dag.py for tasks to queue
[2023-05-19 18:24:39,199] {logging_mixin.py:115} INFO - [2023-05-19 18:24:39,199] {dagbag.py:507} INFO - Filling up the DagBag from /home/guilherme/Documents/weather_datapipeline/airflow_weather/venv/lib/python3.10/site-packages/airflow/example_dags/example_trigger_target_dag.py
[2023-05-19 18:24:39,209] {processor.py:651} INFO - DAG(s) dict_keys(['example_trigger_target_dag']) retrieved from /home/guilherme/Documents/weather_datapipeline/airflow_weather/venv/lib/python3.10/site-packages/airflow/example_dags/example_trigger_target_dag.py
[2023-05-19 18:24:39,217] {logging_mixin.py:115} INFO - [2023-05-19 18:24:39,217] {dag.py:2379} INFO - Sync 1 DAGs
[2023-05-19 18:24:39,225] {logging_mixin.py:115} INFO - [2023-05-19 18:24:39,225] {dag.py:2927} INFO - Setting next_dagrun for example_trigger_target_dag to None, run_after=None
[2023-05-19 18:24:39,231] {processor.py:161} INFO - Processing /home/guilherme/Documents/weather_datapipeline/airflow_weather/venv/lib/python3.10/site-packages/airflow/example_dags/example_trigger_target_dag.py took 0.034 seconds
[2023-05-19 18:25:11,051] {processor.py:153} INFO - Started process (PID=20154) to work on /home/guilherme/Documents/weather_datapipeline/airflow_weather/venv/lib/python3.10/site-packages/airflow/example_dags/example_trigger_target_dag.py
[2023-05-19 18:25:11,052] {processor.py:641} INFO - Processing file /home/guilherme/Documents/weather_datapipeline/airflow_weather/venv/lib/python3.10/site-packages/airflow/example_dags/example_trigger_target_dag.py for tasks to queue
[2023-05-19 18:25:11,052] {logging_mixin.py:115} INFO - [2023-05-19 18:25:11,052] {dagbag.py:507} INFO - Filling up the DagBag from /home/guilherme/Documents/weather_datapipeline/airflow_weather/venv/lib/python3.10/site-packages/airflow/example_dags/example_trigger_target_dag.py
[2023-05-19 18:25:11,062] {processor.py:651} INFO - DAG(s) dict_keys(['example_trigger_target_dag']) retrieved from /home/guilherme/Documents/weather_datapipeline/airflow_weather/venv/lib/python3.10/site-packages/airflow/example_dags/example_trigger_target_dag.py
[2023-05-19 18:25:11,070] {logging_mixin.py:115} INFO - [2023-05-19 18:25:11,070] {dag.py:2379} INFO - Sync 1 DAGs
[2023-05-19 18:25:11,078] {logging_mixin.py:115} INFO - [2023-05-19 18:25:11,078] {dag.py:2927} INFO - Setting next_dagrun for example_trigger_target_dag to None, run_after=None
[2023-05-19 18:25:11,084] {processor.py:161} INFO - Processing /home/guilherme/Documents/weather_datapipeline/airflow_weather/venv/lib/python3.10/site-packages/airflow/example_dags/example_trigger_target_dag.py took 0.035 seconds
[2023-05-19 18:25:42,459] {processor.py:153} INFO - Started process (PID=20189) to work on /home/guilherme/Documents/weather_datapipeline/airflow_weather/venv/lib/python3.10/site-packages/airflow/example_dags/example_trigger_target_dag.py
[2023-05-19 18:25:42,460] {processor.py:641} INFO - Processing file /home/guilherme/Documents/weather_datapipeline/airflow_weather/venv/lib/python3.10/site-packages/airflow/example_dags/example_trigger_target_dag.py for tasks to queue
[2023-05-19 18:25:42,460] {logging_mixin.py:115} INFO - [2023-05-19 18:25:42,460] {dagbag.py:507} INFO - Filling up the DagBag from /home/guilherme/Documents/weather_datapipeline/airflow_weather/venv/lib/python3.10/site-packages/airflow/example_dags/example_trigger_target_dag.py
[2023-05-19 18:25:42,471] {processor.py:651} INFO - DAG(s) dict_keys(['example_trigger_target_dag']) retrieved from /home/guilherme/Documents/weather_datapipeline/airflow_weather/venv/lib/python3.10/site-packages/airflow/example_dags/example_trigger_target_dag.py
[2023-05-19 18:25:42,479] {logging_mixin.py:115} INFO - [2023-05-19 18:25:42,479] {dag.py:2379} INFO - Sync 1 DAGs
[2023-05-19 18:25:42,489] {logging_mixin.py:115} INFO - [2023-05-19 18:25:42,489] {dag.py:2927} INFO - Setting next_dagrun for example_trigger_target_dag to None, run_after=None
[2023-05-19 18:25:42,495] {processor.py:161} INFO - Processing /home/guilherme/Documents/weather_datapipeline/airflow_weather/venv/lib/python3.10/site-packages/airflow/example_dags/example_trigger_target_dag.py took 0.037 seconds
[2023-05-19 18:26:16,618] {processor.py:153} INFO - Started process (PID=20391) to work on /home/guilherme/Documents/weather_datapipeline/airflow_weather/venv/lib/python3.10/site-packages/airflow/example_dags/example_trigger_target_dag.py
[2023-05-19 18:26:16,618] {processor.py:641} INFO - Processing file /home/guilherme/Documents/weather_datapipeline/airflow_weather/venv/lib/python3.10/site-packages/airflow/example_dags/example_trigger_target_dag.py for tasks to queue
[2023-05-19 18:26:16,618] {logging_mixin.py:115} INFO - [2023-05-19 18:26:16,618] {dagbag.py:507} INFO - Filling up the DagBag from /home/guilherme/Documents/weather_datapipeline/airflow_weather/venv/lib/python3.10/site-packages/airflow/example_dags/example_trigger_target_dag.py
[2023-05-19 18:26:16,629] {processor.py:651} INFO - DAG(s) dict_keys(['example_trigger_target_dag']) retrieved from /home/guilherme/Documents/weather_datapipeline/airflow_weather/venv/lib/python3.10/site-packages/airflow/example_dags/example_trigger_target_dag.py
[2023-05-19 18:26:16,636] {logging_mixin.py:115} INFO - [2023-05-19 18:26:16,636] {dag.py:2379} INFO - Sync 1 DAGs
[2023-05-19 18:26:16,645] {logging_mixin.py:115} INFO - [2023-05-19 18:26:16,645] {dag.py:2927} INFO - Setting next_dagrun for example_trigger_target_dag to None, run_after=None
[2023-05-19 18:26:16,652] {processor.py:161} INFO - Processing /home/guilherme/Documents/weather_datapipeline/airflow_weather/venv/lib/python3.10/site-packages/airflow/example_dags/example_trigger_target_dag.py took 0.036 seconds
[2023-05-19 18:26:50,886] {processor.py:153} INFO - Started process (PID=20544) to work on /home/guilherme/Documents/weather_datapipeline/airflow_weather/venv/lib/python3.10/site-packages/airflow/example_dags/example_trigger_target_dag.py
[2023-05-19 18:26:50,887] {processor.py:641} INFO - Processing file /home/guilherme/Documents/weather_datapipeline/airflow_weather/venv/lib/python3.10/site-packages/airflow/example_dags/example_trigger_target_dag.py for tasks to queue
[2023-05-19 18:26:50,887] {logging_mixin.py:115} INFO - [2023-05-19 18:26:50,887] {dagbag.py:507} INFO - Filling up the DagBag from /home/guilherme/Documents/weather_datapipeline/airflow_weather/venv/lib/python3.10/site-packages/airflow/example_dags/example_trigger_target_dag.py
[2023-05-19 18:26:50,898] {processor.py:651} INFO - DAG(s) dict_keys(['example_trigger_target_dag']) retrieved from /home/guilherme/Documents/weather_datapipeline/airflow_weather/venv/lib/python3.10/site-packages/airflow/example_dags/example_trigger_target_dag.py
[2023-05-19 18:26:50,906] {logging_mixin.py:115} INFO - [2023-05-19 18:26:50,906] {dag.py:2379} INFO - Sync 1 DAGs
[2023-05-19 18:26:50,914] {logging_mixin.py:115} INFO - [2023-05-19 18:26:50,914] {dag.py:2927} INFO - Setting next_dagrun for example_trigger_target_dag to None, run_after=None
[2023-05-19 18:26:50,920] {processor.py:161} INFO - Processing /home/guilherme/Documents/weather_datapipeline/airflow_weather/venv/lib/python3.10/site-packages/airflow/example_dags/example_trigger_target_dag.py took 0.035 seconds
[2023-05-19 18:27:49,308] {processor.py:153} INFO - Started process (PID=20695) to work on /home/guilherme/Documents/weather_datapipeline/airflow_weather/venv/lib/python3.10/site-packages/airflow/example_dags/example_trigger_target_dag.py
[2023-05-19 18:27:49,308] {processor.py:641} INFO - Processing file /home/guilherme/Documents/weather_datapipeline/airflow_weather/venv/lib/python3.10/site-packages/airflow/example_dags/example_trigger_target_dag.py for tasks to queue
[2023-05-19 18:27:49,308] {logging_mixin.py:115} INFO - [2023-05-19 18:27:49,308] {dagbag.py:507} INFO - Filling up the DagBag from /home/guilherme/Documents/weather_datapipeline/airflow_weather/venv/lib/python3.10/site-packages/airflow/example_dags/example_trigger_target_dag.py
[2023-05-19 18:27:49,318] {processor.py:651} INFO - DAG(s) dict_keys(['example_trigger_target_dag']) retrieved from /home/guilherme/Documents/weather_datapipeline/airflow_weather/venv/lib/python3.10/site-packages/airflow/example_dags/example_trigger_target_dag.py
[2023-05-19 18:27:49,325] {logging_mixin.py:115} INFO - [2023-05-19 18:27:49,325] {dag.py:2379} INFO - Sync 1 DAGs
[2023-05-19 18:27:49,333] {logging_mixin.py:115} INFO - [2023-05-19 18:27:49,333] {dag.py:2927} INFO - Setting next_dagrun for example_trigger_target_dag to None, run_after=None
[2023-05-19 18:27:49,339] {processor.py:161} INFO - Processing /home/guilherme/Documents/weather_datapipeline/airflow_weather/venv/lib/python3.10/site-packages/airflow/example_dags/example_trigger_target_dag.py took 0.033 seconds
[2023-05-19 18:28:22,332] {processor.py:153} INFO - Started process (PID=20771) to work on /home/guilherme/Documents/weather_datapipeline/airflow_weather/venv/lib/python3.10/site-packages/airflow/example_dags/example_trigger_target_dag.py
[2023-05-19 18:28:22,332] {processor.py:641} INFO - Processing file /home/guilherme/Documents/weather_datapipeline/airflow_weather/venv/lib/python3.10/site-packages/airflow/example_dags/example_trigger_target_dag.py for tasks to queue
[2023-05-19 18:28:22,333] {logging_mixin.py:115} INFO - [2023-05-19 18:28:22,333] {dagbag.py:507} INFO - Filling up the DagBag from /home/guilherme/Documents/weather_datapipeline/airflow_weather/venv/lib/python3.10/site-packages/airflow/example_dags/example_trigger_target_dag.py
[2023-05-19 18:28:22,343] {processor.py:651} INFO - DAG(s) dict_keys(['example_trigger_target_dag']) retrieved from /home/guilherme/Documents/weather_datapipeline/airflow_weather/venv/lib/python3.10/site-packages/airflow/example_dags/example_trigger_target_dag.py
[2023-05-19 18:28:22,351] {logging_mixin.py:115} INFO - [2023-05-19 18:28:22,351] {dag.py:2379} INFO - Sync 1 DAGs
[2023-05-19 18:28:22,361] {logging_mixin.py:115} INFO - [2023-05-19 18:28:22,361] {dag.py:2927} INFO - Setting next_dagrun for example_trigger_target_dag to None, run_after=None
[2023-05-19 18:28:22,368] {processor.py:161} INFO - Processing /home/guilherme/Documents/weather_datapipeline/airflow_weather/venv/lib/python3.10/site-packages/airflow/example_dags/example_trigger_target_dag.py took 0.038 seconds
