[2023-05-19 17:59:51,798] {processor.py:153} INFO - Started process (PID=11088) to work on /home/guilherme/Documents/weather_datapipeline/airflow_weather/venv/lib/python3.10/site-packages/airflow/example_dags/example_branch_datetime_operator.py
[2023-05-19 17:59:51,798] {processor.py:641} INFO - Processing file /home/guilherme/Documents/weather_datapipeline/airflow_weather/venv/lib/python3.10/site-packages/airflow/example_dags/example_branch_datetime_operator.py for tasks to queue
[2023-05-19 17:59:51,798] {logging_mixin.py:115} INFO - [2023-05-19 17:59:51,798] {dagbag.py:507} INFO - Filling up the DagBag from /home/guilherme/Documents/weather_datapipeline/airflow_weather/venv/lib/python3.10/site-packages/airflow/example_dags/example_branch_datetime_operator.py
[2023-05-19 17:59:51,804] {processor.py:651} INFO - DAG(s) dict_keys(['example_branch_datetime_operator_2']) retrieved from /home/guilherme/Documents/weather_datapipeline/airflow_weather/venv/lib/python3.10/site-packages/airflow/example_dags/example_branch_datetime_operator.py
[2023-05-19 17:59:51,837] {logging_mixin.py:115} INFO - [2023-05-19 17:59:51,837] {manager.py:508} INFO - Created Permission View: can edit on DAG:example_branch_datetime_operator_2
[2023-05-19 17:59:51,842] {logging_mixin.py:115} INFO - [2023-05-19 17:59:51,842] {manager.py:508} INFO - Created Permission View: can delete on DAG:example_branch_datetime_operator_2
[2023-05-19 17:59:51,846] {logging_mixin.py:115} INFO - [2023-05-19 17:59:51,846] {manager.py:508} INFO - Created Permission View: can read on DAG:example_branch_datetime_operator_2
[2023-05-19 17:59:51,846] {logging_mixin.py:115} INFO - [2023-05-19 17:59:51,846] {dag.py:2379} INFO - Sync 1 DAGs
[2023-05-19 17:59:51,850] {logging_mixin.py:115} INFO - [2023-05-19 17:59:51,850] {dag.py:2398} INFO - Creating ORM DAG for example_branch_datetime_operator_2
[2023-05-19 17:59:51,856] {logging_mixin.py:115} INFO - [2023-05-19 17:59:51,856] {dag.py:2927} INFO - Setting next_dagrun for example_branch_datetime_operator_2 to 2023-05-18T00:00:00+00:00, run_after=2023-05-19T00:00:00+00:00
[2023-05-19 17:59:51,864] {processor.py:161} INFO - Processing /home/guilherme/Documents/weather_datapipeline/airflow_weather/venv/lib/python3.10/site-packages/airflow/example_dags/example_branch_datetime_operator.py took 0.068 seconds
[2023-05-19 18:00:24,564] {processor.py:153} INFO - Started process (PID=11170) to work on /home/guilherme/Documents/weather_datapipeline/airflow_weather/venv/lib/python3.10/site-packages/airflow/example_dags/example_branch_datetime_operator.py
[2023-05-19 18:00:24,564] {processor.py:641} INFO - Processing file /home/guilherme/Documents/weather_datapipeline/airflow_weather/venv/lib/python3.10/site-packages/airflow/example_dags/example_branch_datetime_operator.py for tasks to queue
[2023-05-19 18:00:24,565] {logging_mixin.py:115} INFO - [2023-05-19 18:00:24,565] {dagbag.py:507} INFO - Filling up the DagBag from /home/guilherme/Documents/weather_datapipeline/airflow_weather/venv/lib/python3.10/site-packages/airflow/example_dags/example_branch_datetime_operator.py
[2023-05-19 18:00:24,569] {processor.py:651} INFO - DAG(s) dict_keys(['example_branch_datetime_operator_2']) retrieved from /home/guilherme/Documents/weather_datapipeline/airflow_weather/venv/lib/python3.10/site-packages/airflow/example_dags/example_branch_datetime_operator.py
[2023-05-19 18:00:24,578] {logging_mixin.py:115} INFO - [2023-05-19 18:00:24,578] {dag.py:2379} INFO - Sync 1 DAGs
[2023-05-19 18:00:24,589] {logging_mixin.py:115} INFO - [2023-05-19 18:00:24,589] {dag.py:2927} INFO - Setting next_dagrun for example_branch_datetime_operator_2 to 2023-05-18T00:00:00+00:00, run_after=2023-05-19T00:00:00+00:00
[2023-05-19 18:00:24,595] {processor.py:161} INFO - Processing /home/guilherme/Documents/weather_datapipeline/airflow_weather/venv/lib/python3.10/site-packages/airflow/example_dags/example_branch_datetime_operator.py took 0.033 seconds
[2023-05-19 18:00:57,338] {processor.py:153} INFO - Started process (PID=11264) to work on /home/guilherme/Documents/weather_datapipeline/airflow_weather/venv/lib/python3.10/site-packages/airflow/example_dags/example_branch_datetime_operator.py
[2023-05-19 18:00:57,338] {processor.py:641} INFO - Processing file /home/guilherme/Documents/weather_datapipeline/airflow_weather/venv/lib/python3.10/site-packages/airflow/example_dags/example_branch_datetime_operator.py for tasks to queue
[2023-05-19 18:00:57,338] {logging_mixin.py:115} INFO - [2023-05-19 18:00:57,338] {dagbag.py:507} INFO - Filling up the DagBag from /home/guilherme/Documents/weather_datapipeline/airflow_weather/venv/lib/python3.10/site-packages/airflow/example_dags/example_branch_datetime_operator.py
[2023-05-19 18:00:57,343] {processor.py:651} INFO - DAG(s) dict_keys(['example_branch_datetime_operator_2']) retrieved from /home/guilherme/Documents/weather_datapipeline/airflow_weather/venv/lib/python3.10/site-packages/airflow/example_dags/example_branch_datetime_operator.py
[2023-05-19 18:00:57,369] {logging_mixin.py:115} INFO - [2023-05-19 18:00:57,369] {dag.py:2379} INFO - Sync 1 DAGs
[2023-05-19 18:00:57,381] {logging_mixin.py:115} INFO - [2023-05-19 18:00:57,381] {dag.py:2927} INFO - Setting next_dagrun for example_branch_datetime_operator_2 to 2023-05-18T00:00:00+00:00, run_after=2023-05-19T00:00:00+00:00
[2023-05-19 18:00:57,387] {processor.py:161} INFO - Processing /home/guilherme/Documents/weather_datapipeline/airflow_weather/venv/lib/python3.10/site-packages/airflow/example_dags/example_branch_datetime_operator.py took 0.050 seconds
[2023-05-19 18:01:30,366] {processor.py:153} INFO - Started process (PID=11313) to work on /home/guilherme/Documents/weather_datapipeline/airflow_weather/venv/lib/python3.10/site-packages/airflow/example_dags/example_branch_datetime_operator.py
[2023-05-19 18:01:30,366] {processor.py:641} INFO - Processing file /home/guilherme/Documents/weather_datapipeline/airflow_weather/venv/lib/python3.10/site-packages/airflow/example_dags/example_branch_datetime_operator.py for tasks to queue
[2023-05-19 18:01:30,366] {logging_mixin.py:115} INFO - [2023-05-19 18:01:30,366] {dagbag.py:507} INFO - Filling up the DagBag from /home/guilherme/Documents/weather_datapipeline/airflow_weather/venv/lib/python3.10/site-packages/airflow/example_dags/example_branch_datetime_operator.py
[2023-05-19 18:01:30,371] {processor.py:651} INFO - DAG(s) dict_keys(['example_branch_datetime_operator_2']) retrieved from /home/guilherme/Documents/weather_datapipeline/airflow_weather/venv/lib/python3.10/site-packages/airflow/example_dags/example_branch_datetime_operator.py
[2023-05-19 18:01:30,379] {logging_mixin.py:115} INFO - [2023-05-19 18:01:30,379] {dag.py:2379} INFO - Sync 1 DAGs
[2023-05-19 18:01:30,393] {logging_mixin.py:115} INFO - [2023-05-19 18:01:30,393] {dag.py:2927} INFO - Setting next_dagrun for example_branch_datetime_operator_2 to 2023-05-18T00:00:00+00:00, run_after=2023-05-19T00:00:00+00:00
[2023-05-19 18:01:30,417] {processor.py:161} INFO - Processing /home/guilherme/Documents/weather_datapipeline/airflow_weather/venv/lib/python3.10/site-packages/airflow/example_dags/example_branch_datetime_operator.py took 0.053 seconds
