[2023-05-19 17:59:44,411] {processor.py:153} INFO - Started process (PID=11081) to work on /home/guilherme/Documents/weather_datapipeline/airflow_weather/venv/lib/python3.10/site-packages/airflow/example_dags/example_latest_only_with_trigger.py
[2023-05-19 17:59:44,411] {processor.py:641} INFO - Processing file /home/guilherme/Documents/weather_datapipeline/airflow_weather/venv/lib/python3.10/site-packages/airflow/example_dags/example_latest_only_with_trigger.py for tasks to queue
[2023-05-19 17:59:44,412] {logging_mixin.py:115} INFO - [2023-05-19 17:59:44,412] {dagbag.py:507} INFO - Filling up the DagBag from /home/guilherme/Documents/weather_datapipeline/airflow_weather/venv/lib/python3.10/site-packages/airflow/example_dags/example_latest_only_with_trigger.py
[2023-05-19 17:59:44,415] {processor.py:651} INFO - DAG(s) dict_keys(['latest_only_with_trigger']) retrieved from /home/guilherme/Documents/weather_datapipeline/airflow_weather/venv/lib/python3.10/site-packages/airflow/example_dags/example_latest_only_with_trigger.py
[2023-05-19 17:59:44,450] {logging_mixin.py:115} INFO - [2023-05-19 17:59:44,450] {manager.py:508} INFO - Created Permission View: can edit on DAG:latest_only_with_trigger
[2023-05-19 17:59:44,456] {logging_mixin.py:115} INFO - [2023-05-19 17:59:44,456] {manager.py:508} INFO - Created Permission View: can delete on DAG:latest_only_with_trigger
[2023-05-19 17:59:44,460] {logging_mixin.py:115} INFO - [2023-05-19 17:59:44,460] {manager.py:508} INFO - Created Permission View: can read on DAG:latest_only_with_trigger
[2023-05-19 17:59:44,460] {logging_mixin.py:115} INFO - [2023-05-19 17:59:44,460] {dag.py:2379} INFO - Sync 1 DAGs
[2023-05-19 17:59:44,464] {logging_mixin.py:115} INFO - [2023-05-19 17:59:44,464] {dag.py:2398} INFO - Creating ORM DAG for latest_only_with_trigger
[2023-05-19 17:59:44,469] {logging_mixin.py:115} INFO - [2023-05-19 17:59:44,469] {dag.py:2927} INFO - Setting next_dagrun for latest_only_with_trigger to 2023-05-19T16:59:44.469033+00:00, run_after=2023-05-19T20:59:44.469033+00:00
[2023-05-19 17:59:44,477] {processor.py:161} INFO - Processing /home/guilherme/Documents/weather_datapipeline/airflow_weather/venv/lib/python3.10/site-packages/airflow/example_dags/example_latest_only_with_trigger.py took 0.068 seconds
[2023-05-19 18:00:18,580] {processor.py:153} INFO - Started process (PID=11162) to work on /home/guilherme/Documents/weather_datapipeline/airflow_weather/venv/lib/python3.10/site-packages/airflow/example_dags/example_latest_only_with_trigger.py
[2023-05-19 18:00:18,581] {processor.py:641} INFO - Processing file /home/guilherme/Documents/weather_datapipeline/airflow_weather/venv/lib/python3.10/site-packages/airflow/example_dags/example_latest_only_with_trigger.py for tasks to queue
[2023-05-19 18:00:18,581] {logging_mixin.py:115} INFO - [2023-05-19 18:00:18,581] {dagbag.py:507} INFO - Filling up the DagBag from /home/guilherme/Documents/weather_datapipeline/airflow_weather/venv/lib/python3.10/site-packages/airflow/example_dags/example_latest_only_with_trigger.py
[2023-05-19 18:00:18,584] {processor.py:651} INFO - DAG(s) dict_keys(['latest_only_with_trigger']) retrieved from /home/guilherme/Documents/weather_datapipeline/airflow_weather/venv/lib/python3.10/site-packages/airflow/example_dags/example_latest_only_with_trigger.py
[2023-05-19 18:00:18,594] {logging_mixin.py:115} INFO - [2023-05-19 18:00:18,594] {dag.py:2379} INFO - Sync 1 DAGs
[2023-05-19 18:00:18,604] {logging_mixin.py:115} INFO - [2023-05-19 18:00:18,604] {dag.py:2927} INFO - Setting next_dagrun for latest_only_with_trigger to 2023-05-19T17:00:18.604439+00:00, run_after=2023-05-19T21:00:18.604439+00:00
[2023-05-19 18:00:18,610] {processor.py:161} INFO - Processing /home/guilherme/Documents/weather_datapipeline/airflow_weather/venv/lib/python3.10/site-packages/airflow/example_dags/example_latest_only_with_trigger.py took 0.032 seconds
[2023-05-19 18:00:51,078] {processor.py:153} INFO - Started process (PID=11257) to work on /home/guilherme/Documents/weather_datapipeline/airflow_weather/venv/lib/python3.10/site-packages/airflow/example_dags/example_latest_only_with_trigger.py
[2023-05-19 18:00:51,079] {processor.py:641} INFO - Processing file /home/guilherme/Documents/weather_datapipeline/airflow_weather/venv/lib/python3.10/site-packages/airflow/example_dags/example_latest_only_with_trigger.py for tasks to queue
[2023-05-19 18:00:51,079] {logging_mixin.py:115} INFO - [2023-05-19 18:00:51,079] {dagbag.py:507} INFO - Filling up the DagBag from /home/guilherme/Documents/weather_datapipeline/airflow_weather/venv/lib/python3.10/site-packages/airflow/example_dags/example_latest_only_with_trigger.py
[2023-05-19 18:00:51,082] {processor.py:651} INFO - DAG(s) dict_keys(['latest_only_with_trigger']) retrieved from /home/guilherme/Documents/weather_datapipeline/airflow_weather/venv/lib/python3.10/site-packages/airflow/example_dags/example_latest_only_with_trigger.py
[2023-05-19 18:00:51,091] {logging_mixin.py:115} INFO - [2023-05-19 18:00:51,091] {dag.py:2379} INFO - Sync 1 DAGs
[2023-05-19 18:00:51,102] {logging_mixin.py:115} INFO - [2023-05-19 18:00:51,102] {dag.py:2927} INFO - Setting next_dagrun for latest_only_with_trigger to 2023-05-19T17:00:51.102255+00:00, run_after=2023-05-19T21:00:51.102255+00:00
[2023-05-19 18:00:51,109] {processor.py:161} INFO - Processing /home/guilherme/Documents/weather_datapipeline/airflow_weather/venv/lib/python3.10/site-packages/airflow/example_dags/example_latest_only_with_trigger.py took 0.033 seconds
[2023-05-19 18:01:22,988] {processor.py:153} INFO - Started process (PID=11294) to work on /home/guilherme/Documents/weather_datapipeline/airflow_weather/venv/lib/python3.10/site-packages/airflow/example_dags/example_latest_only_with_trigger.py
[2023-05-19 18:01:22,988] {processor.py:641} INFO - Processing file /home/guilherme/Documents/weather_datapipeline/airflow_weather/venv/lib/python3.10/site-packages/airflow/example_dags/example_latest_only_with_trigger.py for tasks to queue
[2023-05-19 18:01:22,989] {logging_mixin.py:115} INFO - [2023-05-19 18:01:22,989] {dagbag.py:507} INFO - Filling up the DagBag from /home/guilherme/Documents/weather_datapipeline/airflow_weather/venv/lib/python3.10/site-packages/airflow/example_dags/example_latest_only_with_trigger.py
[2023-05-19 18:01:22,992] {processor.py:651} INFO - DAG(s) dict_keys(['latest_only_with_trigger']) retrieved from /home/guilherme/Documents/weather_datapipeline/airflow_weather/venv/lib/python3.10/site-packages/airflow/example_dags/example_latest_only_with_trigger.py
[2023-05-19 18:01:23,001] {logging_mixin.py:115} INFO - [2023-05-19 18:01:23,001] {dag.py:2379} INFO - Sync 1 DAGs
[2023-05-19 18:01:23,011] {logging_mixin.py:115} INFO - [2023-05-19 18:01:23,011] {dag.py:2927} INFO - Setting next_dagrun for latest_only_with_trigger to 2023-05-19T17:01:23.011588+00:00, run_after=2023-05-19T21:01:23.011588+00:00
[2023-05-19 18:01:23,018] {processor.py:161} INFO - Processing /home/guilherme/Documents/weather_datapipeline/airflow_weather/venv/lib/python3.10/site-packages/airflow/example_dags/example_latest_only_with_trigger.py took 0.031 seconds
[2023-05-19 18:01:55,701] {processor.py:153} INFO - Started process (PID=11538) to work on /home/guilherme/Documents/weather_datapipeline/airflow_weather/venv/lib/python3.10/site-packages/airflow/example_dags/example_latest_only_with_trigger.py
[2023-05-19 18:01:55,702] {processor.py:641} INFO - Processing file /home/guilherme/Documents/weather_datapipeline/airflow_weather/venv/lib/python3.10/site-packages/airflow/example_dags/example_latest_only_with_trigger.py for tasks to queue
[2023-05-19 18:01:55,702] {logging_mixin.py:115} INFO - [2023-05-19 18:01:55,702] {dagbag.py:507} INFO - Filling up the DagBag from /home/guilherme/Documents/weather_datapipeline/airflow_weather/venv/lib/python3.10/site-packages/airflow/example_dags/example_latest_only_with_trigger.py
[2023-05-19 18:01:55,705] {processor.py:651} INFO - DAG(s) dict_keys(['latest_only_with_trigger']) retrieved from /home/guilherme/Documents/weather_datapipeline/airflow_weather/venv/lib/python3.10/site-packages/airflow/example_dags/example_latest_only_with_trigger.py
[2023-05-19 18:01:55,713] {logging_mixin.py:115} INFO - [2023-05-19 18:01:55,713] {dag.py:2379} INFO - Sync 1 DAGs
[2023-05-19 18:01:55,723] {logging_mixin.py:115} INFO - [2023-05-19 18:01:55,723] {dag.py:2927} INFO - Setting next_dagrun for latest_only_with_trigger to 2023-05-19T17:01:55.723309+00:00, run_after=2023-05-19T21:01:55.723309+00:00
[2023-05-19 18:01:55,729] {processor.py:161} INFO - Processing /home/guilherme/Documents/weather_datapipeline/airflow_weather/venv/lib/python3.10/site-packages/airflow/example_dags/example_latest_only_with_trigger.py took 0.029 seconds
[2023-05-19 18:02:29,595] {processor.py:153} INFO - Started process (PID=11886) to work on /home/guilherme/Documents/weather_datapipeline/airflow_weather/venv/lib/python3.10/site-packages/airflow/example_dags/example_latest_only_with_trigger.py
[2023-05-19 18:02:29,595] {processor.py:641} INFO - Processing file /home/guilherme/Documents/weather_datapipeline/airflow_weather/venv/lib/python3.10/site-packages/airflow/example_dags/example_latest_only_with_trigger.py for tasks to queue
[2023-05-19 18:02:29,596] {logging_mixin.py:115} INFO - [2023-05-19 18:02:29,596] {dagbag.py:507} INFO - Filling up the DagBag from /home/guilherme/Documents/weather_datapipeline/airflow_weather/venv/lib/python3.10/site-packages/airflow/example_dags/example_latest_only_with_trigger.py
[2023-05-19 18:02:29,600] {processor.py:651} INFO - DAG(s) dict_keys(['latest_only_with_trigger']) retrieved from /home/guilherme/Documents/weather_datapipeline/airflow_weather/venv/lib/python3.10/site-packages/airflow/example_dags/example_latest_only_with_trigger.py
[2023-05-19 18:02:29,609] {logging_mixin.py:115} INFO - [2023-05-19 18:02:29,609] {dag.py:2379} INFO - Sync 1 DAGs
[2023-05-19 18:02:29,619] {logging_mixin.py:115} INFO - [2023-05-19 18:02:29,619] {dag.py:2927} INFO - Setting next_dagrun for latest_only_with_trigger to 2023-05-19T17:02:29.618891+00:00, run_after=2023-05-19T21:02:29.618891+00:00
[2023-05-19 18:02:29,625] {processor.py:161} INFO - Processing /home/guilherme/Documents/weather_datapipeline/airflow_weather/venv/lib/python3.10/site-packages/airflow/example_dags/example_latest_only_with_trigger.py took 0.031 seconds
[2023-05-19 18:03:00,369] {processor.py:153} INFO - Started process (PID=12191) to work on /home/guilherme/Documents/weather_datapipeline/airflow_weather/venv/lib/python3.10/site-packages/airflow/example_dags/example_latest_only_with_trigger.py
[2023-05-19 18:03:00,369] {processor.py:641} INFO - Processing file /home/guilherme/Documents/weather_datapipeline/airflow_weather/venv/lib/python3.10/site-packages/airflow/example_dags/example_latest_only_with_trigger.py for tasks to queue
[2023-05-19 18:03:00,370] {logging_mixin.py:115} INFO - [2023-05-19 18:03:00,369] {dagbag.py:507} INFO - Filling up the DagBag from /home/guilherme/Documents/weather_datapipeline/airflow_weather/venv/lib/python3.10/site-packages/airflow/example_dags/example_latest_only_with_trigger.py
[2023-05-19 18:03:00,373] {processor.py:651} INFO - DAG(s) dict_keys(['latest_only_with_trigger']) retrieved from /home/guilherme/Documents/weather_datapipeline/airflow_weather/venv/lib/python3.10/site-packages/airflow/example_dags/example_latest_only_with_trigger.py
[2023-05-19 18:03:00,382] {logging_mixin.py:115} INFO - [2023-05-19 18:03:00,382] {dag.py:2379} INFO - Sync 1 DAGs
[2023-05-19 18:03:00,393] {logging_mixin.py:115} INFO - [2023-05-19 18:03:00,393] {dag.py:2927} INFO - Setting next_dagrun for latest_only_with_trigger to 2023-05-19T17:03:00.393636+00:00, run_after=2023-05-19T21:03:00.393636+00:00
[2023-05-19 18:03:00,401] {processor.py:161} INFO - Processing /home/guilherme/Documents/weather_datapipeline/airflow_weather/venv/lib/python3.10/site-packages/airflow/example_dags/example_latest_only_with_trigger.py took 0.034 seconds
[2023-05-19 18:03:35,149] {processor.py:153} INFO - Started process (PID=12315) to work on /home/guilherme/Documents/weather_datapipeline/airflow_weather/venv/lib/python3.10/site-packages/airflow/example_dags/example_latest_only_with_trigger.py
[2023-05-19 18:03:35,150] {processor.py:641} INFO - Processing file /home/guilherme/Documents/weather_datapipeline/airflow_weather/venv/lib/python3.10/site-packages/airflow/example_dags/example_latest_only_with_trigger.py for tasks to queue
[2023-05-19 18:03:35,150] {logging_mixin.py:115} INFO - [2023-05-19 18:03:35,150] {dagbag.py:507} INFO - Filling up the DagBag from /home/guilherme/Documents/weather_datapipeline/airflow_weather/venv/lib/python3.10/site-packages/airflow/example_dags/example_latest_only_with_trigger.py
[2023-05-19 18:03:35,154] {processor.py:651} INFO - DAG(s) dict_keys(['latest_only_with_trigger']) retrieved from /home/guilherme/Documents/weather_datapipeline/airflow_weather/venv/lib/python3.10/site-packages/airflow/example_dags/example_latest_only_with_trigger.py
[2023-05-19 18:03:35,163] {logging_mixin.py:115} INFO - [2023-05-19 18:03:35,163] {dag.py:2379} INFO - Sync 1 DAGs
[2023-05-19 18:03:35,173] {logging_mixin.py:115} INFO - [2023-05-19 18:03:35,173] {dag.py:2927} INFO - Setting next_dagrun for latest_only_with_trigger to 2023-05-19T17:03:35.173657+00:00, run_after=2023-05-19T21:03:35.173657+00:00
[2023-05-19 18:03:35,180] {processor.py:161} INFO - Processing /home/guilherme/Documents/weather_datapipeline/airflow_weather/venv/lib/python3.10/site-packages/airflow/example_dags/example_latest_only_with_trigger.py took 0.033 seconds
[2023-05-19 18:04:08,413] {processor.py:153} INFO - Started process (PID=12443) to work on /home/guilherme/Documents/weather_datapipeline/airflow_weather/venv/lib/python3.10/site-packages/airflow/example_dags/example_latest_only_with_trigger.py
[2023-05-19 18:04:08,413] {processor.py:641} INFO - Processing file /home/guilherme/Documents/weather_datapipeline/airflow_weather/venv/lib/python3.10/site-packages/airflow/example_dags/example_latest_only_with_trigger.py for tasks to queue
[2023-05-19 18:04:08,414] {logging_mixin.py:115} INFO - [2023-05-19 18:04:08,413] {dagbag.py:507} INFO - Filling up the DagBag from /home/guilherme/Documents/weather_datapipeline/airflow_weather/venv/lib/python3.10/site-packages/airflow/example_dags/example_latest_only_with_trigger.py
[2023-05-19 18:04:08,417] {processor.py:651} INFO - DAG(s) dict_keys(['latest_only_with_trigger']) retrieved from /home/guilherme/Documents/weather_datapipeline/airflow_weather/venv/lib/python3.10/site-packages/airflow/example_dags/example_latest_only_with_trigger.py
[2023-05-19 18:04:08,427] {logging_mixin.py:115} INFO - [2023-05-19 18:04:08,427] {dag.py:2379} INFO - Sync 1 DAGs
[2023-05-19 18:04:08,437] {logging_mixin.py:115} INFO - [2023-05-19 18:04:08,437] {dag.py:2927} INFO - Setting next_dagrun for latest_only_with_trigger to 2023-05-19T17:04:08.437214+00:00, run_after=2023-05-19T21:04:08.437214+00:00
[2023-05-19 18:04:08,443] {processor.py:161} INFO - Processing /home/guilherme/Documents/weather_datapipeline/airflow_weather/venv/lib/python3.10/site-packages/airflow/example_dags/example_latest_only_with_trigger.py took 0.031 seconds
[2023-05-19 18:04:40,956] {processor.py:153} INFO - Started process (PID=12590) to work on /home/guilherme/Documents/weather_datapipeline/airflow_weather/venv/lib/python3.10/site-packages/airflow/example_dags/example_latest_only_with_trigger.py
[2023-05-19 18:04:40,957] {processor.py:641} INFO - Processing file /home/guilherme/Documents/weather_datapipeline/airflow_weather/venv/lib/python3.10/site-packages/airflow/example_dags/example_latest_only_with_trigger.py for tasks to queue
[2023-05-19 18:04:40,957] {logging_mixin.py:115} INFO - [2023-05-19 18:04:40,957] {dagbag.py:507} INFO - Filling up the DagBag from /home/guilherme/Documents/weather_datapipeline/airflow_weather/venv/lib/python3.10/site-packages/airflow/example_dags/example_latest_only_with_trigger.py
[2023-05-19 18:04:40,962] {processor.py:651} INFO - DAG(s) dict_keys(['latest_only_with_trigger']) retrieved from /home/guilherme/Documents/weather_datapipeline/airflow_weather/venv/lib/python3.10/site-packages/airflow/example_dags/example_latest_only_with_trigger.py
[2023-05-19 18:04:40,975] {logging_mixin.py:115} INFO - [2023-05-19 18:04:40,975] {dag.py:2379} INFO - Sync 1 DAGs
[2023-05-19 18:04:40,986] {logging_mixin.py:115} INFO - [2023-05-19 18:04:40,985] {dag.py:2927} INFO - Setting next_dagrun for latest_only_with_trigger to 2023-05-19T17:04:40.985783+00:00, run_after=2023-05-19T21:04:40.985783+00:00
[2023-05-19 18:04:40,994] {processor.py:161} INFO - Processing /home/guilherme/Documents/weather_datapipeline/airflow_weather/venv/lib/python3.10/site-packages/airflow/example_dags/example_latest_only_with_trigger.py took 0.039 seconds
[2023-05-19 18:05:14,715] {processor.py:153} INFO - Started process (PID=12715) to work on /home/guilherme/Documents/weather_datapipeline/airflow_weather/venv/lib/python3.10/site-packages/airflow/example_dags/example_latest_only_with_trigger.py
[2023-05-19 18:05:14,716] {processor.py:641} INFO - Processing file /home/guilherme/Documents/weather_datapipeline/airflow_weather/venv/lib/python3.10/site-packages/airflow/example_dags/example_latest_only_with_trigger.py for tasks to queue
[2023-05-19 18:05:14,716] {logging_mixin.py:115} INFO - [2023-05-19 18:05:14,716] {dagbag.py:507} INFO - Filling up the DagBag from /home/guilherme/Documents/weather_datapipeline/airflow_weather/venv/lib/python3.10/site-packages/airflow/example_dags/example_latest_only_with_trigger.py
[2023-05-19 18:05:14,719] {processor.py:651} INFO - DAG(s) dict_keys(['latest_only_with_trigger']) retrieved from /home/guilherme/Documents/weather_datapipeline/airflow_weather/venv/lib/python3.10/site-packages/airflow/example_dags/example_latest_only_with_trigger.py
[2023-05-19 18:05:14,728] {logging_mixin.py:115} INFO - [2023-05-19 18:05:14,728] {dag.py:2379} INFO - Sync 1 DAGs
[2023-05-19 18:05:14,736] {logging_mixin.py:115} INFO - [2023-05-19 18:05:14,736] {dag.py:2927} INFO - Setting next_dagrun for latest_only_with_trigger to 2023-05-19T17:05:14.736622+00:00, run_after=2023-05-19T21:05:14.736622+00:00
[2023-05-19 18:05:14,743] {processor.py:161} INFO - Processing /home/guilherme/Documents/weather_datapipeline/airflow_weather/venv/lib/python3.10/site-packages/airflow/example_dags/example_latest_only_with_trigger.py took 0.029 seconds
[2023-05-19 18:05:45,491] {processor.py:153} INFO - Started process (PID=13047) to work on /home/guilherme/Documents/weather_datapipeline/airflow_weather/venv/lib/python3.10/site-packages/airflow/example_dags/example_latest_only_with_trigger.py
[2023-05-19 18:05:45,491] {processor.py:641} INFO - Processing file /home/guilherme/Documents/weather_datapipeline/airflow_weather/venv/lib/python3.10/site-packages/airflow/example_dags/example_latest_only_with_trigger.py for tasks to queue
[2023-05-19 18:05:45,492] {logging_mixin.py:115} INFO - [2023-05-19 18:05:45,491] {dagbag.py:507} INFO - Filling up the DagBag from /home/guilherme/Documents/weather_datapipeline/airflow_weather/venv/lib/python3.10/site-packages/airflow/example_dags/example_latest_only_with_trigger.py
[2023-05-19 18:05:45,495] {processor.py:651} INFO - DAG(s) dict_keys(['latest_only_with_trigger']) retrieved from /home/guilherme/Documents/weather_datapipeline/airflow_weather/venv/lib/python3.10/site-packages/airflow/example_dags/example_latest_only_with_trigger.py
[2023-05-19 18:05:45,506] {logging_mixin.py:115} INFO - [2023-05-19 18:05:45,506] {dag.py:2379} INFO - Sync 1 DAGs
[2023-05-19 18:05:45,515] {logging_mixin.py:115} INFO - [2023-05-19 18:05:45,515] {dag.py:2927} INFO - Setting next_dagrun for latest_only_with_trigger to 2023-05-19T17:05:45.515328+00:00, run_after=2023-05-19T21:05:45.515328+00:00
[2023-05-19 18:05:45,522] {processor.py:161} INFO - Processing /home/guilherme/Documents/weather_datapipeline/airflow_weather/venv/lib/python3.10/site-packages/airflow/example_dags/example_latest_only_with_trigger.py took 0.033 seconds
[2023-05-19 18:06:19,137] {processor.py:153} INFO - Started process (PID=13518) to work on /home/guilherme/Documents/weather_datapipeline/airflow_weather/venv/lib/python3.10/site-packages/airflow/example_dags/example_latest_only_with_trigger.py
[2023-05-19 18:06:19,137] {processor.py:641} INFO - Processing file /home/guilherme/Documents/weather_datapipeline/airflow_weather/venv/lib/python3.10/site-packages/airflow/example_dags/example_latest_only_with_trigger.py for tasks to queue
[2023-05-19 18:06:19,138] {logging_mixin.py:115} INFO - [2023-05-19 18:06:19,138] {dagbag.py:507} INFO - Filling up the DagBag from /home/guilherme/Documents/weather_datapipeline/airflow_weather/venv/lib/python3.10/site-packages/airflow/example_dags/example_latest_only_with_trigger.py
[2023-05-19 18:06:19,141] {processor.py:651} INFO - DAG(s) dict_keys(['latest_only_with_trigger']) retrieved from /home/guilherme/Documents/weather_datapipeline/airflow_weather/venv/lib/python3.10/site-packages/airflow/example_dags/example_latest_only_with_trigger.py
[2023-05-19 18:06:19,152] {logging_mixin.py:115} INFO - [2023-05-19 18:06:19,152] {dag.py:2379} INFO - Sync 1 DAGs
[2023-05-19 18:06:19,161] {logging_mixin.py:115} INFO - [2023-05-19 18:06:19,160] {dag.py:2927} INFO - Setting next_dagrun for latest_only_with_trigger to 2023-05-19T17:06:19.160818+00:00, run_after=2023-05-19T21:06:19.160818+00:00
[2023-05-19 18:06:19,167] {processor.py:161} INFO - Processing /home/guilherme/Documents/weather_datapipeline/airflow_weather/venv/lib/python3.10/site-packages/airflow/example_dags/example_latest_only_with_trigger.py took 0.031 seconds
[2023-05-19 18:06:52,180] {processor.py:153} INFO - Started process (PID=14007) to work on /home/guilherme/Documents/weather_datapipeline/airflow_weather/venv/lib/python3.10/site-packages/airflow/example_dags/example_latest_only_with_trigger.py
[2023-05-19 18:06:52,181] {processor.py:641} INFO - Processing file /home/guilherme/Documents/weather_datapipeline/airflow_weather/venv/lib/python3.10/site-packages/airflow/example_dags/example_latest_only_with_trigger.py for tasks to queue
[2023-05-19 18:06:52,181] {logging_mixin.py:115} INFO - [2023-05-19 18:06:52,181] {dagbag.py:507} INFO - Filling up the DagBag from /home/guilherme/Documents/weather_datapipeline/airflow_weather/venv/lib/python3.10/site-packages/airflow/example_dags/example_latest_only_with_trigger.py
[2023-05-19 18:06:52,184] {processor.py:651} INFO - DAG(s) dict_keys(['latest_only_with_trigger']) retrieved from /home/guilherme/Documents/weather_datapipeline/airflow_weather/venv/lib/python3.10/site-packages/airflow/example_dags/example_latest_only_with_trigger.py
[2023-05-19 18:06:52,196] {logging_mixin.py:115} INFO - [2023-05-19 18:06:52,196] {dag.py:2379} INFO - Sync 1 DAGs
[2023-05-19 18:06:52,205] {logging_mixin.py:115} INFO - [2023-05-19 18:06:52,205] {dag.py:2927} INFO - Setting next_dagrun for latest_only_with_trigger to 2023-05-19T17:06:52.205289+00:00, run_after=2023-05-19T21:06:52.205289+00:00
[2023-05-19 18:06:52,212] {processor.py:161} INFO - Processing /home/guilherme/Documents/weather_datapipeline/airflow_weather/venv/lib/python3.10/site-packages/airflow/example_dags/example_latest_only_with_trigger.py took 0.033 seconds
[2023-05-19 18:07:26,887] {processor.py:153} INFO - Started process (PID=14361) to work on /home/guilherme/Documents/weather_datapipeline/airflow_weather/venv/lib/python3.10/site-packages/airflow/example_dags/example_latest_only_with_trigger.py
[2023-05-19 18:07:26,888] {processor.py:641} INFO - Processing file /home/guilherme/Documents/weather_datapipeline/airflow_weather/venv/lib/python3.10/site-packages/airflow/example_dags/example_latest_only_with_trigger.py for tasks to queue
[2023-05-19 18:07:26,888] {logging_mixin.py:115} INFO - [2023-05-19 18:07:26,888] {dagbag.py:507} INFO - Filling up the DagBag from /home/guilherme/Documents/weather_datapipeline/airflow_weather/venv/lib/python3.10/site-packages/airflow/example_dags/example_latest_only_with_trigger.py
[2023-05-19 18:07:26,891] {processor.py:651} INFO - DAG(s) dict_keys(['latest_only_with_trigger']) retrieved from /home/guilherme/Documents/weather_datapipeline/airflow_weather/venv/lib/python3.10/site-packages/airflow/example_dags/example_latest_only_with_trigger.py
[2023-05-19 18:07:26,901] {logging_mixin.py:115} INFO - [2023-05-19 18:07:26,901] {dag.py:2379} INFO - Sync 1 DAGs
[2023-05-19 18:07:26,910] {logging_mixin.py:115} INFO - [2023-05-19 18:07:26,910] {dag.py:2927} INFO - Setting next_dagrun for latest_only_with_trigger to 2023-05-19T17:07:26.910422+00:00, run_after=2023-05-19T21:07:26.910422+00:00
[2023-05-19 18:07:26,917] {processor.py:161} INFO - Processing /home/guilherme/Documents/weather_datapipeline/airflow_weather/venv/lib/python3.10/site-packages/airflow/example_dags/example_latest_only_with_trigger.py took 0.031 seconds
[2023-05-19 18:07:57,665] {processor.py:153} INFO - Started process (PID=14536) to work on /home/guilherme/Documents/weather_datapipeline/airflow_weather/venv/lib/python3.10/site-packages/airflow/example_dags/example_latest_only_with_trigger.py
[2023-05-19 18:07:57,666] {processor.py:641} INFO - Processing file /home/guilherme/Documents/weather_datapipeline/airflow_weather/venv/lib/python3.10/site-packages/airflow/example_dags/example_latest_only_with_trigger.py for tasks to queue
[2023-05-19 18:07:57,666] {logging_mixin.py:115} INFO - [2023-05-19 18:07:57,666] {dagbag.py:507} INFO - Filling up the DagBag from /home/guilherme/Documents/weather_datapipeline/airflow_weather/venv/lib/python3.10/site-packages/airflow/example_dags/example_latest_only_with_trigger.py
[2023-05-19 18:07:57,669] {processor.py:651} INFO - DAG(s) dict_keys(['latest_only_with_trigger']) retrieved from /home/guilherme/Documents/weather_datapipeline/airflow_weather/venv/lib/python3.10/site-packages/airflow/example_dags/example_latest_only_with_trigger.py
[2023-05-19 18:07:57,681] {logging_mixin.py:115} INFO - [2023-05-19 18:07:57,681] {dag.py:2379} INFO - Sync 1 DAGs
[2023-05-19 18:07:57,692] {logging_mixin.py:115} INFO - [2023-05-19 18:07:57,692] {dag.py:2927} INFO - Setting next_dagrun for latest_only_with_trigger to 2023-05-19T17:07:57.692286+00:00, run_after=2023-05-19T21:07:57.692286+00:00
[2023-05-19 18:07:57,698] {processor.py:161} INFO - Processing /home/guilherme/Documents/weather_datapipeline/airflow_weather/venv/lib/python3.10/site-packages/airflow/example_dags/example_latest_only_with_trigger.py took 0.034 seconds
[2023-05-19 18:08:32,445] {processor.py:153} INFO - Started process (PID=14744) to work on /home/guilherme/Documents/weather_datapipeline/airflow_weather/venv/lib/python3.10/site-packages/airflow/example_dags/example_latest_only_with_trigger.py
[2023-05-19 18:08:32,445] {processor.py:641} INFO - Processing file /home/guilherme/Documents/weather_datapipeline/airflow_weather/venv/lib/python3.10/site-packages/airflow/example_dags/example_latest_only_with_trigger.py for tasks to queue
[2023-05-19 18:08:32,445] {logging_mixin.py:115} INFO - [2023-05-19 18:08:32,445] {dagbag.py:507} INFO - Filling up the DagBag from /home/guilherme/Documents/weather_datapipeline/airflow_weather/venv/lib/python3.10/site-packages/airflow/example_dags/example_latest_only_with_trigger.py
[2023-05-19 18:08:32,449] {processor.py:651} INFO - DAG(s) dict_keys(['latest_only_with_trigger']) retrieved from /home/guilherme/Documents/weather_datapipeline/airflow_weather/venv/lib/python3.10/site-packages/airflow/example_dags/example_latest_only_with_trigger.py
[2023-05-19 18:08:32,460] {logging_mixin.py:115} INFO - [2023-05-19 18:08:32,460] {dag.py:2379} INFO - Sync 1 DAGs
[2023-05-19 18:08:32,470] {logging_mixin.py:115} INFO - [2023-05-19 18:08:32,470] {dag.py:2927} INFO - Setting next_dagrun for latest_only_with_trigger to 2023-05-19T17:08:32.470008+00:00, run_after=2023-05-19T21:08:32.470008+00:00
[2023-05-19 18:08:32,478] {processor.py:161} INFO - Processing /home/guilherme/Documents/weather_datapipeline/airflow_weather/venv/lib/python3.10/site-packages/airflow/example_dags/example_latest_only_with_trigger.py took 0.035 seconds
[2023-05-19 18:09:04,326] {processor.py:153} INFO - Started process (PID=14920) to work on /home/guilherme/Documents/weather_datapipeline/airflow_weather/venv/lib/python3.10/site-packages/airflow/example_dags/example_latest_only_with_trigger.py
[2023-05-19 18:09:04,326] {processor.py:641} INFO - Processing file /home/guilherme/Documents/weather_datapipeline/airflow_weather/venv/lib/python3.10/site-packages/airflow/example_dags/example_latest_only_with_trigger.py for tasks to queue
[2023-05-19 18:09:04,327] {logging_mixin.py:115} INFO - [2023-05-19 18:09:04,327] {dagbag.py:507} INFO - Filling up the DagBag from /home/guilherme/Documents/weather_datapipeline/airflow_weather/venv/lib/python3.10/site-packages/airflow/example_dags/example_latest_only_with_trigger.py
[2023-05-19 18:09:04,330] {processor.py:651} INFO - DAG(s) dict_keys(['latest_only_with_trigger']) retrieved from /home/guilherme/Documents/weather_datapipeline/airflow_weather/venv/lib/python3.10/site-packages/airflow/example_dags/example_latest_only_with_trigger.py
[2023-05-19 18:09:04,340] {logging_mixin.py:115} INFO - [2023-05-19 18:09:04,340] {dag.py:2379} INFO - Sync 1 DAGs
[2023-05-19 18:09:04,349] {logging_mixin.py:115} INFO - [2023-05-19 18:09:04,349] {dag.py:2927} INFO - Setting next_dagrun for latest_only_with_trigger to 2023-05-19T17:09:04.348899+00:00, run_after=2023-05-19T21:09:04.348899+00:00
[2023-05-19 18:09:04,354] {processor.py:161} INFO - Processing /home/guilherme/Documents/weather_datapipeline/airflow_weather/venv/lib/python3.10/site-packages/airflow/example_dags/example_latest_only_with_trigger.py took 0.030 seconds
[2023-05-19 18:09:36,258] {processor.py:153} INFO - Started process (PID=15090) to work on /home/guilherme/Documents/weather_datapipeline/airflow_weather/venv/lib/python3.10/site-packages/airflow/example_dags/example_latest_only_with_trigger.py
[2023-05-19 18:09:36,258] {processor.py:641} INFO - Processing file /home/guilherme/Documents/weather_datapipeline/airflow_weather/venv/lib/python3.10/site-packages/airflow/example_dags/example_latest_only_with_trigger.py for tasks to queue
[2023-05-19 18:09:36,258] {logging_mixin.py:115} INFO - [2023-05-19 18:09:36,258] {dagbag.py:507} INFO - Filling up the DagBag from /home/guilherme/Documents/weather_datapipeline/airflow_weather/venv/lib/python3.10/site-packages/airflow/example_dags/example_latest_only_with_trigger.py
[2023-05-19 18:09:36,261] {processor.py:651} INFO - DAG(s) dict_keys(['latest_only_with_trigger']) retrieved from /home/guilherme/Documents/weather_datapipeline/airflow_weather/venv/lib/python3.10/site-packages/airflow/example_dags/example_latest_only_with_trigger.py
[2023-05-19 18:09:36,273] {logging_mixin.py:115} INFO - [2023-05-19 18:09:36,273] {dag.py:2379} INFO - Sync 1 DAGs
[2023-05-19 18:09:36,282] {logging_mixin.py:115} INFO - [2023-05-19 18:09:36,282] {dag.py:2927} INFO - Setting next_dagrun for latest_only_with_trigger to 2023-05-19T17:09:36.282201+00:00, run_after=2023-05-19T21:09:36.282201+00:00
[2023-05-19 18:09:36,289] {processor.py:161} INFO - Processing /home/guilherme/Documents/weather_datapipeline/airflow_weather/venv/lib/python3.10/site-packages/airflow/example_dags/example_latest_only_with_trigger.py took 0.032 seconds
[2023-05-19 18:10:10,984] {processor.py:153} INFO - Started process (PID=15257) to work on /home/guilherme/Documents/weather_datapipeline/airflow_weather/venv/lib/python3.10/site-packages/airflow/example_dags/example_latest_only_with_trigger.py
[2023-05-19 18:10:10,985] {processor.py:641} INFO - Processing file /home/guilherme/Documents/weather_datapipeline/airflow_weather/venv/lib/python3.10/site-packages/airflow/example_dags/example_latest_only_with_trigger.py for tasks to queue
[2023-05-19 18:10:10,985] {logging_mixin.py:115} INFO - [2023-05-19 18:10:10,985] {dagbag.py:507} INFO - Filling up the DagBag from /home/guilherme/Documents/weather_datapipeline/airflow_weather/venv/lib/python3.10/site-packages/airflow/example_dags/example_latest_only_with_trigger.py
[2023-05-19 18:10:10,988] {processor.py:651} INFO - DAG(s) dict_keys(['latest_only_with_trigger']) retrieved from /home/guilherme/Documents/weather_datapipeline/airflow_weather/venv/lib/python3.10/site-packages/airflow/example_dags/example_latest_only_with_trigger.py
[2023-05-19 18:10:10,999] {logging_mixin.py:115} INFO - [2023-05-19 18:10:10,999] {dag.py:2379} INFO - Sync 1 DAGs
[2023-05-19 18:10:11,008] {logging_mixin.py:115} INFO - [2023-05-19 18:10:11,008] {dag.py:2927} INFO - Setting next_dagrun for latest_only_with_trigger to 2023-05-19T17:10:11.008155+00:00, run_after=2023-05-19T21:10:11.008155+00:00
[2023-05-19 18:10:11,015] {processor.py:161} INFO - Processing /home/guilherme/Documents/weather_datapipeline/airflow_weather/venv/lib/python3.10/site-packages/airflow/example_dags/example_latest_only_with_trigger.py took 0.032 seconds
[2023-05-19 18:10:43,755] {processor.py:153} INFO - Started process (PID=15346) to work on /home/guilherme/Documents/weather_datapipeline/airflow_weather/venv/lib/python3.10/site-packages/airflow/example_dags/example_latest_only_with_trigger.py
[2023-05-19 18:10:43,755] {processor.py:641} INFO - Processing file /home/guilherme/Documents/weather_datapipeline/airflow_weather/venv/lib/python3.10/site-packages/airflow/example_dags/example_latest_only_with_trigger.py for tasks to queue
[2023-05-19 18:10:43,755] {logging_mixin.py:115} INFO - [2023-05-19 18:10:43,755] {dagbag.py:507} INFO - Filling up the DagBag from /home/guilherme/Documents/weather_datapipeline/airflow_weather/venv/lib/python3.10/site-packages/airflow/example_dags/example_latest_only_with_trigger.py
[2023-05-19 18:10:43,759] {processor.py:651} INFO - DAG(s) dict_keys(['latest_only_with_trigger']) retrieved from /home/guilherme/Documents/weather_datapipeline/airflow_weather/venv/lib/python3.10/site-packages/airflow/example_dags/example_latest_only_with_trigger.py
[2023-05-19 18:10:43,770] {logging_mixin.py:115} INFO - [2023-05-19 18:10:43,770] {dag.py:2379} INFO - Sync 1 DAGs
[2023-05-19 18:10:43,780] {logging_mixin.py:115} INFO - [2023-05-19 18:10:43,780] {dag.py:2927} INFO - Setting next_dagrun for latest_only_with_trigger to 2023-05-19T17:10:43.780219+00:00, run_after=2023-05-19T21:10:43.780219+00:00
[2023-05-19 18:10:43,788] {processor.py:161} INFO - Processing /home/guilherme/Documents/weather_datapipeline/airflow_weather/venv/lib/python3.10/site-packages/airflow/example_dags/example_latest_only_with_trigger.py took 0.035 seconds
[2023-05-19 18:11:17,665] {processor.py:153} INFO - Started process (PID=15394) to work on /home/guilherme/Documents/weather_datapipeline/airflow_weather/venv/lib/python3.10/site-packages/airflow/example_dags/example_latest_only_with_trigger.py
[2023-05-19 18:11:17,666] {processor.py:641} INFO - Processing file /home/guilherme/Documents/weather_datapipeline/airflow_weather/venv/lib/python3.10/site-packages/airflow/example_dags/example_latest_only_with_trigger.py for tasks to queue
[2023-05-19 18:11:17,666] {logging_mixin.py:115} INFO - [2023-05-19 18:11:17,666] {dagbag.py:507} INFO - Filling up the DagBag from /home/guilherme/Documents/weather_datapipeline/airflow_weather/venv/lib/python3.10/site-packages/airflow/example_dags/example_latest_only_with_trigger.py
[2023-05-19 18:11:17,669] {processor.py:651} INFO - DAG(s) dict_keys(['latest_only_with_trigger']) retrieved from /home/guilherme/Documents/weather_datapipeline/airflow_weather/venv/lib/python3.10/site-packages/airflow/example_dags/example_latest_only_with_trigger.py
[2023-05-19 18:11:17,683] {logging_mixin.py:115} INFO - [2023-05-19 18:11:17,683] {dag.py:2379} INFO - Sync 1 DAGs
[2023-05-19 18:11:17,694] {logging_mixin.py:115} INFO - [2023-05-19 18:11:17,694] {dag.py:2927} INFO - Setting next_dagrun for latest_only_with_trigger to 2023-05-19T17:11:17.694163+00:00, run_after=2023-05-19T21:11:17.694163+00:00
[2023-05-19 18:11:17,702] {processor.py:161} INFO - Processing /home/guilherme/Documents/weather_datapipeline/airflow_weather/venv/lib/python3.10/site-packages/airflow/example_dags/example_latest_only_with_trigger.py took 0.039 seconds
[2023-05-19 18:11:52,444] {processor.py:153} INFO - Started process (PID=15460) to work on /home/guilherme/Documents/weather_datapipeline/airflow_weather/venv/lib/python3.10/site-packages/airflow/example_dags/example_latest_only_with_trigger.py
[2023-05-19 18:11:52,444] {processor.py:641} INFO - Processing file /home/guilherme/Documents/weather_datapipeline/airflow_weather/venv/lib/python3.10/site-packages/airflow/example_dags/example_latest_only_with_trigger.py for tasks to queue
[2023-05-19 18:11:52,444] {logging_mixin.py:115} INFO - [2023-05-19 18:11:52,444] {dagbag.py:507} INFO - Filling up the DagBag from /home/guilherme/Documents/weather_datapipeline/airflow_weather/venv/lib/python3.10/site-packages/airflow/example_dags/example_latest_only_with_trigger.py
[2023-05-19 18:11:52,448] {processor.py:651} INFO - DAG(s) dict_keys(['latest_only_with_trigger']) retrieved from /home/guilherme/Documents/weather_datapipeline/airflow_weather/venv/lib/python3.10/site-packages/airflow/example_dags/example_latest_only_with_trigger.py
[2023-05-19 18:11:52,463] {logging_mixin.py:115} INFO - [2023-05-19 18:11:52,463] {dag.py:2379} INFO - Sync 1 DAGs
[2023-05-19 18:11:52,475] {logging_mixin.py:115} INFO - [2023-05-19 18:11:52,475] {dag.py:2927} INFO - Setting next_dagrun for latest_only_with_trigger to 2023-05-19T17:11:52.474901+00:00, run_after=2023-05-19T21:11:52.474901+00:00
[2023-05-19 18:11:52,482] {processor.py:161} INFO - Processing /home/guilherme/Documents/weather_datapipeline/airflow_weather/venv/lib/python3.10/site-packages/airflow/example_dags/example_latest_only_with_trigger.py took 0.040 seconds
[2023-05-19 18:12:26,481] {processor.py:153} INFO - Started process (PID=15532) to work on /home/guilherme/Documents/weather_datapipeline/airflow_weather/venv/lib/python3.10/site-packages/airflow/example_dags/example_latest_only_with_trigger.py
[2023-05-19 18:12:26,482] {processor.py:641} INFO - Processing file /home/guilherme/Documents/weather_datapipeline/airflow_weather/venv/lib/python3.10/site-packages/airflow/example_dags/example_latest_only_with_trigger.py for tasks to queue
[2023-05-19 18:12:26,482] {logging_mixin.py:115} INFO - [2023-05-19 18:12:26,482] {dagbag.py:507} INFO - Filling up the DagBag from /home/guilherme/Documents/weather_datapipeline/airflow_weather/venv/lib/python3.10/site-packages/airflow/example_dags/example_latest_only_with_trigger.py
[2023-05-19 18:12:26,485] {processor.py:651} INFO - DAG(s) dict_keys(['latest_only_with_trigger']) retrieved from /home/guilherme/Documents/weather_datapipeline/airflow_weather/venv/lib/python3.10/site-packages/airflow/example_dags/example_latest_only_with_trigger.py
[2023-05-19 18:12:26,497] {logging_mixin.py:115} INFO - [2023-05-19 18:12:26,497] {dag.py:2379} INFO - Sync 1 DAGs
[2023-05-19 18:12:26,506] {logging_mixin.py:115} INFO - [2023-05-19 18:12:26,506] {dag.py:2927} INFO - Setting next_dagrun for latest_only_with_trigger to 2023-05-19T17:12:26.505964+00:00, run_after=2023-05-19T21:12:26.505964+00:00
[2023-05-19 18:12:26,512] {processor.py:161} INFO - Processing /home/guilherme/Documents/weather_datapipeline/airflow_weather/venv/lib/python3.10/site-packages/airflow/example_dags/example_latest_only_with_trigger.py took 0.033 seconds
[2023-05-19 18:12:58,290] {processor.py:153} INFO - Started process (PID=15623) to work on /home/guilherme/Documents/weather_datapipeline/airflow_weather/venv/lib/python3.10/site-packages/airflow/example_dags/example_latest_only_with_trigger.py
[2023-05-19 18:12:58,291] {processor.py:641} INFO - Processing file /home/guilherme/Documents/weather_datapipeline/airflow_weather/venv/lib/python3.10/site-packages/airflow/example_dags/example_latest_only_with_trigger.py for tasks to queue
[2023-05-19 18:12:58,291] {logging_mixin.py:115} INFO - [2023-05-19 18:12:58,291] {dagbag.py:507} INFO - Filling up the DagBag from /home/guilherme/Documents/weather_datapipeline/airflow_weather/venv/lib/python3.10/site-packages/airflow/example_dags/example_latest_only_with_trigger.py
[2023-05-19 18:12:58,295] {processor.py:651} INFO - DAG(s) dict_keys(['latest_only_with_trigger']) retrieved from /home/guilherme/Documents/weather_datapipeline/airflow_weather/venv/lib/python3.10/site-packages/airflow/example_dags/example_latest_only_with_trigger.py
[2023-05-19 18:12:58,309] {logging_mixin.py:115} INFO - [2023-05-19 18:12:58,309] {dag.py:2379} INFO - Sync 1 DAGs
[2023-05-19 18:12:58,319] {logging_mixin.py:115} INFO - [2023-05-19 18:12:58,319] {dag.py:2927} INFO - Setting next_dagrun for latest_only_with_trigger to 2023-05-19T17:12:58.319128+00:00, run_after=2023-05-19T21:12:58.319128+00:00
[2023-05-19 18:12:58,329] {processor.py:161} INFO - Processing /home/guilherme/Documents/weather_datapipeline/airflow_weather/venv/lib/python3.10/site-packages/airflow/example_dags/example_latest_only_with_trigger.py took 0.041 seconds
[2023-05-19 18:13:33,852] {processor.py:153} INFO - Started process (PID=15830) to work on /home/guilherme/Documents/weather_datapipeline/airflow_weather/venv/lib/python3.10/site-packages/airflow/example_dags/example_latest_only_with_trigger.py
[2023-05-19 18:13:33,852] {processor.py:641} INFO - Processing file /home/guilherme/Documents/weather_datapipeline/airflow_weather/venv/lib/python3.10/site-packages/airflow/example_dags/example_latest_only_with_trigger.py for tasks to queue
[2023-05-19 18:13:33,853] {logging_mixin.py:115} INFO - [2023-05-19 18:13:33,853] {dagbag.py:507} INFO - Filling up the DagBag from /home/guilherme/Documents/weather_datapipeline/airflow_weather/venv/lib/python3.10/site-packages/airflow/example_dags/example_latest_only_with_trigger.py
[2023-05-19 18:13:33,856] {processor.py:651} INFO - DAG(s) dict_keys(['latest_only_with_trigger']) retrieved from /home/guilherme/Documents/weather_datapipeline/airflow_weather/venv/lib/python3.10/site-packages/airflow/example_dags/example_latest_only_with_trigger.py
[2023-05-19 18:13:33,867] {logging_mixin.py:115} INFO - [2023-05-19 18:13:33,866] {dag.py:2379} INFO - Sync 1 DAGs
[2023-05-19 18:13:33,875] {logging_mixin.py:115} INFO - [2023-05-19 18:13:33,875] {dag.py:2927} INFO - Setting next_dagrun for latest_only_with_trigger to 2023-05-19T17:13:33.875314+00:00, run_after=2023-05-19T21:13:33.875314+00:00
[2023-05-19 18:13:33,882] {processor.py:161} INFO - Processing /home/guilherme/Documents/weather_datapipeline/airflow_weather/venv/lib/python3.10/site-packages/airflow/example_dags/example_latest_only_with_trigger.py took 0.031 seconds
[2023-05-19 18:14:06,621] {processor.py:153} INFO - Started process (PID=16004) to work on /home/guilherme/Documents/weather_datapipeline/airflow_weather/venv/lib/python3.10/site-packages/airflow/example_dags/example_latest_only_with_trigger.py
[2023-05-19 18:14:06,621] {processor.py:641} INFO - Processing file /home/guilherme/Documents/weather_datapipeline/airflow_weather/venv/lib/python3.10/site-packages/airflow/example_dags/example_latest_only_with_trigger.py for tasks to queue
[2023-05-19 18:14:06,622] {logging_mixin.py:115} INFO - [2023-05-19 18:14:06,622] {dagbag.py:507} INFO - Filling up the DagBag from /home/guilherme/Documents/weather_datapipeline/airflow_weather/venv/lib/python3.10/site-packages/airflow/example_dags/example_latest_only_with_trigger.py
[2023-05-19 18:14:06,625] {processor.py:651} INFO - DAG(s) dict_keys(['latest_only_with_trigger']) retrieved from /home/guilherme/Documents/weather_datapipeline/airflow_weather/venv/lib/python3.10/site-packages/airflow/example_dags/example_latest_only_with_trigger.py
[2023-05-19 18:14:06,635] {logging_mixin.py:115} INFO - [2023-05-19 18:14:06,635] {dag.py:2379} INFO - Sync 1 DAGs
[2023-05-19 18:14:06,643] {logging_mixin.py:115} INFO - [2023-05-19 18:14:06,643] {dag.py:2927} INFO - Setting next_dagrun for latest_only_with_trigger to 2023-05-19T17:14:06.643613+00:00, run_after=2023-05-19T21:14:06.643613+00:00
[2023-05-19 18:14:06,649] {processor.py:161} INFO - Processing /home/guilherme/Documents/weather_datapipeline/airflow_weather/venv/lib/python3.10/site-packages/airflow/example_dags/example_latest_only_with_trigger.py took 0.030 seconds
[2023-05-19 18:14:39,650] {processor.py:153} INFO - Started process (PID=16208) to work on /home/guilherme/Documents/weather_datapipeline/airflow_weather/venv/lib/python3.10/site-packages/airflow/example_dags/example_latest_only_with_trigger.py
[2023-05-19 18:14:39,651] {processor.py:641} INFO - Processing file /home/guilherme/Documents/weather_datapipeline/airflow_weather/venv/lib/python3.10/site-packages/airflow/example_dags/example_latest_only_with_trigger.py for tasks to queue
[2023-05-19 18:14:39,651] {logging_mixin.py:115} INFO - [2023-05-19 18:14:39,651] {dagbag.py:507} INFO - Filling up the DagBag from /home/guilherme/Documents/weather_datapipeline/airflow_weather/venv/lib/python3.10/site-packages/airflow/example_dags/example_latest_only_with_trigger.py
[2023-05-19 18:14:39,654] {processor.py:651} INFO - DAG(s) dict_keys(['latest_only_with_trigger']) retrieved from /home/guilherme/Documents/weather_datapipeline/airflow_weather/venv/lib/python3.10/site-packages/airflow/example_dags/example_latest_only_with_trigger.py
[2023-05-19 18:14:39,664] {logging_mixin.py:115} INFO - [2023-05-19 18:14:39,664] {dag.py:2379} INFO - Sync 1 DAGs
[2023-05-19 18:14:39,673] {logging_mixin.py:115} INFO - [2023-05-19 18:14:39,673] {dag.py:2927} INFO - Setting next_dagrun for latest_only_with_trigger to 2023-05-19T17:14:39.673202+00:00, run_after=2023-05-19T21:14:39.673202+00:00
[2023-05-19 18:14:39,679] {processor.py:161} INFO - Processing /home/guilherme/Documents/weather_datapipeline/airflow_weather/venv/lib/python3.10/site-packages/airflow/example_dags/example_latest_only_with_trigger.py took 0.030 seconds
[2023-05-19 18:15:15,826] {processor.py:153} INFO - Started process (PID=16406) to work on /home/guilherme/Documents/weather_datapipeline/airflow_weather/venv/lib/python3.10/site-packages/airflow/example_dags/example_latest_only_with_trigger.py
[2023-05-19 18:15:15,826] {processor.py:641} INFO - Processing file /home/guilherme/Documents/weather_datapipeline/airflow_weather/venv/lib/python3.10/site-packages/airflow/example_dags/example_latest_only_with_trigger.py for tasks to queue
[2023-05-19 18:15:15,826] {logging_mixin.py:115} INFO - [2023-05-19 18:15:15,826] {dagbag.py:507} INFO - Filling up the DagBag from /home/guilherme/Documents/weather_datapipeline/airflow_weather/venv/lib/python3.10/site-packages/airflow/example_dags/example_latest_only_with_trigger.py
[2023-05-19 18:15:15,830] {processor.py:651} INFO - DAG(s) dict_keys(['latest_only_with_trigger']) retrieved from /home/guilherme/Documents/weather_datapipeline/airflow_weather/venv/lib/python3.10/site-packages/airflow/example_dags/example_latest_only_with_trigger.py
[2023-05-19 18:15:15,840] {logging_mixin.py:115} INFO - [2023-05-19 18:15:15,840] {dag.py:2379} INFO - Sync 1 DAGs
[2023-05-19 18:15:15,848] {logging_mixin.py:115} INFO - [2023-05-19 18:15:15,848] {dag.py:2927} INFO - Setting next_dagrun for latest_only_with_trigger to 2023-05-19T17:15:15.848381+00:00, run_after=2023-05-19T21:15:15.848381+00:00
[2023-05-19 18:15:15,855] {processor.py:161} INFO - Processing /home/guilherme/Documents/weather_datapipeline/airflow_weather/venv/lib/python3.10/site-packages/airflow/example_dags/example_latest_only_with_trigger.py took 0.031 seconds
[2023-05-19 18:15:47,912] {processor.py:153} INFO - Started process (PID=16579) to work on /home/guilherme/Documents/weather_datapipeline/airflow_weather/venv/lib/python3.10/site-packages/airflow/example_dags/example_latest_only_with_trigger.py
[2023-05-19 18:15:47,913] {processor.py:641} INFO - Processing file /home/guilherme/Documents/weather_datapipeline/airflow_weather/venv/lib/python3.10/site-packages/airflow/example_dags/example_latest_only_with_trigger.py for tasks to queue
[2023-05-19 18:15:47,913] {logging_mixin.py:115} INFO - [2023-05-19 18:15:47,913] {dagbag.py:507} INFO - Filling up the DagBag from /home/guilherme/Documents/weather_datapipeline/airflow_weather/venv/lib/python3.10/site-packages/airflow/example_dags/example_latest_only_with_trigger.py
[2023-05-19 18:15:47,916] {processor.py:651} INFO - DAG(s) dict_keys(['latest_only_with_trigger']) retrieved from /home/guilherme/Documents/weather_datapipeline/airflow_weather/venv/lib/python3.10/site-packages/airflow/example_dags/example_latest_only_with_trigger.py
[2023-05-19 18:15:47,927] {logging_mixin.py:115} INFO - [2023-05-19 18:15:47,927] {dag.py:2379} INFO - Sync 1 DAGs
[2023-05-19 18:15:47,935] {logging_mixin.py:115} INFO - [2023-05-19 18:15:47,935] {dag.py:2927} INFO - Setting next_dagrun for latest_only_with_trigger to 2023-05-19T17:15:47.935359+00:00, run_after=2023-05-19T21:15:47.935359+00:00
[2023-05-19 18:15:47,942] {processor.py:161} INFO - Processing /home/guilherme/Documents/weather_datapipeline/airflow_weather/venv/lib/python3.10/site-packages/airflow/example_dags/example_latest_only_with_trigger.py took 0.032 seconds
[2023-05-19 18:16:24,837] {processor.py:153} INFO - Started process (PID=16800) to work on /home/guilherme/Documents/weather_datapipeline/airflow_weather/venv/lib/python3.10/site-packages/airflow/example_dags/example_latest_only_with_trigger.py
[2023-05-19 18:16:24,837] {processor.py:641} INFO - Processing file /home/guilherme/Documents/weather_datapipeline/airflow_weather/venv/lib/python3.10/site-packages/airflow/example_dags/example_latest_only_with_trigger.py for tasks to queue
[2023-05-19 18:16:24,837] {logging_mixin.py:115} INFO - [2023-05-19 18:16:24,837] {dagbag.py:507} INFO - Filling up the DagBag from /home/guilherme/Documents/weather_datapipeline/airflow_weather/venv/lib/python3.10/site-packages/airflow/example_dags/example_latest_only_with_trigger.py
[2023-05-19 18:16:24,840] {processor.py:651} INFO - DAG(s) dict_keys(['latest_only_with_trigger']) retrieved from /home/guilherme/Documents/weather_datapipeline/airflow_weather/venv/lib/python3.10/site-packages/airflow/example_dags/example_latest_only_with_trigger.py
[2023-05-19 18:16:24,851] {logging_mixin.py:115} INFO - [2023-05-19 18:16:24,851] {dag.py:2379} INFO - Sync 1 DAGs
[2023-05-19 18:16:24,859] {logging_mixin.py:115} INFO - [2023-05-19 18:16:24,859] {dag.py:2927} INFO - Setting next_dagrun for latest_only_with_trigger to 2023-05-19T17:16:24.859566+00:00, run_after=2023-05-19T21:16:24.859566+00:00
[2023-05-19 18:16:24,866] {processor.py:161} INFO - Processing /home/guilherme/Documents/weather_datapipeline/airflow_weather/venv/lib/python3.10/site-packages/airflow/example_dags/example_latest_only_with_trigger.py took 0.031 seconds
[2023-05-19 18:16:59,557] {processor.py:153} INFO - Started process (PID=16997) to work on /home/guilherme/Documents/weather_datapipeline/airflow_weather/venv/lib/python3.10/site-packages/airflow/example_dags/example_latest_only_with_trigger.py
[2023-05-19 18:16:59,558] {processor.py:641} INFO - Processing file /home/guilherme/Documents/weather_datapipeline/airflow_weather/venv/lib/python3.10/site-packages/airflow/example_dags/example_latest_only_with_trigger.py for tasks to queue
[2023-05-19 18:16:59,558] {logging_mixin.py:115} INFO - [2023-05-19 18:16:59,558] {dagbag.py:507} INFO - Filling up the DagBag from /home/guilherme/Documents/weather_datapipeline/airflow_weather/venv/lib/python3.10/site-packages/airflow/example_dags/example_latest_only_with_trigger.py
[2023-05-19 18:16:59,561] {processor.py:651} INFO - DAG(s) dict_keys(['latest_only_with_trigger']) retrieved from /home/guilherme/Documents/weather_datapipeline/airflow_weather/venv/lib/python3.10/site-packages/airflow/example_dags/example_latest_only_with_trigger.py
[2023-05-19 18:16:59,572] {logging_mixin.py:115} INFO - [2023-05-19 18:16:59,572] {dag.py:2379} INFO - Sync 1 DAGs
[2023-05-19 18:16:59,580] {logging_mixin.py:115} INFO - [2023-05-19 18:16:59,580] {dag.py:2927} INFO - Setting next_dagrun for latest_only_with_trigger to 2023-05-19T17:16:59.580264+00:00, run_after=2023-05-19T21:16:59.580264+00:00
[2023-05-19 18:16:59,587] {processor.py:161} INFO - Processing /home/guilherme/Documents/weather_datapipeline/airflow_weather/venv/lib/python3.10/site-packages/airflow/example_dags/example_latest_only_with_trigger.py took 0.032 seconds
[2023-05-19 18:17:31,469] {processor.py:153} INFO - Started process (PID=17175) to work on /home/guilherme/Documents/weather_datapipeline/airflow_weather/venv/lib/python3.10/site-packages/airflow/example_dags/example_latest_only_with_trigger.py
[2023-05-19 18:17:31,469] {processor.py:641} INFO - Processing file /home/guilherme/Documents/weather_datapipeline/airflow_weather/venv/lib/python3.10/site-packages/airflow/example_dags/example_latest_only_with_trigger.py for tasks to queue
[2023-05-19 18:17:31,470] {logging_mixin.py:115} INFO - [2023-05-19 18:17:31,470] {dagbag.py:507} INFO - Filling up the DagBag from /home/guilherme/Documents/weather_datapipeline/airflow_weather/venv/lib/python3.10/site-packages/airflow/example_dags/example_latest_only_with_trigger.py
[2023-05-19 18:17:31,474] {processor.py:651} INFO - DAG(s) dict_keys(['latest_only_with_trigger']) retrieved from /home/guilherme/Documents/weather_datapipeline/airflow_weather/venv/lib/python3.10/site-packages/airflow/example_dags/example_latest_only_with_trigger.py
[2023-05-19 18:17:31,485] {logging_mixin.py:115} INFO - [2023-05-19 18:17:31,485] {dag.py:2379} INFO - Sync 1 DAGs
[2023-05-19 18:17:31,495] {logging_mixin.py:115} INFO - [2023-05-19 18:17:31,495] {dag.py:2927} INFO - Setting next_dagrun for latest_only_with_trigger to 2023-05-19T17:17:31.495035+00:00, run_after=2023-05-19T21:17:31.495035+00:00
[2023-05-19 18:17:31,501] {processor.py:161} INFO - Processing /home/guilherme/Documents/weather_datapipeline/airflow_weather/venv/lib/python3.10/site-packages/airflow/example_dags/example_latest_only_with_trigger.py took 0.034 seconds
[2023-05-19 18:18:06,130] {processor.py:153} INFO - Started process (PID=17385) to work on /home/guilherme/Documents/weather_datapipeline/airflow_weather/venv/lib/python3.10/site-packages/airflow/example_dags/example_latest_only_with_trigger.py
[2023-05-19 18:18:06,130] {processor.py:641} INFO - Processing file /home/guilherme/Documents/weather_datapipeline/airflow_weather/venv/lib/python3.10/site-packages/airflow/example_dags/example_latest_only_with_trigger.py for tasks to queue
[2023-05-19 18:18:06,130] {logging_mixin.py:115} INFO - [2023-05-19 18:18:06,130] {dagbag.py:507} INFO - Filling up the DagBag from /home/guilherme/Documents/weather_datapipeline/airflow_weather/venv/lib/python3.10/site-packages/airflow/example_dags/example_latest_only_with_trigger.py
[2023-05-19 18:18:06,134] {processor.py:651} INFO - DAG(s) dict_keys(['latest_only_with_trigger']) retrieved from /home/guilherme/Documents/weather_datapipeline/airflow_weather/venv/lib/python3.10/site-packages/airflow/example_dags/example_latest_only_with_trigger.py
[2023-05-19 18:18:06,145] {logging_mixin.py:115} INFO - [2023-05-19 18:18:06,145] {dag.py:2379} INFO - Sync 1 DAGs
[2023-05-19 18:18:06,154] {logging_mixin.py:115} INFO - [2023-05-19 18:18:06,154] {dag.py:2927} INFO - Setting next_dagrun for latest_only_with_trigger to 2023-05-19T17:18:06.154551+00:00, run_after=2023-05-19T21:18:06.154551+00:00
[2023-05-19 18:18:06,162] {processor.py:161} INFO - Processing /home/guilherme/Documents/weather_datapipeline/airflow_weather/venv/lib/python3.10/site-packages/airflow/example_dags/example_latest_only_with_trigger.py took 0.034 seconds
[2023-05-19 18:18:40,744] {processor.py:153} INFO - Started process (PID=17619) to work on /home/guilherme/Documents/weather_datapipeline/airflow_weather/venv/lib/python3.10/site-packages/airflow/example_dags/example_latest_only_with_trigger.py
[2023-05-19 18:18:40,745] {processor.py:641} INFO - Processing file /home/guilherme/Documents/weather_datapipeline/airflow_weather/venv/lib/python3.10/site-packages/airflow/example_dags/example_latest_only_with_trigger.py for tasks to queue
[2023-05-19 18:18:40,746] {logging_mixin.py:115} INFO - [2023-05-19 18:18:40,746] {dagbag.py:507} INFO - Filling up the DagBag from /home/guilherme/Documents/weather_datapipeline/airflow_weather/venv/lib/python3.10/site-packages/airflow/example_dags/example_latest_only_with_trigger.py
[2023-05-19 18:18:40,749] {processor.py:651} INFO - DAG(s) dict_keys(['latest_only_with_trigger']) retrieved from /home/guilherme/Documents/weather_datapipeline/airflow_weather/venv/lib/python3.10/site-packages/airflow/example_dags/example_latest_only_with_trigger.py
[2023-05-19 18:18:40,758] {logging_mixin.py:115} INFO - [2023-05-19 18:18:40,758] {dag.py:2379} INFO - Sync 1 DAGs
[2023-05-19 18:18:40,769] {logging_mixin.py:115} INFO - [2023-05-19 18:18:40,769] {dag.py:2927} INFO - Setting next_dagrun for latest_only_with_trigger to 2023-05-19T17:18:40.769145+00:00, run_after=2023-05-19T21:18:40.769145+00:00
[2023-05-19 18:18:40,776] {processor.py:161} INFO - Processing /home/guilherme/Documents/weather_datapipeline/airflow_weather/venv/lib/python3.10/site-packages/airflow/example_dags/example_latest_only_with_trigger.py took 0.034 seconds
[2023-05-19 18:19:12,792] {processor.py:153} INFO - Started process (PID=18278) to work on /home/guilherme/Documents/weather_datapipeline/airflow_weather/venv/lib/python3.10/site-packages/airflow/example_dags/example_latest_only_with_trigger.py
[2023-05-19 18:19:12,792] {processor.py:641} INFO - Processing file /home/guilherme/Documents/weather_datapipeline/airflow_weather/venv/lib/python3.10/site-packages/airflow/example_dags/example_latest_only_with_trigger.py for tasks to queue
[2023-05-19 18:19:12,793] {logging_mixin.py:115} INFO - [2023-05-19 18:19:12,793] {dagbag.py:507} INFO - Filling up the DagBag from /home/guilherme/Documents/weather_datapipeline/airflow_weather/venv/lib/python3.10/site-packages/airflow/example_dags/example_latest_only_with_trigger.py
[2023-05-19 18:19:12,796] {processor.py:651} INFO - DAG(s) dict_keys(['latest_only_with_trigger']) retrieved from /home/guilherme/Documents/weather_datapipeline/airflow_weather/venv/lib/python3.10/site-packages/airflow/example_dags/example_latest_only_with_trigger.py
[2023-05-19 18:19:12,809] {logging_mixin.py:115} INFO - [2023-05-19 18:19:12,809] {dag.py:2379} INFO - Sync 1 DAGs
[2023-05-19 18:19:12,818] {logging_mixin.py:115} INFO - [2023-05-19 18:19:12,818] {dag.py:2927} INFO - Setting next_dagrun for latest_only_with_trigger to 2023-05-19T17:19:12.818729+00:00, run_after=2023-05-19T21:19:12.818729+00:00
[2023-05-19 18:19:12,826] {processor.py:161} INFO - Processing /home/guilherme/Documents/weather_datapipeline/airflow_weather/venv/lib/python3.10/site-packages/airflow/example_dags/example_latest_only_with_trigger.py took 0.035 seconds
[2023-05-19 18:19:43,363] {processor.py:153} INFO - Started process (PID=18459) to work on /home/guilherme/Documents/weather_datapipeline/airflow_weather/venv/lib/python3.10/site-packages/airflow/example_dags/example_latest_only_with_trigger.py
[2023-05-19 18:19:43,363] {processor.py:641} INFO - Processing file /home/guilherme/Documents/weather_datapipeline/airflow_weather/venv/lib/python3.10/site-packages/airflow/example_dags/example_latest_only_with_trigger.py for tasks to queue
[2023-05-19 18:19:43,364] {logging_mixin.py:115} INFO - [2023-05-19 18:19:43,364] {dagbag.py:507} INFO - Filling up the DagBag from /home/guilherme/Documents/weather_datapipeline/airflow_weather/venv/lib/python3.10/site-packages/airflow/example_dags/example_latest_only_with_trigger.py
[2023-05-19 18:19:43,367] {processor.py:651} INFO - DAG(s) dict_keys(['latest_only_with_trigger']) retrieved from /home/guilherme/Documents/weather_datapipeline/airflow_weather/venv/lib/python3.10/site-packages/airflow/example_dags/example_latest_only_with_trigger.py
[2023-05-19 18:19:43,377] {logging_mixin.py:115} INFO - [2023-05-19 18:19:43,377] {dag.py:2379} INFO - Sync 1 DAGs
[2023-05-19 18:19:43,385] {logging_mixin.py:115} INFO - [2023-05-19 18:19:43,385] {dag.py:2927} INFO - Setting next_dagrun for latest_only_with_trigger to 2023-05-19T17:19:43.385237+00:00, run_after=2023-05-19T21:19:43.385237+00:00
[2023-05-19 18:19:43,392] {processor.py:161} INFO - Processing /home/guilherme/Documents/weather_datapipeline/airflow_weather/venv/lib/python3.10/site-packages/airflow/example_dags/example_latest_only_with_trigger.py took 0.030 seconds
[2023-05-19 18:20:16,406] {processor.py:153} INFO - Started process (PID=18668) to work on /home/guilherme/Documents/weather_datapipeline/airflow_weather/venv/lib/python3.10/site-packages/airflow/example_dags/example_latest_only_with_trigger.py
[2023-05-19 18:20:16,407] {processor.py:641} INFO - Processing file /home/guilherme/Documents/weather_datapipeline/airflow_weather/venv/lib/python3.10/site-packages/airflow/example_dags/example_latest_only_with_trigger.py for tasks to queue
[2023-05-19 18:20:16,407] {logging_mixin.py:115} INFO - [2023-05-19 18:20:16,407] {dagbag.py:507} INFO - Filling up the DagBag from /home/guilherme/Documents/weather_datapipeline/airflow_weather/venv/lib/python3.10/site-packages/airflow/example_dags/example_latest_only_with_trigger.py
[2023-05-19 18:20:16,412] {processor.py:651} INFO - DAG(s) dict_keys(['latest_only_with_trigger']) retrieved from /home/guilherme/Documents/weather_datapipeline/airflow_weather/venv/lib/python3.10/site-packages/airflow/example_dags/example_latest_only_with_trigger.py
[2023-05-19 18:20:16,421] {logging_mixin.py:115} INFO - [2023-05-19 18:20:16,421] {dag.py:2379} INFO - Sync 1 DAGs
[2023-05-19 18:20:16,431] {logging_mixin.py:115} INFO - [2023-05-19 18:20:16,431] {dag.py:2927} INFO - Setting next_dagrun for latest_only_with_trigger to 2023-05-19T17:20:16.431551+00:00, run_after=2023-05-19T21:20:16.431551+00:00
[2023-05-19 18:20:16,439] {processor.py:161} INFO - Processing /home/guilherme/Documents/weather_datapipeline/airflow_weather/venv/lib/python3.10/site-packages/airflow/example_dags/example_latest_only_with_trigger.py took 0.034 seconds
[2023-05-19 18:20:50,031] {processor.py:153} INFO - Started process (PID=18844) to work on /home/guilherme/Documents/weather_datapipeline/airflow_weather/venv/lib/python3.10/site-packages/airflow/example_dags/example_latest_only_with_trigger.py
[2023-05-19 18:20:50,031] {processor.py:641} INFO - Processing file /home/guilherme/Documents/weather_datapipeline/airflow_weather/venv/lib/python3.10/site-packages/airflow/example_dags/example_latest_only_with_trigger.py for tasks to queue
[2023-05-19 18:20:50,031] {logging_mixin.py:115} INFO - [2023-05-19 18:20:50,031] {dagbag.py:507} INFO - Filling up the DagBag from /home/guilherme/Documents/weather_datapipeline/airflow_weather/venv/lib/python3.10/site-packages/airflow/example_dags/example_latest_only_with_trigger.py
[2023-05-19 18:20:50,035] {processor.py:651} INFO - DAG(s) dict_keys(['latest_only_with_trigger']) retrieved from /home/guilherme/Documents/weather_datapipeline/airflow_weather/venv/lib/python3.10/site-packages/airflow/example_dags/example_latest_only_with_trigger.py
[2023-05-19 18:20:50,044] {logging_mixin.py:115} INFO - [2023-05-19 18:20:50,044] {dag.py:2379} INFO - Sync 1 DAGs
[2023-05-19 18:20:50,054] {logging_mixin.py:115} INFO - [2023-05-19 18:20:50,054] {dag.py:2927} INFO - Setting next_dagrun for latest_only_with_trigger to 2023-05-19T17:20:50.053986+00:00, run_after=2023-05-19T21:20:50.053986+00:00
[2023-05-19 18:20:50,060] {processor.py:161} INFO - Processing /home/guilherme/Documents/weather_datapipeline/airflow_weather/venv/lib/python3.10/site-packages/airflow/example_dags/example_latest_only_with_trigger.py took 0.031 seconds
[2023-05-19 18:21:21,943] {processor.py:153} INFO - Started process (PID=19077) to work on /home/guilherme/Documents/weather_datapipeline/airflow_weather/venv/lib/python3.10/site-packages/airflow/example_dags/example_latest_only_with_trigger.py
[2023-05-19 18:21:21,943] {processor.py:641} INFO - Processing file /home/guilherme/Documents/weather_datapipeline/airflow_weather/venv/lib/python3.10/site-packages/airflow/example_dags/example_latest_only_with_trigger.py for tasks to queue
[2023-05-19 18:21:21,944] {logging_mixin.py:115} INFO - [2023-05-19 18:21:21,944] {dagbag.py:507} INFO - Filling up the DagBag from /home/guilherme/Documents/weather_datapipeline/airflow_weather/venv/lib/python3.10/site-packages/airflow/example_dags/example_latest_only_with_trigger.py
[2023-05-19 18:21:21,947] {processor.py:651} INFO - DAG(s) dict_keys(['latest_only_with_trigger']) retrieved from /home/guilherme/Documents/weather_datapipeline/airflow_weather/venv/lib/python3.10/site-packages/airflow/example_dags/example_latest_only_with_trigger.py
[2023-05-19 18:21:21,957] {logging_mixin.py:115} INFO - [2023-05-19 18:21:21,957] {dag.py:2379} INFO - Sync 1 DAGs
[2023-05-19 18:21:21,966] {logging_mixin.py:115} INFO - [2023-05-19 18:21:21,966] {dag.py:2927} INFO - Setting next_dagrun for latest_only_with_trigger to 2023-05-19T17:21:21.966239+00:00, run_after=2023-05-19T21:21:21.966239+00:00
[2023-05-19 18:21:21,973] {processor.py:161} INFO - Processing /home/guilherme/Documents/weather_datapipeline/airflow_weather/venv/lib/python3.10/site-packages/airflow/example_dags/example_latest_only_with_trigger.py took 0.032 seconds
[2023-05-19 18:21:56,108] {processor.py:153} INFO - Started process (PID=19255) to work on /home/guilherme/Documents/weather_datapipeline/airflow_weather/venv/lib/python3.10/site-packages/airflow/example_dags/example_latest_only_with_trigger.py
[2023-05-19 18:21:56,109] {processor.py:641} INFO - Processing file /home/guilherme/Documents/weather_datapipeline/airflow_weather/venv/lib/python3.10/site-packages/airflow/example_dags/example_latest_only_with_trigger.py for tasks to queue
[2023-05-19 18:21:56,109] {logging_mixin.py:115} INFO - [2023-05-19 18:21:56,109] {dagbag.py:507} INFO - Filling up the DagBag from /home/guilherme/Documents/weather_datapipeline/airflow_weather/venv/lib/python3.10/site-packages/airflow/example_dags/example_latest_only_with_trigger.py
[2023-05-19 18:21:56,112] {processor.py:651} INFO - DAG(s) dict_keys(['latest_only_with_trigger']) retrieved from /home/guilherme/Documents/weather_datapipeline/airflow_weather/venv/lib/python3.10/site-packages/airflow/example_dags/example_latest_only_with_trigger.py
[2023-05-19 18:21:56,126] {logging_mixin.py:115} INFO - [2023-05-19 18:21:56,126] {dag.py:2379} INFO - Sync 1 DAGs
[2023-05-19 18:21:56,138] {logging_mixin.py:115} INFO - [2023-05-19 18:21:56,138] {dag.py:2927} INFO - Setting next_dagrun for latest_only_with_trigger to 2023-05-19T17:21:56.138515+00:00, run_after=2023-05-19T21:21:56.138515+00:00
[2023-05-19 18:21:56,147] {processor.py:161} INFO - Processing /home/guilherme/Documents/weather_datapipeline/airflow_weather/venv/lib/python3.10/site-packages/airflow/example_dags/example_latest_only_with_trigger.py took 0.040 seconds
[2023-05-19 18:22:29,757] {processor.py:153} INFO - Started process (PID=19463) to work on /home/guilherme/Documents/weather_datapipeline/airflow_weather/venv/lib/python3.10/site-packages/airflow/example_dags/example_latest_only_with_trigger.py
[2023-05-19 18:22:29,757] {processor.py:641} INFO - Processing file /home/guilherme/Documents/weather_datapipeline/airflow_weather/venv/lib/python3.10/site-packages/airflow/example_dags/example_latest_only_with_trigger.py for tasks to queue
[2023-05-19 18:22:29,758] {logging_mixin.py:115} INFO - [2023-05-19 18:22:29,758] {dagbag.py:507} INFO - Filling up the DagBag from /home/guilherme/Documents/weather_datapipeline/airflow_weather/venv/lib/python3.10/site-packages/airflow/example_dags/example_latest_only_with_trigger.py
[2023-05-19 18:22:29,761] {processor.py:651} INFO - DAG(s) dict_keys(['latest_only_with_trigger']) retrieved from /home/guilherme/Documents/weather_datapipeline/airflow_weather/venv/lib/python3.10/site-packages/airflow/example_dags/example_latest_only_with_trigger.py
[2023-05-19 18:22:29,775] {logging_mixin.py:115} INFO - [2023-05-19 18:22:29,775] {dag.py:2379} INFO - Sync 1 DAGs
[2023-05-19 18:22:29,785] {logging_mixin.py:115} INFO - [2023-05-19 18:22:29,785] {dag.py:2927} INFO - Setting next_dagrun for latest_only_with_trigger to 2023-05-19T17:22:29.785509+00:00, run_after=2023-05-19T21:22:29.785509+00:00
[2023-05-19 18:22:29,793] {processor.py:161} INFO - Processing /home/guilherme/Documents/weather_datapipeline/airflow_weather/venv/lib/python3.10/site-packages/airflow/example_dags/example_latest_only_with_trigger.py took 0.037 seconds
[2023-05-19 18:23:01,549] {processor.py:153} INFO - Started process (PID=19674) to work on /home/guilherme/Documents/weather_datapipeline/airflow_weather/venv/lib/python3.10/site-packages/airflow/example_dags/example_latest_only_with_trigger.py
[2023-05-19 18:23:01,550] {processor.py:641} INFO - Processing file /home/guilherme/Documents/weather_datapipeline/airflow_weather/venv/lib/python3.10/site-packages/airflow/example_dags/example_latest_only_with_trigger.py for tasks to queue
[2023-05-19 18:23:01,550] {logging_mixin.py:115} INFO - [2023-05-19 18:23:01,550] {dagbag.py:507} INFO - Filling up the DagBag from /home/guilherme/Documents/weather_datapipeline/airflow_weather/venv/lib/python3.10/site-packages/airflow/example_dags/example_latest_only_with_trigger.py
[2023-05-19 18:23:01,553] {processor.py:651} INFO - DAG(s) dict_keys(['latest_only_with_trigger']) retrieved from /home/guilherme/Documents/weather_datapipeline/airflow_weather/venv/lib/python3.10/site-packages/airflow/example_dags/example_latest_only_with_trigger.py
[2023-05-19 18:23:01,564] {logging_mixin.py:115} INFO - [2023-05-19 18:23:01,564] {dag.py:2379} INFO - Sync 1 DAGs
[2023-05-19 18:23:01,574] {logging_mixin.py:115} INFO - [2023-05-19 18:23:01,573] {dag.py:2927} INFO - Setting next_dagrun for latest_only_with_trigger to 2023-05-19T17:23:01.573785+00:00, run_after=2023-05-19T21:23:01.573785+00:00
[2023-05-19 18:23:01,579] {processor.py:161} INFO - Processing /home/guilherme/Documents/weather_datapipeline/airflow_weather/venv/lib/python3.10/site-packages/airflow/example_dags/example_latest_only_with_trigger.py took 0.032 seconds
[2023-05-19 18:23:36,818] {processor.py:153} INFO - Started process (PID=19878) to work on /home/guilherme/Documents/weather_datapipeline/airflow_weather/venv/lib/python3.10/site-packages/airflow/example_dags/example_latest_only_with_trigger.py
[2023-05-19 18:23:36,818] {processor.py:641} INFO - Processing file /home/guilherme/Documents/weather_datapipeline/airflow_weather/venv/lib/python3.10/site-packages/airflow/example_dags/example_latest_only_with_trigger.py for tasks to queue
[2023-05-19 18:23:36,818] {logging_mixin.py:115} INFO - [2023-05-19 18:23:36,818] {dagbag.py:507} INFO - Filling up the DagBag from /home/guilherme/Documents/weather_datapipeline/airflow_weather/venv/lib/python3.10/site-packages/airflow/example_dags/example_latest_only_with_trigger.py
[2023-05-19 18:23:36,822] {processor.py:651} INFO - DAG(s) dict_keys(['latest_only_with_trigger']) retrieved from /home/guilherme/Documents/weather_datapipeline/airflow_weather/venv/lib/python3.10/site-packages/airflow/example_dags/example_latest_only_with_trigger.py
[2023-05-19 18:23:36,833] {logging_mixin.py:115} INFO - [2023-05-19 18:23:36,833] {dag.py:2379} INFO - Sync 1 DAGs
[2023-05-19 18:23:36,843] {logging_mixin.py:115} INFO - [2023-05-19 18:23:36,843] {dag.py:2927} INFO - Setting next_dagrun for latest_only_with_trigger to 2023-05-19T17:23:36.843660+00:00, run_after=2023-05-19T21:23:36.843660+00:00
[2023-05-19 18:23:36,850] {processor.py:161} INFO - Processing /home/guilherme/Documents/weather_datapipeline/airflow_weather/venv/lib/python3.10/site-packages/airflow/example_dags/example_latest_only_with_trigger.py took 0.034 seconds
[2023-05-19 18:24:08,393] {processor.py:153} INFO - Started process (PID=20080) to work on /home/guilherme/Documents/weather_datapipeline/airflow_weather/venv/lib/python3.10/site-packages/airflow/example_dags/example_latest_only_with_trigger.py
[2023-05-19 18:24:08,394] {processor.py:641} INFO - Processing file /home/guilherme/Documents/weather_datapipeline/airflow_weather/venv/lib/python3.10/site-packages/airflow/example_dags/example_latest_only_with_trigger.py for tasks to queue
[2023-05-19 18:24:08,394] {logging_mixin.py:115} INFO - [2023-05-19 18:24:08,394] {dagbag.py:507} INFO - Filling up the DagBag from /home/guilherme/Documents/weather_datapipeline/airflow_weather/venv/lib/python3.10/site-packages/airflow/example_dags/example_latest_only_with_trigger.py
[2023-05-19 18:24:08,398] {processor.py:651} INFO - DAG(s) dict_keys(['latest_only_with_trigger']) retrieved from /home/guilherme/Documents/weather_datapipeline/airflow_weather/venv/lib/python3.10/site-packages/airflow/example_dags/example_latest_only_with_trigger.py
[2023-05-19 18:24:08,412] {logging_mixin.py:115} INFO - [2023-05-19 18:24:08,412] {dag.py:2379} INFO - Sync 1 DAGs
[2023-05-19 18:24:08,423] {logging_mixin.py:115} INFO - [2023-05-19 18:24:08,423] {dag.py:2927} INFO - Setting next_dagrun for latest_only_with_trigger to 2023-05-19T17:24:08.423185+00:00, run_after=2023-05-19T21:24:08.423185+00:00
[2023-05-19 18:24:08,430] {processor.py:161} INFO - Processing /home/guilherme/Documents/weather_datapipeline/airflow_weather/venv/lib/python3.10/site-packages/airflow/example_dags/example_latest_only_with_trigger.py took 0.038 seconds
[2023-05-19 18:24:43,769] {processor.py:153} INFO - Started process (PID=20123) to work on /home/guilherme/Documents/weather_datapipeline/airflow_weather/venv/lib/python3.10/site-packages/airflow/example_dags/example_latest_only_with_trigger.py
[2023-05-19 18:24:43,769] {processor.py:641} INFO - Processing file /home/guilherme/Documents/weather_datapipeline/airflow_weather/venv/lib/python3.10/site-packages/airflow/example_dags/example_latest_only_with_trigger.py for tasks to queue
[2023-05-19 18:24:43,769] {logging_mixin.py:115} INFO - [2023-05-19 18:24:43,769] {dagbag.py:507} INFO - Filling up the DagBag from /home/guilherme/Documents/weather_datapipeline/airflow_weather/venv/lib/python3.10/site-packages/airflow/example_dags/example_latest_only_with_trigger.py
[2023-05-19 18:24:43,772] {processor.py:651} INFO - DAG(s) dict_keys(['latest_only_with_trigger']) retrieved from /home/guilherme/Documents/weather_datapipeline/airflow_weather/venv/lib/python3.10/site-packages/airflow/example_dags/example_latest_only_with_trigger.py
[2023-05-19 18:24:43,783] {logging_mixin.py:115} INFO - [2023-05-19 18:24:43,783] {dag.py:2379} INFO - Sync 1 DAGs
[2023-05-19 18:24:43,792] {logging_mixin.py:115} INFO - [2023-05-19 18:24:43,792] {dag.py:2927} INFO - Setting next_dagrun for latest_only_with_trigger to 2023-05-19T17:24:43.792042+00:00, run_after=2023-05-19T21:24:43.792042+00:00
[2023-05-19 18:24:43,804] {processor.py:161} INFO - Processing /home/guilherme/Documents/weather_datapipeline/airflow_weather/venv/lib/python3.10/site-packages/airflow/example_dags/example_latest_only_with_trigger.py took 0.037 seconds
[2023-05-19 18:25:16,398] {processor.py:153} INFO - Started process (PID=20160) to work on /home/guilherme/Documents/weather_datapipeline/airflow_weather/venv/lib/python3.10/site-packages/airflow/example_dags/example_latest_only_with_trigger.py
[2023-05-19 18:25:16,398] {processor.py:641} INFO - Processing file /home/guilherme/Documents/weather_datapipeline/airflow_weather/venv/lib/python3.10/site-packages/airflow/example_dags/example_latest_only_with_trigger.py for tasks to queue
[2023-05-19 18:25:16,398] {logging_mixin.py:115} INFO - [2023-05-19 18:25:16,398] {dagbag.py:507} INFO - Filling up the DagBag from /home/guilherme/Documents/weather_datapipeline/airflow_weather/venv/lib/python3.10/site-packages/airflow/example_dags/example_latest_only_with_trigger.py
[2023-05-19 18:25:16,401] {processor.py:651} INFO - DAG(s) dict_keys(['latest_only_with_trigger']) retrieved from /home/guilherme/Documents/weather_datapipeline/airflow_weather/venv/lib/python3.10/site-packages/airflow/example_dags/example_latest_only_with_trigger.py
[2023-05-19 18:25:16,412] {logging_mixin.py:115} INFO - [2023-05-19 18:25:16,412] {dag.py:2379} INFO - Sync 1 DAGs
[2023-05-19 18:25:16,420] {logging_mixin.py:115} INFO - [2023-05-19 18:25:16,420] {dag.py:2927} INFO - Setting next_dagrun for latest_only_with_trigger to 2023-05-19T17:25:16.420463+00:00, run_after=2023-05-19T21:25:16.420463+00:00
[2023-05-19 18:25:16,426] {processor.py:161} INFO - Processing /home/guilherme/Documents/weather_datapipeline/airflow_weather/venv/lib/python3.10/site-packages/airflow/example_dags/example_latest_only_with_trigger.py took 0.030 seconds
[2023-05-19 18:25:48,720] {processor.py:153} INFO - Started process (PID=20221) to work on /home/guilherme/Documents/weather_datapipeline/airflow_weather/venv/lib/python3.10/site-packages/airflow/example_dags/example_latest_only_with_trigger.py
[2023-05-19 18:25:48,721] {processor.py:641} INFO - Processing file /home/guilherme/Documents/weather_datapipeline/airflow_weather/venv/lib/python3.10/site-packages/airflow/example_dags/example_latest_only_with_trigger.py for tasks to queue
[2023-05-19 18:25:48,721] {logging_mixin.py:115} INFO - [2023-05-19 18:25:48,721] {dagbag.py:507} INFO - Filling up the DagBag from /home/guilherme/Documents/weather_datapipeline/airflow_weather/venv/lib/python3.10/site-packages/airflow/example_dags/example_latest_only_with_trigger.py
[2023-05-19 18:25:48,724] {processor.py:651} INFO - DAG(s) dict_keys(['latest_only_with_trigger']) retrieved from /home/guilherme/Documents/weather_datapipeline/airflow_weather/venv/lib/python3.10/site-packages/airflow/example_dags/example_latest_only_with_trigger.py
[2023-05-19 18:25:48,734] {logging_mixin.py:115} INFO - [2023-05-19 18:25:48,734] {dag.py:2379} INFO - Sync 1 DAGs
[2023-05-19 18:25:48,743] {logging_mixin.py:115} INFO - [2023-05-19 18:25:48,743] {dag.py:2927} INFO - Setting next_dagrun for latest_only_with_trigger to 2023-05-19T17:25:48.743071+00:00, run_after=2023-05-19T21:25:48.743071+00:00
[2023-05-19 18:25:48,750] {processor.py:161} INFO - Processing /home/guilherme/Documents/weather_datapipeline/airflow_weather/venv/lib/python3.10/site-packages/airflow/example_dags/example_latest_only_with_trigger.py took 0.031 seconds
[2023-05-19 18:26:23,503] {processor.py:153} INFO - Started process (PID=20399) to work on /home/guilherme/Documents/weather_datapipeline/airflow_weather/venv/lib/python3.10/site-packages/airflow/example_dags/example_latest_only_with_trigger.py
[2023-05-19 18:26:23,503] {processor.py:641} INFO - Processing file /home/guilherme/Documents/weather_datapipeline/airflow_weather/venv/lib/python3.10/site-packages/airflow/example_dags/example_latest_only_with_trigger.py for tasks to queue
[2023-05-19 18:26:23,503] {logging_mixin.py:115} INFO - [2023-05-19 18:26:23,503] {dagbag.py:507} INFO - Filling up the DagBag from /home/guilherme/Documents/weather_datapipeline/airflow_weather/venv/lib/python3.10/site-packages/airflow/example_dags/example_latest_only_with_trigger.py
[2023-05-19 18:26:23,506] {processor.py:651} INFO - DAG(s) dict_keys(['latest_only_with_trigger']) retrieved from /home/guilherme/Documents/weather_datapipeline/airflow_weather/venv/lib/python3.10/site-packages/airflow/example_dags/example_latest_only_with_trigger.py
[2023-05-19 18:26:23,517] {logging_mixin.py:115} INFO - [2023-05-19 18:26:23,517] {dag.py:2379} INFO - Sync 1 DAGs
[2023-05-19 18:26:23,527] {logging_mixin.py:115} INFO - [2023-05-19 18:26:23,527] {dag.py:2927} INFO - Setting next_dagrun for latest_only_with_trigger to 2023-05-19T17:26:23.527146+00:00, run_after=2023-05-19T21:26:23.527146+00:00
[2023-05-19 18:26:23,536] {processor.py:161} INFO - Processing /home/guilherme/Documents/weather_datapipeline/airflow_weather/venv/lib/python3.10/site-packages/airflow/example_dags/example_latest_only_with_trigger.py took 0.035 seconds
[2023-05-19 18:26:56,515] {processor.py:153} INFO - Started process (PID=20574) to work on /home/guilherme/Documents/weather_datapipeline/airflow_weather/venv/lib/python3.10/site-packages/airflow/example_dags/example_latest_only_with_trigger.py
[2023-05-19 18:26:56,515] {processor.py:641} INFO - Processing file /home/guilherme/Documents/weather_datapipeline/airflow_weather/venv/lib/python3.10/site-packages/airflow/example_dags/example_latest_only_with_trigger.py for tasks to queue
[2023-05-19 18:26:56,516] {logging_mixin.py:115} INFO - [2023-05-19 18:26:56,515] {dagbag.py:507} INFO - Filling up the DagBag from /home/guilherme/Documents/weather_datapipeline/airflow_weather/venv/lib/python3.10/site-packages/airflow/example_dags/example_latest_only_with_trigger.py
[2023-05-19 18:26:56,520] {processor.py:651} INFO - DAG(s) dict_keys(['latest_only_with_trigger']) retrieved from /home/guilherme/Documents/weather_datapipeline/airflow_weather/venv/lib/python3.10/site-packages/airflow/example_dags/example_latest_only_with_trigger.py
[2023-05-19 18:26:56,533] {logging_mixin.py:115} INFO - [2023-05-19 18:26:56,533] {dag.py:2379} INFO - Sync 1 DAGs
[2023-05-19 18:26:56,543] {logging_mixin.py:115} INFO - [2023-05-19 18:26:56,543] {dag.py:2927} INFO - Setting next_dagrun for latest_only_with_trigger to 2023-05-19T17:26:56.543275+00:00, run_after=2023-05-19T21:26:56.543275+00:00
[2023-05-19 18:26:56,549] {processor.py:161} INFO - Processing /home/guilherme/Documents/weather_datapipeline/airflow_weather/venv/lib/python3.10/site-packages/airflow/example_dags/example_latest_only_with_trigger.py took 0.036 seconds
[2023-05-19 18:27:53,307] {processor.py:153} INFO - Started process (PID=20700) to work on /home/guilherme/Documents/weather_datapipeline/airflow_weather/venv/lib/python3.10/site-packages/airflow/example_dags/example_latest_only_with_trigger.py
[2023-05-19 18:27:53,308] {processor.py:641} INFO - Processing file /home/guilherme/Documents/weather_datapipeline/airflow_weather/venv/lib/python3.10/site-packages/airflow/example_dags/example_latest_only_with_trigger.py for tasks to queue
[2023-05-19 18:27:53,308] {logging_mixin.py:115} INFO - [2023-05-19 18:27:53,308] {dagbag.py:507} INFO - Filling up the DagBag from /home/guilherme/Documents/weather_datapipeline/airflow_weather/venv/lib/python3.10/site-packages/airflow/example_dags/example_latest_only_with_trigger.py
[2023-05-19 18:27:53,311] {processor.py:651} INFO - DAG(s) dict_keys(['latest_only_with_trigger']) retrieved from /home/guilherme/Documents/weather_datapipeline/airflow_weather/venv/lib/python3.10/site-packages/airflow/example_dags/example_latest_only_with_trigger.py
[2023-05-19 18:27:53,323] {logging_mixin.py:115} INFO - [2023-05-19 18:27:53,323] {dag.py:2379} INFO - Sync 1 DAGs
[2023-05-19 18:27:53,332] {logging_mixin.py:115} INFO - [2023-05-19 18:27:53,332] {dag.py:2927} INFO - Setting next_dagrun for latest_only_with_trigger to 2023-05-19T17:27:53.332187+00:00, run_after=2023-05-19T21:27:53.332187+00:00
[2023-05-19 18:27:53,340] {processor.py:161} INFO - Processing /home/guilherme/Documents/weather_datapipeline/airflow_weather/venv/lib/python3.10/site-packages/airflow/example_dags/example_latest_only_with_trigger.py took 0.034 seconds
[2023-05-19 18:28:27,458] {processor.py:153} INFO - Started process (PID=20777) to work on /home/guilherme/Documents/weather_datapipeline/airflow_weather/venv/lib/python3.10/site-packages/airflow/example_dags/example_latest_only_with_trigger.py
[2023-05-19 18:28:27,458] {processor.py:641} INFO - Processing file /home/guilherme/Documents/weather_datapipeline/airflow_weather/venv/lib/python3.10/site-packages/airflow/example_dags/example_latest_only_with_trigger.py for tasks to queue
[2023-05-19 18:28:27,459] {logging_mixin.py:115} INFO - [2023-05-19 18:28:27,459] {dagbag.py:507} INFO - Filling up the DagBag from /home/guilherme/Documents/weather_datapipeline/airflow_weather/venv/lib/python3.10/site-packages/airflow/example_dags/example_latest_only_with_trigger.py
[2023-05-19 18:28:27,462] {processor.py:651} INFO - DAG(s) dict_keys(['latest_only_with_trigger']) retrieved from /home/guilherme/Documents/weather_datapipeline/airflow_weather/venv/lib/python3.10/site-packages/airflow/example_dags/example_latest_only_with_trigger.py
[2023-05-19 18:28:27,471] {logging_mixin.py:115} INFO - [2023-05-19 18:28:27,471] {dag.py:2379} INFO - Sync 1 DAGs
[2023-05-19 18:28:27,479] {logging_mixin.py:115} INFO - [2023-05-19 18:28:27,479] {dag.py:2927} INFO - Setting next_dagrun for latest_only_with_trigger to 2023-05-19T17:28:27.479789+00:00, run_after=2023-05-19T21:28:27.479789+00:00
[2023-05-19 18:28:27,485] {processor.py:161} INFO - Processing /home/guilherme/Documents/weather_datapipeline/airflow_weather/venv/lib/python3.10/site-packages/airflow/example_dags/example_latest_only_with_trigger.py took 0.029 seconds
