[2023-05-19 17:59:35,281] {processor.py:153} INFO - Started process (PID=11070) to work on /home/guilherme/Documents/weather_datapipeline/airflow_weather/venv/lib/python3.10/site-packages/airflow/example_dags/example_xcom.py
[2023-05-19 17:59:35,282] {processor.py:641} INFO - Processing file /home/guilherme/Documents/weather_datapipeline/airflow_weather/venv/lib/python3.10/site-packages/airflow/example_dags/example_xcom.py for tasks to queue
[2023-05-19 17:59:35,282] {logging_mixin.py:115} INFO - [2023-05-19 17:59:35,282] {dagbag.py:507} INFO - Filling up the DagBag from /home/guilherme/Documents/weather_datapipeline/airflow_weather/venv/lib/python3.10/site-packages/airflow/example_dags/example_xcom.py
[2023-05-19 17:59:35,293] {processor.py:651} INFO - DAG(s) dict_keys(['example_xcom']) retrieved from /home/guilherme/Documents/weather_datapipeline/airflow_weather/venv/lib/python3.10/site-packages/airflow/example_dags/example_xcom.py
[2023-05-19 17:59:35,323] {logging_mixin.py:115} INFO - [2023-05-19 17:59:35,323] {manager.py:508} INFO - Created Permission View: can edit on DAG:example_xcom
[2023-05-19 17:59:35,328] {logging_mixin.py:115} INFO - [2023-05-19 17:59:35,328] {manager.py:508} INFO - Created Permission View: can delete on DAG:example_xcom
[2023-05-19 17:59:35,331] {logging_mixin.py:115} INFO - [2023-05-19 17:59:35,331] {manager.py:508} INFO - Created Permission View: can read on DAG:example_xcom
[2023-05-19 17:59:35,332] {logging_mixin.py:115} INFO - [2023-05-19 17:59:35,332] {dag.py:2379} INFO - Sync 1 DAGs
[2023-05-19 17:59:35,335] {logging_mixin.py:115} INFO - [2023-05-19 17:59:35,335] {dag.py:2398} INFO - Creating ORM DAG for example_xcom
[2023-05-19 17:59:35,341] {logging_mixin.py:115} INFO - [2023-05-19 17:59:35,341] {dag.py:2927} INFO - Setting next_dagrun for example_xcom to 2021-01-01T00:00:00+00:00, run_after=2021-01-01T00:00:00+00:00
[2023-05-19 17:59:35,348] {processor.py:161} INFO - Processing /home/guilherme/Documents/weather_datapipeline/airflow_weather/venv/lib/python3.10/site-packages/airflow/example_dags/example_xcom.py took 0.068 seconds
[2023-05-19 18:00:07,193] {processor.py:153} INFO - Started process (PID=11139) to work on /home/guilherme/Documents/weather_datapipeline/airflow_weather/venv/lib/python3.10/site-packages/airflow/example_dags/example_xcom.py
[2023-05-19 18:00:07,193] {processor.py:641} INFO - Processing file /home/guilherme/Documents/weather_datapipeline/airflow_weather/venv/lib/python3.10/site-packages/airflow/example_dags/example_xcom.py for tasks to queue
[2023-05-19 18:00:07,193] {logging_mixin.py:115} INFO - [2023-05-19 18:00:07,193] {dagbag.py:507} INFO - Filling up the DagBag from /home/guilherme/Documents/weather_datapipeline/airflow_weather/venv/lib/python3.10/site-packages/airflow/example_dags/example_xcom.py
[2023-05-19 18:00:07,237] {processor.py:651} INFO - DAG(s) dict_keys(['example_xcom']) retrieved from /home/guilherme/Documents/weather_datapipeline/airflow_weather/venv/lib/python3.10/site-packages/airflow/example_dags/example_xcom.py
[2023-05-19 18:00:07,282] {logging_mixin.py:115} INFO - [2023-05-19 18:00:07,282] {dag.py:2379} INFO - Sync 1 DAGs
[2023-05-19 18:00:07,291] {logging_mixin.py:115} INFO - [2023-05-19 18:00:07,291] {dag.py:2927} INFO - Setting next_dagrun for example_xcom to 2021-01-01T00:00:00+00:00, run_after=2021-01-01T00:00:00+00:00
[2023-05-19 18:00:07,308] {processor.py:161} INFO - Processing /home/guilherme/Documents/weather_datapipeline/airflow_weather/venv/lib/python3.10/site-packages/airflow/example_dags/example_xcom.py took 0.120 seconds
[2023-05-19 18:00:40,562] {processor.py:153} INFO - Started process (PID=11218) to work on /home/guilherme/Documents/weather_datapipeline/airflow_weather/venv/lib/python3.10/site-packages/airflow/example_dags/example_xcom.py
[2023-05-19 18:00:40,563] {processor.py:641} INFO - Processing file /home/guilherme/Documents/weather_datapipeline/airflow_weather/venv/lib/python3.10/site-packages/airflow/example_dags/example_xcom.py for tasks to queue
[2023-05-19 18:00:40,563] {logging_mixin.py:115} INFO - [2023-05-19 18:00:40,563] {dagbag.py:507} INFO - Filling up the DagBag from /home/guilherme/Documents/weather_datapipeline/airflow_weather/venv/lib/python3.10/site-packages/airflow/example_dags/example_xcom.py
[2023-05-19 18:00:40,576] {processor.py:651} INFO - DAG(s) dict_keys(['example_xcom']) retrieved from /home/guilherme/Documents/weather_datapipeline/airflow_weather/venv/lib/python3.10/site-packages/airflow/example_dags/example_xcom.py
[2023-05-19 18:00:40,586] {logging_mixin.py:115} INFO - [2023-05-19 18:00:40,585] {dag.py:2379} INFO - Sync 1 DAGs
[2023-05-19 18:00:40,596] {logging_mixin.py:115} INFO - [2023-05-19 18:00:40,596] {dag.py:2927} INFO - Setting next_dagrun for example_xcom to 2021-01-01T00:00:00+00:00, run_after=2021-01-01T00:00:00+00:00
[2023-05-19 18:00:40,604] {processor.py:161} INFO - Processing /home/guilherme/Documents/weather_datapipeline/airflow_weather/venv/lib/python3.10/site-packages/airflow/example_dags/example_xcom.py took 0.044 seconds
[2023-05-19 18:01:12,729] {processor.py:153} INFO - Started process (PID=11283) to work on /home/guilherme/Documents/weather_datapipeline/airflow_weather/venv/lib/python3.10/site-packages/airflow/example_dags/example_xcom.py
[2023-05-19 18:01:12,729] {processor.py:641} INFO - Processing file /home/guilherme/Documents/weather_datapipeline/airflow_weather/venv/lib/python3.10/site-packages/airflow/example_dags/example_xcom.py for tasks to queue
[2023-05-19 18:01:12,729] {logging_mixin.py:115} INFO - [2023-05-19 18:01:12,729] {dagbag.py:507} INFO - Filling up the DagBag from /home/guilherme/Documents/weather_datapipeline/airflow_weather/venv/lib/python3.10/site-packages/airflow/example_dags/example_xcom.py
[2023-05-19 18:01:12,743] {processor.py:651} INFO - DAG(s) dict_keys(['example_xcom']) retrieved from /home/guilherme/Documents/weather_datapipeline/airflow_weather/venv/lib/python3.10/site-packages/airflow/example_dags/example_xcom.py
[2023-05-19 18:01:12,751] {logging_mixin.py:115} INFO - [2023-05-19 18:01:12,751] {dag.py:2379} INFO - Sync 1 DAGs
[2023-05-19 18:01:12,759] {logging_mixin.py:115} INFO - [2023-05-19 18:01:12,759] {dag.py:2927} INFO - Setting next_dagrun for example_xcom to 2021-01-01T00:00:00+00:00, run_after=2021-01-01T00:00:00+00:00
[2023-05-19 18:01:12,766] {processor.py:161} INFO - Processing /home/guilherme/Documents/weather_datapipeline/airflow_weather/venv/lib/python3.10/site-packages/airflow/example_dags/example_xcom.py took 0.039 seconds
[2023-05-19 18:01:44,639] {processor.py:153} INFO - Started process (PID=11469) to work on /home/guilherme/Documents/weather_datapipeline/airflow_weather/venv/lib/python3.10/site-packages/airflow/example_dags/example_xcom.py
[2023-05-19 18:01:44,639] {processor.py:641} INFO - Processing file /home/guilherme/Documents/weather_datapipeline/airflow_weather/venv/lib/python3.10/site-packages/airflow/example_dags/example_xcom.py for tasks to queue
[2023-05-19 18:01:44,639] {logging_mixin.py:115} INFO - [2023-05-19 18:01:44,639] {dagbag.py:507} INFO - Filling up the DagBag from /home/guilherme/Documents/weather_datapipeline/airflow_weather/venv/lib/python3.10/site-packages/airflow/example_dags/example_xcom.py
[2023-05-19 18:01:44,657] {processor.py:651} INFO - DAG(s) dict_keys(['example_xcom']) retrieved from /home/guilherme/Documents/weather_datapipeline/airflow_weather/venv/lib/python3.10/site-packages/airflow/example_dags/example_xcom.py
[2023-05-19 18:01:44,667] {logging_mixin.py:115} INFO - [2023-05-19 18:01:44,667] {dag.py:2379} INFO - Sync 1 DAGs
[2023-05-19 18:01:44,676] {logging_mixin.py:115} INFO - [2023-05-19 18:01:44,676] {dag.py:2927} INFO - Setting next_dagrun for example_xcom to 2021-01-01T00:00:00+00:00, run_after=2021-01-01T00:00:00+00:00
[2023-05-19 18:01:44,683] {processor.py:161} INFO - Processing /home/guilherme/Documents/weather_datapipeline/airflow_weather/venv/lib/python3.10/site-packages/airflow/example_dags/example_xcom.py took 0.046 seconds
[2023-05-19 18:02:19,339] {processor.py:153} INFO - Started process (PID=11820) to work on /home/guilherme/Documents/weather_datapipeline/airflow_weather/venv/lib/python3.10/site-packages/airflow/example_dags/example_xcom.py
[2023-05-19 18:02:19,344] {processor.py:641} INFO - Processing file /home/guilherme/Documents/weather_datapipeline/airflow_weather/venv/lib/python3.10/site-packages/airflow/example_dags/example_xcom.py for tasks to queue
[2023-05-19 18:02:19,344] {logging_mixin.py:115} INFO - [2023-05-19 18:02:19,344] {dagbag.py:507} INFO - Filling up the DagBag from /home/guilherme/Documents/weather_datapipeline/airflow_weather/venv/lib/python3.10/site-packages/airflow/example_dags/example_xcom.py
[2023-05-19 18:02:19,358] {processor.py:651} INFO - DAG(s) dict_keys(['example_xcom']) retrieved from /home/guilherme/Documents/weather_datapipeline/airflow_weather/venv/lib/python3.10/site-packages/airflow/example_dags/example_xcom.py
[2023-05-19 18:02:19,367] {logging_mixin.py:115} INFO - [2023-05-19 18:02:19,367] {dag.py:2379} INFO - Sync 1 DAGs
[2023-05-19 18:02:19,378] {logging_mixin.py:115} INFO - [2023-05-19 18:02:19,378] {dag.py:2927} INFO - Setting next_dagrun for example_xcom to 2021-01-01T00:00:00+00:00, run_after=2021-01-01T00:00:00+00:00
[2023-05-19 18:02:19,386] {processor.py:161} INFO - Processing /home/guilherme/Documents/weather_datapipeline/airflow_weather/venv/lib/python3.10/site-packages/airflow/example_dags/example_xcom.py took 0.049 seconds
[2023-05-19 18:02:50,111] {processor.py:153} INFO - Started process (PID=12088) to work on /home/guilherme/Documents/weather_datapipeline/airflow_weather/venv/lib/python3.10/site-packages/airflow/example_dags/example_xcom.py
[2023-05-19 18:02:50,112] {processor.py:641} INFO - Processing file /home/guilherme/Documents/weather_datapipeline/airflow_weather/venv/lib/python3.10/site-packages/airflow/example_dags/example_xcom.py for tasks to queue
[2023-05-19 18:02:50,112] {logging_mixin.py:115} INFO - [2023-05-19 18:02:50,112] {dagbag.py:507} INFO - Filling up the DagBag from /home/guilherme/Documents/weather_datapipeline/airflow_weather/venv/lib/python3.10/site-packages/airflow/example_dags/example_xcom.py
[2023-05-19 18:02:50,124] {processor.py:651} INFO - DAG(s) dict_keys(['example_xcom']) retrieved from /home/guilherme/Documents/weather_datapipeline/airflow_weather/venv/lib/python3.10/site-packages/airflow/example_dags/example_xcom.py
[2023-05-19 18:02:50,133] {logging_mixin.py:115} INFO - [2023-05-19 18:02:50,132] {dag.py:2379} INFO - Sync 1 DAGs
[2023-05-19 18:02:50,142] {logging_mixin.py:115} INFO - [2023-05-19 18:02:50,142] {dag.py:2927} INFO - Setting next_dagrun for example_xcom to 2021-01-01T00:00:00+00:00, run_after=2021-01-01T00:00:00+00:00
[2023-05-19 18:02:50,147] {processor.py:161} INFO - Processing /home/guilherme/Documents/weather_datapipeline/airflow_weather/venv/lib/python3.10/site-packages/airflow/example_dags/example_xcom.py took 0.037 seconds
[2023-05-19 18:03:24,267] {processor.py:153} INFO - Started process (PID=12287) to work on /home/guilherme/Documents/weather_datapipeline/airflow_weather/venv/lib/python3.10/site-packages/airflow/example_dags/example_xcom.py
[2023-05-19 18:03:24,267] {processor.py:641} INFO - Processing file /home/guilherme/Documents/weather_datapipeline/airflow_weather/venv/lib/python3.10/site-packages/airflow/example_dags/example_xcom.py for tasks to queue
[2023-05-19 18:03:24,267] {logging_mixin.py:115} INFO - [2023-05-19 18:03:24,267] {dagbag.py:507} INFO - Filling up the DagBag from /home/guilherme/Documents/weather_datapipeline/airflow_weather/venv/lib/python3.10/site-packages/airflow/example_dags/example_xcom.py
[2023-05-19 18:03:24,280] {processor.py:651} INFO - DAG(s) dict_keys(['example_xcom']) retrieved from /home/guilherme/Documents/weather_datapipeline/airflow_weather/venv/lib/python3.10/site-packages/airflow/example_dags/example_xcom.py
[2023-05-19 18:03:24,288] {logging_mixin.py:115} INFO - [2023-05-19 18:03:24,288] {dag.py:2379} INFO - Sync 1 DAGs
[2023-05-19 18:03:24,300] {logging_mixin.py:115} INFO - [2023-05-19 18:03:24,300] {dag.py:2927} INFO - Setting next_dagrun for example_xcom to 2021-01-01T00:00:00+00:00, run_after=2021-01-01T00:00:00+00:00
[2023-05-19 18:03:24,308] {processor.py:161} INFO - Processing /home/guilherme/Documents/weather_datapipeline/airflow_weather/venv/lib/python3.10/site-packages/airflow/example_dags/example_xcom.py took 0.042 seconds
[2023-05-19 18:03:57,165] {processor.py:153} INFO - Started process (PID=12413) to work on /home/guilherme/Documents/weather_datapipeline/airflow_weather/venv/lib/python3.10/site-packages/airflow/example_dags/example_xcom.py
[2023-05-19 18:03:57,165] {processor.py:641} INFO - Processing file /home/guilherme/Documents/weather_datapipeline/airflow_weather/venv/lib/python3.10/site-packages/airflow/example_dags/example_xcom.py for tasks to queue
[2023-05-19 18:03:57,165] {logging_mixin.py:115} INFO - [2023-05-19 18:03:57,165] {dagbag.py:507} INFO - Filling up the DagBag from /home/guilherme/Documents/weather_datapipeline/airflow_weather/venv/lib/python3.10/site-packages/airflow/example_dags/example_xcom.py
[2023-05-19 18:03:57,177] {processor.py:651} INFO - DAG(s) dict_keys(['example_xcom']) retrieved from /home/guilherme/Documents/weather_datapipeline/airflow_weather/venv/lib/python3.10/site-packages/airflow/example_dags/example_xcom.py
[2023-05-19 18:03:57,184] {logging_mixin.py:115} INFO - [2023-05-19 18:03:57,184] {dag.py:2379} INFO - Sync 1 DAGs
[2023-05-19 18:03:57,192] {logging_mixin.py:115} INFO - [2023-05-19 18:03:57,192] {dag.py:2927} INFO - Setting next_dagrun for example_xcom to 2021-01-01T00:00:00+00:00, run_after=2021-01-01T00:00:00+00:00
[2023-05-19 18:03:57,197] {processor.py:161} INFO - Processing /home/guilherme/Documents/weather_datapipeline/airflow_weather/venv/lib/python3.10/site-packages/airflow/example_dags/example_xcom.py took 0.034 seconds
[2023-05-19 18:04:28,579] {processor.py:153} INFO - Started process (PID=12545) to work on /home/guilherme/Documents/weather_datapipeline/airflow_weather/venv/lib/python3.10/site-packages/airflow/example_dags/example_xcom.py
[2023-05-19 18:04:28,580] {processor.py:641} INFO - Processing file /home/guilherme/Documents/weather_datapipeline/airflow_weather/venv/lib/python3.10/site-packages/airflow/example_dags/example_xcom.py for tasks to queue
[2023-05-19 18:04:28,580] {logging_mixin.py:115} INFO - [2023-05-19 18:04:28,580] {dagbag.py:507} INFO - Filling up the DagBag from /home/guilherme/Documents/weather_datapipeline/airflow_weather/venv/lib/python3.10/site-packages/airflow/example_dags/example_xcom.py
[2023-05-19 18:04:28,591] {processor.py:651} INFO - DAG(s) dict_keys(['example_xcom']) retrieved from /home/guilherme/Documents/weather_datapipeline/airflow_weather/venv/lib/python3.10/site-packages/airflow/example_dags/example_xcom.py
[2023-05-19 18:04:28,612] {logging_mixin.py:115} INFO - [2023-05-19 18:04:28,612] {dag.py:2379} INFO - Sync 1 DAGs
[2023-05-19 18:04:28,619] {logging_mixin.py:115} INFO - [2023-05-19 18:04:28,619] {dag.py:2927} INFO - Setting next_dagrun for example_xcom to 2021-01-01T00:00:00+00:00, run_after=2021-01-01T00:00:00+00:00
[2023-05-19 18:04:28,626] {processor.py:161} INFO - Processing /home/guilherme/Documents/weather_datapipeline/airflow_weather/venv/lib/python3.10/site-packages/airflow/example_dags/example_xcom.py took 0.048 seconds
[2023-05-19 18:05:01,201] {processor.py:153} INFO - Started process (PID=12620) to work on /home/guilherme/Documents/weather_datapipeline/airflow_weather/venv/lib/python3.10/site-packages/airflow/example_dags/example_xcom.py
[2023-05-19 18:05:01,201] {processor.py:641} INFO - Processing file /home/guilherme/Documents/weather_datapipeline/airflow_weather/venv/lib/python3.10/site-packages/airflow/example_dags/example_xcom.py for tasks to queue
[2023-05-19 18:05:01,201] {logging_mixin.py:115} INFO - [2023-05-19 18:05:01,201] {dagbag.py:507} INFO - Filling up the DagBag from /home/guilherme/Documents/weather_datapipeline/airflow_weather/venv/lib/python3.10/site-packages/airflow/example_dags/example_xcom.py
[2023-05-19 18:05:01,214] {processor.py:651} INFO - DAG(s) dict_keys(['example_xcom']) retrieved from /home/guilherme/Documents/weather_datapipeline/airflow_weather/venv/lib/python3.10/site-packages/airflow/example_dags/example_xcom.py
[2023-05-19 18:05:01,221] {logging_mixin.py:115} INFO - [2023-05-19 18:05:01,221] {dag.py:2379} INFO - Sync 1 DAGs
[2023-05-19 18:05:01,229] {logging_mixin.py:115} INFO - [2023-05-19 18:05:01,229] {dag.py:2927} INFO - Setting next_dagrun for example_xcom to 2021-01-01T00:00:00+00:00, run_after=2021-01-01T00:00:00+00:00
[2023-05-19 18:05:01,236] {processor.py:161} INFO - Processing /home/guilherme/Documents/weather_datapipeline/airflow_weather/venv/lib/python3.10/site-packages/airflow/example_dags/example_xcom.py took 0.037 seconds
[2023-05-19 18:05:32,972] {processor.py:153} INFO - Started process (PID=12902) to work on /home/guilherme/Documents/weather_datapipeline/airflow_weather/venv/lib/python3.10/site-packages/airflow/example_dags/example_xcom.py
[2023-05-19 18:05:32,973] {processor.py:641} INFO - Processing file /home/guilherme/Documents/weather_datapipeline/airflow_weather/venv/lib/python3.10/site-packages/airflow/example_dags/example_xcom.py for tasks to queue
[2023-05-19 18:05:32,973] {logging_mixin.py:115} INFO - [2023-05-19 18:05:32,973] {dagbag.py:507} INFO - Filling up the DagBag from /home/guilherme/Documents/weather_datapipeline/airflow_weather/venv/lib/python3.10/site-packages/airflow/example_dags/example_xcom.py
[2023-05-19 18:05:32,985] {processor.py:651} INFO - DAG(s) dict_keys(['example_xcom']) retrieved from /home/guilherme/Documents/weather_datapipeline/airflow_weather/venv/lib/python3.10/site-packages/airflow/example_dags/example_xcom.py
[2023-05-19 18:05:32,992] {logging_mixin.py:115} INFO - [2023-05-19 18:05:32,992] {dag.py:2379} INFO - Sync 1 DAGs
[2023-05-19 18:05:33,000] {logging_mixin.py:115} INFO - [2023-05-19 18:05:33,000] {dag.py:2927} INFO - Setting next_dagrun for example_xcom to 2021-01-01T00:00:00+00:00, run_after=2021-01-01T00:00:00+00:00
[2023-05-19 18:05:33,007] {processor.py:161} INFO - Processing /home/guilherme/Documents/weather_datapipeline/airflow_weather/venv/lib/python3.10/site-packages/airflow/example_dags/example_xcom.py took 0.036 seconds
[2023-05-19 18:06:06,005] {processor.py:153} INFO - Started process (PID=13307) to work on /home/guilherme/Documents/weather_datapipeline/airflow_weather/venv/lib/python3.10/site-packages/airflow/example_dags/example_xcom.py
[2023-05-19 18:06:06,005] {processor.py:641} INFO - Processing file /home/guilherme/Documents/weather_datapipeline/airflow_weather/venv/lib/python3.10/site-packages/airflow/example_dags/example_xcom.py for tasks to queue
[2023-05-19 18:06:06,006] {logging_mixin.py:115} INFO - [2023-05-19 18:06:06,006] {dagbag.py:507} INFO - Filling up the DagBag from /home/guilherme/Documents/weather_datapipeline/airflow_weather/venv/lib/python3.10/site-packages/airflow/example_dags/example_xcom.py
[2023-05-19 18:06:06,017] {processor.py:651} INFO - DAG(s) dict_keys(['example_xcom']) retrieved from /home/guilherme/Documents/weather_datapipeline/airflow_weather/venv/lib/python3.10/site-packages/airflow/example_dags/example_xcom.py
[2023-05-19 18:06:06,025] {logging_mixin.py:115} INFO - [2023-05-19 18:06:06,025] {dag.py:2379} INFO - Sync 1 DAGs
[2023-05-19 18:06:06,033] {logging_mixin.py:115} INFO - [2023-05-19 18:06:06,033] {dag.py:2927} INFO - Setting next_dagrun for example_xcom to 2021-01-01T00:00:00+00:00, run_after=2021-01-01T00:00:00+00:00
[2023-05-19 18:06:06,039] {processor.py:161} INFO - Processing /home/guilherme/Documents/weather_datapipeline/airflow_weather/venv/lib/python3.10/site-packages/airflow/example_dags/example_xcom.py took 0.036 seconds
[2023-05-19 18:06:37,905] {processor.py:153} INFO - Started process (PID=13700) to work on /home/guilherme/Documents/weather_datapipeline/airflow_weather/venv/lib/python3.10/site-packages/airflow/example_dags/example_xcom.py
[2023-05-19 18:06:37,905] {processor.py:641} INFO - Processing file /home/guilherme/Documents/weather_datapipeline/airflow_weather/venv/lib/python3.10/site-packages/airflow/example_dags/example_xcom.py for tasks to queue
[2023-05-19 18:06:37,906] {logging_mixin.py:115} INFO - [2023-05-19 18:06:37,906] {dagbag.py:507} INFO - Filling up the DagBag from /home/guilherme/Documents/weather_datapipeline/airflow_weather/venv/lib/python3.10/site-packages/airflow/example_dags/example_xcom.py
[2023-05-19 18:06:37,917] {processor.py:651} INFO - DAG(s) dict_keys(['example_xcom']) retrieved from /home/guilherme/Documents/weather_datapipeline/airflow_weather/venv/lib/python3.10/site-packages/airflow/example_dags/example_xcom.py
[2023-05-19 18:06:37,925] {logging_mixin.py:115} INFO - [2023-05-19 18:06:37,925] {dag.py:2379} INFO - Sync 1 DAGs
[2023-05-19 18:06:37,935] {logging_mixin.py:115} INFO - [2023-05-19 18:06:37,934] {dag.py:2927} INFO - Setting next_dagrun for example_xcom to 2021-01-01T00:00:00+00:00, run_after=2021-01-01T00:00:00+00:00
[2023-05-19 18:06:37,942] {processor.py:161} INFO - Processing /home/guilherme/Documents/weather_datapipeline/airflow_weather/venv/lib/python3.10/site-packages/airflow/example_dags/example_xcom.py took 0.038 seconds
[2023-05-19 18:07:11,573] {processor.py:153} INFO - Started process (PID=14242) to work on /home/guilherme/Documents/weather_datapipeline/airflow_weather/venv/lib/python3.10/site-packages/airflow/example_dags/example_xcom.py
[2023-05-19 18:07:11,573] {processor.py:641} INFO - Processing file /home/guilherme/Documents/weather_datapipeline/airflow_weather/venv/lib/python3.10/site-packages/airflow/example_dags/example_xcom.py for tasks to queue
[2023-05-19 18:07:11,573] {logging_mixin.py:115} INFO - [2023-05-19 18:07:11,573] {dagbag.py:507} INFO - Filling up the DagBag from /home/guilherme/Documents/weather_datapipeline/airflow_weather/venv/lib/python3.10/site-packages/airflow/example_dags/example_xcom.py
[2023-05-19 18:07:11,584] {processor.py:651} INFO - DAG(s) dict_keys(['example_xcom']) retrieved from /home/guilherme/Documents/weather_datapipeline/airflow_weather/venv/lib/python3.10/site-packages/airflow/example_dags/example_xcom.py
[2023-05-19 18:07:11,591] {logging_mixin.py:115} INFO - [2023-05-19 18:07:11,591] {dag.py:2379} INFO - Sync 1 DAGs
[2023-05-19 18:07:11,599] {logging_mixin.py:115} INFO - [2023-05-19 18:07:11,599] {dag.py:2927} INFO - Setting next_dagrun for example_xcom to 2021-01-01T00:00:00+00:00, run_after=2021-01-01T00:00:00+00:00
[2023-05-19 18:07:11,605] {processor.py:161} INFO - Processing /home/guilherme/Documents/weather_datapipeline/airflow_weather/venv/lib/python3.10/site-packages/airflow/example_dags/example_xcom.py took 0.033 seconds
[2023-05-19 18:07:43,727] {processor.py:153} INFO - Started process (PID=14449) to work on /home/guilherme/Documents/weather_datapipeline/airflow_weather/venv/lib/python3.10/site-packages/airflow/example_dags/example_xcom.py
[2023-05-19 18:07:43,727] {processor.py:641} INFO - Processing file /home/guilherme/Documents/weather_datapipeline/airflow_weather/venv/lib/python3.10/site-packages/airflow/example_dags/example_xcom.py for tasks to queue
[2023-05-19 18:07:43,727] {logging_mixin.py:115} INFO - [2023-05-19 18:07:43,727] {dagbag.py:507} INFO - Filling up the DagBag from /home/guilherme/Documents/weather_datapipeline/airflow_weather/venv/lib/python3.10/site-packages/airflow/example_dags/example_xcom.py
[2023-05-19 18:07:43,738] {processor.py:651} INFO - DAG(s) dict_keys(['example_xcom']) retrieved from /home/guilherme/Documents/weather_datapipeline/airflow_weather/venv/lib/python3.10/site-packages/airflow/example_dags/example_xcom.py
[2023-05-19 18:07:43,746] {logging_mixin.py:115} INFO - [2023-05-19 18:07:43,746] {dag.py:2379} INFO - Sync 1 DAGs
[2023-05-19 18:07:43,754] {logging_mixin.py:115} INFO - [2023-05-19 18:07:43,754] {dag.py:2927} INFO - Setting next_dagrun for example_xcom to 2021-01-01T00:00:00+00:00, run_after=2021-01-01T00:00:00+00:00
[2023-05-19 18:07:43,761] {processor.py:161} INFO - Processing /home/guilherme/Documents/weather_datapipeline/airflow_weather/venv/lib/python3.10/site-packages/airflow/example_dags/example_xcom.py took 0.036 seconds
[2023-05-19 18:08:15,048] {processor.py:153} INFO - Started process (PID=14625) to work on /home/guilherme/Documents/weather_datapipeline/airflow_weather/venv/lib/python3.10/site-packages/airflow/example_dags/example_xcom.py
[2023-05-19 18:08:15,048] {processor.py:641} INFO - Processing file /home/guilherme/Documents/weather_datapipeline/airflow_weather/venv/lib/python3.10/site-packages/airflow/example_dags/example_xcom.py for tasks to queue
[2023-05-19 18:08:15,048] {logging_mixin.py:115} INFO - [2023-05-19 18:08:15,048] {dagbag.py:507} INFO - Filling up the DagBag from /home/guilherme/Documents/weather_datapipeline/airflow_weather/venv/lib/python3.10/site-packages/airflow/example_dags/example_xcom.py
[2023-05-19 18:08:15,060] {processor.py:651} INFO - DAG(s) dict_keys(['example_xcom']) retrieved from /home/guilherme/Documents/weather_datapipeline/airflow_weather/venv/lib/python3.10/site-packages/airflow/example_dags/example_xcom.py
[2023-05-19 18:08:15,067] {logging_mixin.py:115} INFO - [2023-05-19 18:08:15,067] {dag.py:2379} INFO - Sync 1 DAGs
[2023-05-19 18:08:15,075] {logging_mixin.py:115} INFO - [2023-05-19 18:08:15,075] {dag.py:2927} INFO - Setting next_dagrun for example_xcom to 2021-01-01T00:00:00+00:00, run_after=2021-01-01T00:00:00+00:00
[2023-05-19 18:08:15,080] {processor.py:161} INFO - Processing /home/guilherme/Documents/weather_datapipeline/airflow_weather/venv/lib/python3.10/site-packages/airflow/example_dags/example_xcom.py took 0.034 seconds
[2023-05-19 18:08:47,806] {processor.py:153} INFO - Started process (PID=14833) to work on /home/guilherme/Documents/weather_datapipeline/airflow_weather/venv/lib/python3.10/site-packages/airflow/example_dags/example_xcom.py
[2023-05-19 18:08:47,806] {processor.py:641} INFO - Processing file /home/guilherme/Documents/weather_datapipeline/airflow_weather/venv/lib/python3.10/site-packages/airflow/example_dags/example_xcom.py for tasks to queue
[2023-05-19 18:08:47,806] {logging_mixin.py:115} INFO - [2023-05-19 18:08:47,806] {dagbag.py:507} INFO - Filling up the DagBag from /home/guilherme/Documents/weather_datapipeline/airflow_weather/venv/lib/python3.10/site-packages/airflow/example_dags/example_xcom.py
[2023-05-19 18:08:47,817] {processor.py:651} INFO - DAG(s) dict_keys(['example_xcom']) retrieved from /home/guilherme/Documents/weather_datapipeline/airflow_weather/venv/lib/python3.10/site-packages/airflow/example_dags/example_xcom.py
[2023-05-19 18:08:47,824] {logging_mixin.py:115} INFO - [2023-05-19 18:08:47,824] {dag.py:2379} INFO - Sync 1 DAGs
[2023-05-19 18:08:47,832] {logging_mixin.py:115} INFO - [2023-05-19 18:08:47,832] {dag.py:2927} INFO - Setting next_dagrun for example_xcom to 2021-01-01T00:00:00+00:00, run_after=2021-01-01T00:00:00+00:00
[2023-05-19 18:08:47,838] {processor.py:161} INFO - Processing /home/guilherme/Documents/weather_datapipeline/airflow_weather/venv/lib/python3.10/site-packages/airflow/example_dags/example_xcom.py took 0.034 seconds
[2023-05-19 18:09:18,586] {processor.py:153} INFO - Started process (PID=15006) to work on /home/guilherme/Documents/weather_datapipeline/airflow_weather/venv/lib/python3.10/site-packages/airflow/example_dags/example_xcom.py
[2023-05-19 18:09:18,586] {processor.py:641} INFO - Processing file /home/guilherme/Documents/weather_datapipeline/airflow_weather/venv/lib/python3.10/site-packages/airflow/example_dags/example_xcom.py for tasks to queue
[2023-05-19 18:09:18,586] {logging_mixin.py:115} INFO - [2023-05-19 18:09:18,586] {dagbag.py:507} INFO - Filling up the DagBag from /home/guilherme/Documents/weather_datapipeline/airflow_weather/venv/lib/python3.10/site-packages/airflow/example_dags/example_xcom.py
[2023-05-19 18:09:18,598] {processor.py:651} INFO - DAG(s) dict_keys(['example_xcom']) retrieved from /home/guilherme/Documents/weather_datapipeline/airflow_weather/venv/lib/python3.10/site-packages/airflow/example_dags/example_xcom.py
[2023-05-19 18:09:18,607] {logging_mixin.py:115} INFO - [2023-05-19 18:09:18,607] {dag.py:2379} INFO - Sync 1 DAGs
[2023-05-19 18:09:18,615] {logging_mixin.py:115} INFO - [2023-05-19 18:09:18,615] {dag.py:2927} INFO - Setting next_dagrun for example_xcom to 2021-01-01T00:00:00+00:00, run_after=2021-01-01T00:00:00+00:00
[2023-05-19 18:09:18,622] {processor.py:161} INFO - Processing /home/guilherme/Documents/weather_datapipeline/airflow_weather/venv/lib/python3.10/site-packages/airflow/example_dags/example_xcom.py took 0.039 seconds
[2023-05-19 18:09:49,389] {processor.py:153} INFO - Started process (PID=15111) to work on /home/guilherme/Documents/weather_datapipeline/airflow_weather/venv/lib/python3.10/site-packages/airflow/example_dags/example_xcom.py
[2023-05-19 18:09:49,389] {processor.py:641} INFO - Processing file /home/guilherme/Documents/weather_datapipeline/airflow_weather/venv/lib/python3.10/site-packages/airflow/example_dags/example_xcom.py for tasks to queue
[2023-05-19 18:09:49,390] {logging_mixin.py:115} INFO - [2023-05-19 18:09:49,389] {dagbag.py:507} INFO - Filling up the DagBag from /home/guilherme/Documents/weather_datapipeline/airflow_weather/venv/lib/python3.10/site-packages/airflow/example_dags/example_xcom.py
[2023-05-19 18:09:49,401] {processor.py:651} INFO - DAG(s) dict_keys(['example_xcom']) retrieved from /home/guilherme/Documents/weather_datapipeline/airflow_weather/venv/lib/python3.10/site-packages/airflow/example_dags/example_xcom.py
[2023-05-19 18:09:49,422] {logging_mixin.py:115} INFO - [2023-05-19 18:09:49,422] {dag.py:2379} INFO - Sync 1 DAGs
[2023-05-19 18:09:49,429] {logging_mixin.py:115} INFO - [2023-05-19 18:09:49,429] {dag.py:2927} INFO - Setting next_dagrun for example_xcom to 2021-01-01T00:00:00+00:00, run_after=2021-01-01T00:00:00+00:00
[2023-05-19 18:09:49,436] {processor.py:161} INFO - Processing /home/guilherme/Documents/weather_datapipeline/airflow_weather/venv/lib/python3.10/site-packages/airflow/example_dags/example_xcom.py took 0.049 seconds
[2023-05-19 18:10:21,599] {processor.py:153} INFO - Started process (PID=15284) to work on /home/guilherme/Documents/weather_datapipeline/airflow_weather/venv/lib/python3.10/site-packages/airflow/example_dags/example_xcom.py
[2023-05-19 18:10:21,599] {processor.py:641} INFO - Processing file /home/guilherme/Documents/weather_datapipeline/airflow_weather/venv/lib/python3.10/site-packages/airflow/example_dags/example_xcom.py for tasks to queue
[2023-05-19 18:10:21,600] {logging_mixin.py:115} INFO - [2023-05-19 18:10:21,600] {dagbag.py:507} INFO - Filling up the DagBag from /home/guilherme/Documents/weather_datapipeline/airflow_weather/venv/lib/python3.10/site-packages/airflow/example_dags/example_xcom.py
[2023-05-19 18:10:21,611] {processor.py:651} INFO - DAG(s) dict_keys(['example_xcom']) retrieved from /home/guilherme/Documents/weather_datapipeline/airflow_weather/venv/lib/python3.10/site-packages/airflow/example_dags/example_xcom.py
[2023-05-19 18:10:21,619] {logging_mixin.py:115} INFO - [2023-05-19 18:10:21,619] {dag.py:2379} INFO - Sync 1 DAGs
[2023-05-19 18:10:21,627] {logging_mixin.py:115} INFO - [2023-05-19 18:10:21,627] {dag.py:2927} INFO - Setting next_dagrun for example_xcom to 2021-01-01T00:00:00+00:00, run_after=2021-01-01T00:00:00+00:00
[2023-05-19 18:10:21,634] {processor.py:161} INFO - Processing /home/guilherme/Documents/weather_datapipeline/airflow_weather/venv/lib/python3.10/site-packages/airflow/example_dags/example_xcom.py took 0.037 seconds
[2023-05-19 18:10:54,144] {processor.py:153} INFO - Started process (PID=15367) to work on /home/guilherme/Documents/weather_datapipeline/airflow_weather/venv/lib/python3.10/site-packages/airflow/example_dags/example_xcom.py
[2023-05-19 18:10:54,145] {processor.py:641} INFO - Processing file /home/guilherme/Documents/weather_datapipeline/airflow_weather/venv/lib/python3.10/site-packages/airflow/example_dags/example_xcom.py for tasks to queue
[2023-05-19 18:10:54,145] {logging_mixin.py:115} INFO - [2023-05-19 18:10:54,145] {dagbag.py:507} INFO - Filling up the DagBag from /home/guilherme/Documents/weather_datapipeline/airflow_weather/venv/lib/python3.10/site-packages/airflow/example_dags/example_xcom.py
[2023-05-19 18:10:54,157] {processor.py:651} INFO - DAG(s) dict_keys(['example_xcom']) retrieved from /home/guilherme/Documents/weather_datapipeline/airflow_weather/venv/lib/python3.10/site-packages/airflow/example_dags/example_xcom.py
[2023-05-19 18:10:54,165] {logging_mixin.py:115} INFO - [2023-05-19 18:10:54,165] {dag.py:2379} INFO - Sync 1 DAGs
[2023-05-19 18:10:54,174] {logging_mixin.py:115} INFO - [2023-05-19 18:10:54,174] {dag.py:2927} INFO - Setting next_dagrun for example_xcom to 2021-01-01T00:00:00+00:00, run_after=2021-01-01T00:00:00+00:00
[2023-05-19 18:10:54,180] {processor.py:161} INFO - Processing /home/guilherme/Documents/weather_datapipeline/airflow_weather/venv/lib/python3.10/site-packages/airflow/example_dags/example_xcom.py took 0.038 seconds
[2023-05-19 18:11:29,045] {processor.py:153} INFO - Started process (PID=15433) to work on /home/guilherme/Documents/weather_datapipeline/airflow_weather/venv/lib/python3.10/site-packages/airflow/example_dags/example_xcom.py
[2023-05-19 18:11:29,045] {processor.py:641} INFO - Processing file /home/guilherme/Documents/weather_datapipeline/airflow_weather/venv/lib/python3.10/site-packages/airflow/example_dags/example_xcom.py for tasks to queue
[2023-05-19 18:11:29,045] {logging_mixin.py:115} INFO - [2023-05-19 18:11:29,045] {dagbag.py:507} INFO - Filling up the DagBag from /home/guilherme/Documents/weather_datapipeline/airflow_weather/venv/lib/python3.10/site-packages/airflow/example_dags/example_xcom.py
[2023-05-19 18:11:29,058] {processor.py:651} INFO - DAG(s) dict_keys(['example_xcom']) retrieved from /home/guilherme/Documents/weather_datapipeline/airflow_weather/venv/lib/python3.10/site-packages/airflow/example_dags/example_xcom.py
[2023-05-19 18:11:29,066] {logging_mixin.py:115} INFO - [2023-05-19 18:11:29,065] {dag.py:2379} INFO - Sync 1 DAGs
[2023-05-19 18:11:29,075] {logging_mixin.py:115} INFO - [2023-05-19 18:11:29,075] {dag.py:2927} INFO - Setting next_dagrun for example_xcom to 2021-01-01T00:00:00+00:00, run_after=2021-01-01T00:00:00+00:00
[2023-05-19 18:11:29,082] {processor.py:161} INFO - Processing /home/guilherme/Documents/weather_datapipeline/airflow_weather/venv/lib/python3.10/site-packages/airflow/example_dags/example_xcom.py took 0.039 seconds
[2023-05-19 18:12:00,428] {processor.py:153} INFO - Started process (PID=15469) to work on /home/guilherme/Documents/weather_datapipeline/airflow_weather/venv/lib/python3.10/site-packages/airflow/example_dags/example_xcom.py
[2023-05-19 18:12:00,428] {processor.py:641} INFO - Processing file /home/guilherme/Documents/weather_datapipeline/airflow_weather/venv/lib/python3.10/site-packages/airflow/example_dags/example_xcom.py for tasks to queue
[2023-05-19 18:12:00,429] {logging_mixin.py:115} INFO - [2023-05-19 18:12:00,429] {dagbag.py:507} INFO - Filling up the DagBag from /home/guilherme/Documents/weather_datapipeline/airflow_weather/venv/lib/python3.10/site-packages/airflow/example_dags/example_xcom.py
[2023-05-19 18:12:00,443] {processor.py:651} INFO - DAG(s) dict_keys(['example_xcom']) retrieved from /home/guilherme/Documents/weather_datapipeline/airflow_weather/venv/lib/python3.10/site-packages/airflow/example_dags/example_xcom.py
[2023-05-19 18:12:00,453] {logging_mixin.py:115} INFO - [2023-05-19 18:12:00,453] {dag.py:2379} INFO - Sync 1 DAGs
[2023-05-19 18:12:00,462] {logging_mixin.py:115} INFO - [2023-05-19 18:12:00,462] {dag.py:2927} INFO - Setting next_dagrun for example_xcom to 2021-01-01T00:00:00+00:00, run_after=2021-01-01T00:00:00+00:00
[2023-05-19 18:12:00,470] {processor.py:161} INFO - Processing /home/guilherme/Documents/weather_datapipeline/airflow_weather/venv/lib/python3.10/site-packages/airflow/example_dags/example_xcom.py took 0.044 seconds
[2023-05-19 18:12:33,090] {processor.py:153} INFO - Started process (PID=15540) to work on /home/guilherme/Documents/weather_datapipeline/airflow_weather/venv/lib/python3.10/site-packages/airflow/example_dags/example_xcom.py
[2023-05-19 18:12:33,090] {processor.py:641} INFO - Processing file /home/guilherme/Documents/weather_datapipeline/airflow_weather/venv/lib/python3.10/site-packages/airflow/example_dags/example_xcom.py for tasks to queue
[2023-05-19 18:12:33,090] {logging_mixin.py:115} INFO - [2023-05-19 18:12:33,090] {dagbag.py:507} INFO - Filling up the DagBag from /home/guilherme/Documents/weather_datapipeline/airflow_weather/venv/lib/python3.10/site-packages/airflow/example_dags/example_xcom.py
[2023-05-19 18:12:33,103] {processor.py:651} INFO - DAG(s) dict_keys(['example_xcom']) retrieved from /home/guilherme/Documents/weather_datapipeline/airflow_weather/venv/lib/python3.10/site-packages/airflow/example_dags/example_xcom.py
[2023-05-19 18:12:33,112] {logging_mixin.py:115} INFO - [2023-05-19 18:12:33,112] {dag.py:2379} INFO - Sync 1 DAGs
[2023-05-19 18:12:33,120] {logging_mixin.py:115} INFO - [2023-05-19 18:12:33,120] {dag.py:2927} INFO - Setting next_dagrun for example_xcom to 2021-01-01T00:00:00+00:00, run_after=2021-01-01T00:00:00+00:00
[2023-05-19 18:12:33,127] {processor.py:161} INFO - Processing /home/guilherme/Documents/weather_datapipeline/airflow_weather/venv/lib/python3.10/site-packages/airflow/example_dags/example_xcom.py took 0.039 seconds
[2023-05-19 18:13:04,042] {processor.py:153} INFO - Started process (PID=15656) to work on /home/guilherme/Documents/weather_datapipeline/airflow_weather/venv/lib/python3.10/site-packages/airflow/example_dags/example_xcom.py
[2023-05-19 18:13:04,042] {processor.py:641} INFO - Processing file /home/guilherme/Documents/weather_datapipeline/airflow_weather/venv/lib/python3.10/site-packages/airflow/example_dags/example_xcom.py for tasks to queue
[2023-05-19 18:13:04,042] {logging_mixin.py:115} INFO - [2023-05-19 18:13:04,042] {dagbag.py:507} INFO - Filling up the DagBag from /home/guilherme/Documents/weather_datapipeline/airflow_weather/venv/lib/python3.10/site-packages/airflow/example_dags/example_xcom.py
[2023-05-19 18:13:04,054] {processor.py:651} INFO - DAG(s) dict_keys(['example_xcom']) retrieved from /home/guilherme/Documents/weather_datapipeline/airflow_weather/venv/lib/python3.10/site-packages/airflow/example_dags/example_xcom.py
[2023-05-19 18:13:04,062] {logging_mixin.py:115} INFO - [2023-05-19 18:13:04,062] {dag.py:2379} INFO - Sync 1 DAGs
[2023-05-19 18:13:04,071] {logging_mixin.py:115} INFO - [2023-05-19 18:13:04,071] {dag.py:2927} INFO - Setting next_dagrun for example_xcom to 2021-01-01T00:00:00+00:00, run_after=2021-01-01T00:00:00+00:00
[2023-05-19 18:13:04,077] {processor.py:161} INFO - Processing /home/guilherme/Documents/weather_datapipeline/airflow_weather/venv/lib/python3.10/site-packages/airflow/example_dags/example_xcom.py took 0.036 seconds
[2023-05-19 18:13:37,052] {processor.py:153} INFO - Started process (PID=15857) to work on /home/guilherme/Documents/weather_datapipeline/airflow_weather/venv/lib/python3.10/site-packages/airflow/example_dags/example_xcom.py
[2023-05-19 18:13:37,053] {processor.py:641} INFO - Processing file /home/guilherme/Documents/weather_datapipeline/airflow_weather/venv/lib/python3.10/site-packages/airflow/example_dags/example_xcom.py for tasks to queue
[2023-05-19 18:13:37,053] {logging_mixin.py:115} INFO - [2023-05-19 18:13:37,053] {dagbag.py:507} INFO - Filling up the DagBag from /home/guilherme/Documents/weather_datapipeline/airflow_weather/venv/lib/python3.10/site-packages/airflow/example_dags/example_xcom.py
[2023-05-19 18:13:37,065] {processor.py:651} INFO - DAG(s) dict_keys(['example_xcom']) retrieved from /home/guilherme/Documents/weather_datapipeline/airflow_weather/venv/lib/python3.10/site-packages/airflow/example_dags/example_xcom.py
[2023-05-19 18:13:37,073] {logging_mixin.py:115} INFO - [2023-05-19 18:13:37,073] {dag.py:2379} INFO - Sync 1 DAGs
[2023-05-19 18:13:37,082] {logging_mixin.py:115} INFO - [2023-05-19 18:13:37,082] {dag.py:2927} INFO - Setting next_dagrun for example_xcom to 2021-01-01T00:00:00+00:00, run_after=2021-01-01T00:00:00+00:00
[2023-05-19 18:13:37,088] {processor.py:161} INFO - Processing /home/guilherme/Documents/weather_datapipeline/airflow_weather/venv/lib/python3.10/site-packages/airflow/example_dags/example_xcom.py took 0.038 seconds
[2023-05-19 18:14:09,997] {processor.py:153} INFO - Started process (PID=16030) to work on /home/guilherme/Documents/weather_datapipeline/airflow_weather/venv/lib/python3.10/site-packages/airflow/example_dags/example_xcom.py
[2023-05-19 18:14:09,997] {processor.py:641} INFO - Processing file /home/guilherme/Documents/weather_datapipeline/airflow_weather/venv/lib/python3.10/site-packages/airflow/example_dags/example_xcom.py for tasks to queue
[2023-05-19 18:14:09,997] {logging_mixin.py:115} INFO - [2023-05-19 18:14:09,997] {dagbag.py:507} INFO - Filling up the DagBag from /home/guilherme/Documents/weather_datapipeline/airflow_weather/venv/lib/python3.10/site-packages/airflow/example_dags/example_xcom.py
[2023-05-19 18:14:10,009] {processor.py:651} INFO - DAG(s) dict_keys(['example_xcom']) retrieved from /home/guilherme/Documents/weather_datapipeline/airflow_weather/venv/lib/python3.10/site-packages/airflow/example_dags/example_xcom.py
[2023-05-19 18:14:10,016] {logging_mixin.py:115} INFO - [2023-05-19 18:14:10,016] {dag.py:2379} INFO - Sync 1 DAGs
[2023-05-19 18:14:10,025] {logging_mixin.py:115} INFO - [2023-05-19 18:14:10,025] {dag.py:2927} INFO - Setting next_dagrun for example_xcom to 2021-01-01T00:00:00+00:00, run_after=2021-01-01T00:00:00+00:00
[2023-05-19 18:14:10,030] {processor.py:161} INFO - Processing /home/guilherme/Documents/weather_datapipeline/airflow_weather/venv/lib/python3.10/site-packages/airflow/example_dags/example_xcom.py took 0.035 seconds
[2023-05-19 18:14:43,656] {processor.py:153} INFO - Started process (PID=16235) to work on /home/guilherme/Documents/weather_datapipeline/airflow_weather/venv/lib/python3.10/site-packages/airflow/example_dags/example_xcom.py
[2023-05-19 18:14:43,657] {processor.py:641} INFO - Processing file /home/guilherme/Documents/weather_datapipeline/airflow_weather/venv/lib/python3.10/site-packages/airflow/example_dags/example_xcom.py for tasks to queue
[2023-05-19 18:14:43,657] {logging_mixin.py:115} INFO - [2023-05-19 18:14:43,657] {dagbag.py:507} INFO - Filling up the DagBag from /home/guilherme/Documents/weather_datapipeline/airflow_weather/venv/lib/python3.10/site-packages/airflow/example_dags/example_xcom.py
[2023-05-19 18:14:43,668] {processor.py:651} INFO - DAG(s) dict_keys(['example_xcom']) retrieved from /home/guilherme/Documents/weather_datapipeline/airflow_weather/venv/lib/python3.10/site-packages/airflow/example_dags/example_xcom.py
[2023-05-19 18:14:43,690] {logging_mixin.py:115} INFO - [2023-05-19 18:14:43,690] {dag.py:2379} INFO - Sync 1 DAGs
[2023-05-19 18:14:43,697] {logging_mixin.py:115} INFO - [2023-05-19 18:14:43,697] {dag.py:2927} INFO - Setting next_dagrun for example_xcom to 2021-01-01T00:00:00+00:00, run_after=2021-01-01T00:00:00+00:00
[2023-05-19 18:14:43,704] {processor.py:161} INFO - Processing /home/guilherme/Documents/weather_datapipeline/airflow_weather/venv/lib/python3.10/site-packages/airflow/example_dags/example_xcom.py took 0.049 seconds
[2023-05-19 18:15:17,213] {processor.py:153} INFO - Started process (PID=16408) to work on /home/guilherme/Documents/weather_datapipeline/airflow_weather/venv/lib/python3.10/site-packages/airflow/example_dags/example_xcom.py
[2023-05-19 18:15:17,214] {processor.py:641} INFO - Processing file /home/guilherme/Documents/weather_datapipeline/airflow_weather/venv/lib/python3.10/site-packages/airflow/example_dags/example_xcom.py for tasks to queue
[2023-05-19 18:15:17,214] {logging_mixin.py:115} INFO - [2023-05-19 18:15:17,214] {dagbag.py:507} INFO - Filling up the DagBag from /home/guilherme/Documents/weather_datapipeline/airflow_weather/venv/lib/python3.10/site-packages/airflow/example_dags/example_xcom.py
[2023-05-19 18:15:17,226] {processor.py:651} INFO - DAG(s) dict_keys(['example_xcom']) retrieved from /home/guilherme/Documents/weather_datapipeline/airflow_weather/venv/lib/python3.10/site-packages/airflow/example_dags/example_xcom.py
[2023-05-19 18:15:17,233] {logging_mixin.py:115} INFO - [2023-05-19 18:15:17,233] {dag.py:2379} INFO - Sync 1 DAGs
[2023-05-19 18:15:17,242] {logging_mixin.py:115} INFO - [2023-05-19 18:15:17,242] {dag.py:2927} INFO - Setting next_dagrun for example_xcom to 2021-01-01T00:00:00+00:00, run_after=2021-01-01T00:00:00+00:00
[2023-05-19 18:15:17,248] {processor.py:161} INFO - Processing /home/guilherme/Documents/weather_datapipeline/airflow_weather/venv/lib/python3.10/site-packages/airflow/example_dags/example_xcom.py took 0.037 seconds
[2023-05-19 18:15:49,043] {processor.py:153} INFO - Started process (PID=16603) to work on /home/guilherme/Documents/weather_datapipeline/airflow_weather/venv/lib/python3.10/site-packages/airflow/example_dags/example_xcom.py
[2023-05-19 18:15:49,043] {processor.py:641} INFO - Processing file /home/guilherme/Documents/weather_datapipeline/airflow_weather/venv/lib/python3.10/site-packages/airflow/example_dags/example_xcom.py for tasks to queue
[2023-05-19 18:15:49,043] {logging_mixin.py:115} INFO - [2023-05-19 18:15:49,043] {dagbag.py:507} INFO - Filling up the DagBag from /home/guilherme/Documents/weather_datapipeline/airflow_weather/venv/lib/python3.10/site-packages/airflow/example_dags/example_xcom.py
[2023-05-19 18:15:49,054] {processor.py:651} INFO - DAG(s) dict_keys(['example_xcom']) retrieved from /home/guilherme/Documents/weather_datapipeline/airflow_weather/venv/lib/python3.10/site-packages/airflow/example_dags/example_xcom.py
[2023-05-19 18:15:49,063] {logging_mixin.py:115} INFO - [2023-05-19 18:15:49,063] {dag.py:2379} INFO - Sync 1 DAGs
[2023-05-19 18:15:49,071] {logging_mixin.py:115} INFO - [2023-05-19 18:15:49,071] {dag.py:2927} INFO - Setting next_dagrun for example_xcom to 2021-01-01T00:00:00+00:00, run_after=2021-01-01T00:00:00+00:00
[2023-05-19 18:15:49,077] {processor.py:161} INFO - Processing /home/guilherme/Documents/weather_datapipeline/airflow_weather/venv/lib/python3.10/site-packages/airflow/example_dags/example_xcom.py took 0.036 seconds
[2023-05-19 18:16:21,956] {processor.py:153} INFO - Started process (PID=16774) to work on /home/guilherme/Documents/weather_datapipeline/airflow_weather/venv/lib/python3.10/site-packages/airflow/example_dags/example_xcom.py
[2023-05-19 18:16:21,956] {processor.py:641} INFO - Processing file /home/guilherme/Documents/weather_datapipeline/airflow_weather/venv/lib/python3.10/site-packages/airflow/example_dags/example_xcom.py for tasks to queue
[2023-05-19 18:16:21,956] {logging_mixin.py:115} INFO - [2023-05-19 18:16:21,956] {dagbag.py:507} INFO - Filling up the DagBag from /home/guilherme/Documents/weather_datapipeline/airflow_weather/venv/lib/python3.10/site-packages/airflow/example_dags/example_xcom.py
[2023-05-19 18:16:21,968] {processor.py:651} INFO - DAG(s) dict_keys(['example_xcom']) retrieved from /home/guilherme/Documents/weather_datapipeline/airflow_weather/venv/lib/python3.10/site-packages/airflow/example_dags/example_xcom.py
[2023-05-19 18:16:21,976] {logging_mixin.py:115} INFO - [2023-05-19 18:16:21,976] {dag.py:2379} INFO - Sync 1 DAGs
[2023-05-19 18:16:21,984] {logging_mixin.py:115} INFO - [2023-05-19 18:16:21,984] {dag.py:2927} INFO - Setting next_dagrun for example_xcom to 2021-01-01T00:00:00+00:00, run_after=2021-01-01T00:00:00+00:00
[2023-05-19 18:16:21,990] {processor.py:161} INFO - Processing /home/guilherme/Documents/weather_datapipeline/airflow_weather/venv/lib/python3.10/site-packages/airflow/example_dags/example_xcom.py took 0.036 seconds
[2023-05-19 18:16:54,489] {processor.py:153} INFO - Started process (PID=16969) to work on /home/guilherme/Documents/weather_datapipeline/airflow_weather/venv/lib/python3.10/site-packages/airflow/example_dags/example_xcom.py
[2023-05-19 18:16:54,490] {processor.py:641} INFO - Processing file /home/guilherme/Documents/weather_datapipeline/airflow_weather/venv/lib/python3.10/site-packages/airflow/example_dags/example_xcom.py for tasks to queue
[2023-05-19 18:16:54,490] {logging_mixin.py:115} INFO - [2023-05-19 18:16:54,490] {dagbag.py:507} INFO - Filling up the DagBag from /home/guilherme/Documents/weather_datapipeline/airflow_weather/venv/lib/python3.10/site-packages/airflow/example_dags/example_xcom.py
[2023-05-19 18:16:54,502] {processor.py:651} INFO - DAG(s) dict_keys(['example_xcom']) retrieved from /home/guilherme/Documents/weather_datapipeline/airflow_weather/venv/lib/python3.10/site-packages/airflow/example_dags/example_xcom.py
[2023-05-19 18:16:54,510] {logging_mixin.py:115} INFO - [2023-05-19 18:16:54,510] {dag.py:2379} INFO - Sync 1 DAGs
[2023-05-19 18:16:54,519] {logging_mixin.py:115} INFO - [2023-05-19 18:16:54,519] {dag.py:2927} INFO - Setting next_dagrun for example_xcom to 2021-01-01T00:00:00+00:00, run_after=2021-01-01T00:00:00+00:00
[2023-05-19 18:16:54,525] {processor.py:161} INFO - Processing /home/guilherme/Documents/weather_datapipeline/airflow_weather/venv/lib/python3.10/site-packages/airflow/example_dags/example_xcom.py took 0.037 seconds
[2023-05-19 18:17:26,558] {processor.py:153} INFO - Started process (PID=17144) to work on /home/guilherme/Documents/weather_datapipeline/airflow_weather/venv/lib/python3.10/site-packages/airflow/example_dags/example_xcom.py
[2023-05-19 18:17:26,559] {processor.py:641} INFO - Processing file /home/guilherme/Documents/weather_datapipeline/airflow_weather/venv/lib/python3.10/site-packages/airflow/example_dags/example_xcom.py for tasks to queue
[2023-05-19 18:17:26,559] {logging_mixin.py:115} INFO - [2023-05-19 18:17:26,559] {dagbag.py:507} INFO - Filling up the DagBag from /home/guilherme/Documents/weather_datapipeline/airflow_weather/venv/lib/python3.10/site-packages/airflow/example_dags/example_xcom.py
[2023-05-19 18:17:26,571] {processor.py:651} INFO - DAG(s) dict_keys(['example_xcom']) retrieved from /home/guilherme/Documents/weather_datapipeline/airflow_weather/venv/lib/python3.10/site-packages/airflow/example_dags/example_xcom.py
[2023-05-19 18:17:26,580] {logging_mixin.py:115} INFO - [2023-05-19 18:17:26,580] {dag.py:2379} INFO - Sync 1 DAGs
[2023-05-19 18:17:26,588] {logging_mixin.py:115} INFO - [2023-05-19 18:17:26,588] {dag.py:2927} INFO - Setting next_dagrun for example_xcom to 2021-01-01T00:00:00+00:00, run_after=2021-01-01T00:00:00+00:00
[2023-05-19 18:17:26,595] {processor.py:161} INFO - Processing /home/guilherme/Documents/weather_datapipeline/airflow_weather/venv/lib/python3.10/site-packages/airflow/example_dags/example_xcom.py took 0.039 seconds
[2023-05-19 18:18:00,241] {processor.py:153} INFO - Started process (PID=17354) to work on /home/guilherme/Documents/weather_datapipeline/airflow_weather/venv/lib/python3.10/site-packages/airflow/example_dags/example_xcom.py
[2023-05-19 18:18:00,241] {processor.py:641} INFO - Processing file /home/guilherme/Documents/weather_datapipeline/airflow_weather/venv/lib/python3.10/site-packages/airflow/example_dags/example_xcom.py for tasks to queue
[2023-05-19 18:18:00,241] {logging_mixin.py:115} INFO - [2023-05-19 18:18:00,241] {dagbag.py:507} INFO - Filling up the DagBag from /home/guilherme/Documents/weather_datapipeline/airflow_weather/venv/lib/python3.10/site-packages/airflow/example_dags/example_xcom.py
[2023-05-19 18:18:00,254] {processor.py:651} INFO - DAG(s) dict_keys(['example_xcom']) retrieved from /home/guilherme/Documents/weather_datapipeline/airflow_weather/venv/lib/python3.10/site-packages/airflow/example_dags/example_xcom.py
[2023-05-19 18:18:00,263] {logging_mixin.py:115} INFO - [2023-05-19 18:18:00,263] {dag.py:2379} INFO - Sync 1 DAGs
[2023-05-19 18:18:00,272] {logging_mixin.py:115} INFO - [2023-05-19 18:18:00,272] {dag.py:2927} INFO - Setting next_dagrun for example_xcom to 2021-01-01T00:00:00+00:00, run_after=2021-01-01T00:00:00+00:00
[2023-05-19 18:18:00,278] {processor.py:161} INFO - Processing /home/guilherme/Documents/weather_datapipeline/airflow_weather/venv/lib/python3.10/site-packages/airflow/example_dags/example_xcom.py took 0.040 seconds
[2023-05-19 18:18:33,513] {processor.py:153} INFO - Started process (PID=17565) to work on /home/guilherme/Documents/weather_datapipeline/airflow_weather/venv/lib/python3.10/site-packages/airflow/example_dags/example_xcom.py
[2023-05-19 18:18:33,514] {processor.py:641} INFO - Processing file /home/guilherme/Documents/weather_datapipeline/airflow_weather/venv/lib/python3.10/site-packages/airflow/example_dags/example_xcom.py for tasks to queue
[2023-05-19 18:18:33,514] {logging_mixin.py:115} INFO - [2023-05-19 18:18:33,514] {dagbag.py:507} INFO - Filling up the DagBag from /home/guilherme/Documents/weather_datapipeline/airflow_weather/venv/lib/python3.10/site-packages/airflow/example_dags/example_xcom.py
[2023-05-19 18:18:33,526] {processor.py:651} INFO - DAG(s) dict_keys(['example_xcom']) retrieved from /home/guilherme/Documents/weather_datapipeline/airflow_weather/venv/lib/python3.10/site-packages/airflow/example_dags/example_xcom.py
[2023-05-19 18:18:33,535] {logging_mixin.py:115} INFO - [2023-05-19 18:18:33,534] {dag.py:2379} INFO - Sync 1 DAGs
[2023-05-19 18:18:33,543] {logging_mixin.py:115} INFO - [2023-05-19 18:18:33,543] {dag.py:2927} INFO - Setting next_dagrun for example_xcom to 2021-01-01T00:00:00+00:00, run_after=2021-01-01T00:00:00+00:00
[2023-05-19 18:18:33,550] {processor.py:161} INFO - Processing /home/guilherme/Documents/weather_datapipeline/airflow_weather/venv/lib/python3.10/site-packages/airflow/example_dags/example_xcom.py took 0.040 seconds
[2023-05-19 18:19:05,909] {processor.py:153} INFO - Started process (PID=17803) to work on /home/guilherme/Documents/weather_datapipeline/airflow_weather/venv/lib/python3.10/site-packages/airflow/example_dags/example_xcom.py
[2023-05-19 18:19:05,910] {processor.py:641} INFO - Processing file /home/guilherme/Documents/weather_datapipeline/airflow_weather/venv/lib/python3.10/site-packages/airflow/example_dags/example_xcom.py for tasks to queue
[2023-05-19 18:19:05,910] {logging_mixin.py:115} INFO - [2023-05-19 18:19:05,910] {dagbag.py:507} INFO - Filling up the DagBag from /home/guilherme/Documents/weather_datapipeline/airflow_weather/venv/lib/python3.10/site-packages/airflow/example_dags/example_xcom.py
[2023-05-19 18:19:05,921] {processor.py:651} INFO - DAG(s) dict_keys(['example_xcom']) retrieved from /home/guilherme/Documents/weather_datapipeline/airflow_weather/venv/lib/python3.10/site-packages/airflow/example_dags/example_xcom.py
[2023-05-19 18:19:05,928] {logging_mixin.py:115} INFO - [2023-05-19 18:19:05,928] {dag.py:2379} INFO - Sync 1 DAGs
[2023-05-19 18:19:05,937] {logging_mixin.py:115} INFO - [2023-05-19 18:19:05,937] {dag.py:2927} INFO - Setting next_dagrun for example_xcom to 2021-01-01T00:00:00+00:00, run_after=2021-01-01T00:00:00+00:00
[2023-05-19 18:19:05,943] {processor.py:161} INFO - Processing /home/guilherme/Documents/weather_datapipeline/airflow_weather/venv/lib/python3.10/site-packages/airflow/example_dags/example_xcom.py took 0.035 seconds
[2023-05-19 18:19:36,589] {processor.py:153} INFO - Started process (PID=18429) to work on /home/guilherme/Documents/weather_datapipeline/airflow_weather/venv/lib/python3.10/site-packages/airflow/example_dags/example_xcom.py
[2023-05-19 18:19:36,589] {processor.py:641} INFO - Processing file /home/guilherme/Documents/weather_datapipeline/airflow_weather/venv/lib/python3.10/site-packages/airflow/example_dags/example_xcom.py for tasks to queue
[2023-05-19 18:19:36,589] {logging_mixin.py:115} INFO - [2023-05-19 18:19:36,589] {dagbag.py:507} INFO - Filling up the DagBag from /home/guilherme/Documents/weather_datapipeline/airflow_weather/venv/lib/python3.10/site-packages/airflow/example_dags/example_xcom.py
[2023-05-19 18:19:36,602] {processor.py:651} INFO - DAG(s) dict_keys(['example_xcom']) retrieved from /home/guilherme/Documents/weather_datapipeline/airflow_weather/venv/lib/python3.10/site-packages/airflow/example_dags/example_xcom.py
[2023-05-19 18:19:36,623] {logging_mixin.py:115} INFO - [2023-05-19 18:19:36,623] {dag.py:2379} INFO - Sync 1 DAGs
[2023-05-19 18:19:36,633] {logging_mixin.py:115} INFO - [2023-05-19 18:19:36,633] {dag.py:2927} INFO - Setting next_dagrun for example_xcom to 2021-01-01T00:00:00+00:00, run_after=2021-01-01T00:00:00+00:00
[2023-05-19 18:19:36,640] {processor.py:161} INFO - Processing /home/guilherme/Documents/weather_datapipeline/airflow_weather/venv/lib/python3.10/site-packages/airflow/example_dags/example_xcom.py took 0.053 seconds
[2023-05-19 18:20:09,018] {processor.py:153} INFO - Started process (PID=18614) to work on /home/guilherme/Documents/weather_datapipeline/airflow_weather/venv/lib/python3.10/site-packages/airflow/example_dags/example_xcom.py
[2023-05-19 18:20:09,019] {processor.py:641} INFO - Processing file /home/guilherme/Documents/weather_datapipeline/airflow_weather/venv/lib/python3.10/site-packages/airflow/example_dags/example_xcom.py for tasks to queue
[2023-05-19 18:20:09,019] {logging_mixin.py:115} INFO - [2023-05-19 18:20:09,019] {dagbag.py:507} INFO - Filling up the DagBag from /home/guilherme/Documents/weather_datapipeline/airflow_weather/venv/lib/python3.10/site-packages/airflow/example_dags/example_xcom.py
[2023-05-19 18:20:09,032] {processor.py:651} INFO - DAG(s) dict_keys(['example_xcom']) retrieved from /home/guilherme/Documents/weather_datapipeline/airflow_weather/venv/lib/python3.10/site-packages/airflow/example_dags/example_xcom.py
[2023-05-19 18:20:09,053] {logging_mixin.py:115} INFO - [2023-05-19 18:20:09,053] {dag.py:2379} INFO - Sync 1 DAGs
[2023-05-19 18:20:09,060] {logging_mixin.py:115} INFO - [2023-05-19 18:20:09,060] {dag.py:2927} INFO - Setting next_dagrun for example_xcom to 2021-01-01T00:00:00+00:00, run_after=2021-01-01T00:00:00+00:00
[2023-05-19 18:20:09,068] {processor.py:161} INFO - Processing /home/guilherme/Documents/weather_datapipeline/airflow_weather/venv/lib/python3.10/site-packages/airflow/example_dags/example_xcom.py took 0.052 seconds
[2023-05-19 18:20:40,946] {processor.py:153} INFO - Started process (PID=18789) to work on /home/guilherme/Documents/weather_datapipeline/airflow_weather/venv/lib/python3.10/site-packages/airflow/example_dags/example_xcom.py
[2023-05-19 18:20:40,947] {processor.py:641} INFO - Processing file /home/guilherme/Documents/weather_datapipeline/airflow_weather/venv/lib/python3.10/site-packages/airflow/example_dags/example_xcom.py for tasks to queue
[2023-05-19 18:20:40,947] {logging_mixin.py:115} INFO - [2023-05-19 18:20:40,947] {dagbag.py:507} INFO - Filling up the DagBag from /home/guilherme/Documents/weather_datapipeline/airflow_weather/venv/lib/python3.10/site-packages/airflow/example_dags/example_xcom.py
[2023-05-19 18:20:40,958] {processor.py:651} INFO - DAG(s) dict_keys(['example_xcom']) retrieved from /home/guilherme/Documents/weather_datapipeline/airflow_weather/venv/lib/python3.10/site-packages/airflow/example_dags/example_xcom.py
[2023-05-19 18:20:40,967] {logging_mixin.py:115} INFO - [2023-05-19 18:20:40,967] {dag.py:2379} INFO - Sync 1 DAGs
[2023-05-19 18:20:40,977] {logging_mixin.py:115} INFO - [2023-05-19 18:20:40,977] {dag.py:2927} INFO - Setting next_dagrun for example_xcom to 2021-01-01T00:00:00+00:00, run_after=2021-01-01T00:00:00+00:00
[2023-05-19 18:20:40,985] {processor.py:161} INFO - Processing /home/guilherme/Documents/weather_datapipeline/airflow_weather/venv/lib/python3.10/site-packages/airflow/example_dags/example_xcom.py took 0.040 seconds
[2023-05-19 18:21:13,930] {processor.py:153} INFO - Started process (PID=19022) to work on /home/guilherme/Documents/weather_datapipeline/airflow_weather/venv/lib/python3.10/site-packages/airflow/example_dags/example_xcom.py
[2023-05-19 18:21:13,930] {processor.py:641} INFO - Processing file /home/guilherme/Documents/weather_datapipeline/airflow_weather/venv/lib/python3.10/site-packages/airflow/example_dags/example_xcom.py for tasks to queue
[2023-05-19 18:21:13,931] {logging_mixin.py:115} INFO - [2023-05-19 18:21:13,931] {dagbag.py:507} INFO - Filling up the DagBag from /home/guilherme/Documents/weather_datapipeline/airflow_weather/venv/lib/python3.10/site-packages/airflow/example_dags/example_xcom.py
[2023-05-19 18:21:13,942] {processor.py:651} INFO - DAG(s) dict_keys(['example_xcom']) retrieved from /home/guilherme/Documents/weather_datapipeline/airflow_weather/venv/lib/python3.10/site-packages/airflow/example_dags/example_xcom.py
[2023-05-19 18:21:13,950] {logging_mixin.py:115} INFO - [2023-05-19 18:21:13,950] {dag.py:2379} INFO - Sync 1 DAGs
[2023-05-19 18:21:13,958] {logging_mixin.py:115} INFO - [2023-05-19 18:21:13,958] {dag.py:2927} INFO - Setting next_dagrun for example_xcom to 2021-01-01T00:00:00+00:00, run_after=2021-01-01T00:00:00+00:00
[2023-05-19 18:21:13,965] {processor.py:161} INFO - Processing /home/guilherme/Documents/weather_datapipeline/airflow_weather/venv/lib/python3.10/site-packages/airflow/example_dags/example_xcom.py took 0.036 seconds
[2023-05-19 18:21:46,466] {processor.py:153} INFO - Started process (PID=19197) to work on /home/guilherme/Documents/weather_datapipeline/airflow_weather/venv/lib/python3.10/site-packages/airflow/example_dags/example_xcom.py
[2023-05-19 18:21:46,466] {processor.py:641} INFO - Processing file /home/guilherme/Documents/weather_datapipeline/airflow_weather/venv/lib/python3.10/site-packages/airflow/example_dags/example_xcom.py for tasks to queue
[2023-05-19 18:21:46,467] {logging_mixin.py:115} INFO - [2023-05-19 18:21:46,467] {dagbag.py:507} INFO - Filling up the DagBag from /home/guilherme/Documents/weather_datapipeline/airflow_weather/venv/lib/python3.10/site-packages/airflow/example_dags/example_xcom.py
[2023-05-19 18:21:46,477] {processor.py:651} INFO - DAG(s) dict_keys(['example_xcom']) retrieved from /home/guilherme/Documents/weather_datapipeline/airflow_weather/venv/lib/python3.10/site-packages/airflow/example_dags/example_xcom.py
[2023-05-19 18:21:46,485] {logging_mixin.py:115} INFO - [2023-05-19 18:21:46,485] {dag.py:2379} INFO - Sync 1 DAGs
[2023-05-19 18:21:46,493] {logging_mixin.py:115} INFO - [2023-05-19 18:21:46,493] {dag.py:2927} INFO - Setting next_dagrun for example_xcom to 2021-01-01T00:00:00+00:00, run_after=2021-01-01T00:00:00+00:00
[2023-05-19 18:21:46,500] {processor.py:161} INFO - Processing /home/guilherme/Documents/weather_datapipeline/airflow_weather/venv/lib/python3.10/site-packages/airflow/example_dags/example_xcom.py took 0.035 seconds
[2023-05-19 18:22:18,981] {processor.py:153} INFO - Started process (PID=19406) to work on /home/guilherme/Documents/weather_datapipeline/airflow_weather/venv/lib/python3.10/site-packages/airflow/example_dags/example_xcom.py
[2023-05-19 18:22:18,982] {processor.py:641} INFO - Processing file /home/guilherme/Documents/weather_datapipeline/airflow_weather/venv/lib/python3.10/site-packages/airflow/example_dags/example_xcom.py for tasks to queue
[2023-05-19 18:22:18,982] {logging_mixin.py:115} INFO - [2023-05-19 18:22:18,982] {dagbag.py:507} INFO - Filling up the DagBag from /home/guilherme/Documents/weather_datapipeline/airflow_weather/venv/lib/python3.10/site-packages/airflow/example_dags/example_xcom.py
[2023-05-19 18:22:18,999] {processor.py:651} INFO - DAG(s) dict_keys(['example_xcom']) retrieved from /home/guilherme/Documents/weather_datapipeline/airflow_weather/venv/lib/python3.10/site-packages/airflow/example_dags/example_xcom.py
[2023-05-19 18:22:19,010] {logging_mixin.py:115} INFO - [2023-05-19 18:22:19,010] {dag.py:2379} INFO - Sync 1 DAGs
[2023-05-19 18:22:19,024] {logging_mixin.py:115} INFO - [2023-05-19 18:22:19,024] {dag.py:2927} INFO - Setting next_dagrun for example_xcom to 2021-01-01T00:00:00+00:00, run_after=2021-01-01T00:00:00+00:00
[2023-05-19 18:22:19,034] {processor.py:161} INFO - Processing /home/guilherme/Documents/weather_datapipeline/airflow_weather/venv/lib/python3.10/site-packages/airflow/example_dags/example_xcom.py took 0.056 seconds
[2023-05-19 18:22:50,295] {processor.py:153} INFO - Started process (PID=19616) to work on /home/guilherme/Documents/weather_datapipeline/airflow_weather/venv/lib/python3.10/site-packages/airflow/example_dags/example_xcom.py
[2023-05-19 18:22:50,296] {processor.py:641} INFO - Processing file /home/guilherme/Documents/weather_datapipeline/airflow_weather/venv/lib/python3.10/site-packages/airflow/example_dags/example_xcom.py for tasks to queue
[2023-05-19 18:22:50,296] {logging_mixin.py:115} INFO - [2023-05-19 18:22:50,296] {dagbag.py:507} INFO - Filling up the DagBag from /home/guilherme/Documents/weather_datapipeline/airflow_weather/venv/lib/python3.10/site-packages/airflow/example_dags/example_xcom.py
[2023-05-19 18:22:50,308] {processor.py:651} INFO - DAG(s) dict_keys(['example_xcom']) retrieved from /home/guilherme/Documents/weather_datapipeline/airflow_weather/venv/lib/python3.10/site-packages/airflow/example_dags/example_xcom.py
[2023-05-19 18:22:50,317] {logging_mixin.py:115} INFO - [2023-05-19 18:22:50,317] {dag.py:2379} INFO - Sync 1 DAGs
[2023-05-19 18:22:50,327] {logging_mixin.py:115} INFO - [2023-05-19 18:22:50,327] {dag.py:2927} INFO - Setting next_dagrun for example_xcom to 2021-01-01T00:00:00+00:00, run_after=2021-01-01T00:00:00+00:00
[2023-05-19 18:22:50,334] {processor.py:161} INFO - Processing /home/guilherme/Documents/weather_datapipeline/airflow_weather/venv/lib/python3.10/site-packages/airflow/example_dags/example_xcom.py took 0.042 seconds
[2023-05-19 18:23:23,949] {processor.py:153} INFO - Started process (PID=19811) to work on /home/guilherme/Documents/weather_datapipeline/airflow_weather/venv/lib/python3.10/site-packages/airflow/example_dags/example_xcom.py
[2023-05-19 18:23:23,949] {processor.py:641} INFO - Processing file /home/guilherme/Documents/weather_datapipeline/airflow_weather/venv/lib/python3.10/site-packages/airflow/example_dags/example_xcom.py for tasks to queue
[2023-05-19 18:23:23,949] {logging_mixin.py:115} INFO - [2023-05-19 18:23:23,949] {dagbag.py:507} INFO - Filling up the DagBag from /home/guilherme/Documents/weather_datapipeline/airflow_weather/venv/lib/python3.10/site-packages/airflow/example_dags/example_xcom.py
[2023-05-19 18:23:23,961] {processor.py:651} INFO - DAG(s) dict_keys(['example_xcom']) retrieved from /home/guilherme/Documents/weather_datapipeline/airflow_weather/venv/lib/python3.10/site-packages/airflow/example_dags/example_xcom.py
[2023-05-19 18:23:23,970] {logging_mixin.py:115} INFO - [2023-05-19 18:23:23,970] {dag.py:2379} INFO - Sync 1 DAGs
[2023-05-19 18:23:23,980] {logging_mixin.py:115} INFO - [2023-05-19 18:23:23,980] {dag.py:2927} INFO - Setting next_dagrun for example_xcom to 2021-01-01T00:00:00+00:00, run_after=2021-01-01T00:00:00+00:00
[2023-05-19 18:23:23,986] {processor.py:161} INFO - Processing /home/guilherme/Documents/weather_datapipeline/airflow_weather/venv/lib/python3.10/site-packages/airflow/example_dags/example_xcom.py took 0.039 seconds
[2023-05-19 18:23:54,739] {processor.py:153} INFO - Started process (PID=19994) to work on /home/guilherme/Documents/weather_datapipeline/airflow_weather/venv/lib/python3.10/site-packages/airflow/example_dags/example_xcom.py
[2023-05-19 18:23:54,739] {processor.py:641} INFO - Processing file /home/guilherme/Documents/weather_datapipeline/airflow_weather/venv/lib/python3.10/site-packages/airflow/example_dags/example_xcom.py for tasks to queue
[2023-05-19 18:23:54,740] {logging_mixin.py:115} INFO - [2023-05-19 18:23:54,740] {dagbag.py:507} INFO - Filling up the DagBag from /home/guilherme/Documents/weather_datapipeline/airflow_weather/venv/lib/python3.10/site-packages/airflow/example_dags/example_xcom.py
[2023-05-19 18:23:54,753] {processor.py:651} INFO - DAG(s) dict_keys(['example_xcom']) retrieved from /home/guilherme/Documents/weather_datapipeline/airflow_weather/venv/lib/python3.10/site-packages/airflow/example_dags/example_xcom.py
[2023-05-19 18:23:54,763] {logging_mixin.py:115} INFO - [2023-05-19 18:23:54,763] {dag.py:2379} INFO - Sync 1 DAGs
[2023-05-19 18:23:54,771] {logging_mixin.py:115} INFO - [2023-05-19 18:23:54,771] {dag.py:2927} INFO - Setting next_dagrun for example_xcom to 2021-01-01T00:00:00+00:00, run_after=2021-01-01T00:00:00+00:00
[2023-05-19 18:23:54,780] {processor.py:161} INFO - Processing /home/guilherme/Documents/weather_datapipeline/airflow_weather/venv/lib/python3.10/site-packages/airflow/example_dags/example_xcom.py took 0.043 seconds
[2023-05-19 18:24:27,801] {processor.py:153} INFO - Started process (PID=20106) to work on /home/guilherme/Documents/weather_datapipeline/airflow_weather/venv/lib/python3.10/site-packages/airflow/example_dags/example_xcom.py
[2023-05-19 18:24:27,802] {processor.py:641} INFO - Processing file /home/guilherme/Documents/weather_datapipeline/airflow_weather/venv/lib/python3.10/site-packages/airflow/example_dags/example_xcom.py for tasks to queue
[2023-05-19 18:24:27,802] {logging_mixin.py:115} INFO - [2023-05-19 18:24:27,802] {dagbag.py:507} INFO - Filling up the DagBag from /home/guilherme/Documents/weather_datapipeline/airflow_weather/venv/lib/python3.10/site-packages/airflow/example_dags/example_xcom.py
[2023-05-19 18:24:27,817] {processor.py:651} INFO - DAG(s) dict_keys(['example_xcom']) retrieved from /home/guilherme/Documents/weather_datapipeline/airflow_weather/venv/lib/python3.10/site-packages/airflow/example_dags/example_xcom.py
[2023-05-19 18:24:27,851] {logging_mixin.py:115} INFO - [2023-05-19 18:24:27,851] {dag.py:2379} INFO - Sync 1 DAGs
[2023-05-19 18:24:27,861] {logging_mixin.py:115} INFO - [2023-05-19 18:24:27,861] {dag.py:2927} INFO - Setting next_dagrun for example_xcom to 2021-01-01T00:00:00+00:00, run_after=2021-01-01T00:00:00+00:00
[2023-05-19 18:24:27,870] {processor.py:161} INFO - Processing /home/guilherme/Documents/weather_datapipeline/airflow_weather/venv/lib/python3.10/site-packages/airflow/example_dags/example_xcom.py took 0.071 seconds
[2023-05-19 18:25:01,412] {processor.py:153} INFO - Started process (PID=20144) to work on /home/guilherme/Documents/weather_datapipeline/airflow_weather/venv/lib/python3.10/site-packages/airflow/example_dags/example_xcom.py
[2023-05-19 18:25:01,412] {processor.py:641} INFO - Processing file /home/guilherme/Documents/weather_datapipeline/airflow_weather/venv/lib/python3.10/site-packages/airflow/example_dags/example_xcom.py for tasks to queue
[2023-05-19 18:25:01,413] {logging_mixin.py:115} INFO - [2023-05-19 18:25:01,413] {dagbag.py:507} INFO - Filling up the DagBag from /home/guilherme/Documents/weather_datapipeline/airflow_weather/venv/lib/python3.10/site-packages/airflow/example_dags/example_xcom.py
[2023-05-19 18:25:01,424] {processor.py:651} INFO - DAG(s) dict_keys(['example_xcom']) retrieved from /home/guilherme/Documents/weather_datapipeline/airflow_weather/venv/lib/python3.10/site-packages/airflow/example_dags/example_xcom.py
[2023-05-19 18:25:01,432] {logging_mixin.py:115} INFO - [2023-05-19 18:25:01,432] {dag.py:2379} INFO - Sync 1 DAGs
[2023-05-19 18:25:01,440] {logging_mixin.py:115} INFO - [2023-05-19 18:25:01,440] {dag.py:2927} INFO - Setting next_dagrun for example_xcom to 2021-01-01T00:00:00+00:00, run_after=2021-01-01T00:00:00+00:00
[2023-05-19 18:25:01,447] {processor.py:161} INFO - Processing /home/guilherme/Documents/weather_datapipeline/airflow_weather/venv/lib/python3.10/site-packages/airflow/example_dags/example_xcom.py took 0.037 seconds
[2023-05-19 18:25:33,333] {processor.py:153} INFO - Started process (PID=20179) to work on /home/guilherme/Documents/weather_datapipeline/airflow_weather/venv/lib/python3.10/site-packages/airflow/example_dags/example_xcom.py
[2023-05-19 18:25:33,333] {processor.py:641} INFO - Processing file /home/guilherme/Documents/weather_datapipeline/airflow_weather/venv/lib/python3.10/site-packages/airflow/example_dags/example_xcom.py for tasks to queue
[2023-05-19 18:25:33,333] {logging_mixin.py:115} INFO - [2023-05-19 18:25:33,333] {dagbag.py:507} INFO - Filling up the DagBag from /home/guilherme/Documents/weather_datapipeline/airflow_weather/venv/lib/python3.10/site-packages/airflow/example_dags/example_xcom.py
[2023-05-19 18:25:33,345] {processor.py:651} INFO - DAG(s) dict_keys(['example_xcom']) retrieved from /home/guilherme/Documents/weather_datapipeline/airflow_weather/venv/lib/python3.10/site-packages/airflow/example_dags/example_xcom.py
[2023-05-19 18:25:33,353] {logging_mixin.py:115} INFO - [2023-05-19 18:25:33,352] {dag.py:2379} INFO - Sync 1 DAGs
[2023-05-19 18:25:33,361] {logging_mixin.py:115} INFO - [2023-05-19 18:25:33,361] {dag.py:2927} INFO - Setting next_dagrun for example_xcom to 2021-01-01T00:00:00+00:00, run_after=2021-01-01T00:00:00+00:00
[2023-05-19 18:25:33,366] {processor.py:161} INFO - Processing /home/guilherme/Documents/weather_datapipeline/airflow_weather/venv/lib/python3.10/site-packages/airflow/example_dags/example_xcom.py took 0.035 seconds
[2023-05-19 18:26:05,568] {processor.py:153} INFO - Started process (PID=20331) to work on /home/guilherme/Documents/weather_datapipeline/airflow_weather/venv/lib/python3.10/site-packages/airflow/example_dags/example_xcom.py
[2023-05-19 18:26:05,569] {processor.py:641} INFO - Processing file /home/guilherme/Documents/weather_datapipeline/airflow_weather/venv/lib/python3.10/site-packages/airflow/example_dags/example_xcom.py for tasks to queue
[2023-05-19 18:26:05,569] {logging_mixin.py:115} INFO - [2023-05-19 18:26:05,569] {dagbag.py:507} INFO - Filling up the DagBag from /home/guilherme/Documents/weather_datapipeline/airflow_weather/venv/lib/python3.10/site-packages/airflow/example_dags/example_xcom.py
[2023-05-19 18:26:05,580] {processor.py:651} INFO - DAG(s) dict_keys(['example_xcom']) retrieved from /home/guilherme/Documents/weather_datapipeline/airflow_weather/venv/lib/python3.10/site-packages/airflow/example_dags/example_xcom.py
[2023-05-19 18:26:05,587] {logging_mixin.py:115} INFO - [2023-05-19 18:26:05,587] {dag.py:2379} INFO - Sync 1 DAGs
[2023-05-19 18:26:05,595] {logging_mixin.py:115} INFO - [2023-05-19 18:26:05,595] {dag.py:2927} INFO - Setting next_dagrun for example_xcom to 2021-01-01T00:00:00+00:00, run_after=2021-01-01T00:00:00+00:00
[2023-05-19 18:26:05,601] {processor.py:161} INFO - Processing /home/guilherme/Documents/weather_datapipeline/airflow_weather/venv/lib/python3.10/site-packages/airflow/example_dags/example_xcom.py took 0.034 seconds
[2023-05-19 18:26:38,897] {processor.py:153} INFO - Started process (PID=20486) to work on /home/guilherme/Documents/weather_datapipeline/airflow_weather/venv/lib/python3.10/site-packages/airflow/example_dags/example_xcom.py
[2023-05-19 18:26:38,898] {processor.py:641} INFO - Processing file /home/guilherme/Documents/weather_datapipeline/airflow_weather/venv/lib/python3.10/site-packages/airflow/example_dags/example_xcom.py for tasks to queue
[2023-05-19 18:26:38,898] {logging_mixin.py:115} INFO - [2023-05-19 18:26:38,898] {dagbag.py:507} INFO - Filling up the DagBag from /home/guilherme/Documents/weather_datapipeline/airflow_weather/venv/lib/python3.10/site-packages/airflow/example_dags/example_xcom.py
[2023-05-19 18:26:38,911] {processor.py:651} INFO - DAG(s) dict_keys(['example_xcom']) retrieved from /home/guilherme/Documents/weather_datapipeline/airflow_weather/venv/lib/python3.10/site-packages/airflow/example_dags/example_xcom.py
[2023-05-19 18:26:38,918] {logging_mixin.py:115} INFO - [2023-05-19 18:26:38,918] {dag.py:2379} INFO - Sync 1 DAGs
[2023-05-19 18:26:38,927] {logging_mixin.py:115} INFO - [2023-05-19 18:26:38,927] {dag.py:2927} INFO - Setting next_dagrun for example_xcom to 2021-01-01T00:00:00+00:00, run_after=2021-01-01T00:00:00+00:00
[2023-05-19 18:26:38,933] {processor.py:161} INFO - Processing /home/guilherme/Documents/weather_datapipeline/airflow_weather/venv/lib/python3.10/site-packages/airflow/example_dags/example_xcom.py took 0.038 seconds
[2023-05-19 18:27:09,652] {processor.py:153} INFO - Started process (PID=20619) to work on /home/guilherme/Documents/weather_datapipeline/airflow_weather/venv/lib/python3.10/site-packages/airflow/example_dags/example_xcom.py
[2023-05-19 18:27:09,652] {processor.py:641} INFO - Processing file /home/guilherme/Documents/weather_datapipeline/airflow_weather/venv/lib/python3.10/site-packages/airflow/example_dags/example_xcom.py for tasks to queue
[2023-05-19 18:27:09,652] {logging_mixin.py:115} INFO - [2023-05-19 18:27:09,652] {dagbag.py:507} INFO - Filling up the DagBag from /home/guilherme/Documents/weather_datapipeline/airflow_weather/venv/lib/python3.10/site-packages/airflow/example_dags/example_xcom.py
[2023-05-19 18:27:09,663] {processor.py:651} INFO - DAG(s) dict_keys(['example_xcom']) retrieved from /home/guilherme/Documents/weather_datapipeline/airflow_weather/venv/lib/python3.10/site-packages/airflow/example_dags/example_xcom.py
[2023-05-19 18:27:09,671] {logging_mixin.py:115} INFO - [2023-05-19 18:27:09,671] {dag.py:2379} INFO - Sync 1 DAGs
[2023-05-19 18:27:09,679] {logging_mixin.py:115} INFO - [2023-05-19 18:27:09,679] {dag.py:2927} INFO - Setting next_dagrun for example_xcom to 2021-01-01T00:00:00+00:00, run_after=2021-01-01T00:00:00+00:00
[2023-05-19 18:27:09,685] {processor.py:161} INFO - Processing /home/guilherme/Documents/weather_datapipeline/airflow_weather/venv/lib/python3.10/site-packages/airflow/example_dags/example_xcom.py took 0.035 seconds
[2023-05-19 18:27:44,179] {processor.py:153} INFO - Started process (PID=20689) to work on /home/guilherme/Documents/weather_datapipeline/airflow_weather/venv/lib/python3.10/site-packages/airflow/example_dags/example_xcom.py
[2023-05-19 18:27:44,179] {processor.py:641} INFO - Processing file /home/guilherme/Documents/weather_datapipeline/airflow_weather/venv/lib/python3.10/site-packages/airflow/example_dags/example_xcom.py for tasks to queue
[2023-05-19 18:27:44,180] {logging_mixin.py:115} INFO - [2023-05-19 18:27:44,180] {dagbag.py:507} INFO - Filling up the DagBag from /home/guilherme/Documents/weather_datapipeline/airflow_weather/venv/lib/python3.10/site-packages/airflow/example_dags/example_xcom.py
[2023-05-19 18:27:44,191] {processor.py:651} INFO - DAG(s) dict_keys(['example_xcom']) retrieved from /home/guilherme/Documents/weather_datapipeline/airflow_weather/venv/lib/python3.10/site-packages/airflow/example_dags/example_xcom.py
[2023-05-19 18:27:44,211] {logging_mixin.py:115} INFO - [2023-05-19 18:27:44,211] {dag.py:2379} INFO - Sync 1 DAGs
[2023-05-19 18:27:44,218] {logging_mixin.py:115} INFO - [2023-05-19 18:27:44,218] {dag.py:2927} INFO - Setting next_dagrun for example_xcom to 2021-01-01T00:00:00+00:00, run_after=2021-01-01T00:00:00+00:00
[2023-05-19 18:27:44,225] {processor.py:161} INFO - Processing /home/guilherme/Documents/weather_datapipeline/airflow_weather/venv/lib/python3.10/site-packages/airflow/example_dags/example_xcom.py took 0.048 seconds
[2023-05-19 18:28:16,078] {processor.py:153} INFO - Started process (PID=20759) to work on /home/guilherme/Documents/weather_datapipeline/airflow_weather/venv/lib/python3.10/site-packages/airflow/example_dags/example_xcom.py
[2023-05-19 18:28:16,079] {processor.py:641} INFO - Processing file /home/guilherme/Documents/weather_datapipeline/airflow_weather/venv/lib/python3.10/site-packages/airflow/example_dags/example_xcom.py for tasks to queue
[2023-05-19 18:28:16,079] {logging_mixin.py:115} INFO - [2023-05-19 18:28:16,079] {dagbag.py:507} INFO - Filling up the DagBag from /home/guilherme/Documents/weather_datapipeline/airflow_weather/venv/lib/python3.10/site-packages/airflow/example_dags/example_xcom.py
[2023-05-19 18:28:16,090] {processor.py:651} INFO - DAG(s) dict_keys(['example_xcom']) retrieved from /home/guilherme/Documents/weather_datapipeline/airflow_weather/venv/lib/python3.10/site-packages/airflow/example_dags/example_xcom.py
[2023-05-19 18:28:16,112] {logging_mixin.py:115} INFO - [2023-05-19 18:28:16,112] {dag.py:2379} INFO - Sync 1 DAGs
[2023-05-19 18:28:16,119] {logging_mixin.py:115} INFO - [2023-05-19 18:28:16,119] {dag.py:2927} INFO - Setting next_dagrun for example_xcom to 2021-01-01T00:00:00+00:00, run_after=2021-01-01T00:00:00+00:00
[2023-05-19 18:28:16,126] {processor.py:161} INFO - Processing /home/guilherme/Documents/weather_datapipeline/airflow_weather/venv/lib/python3.10/site-packages/airflow/example_dags/example_xcom.py took 0.050 seconds
