[2023-05-19 17:59:49,544] {processor.py:153} INFO - Started process (PID=11086) to work on /home/guilherme/Documents/weather_datapipeline/airflow_weather/venv/lib/python3.10/site-packages/airflow/example_dags/example_dag_decorator.py
[2023-05-19 17:59:49,544] {processor.py:641} INFO - Processing file /home/guilherme/Documents/weather_datapipeline/airflow_weather/venv/lib/python3.10/site-packages/airflow/example_dags/example_dag_decorator.py for tasks to queue
[2023-05-19 17:59:49,544] {logging_mixin.py:115} INFO - [2023-05-19 17:59:49,544] {dagbag.py:507} INFO - Filling up the DagBag from /home/guilherme/Documents/weather_datapipeline/airflow_weather/venv/lib/python3.10/site-packages/airflow/example_dags/example_dag_decorator.py
[2023-05-19 17:59:49,560] {processor.py:651} INFO - DAG(s) dict_keys(['example_dag_decorator']) retrieved from /home/guilherme/Documents/weather_datapipeline/airflow_weather/venv/lib/python3.10/site-packages/airflow/example_dags/example_dag_decorator.py
[2023-05-19 17:59:49,589] {logging_mixin.py:115} INFO - [2023-05-19 17:59:49,589] {manager.py:508} INFO - Created Permission View: can edit on DAG:example_dag_decorator
[2023-05-19 17:59:49,594] {logging_mixin.py:115} INFO - [2023-05-19 17:59:49,594] {manager.py:508} INFO - Created Permission View: can delete on DAG:example_dag_decorator
[2023-05-19 17:59:49,598] {logging_mixin.py:115} INFO - [2023-05-19 17:59:49,598] {manager.py:508} INFO - Created Permission View: can read on DAG:example_dag_decorator
[2023-05-19 17:59:49,599] {logging_mixin.py:115} INFO - [2023-05-19 17:59:49,598] {dag.py:2379} INFO - Sync 1 DAGs
[2023-05-19 17:59:49,602] {logging_mixin.py:115} INFO - [2023-05-19 17:59:49,602] {dag.py:2398} INFO - Creating ORM DAG for example_dag_decorator
[2023-05-19 17:59:49,607] {logging_mixin.py:115} INFO - [2023-05-19 17:59:49,607] {dag.py:2927} INFO - Setting next_dagrun for example_dag_decorator to None, run_after=None
[2023-05-19 17:59:49,615] {processor.py:161} INFO - Processing /home/guilherme/Documents/weather_datapipeline/airflow_weather/venv/lib/python3.10/site-packages/airflow/example_dags/example_dag_decorator.py took 0.073 seconds
[2023-05-19 18:00:23,710] {processor.py:153} INFO - Started process (PID=11168) to work on /home/guilherme/Documents/weather_datapipeline/airflow_weather/venv/lib/python3.10/site-packages/airflow/example_dags/example_dag_decorator.py
[2023-05-19 18:00:23,710] {processor.py:641} INFO - Processing file /home/guilherme/Documents/weather_datapipeline/airflow_weather/venv/lib/python3.10/site-packages/airflow/example_dags/example_dag_decorator.py for tasks to queue
[2023-05-19 18:00:23,711] {logging_mixin.py:115} INFO - [2023-05-19 18:00:23,710] {dagbag.py:507} INFO - Filling up the DagBag from /home/guilherme/Documents/weather_datapipeline/airflow_weather/venv/lib/python3.10/site-packages/airflow/example_dags/example_dag_decorator.py
[2023-05-19 18:00:23,724] {processor.py:651} INFO - DAG(s) dict_keys(['example_dag_decorator']) retrieved from /home/guilherme/Documents/weather_datapipeline/airflow_weather/venv/lib/python3.10/site-packages/airflow/example_dags/example_dag_decorator.py
[2023-05-19 18:00:23,745] {logging_mixin.py:115} INFO - [2023-05-19 18:00:23,745] {dag.py:2379} INFO - Sync 1 DAGs
[2023-05-19 18:00:23,752] {logging_mixin.py:115} INFO - [2023-05-19 18:00:23,752] {dag.py:2927} INFO - Setting next_dagrun for example_dag_decorator to None, run_after=None
[2023-05-19 18:00:23,760] {processor.py:161} INFO - Processing /home/guilherme/Documents/weather_datapipeline/airflow_weather/venv/lib/python3.10/site-packages/airflow/example_dags/example_dag_decorator.py took 0.051 seconds
[2023-05-19 18:00:56,071] {processor.py:153} INFO - Started process (PID=11262) to work on /home/guilherme/Documents/weather_datapipeline/airflow_weather/venv/lib/python3.10/site-packages/airflow/example_dags/example_dag_decorator.py
[2023-05-19 18:00:56,072] {processor.py:641} INFO - Processing file /home/guilherme/Documents/weather_datapipeline/airflow_weather/venv/lib/python3.10/site-packages/airflow/example_dags/example_dag_decorator.py for tasks to queue
[2023-05-19 18:00:56,072] {logging_mixin.py:115} INFO - [2023-05-19 18:00:56,072] {dagbag.py:507} INFO - Filling up the DagBag from /home/guilherme/Documents/weather_datapipeline/airflow_weather/venv/lib/python3.10/site-packages/airflow/example_dags/example_dag_decorator.py
[2023-05-19 18:00:56,089] {processor.py:651} INFO - DAG(s) dict_keys(['example_dag_decorator']) retrieved from /home/guilherme/Documents/weather_datapipeline/airflow_weather/venv/lib/python3.10/site-packages/airflow/example_dags/example_dag_decorator.py
[2023-05-19 18:00:56,098] {logging_mixin.py:115} INFO - [2023-05-19 18:00:56,098] {dag.py:2379} INFO - Sync 1 DAGs
[2023-05-19 18:00:56,108] {logging_mixin.py:115} INFO - [2023-05-19 18:00:56,108] {dag.py:2927} INFO - Setting next_dagrun for example_dag_decorator to None, run_after=None
[2023-05-19 18:00:56,126] {processor.py:161} INFO - Processing /home/guilherme/Documents/weather_datapipeline/airflow_weather/venv/lib/python3.10/site-packages/airflow/example_dags/example_dag_decorator.py took 0.057 seconds
[2023-05-19 18:01:26,987] {processor.py:153} INFO - Started process (PID=11303) to work on /home/guilherme/Documents/weather_datapipeline/airflow_weather/venv/lib/python3.10/site-packages/airflow/example_dags/example_dag_decorator.py
[2023-05-19 18:01:26,988] {processor.py:641} INFO - Processing file /home/guilherme/Documents/weather_datapipeline/airflow_weather/venv/lib/python3.10/site-packages/airflow/example_dags/example_dag_decorator.py for tasks to queue
[2023-05-19 18:01:26,988] {logging_mixin.py:115} INFO - [2023-05-19 18:01:26,988] {dagbag.py:507} INFO - Filling up the DagBag from /home/guilherme/Documents/weather_datapipeline/airflow_weather/venv/lib/python3.10/site-packages/airflow/example_dags/example_dag_decorator.py
[2023-05-19 18:01:27,001] {processor.py:651} INFO - DAG(s) dict_keys(['example_dag_decorator']) retrieved from /home/guilherme/Documents/weather_datapipeline/airflow_weather/venv/lib/python3.10/site-packages/airflow/example_dags/example_dag_decorator.py
[2023-05-19 18:01:27,022] {logging_mixin.py:115} INFO - [2023-05-19 18:01:27,022] {dag.py:2379} INFO - Sync 1 DAGs
[2023-05-19 18:01:27,030] {logging_mixin.py:115} INFO - [2023-05-19 18:01:27,030] {dag.py:2927} INFO - Setting next_dagrun for example_dag_decorator to None, run_after=None
[2023-05-19 18:01:27,037] {processor.py:161} INFO - Processing /home/guilherme/Documents/weather_datapipeline/airflow_weather/venv/lib/python3.10/site-packages/airflow/example_dags/example_dag_decorator.py took 0.051 seconds
