[2023-05-19 17:59:48,918] {processor.py:153} INFO - Started process (PID=11085) to work on /home/guilherme/Documents/weather_datapipeline/airflow_weather/venv/lib/python3.10/site-packages/airflow/example_dags/example_latest_only.py
[2023-05-19 17:59:48,919] {processor.py:641} INFO - Processing file /home/guilherme/Documents/weather_datapipeline/airflow_weather/venv/lib/python3.10/site-packages/airflow/example_dags/example_latest_only.py for tasks to queue
[2023-05-19 17:59:48,919] {logging_mixin.py:115} INFO - [2023-05-19 17:59:48,919] {dagbag.py:507} INFO - Filling up the DagBag from /home/guilherme/Documents/weather_datapipeline/airflow_weather/venv/lib/python3.10/site-packages/airflow/example_dags/example_latest_only.py
[2023-05-19 17:59:48,922] {processor.py:651} INFO - DAG(s) dict_keys(['latest_only']) retrieved from /home/guilherme/Documents/weather_datapipeline/airflow_weather/venv/lib/python3.10/site-packages/airflow/example_dags/example_latest_only.py
[2023-05-19 17:59:48,955] {logging_mixin.py:115} INFO - [2023-05-19 17:59:48,955] {manager.py:508} INFO - Created Permission View: can edit on DAG:latest_only
[2023-05-19 17:59:48,960] {logging_mixin.py:115} INFO - [2023-05-19 17:59:48,960] {manager.py:508} INFO - Created Permission View: can delete on DAG:latest_only
[2023-05-19 17:59:48,964] {logging_mixin.py:115} INFO - [2023-05-19 17:59:48,964] {manager.py:508} INFO - Created Permission View: can read on DAG:latest_only
[2023-05-19 17:59:48,964] {logging_mixin.py:115} INFO - [2023-05-19 17:59:48,964] {dag.py:2379} INFO - Sync 1 DAGs
[2023-05-19 17:59:48,968] {logging_mixin.py:115} INFO - [2023-05-19 17:59:48,968] {dag.py:2398} INFO - Creating ORM DAG for latest_only
[2023-05-19 17:59:48,972] {logging_mixin.py:115} INFO - [2023-05-19 17:59:48,972] {dag.py:2927} INFO - Setting next_dagrun for latest_only to 2023-05-19T16:59:48.972445+00:00, run_after=2023-05-19T20:59:48.972445+00:00
[2023-05-19 17:59:48,979] {processor.py:161} INFO - Processing /home/guilherme/Documents/weather_datapipeline/airflow_weather/venv/lib/python3.10/site-packages/airflow/example_dags/example_latest_only.py took 0.063 seconds
[2023-05-19 18:00:22,585] {processor.py:153} INFO - Started process (PID=11167) to work on /home/guilherme/Documents/weather_datapipeline/airflow_weather/venv/lib/python3.10/site-packages/airflow/example_dags/example_latest_only.py
[2023-05-19 18:00:22,586] {processor.py:641} INFO - Processing file /home/guilherme/Documents/weather_datapipeline/airflow_weather/venv/lib/python3.10/site-packages/airflow/example_dags/example_latest_only.py for tasks to queue
[2023-05-19 18:00:22,586] {logging_mixin.py:115} INFO - [2023-05-19 18:00:22,586] {dagbag.py:507} INFO - Filling up the DagBag from /home/guilherme/Documents/weather_datapipeline/airflow_weather/venv/lib/python3.10/site-packages/airflow/example_dags/example_latest_only.py
[2023-05-19 18:00:22,589] {processor.py:651} INFO - DAG(s) dict_keys(['latest_only']) retrieved from /home/guilherme/Documents/weather_datapipeline/airflow_weather/venv/lib/python3.10/site-packages/airflow/example_dags/example_latest_only.py
[2023-05-19 18:00:22,597] {logging_mixin.py:115} INFO - [2023-05-19 18:00:22,597] {dag.py:2379} INFO - Sync 1 DAGs
[2023-05-19 18:00:22,608] {logging_mixin.py:115} INFO - [2023-05-19 18:00:22,608] {dag.py:2927} INFO - Setting next_dagrun for latest_only to 2023-05-19T17:00:22.608108+00:00, run_after=2023-05-19T21:00:22.608108+00:00
[2023-05-19 18:00:22,614] {processor.py:161} INFO - Processing /home/guilherme/Documents/weather_datapipeline/airflow_weather/venv/lib/python3.10/site-packages/airflow/example_dags/example_latest_only.py took 0.031 seconds
[2023-05-19 18:00:54,945] {processor.py:153} INFO - Started process (PID=11261) to work on /home/guilherme/Documents/weather_datapipeline/airflow_weather/venv/lib/python3.10/site-packages/airflow/example_dags/example_latest_only.py
[2023-05-19 18:00:54,945] {processor.py:641} INFO - Processing file /home/guilherme/Documents/weather_datapipeline/airflow_weather/venv/lib/python3.10/site-packages/airflow/example_dags/example_latest_only.py for tasks to queue
[2023-05-19 18:00:54,945] {logging_mixin.py:115} INFO - [2023-05-19 18:00:54,945] {dagbag.py:507} INFO - Filling up the DagBag from /home/guilherme/Documents/weather_datapipeline/airflow_weather/venv/lib/python3.10/site-packages/airflow/example_dags/example_latest_only.py
[2023-05-19 18:00:54,949] {processor.py:651} INFO - DAG(s) dict_keys(['latest_only']) retrieved from /home/guilherme/Documents/weather_datapipeline/airflow_weather/venv/lib/python3.10/site-packages/airflow/example_dags/example_latest_only.py
[2023-05-19 18:00:54,959] {logging_mixin.py:115} INFO - [2023-05-19 18:00:54,959] {dag.py:2379} INFO - Sync 1 DAGs
[2023-05-19 18:00:54,974] {logging_mixin.py:115} INFO - [2023-05-19 18:00:54,974] {dag.py:2927} INFO - Setting next_dagrun for latest_only to 2023-05-19T17:00:54.973846+00:00, run_after=2023-05-19T21:00:54.973846+00:00
[2023-05-19 18:00:54,982] {processor.py:161} INFO - Processing /home/guilherme/Documents/weather_datapipeline/airflow_weather/venv/lib/python3.10/site-packages/airflow/example_dags/example_latest_only.py took 0.040 seconds
[2023-05-19 18:01:26,446] {processor.py:153} INFO - Started process (PID=11302) to work on /home/guilherme/Documents/weather_datapipeline/airflow_weather/venv/lib/python3.10/site-packages/airflow/example_dags/example_latest_only.py
[2023-05-19 18:01:26,447] {processor.py:641} INFO - Processing file /home/guilherme/Documents/weather_datapipeline/airflow_weather/venv/lib/python3.10/site-packages/airflow/example_dags/example_latest_only.py for tasks to queue
[2023-05-19 18:01:26,447] {logging_mixin.py:115} INFO - [2023-05-19 18:01:26,447] {dagbag.py:507} INFO - Filling up the DagBag from /home/guilherme/Documents/weather_datapipeline/airflow_weather/venv/lib/python3.10/site-packages/airflow/example_dags/example_latest_only.py
[2023-05-19 18:01:26,450] {processor.py:651} INFO - DAG(s) dict_keys(['latest_only']) retrieved from /home/guilherme/Documents/weather_datapipeline/airflow_weather/venv/lib/python3.10/site-packages/airflow/example_dags/example_latest_only.py
[2023-05-19 18:01:26,458] {logging_mixin.py:115} INFO - [2023-05-19 18:01:26,458] {dag.py:2379} INFO - Sync 1 DAGs
[2023-05-19 18:01:26,469] {logging_mixin.py:115} INFO - [2023-05-19 18:01:26,469] {dag.py:2927} INFO - Setting next_dagrun for latest_only to 2023-05-19T17:01:26.468955+00:00, run_after=2023-05-19T21:01:26.468955+00:00
[2023-05-19 18:01:26,476] {processor.py:161} INFO - Processing /home/guilherme/Documents/weather_datapipeline/airflow_weather/venv/lib/python3.10/site-packages/airflow/example_dags/example_latest_only.py took 0.031 seconds
