[2023-05-19 17:59:28,665] {processor.py:153} INFO - Started process (PID=11062) to work on /home/guilherme/Documents/weather_datapipeline/airflow_weather/venv/lib/python3.10/site-packages/airflow/example_dags/example_subdag_operator.py
[2023-05-19 17:59:28,665] {processor.py:641} INFO - Processing file /home/guilherme/Documents/weather_datapipeline/airflow_weather/venv/lib/python3.10/site-packages/airflow/example_dags/example_subdag_operator.py for tasks to queue
[2023-05-19 17:59:28,666] {logging_mixin.py:115} INFO - [2023-05-19 17:59:28,666] {dagbag.py:507} INFO - Filling up the DagBag from /home/guilherme/Documents/weather_datapipeline/airflow_weather/venv/lib/python3.10/site-packages/airflow/example_dags/example_subdag_operator.py
[2023-05-19 17:59:28,677] {processor.py:651} INFO - DAG(s) dict_keys(['example_subdag_operator.section-1', 'example_subdag_operator.section-2', 'example_subdag_operator']) retrieved from /home/guilherme/Documents/weather_datapipeline/airflow_weather/venv/lib/python3.10/site-packages/airflow/example_dags/example_subdag_operator.py
[2023-05-19 17:59:28,708] {logging_mixin.py:115} INFO - [2023-05-19 17:59:28,708] {manager.py:508} INFO - Created Permission View: can edit on DAG:example_subdag_operator
[2023-05-19 17:59:28,712] {logging_mixin.py:115} INFO - [2023-05-19 17:59:28,712] {manager.py:508} INFO - Created Permission View: can delete on DAG:example_subdag_operator
[2023-05-19 17:59:28,716] {logging_mixin.py:115} INFO - [2023-05-19 17:59:28,716] {manager.py:508} INFO - Created Permission View: can read on DAG:example_subdag_operator
[2023-05-19 17:59:28,716] {logging_mixin.py:115} INFO - [2023-05-19 17:59:28,716] {dag.py:2379} INFO - Sync 3 DAGs
[2023-05-19 17:59:28,720] {logging_mixin.py:115} INFO - [2023-05-19 17:59:28,719] {dag.py:2398} INFO - Creating ORM DAG for example_subdag_operator.section-2
[2023-05-19 17:59:28,720] {logging_mixin.py:115} INFO - [2023-05-19 17:59:28,720] {dag.py:2398} INFO - Creating ORM DAG for example_subdag_operator
[2023-05-19 17:59:28,720] {logging_mixin.py:115} INFO - [2023-05-19 17:59:28,720] {dag.py:2398} INFO - Creating ORM DAG for example_subdag_operator.section-1
[2023-05-19 17:59:28,738] {logging_mixin.py:115} INFO - [2023-05-19 17:59:28,738] {dag.py:2927} INFO - Setting next_dagrun for example_subdag_operator to 2022-01-01T00:00:00+00:00, run_after=2022-01-01T00:00:00+00:00
[2023-05-19 17:59:28,739] {logging_mixin.py:115} INFO - [2023-05-19 17:59:28,739] {dag.py:2927} INFO - Setting next_dagrun for example_subdag_operator.section-1 to None, run_after=None
[2023-05-19 17:59:28,739] {logging_mixin.py:115} INFO - [2023-05-19 17:59:28,739] {dag.py:2927} INFO - Setting next_dagrun for example_subdag_operator.section-2 to None, run_after=None
[2023-05-19 17:59:28,742] {logging_mixin.py:115} INFO - [2023-05-19 17:59:28,742] {dag.py:2379} INFO - Sync 2 DAGs
[2023-05-19 17:59:28,744] {logging_mixin.py:115} INFO - [2023-05-19 17:59:28,744] {dag.py:2927} INFO - Setting next_dagrun for example_subdag_operator.section-1 to None, run_after=None
[2023-05-19 17:59:28,744] {logging_mixin.py:115} INFO - [2023-05-19 17:59:28,744] {dag.py:2927} INFO - Setting next_dagrun for example_subdag_operator.section-2 to None, run_after=None
[2023-05-19 17:59:28,750] {processor.py:161} INFO - Processing /home/guilherme/Documents/weather_datapipeline/airflow_weather/venv/lib/python3.10/site-packages/airflow/example_dags/example_subdag_operator.py took 0.087 seconds
[2023-05-19 17:59:59,182] {processor.py:153} INFO - Started process (PID=11101) to work on /home/guilherme/Documents/weather_datapipeline/airflow_weather/venv/lib/python3.10/site-packages/airflow/example_dags/example_subdag_operator.py
[2023-05-19 17:59:59,182] {processor.py:641} INFO - Processing file /home/guilherme/Documents/weather_datapipeline/airflow_weather/venv/lib/python3.10/site-packages/airflow/example_dags/example_subdag_operator.py for tasks to queue
[2023-05-19 17:59:59,182] {logging_mixin.py:115} INFO - [2023-05-19 17:59:59,182] {dagbag.py:507} INFO - Filling up the DagBag from /home/guilherme/Documents/weather_datapipeline/airflow_weather/venv/lib/python3.10/site-packages/airflow/example_dags/example_subdag_operator.py
[2023-05-19 17:59:59,193] {processor.py:651} INFO - DAG(s) dict_keys(['example_subdag_operator.section-1', 'example_subdag_operator.section-2', 'example_subdag_operator']) retrieved from /home/guilherme/Documents/weather_datapipeline/airflow_weather/venv/lib/python3.10/site-packages/airflow/example_dags/example_subdag_operator.py
[2023-05-19 17:59:59,204] {logging_mixin.py:115} INFO - [2023-05-19 17:59:59,204] {dag.py:2379} INFO - Sync 3 DAGs
[2023-05-19 17:59:59,213] {logging_mixin.py:115} INFO - [2023-05-19 17:59:59,213] {dag.py:2927} INFO - Setting next_dagrun for example_subdag_operator to 2022-01-01T00:00:00+00:00, run_after=2022-01-01T00:00:00+00:00
[2023-05-19 17:59:59,213] {logging_mixin.py:115} INFO - [2023-05-19 17:59:59,213] {dag.py:2927} INFO - Setting next_dagrun for example_subdag_operator.section-1 to None, run_after=None
[2023-05-19 17:59:59,213] {logging_mixin.py:115} INFO - [2023-05-19 17:59:59,213] {dag.py:2927} INFO - Setting next_dagrun for example_subdag_operator.section-2 to None, run_after=None
[2023-05-19 17:59:59,216] {logging_mixin.py:115} INFO - [2023-05-19 17:59:59,216] {dag.py:2379} INFO - Sync 2 DAGs
[2023-05-19 17:59:59,218] {logging_mixin.py:115} INFO - [2023-05-19 17:59:59,218] {dag.py:2927} INFO - Setting next_dagrun for example_subdag_operator.section-1 to None, run_after=None
[2023-05-19 17:59:59,218] {logging_mixin.py:115} INFO - [2023-05-19 17:59:59,218] {dag.py:2927} INFO - Setting next_dagrun for example_subdag_operator.section-2 to None, run_after=None
[2023-05-19 17:59:59,223] {processor.py:161} INFO - Processing /home/guilherme/Documents/weather_datapipeline/airflow_weather/venv/lib/python3.10/site-packages/airflow/example_dags/example_subdag_operator.py took 0.043 seconds
[2023-05-19 18:00:32,849] {processor.py:153} INFO - Started process (PID=11210) to work on /home/guilherme/Documents/weather_datapipeline/airflow_weather/venv/lib/python3.10/site-packages/airflow/example_dags/example_subdag_operator.py
[2023-05-19 18:00:32,850] {processor.py:641} INFO - Processing file /home/guilherme/Documents/weather_datapipeline/airflow_weather/venv/lib/python3.10/site-packages/airflow/example_dags/example_subdag_operator.py for tasks to queue
[2023-05-19 18:00:32,850] {logging_mixin.py:115} INFO - [2023-05-19 18:00:32,850] {dagbag.py:507} INFO - Filling up the DagBag from /home/guilherme/Documents/weather_datapipeline/airflow_weather/venv/lib/python3.10/site-packages/airflow/example_dags/example_subdag_operator.py
[2023-05-19 18:00:32,862] {processor.py:651} INFO - DAG(s) dict_keys(['example_subdag_operator.section-1', 'example_subdag_operator.section-2', 'example_subdag_operator']) retrieved from /home/guilherme/Documents/weather_datapipeline/airflow_weather/venv/lib/python3.10/site-packages/airflow/example_dags/example_subdag_operator.py
[2023-05-19 18:00:32,873] {logging_mixin.py:115} INFO - [2023-05-19 18:00:32,873] {dag.py:2379} INFO - Sync 3 DAGs
[2023-05-19 18:00:32,885] {logging_mixin.py:115} INFO - [2023-05-19 18:00:32,885] {dag.py:2927} INFO - Setting next_dagrun for example_subdag_operator to 2022-01-01T00:00:00+00:00, run_after=2022-01-01T00:00:00+00:00
[2023-05-19 18:00:32,885] {logging_mixin.py:115} INFO - [2023-05-19 18:00:32,885] {dag.py:2927} INFO - Setting next_dagrun for example_subdag_operator.section-1 to None, run_after=None
[2023-05-19 18:00:32,885] {logging_mixin.py:115} INFO - [2023-05-19 18:00:32,885] {dag.py:2927} INFO - Setting next_dagrun for example_subdag_operator.section-2 to None, run_after=None
[2023-05-19 18:00:32,889] {logging_mixin.py:115} INFO - [2023-05-19 18:00:32,889] {dag.py:2379} INFO - Sync 2 DAGs
[2023-05-19 18:00:32,890] {logging_mixin.py:115} INFO - [2023-05-19 18:00:32,890] {dag.py:2927} INFO - Setting next_dagrun for example_subdag_operator.section-1 to None, run_after=None
[2023-05-19 18:00:32,891] {logging_mixin.py:115} INFO - [2023-05-19 18:00:32,891] {dag.py:2927} INFO - Setting next_dagrun for example_subdag_operator.section-2 to None, run_after=None
[2023-05-19 18:00:32,897] {processor.py:161} INFO - Processing /home/guilherme/Documents/weather_datapipeline/airflow_weather/venv/lib/python3.10/site-packages/airflow/example_dags/example_subdag_operator.py took 0.049 seconds
[2023-05-19 18:01:05,070] {processor.py:153} INFO - Started process (PID=11273) to work on /home/guilherme/Documents/weather_datapipeline/airflow_weather/venv/lib/python3.10/site-packages/airflow/example_dags/example_subdag_operator.py
[2023-05-19 18:01:05,071] {processor.py:641} INFO - Processing file /home/guilherme/Documents/weather_datapipeline/airflow_weather/venv/lib/python3.10/site-packages/airflow/example_dags/example_subdag_operator.py for tasks to queue
[2023-05-19 18:01:05,071] {logging_mixin.py:115} INFO - [2023-05-19 18:01:05,071] {dagbag.py:507} INFO - Filling up the DagBag from /home/guilherme/Documents/weather_datapipeline/airflow_weather/venv/lib/python3.10/site-packages/airflow/example_dags/example_subdag_operator.py
[2023-05-19 18:01:05,082] {processor.py:651} INFO - DAG(s) dict_keys(['example_subdag_operator.section-1', 'example_subdag_operator.section-2', 'example_subdag_operator']) retrieved from /home/guilherme/Documents/weather_datapipeline/airflow_weather/venv/lib/python3.10/site-packages/airflow/example_dags/example_subdag_operator.py
[2023-05-19 18:01:05,092] {logging_mixin.py:115} INFO - [2023-05-19 18:01:05,092] {dag.py:2379} INFO - Sync 3 DAGs
[2023-05-19 18:01:05,100] {logging_mixin.py:115} INFO - [2023-05-19 18:01:05,100] {dag.py:2927} INFO - Setting next_dagrun for example_subdag_operator to 2022-01-01T00:00:00+00:00, run_after=2022-01-01T00:00:00+00:00
[2023-05-19 18:01:05,101] {logging_mixin.py:115} INFO - [2023-05-19 18:01:05,101] {dag.py:2927} INFO - Setting next_dagrun for example_subdag_operator.section-1 to None, run_after=None
[2023-05-19 18:01:05,101] {logging_mixin.py:115} INFO - [2023-05-19 18:01:05,101] {dag.py:2927} INFO - Setting next_dagrun for example_subdag_operator.section-2 to None, run_after=None
[2023-05-19 18:01:05,103] {logging_mixin.py:115} INFO - [2023-05-19 18:01:05,103] {dag.py:2379} INFO - Sync 2 DAGs
[2023-05-19 18:01:05,105] {logging_mixin.py:115} INFO - [2023-05-19 18:01:05,105] {dag.py:2927} INFO - Setting next_dagrun for example_subdag_operator.section-1 to None, run_after=None
[2023-05-19 18:01:05,105] {logging_mixin.py:115} INFO - [2023-05-19 18:01:05,105] {dag.py:2927} INFO - Setting next_dagrun for example_subdag_operator.section-2 to None, run_after=None
[2023-05-19 18:01:05,109] {processor.py:161} INFO - Processing /home/guilherme/Documents/weather_datapipeline/airflow_weather/venv/lib/python3.10/site-packages/airflow/example_dags/example_subdag_operator.py took 0.041 seconds
[2023-05-19 18:01:37,247] {processor.py:153} INFO - Started process (PID=11374) to work on /home/guilherme/Documents/weather_datapipeline/airflow_weather/venv/lib/python3.10/site-packages/airflow/example_dags/example_subdag_operator.py
[2023-05-19 18:01:37,247] {processor.py:641} INFO - Processing file /home/guilherme/Documents/weather_datapipeline/airflow_weather/venv/lib/python3.10/site-packages/airflow/example_dags/example_subdag_operator.py for tasks to queue
[2023-05-19 18:01:37,247] {logging_mixin.py:115} INFO - [2023-05-19 18:01:37,247] {dagbag.py:507} INFO - Filling up the DagBag from /home/guilherme/Documents/weather_datapipeline/airflow_weather/venv/lib/python3.10/site-packages/airflow/example_dags/example_subdag_operator.py
[2023-05-19 18:01:37,258] {processor.py:651} INFO - DAG(s) dict_keys(['example_subdag_operator.section-1', 'example_subdag_operator.section-2', 'example_subdag_operator']) retrieved from /home/guilherme/Documents/weather_datapipeline/airflow_weather/venv/lib/python3.10/site-packages/airflow/example_dags/example_subdag_operator.py
[2023-05-19 18:01:37,267] {logging_mixin.py:115} INFO - [2023-05-19 18:01:37,267] {dag.py:2379} INFO - Sync 3 DAGs
[2023-05-19 18:01:37,276] {logging_mixin.py:115} INFO - [2023-05-19 18:01:37,275] {dag.py:2927} INFO - Setting next_dagrun for example_subdag_operator to 2022-01-01T00:00:00+00:00, run_after=2022-01-01T00:00:00+00:00
[2023-05-19 18:01:37,276] {logging_mixin.py:115} INFO - [2023-05-19 18:01:37,276] {dag.py:2927} INFO - Setting next_dagrun for example_subdag_operator.section-1 to None, run_after=None
[2023-05-19 18:01:37,276] {logging_mixin.py:115} INFO - [2023-05-19 18:01:37,276] {dag.py:2927} INFO - Setting next_dagrun for example_subdag_operator.section-2 to None, run_after=None
[2023-05-19 18:01:37,279] {logging_mixin.py:115} INFO - [2023-05-19 18:01:37,279] {dag.py:2379} INFO - Sync 2 DAGs
[2023-05-19 18:01:37,280] {logging_mixin.py:115} INFO - [2023-05-19 18:01:37,280] {dag.py:2927} INFO - Setting next_dagrun for example_subdag_operator.section-1 to None, run_after=None
[2023-05-19 18:01:37,280] {logging_mixin.py:115} INFO - [2023-05-19 18:01:37,280] {dag.py:2927} INFO - Setting next_dagrun for example_subdag_operator.section-2 to None, run_after=None
[2023-05-19 18:01:37,285] {processor.py:161} INFO - Processing /home/guilherme/Documents/weather_datapipeline/airflow_weather/venv/lib/python3.10/site-packages/airflow/example_dags/example_subdag_operator.py took 0.040 seconds
[2023-05-19 18:02:10,022] {processor.py:153} INFO - Started process (PID=11633) to work on /home/guilherme/Documents/weather_datapipeline/airflow_weather/venv/lib/python3.10/site-packages/airflow/example_dags/example_subdag_operator.py
[2023-05-19 18:02:10,023] {processor.py:641} INFO - Processing file /home/guilherme/Documents/weather_datapipeline/airflow_weather/venv/lib/python3.10/site-packages/airflow/example_dags/example_subdag_operator.py for tasks to queue
[2023-05-19 18:02:10,023] {logging_mixin.py:115} INFO - [2023-05-19 18:02:10,023] {dagbag.py:507} INFO - Filling up the DagBag from /home/guilherme/Documents/weather_datapipeline/airflow_weather/venv/lib/python3.10/site-packages/airflow/example_dags/example_subdag_operator.py
[2023-05-19 18:02:10,034] {processor.py:651} INFO - DAG(s) dict_keys(['example_subdag_operator.section-1', 'example_subdag_operator.section-2', 'example_subdag_operator']) retrieved from /home/guilherme/Documents/weather_datapipeline/airflow_weather/venv/lib/python3.10/site-packages/airflow/example_dags/example_subdag_operator.py
[2023-05-19 18:02:10,045] {logging_mixin.py:115} INFO - [2023-05-19 18:02:10,045] {dag.py:2379} INFO - Sync 3 DAGs
[2023-05-19 18:02:10,054] {logging_mixin.py:115} INFO - [2023-05-19 18:02:10,054] {dag.py:2927} INFO - Setting next_dagrun for example_subdag_operator to 2022-01-01T00:00:00+00:00, run_after=2022-01-01T00:00:00+00:00
[2023-05-19 18:02:10,054] {logging_mixin.py:115} INFO - [2023-05-19 18:02:10,054] {dag.py:2927} INFO - Setting next_dagrun for example_subdag_operator.section-1 to None, run_after=None
[2023-05-19 18:02:10,055] {logging_mixin.py:115} INFO - [2023-05-19 18:02:10,054] {dag.py:2927} INFO - Setting next_dagrun for example_subdag_operator.section-2 to None, run_after=None
[2023-05-19 18:02:10,057] {logging_mixin.py:115} INFO - [2023-05-19 18:02:10,057] {dag.py:2379} INFO - Sync 2 DAGs
[2023-05-19 18:02:10,059] {logging_mixin.py:115} INFO - [2023-05-19 18:02:10,059] {dag.py:2927} INFO - Setting next_dagrun for example_subdag_operator.section-1 to None, run_after=None
[2023-05-19 18:02:10,059] {logging_mixin.py:115} INFO - [2023-05-19 18:02:10,059] {dag.py:2927} INFO - Setting next_dagrun for example_subdag_operator.section-2 to None, run_after=None
[2023-05-19 18:02:10,063] {processor.py:161} INFO - Processing /home/guilherme/Documents/weather_datapipeline/airflow_weather/venv/lib/python3.10/site-packages/airflow/example_dags/example_subdag_operator.py took 0.042 seconds
[2023-05-19 18:02:42,529] {processor.py:153} INFO - Started process (PID=12033) to work on /home/guilherme/Documents/weather_datapipeline/airflow_weather/venv/lib/python3.10/site-packages/airflow/example_dags/example_subdag_operator.py
[2023-05-19 18:02:42,529] {processor.py:641} INFO - Processing file /home/guilherme/Documents/weather_datapipeline/airflow_weather/venv/lib/python3.10/site-packages/airflow/example_dags/example_subdag_operator.py for tasks to queue
[2023-05-19 18:02:42,529] {logging_mixin.py:115} INFO - [2023-05-19 18:02:42,529] {dagbag.py:507} INFO - Filling up the DagBag from /home/guilherme/Documents/weather_datapipeline/airflow_weather/venv/lib/python3.10/site-packages/airflow/example_dags/example_subdag_operator.py
[2023-05-19 18:02:42,546] {processor.py:651} INFO - DAG(s) dict_keys(['example_subdag_operator.section-1', 'example_subdag_operator.section-2', 'example_subdag_operator']) retrieved from /home/guilherme/Documents/weather_datapipeline/airflow_weather/venv/lib/python3.10/site-packages/airflow/example_dags/example_subdag_operator.py
[2023-05-19 18:02:42,556] {logging_mixin.py:115} INFO - [2023-05-19 18:02:42,556] {dag.py:2379} INFO - Sync 3 DAGs
[2023-05-19 18:02:42,565] {logging_mixin.py:115} INFO - [2023-05-19 18:02:42,565] {dag.py:2927} INFO - Setting next_dagrun for example_subdag_operator to 2022-01-01T00:00:00+00:00, run_after=2022-01-01T00:00:00+00:00
[2023-05-19 18:02:42,565] {logging_mixin.py:115} INFO - [2023-05-19 18:02:42,565] {dag.py:2927} INFO - Setting next_dagrun for example_subdag_operator.section-1 to None, run_after=None
[2023-05-19 18:02:42,565] {logging_mixin.py:115} INFO - [2023-05-19 18:02:42,565] {dag.py:2927} INFO - Setting next_dagrun for example_subdag_operator.section-2 to None, run_after=None
[2023-05-19 18:02:42,567] {logging_mixin.py:115} INFO - [2023-05-19 18:02:42,567] {dag.py:2379} INFO - Sync 2 DAGs
[2023-05-19 18:02:42,569] {logging_mixin.py:115} INFO - [2023-05-19 18:02:42,569] {dag.py:2927} INFO - Setting next_dagrun for example_subdag_operator.section-1 to None, run_after=None
[2023-05-19 18:02:42,569] {logging_mixin.py:115} INFO - [2023-05-19 18:02:42,569] {dag.py:2927} INFO - Setting next_dagrun for example_subdag_operator.section-2 to None, run_after=None
[2023-05-19 18:02:42,574] {processor.py:161} INFO - Processing /home/guilherme/Documents/weather_datapipeline/airflow_weather/venv/lib/python3.10/site-packages/airflow/example_dags/example_subdag_operator.py took 0.046 seconds
[2023-05-19 18:03:14,628] {processor.py:153} INFO - Started process (PID=12224) to work on /home/guilherme/Documents/weather_datapipeline/airflow_weather/venv/lib/python3.10/site-packages/airflow/example_dags/example_subdag_operator.py
[2023-05-19 18:03:14,628] {processor.py:641} INFO - Processing file /home/guilherme/Documents/weather_datapipeline/airflow_weather/venv/lib/python3.10/site-packages/airflow/example_dags/example_subdag_operator.py for tasks to queue
[2023-05-19 18:03:14,629] {logging_mixin.py:115} INFO - [2023-05-19 18:03:14,629] {dagbag.py:507} INFO - Filling up the DagBag from /home/guilherme/Documents/weather_datapipeline/airflow_weather/venv/lib/python3.10/site-packages/airflow/example_dags/example_subdag_operator.py
[2023-05-19 18:03:14,641] {processor.py:651} INFO - DAG(s) dict_keys(['example_subdag_operator.section-1', 'example_subdag_operator.section-2', 'example_subdag_operator']) retrieved from /home/guilherme/Documents/weather_datapipeline/airflow_weather/venv/lib/python3.10/site-packages/airflow/example_dags/example_subdag_operator.py
[2023-05-19 18:03:14,651] {logging_mixin.py:115} INFO - [2023-05-19 18:03:14,651] {dag.py:2379} INFO - Sync 3 DAGs
[2023-05-19 18:03:14,659] {logging_mixin.py:115} INFO - [2023-05-19 18:03:14,659] {dag.py:2927} INFO - Setting next_dagrun for example_subdag_operator to 2022-01-01T00:00:00+00:00, run_after=2022-01-01T00:00:00+00:00
[2023-05-19 18:03:14,659] {logging_mixin.py:115} INFO - [2023-05-19 18:03:14,659] {dag.py:2927} INFO - Setting next_dagrun for example_subdag_operator.section-1 to None, run_after=None
[2023-05-19 18:03:14,659] {logging_mixin.py:115} INFO - [2023-05-19 18:03:14,659] {dag.py:2927} INFO - Setting next_dagrun for example_subdag_operator.section-2 to None, run_after=None
[2023-05-19 18:03:14,662] {logging_mixin.py:115} INFO - [2023-05-19 18:03:14,662] {dag.py:2379} INFO - Sync 2 DAGs
[2023-05-19 18:03:14,664] {logging_mixin.py:115} INFO - [2023-05-19 18:03:14,664] {dag.py:2927} INFO - Setting next_dagrun for example_subdag_operator.section-1 to None, run_after=None
[2023-05-19 18:03:14,664] {logging_mixin.py:115} INFO - [2023-05-19 18:03:14,664] {dag.py:2927} INFO - Setting next_dagrun for example_subdag_operator.section-2 to None, run_after=None
[2023-05-19 18:03:14,668] {processor.py:161} INFO - Processing /home/guilherme/Documents/weather_datapipeline/airflow_weather/venv/lib/python3.10/site-packages/airflow/example_dags/example_subdag_operator.py took 0.042 seconds
[2023-05-19 18:03:47,040] {processor.py:153} INFO - Started process (PID=12357) to work on /home/guilherme/Documents/weather_datapipeline/airflow_weather/venv/lib/python3.10/site-packages/airflow/example_dags/example_subdag_operator.py
[2023-05-19 18:03:47,040] {processor.py:641} INFO - Processing file /home/guilherme/Documents/weather_datapipeline/airflow_weather/venv/lib/python3.10/site-packages/airflow/example_dags/example_subdag_operator.py for tasks to queue
[2023-05-19 18:03:47,040] {logging_mixin.py:115} INFO - [2023-05-19 18:03:47,040] {dagbag.py:507} INFO - Filling up the DagBag from /home/guilherme/Documents/weather_datapipeline/airflow_weather/venv/lib/python3.10/site-packages/airflow/example_dags/example_subdag_operator.py
[2023-05-19 18:03:47,051] {processor.py:651} INFO - DAG(s) dict_keys(['example_subdag_operator.section-1', 'example_subdag_operator.section-2', 'example_subdag_operator']) retrieved from /home/guilherme/Documents/weather_datapipeline/airflow_weather/venv/lib/python3.10/site-packages/airflow/example_dags/example_subdag_operator.py
[2023-05-19 18:03:47,063] {logging_mixin.py:115} INFO - [2023-05-19 18:03:47,063] {dag.py:2379} INFO - Sync 3 DAGs
[2023-05-19 18:03:47,072] {logging_mixin.py:115} INFO - [2023-05-19 18:03:47,072] {dag.py:2927} INFO - Setting next_dagrun for example_subdag_operator to 2022-01-01T00:00:00+00:00, run_after=2022-01-01T00:00:00+00:00
[2023-05-19 18:03:47,072] {logging_mixin.py:115} INFO - [2023-05-19 18:03:47,072] {dag.py:2927} INFO - Setting next_dagrun for example_subdag_operator.section-1 to None, run_after=None
[2023-05-19 18:03:47,072] {logging_mixin.py:115} INFO - [2023-05-19 18:03:47,072] {dag.py:2927} INFO - Setting next_dagrun for example_subdag_operator.section-2 to None, run_after=None
[2023-05-19 18:03:47,074] {logging_mixin.py:115} INFO - [2023-05-19 18:03:47,074] {dag.py:2379} INFO - Sync 2 DAGs
[2023-05-19 18:03:47,076] {logging_mixin.py:115} INFO - [2023-05-19 18:03:47,076] {dag.py:2927} INFO - Setting next_dagrun for example_subdag_operator.section-1 to None, run_after=None
[2023-05-19 18:03:47,076] {logging_mixin.py:115} INFO - [2023-05-19 18:03:47,076] {dag.py:2927} INFO - Setting next_dagrun for example_subdag_operator.section-2 to None, run_after=None
[2023-05-19 18:03:47,080] {processor.py:161} INFO - Processing /home/guilherme/Documents/weather_datapipeline/airflow_weather/venv/lib/python3.10/site-packages/airflow/example_dags/example_subdag_operator.py took 0.042 seconds
[2023-05-19 18:04:18,537] {processor.py:153} INFO - Started process (PID=12462) to work on /home/guilherme/Documents/weather_datapipeline/airflow_weather/venv/lib/python3.10/site-packages/airflow/example_dags/example_subdag_operator.py
[2023-05-19 18:04:18,538] {processor.py:641} INFO - Processing file /home/guilherme/Documents/weather_datapipeline/airflow_weather/venv/lib/python3.10/site-packages/airflow/example_dags/example_subdag_operator.py for tasks to queue
[2023-05-19 18:04:18,538] {logging_mixin.py:115} INFO - [2023-05-19 18:04:18,538] {dagbag.py:507} INFO - Filling up the DagBag from /home/guilherme/Documents/weather_datapipeline/airflow_weather/venv/lib/python3.10/site-packages/airflow/example_dags/example_subdag_operator.py
[2023-05-19 18:04:18,575] {processor.py:651} INFO - DAG(s) dict_keys(['example_subdag_operator.section-1', 'example_subdag_operator.section-2', 'example_subdag_operator']) retrieved from /home/guilherme/Documents/weather_datapipeline/airflow_weather/venv/lib/python3.10/site-packages/airflow/example_dags/example_subdag_operator.py
[2023-05-19 18:04:18,592] {logging_mixin.py:115} INFO - [2023-05-19 18:04:18,592] {dag.py:2379} INFO - Sync 3 DAGs
[2023-05-19 18:04:18,601] {logging_mixin.py:115} INFO - [2023-05-19 18:04:18,601] {dag.py:2927} INFO - Setting next_dagrun for example_subdag_operator to 2022-01-01T00:00:00+00:00, run_after=2022-01-01T00:00:00+00:00
[2023-05-19 18:04:18,601] {logging_mixin.py:115} INFO - [2023-05-19 18:04:18,601] {dag.py:2927} INFO - Setting next_dagrun for example_subdag_operator.section-1 to None, run_after=None
[2023-05-19 18:04:18,601] {logging_mixin.py:115} INFO - [2023-05-19 18:04:18,601] {dag.py:2927} INFO - Setting next_dagrun for example_subdag_operator.section-2 to None, run_after=None
[2023-05-19 18:04:18,604] {logging_mixin.py:115} INFO - [2023-05-19 18:04:18,604] {dag.py:2379} INFO - Sync 2 DAGs
[2023-05-19 18:04:18,605] {logging_mixin.py:115} INFO - [2023-05-19 18:04:18,605] {dag.py:2927} INFO - Setting next_dagrun for example_subdag_operator.section-1 to None, run_after=None
[2023-05-19 18:04:18,605] {logging_mixin.py:115} INFO - [2023-05-19 18:04:18,605] {dag.py:2927} INFO - Setting next_dagrun for example_subdag_operator.section-2 to None, run_after=None
[2023-05-19 18:04:18,610] {processor.py:161} INFO - Processing /home/guilherme/Documents/weather_datapipeline/airflow_weather/venv/lib/python3.10/site-packages/airflow/example_dags/example_subdag_operator.py took 0.074 seconds
[2023-05-19 18:04:49,953] {processor.py:153} INFO - Started process (PID=12602) to work on /home/guilherme/Documents/weather_datapipeline/airflow_weather/venv/lib/python3.10/site-packages/airflow/example_dags/example_subdag_operator.py
[2023-05-19 18:04:49,954] {processor.py:641} INFO - Processing file /home/guilherme/Documents/weather_datapipeline/airflow_weather/venv/lib/python3.10/site-packages/airflow/example_dags/example_subdag_operator.py for tasks to queue
[2023-05-19 18:04:49,954] {logging_mixin.py:115} INFO - [2023-05-19 18:04:49,954] {dagbag.py:507} INFO - Filling up the DagBag from /home/guilherme/Documents/weather_datapipeline/airflow_weather/venv/lib/python3.10/site-packages/airflow/example_dags/example_subdag_operator.py
[2023-05-19 18:04:49,965] {processor.py:651} INFO - DAG(s) dict_keys(['example_subdag_operator.section-1', 'example_subdag_operator.section-2', 'example_subdag_operator']) retrieved from /home/guilherme/Documents/weather_datapipeline/airflow_weather/venv/lib/python3.10/site-packages/airflow/example_dags/example_subdag_operator.py
[2023-05-19 18:04:49,974] {logging_mixin.py:115} INFO - [2023-05-19 18:04:49,974] {dag.py:2379} INFO - Sync 3 DAGs
[2023-05-19 18:04:49,982] {logging_mixin.py:115} INFO - [2023-05-19 18:04:49,982] {dag.py:2927} INFO - Setting next_dagrun for example_subdag_operator to 2022-01-01T00:00:00+00:00, run_after=2022-01-01T00:00:00+00:00
[2023-05-19 18:04:49,982] {logging_mixin.py:115} INFO - [2023-05-19 18:04:49,982] {dag.py:2927} INFO - Setting next_dagrun for example_subdag_operator.section-1 to None, run_after=None
[2023-05-19 18:04:49,982] {logging_mixin.py:115} INFO - [2023-05-19 18:04:49,982] {dag.py:2927} INFO - Setting next_dagrun for example_subdag_operator.section-2 to None, run_after=None
[2023-05-19 18:04:49,985] {logging_mixin.py:115} INFO - [2023-05-19 18:04:49,984] {dag.py:2379} INFO - Sync 2 DAGs
[2023-05-19 18:04:49,986] {logging_mixin.py:115} INFO - [2023-05-19 18:04:49,986] {dag.py:2927} INFO - Setting next_dagrun for example_subdag_operator.section-1 to None, run_after=None
[2023-05-19 18:04:49,986] {logging_mixin.py:115} INFO - [2023-05-19 18:04:49,986] {dag.py:2927} INFO - Setting next_dagrun for example_subdag_operator.section-2 to None, run_after=None
[2023-05-19 18:04:49,990] {processor.py:161} INFO - Processing /home/guilherme/Documents/weather_datapipeline/airflow_weather/venv/lib/python3.10/site-packages/airflow/example_dags/example_subdag_operator.py took 0.039 seconds
[2023-05-19 18:05:22,718] {processor.py:153} INFO - Started process (PID=12788) to work on /home/guilherme/Documents/weather_datapipeline/airflow_weather/venv/lib/python3.10/site-packages/airflow/example_dags/example_subdag_operator.py
[2023-05-19 18:05:22,719] {processor.py:641} INFO - Processing file /home/guilherme/Documents/weather_datapipeline/airflow_weather/venv/lib/python3.10/site-packages/airflow/example_dags/example_subdag_operator.py for tasks to queue
[2023-05-19 18:05:22,719] {logging_mixin.py:115} INFO - [2023-05-19 18:05:22,719] {dagbag.py:507} INFO - Filling up the DagBag from /home/guilherme/Documents/weather_datapipeline/airflow_weather/venv/lib/python3.10/site-packages/airflow/example_dags/example_subdag_operator.py
[2023-05-19 18:05:22,730] {processor.py:651} INFO - DAG(s) dict_keys(['example_subdag_operator.section-1', 'example_subdag_operator.section-2', 'example_subdag_operator']) retrieved from /home/guilherme/Documents/weather_datapipeline/airflow_weather/venv/lib/python3.10/site-packages/airflow/example_dags/example_subdag_operator.py
[2023-05-19 18:05:22,740] {logging_mixin.py:115} INFO - [2023-05-19 18:05:22,740] {dag.py:2379} INFO - Sync 3 DAGs
[2023-05-19 18:05:22,749] {logging_mixin.py:115} INFO - [2023-05-19 18:05:22,749] {dag.py:2927} INFO - Setting next_dagrun for example_subdag_operator to 2022-01-01T00:00:00+00:00, run_after=2022-01-01T00:00:00+00:00
[2023-05-19 18:05:22,749] {logging_mixin.py:115} INFO - [2023-05-19 18:05:22,749] {dag.py:2927} INFO - Setting next_dagrun for example_subdag_operator.section-1 to None, run_after=None
[2023-05-19 18:05:22,749] {logging_mixin.py:115} INFO - [2023-05-19 18:05:22,749] {dag.py:2927} INFO - Setting next_dagrun for example_subdag_operator.section-2 to None, run_after=None
[2023-05-19 18:05:22,752] {logging_mixin.py:115} INFO - [2023-05-19 18:05:22,751] {dag.py:2379} INFO - Sync 2 DAGs
[2023-05-19 18:05:22,753] {logging_mixin.py:115} INFO - [2023-05-19 18:05:22,753] {dag.py:2927} INFO - Setting next_dagrun for example_subdag_operator.section-1 to None, run_after=None
[2023-05-19 18:05:22,753] {logging_mixin.py:115} INFO - [2023-05-19 18:05:22,753] {dag.py:2927} INFO - Setting next_dagrun for example_subdag_operator.section-2 to None, run_after=None
[2023-05-19 18:05:22,757] {processor.py:161} INFO - Processing /home/guilherme/Documents/weather_datapipeline/airflow_weather/venv/lib/python3.10/site-packages/airflow/example_dags/example_subdag_operator.py took 0.041 seconds
[2023-05-19 18:05:54,624] {processor.py:153} INFO - Started process (PID=13211) to work on /home/guilherme/Documents/weather_datapipeline/airflow_weather/venv/lib/python3.10/site-packages/airflow/example_dags/example_subdag_operator.py
[2023-05-19 18:05:54,624] {processor.py:641} INFO - Processing file /home/guilherme/Documents/weather_datapipeline/airflow_weather/venv/lib/python3.10/site-packages/airflow/example_dags/example_subdag_operator.py for tasks to queue
[2023-05-19 18:05:54,624] {logging_mixin.py:115} INFO - [2023-05-19 18:05:54,624] {dagbag.py:507} INFO - Filling up the DagBag from /home/guilherme/Documents/weather_datapipeline/airflow_weather/venv/lib/python3.10/site-packages/airflow/example_dags/example_subdag_operator.py
[2023-05-19 18:05:54,636] {processor.py:651} INFO - DAG(s) dict_keys(['example_subdag_operator.section-1', 'example_subdag_operator.section-2', 'example_subdag_operator']) retrieved from /home/guilherme/Documents/weather_datapipeline/airflow_weather/venv/lib/python3.10/site-packages/airflow/example_dags/example_subdag_operator.py
[2023-05-19 18:05:54,646] {logging_mixin.py:115} INFO - [2023-05-19 18:05:54,646] {dag.py:2379} INFO - Sync 3 DAGs
[2023-05-19 18:05:54,654] {logging_mixin.py:115} INFO - [2023-05-19 18:05:54,654] {dag.py:2927} INFO - Setting next_dagrun for example_subdag_operator to 2022-01-01T00:00:00+00:00, run_after=2022-01-01T00:00:00+00:00
[2023-05-19 18:05:54,654] {logging_mixin.py:115} INFO - [2023-05-19 18:05:54,654] {dag.py:2927} INFO - Setting next_dagrun for example_subdag_operator.section-1 to None, run_after=None
[2023-05-19 18:05:54,654] {logging_mixin.py:115} INFO - [2023-05-19 18:05:54,654] {dag.py:2927} INFO - Setting next_dagrun for example_subdag_operator.section-2 to None, run_after=None
[2023-05-19 18:05:54,657] {logging_mixin.py:115} INFO - [2023-05-19 18:05:54,657] {dag.py:2379} INFO - Sync 2 DAGs
[2023-05-19 18:05:54,658] {logging_mixin.py:115} INFO - [2023-05-19 18:05:54,658] {dag.py:2927} INFO - Setting next_dagrun for example_subdag_operator.section-1 to None, run_after=None
[2023-05-19 18:05:54,658] {logging_mixin.py:115} INFO - [2023-05-19 18:05:54,658] {dag.py:2927} INFO - Setting next_dagrun for example_subdag_operator.section-2 to None, run_after=None
[2023-05-19 18:05:54,664] {processor.py:161} INFO - Processing /home/guilherme/Documents/weather_datapipeline/airflow_weather/venv/lib/python3.10/site-packages/airflow/example_dags/example_subdag_operator.py took 0.042 seconds
