[2023-05-19 17:59:32,398] {processor.py:153} INFO - Started process (PID=11066) to work on /home/guilherme/Documents/weather_datapipeline/airflow_weather/venv/lib/python3.10/site-packages/airflow/example_dags/tutorial_etl_dag.py
[2023-05-19 17:59:32,398] {processor.py:641} INFO - Processing file /home/guilherme/Documents/weather_datapipeline/airflow_weather/venv/lib/python3.10/site-packages/airflow/example_dags/tutorial_etl_dag.py for tasks to queue
[2023-05-19 17:59:32,398] {logging_mixin.py:115} INFO - [2023-05-19 17:59:32,398] {dagbag.py:507} INFO - Filling up the DagBag from /home/guilherme/Documents/weather_datapipeline/airflow_weather/venv/lib/python3.10/site-packages/airflow/example_dags/tutorial_etl_dag.py
[2023-05-19 17:59:32,403] {processor.py:651} INFO - DAG(s) dict_keys(['tutorial_etl_dag']) retrieved from /home/guilherme/Documents/weather_datapipeline/airflow_weather/venv/lib/python3.10/site-packages/airflow/example_dags/tutorial_etl_dag.py
[2023-05-19 17:59:32,435] {logging_mixin.py:115} INFO - [2023-05-19 17:59:32,435] {manager.py:508} INFO - Created Permission View: can edit on DAG:tutorial_etl_dag
[2023-05-19 17:59:32,440] {logging_mixin.py:115} INFO - [2023-05-19 17:59:32,440] {manager.py:508} INFO - Created Permission View: can delete on DAG:tutorial_etl_dag
[2023-05-19 17:59:32,443] {logging_mixin.py:115} INFO - [2023-05-19 17:59:32,443] {manager.py:508} INFO - Created Permission View: can read on DAG:tutorial_etl_dag
[2023-05-19 17:59:32,443] {logging_mixin.py:115} INFO - [2023-05-19 17:59:32,443] {dag.py:2379} INFO - Sync 1 DAGs
[2023-05-19 17:59:32,447] {logging_mixin.py:115} INFO - [2023-05-19 17:59:32,447] {dag.py:2398} INFO - Creating ORM DAG for tutorial_etl_dag
[2023-05-19 17:59:32,451] {logging_mixin.py:115} INFO - [2023-05-19 17:59:32,451] {dag.py:2927} INFO - Setting next_dagrun for tutorial_etl_dag to None, run_after=None
[2023-05-19 17:59:32,458] {processor.py:161} INFO - Processing /home/guilherme/Documents/weather_datapipeline/airflow_weather/venv/lib/python3.10/site-packages/airflow/example_dags/tutorial_etl_dag.py took 0.062 seconds
[2023-05-19 18:00:03,185] {processor.py:153} INFO - Started process (PID=11105) to work on /home/guilherme/Documents/weather_datapipeline/airflow_weather/venv/lib/python3.10/site-packages/airflow/example_dags/tutorial_etl_dag.py
[2023-05-19 18:00:03,185] {processor.py:641} INFO - Processing file /home/guilherme/Documents/weather_datapipeline/airflow_weather/venv/lib/python3.10/site-packages/airflow/example_dags/tutorial_etl_dag.py for tasks to queue
[2023-05-19 18:00:03,185] {logging_mixin.py:115} INFO - [2023-05-19 18:00:03,185] {dagbag.py:507} INFO - Filling up the DagBag from /home/guilherme/Documents/weather_datapipeline/airflow_weather/venv/lib/python3.10/site-packages/airflow/example_dags/tutorial_etl_dag.py
[2023-05-19 18:00:03,189] {processor.py:651} INFO - DAG(s) dict_keys(['tutorial_etl_dag']) retrieved from /home/guilherme/Documents/weather_datapipeline/airflow_weather/venv/lib/python3.10/site-packages/airflow/example_dags/tutorial_etl_dag.py
[2023-05-19 18:00:03,198] {logging_mixin.py:115} INFO - [2023-05-19 18:00:03,198] {dag.py:2379} INFO - Sync 1 DAGs
[2023-05-19 18:00:03,209] {logging_mixin.py:115} INFO - [2023-05-19 18:00:03,209] {dag.py:2927} INFO - Setting next_dagrun for tutorial_etl_dag to None, run_after=None
[2023-05-19 18:00:03,216] {processor.py:161} INFO - Processing /home/guilherme/Documents/weather_datapipeline/airflow_weather/venv/lib/python3.10/site-packages/airflow/example_dags/tutorial_etl_dag.py took 0.033 seconds
[2023-05-19 18:00:36,853] {processor.py:153} INFO - Started process (PID=11214) to work on /home/guilherme/Documents/weather_datapipeline/airflow_weather/venv/lib/python3.10/site-packages/airflow/example_dags/tutorial_etl_dag.py
[2023-05-19 18:00:36,854] {processor.py:641} INFO - Processing file /home/guilherme/Documents/weather_datapipeline/airflow_weather/venv/lib/python3.10/site-packages/airflow/example_dags/tutorial_etl_dag.py for tasks to queue
[2023-05-19 18:00:36,854] {logging_mixin.py:115} INFO - [2023-05-19 18:00:36,854] {dagbag.py:507} INFO - Filling up the DagBag from /home/guilherme/Documents/weather_datapipeline/airflow_weather/venv/lib/python3.10/site-packages/airflow/example_dags/tutorial_etl_dag.py
[2023-05-19 18:00:36,858] {processor.py:651} INFO - DAG(s) dict_keys(['tutorial_etl_dag']) retrieved from /home/guilherme/Documents/weather_datapipeline/airflow_weather/venv/lib/python3.10/site-packages/airflow/example_dags/tutorial_etl_dag.py
[2023-05-19 18:00:36,867] {logging_mixin.py:115} INFO - [2023-05-19 18:00:36,867] {dag.py:2379} INFO - Sync 1 DAGs
[2023-05-19 18:00:36,877] {logging_mixin.py:115} INFO - [2023-05-19 18:00:36,877] {dag.py:2927} INFO - Setting next_dagrun for tutorial_etl_dag to None, run_after=None
[2023-05-19 18:00:36,884] {processor.py:161} INFO - Processing /home/guilherme/Documents/weather_datapipeline/airflow_weather/venv/lib/python3.10/site-packages/airflow/example_dags/tutorial_etl_dag.py took 0.032 seconds
[2023-05-19 18:01:08,725] {processor.py:153} INFO - Started process (PID=11279) to work on /home/guilherme/Documents/weather_datapipeline/airflow_weather/venv/lib/python3.10/site-packages/airflow/example_dags/tutorial_etl_dag.py
[2023-05-19 18:01:08,725] {processor.py:641} INFO - Processing file /home/guilherme/Documents/weather_datapipeline/airflow_weather/venv/lib/python3.10/site-packages/airflow/example_dags/tutorial_etl_dag.py for tasks to queue
[2023-05-19 18:01:08,726] {logging_mixin.py:115} INFO - [2023-05-19 18:01:08,726] {dagbag.py:507} INFO - Filling up the DagBag from /home/guilherme/Documents/weather_datapipeline/airflow_weather/venv/lib/python3.10/site-packages/airflow/example_dags/tutorial_etl_dag.py
[2023-05-19 18:01:08,730] {processor.py:651} INFO - DAG(s) dict_keys(['tutorial_etl_dag']) retrieved from /home/guilherme/Documents/weather_datapipeline/airflow_weather/venv/lib/python3.10/site-packages/airflow/example_dags/tutorial_etl_dag.py
[2023-05-19 18:01:08,740] {logging_mixin.py:115} INFO - [2023-05-19 18:01:08,740] {dag.py:2379} INFO - Sync 1 DAGs
[2023-05-19 18:01:08,752] {logging_mixin.py:115} INFO - [2023-05-19 18:01:08,752] {dag.py:2927} INFO - Setting next_dagrun for tutorial_etl_dag to None, run_after=None
[2023-05-19 18:01:08,759] {processor.py:161} INFO - Processing /home/guilherme/Documents/weather_datapipeline/airflow_weather/venv/lib/python3.10/site-packages/airflow/example_dags/tutorial_etl_dag.py took 0.036 seconds
[2023-05-19 18:01:40,966] {processor.py:153} INFO - Started process (PID=11379) to work on /home/guilherme/Documents/weather_datapipeline/airflow_weather/venv/lib/python3.10/site-packages/airflow/example_dags/tutorial_etl_dag.py
[2023-05-19 18:01:40,966] {processor.py:641} INFO - Processing file /home/guilherme/Documents/weather_datapipeline/airflow_weather/venv/lib/python3.10/site-packages/airflow/example_dags/tutorial_etl_dag.py for tasks to queue
[2023-05-19 18:01:40,967] {logging_mixin.py:115} INFO - [2023-05-19 18:01:40,966] {dagbag.py:507} INFO - Filling up the DagBag from /home/guilherme/Documents/weather_datapipeline/airflow_weather/venv/lib/python3.10/site-packages/airflow/example_dags/tutorial_etl_dag.py
[2023-05-19 18:01:40,971] {processor.py:651} INFO - DAG(s) dict_keys(['tutorial_etl_dag']) retrieved from /home/guilherme/Documents/weather_datapipeline/airflow_weather/venv/lib/python3.10/site-packages/airflow/example_dags/tutorial_etl_dag.py
[2023-05-19 18:01:40,979] {logging_mixin.py:115} INFO - [2023-05-19 18:01:40,979] {dag.py:2379} INFO - Sync 1 DAGs
[2023-05-19 18:01:40,989] {logging_mixin.py:115} INFO - [2023-05-19 18:01:40,989] {dag.py:2927} INFO - Setting next_dagrun for tutorial_etl_dag to None, run_after=None
[2023-05-19 18:01:40,995] {processor.py:161} INFO - Processing /home/guilherme/Documents/weather_datapipeline/airflow_weather/venv/lib/python3.10/site-packages/airflow/example_dags/tutorial_etl_dag.py took 0.031 seconds
[2023-05-19 18:02:15,421] {processor.py:153} INFO - Started process (PID=11708) to work on /home/guilherme/Documents/weather_datapipeline/airflow_weather/venv/lib/python3.10/site-packages/airflow/example_dags/tutorial_etl_dag.py
[2023-05-19 18:02:15,422] {processor.py:641} INFO - Processing file /home/guilherme/Documents/weather_datapipeline/airflow_weather/venv/lib/python3.10/site-packages/airflow/example_dags/tutorial_etl_dag.py for tasks to queue
[2023-05-19 18:02:15,422] {logging_mixin.py:115} INFO - [2023-05-19 18:02:15,422] {dagbag.py:507} INFO - Filling up the DagBag from /home/guilherme/Documents/weather_datapipeline/airflow_weather/venv/lib/python3.10/site-packages/airflow/example_dags/tutorial_etl_dag.py
[2023-05-19 18:02:15,427] {processor.py:651} INFO - DAG(s) dict_keys(['tutorial_etl_dag']) retrieved from /home/guilherme/Documents/weather_datapipeline/airflow_weather/venv/lib/python3.10/site-packages/airflow/example_dags/tutorial_etl_dag.py
[2023-05-19 18:02:15,437] {logging_mixin.py:115} INFO - [2023-05-19 18:02:15,436] {dag.py:2379} INFO - Sync 1 DAGs
[2023-05-19 18:02:15,447] {logging_mixin.py:115} INFO - [2023-05-19 18:02:15,447] {dag.py:2927} INFO - Setting next_dagrun for tutorial_etl_dag to None, run_after=None
[2023-05-19 18:02:15,457] {processor.py:161} INFO - Processing /home/guilherme/Documents/weather_datapipeline/airflow_weather/venv/lib/python3.10/site-packages/airflow/example_dags/tutorial_etl_dag.py took 0.037 seconds
[2023-05-19 18:02:46,329] {processor.py:153} INFO - Started process (PID=12061) to work on /home/guilherme/Documents/weather_datapipeline/airflow_weather/venv/lib/python3.10/site-packages/airflow/example_dags/tutorial_etl_dag.py
[2023-05-19 18:02:46,329] {processor.py:641} INFO - Processing file /home/guilherme/Documents/weather_datapipeline/airflow_weather/venv/lib/python3.10/site-packages/airflow/example_dags/tutorial_etl_dag.py for tasks to queue
[2023-05-19 18:02:46,330] {logging_mixin.py:115} INFO - [2023-05-19 18:02:46,330] {dagbag.py:507} INFO - Filling up the DagBag from /home/guilherme/Documents/weather_datapipeline/airflow_weather/venv/lib/python3.10/site-packages/airflow/example_dags/tutorial_etl_dag.py
[2023-05-19 18:02:46,334] {processor.py:651} INFO - DAG(s) dict_keys(['tutorial_etl_dag']) retrieved from /home/guilherme/Documents/weather_datapipeline/airflow_weather/venv/lib/python3.10/site-packages/airflow/example_dags/tutorial_etl_dag.py
[2023-05-19 18:02:46,342] {logging_mixin.py:115} INFO - [2023-05-19 18:02:46,342] {dag.py:2379} INFO - Sync 1 DAGs
[2023-05-19 18:02:46,351] {logging_mixin.py:115} INFO - [2023-05-19 18:02:46,351] {dag.py:2927} INFO - Setting next_dagrun for tutorial_etl_dag to None, run_after=None
[2023-05-19 18:02:46,358] {processor.py:161} INFO - Processing /home/guilherme/Documents/weather_datapipeline/airflow_weather/venv/lib/python3.10/site-packages/airflow/example_dags/tutorial_etl_dag.py took 0.031 seconds
[2023-05-19 18:03:19,758] {processor.py:153} INFO - Started process (PID=12229) to work on /home/guilherme/Documents/weather_datapipeline/airflow_weather/venv/lib/python3.10/site-packages/airflow/example_dags/tutorial_etl_dag.py
[2023-05-19 18:03:19,759] {processor.py:641} INFO - Processing file /home/guilherme/Documents/weather_datapipeline/airflow_weather/venv/lib/python3.10/site-packages/airflow/example_dags/tutorial_etl_dag.py for tasks to queue
[2023-05-19 18:03:19,759] {logging_mixin.py:115} INFO - [2023-05-19 18:03:19,759] {dagbag.py:507} INFO - Filling up the DagBag from /home/guilherme/Documents/weather_datapipeline/airflow_weather/venv/lib/python3.10/site-packages/airflow/example_dags/tutorial_etl_dag.py
[2023-05-19 18:03:19,763] {processor.py:651} INFO - DAG(s) dict_keys(['tutorial_etl_dag']) retrieved from /home/guilherme/Documents/weather_datapipeline/airflow_weather/venv/lib/python3.10/site-packages/airflow/example_dags/tutorial_etl_dag.py
[2023-05-19 18:03:19,774] {logging_mixin.py:115} INFO - [2023-05-19 18:03:19,774] {dag.py:2379} INFO - Sync 1 DAGs
[2023-05-19 18:03:19,786] {logging_mixin.py:115} INFO - [2023-05-19 18:03:19,786] {dag.py:2927} INFO - Setting next_dagrun for tutorial_etl_dag to None, run_after=None
[2023-05-19 18:03:19,793] {processor.py:161} INFO - Processing /home/guilherme/Documents/weather_datapipeline/airflow_weather/venv/lib/python3.10/site-packages/airflow/example_dags/tutorial_etl_dag.py took 0.036 seconds
[2023-05-19 18:03:53,797] {processor.py:153} INFO - Started process (PID=12406) to work on /home/guilherme/Documents/weather_datapipeline/airflow_weather/venv/lib/python3.10/site-packages/airflow/example_dags/tutorial_etl_dag.py
[2023-05-19 18:03:53,797] {processor.py:641} INFO - Processing file /home/guilherme/Documents/weather_datapipeline/airflow_weather/venv/lib/python3.10/site-packages/airflow/example_dags/tutorial_etl_dag.py for tasks to queue
[2023-05-19 18:03:53,797] {logging_mixin.py:115} INFO - [2023-05-19 18:03:53,797] {dagbag.py:507} INFO - Filling up the DagBag from /home/guilherme/Documents/weather_datapipeline/airflow_weather/venv/lib/python3.10/site-packages/airflow/example_dags/tutorial_etl_dag.py
[2023-05-19 18:03:53,801] {processor.py:651} INFO - DAG(s) dict_keys(['tutorial_etl_dag']) retrieved from /home/guilherme/Documents/weather_datapipeline/airflow_weather/venv/lib/python3.10/site-packages/airflow/example_dags/tutorial_etl_dag.py
[2023-05-19 18:03:53,809] {logging_mixin.py:115} INFO - [2023-05-19 18:03:53,809] {dag.py:2379} INFO - Sync 1 DAGs
[2023-05-19 18:03:53,819] {logging_mixin.py:115} INFO - [2023-05-19 18:03:53,819] {dag.py:2927} INFO - Setting next_dagrun for tutorial_etl_dag to None, run_after=None
[2023-05-19 18:03:53,825] {processor.py:161} INFO - Processing /home/guilherme/Documents/weather_datapipeline/airflow_weather/venv/lib/python3.10/site-packages/airflow/example_dags/tutorial_etl_dag.py took 0.030 seconds
[2023-05-19 18:04:24,042] {processor.py:153} INFO - Started process (PID=12477) to work on /home/guilherme/Documents/weather_datapipeline/airflow_weather/venv/lib/python3.10/site-packages/airflow/example_dags/tutorial_etl_dag.py
[2023-05-19 18:04:24,042] {processor.py:641} INFO - Processing file /home/guilherme/Documents/weather_datapipeline/airflow_weather/venv/lib/python3.10/site-packages/airflow/example_dags/tutorial_etl_dag.py for tasks to queue
[2023-05-19 18:04:24,043] {logging_mixin.py:115} INFO - [2023-05-19 18:04:24,042] {dagbag.py:507} INFO - Filling up the DagBag from /home/guilherme/Documents/weather_datapipeline/airflow_weather/venv/lib/python3.10/site-packages/airflow/example_dags/tutorial_etl_dag.py
[2023-05-19 18:04:24,047] {processor.py:651} INFO - DAG(s) dict_keys(['tutorial_etl_dag']) retrieved from /home/guilherme/Documents/weather_datapipeline/airflow_weather/venv/lib/python3.10/site-packages/airflow/example_dags/tutorial_etl_dag.py
[2023-05-19 18:04:24,056] {logging_mixin.py:115} INFO - [2023-05-19 18:04:24,056] {dag.py:2379} INFO - Sync 1 DAGs
[2023-05-19 18:04:24,066] {logging_mixin.py:115} INFO - [2023-05-19 18:04:24,066] {dag.py:2927} INFO - Setting next_dagrun for tutorial_etl_dag to None, run_after=None
[2023-05-19 18:04:24,072] {processor.py:161} INFO - Processing /home/guilherme/Documents/weather_datapipeline/airflow_weather/venv/lib/python3.10/site-packages/airflow/example_dags/tutorial_etl_dag.py took 0.032 seconds
[2023-05-19 18:04:57,093] {processor.py:153} INFO - Started process (PID=12616) to work on /home/guilherme/Documents/weather_datapipeline/airflow_weather/venv/lib/python3.10/site-packages/airflow/example_dags/tutorial_etl_dag.py
[2023-05-19 18:04:57,093] {processor.py:641} INFO - Processing file /home/guilherme/Documents/weather_datapipeline/airflow_weather/venv/lib/python3.10/site-packages/airflow/example_dags/tutorial_etl_dag.py for tasks to queue
[2023-05-19 18:04:57,094] {logging_mixin.py:115} INFO - [2023-05-19 18:04:57,094] {dagbag.py:507} INFO - Filling up the DagBag from /home/guilherme/Documents/weather_datapipeline/airflow_weather/venv/lib/python3.10/site-packages/airflow/example_dags/tutorial_etl_dag.py
[2023-05-19 18:04:57,097] {processor.py:651} INFO - DAG(s) dict_keys(['tutorial_etl_dag']) retrieved from /home/guilherme/Documents/weather_datapipeline/airflow_weather/venv/lib/python3.10/site-packages/airflow/example_dags/tutorial_etl_dag.py
[2023-05-19 18:04:57,106] {logging_mixin.py:115} INFO - [2023-05-19 18:04:57,106] {dag.py:2379} INFO - Sync 1 DAGs
[2023-05-19 18:04:57,114] {logging_mixin.py:115} INFO - [2023-05-19 18:04:57,114] {dag.py:2927} INFO - Setting next_dagrun for tutorial_etl_dag to None, run_after=None
[2023-05-19 18:04:57,121] {processor.py:161} INFO - Processing /home/guilherme/Documents/weather_datapipeline/airflow_weather/venv/lib/python3.10/site-packages/airflow/example_dags/tutorial_etl_dag.py took 0.029 seconds
[2023-05-19 18:05:29,333] {processor.py:153} INFO - Started process (PID=12874) to work on /home/guilherme/Documents/weather_datapipeline/airflow_weather/venv/lib/python3.10/site-packages/airflow/example_dags/tutorial_etl_dag.py
[2023-05-19 18:05:29,333] {processor.py:641} INFO - Processing file /home/guilherme/Documents/weather_datapipeline/airflow_weather/venv/lib/python3.10/site-packages/airflow/example_dags/tutorial_etl_dag.py for tasks to queue
[2023-05-19 18:05:29,334] {logging_mixin.py:115} INFO - [2023-05-19 18:05:29,334] {dagbag.py:507} INFO - Filling up the DagBag from /home/guilherme/Documents/weather_datapipeline/airflow_weather/venv/lib/python3.10/site-packages/airflow/example_dags/tutorial_etl_dag.py
[2023-05-19 18:05:29,337] {processor.py:651} INFO - DAG(s) dict_keys(['tutorial_etl_dag']) retrieved from /home/guilherme/Documents/weather_datapipeline/airflow_weather/venv/lib/python3.10/site-packages/airflow/example_dags/tutorial_etl_dag.py
[2023-05-19 18:05:29,346] {logging_mixin.py:115} INFO - [2023-05-19 18:05:29,346] {dag.py:2379} INFO - Sync 1 DAGs
[2023-05-19 18:05:29,354] {logging_mixin.py:115} INFO - [2023-05-19 18:05:29,354] {dag.py:2927} INFO - Setting next_dagrun for tutorial_etl_dag to None, run_after=None
[2023-05-19 18:05:29,360] {processor.py:161} INFO - Processing /home/guilherme/Documents/weather_datapipeline/airflow_weather/venv/lib/python3.10/site-packages/airflow/example_dags/tutorial_etl_dag.py took 0.028 seconds
[2023-05-19 18:05:59,751] {processor.py:153} INFO - Started process (PID=13241) to work on /home/guilherme/Documents/weather_datapipeline/airflow_weather/venv/lib/python3.10/site-packages/airflow/example_dags/tutorial_etl_dag.py
[2023-05-19 18:05:59,752] {processor.py:641} INFO - Processing file /home/guilherme/Documents/weather_datapipeline/airflow_weather/venv/lib/python3.10/site-packages/airflow/example_dags/tutorial_etl_dag.py for tasks to queue
[2023-05-19 18:05:59,752] {logging_mixin.py:115} INFO - [2023-05-19 18:05:59,752] {dagbag.py:507} INFO - Filling up the DagBag from /home/guilherme/Documents/weather_datapipeline/airflow_weather/venv/lib/python3.10/site-packages/airflow/example_dags/tutorial_etl_dag.py
[2023-05-19 18:05:59,756] {processor.py:651} INFO - DAG(s) dict_keys(['tutorial_etl_dag']) retrieved from /home/guilherme/Documents/weather_datapipeline/airflow_weather/venv/lib/python3.10/site-packages/airflow/example_dags/tutorial_etl_dag.py
[2023-05-19 18:05:59,769] {logging_mixin.py:115} INFO - [2023-05-19 18:05:59,768] {dag.py:2379} INFO - Sync 1 DAGs
[2023-05-19 18:05:59,779] {logging_mixin.py:115} INFO - [2023-05-19 18:05:59,779] {dag.py:2927} INFO - Setting next_dagrun for tutorial_etl_dag to None, run_after=None
[2023-05-19 18:05:59,786] {processor.py:161} INFO - Processing /home/guilherme/Documents/weather_datapipeline/airflow_weather/venv/lib/python3.10/site-packages/airflow/example_dags/tutorial_etl_dag.py took 0.036 seconds
[2023-05-19 18:06:31,650] {processor.py:153} INFO - Started process (PID=13612) to work on /home/guilherme/Documents/weather_datapipeline/airflow_weather/venv/lib/python3.10/site-packages/airflow/example_dags/tutorial_etl_dag.py
[2023-05-19 18:06:31,650] {processor.py:641} INFO - Processing file /home/guilherme/Documents/weather_datapipeline/airflow_weather/venv/lib/python3.10/site-packages/airflow/example_dags/tutorial_etl_dag.py for tasks to queue
[2023-05-19 18:06:31,651] {logging_mixin.py:115} INFO - [2023-05-19 18:06:31,651] {dagbag.py:507} INFO - Filling up the DagBag from /home/guilherme/Documents/weather_datapipeline/airflow_weather/venv/lib/python3.10/site-packages/airflow/example_dags/tutorial_etl_dag.py
[2023-05-19 18:06:31,655] {processor.py:651} INFO - DAG(s) dict_keys(['tutorial_etl_dag']) retrieved from /home/guilherme/Documents/weather_datapipeline/airflow_weather/venv/lib/python3.10/site-packages/airflow/example_dags/tutorial_etl_dag.py
[2023-05-19 18:06:31,664] {logging_mixin.py:115} INFO - [2023-05-19 18:06:31,664] {dag.py:2379} INFO - Sync 1 DAGs
[2023-05-19 18:06:31,672] {logging_mixin.py:115} INFO - [2023-05-19 18:06:31,672] {dag.py:2927} INFO - Setting next_dagrun for tutorial_etl_dag to None, run_after=None
[2023-05-19 18:06:31,677] {processor.py:161} INFO - Processing /home/guilherme/Documents/weather_datapipeline/airflow_weather/venv/lib/python3.10/site-packages/airflow/example_dags/tutorial_etl_dag.py took 0.029 seconds
[2023-05-19 18:07:03,566] {processor.py:153} INFO - Started process (PID=14156) to work on /home/guilherme/Documents/weather_datapipeline/airflow_weather/venv/lib/python3.10/site-packages/airflow/example_dags/tutorial_etl_dag.py
[2023-05-19 18:07:03,566] {processor.py:641} INFO - Processing file /home/guilherme/Documents/weather_datapipeline/airflow_weather/venv/lib/python3.10/site-packages/airflow/example_dags/tutorial_etl_dag.py for tasks to queue
[2023-05-19 18:07:03,566] {logging_mixin.py:115} INFO - [2023-05-19 18:07:03,566] {dagbag.py:507} INFO - Filling up the DagBag from /home/guilherme/Documents/weather_datapipeline/airflow_weather/venv/lib/python3.10/site-packages/airflow/example_dags/tutorial_etl_dag.py
[2023-05-19 18:07:03,570] {processor.py:651} INFO - DAG(s) dict_keys(['tutorial_etl_dag']) retrieved from /home/guilherme/Documents/weather_datapipeline/airflow_weather/venv/lib/python3.10/site-packages/airflow/example_dags/tutorial_etl_dag.py
[2023-05-19 18:07:03,580] {logging_mixin.py:115} INFO - [2023-05-19 18:07:03,580] {dag.py:2379} INFO - Sync 1 DAGs
[2023-05-19 18:07:03,588] {logging_mixin.py:115} INFO - [2023-05-19 18:07:03,588] {dag.py:2927} INFO - Setting next_dagrun for tutorial_etl_dag to None, run_after=None
[2023-05-19 18:07:03,596] {processor.py:161} INFO - Processing /home/guilherme/Documents/weather_datapipeline/airflow_weather/venv/lib/python3.10/site-packages/airflow/example_dags/tutorial_etl_dag.py took 0.032 seconds
[2023-05-19 18:07:36,013] {processor.py:153} INFO - Started process (PID=14417) to work on /home/guilherme/Documents/weather_datapipeline/airflow_weather/venv/lib/python3.10/site-packages/airflow/example_dags/tutorial_etl_dag.py
[2023-05-19 18:07:36,014] {processor.py:641} INFO - Processing file /home/guilherme/Documents/weather_datapipeline/airflow_weather/venv/lib/python3.10/site-packages/airflow/example_dags/tutorial_etl_dag.py for tasks to queue
[2023-05-19 18:07:36,014] {logging_mixin.py:115} INFO - [2023-05-19 18:07:36,014] {dagbag.py:507} INFO - Filling up the DagBag from /home/guilherme/Documents/weather_datapipeline/airflow_weather/venv/lib/python3.10/site-packages/airflow/example_dags/tutorial_etl_dag.py
[2023-05-19 18:07:36,019] {processor.py:651} INFO - DAG(s) dict_keys(['tutorial_etl_dag']) retrieved from /home/guilherme/Documents/weather_datapipeline/airflow_weather/venv/lib/python3.10/site-packages/airflow/example_dags/tutorial_etl_dag.py
[2023-05-19 18:07:36,030] {logging_mixin.py:115} INFO - [2023-05-19 18:07:36,030] {dag.py:2379} INFO - Sync 1 DAGs
[2023-05-19 18:07:36,038] {logging_mixin.py:115} INFO - [2023-05-19 18:07:36,038] {dag.py:2927} INFO - Setting next_dagrun for tutorial_etl_dag to None, run_after=None
[2023-05-19 18:07:36,045] {processor.py:161} INFO - Processing /home/guilherme/Documents/weather_datapipeline/airflow_weather/venv/lib/python3.10/site-packages/airflow/example_dags/tutorial_etl_dag.py took 0.035 seconds
[2023-05-19 18:08:07,927] {processor.py:153} INFO - Started process (PID=14595) to work on /home/guilherme/Documents/weather_datapipeline/airflow_weather/venv/lib/python3.10/site-packages/airflow/example_dags/tutorial_etl_dag.py
[2023-05-19 18:08:07,928] {processor.py:641} INFO - Processing file /home/guilherme/Documents/weather_datapipeline/airflow_weather/venv/lib/python3.10/site-packages/airflow/example_dags/tutorial_etl_dag.py for tasks to queue
[2023-05-19 18:08:07,928] {logging_mixin.py:115} INFO - [2023-05-19 18:08:07,928] {dagbag.py:507} INFO - Filling up the DagBag from /home/guilherme/Documents/weather_datapipeline/airflow_weather/venv/lib/python3.10/site-packages/airflow/example_dags/tutorial_etl_dag.py
[2023-05-19 18:08:07,933] {processor.py:651} INFO - DAG(s) dict_keys(['tutorial_etl_dag']) retrieved from /home/guilherme/Documents/weather_datapipeline/airflow_weather/venv/lib/python3.10/site-packages/airflow/example_dags/tutorial_etl_dag.py
[2023-05-19 18:08:07,942] {logging_mixin.py:115} INFO - [2023-05-19 18:08:07,942] {dag.py:2379} INFO - Sync 1 DAGs
[2023-05-19 18:08:07,951] {logging_mixin.py:115} INFO - [2023-05-19 18:08:07,951] {dag.py:2927} INFO - Setting next_dagrun for tutorial_etl_dag to None, run_after=None
[2023-05-19 18:08:07,958] {processor.py:161} INFO - Processing /home/guilherme/Documents/weather_datapipeline/airflow_weather/venv/lib/python3.10/site-packages/airflow/example_dags/tutorial_etl_dag.py took 0.032 seconds
[2023-05-19 18:08:41,549] {processor.py:153} INFO - Started process (PID=14780) to work on /home/guilherme/Documents/weather_datapipeline/airflow_weather/venv/lib/python3.10/site-packages/airflow/example_dags/tutorial_etl_dag.py
[2023-05-19 18:08:41,549] {processor.py:641} INFO - Processing file /home/guilherme/Documents/weather_datapipeline/airflow_weather/venv/lib/python3.10/site-packages/airflow/example_dags/tutorial_etl_dag.py for tasks to queue
[2023-05-19 18:08:41,549] {logging_mixin.py:115} INFO - [2023-05-19 18:08:41,549] {dagbag.py:507} INFO - Filling up the DagBag from /home/guilherme/Documents/weather_datapipeline/airflow_weather/venv/lib/python3.10/site-packages/airflow/example_dags/tutorial_etl_dag.py
[2023-05-19 18:08:41,553] {processor.py:651} INFO - DAG(s) dict_keys(['tutorial_etl_dag']) retrieved from /home/guilherme/Documents/weather_datapipeline/airflow_weather/venv/lib/python3.10/site-packages/airflow/example_dags/tutorial_etl_dag.py
[2023-05-19 18:08:41,563] {logging_mixin.py:115} INFO - [2023-05-19 18:08:41,563] {dag.py:2379} INFO - Sync 1 DAGs
[2023-05-19 18:08:41,572] {logging_mixin.py:115} INFO - [2023-05-19 18:08:41,572] {dag.py:2927} INFO - Setting next_dagrun for tutorial_etl_dag to None, run_after=None
[2023-05-19 18:08:41,578] {processor.py:161} INFO - Processing /home/guilherme/Documents/weather_datapipeline/airflow_weather/venv/lib/python3.10/site-packages/airflow/example_dags/tutorial_etl_dag.py took 0.031 seconds
[2023-05-19 18:09:13,052] {processor.py:153} INFO - Started process (PID=14975) to work on /home/guilherme/Documents/weather_datapipeline/airflow_weather/venv/lib/python3.10/site-packages/airflow/example_dags/tutorial_etl_dag.py
[2023-05-19 18:09:13,053] {processor.py:641} INFO - Processing file /home/guilherme/Documents/weather_datapipeline/airflow_weather/venv/lib/python3.10/site-packages/airflow/example_dags/tutorial_etl_dag.py for tasks to queue
[2023-05-19 18:09:13,053] {logging_mixin.py:115} INFO - [2023-05-19 18:09:13,053] {dagbag.py:507} INFO - Filling up the DagBag from /home/guilherme/Documents/weather_datapipeline/airflow_weather/venv/lib/python3.10/site-packages/airflow/example_dags/tutorial_etl_dag.py
[2023-05-19 18:09:13,058] {processor.py:651} INFO - DAG(s) dict_keys(['tutorial_etl_dag']) retrieved from /home/guilherme/Documents/weather_datapipeline/airflow_weather/venv/lib/python3.10/site-packages/airflow/example_dags/tutorial_etl_dag.py
[2023-05-19 18:09:13,067] {logging_mixin.py:115} INFO - [2023-05-19 18:09:13,067] {dag.py:2379} INFO - Sync 1 DAGs
[2023-05-19 18:09:13,075] {logging_mixin.py:115} INFO - [2023-05-19 18:09:13,075] {dag.py:2927} INFO - Setting next_dagrun for tutorial_etl_dag to None, run_after=None
[2023-05-19 18:09:13,082] {processor.py:161} INFO - Processing /home/guilherme/Documents/weather_datapipeline/airflow_weather/venv/lib/python3.10/site-packages/airflow/example_dags/tutorial_etl_dag.py took 0.031 seconds
[2023-05-19 18:09:44,259] {processor.py:153} INFO - Started process (PID=15100) to work on /home/guilherme/Documents/weather_datapipeline/airflow_weather/venv/lib/python3.10/site-packages/airflow/example_dags/tutorial_etl_dag.py
[2023-05-19 18:09:44,260] {processor.py:641} INFO - Processing file /home/guilherme/Documents/weather_datapipeline/airflow_weather/venv/lib/python3.10/site-packages/airflow/example_dags/tutorial_etl_dag.py for tasks to queue
[2023-05-19 18:09:44,260] {logging_mixin.py:115} INFO - [2023-05-19 18:09:44,260] {dagbag.py:507} INFO - Filling up the DagBag from /home/guilherme/Documents/weather_datapipeline/airflow_weather/venv/lib/python3.10/site-packages/airflow/example_dags/tutorial_etl_dag.py
[2023-05-19 18:09:44,264] {processor.py:651} INFO - DAG(s) dict_keys(['tutorial_etl_dag']) retrieved from /home/guilherme/Documents/weather_datapipeline/airflow_weather/venv/lib/python3.10/site-packages/airflow/example_dags/tutorial_etl_dag.py
[2023-05-19 18:09:44,276] {logging_mixin.py:115} INFO - [2023-05-19 18:09:44,276] {dag.py:2379} INFO - Sync 1 DAGs
[2023-05-19 18:09:44,285] {logging_mixin.py:115} INFO - [2023-05-19 18:09:44,285] {dag.py:2927} INFO - Setting next_dagrun for tutorial_etl_dag to None, run_after=None
[2023-05-19 18:09:44,292] {processor.py:161} INFO - Processing /home/guilherme/Documents/weather_datapipeline/airflow_weather/venv/lib/python3.10/site-packages/airflow/example_dags/tutorial_etl_dag.py took 0.035 seconds
[2023-05-19 18:10:17,242] {processor.py:153} INFO - Started process (PID=15265) to work on /home/guilherme/Documents/weather_datapipeline/airflow_weather/venv/lib/python3.10/site-packages/airflow/example_dags/tutorial_etl_dag.py
[2023-05-19 18:10:17,243] {processor.py:641} INFO - Processing file /home/guilherme/Documents/weather_datapipeline/airflow_weather/venv/lib/python3.10/site-packages/airflow/example_dags/tutorial_etl_dag.py for tasks to queue
[2023-05-19 18:10:17,243] {logging_mixin.py:115} INFO - [2023-05-19 18:10:17,243] {dagbag.py:507} INFO - Filling up the DagBag from /home/guilherme/Documents/weather_datapipeline/airflow_weather/venv/lib/python3.10/site-packages/airflow/example_dags/tutorial_etl_dag.py
[2023-05-19 18:10:17,247] {processor.py:651} INFO - DAG(s) dict_keys(['tutorial_etl_dag']) retrieved from /home/guilherme/Documents/weather_datapipeline/airflow_weather/venv/lib/python3.10/site-packages/airflow/example_dags/tutorial_etl_dag.py
[2023-05-19 18:10:17,257] {logging_mixin.py:115} INFO - [2023-05-19 18:10:17,257] {dag.py:2379} INFO - Sync 1 DAGs
[2023-05-19 18:10:17,266] {logging_mixin.py:115} INFO - [2023-05-19 18:10:17,266] {dag.py:2927} INFO - Setting next_dagrun for tutorial_etl_dag to None, run_after=None
[2023-05-19 18:10:17,273] {processor.py:161} INFO - Processing /home/guilherme/Documents/weather_datapipeline/airflow_weather/venv/lib/python3.10/site-packages/airflow/example_dags/tutorial_etl_dag.py took 0.032 seconds
[2023-05-19 18:10:49,146] {processor.py:153} INFO - Started process (PID=15352) to work on /home/guilherme/Documents/weather_datapipeline/airflow_weather/venv/lib/python3.10/site-packages/airflow/example_dags/tutorial_etl_dag.py
[2023-05-19 18:10:49,146] {processor.py:641} INFO - Processing file /home/guilherme/Documents/weather_datapipeline/airflow_weather/venv/lib/python3.10/site-packages/airflow/example_dags/tutorial_etl_dag.py for tasks to queue
[2023-05-19 18:10:49,147] {logging_mixin.py:115} INFO - [2023-05-19 18:10:49,147] {dagbag.py:507} INFO - Filling up the DagBag from /home/guilherme/Documents/weather_datapipeline/airflow_weather/venv/lib/python3.10/site-packages/airflow/example_dags/tutorial_etl_dag.py
[2023-05-19 18:10:49,151] {processor.py:651} INFO - DAG(s) dict_keys(['tutorial_etl_dag']) retrieved from /home/guilherme/Documents/weather_datapipeline/airflow_weather/venv/lib/python3.10/site-packages/airflow/example_dags/tutorial_etl_dag.py
[2023-05-19 18:10:49,162] {logging_mixin.py:115} INFO - [2023-05-19 18:10:49,162] {dag.py:2379} INFO - Sync 1 DAGs
[2023-05-19 18:10:49,170] {logging_mixin.py:115} INFO - [2023-05-19 18:10:49,170] {dag.py:2927} INFO - Setting next_dagrun for tutorial_etl_dag to None, run_after=None
[2023-05-19 18:10:49,178] {processor.py:161} INFO - Processing /home/guilherme/Documents/weather_datapipeline/airflow_weather/venv/lib/python3.10/site-packages/airflow/example_dags/tutorial_etl_dag.py took 0.033 seconds
[2023-05-19 18:11:22,274] {processor.py:153} INFO - Started process (PID=15427) to work on /home/guilherme/Documents/weather_datapipeline/airflow_weather/venv/lib/python3.10/site-packages/airflow/example_dags/tutorial_etl_dag.py
[2023-05-19 18:11:22,275] {processor.py:641} INFO - Processing file /home/guilherme/Documents/weather_datapipeline/airflow_weather/venv/lib/python3.10/site-packages/airflow/example_dags/tutorial_etl_dag.py for tasks to queue
[2023-05-19 18:11:22,275] {logging_mixin.py:115} INFO - [2023-05-19 18:11:22,275] {dagbag.py:507} INFO - Filling up the DagBag from /home/guilherme/Documents/weather_datapipeline/airflow_weather/venv/lib/python3.10/site-packages/airflow/example_dags/tutorial_etl_dag.py
[2023-05-19 18:11:22,280] {processor.py:651} INFO - DAG(s) dict_keys(['tutorial_etl_dag']) retrieved from /home/guilherme/Documents/weather_datapipeline/airflow_weather/venv/lib/python3.10/site-packages/airflow/example_dags/tutorial_etl_dag.py
[2023-05-19 18:11:22,291] {logging_mixin.py:115} INFO - [2023-05-19 18:11:22,290] {dag.py:2379} INFO - Sync 1 DAGs
[2023-05-19 18:11:22,300] {logging_mixin.py:115} INFO - [2023-05-19 18:11:22,300] {dag.py:2927} INFO - Setting next_dagrun for tutorial_etl_dag to None, run_after=None
[2023-05-19 18:11:22,307] {processor.py:161} INFO - Processing /home/guilherme/Documents/weather_datapipeline/airflow_weather/venv/lib/python3.10/site-packages/airflow/example_dags/tutorial_etl_dag.py took 0.035 seconds
[2023-05-19 18:11:53,781] {processor.py:153} INFO - Started process (PID=15462) to work on /home/guilherme/Documents/weather_datapipeline/airflow_weather/venv/lib/python3.10/site-packages/airflow/example_dags/tutorial_etl_dag.py
[2023-05-19 18:11:53,781] {processor.py:641} INFO - Processing file /home/guilherme/Documents/weather_datapipeline/airflow_weather/venv/lib/python3.10/site-packages/airflow/example_dags/tutorial_etl_dag.py for tasks to queue
[2023-05-19 18:11:53,781] {logging_mixin.py:115} INFO - [2023-05-19 18:11:53,781] {dagbag.py:507} INFO - Filling up the DagBag from /home/guilherme/Documents/weather_datapipeline/airflow_weather/venv/lib/python3.10/site-packages/airflow/example_dags/tutorial_etl_dag.py
[2023-05-19 18:11:53,786] {processor.py:651} INFO - DAG(s) dict_keys(['tutorial_etl_dag']) retrieved from /home/guilherme/Documents/weather_datapipeline/airflow_weather/venv/lib/python3.10/site-packages/airflow/example_dags/tutorial_etl_dag.py
[2023-05-19 18:11:53,797] {logging_mixin.py:115} INFO - [2023-05-19 18:11:53,797] {dag.py:2379} INFO - Sync 1 DAGs
[2023-05-19 18:11:53,807] {logging_mixin.py:115} INFO - [2023-05-19 18:11:53,807] {dag.py:2927} INFO - Setting next_dagrun for tutorial_etl_dag to None, run_after=None
[2023-05-19 18:11:53,813] {processor.py:161} INFO - Processing /home/guilherme/Documents/weather_datapipeline/airflow_weather/venv/lib/python3.10/site-packages/airflow/example_dags/tutorial_etl_dag.py took 0.034 seconds
[2023-05-19 18:12:25,354] {processor.py:153} INFO - Started process (PID=15531) to work on /home/guilherme/Documents/weather_datapipeline/airflow_weather/venv/lib/python3.10/site-packages/airflow/example_dags/tutorial_etl_dag.py
[2023-05-19 18:12:25,354] {processor.py:641} INFO - Processing file /home/guilherme/Documents/weather_datapipeline/airflow_weather/venv/lib/python3.10/site-packages/airflow/example_dags/tutorial_etl_dag.py for tasks to queue
[2023-05-19 18:12:25,355] {logging_mixin.py:115} INFO - [2023-05-19 18:12:25,355] {dagbag.py:507} INFO - Filling up the DagBag from /home/guilherme/Documents/weather_datapipeline/airflow_weather/venv/lib/python3.10/site-packages/airflow/example_dags/tutorial_etl_dag.py
[2023-05-19 18:12:25,360] {processor.py:651} INFO - DAG(s) dict_keys(['tutorial_etl_dag']) retrieved from /home/guilherme/Documents/weather_datapipeline/airflow_weather/venv/lib/python3.10/site-packages/airflow/example_dags/tutorial_etl_dag.py
[2023-05-19 18:12:25,374] {logging_mixin.py:115} INFO - [2023-05-19 18:12:25,373] {dag.py:2379} INFO - Sync 1 DAGs
[2023-05-19 18:12:25,382] {logging_mixin.py:115} INFO - [2023-05-19 18:12:25,382] {dag.py:2927} INFO - Setting next_dagrun for tutorial_etl_dag to None, run_after=None
[2023-05-19 18:12:25,390] {processor.py:161} INFO - Processing /home/guilherme/Documents/weather_datapipeline/airflow_weather/venv/lib/python3.10/site-packages/airflow/example_dags/tutorial_etl_dag.py took 0.038 seconds
[2023-05-19 18:12:57,164] {processor.py:153} INFO - Started process (PID=15612) to work on /home/guilherme/Documents/weather_datapipeline/airflow_weather/venv/lib/python3.10/site-packages/airflow/example_dags/tutorial_etl_dag.py
[2023-05-19 18:12:57,164] {processor.py:641} INFO - Processing file /home/guilherme/Documents/weather_datapipeline/airflow_weather/venv/lib/python3.10/site-packages/airflow/example_dags/tutorial_etl_dag.py for tasks to queue
[2023-05-19 18:12:57,165] {logging_mixin.py:115} INFO - [2023-05-19 18:12:57,165] {dagbag.py:507} INFO - Filling up the DagBag from /home/guilherme/Documents/weather_datapipeline/airflow_weather/venv/lib/python3.10/site-packages/airflow/example_dags/tutorial_etl_dag.py
[2023-05-19 18:12:57,169] {processor.py:651} INFO - DAG(s) dict_keys(['tutorial_etl_dag']) retrieved from /home/guilherme/Documents/weather_datapipeline/airflow_weather/venv/lib/python3.10/site-packages/airflow/example_dags/tutorial_etl_dag.py
[2023-05-19 18:12:57,179] {logging_mixin.py:115} INFO - [2023-05-19 18:12:57,179] {dag.py:2379} INFO - Sync 1 DAGs
[2023-05-19 18:12:57,191] {logging_mixin.py:115} INFO - [2023-05-19 18:12:57,191] {dag.py:2927} INFO - Setting next_dagrun for tutorial_etl_dag to None, run_after=None
[2023-05-19 18:12:57,197] {processor.py:161} INFO - Processing /home/guilherme/Documents/weather_datapipeline/airflow_weather/venv/lib/python3.10/site-packages/airflow/example_dags/tutorial_etl_dag.py took 0.035 seconds
[2023-05-19 18:13:29,045] {processor.py:153} INFO - Started process (PID=15801) to work on /home/guilherme/Documents/weather_datapipeline/airflow_weather/venv/lib/python3.10/site-packages/airflow/example_dags/tutorial_etl_dag.py
[2023-05-19 18:13:29,045] {processor.py:641} INFO - Processing file /home/guilherme/Documents/weather_datapipeline/airflow_weather/venv/lib/python3.10/site-packages/airflow/example_dags/tutorial_etl_dag.py for tasks to queue
[2023-05-19 18:13:29,046] {logging_mixin.py:115} INFO - [2023-05-19 18:13:29,046] {dagbag.py:507} INFO - Filling up the DagBag from /home/guilherme/Documents/weather_datapipeline/airflow_weather/venv/lib/python3.10/site-packages/airflow/example_dags/tutorial_etl_dag.py
[2023-05-19 18:13:29,050] {processor.py:651} INFO - DAG(s) dict_keys(['tutorial_etl_dag']) retrieved from /home/guilherme/Documents/weather_datapipeline/airflow_weather/venv/lib/python3.10/site-packages/airflow/example_dags/tutorial_etl_dag.py
[2023-05-19 18:13:29,060] {logging_mixin.py:115} INFO - [2023-05-19 18:13:29,060] {dag.py:2379} INFO - Sync 1 DAGs
[2023-05-19 18:13:29,069] {logging_mixin.py:115} INFO - [2023-05-19 18:13:29,069] {dag.py:2927} INFO - Setting next_dagrun for tutorial_etl_dag to None, run_after=None
[2023-05-19 18:13:29,075] {processor.py:161} INFO - Processing /home/guilherme/Documents/weather_datapipeline/airflow_weather/venv/lib/python3.10/site-packages/airflow/example_dags/tutorial_etl_dag.py took 0.031 seconds
[2023-05-19 18:14:01,493] {processor.py:153} INFO - Started process (PID=15975) to work on /home/guilherme/Documents/weather_datapipeline/airflow_weather/venv/lib/python3.10/site-packages/airflow/example_dags/tutorial_etl_dag.py
[2023-05-19 18:14:01,493] {processor.py:641} INFO - Processing file /home/guilherme/Documents/weather_datapipeline/airflow_weather/venv/lib/python3.10/site-packages/airflow/example_dags/tutorial_etl_dag.py for tasks to queue
[2023-05-19 18:14:01,494] {logging_mixin.py:115} INFO - [2023-05-19 18:14:01,494] {dagbag.py:507} INFO - Filling up the DagBag from /home/guilherme/Documents/weather_datapipeline/airflow_weather/venv/lib/python3.10/site-packages/airflow/example_dags/tutorial_etl_dag.py
[2023-05-19 18:14:01,498] {processor.py:651} INFO - DAG(s) dict_keys(['tutorial_etl_dag']) retrieved from /home/guilherme/Documents/weather_datapipeline/airflow_weather/venv/lib/python3.10/site-packages/airflow/example_dags/tutorial_etl_dag.py
[2023-05-19 18:14:01,508] {logging_mixin.py:115} INFO - [2023-05-19 18:14:01,508] {dag.py:2379} INFO - Sync 1 DAGs
[2023-05-19 18:14:01,516] {logging_mixin.py:115} INFO - [2023-05-19 18:14:01,516] {dag.py:2927} INFO - Setting next_dagrun for tutorial_etl_dag to None, run_after=None
[2023-05-19 18:14:01,522] {processor.py:161} INFO - Processing /home/guilherme/Documents/weather_datapipeline/airflow_weather/venv/lib/python3.10/site-packages/airflow/example_dags/tutorial_etl_dag.py took 0.031 seconds
[2023-05-19 18:14:33,393] {processor.py:153} INFO - Started process (PID=16179) to work on /home/guilherme/Documents/weather_datapipeline/airflow_weather/venv/lib/python3.10/site-packages/airflow/example_dags/tutorial_etl_dag.py
[2023-05-19 18:14:33,394] {processor.py:641} INFO - Processing file /home/guilherme/Documents/weather_datapipeline/airflow_weather/venv/lib/python3.10/site-packages/airflow/example_dags/tutorial_etl_dag.py for tasks to queue
[2023-05-19 18:14:33,394] {logging_mixin.py:115} INFO - [2023-05-19 18:14:33,394] {dagbag.py:507} INFO - Filling up the DagBag from /home/guilherme/Documents/weather_datapipeline/airflow_weather/venv/lib/python3.10/site-packages/airflow/example_dags/tutorial_etl_dag.py
[2023-05-19 18:14:33,398] {processor.py:651} INFO - DAG(s) dict_keys(['tutorial_etl_dag']) retrieved from /home/guilherme/Documents/weather_datapipeline/airflow_weather/venv/lib/python3.10/site-packages/airflow/example_dags/tutorial_etl_dag.py
[2023-05-19 18:14:33,408] {logging_mixin.py:115} INFO - [2023-05-19 18:14:33,408] {dag.py:2379} INFO - Sync 1 DAGs
[2023-05-19 18:14:33,417] {logging_mixin.py:115} INFO - [2023-05-19 18:14:33,417] {dag.py:2927} INFO - Setting next_dagrun for tutorial_etl_dag to None, run_after=None
[2023-05-19 18:14:33,424] {processor.py:161} INFO - Processing /home/guilherme/Documents/weather_datapipeline/airflow_weather/venv/lib/python3.10/site-packages/airflow/example_dags/tutorial_etl_dag.py took 0.032 seconds
[2023-05-19 18:15:09,210] {processor.py:153} INFO - Started process (PID=16376) to work on /home/guilherme/Documents/weather_datapipeline/airflow_weather/venv/lib/python3.10/site-packages/airflow/example_dags/tutorial_etl_dag.py
[2023-05-19 18:15:09,210] {processor.py:641} INFO - Processing file /home/guilherme/Documents/weather_datapipeline/airflow_weather/venv/lib/python3.10/site-packages/airflow/example_dags/tutorial_etl_dag.py for tasks to queue
[2023-05-19 18:15:09,211] {logging_mixin.py:115} INFO - [2023-05-19 18:15:09,211] {dagbag.py:507} INFO - Filling up the DagBag from /home/guilherme/Documents/weather_datapipeline/airflow_weather/venv/lib/python3.10/site-packages/airflow/example_dags/tutorial_etl_dag.py
[2023-05-19 18:15:09,215] {processor.py:651} INFO - DAG(s) dict_keys(['tutorial_etl_dag']) retrieved from /home/guilherme/Documents/weather_datapipeline/airflow_weather/venv/lib/python3.10/site-packages/airflow/example_dags/tutorial_etl_dag.py
[2023-05-19 18:15:09,224] {logging_mixin.py:115} INFO - [2023-05-19 18:15:09,224] {dag.py:2379} INFO - Sync 1 DAGs
[2023-05-19 18:15:09,233] {logging_mixin.py:115} INFO - [2023-05-19 18:15:09,233] {dag.py:2927} INFO - Setting next_dagrun for tutorial_etl_dag to None, run_after=None
[2023-05-19 18:15:09,239] {processor.py:161} INFO - Processing /home/guilherme/Documents/weather_datapipeline/airflow_weather/venv/lib/python3.10/site-packages/airflow/example_dags/tutorial_etl_dag.py took 0.031 seconds
[2023-05-19 18:15:41,037] {processor.py:153} INFO - Started process (PID=16548) to work on /home/guilherme/Documents/weather_datapipeline/airflow_weather/venv/lib/python3.10/site-packages/airflow/example_dags/tutorial_etl_dag.py
[2023-05-19 18:15:41,038] {processor.py:641} INFO - Processing file /home/guilherme/Documents/weather_datapipeline/airflow_weather/venv/lib/python3.10/site-packages/airflow/example_dags/tutorial_etl_dag.py for tasks to queue
[2023-05-19 18:15:41,038] {logging_mixin.py:115} INFO - [2023-05-19 18:15:41,038] {dagbag.py:507} INFO - Filling up the DagBag from /home/guilherme/Documents/weather_datapipeline/airflow_weather/venv/lib/python3.10/site-packages/airflow/example_dags/tutorial_etl_dag.py
[2023-05-19 18:15:41,043] {processor.py:651} INFO - DAG(s) dict_keys(['tutorial_etl_dag']) retrieved from /home/guilherme/Documents/weather_datapipeline/airflow_weather/venv/lib/python3.10/site-packages/airflow/example_dags/tutorial_etl_dag.py
[2023-05-19 18:15:41,052] {logging_mixin.py:115} INFO - [2023-05-19 18:15:41,052] {dag.py:2379} INFO - Sync 1 DAGs
[2023-05-19 18:15:41,060] {logging_mixin.py:115} INFO - [2023-05-19 18:15:41,060] {dag.py:2927} INFO - Setting next_dagrun for tutorial_etl_dag to None, run_after=None
[2023-05-19 18:15:41,066] {processor.py:161} INFO - Processing /home/guilherme/Documents/weather_datapipeline/airflow_weather/venv/lib/python3.10/site-packages/airflow/example_dags/tutorial_etl_dag.py took 0.030 seconds
[2023-05-19 18:16:12,930] {processor.py:153} INFO - Started process (PID=16719) to work on /home/guilherme/Documents/weather_datapipeline/airflow_weather/venv/lib/python3.10/site-packages/airflow/example_dags/tutorial_etl_dag.py
[2023-05-19 18:16:12,930] {processor.py:641} INFO - Processing file /home/guilherme/Documents/weather_datapipeline/airflow_weather/venv/lib/python3.10/site-packages/airflow/example_dags/tutorial_etl_dag.py for tasks to queue
[2023-05-19 18:16:12,930] {logging_mixin.py:115} INFO - [2023-05-19 18:16:12,930] {dagbag.py:507} INFO - Filling up the DagBag from /home/guilherme/Documents/weather_datapipeline/airflow_weather/venv/lib/python3.10/site-packages/airflow/example_dags/tutorial_etl_dag.py
[2023-05-19 18:16:12,934] {processor.py:651} INFO - DAG(s) dict_keys(['tutorial_etl_dag']) retrieved from /home/guilherme/Documents/weather_datapipeline/airflow_weather/venv/lib/python3.10/site-packages/airflow/example_dags/tutorial_etl_dag.py
[2023-05-19 18:16:12,945] {logging_mixin.py:115} INFO - [2023-05-19 18:16:12,944] {dag.py:2379} INFO - Sync 1 DAGs
[2023-05-19 18:16:12,952] {logging_mixin.py:115} INFO - [2023-05-19 18:16:12,952] {dag.py:2927} INFO - Setting next_dagrun for tutorial_etl_dag to None, run_after=None
[2023-05-19 18:16:12,959] {processor.py:161} INFO - Processing /home/guilherme/Documents/weather_datapipeline/airflow_weather/venv/lib/python3.10/site-packages/airflow/example_dags/tutorial_etl_dag.py took 0.031 seconds
[2023-05-19 18:16:45,361] {processor.py:153} INFO - Started process (PID=16913) to work on /home/guilherme/Documents/weather_datapipeline/airflow_weather/venv/lib/python3.10/site-packages/airflow/example_dags/tutorial_etl_dag.py
[2023-05-19 18:16:45,361] {processor.py:641} INFO - Processing file /home/guilherme/Documents/weather_datapipeline/airflow_weather/venv/lib/python3.10/site-packages/airflow/example_dags/tutorial_etl_dag.py for tasks to queue
[2023-05-19 18:16:45,362] {logging_mixin.py:115} INFO - [2023-05-19 18:16:45,362] {dagbag.py:507} INFO - Filling up the DagBag from /home/guilherme/Documents/weather_datapipeline/airflow_weather/venv/lib/python3.10/site-packages/airflow/example_dags/tutorial_etl_dag.py
[2023-05-19 18:16:45,366] {processor.py:651} INFO - DAG(s) dict_keys(['tutorial_etl_dag']) retrieved from /home/guilherme/Documents/weather_datapipeline/airflow_weather/venv/lib/python3.10/site-packages/airflow/example_dags/tutorial_etl_dag.py
[2023-05-19 18:16:45,376] {logging_mixin.py:115} INFO - [2023-05-19 18:16:45,376] {dag.py:2379} INFO - Sync 1 DAGs
[2023-05-19 18:16:45,384] {logging_mixin.py:115} INFO - [2023-05-19 18:16:45,384] {dag.py:2927} INFO - Setting next_dagrun for tutorial_etl_dag to None, run_after=None
[2023-05-19 18:16:45,390] {processor.py:161} INFO - Processing /home/guilherme/Documents/weather_datapipeline/airflow_weather/venv/lib/python3.10/site-packages/airflow/example_dags/tutorial_etl_dag.py took 0.031 seconds
[2023-05-19 18:17:16,833] {processor.py:153} INFO - Started process (PID=17088) to work on /home/guilherme/Documents/weather_datapipeline/airflow_weather/venv/lib/python3.10/site-packages/airflow/example_dags/tutorial_etl_dag.py
[2023-05-19 18:17:16,833] {processor.py:641} INFO - Processing file /home/guilherme/Documents/weather_datapipeline/airflow_weather/venv/lib/python3.10/site-packages/airflow/example_dags/tutorial_etl_dag.py for tasks to queue
[2023-05-19 18:17:16,833] {logging_mixin.py:115} INFO - [2023-05-19 18:17:16,833] {dagbag.py:507} INFO - Filling up the DagBag from /home/guilherme/Documents/weather_datapipeline/airflow_weather/venv/lib/python3.10/site-packages/airflow/example_dags/tutorial_etl_dag.py
[2023-05-19 18:17:16,837] {processor.py:651} INFO - DAG(s) dict_keys(['tutorial_etl_dag']) retrieved from /home/guilherme/Documents/weather_datapipeline/airflow_weather/venv/lib/python3.10/site-packages/airflow/example_dags/tutorial_etl_dag.py
[2023-05-19 18:17:16,847] {logging_mixin.py:115} INFO - [2023-05-19 18:17:16,847] {dag.py:2379} INFO - Sync 1 DAGs
[2023-05-19 18:17:16,854] {logging_mixin.py:115} INFO - [2023-05-19 18:17:16,854] {dag.py:2927} INFO - Setting next_dagrun for tutorial_etl_dag to None, run_after=None
[2023-05-19 18:17:16,861] {processor.py:161} INFO - Processing /home/guilherme/Documents/weather_datapipeline/airflow_weather/venv/lib/python3.10/site-packages/airflow/example_dags/tutorial_etl_dag.py took 0.030 seconds
[2023-05-19 18:17:50,465] {processor.py:153} INFO - Started process (PID=17287) to work on /home/guilherme/Documents/weather_datapipeline/airflow_weather/venv/lib/python3.10/site-packages/airflow/example_dags/tutorial_etl_dag.py
[2023-05-19 18:17:50,466] {processor.py:641} INFO - Processing file /home/guilherme/Documents/weather_datapipeline/airflow_weather/venv/lib/python3.10/site-packages/airflow/example_dags/tutorial_etl_dag.py for tasks to queue
[2023-05-19 18:17:50,466] {logging_mixin.py:115} INFO - [2023-05-19 18:17:50,466] {dagbag.py:507} INFO - Filling up the DagBag from /home/guilherme/Documents/weather_datapipeline/airflow_weather/venv/lib/python3.10/site-packages/airflow/example_dags/tutorial_etl_dag.py
[2023-05-19 18:17:50,470] {processor.py:651} INFO - DAG(s) dict_keys(['tutorial_etl_dag']) retrieved from /home/guilherme/Documents/weather_datapipeline/airflow_weather/venv/lib/python3.10/site-packages/airflow/example_dags/tutorial_etl_dag.py
[2023-05-19 18:17:50,481] {logging_mixin.py:115} INFO - [2023-05-19 18:17:50,481] {dag.py:2379} INFO - Sync 1 DAGs
[2023-05-19 18:17:50,490] {logging_mixin.py:115} INFO - [2023-05-19 18:17:50,490] {dag.py:2927} INFO - Setting next_dagrun for tutorial_etl_dag to None, run_after=None
[2023-05-19 18:17:50,497] {processor.py:161} INFO - Processing /home/guilherme/Documents/weather_datapipeline/airflow_weather/venv/lib/python3.10/site-packages/airflow/example_dags/tutorial_etl_dag.py took 0.033 seconds
[2023-05-19 18:18:23,790] {processor.py:153} INFO - Started process (PID=17504) to work on /home/guilherme/Documents/weather_datapipeline/airflow_weather/venv/lib/python3.10/site-packages/airflow/example_dags/tutorial_etl_dag.py
[2023-05-19 18:18:23,791] {processor.py:641} INFO - Processing file /home/guilherme/Documents/weather_datapipeline/airflow_weather/venv/lib/python3.10/site-packages/airflow/example_dags/tutorial_etl_dag.py for tasks to queue
[2023-05-19 18:18:23,792] {logging_mixin.py:115} INFO - [2023-05-19 18:18:23,791] {dagbag.py:507} INFO - Filling up the DagBag from /home/guilherme/Documents/weather_datapipeline/airflow_weather/venv/lib/python3.10/site-packages/airflow/example_dags/tutorial_etl_dag.py
[2023-05-19 18:18:23,798] {processor.py:651} INFO - DAG(s) dict_keys(['tutorial_etl_dag']) retrieved from /home/guilherme/Documents/weather_datapipeline/airflow_weather/venv/lib/python3.10/site-packages/airflow/example_dags/tutorial_etl_dag.py
[2023-05-19 18:18:23,808] {logging_mixin.py:115} INFO - [2023-05-19 18:18:23,808] {dag.py:2379} INFO - Sync 1 DAGs
[2023-05-19 18:18:23,818] {logging_mixin.py:115} INFO - [2023-05-19 18:18:23,818] {dag.py:2927} INFO - Setting next_dagrun for tutorial_etl_dag to None, run_after=None
[2023-05-19 18:18:23,825] {processor.py:161} INFO - Processing /home/guilherme/Documents/weather_datapipeline/airflow_weather/venv/lib/python3.10/site-packages/airflow/example_dags/tutorial_etl_dag.py took 0.037 seconds
[2023-05-19 18:18:56,774] {processor.py:153} INFO - Started process (PID=17713) to work on /home/guilherme/Documents/weather_datapipeline/airflow_weather/venv/lib/python3.10/site-packages/airflow/example_dags/tutorial_etl_dag.py
[2023-05-19 18:18:56,774] {processor.py:641} INFO - Processing file /home/guilherme/Documents/weather_datapipeline/airflow_weather/venv/lib/python3.10/site-packages/airflow/example_dags/tutorial_etl_dag.py for tasks to queue
[2023-05-19 18:18:56,775] {logging_mixin.py:115} INFO - [2023-05-19 18:18:56,775] {dagbag.py:507} INFO - Filling up the DagBag from /home/guilherme/Documents/weather_datapipeline/airflow_weather/venv/lib/python3.10/site-packages/airflow/example_dags/tutorial_etl_dag.py
[2023-05-19 18:18:56,781] {processor.py:651} INFO - DAG(s) dict_keys(['tutorial_etl_dag']) retrieved from /home/guilherme/Documents/weather_datapipeline/airflow_weather/venv/lib/python3.10/site-packages/airflow/example_dags/tutorial_etl_dag.py
[2023-05-19 18:18:56,791] {logging_mixin.py:115} INFO - [2023-05-19 18:18:56,790] {dag.py:2379} INFO - Sync 1 DAGs
[2023-05-19 18:18:56,800] {logging_mixin.py:115} INFO - [2023-05-19 18:18:56,800] {dag.py:2927} INFO - Setting next_dagrun for tutorial_etl_dag to None, run_after=None
[2023-05-19 18:18:56,806] {processor.py:161} INFO - Processing /home/guilherme/Documents/weather_datapipeline/airflow_weather/venv/lib/python3.10/site-packages/airflow/example_dags/tutorial_etl_dag.py took 0.034 seconds
[2023-05-19 18:19:27,947] {processor.py:153} INFO - Started process (PID=18368) to work on /home/guilherme/Documents/weather_datapipeline/airflow_weather/venv/lib/python3.10/site-packages/airflow/example_dags/tutorial_etl_dag.py
[2023-05-19 18:19:27,947] {processor.py:641} INFO - Processing file /home/guilherme/Documents/weather_datapipeline/airflow_weather/venv/lib/python3.10/site-packages/airflow/example_dags/tutorial_etl_dag.py for tasks to queue
[2023-05-19 18:19:27,947] {logging_mixin.py:115} INFO - [2023-05-19 18:19:27,947] {dagbag.py:507} INFO - Filling up the DagBag from /home/guilherme/Documents/weather_datapipeline/airflow_weather/venv/lib/python3.10/site-packages/airflow/example_dags/tutorial_etl_dag.py
[2023-05-19 18:19:27,951] {processor.py:651} INFO - DAG(s) dict_keys(['tutorial_etl_dag']) retrieved from /home/guilherme/Documents/weather_datapipeline/airflow_weather/venv/lib/python3.10/site-packages/airflow/example_dags/tutorial_etl_dag.py
[2023-05-19 18:19:27,961] {logging_mixin.py:115} INFO - [2023-05-19 18:19:27,961] {dag.py:2379} INFO - Sync 1 DAGs
[2023-05-19 18:19:27,969] {logging_mixin.py:115} INFO - [2023-05-19 18:19:27,969] {dag.py:2927} INFO - Setting next_dagrun for tutorial_etl_dag to None, run_after=None
[2023-05-19 18:19:27,976] {processor.py:161} INFO - Processing /home/guilherme/Documents/weather_datapipeline/airflow_weather/venv/lib/python3.10/site-packages/airflow/example_dags/tutorial_etl_dag.py took 0.031 seconds
[2023-05-19 18:19:58,327] {processor.py:153} INFO - Started process (PID=18551) to work on /home/guilherme/Documents/weather_datapipeline/airflow_weather/venv/lib/python3.10/site-packages/airflow/example_dags/tutorial_etl_dag.py
[2023-05-19 18:19:58,327] {processor.py:641} INFO - Processing file /home/guilherme/Documents/weather_datapipeline/airflow_weather/venv/lib/python3.10/site-packages/airflow/example_dags/tutorial_etl_dag.py for tasks to queue
[2023-05-19 18:19:58,327] {logging_mixin.py:115} INFO - [2023-05-19 18:19:58,327] {dagbag.py:507} INFO - Filling up the DagBag from /home/guilherme/Documents/weather_datapipeline/airflow_weather/venv/lib/python3.10/site-packages/airflow/example_dags/tutorial_etl_dag.py
[2023-05-19 18:19:58,331] {processor.py:651} INFO - DAG(s) dict_keys(['tutorial_etl_dag']) retrieved from /home/guilherme/Documents/weather_datapipeline/airflow_weather/venv/lib/python3.10/site-packages/airflow/example_dags/tutorial_etl_dag.py
[2023-05-19 18:19:58,341] {logging_mixin.py:115} INFO - [2023-05-19 18:19:58,341] {dag.py:2379} INFO - Sync 1 DAGs
[2023-05-19 18:19:58,349] {logging_mixin.py:115} INFO - [2023-05-19 18:19:58,349] {dag.py:2927} INFO - Setting next_dagrun for tutorial_etl_dag to None, run_after=None
[2023-05-19 18:19:58,356] {processor.py:161} INFO - Processing /home/guilherme/Documents/weather_datapipeline/airflow_weather/venv/lib/python3.10/site-packages/airflow/example_dags/tutorial_etl_dag.py took 0.031 seconds
[2023-05-19 18:20:30,679] {processor.py:153} INFO - Started process (PID=18731) to work on /home/guilherme/Documents/weather_datapipeline/airflow_weather/venv/lib/python3.10/site-packages/airflow/example_dags/tutorial_etl_dag.py
[2023-05-19 18:20:30,680] {processor.py:641} INFO - Processing file /home/guilherme/Documents/weather_datapipeline/airflow_weather/venv/lib/python3.10/site-packages/airflow/example_dags/tutorial_etl_dag.py for tasks to queue
[2023-05-19 18:20:30,680] {logging_mixin.py:115} INFO - [2023-05-19 18:20:30,680] {dagbag.py:507} INFO - Filling up the DagBag from /home/guilherme/Documents/weather_datapipeline/airflow_weather/venv/lib/python3.10/site-packages/airflow/example_dags/tutorial_etl_dag.py
[2023-05-19 18:20:30,684] {processor.py:651} INFO - DAG(s) dict_keys(['tutorial_etl_dag']) retrieved from /home/guilherme/Documents/weather_datapipeline/airflow_weather/venv/lib/python3.10/site-packages/airflow/example_dags/tutorial_etl_dag.py
[2023-05-19 18:20:30,696] {logging_mixin.py:115} INFO - [2023-05-19 18:20:30,696] {dag.py:2379} INFO - Sync 1 DAGs
[2023-05-19 18:20:30,705] {logging_mixin.py:115} INFO - [2023-05-19 18:20:30,705] {dag.py:2927} INFO - Setting next_dagrun for tutorial_etl_dag to None, run_after=None
[2023-05-19 18:20:30,712] {processor.py:161} INFO - Processing /home/guilherme/Documents/weather_datapipeline/airflow_weather/venv/lib/python3.10/site-packages/airflow/example_dags/tutorial_etl_dag.py took 0.034 seconds
[2023-05-19 18:21:03,453] {processor.py:153} INFO - Started process (PID=18965) to work on /home/guilherme/Documents/weather_datapipeline/airflow_weather/venv/lib/python3.10/site-packages/airflow/example_dags/tutorial_etl_dag.py
[2023-05-19 18:21:03,453] {processor.py:641} INFO - Processing file /home/guilherme/Documents/weather_datapipeline/airflow_weather/venv/lib/python3.10/site-packages/airflow/example_dags/tutorial_etl_dag.py for tasks to queue
[2023-05-19 18:21:03,453] {logging_mixin.py:115} INFO - [2023-05-19 18:21:03,453] {dagbag.py:507} INFO - Filling up the DagBag from /home/guilherme/Documents/weather_datapipeline/airflow_weather/venv/lib/python3.10/site-packages/airflow/example_dags/tutorial_etl_dag.py
[2023-05-19 18:21:03,457] {processor.py:651} INFO - DAG(s) dict_keys(['tutorial_etl_dag']) retrieved from /home/guilherme/Documents/weather_datapipeline/airflow_weather/venv/lib/python3.10/site-packages/airflow/example_dags/tutorial_etl_dag.py
[2023-05-19 18:21:03,468] {logging_mixin.py:115} INFO - [2023-05-19 18:21:03,468] {dag.py:2379} INFO - Sync 1 DAGs
[2023-05-19 18:21:03,478] {logging_mixin.py:115} INFO - [2023-05-19 18:21:03,478] {dag.py:2927} INFO - Setting next_dagrun for tutorial_etl_dag to None, run_after=None
[2023-05-19 18:21:03,485] {processor.py:161} INFO - Processing /home/guilherme/Documents/weather_datapipeline/airflow_weather/venv/lib/python3.10/site-packages/airflow/example_dags/tutorial_etl_dag.py took 0.034 seconds
[2023-05-19 18:21:33,706] {processor.py:153} INFO - Started process (PID=19136) to work on /home/guilherme/Documents/weather_datapipeline/airflow_weather/venv/lib/python3.10/site-packages/airflow/example_dags/tutorial_etl_dag.py
[2023-05-19 18:21:33,706] {processor.py:641} INFO - Processing file /home/guilherme/Documents/weather_datapipeline/airflow_weather/venv/lib/python3.10/site-packages/airflow/example_dags/tutorial_etl_dag.py for tasks to queue
[2023-05-19 18:21:33,706] {logging_mixin.py:115} INFO - [2023-05-19 18:21:33,706] {dagbag.py:507} INFO - Filling up the DagBag from /home/guilherme/Documents/weather_datapipeline/airflow_weather/venv/lib/python3.10/site-packages/airflow/example_dags/tutorial_etl_dag.py
[2023-05-19 18:21:33,710] {processor.py:651} INFO - DAG(s) dict_keys(['tutorial_etl_dag']) retrieved from /home/guilherme/Documents/weather_datapipeline/airflow_weather/venv/lib/python3.10/site-packages/airflow/example_dags/tutorial_etl_dag.py
[2023-05-19 18:21:33,720] {logging_mixin.py:115} INFO - [2023-05-19 18:21:33,720] {dag.py:2379} INFO - Sync 1 DAGs
[2023-05-19 18:21:33,728] {logging_mixin.py:115} INFO - [2023-05-19 18:21:33,728] {dag.py:2927} INFO - Setting next_dagrun for tutorial_etl_dag to None, run_after=None
[2023-05-19 18:21:33,735] {processor.py:161} INFO - Processing /home/guilherme/Documents/weather_datapipeline/airflow_weather/venv/lib/python3.10/site-packages/airflow/example_dags/tutorial_etl_dag.py took 0.031 seconds
[2023-05-19 18:22:06,107] {processor.py:153} INFO - Started process (PID=19323) to work on /home/guilherme/Documents/weather_datapipeline/airflow_weather/venv/lib/python3.10/site-packages/airflow/example_dags/tutorial_etl_dag.py
[2023-05-19 18:22:06,107] {processor.py:641} INFO - Processing file /home/guilherme/Documents/weather_datapipeline/airflow_weather/venv/lib/python3.10/site-packages/airflow/example_dags/tutorial_etl_dag.py for tasks to queue
[2023-05-19 18:22:06,108] {logging_mixin.py:115} INFO - [2023-05-19 18:22:06,107] {dagbag.py:507} INFO - Filling up the DagBag from /home/guilherme/Documents/weather_datapipeline/airflow_weather/venv/lib/python3.10/site-packages/airflow/example_dags/tutorial_etl_dag.py
[2023-05-19 18:22:06,112] {processor.py:651} INFO - DAG(s) dict_keys(['tutorial_etl_dag']) retrieved from /home/guilherme/Documents/weather_datapipeline/airflow_weather/venv/lib/python3.10/site-packages/airflow/example_dags/tutorial_etl_dag.py
[2023-05-19 18:22:06,123] {logging_mixin.py:115} INFO - [2023-05-19 18:22:06,123] {dag.py:2379} INFO - Sync 1 DAGs
[2023-05-19 18:22:06,133] {logging_mixin.py:115} INFO - [2023-05-19 18:22:06,133] {dag.py:2927} INFO - Setting next_dagrun for tutorial_etl_dag to None, run_after=None
[2023-05-19 18:22:06,140] {processor.py:161} INFO - Processing /home/guilherme/Documents/weather_datapipeline/airflow_weather/venv/lib/python3.10/site-packages/airflow/example_dags/tutorial_etl_dag.py took 0.035 seconds
[2023-05-19 18:22:37,760] {processor.py:153} INFO - Started process (PID=19519) to work on /home/guilherme/Documents/weather_datapipeline/airflow_weather/venv/lib/python3.10/site-packages/airflow/example_dags/tutorial_etl_dag.py
[2023-05-19 18:22:37,761] {processor.py:641} INFO - Processing file /home/guilherme/Documents/weather_datapipeline/airflow_weather/venv/lib/python3.10/site-packages/airflow/example_dags/tutorial_etl_dag.py for tasks to queue
[2023-05-19 18:22:37,761] {logging_mixin.py:115} INFO - [2023-05-19 18:22:37,761] {dagbag.py:507} INFO - Filling up the DagBag from /home/guilherme/Documents/weather_datapipeline/airflow_weather/venv/lib/python3.10/site-packages/airflow/example_dags/tutorial_etl_dag.py
[2023-05-19 18:22:37,765] {processor.py:651} INFO - DAG(s) dict_keys(['tutorial_etl_dag']) retrieved from /home/guilherme/Documents/weather_datapipeline/airflow_weather/venv/lib/python3.10/site-packages/airflow/example_dags/tutorial_etl_dag.py
[2023-05-19 18:22:37,777] {logging_mixin.py:115} INFO - [2023-05-19 18:22:37,777] {dag.py:2379} INFO - Sync 1 DAGs
[2023-05-19 18:22:37,786] {logging_mixin.py:115} INFO - [2023-05-19 18:22:37,786] {dag.py:2927} INFO - Setting next_dagrun for tutorial_etl_dag to None, run_after=None
[2023-05-19 18:22:37,794] {processor.py:161} INFO - Processing /home/guilherme/Documents/weather_datapipeline/airflow_weather/venv/lib/python3.10/site-packages/airflow/example_dags/tutorial_etl_dag.py took 0.036 seconds
[2023-05-19 18:23:11,677] {processor.py:153} INFO - Started process (PID=19730) to work on /home/guilherme/Documents/weather_datapipeline/airflow_weather/venv/lib/python3.10/site-packages/airflow/example_dags/tutorial_etl_dag.py
[2023-05-19 18:23:11,677] {processor.py:641} INFO - Processing file /home/guilherme/Documents/weather_datapipeline/airflow_weather/venv/lib/python3.10/site-packages/airflow/example_dags/tutorial_etl_dag.py for tasks to queue
[2023-05-19 18:23:11,678] {logging_mixin.py:115} INFO - [2023-05-19 18:23:11,678] {dagbag.py:507} INFO - Filling up the DagBag from /home/guilherme/Documents/weather_datapipeline/airflow_weather/venv/lib/python3.10/site-packages/airflow/example_dags/tutorial_etl_dag.py
[2023-05-19 18:23:11,681] {processor.py:651} INFO - DAG(s) dict_keys(['tutorial_etl_dag']) retrieved from /home/guilherme/Documents/weather_datapipeline/airflow_weather/venv/lib/python3.10/site-packages/airflow/example_dags/tutorial_etl_dag.py
[2023-05-19 18:23:11,692] {logging_mixin.py:115} INFO - [2023-05-19 18:23:11,692] {dag.py:2379} INFO - Sync 1 DAGs
[2023-05-19 18:23:11,702] {logging_mixin.py:115} INFO - [2023-05-19 18:23:11,702] {dag.py:2927} INFO - Setting next_dagrun for tutorial_etl_dag to None, run_after=None
[2023-05-19 18:23:11,709] {processor.py:161} INFO - Processing /home/guilherme/Documents/weather_datapipeline/airflow_weather/venv/lib/python3.10/site-packages/airflow/example_dags/tutorial_etl_dag.py took 0.033 seconds
[2023-05-19 18:23:43,073] {processor.py:153} INFO - Started process (PID=19915) to work on /home/guilherme/Documents/weather_datapipeline/airflow_weather/venv/lib/python3.10/site-packages/airflow/example_dags/tutorial_etl_dag.py
[2023-05-19 18:23:43,074] {processor.py:641} INFO - Processing file /home/guilherme/Documents/weather_datapipeline/airflow_weather/venv/lib/python3.10/site-packages/airflow/example_dags/tutorial_etl_dag.py for tasks to queue
[2023-05-19 18:23:43,074] {logging_mixin.py:115} INFO - [2023-05-19 18:23:43,074] {dagbag.py:507} INFO - Filling up the DagBag from /home/guilherme/Documents/weather_datapipeline/airflow_weather/venv/lib/python3.10/site-packages/airflow/example_dags/tutorial_etl_dag.py
[2023-05-19 18:23:43,078] {processor.py:651} INFO - DAG(s) dict_keys(['tutorial_etl_dag']) retrieved from /home/guilherme/Documents/weather_datapipeline/airflow_weather/venv/lib/python3.10/site-packages/airflow/example_dags/tutorial_etl_dag.py
[2023-05-19 18:23:43,090] {logging_mixin.py:115} INFO - [2023-05-19 18:23:43,090] {dag.py:2379} INFO - Sync 1 DAGs
[2023-05-19 18:23:43,099] {logging_mixin.py:115} INFO - [2023-05-19 18:23:43,099] {dag.py:2927} INFO - Setting next_dagrun for tutorial_etl_dag to None, run_after=None
[2023-05-19 18:23:43,107] {processor.py:161} INFO - Processing /home/guilherme/Documents/weather_datapipeline/airflow_weather/venv/lib/python3.10/site-packages/airflow/example_dags/tutorial_etl_dag.py took 0.036 seconds
[2023-05-19 18:24:15,270] {processor.py:153} INFO - Started process (PID=20090) to work on /home/guilherme/Documents/weather_datapipeline/airflow_weather/venv/lib/python3.10/site-packages/airflow/example_dags/tutorial_etl_dag.py
[2023-05-19 18:24:15,271] {processor.py:641} INFO - Processing file /home/guilherme/Documents/weather_datapipeline/airflow_weather/venv/lib/python3.10/site-packages/airflow/example_dags/tutorial_etl_dag.py for tasks to queue
[2023-05-19 18:24:15,271] {logging_mixin.py:115} INFO - [2023-05-19 18:24:15,271] {dagbag.py:507} INFO - Filling up the DagBag from /home/guilherme/Documents/weather_datapipeline/airflow_weather/venv/lib/python3.10/site-packages/airflow/example_dags/tutorial_etl_dag.py
[2023-05-19 18:24:15,275] {processor.py:651} INFO - DAG(s) dict_keys(['tutorial_etl_dag']) retrieved from /home/guilherme/Documents/weather_datapipeline/airflow_weather/venv/lib/python3.10/site-packages/airflow/example_dags/tutorial_etl_dag.py
[2023-05-19 18:24:15,286] {logging_mixin.py:115} INFO - [2023-05-19 18:24:15,286] {dag.py:2379} INFO - Sync 1 DAGs
[2023-05-19 18:24:15,296] {logging_mixin.py:115} INFO - [2023-05-19 18:24:15,296] {dag.py:2927} INFO - Setting next_dagrun for tutorial_etl_dag to None, run_after=None
[2023-05-19 18:24:15,303] {processor.py:161} INFO - Processing /home/guilherme/Documents/weather_datapipeline/airflow_weather/venv/lib/python3.10/site-packages/airflow/example_dags/tutorial_etl_dag.py took 0.034 seconds
[2023-05-19 18:24:48,277] {processor.py:153} INFO - Started process (PID=20130) to work on /home/guilherme/Documents/weather_datapipeline/airflow_weather/venv/lib/python3.10/site-packages/airflow/example_dags/tutorial_etl_dag.py
[2023-05-19 18:24:48,278] {processor.py:641} INFO - Processing file /home/guilherme/Documents/weather_datapipeline/airflow_weather/venv/lib/python3.10/site-packages/airflow/example_dags/tutorial_etl_dag.py for tasks to queue
[2023-05-19 18:24:48,278] {logging_mixin.py:115} INFO - [2023-05-19 18:24:48,278] {dagbag.py:507} INFO - Filling up the DagBag from /home/guilherme/Documents/weather_datapipeline/airflow_weather/venv/lib/python3.10/site-packages/airflow/example_dags/tutorial_etl_dag.py
[2023-05-19 18:24:48,284] {processor.py:651} INFO - DAG(s) dict_keys(['tutorial_etl_dag']) retrieved from /home/guilherme/Documents/weather_datapipeline/airflow_weather/venv/lib/python3.10/site-packages/airflow/example_dags/tutorial_etl_dag.py
[2023-05-19 18:24:48,292] {logging_mixin.py:115} INFO - [2023-05-19 18:24:48,292] {dag.py:2379} INFO - Sync 1 DAGs
[2023-05-19 18:24:48,300] {logging_mixin.py:115} INFO - [2023-05-19 18:24:48,300] {dag.py:2927} INFO - Setting next_dagrun for tutorial_etl_dag to None, run_after=None
[2023-05-19 18:24:48,306] {processor.py:161} INFO - Processing /home/guilherme/Documents/weather_datapipeline/airflow_weather/venv/lib/python3.10/site-packages/airflow/example_dags/tutorial_etl_dag.py took 0.031 seconds
[2023-05-19 18:25:21,311] {processor.py:153} INFO - Started process (PID=20166) to work on /home/guilherme/Documents/weather_datapipeline/airflow_weather/venv/lib/python3.10/site-packages/airflow/example_dags/tutorial_etl_dag.py
[2023-05-19 18:25:21,312] {processor.py:641} INFO - Processing file /home/guilherme/Documents/weather_datapipeline/airflow_weather/venv/lib/python3.10/site-packages/airflow/example_dags/tutorial_etl_dag.py for tasks to queue
[2023-05-19 18:25:21,312] {logging_mixin.py:115} INFO - [2023-05-19 18:25:21,312] {dagbag.py:507} INFO - Filling up the DagBag from /home/guilherme/Documents/weather_datapipeline/airflow_weather/venv/lib/python3.10/site-packages/airflow/example_dags/tutorial_etl_dag.py
[2023-05-19 18:25:21,317] {processor.py:651} INFO - DAG(s) dict_keys(['tutorial_etl_dag']) retrieved from /home/guilherme/Documents/weather_datapipeline/airflow_weather/venv/lib/python3.10/site-packages/airflow/example_dags/tutorial_etl_dag.py
[2023-05-19 18:25:21,325] {logging_mixin.py:115} INFO - [2023-05-19 18:25:21,325] {dag.py:2379} INFO - Sync 1 DAGs
[2023-05-19 18:25:21,333] {logging_mixin.py:115} INFO - [2023-05-19 18:25:21,333] {dag.py:2927} INFO - Setting next_dagrun for tutorial_etl_dag to None, run_after=None
[2023-05-19 18:25:21,339] {processor.py:161} INFO - Processing /home/guilherme/Documents/weather_datapipeline/airflow_weather/venv/lib/python3.10/site-packages/airflow/example_dags/tutorial_etl_dag.py took 0.030 seconds
[2023-05-19 18:25:52,719] {processor.py:153} INFO - Started process (PID=20249) to work on /home/guilherme/Documents/weather_datapipeline/airflow_weather/venv/lib/python3.10/site-packages/airflow/example_dags/tutorial_etl_dag.py
[2023-05-19 18:25:52,720] {processor.py:641} INFO - Processing file /home/guilherme/Documents/weather_datapipeline/airflow_weather/venv/lib/python3.10/site-packages/airflow/example_dags/tutorial_etl_dag.py for tasks to queue
[2023-05-19 18:25:52,720] {logging_mixin.py:115} INFO - [2023-05-19 18:25:52,720] {dagbag.py:507} INFO - Filling up the DagBag from /home/guilherme/Documents/weather_datapipeline/airflow_weather/venv/lib/python3.10/site-packages/airflow/example_dags/tutorial_etl_dag.py
[2023-05-19 18:25:52,726] {processor.py:651} INFO - DAG(s) dict_keys(['tutorial_etl_dag']) retrieved from /home/guilherme/Documents/weather_datapipeline/airflow_weather/venv/lib/python3.10/site-packages/airflow/example_dags/tutorial_etl_dag.py
[2023-05-19 18:25:52,734] {logging_mixin.py:115} INFO - [2023-05-19 18:25:52,734] {dag.py:2379} INFO - Sync 1 DAGs
[2023-05-19 18:25:52,742] {logging_mixin.py:115} INFO - [2023-05-19 18:25:52,742] {dag.py:2927} INFO - Setting next_dagrun for tutorial_etl_dag to None, run_after=None
[2023-05-19 18:25:52,749] {processor.py:161} INFO - Processing /home/guilherme/Documents/weather_datapipeline/airflow_weather/venv/lib/python3.10/site-packages/airflow/example_dags/tutorial_etl_dag.py took 0.031 seconds
[2023-05-19 18:26:26,889] {processor.py:153} INFO - Started process (PID=20405) to work on /home/guilherme/Documents/weather_datapipeline/airflow_weather/venv/lib/python3.10/site-packages/airflow/example_dags/tutorial_etl_dag.py
[2023-05-19 18:26:26,890] {processor.py:641} INFO - Processing file /home/guilherme/Documents/weather_datapipeline/airflow_weather/venv/lib/python3.10/site-packages/airflow/example_dags/tutorial_etl_dag.py for tasks to queue
[2023-05-19 18:26:26,892] {logging_mixin.py:115} INFO - [2023-05-19 18:26:26,892] {dagbag.py:507} INFO - Filling up the DagBag from /home/guilherme/Documents/weather_datapipeline/airflow_weather/venv/lib/python3.10/site-packages/airflow/example_dags/tutorial_etl_dag.py
[2023-05-19 18:26:26,899] {processor.py:651} INFO - DAG(s) dict_keys(['tutorial_etl_dag']) retrieved from /home/guilherme/Documents/weather_datapipeline/airflow_weather/venv/lib/python3.10/site-packages/airflow/example_dags/tutorial_etl_dag.py
[2023-05-19 18:26:26,914] {logging_mixin.py:115} INFO - [2023-05-19 18:26:26,914] {dag.py:2379} INFO - Sync 1 DAGs
[2023-05-19 18:26:26,924] {logging_mixin.py:115} INFO - [2023-05-19 18:26:26,924] {dag.py:2927} INFO - Setting next_dagrun for tutorial_etl_dag to None, run_after=None
[2023-05-19 18:26:26,934] {processor.py:161} INFO - Processing /home/guilherme/Documents/weather_datapipeline/airflow_weather/venv/lib/python3.10/site-packages/airflow/example_dags/tutorial_etl_dag.py took 0.048 seconds
[2023-05-19 18:26:59,389] {processor.py:153} INFO - Started process (PID=20577) to work on /home/guilherme/Documents/weather_datapipeline/airflow_weather/venv/lib/python3.10/site-packages/airflow/example_dags/tutorial_etl_dag.py
[2023-05-19 18:26:59,389] {processor.py:641} INFO - Processing file /home/guilherme/Documents/weather_datapipeline/airflow_weather/venv/lib/python3.10/site-packages/airflow/example_dags/tutorial_etl_dag.py for tasks to queue
[2023-05-19 18:26:59,389] {logging_mixin.py:115} INFO - [2023-05-19 18:26:59,389] {dagbag.py:507} INFO - Filling up the DagBag from /home/guilherme/Documents/weather_datapipeline/airflow_weather/venv/lib/python3.10/site-packages/airflow/example_dags/tutorial_etl_dag.py
[2023-05-19 18:26:59,397] {processor.py:651} INFO - DAG(s) dict_keys(['tutorial_etl_dag']) retrieved from /home/guilherme/Documents/weather_datapipeline/airflow_weather/venv/lib/python3.10/site-packages/airflow/example_dags/tutorial_etl_dag.py
[2023-05-19 18:26:59,405] {logging_mixin.py:115} INFO - [2023-05-19 18:26:59,405] {dag.py:2379} INFO - Sync 1 DAGs
[2023-05-19 18:26:59,415] {logging_mixin.py:115} INFO - [2023-05-19 18:26:59,415] {dag.py:2927} INFO - Setting next_dagrun for tutorial_etl_dag to None, run_after=None
[2023-05-19 18:26:59,423] {processor.py:161} INFO - Processing /home/guilherme/Documents/weather_datapipeline/airflow_weather/venv/lib/python3.10/site-packages/airflow/example_dags/tutorial_etl_dag.py took 0.036 seconds
[2023-05-19 18:27:41,298] {processor.py:153} INFO - Started process (PID=20683) to work on /home/guilherme/Documents/weather_datapipeline/airflow_weather/venv/lib/python3.10/site-packages/airflow/example_dags/tutorial_etl_dag.py
[2023-05-19 18:27:41,298] {processor.py:641} INFO - Processing file /home/guilherme/Documents/weather_datapipeline/airflow_weather/venv/lib/python3.10/site-packages/airflow/example_dags/tutorial_etl_dag.py for tasks to queue
[2023-05-19 18:27:41,298] {logging_mixin.py:115} INFO - [2023-05-19 18:27:41,298] {dagbag.py:507} INFO - Filling up the DagBag from /home/guilherme/Documents/weather_datapipeline/airflow_weather/venv/lib/python3.10/site-packages/airflow/example_dags/tutorial_etl_dag.py
[2023-05-19 18:27:41,302] {processor.py:651} INFO - DAG(s) dict_keys(['tutorial_etl_dag']) retrieved from /home/guilherme/Documents/weather_datapipeline/airflow_weather/venv/lib/python3.10/site-packages/airflow/example_dags/tutorial_etl_dag.py
[2023-05-19 18:27:41,310] {logging_mixin.py:115} INFO - [2023-05-19 18:27:41,310] {dag.py:2379} INFO - Sync 1 DAGs
[2023-05-19 18:27:41,318] {logging_mixin.py:115} INFO - [2023-05-19 18:27:41,318] {dag.py:2927} INFO - Setting next_dagrun for tutorial_etl_dag to None, run_after=None
[2023-05-19 18:27:41,323] {processor.py:161} INFO - Processing /home/guilherme/Documents/weather_datapipeline/airflow_weather/venv/lib/python3.10/site-packages/airflow/example_dags/tutorial_etl_dag.py took 0.027 seconds
[2023-05-19 18:28:12,077] {processor.py:153} INFO - Started process (PID=20754) to work on /home/guilherme/Documents/weather_datapipeline/airflow_weather/venv/lib/python3.10/site-packages/airflow/example_dags/tutorial_etl_dag.py
[2023-05-19 18:28:12,077] {processor.py:641} INFO - Processing file /home/guilherme/Documents/weather_datapipeline/airflow_weather/venv/lib/python3.10/site-packages/airflow/example_dags/tutorial_etl_dag.py for tasks to queue
[2023-05-19 18:28:12,078] {logging_mixin.py:115} INFO - [2023-05-19 18:28:12,078] {dagbag.py:507} INFO - Filling up the DagBag from /home/guilherme/Documents/weather_datapipeline/airflow_weather/venv/lib/python3.10/site-packages/airflow/example_dags/tutorial_etl_dag.py
[2023-05-19 18:28:12,081] {processor.py:651} INFO - DAG(s) dict_keys(['tutorial_etl_dag']) retrieved from /home/guilherme/Documents/weather_datapipeline/airflow_weather/venv/lib/python3.10/site-packages/airflow/example_dags/tutorial_etl_dag.py
[2023-05-19 18:28:12,092] {logging_mixin.py:115} INFO - [2023-05-19 18:28:12,092] {dag.py:2379} INFO - Sync 1 DAGs
[2023-05-19 18:28:12,100] {logging_mixin.py:115} INFO - [2023-05-19 18:28:12,100] {dag.py:2927} INFO - Setting next_dagrun for tutorial_etl_dag to None, run_after=None
[2023-05-19 18:28:12,106] {processor.py:161} INFO - Processing /home/guilherme/Documents/weather_datapipeline/airflow_weather/venv/lib/python3.10/site-packages/airflow/example_dags/tutorial_etl_dag.py took 0.031 seconds
