[2023-05-19 17:59:25,195] {processor.py:153} INFO - Started process (PID=11056) to work on /home/guilherme/Documents/weather_datapipeline/airflow_weather/venv/lib/python3.10/site-packages/airflow/example_dags/tutorial_taskflow_api_etl.py
[2023-05-19 17:59:25,196] {processor.py:641} INFO - Processing file /home/guilherme/Documents/weather_datapipeline/airflow_weather/venv/lib/python3.10/site-packages/airflow/example_dags/tutorial_taskflow_api_etl.py for tasks to queue
[2023-05-19 17:59:25,196] {logging_mixin.py:115} INFO - [2023-05-19 17:59:25,196] {dagbag.py:507} INFO - Filling up the DagBag from /home/guilherme/Documents/weather_datapipeline/airflow_weather/venv/lib/python3.10/site-packages/airflow/example_dags/tutorial_taskflow_api_etl.py
[2023-05-19 17:59:25,219] {processor.py:651} INFO - DAG(s) dict_keys(['tutorial_taskflow_api_etl']) retrieved from /home/guilherme/Documents/weather_datapipeline/airflow_weather/venv/lib/python3.10/site-packages/airflow/example_dags/tutorial_taskflow_api_etl.py
[2023-05-19 17:59:25,316] {logging_mixin.py:115} INFO - [2023-05-19 17:59:25,316] {manager.py:508} INFO - Created Permission View: can edit on DAG:tutorial_taskflow_api_etl
[2023-05-19 17:59:25,324] {logging_mixin.py:115} INFO - [2023-05-19 17:59:25,324] {manager.py:508} INFO - Created Permission View: can delete on DAG:tutorial_taskflow_api_etl
[2023-05-19 17:59:25,330] {logging_mixin.py:115} INFO - [2023-05-19 17:59:25,330] {manager.py:508} INFO - Created Permission View: can read on DAG:tutorial_taskflow_api_etl
[2023-05-19 17:59:25,330] {logging_mixin.py:115} INFO - [2023-05-19 17:59:25,330] {dag.py:2379} INFO - Sync 1 DAGs
[2023-05-19 17:59:25,334] {logging_mixin.py:115} INFO - [2023-05-19 17:59:25,334] {dag.py:2398} INFO - Creating ORM DAG for tutorial_taskflow_api_etl
[2023-05-19 17:59:25,348] {logging_mixin.py:115} INFO - [2023-05-19 17:59:25,348] {dag.py:2927} INFO - Setting next_dagrun for tutorial_taskflow_api_etl to None, run_after=None
[2023-05-19 17:59:25,376] {processor.py:161} INFO - Processing /home/guilherme/Documents/weather_datapipeline/airflow_weather/venv/lib/python3.10/site-packages/airflow/example_dags/tutorial_taskflow_api_etl.py took 0.182 seconds
[2023-05-19 17:59:55,805] {processor.py:153} INFO - Started process (PID=11093) to work on /home/guilherme/Documents/weather_datapipeline/airflow_weather/venv/lib/python3.10/site-packages/airflow/example_dags/tutorial_taskflow_api_etl.py
[2023-05-19 17:59:55,805] {processor.py:641} INFO - Processing file /home/guilherme/Documents/weather_datapipeline/airflow_weather/venv/lib/python3.10/site-packages/airflow/example_dags/tutorial_taskflow_api_etl.py for tasks to queue
[2023-05-19 17:59:55,805] {logging_mixin.py:115} INFO - [2023-05-19 17:59:55,805] {dagbag.py:507} INFO - Filling up the DagBag from /home/guilherme/Documents/weather_datapipeline/airflow_weather/venv/lib/python3.10/site-packages/airflow/example_dags/tutorial_taskflow_api_etl.py
[2023-05-19 17:59:55,815] {processor.py:651} INFO - DAG(s) dict_keys(['tutorial_taskflow_api_etl']) retrieved from /home/guilherme/Documents/weather_datapipeline/airflow_weather/venv/lib/python3.10/site-packages/airflow/example_dags/tutorial_taskflow_api_etl.py
[2023-05-19 17:59:55,840] {logging_mixin.py:115} INFO - [2023-05-19 17:59:55,840] {dag.py:2379} INFO - Sync 1 DAGs
[2023-05-19 17:59:55,848] {logging_mixin.py:115} INFO - [2023-05-19 17:59:55,848] {dag.py:2927} INFO - Setting next_dagrun for tutorial_taskflow_api_etl to None, run_after=None
[2023-05-19 17:59:55,855] {processor.py:161} INFO - Processing /home/guilherme/Documents/weather_datapipeline/airflow_weather/venv/lib/python3.10/site-packages/airflow/example_dags/tutorial_taskflow_api_etl.py took 0.053 seconds
[2023-05-19 18:00:28,843] {processor.py:153} INFO - Started process (PID=11205) to work on /home/guilherme/Documents/weather_datapipeline/airflow_weather/venv/lib/python3.10/site-packages/airflow/example_dags/tutorial_taskflow_api_etl.py
[2023-05-19 18:00:28,844] {processor.py:641} INFO - Processing file /home/guilherme/Documents/weather_datapipeline/airflow_weather/venv/lib/python3.10/site-packages/airflow/example_dags/tutorial_taskflow_api_etl.py for tasks to queue
[2023-05-19 18:00:28,844] {logging_mixin.py:115} INFO - [2023-05-19 18:00:28,844] {dagbag.py:507} INFO - Filling up the DagBag from /home/guilherme/Documents/weather_datapipeline/airflow_weather/venv/lib/python3.10/site-packages/airflow/example_dags/tutorial_taskflow_api_etl.py
[2023-05-19 18:00:28,853] {processor.py:651} INFO - DAG(s) dict_keys(['tutorial_taskflow_api_etl']) retrieved from /home/guilherme/Documents/weather_datapipeline/airflow_weather/venv/lib/python3.10/site-packages/airflow/example_dags/tutorial_taskflow_api_etl.py
[2023-05-19 18:00:28,862] {logging_mixin.py:115} INFO - [2023-05-19 18:00:28,862] {dag.py:2379} INFO - Sync 1 DAGs
[2023-05-19 18:00:28,871] {logging_mixin.py:115} INFO - [2023-05-19 18:00:28,871] {dag.py:2927} INFO - Setting next_dagrun for tutorial_taskflow_api_etl to None, run_after=None
[2023-05-19 18:00:28,878] {processor.py:161} INFO - Processing /home/guilherme/Documents/weather_datapipeline/airflow_weather/venv/lib/python3.10/site-packages/airflow/example_dags/tutorial_taskflow_api_etl.py took 0.036 seconds
[2023-05-19 18:01:01,338] {processor.py:153} INFO - Started process (PID=11269) to work on /home/guilherme/Documents/weather_datapipeline/airflow_weather/venv/lib/python3.10/site-packages/airflow/example_dags/tutorial_taskflow_api_etl.py
[2023-05-19 18:01:01,339] {processor.py:641} INFO - Processing file /home/guilherme/Documents/weather_datapipeline/airflow_weather/venv/lib/python3.10/site-packages/airflow/example_dags/tutorial_taskflow_api_etl.py for tasks to queue
[2023-05-19 18:01:01,339] {logging_mixin.py:115} INFO - [2023-05-19 18:01:01,339] {dagbag.py:507} INFO - Filling up the DagBag from /home/guilherme/Documents/weather_datapipeline/airflow_weather/venv/lib/python3.10/site-packages/airflow/example_dags/tutorial_taskflow_api_etl.py
[2023-05-19 18:01:01,349] {processor.py:651} INFO - DAG(s) dict_keys(['tutorial_taskflow_api_etl']) retrieved from /home/guilherme/Documents/weather_datapipeline/airflow_weather/venv/lib/python3.10/site-packages/airflow/example_dags/tutorial_taskflow_api_etl.py
[2023-05-19 18:01:01,358] {logging_mixin.py:115} INFO - [2023-05-19 18:01:01,358] {dag.py:2379} INFO - Sync 1 DAGs
[2023-05-19 18:01:01,367] {logging_mixin.py:115} INFO - [2023-05-19 18:01:01,367] {dag.py:2927} INFO - Setting next_dagrun for tutorial_taskflow_api_etl to None, run_after=None
[2023-05-19 18:01:01,373] {processor.py:161} INFO - Processing /home/guilherme/Documents/weather_datapipeline/airflow_weather/venv/lib/python3.10/site-packages/airflow/example_dags/tutorial_taskflow_api_etl.py took 0.036 seconds
[2023-05-19 18:01:31,494] {processor.py:153} INFO - Started process (PID=11314) to work on /home/guilherme/Documents/weather_datapipeline/airflow_weather/venv/lib/python3.10/site-packages/airflow/example_dags/tutorial_taskflow_api_etl.py
[2023-05-19 18:01:31,495] {processor.py:641} INFO - Processing file /home/guilherme/Documents/weather_datapipeline/airflow_weather/venv/lib/python3.10/site-packages/airflow/example_dags/tutorial_taskflow_api_etl.py for tasks to queue
[2023-05-19 18:01:31,495] {logging_mixin.py:115} INFO - [2023-05-19 18:01:31,495] {dagbag.py:507} INFO - Filling up the DagBag from /home/guilherme/Documents/weather_datapipeline/airflow_weather/venv/lib/python3.10/site-packages/airflow/example_dags/tutorial_taskflow_api_etl.py
[2023-05-19 18:01:31,508] {processor.py:651} INFO - DAG(s) dict_keys(['tutorial_taskflow_api_etl']) retrieved from /home/guilherme/Documents/weather_datapipeline/airflow_weather/venv/lib/python3.10/site-packages/airflow/example_dags/tutorial_taskflow_api_etl.py
[2023-05-19 18:01:31,550] {logging_mixin.py:115} INFO - [2023-05-19 18:01:31,550] {dag.py:2379} INFO - Sync 1 DAGs
[2023-05-19 18:01:31,560] {logging_mixin.py:115} INFO - [2023-05-19 18:01:31,559] {dag.py:2927} INFO - Setting next_dagrun for tutorial_taskflow_api_etl to None, run_after=None
[2023-05-19 18:01:31,572] {processor.py:161} INFO - Processing /home/guilherme/Documents/weather_datapipeline/airflow_weather/venv/lib/python3.10/site-packages/airflow/example_dags/tutorial_taskflow_api_etl.py took 0.079 seconds
[2023-05-19 18:02:04,033] {processor.py:153} INFO - Started process (PID=11627) to work on /home/guilherme/Documents/weather_datapipeline/airflow_weather/venv/lib/python3.10/site-packages/airflow/example_dags/tutorial_taskflow_api_etl.py
[2023-05-19 18:02:04,034] {processor.py:641} INFO - Processing file /home/guilherme/Documents/weather_datapipeline/airflow_weather/venv/lib/python3.10/site-packages/airflow/example_dags/tutorial_taskflow_api_etl.py for tasks to queue
[2023-05-19 18:02:04,034] {logging_mixin.py:115} INFO - [2023-05-19 18:02:04,034] {dagbag.py:507} INFO - Filling up the DagBag from /home/guilherme/Documents/weather_datapipeline/airflow_weather/venv/lib/python3.10/site-packages/airflow/example_dags/tutorial_taskflow_api_etl.py
[2023-05-19 18:02:04,043] {processor.py:651} INFO - DAG(s) dict_keys(['tutorial_taskflow_api_etl']) retrieved from /home/guilherme/Documents/weather_datapipeline/airflow_weather/venv/lib/python3.10/site-packages/airflow/example_dags/tutorial_taskflow_api_etl.py
[2023-05-19 18:02:04,053] {logging_mixin.py:115} INFO - [2023-05-19 18:02:04,052] {dag.py:2379} INFO - Sync 1 DAGs
[2023-05-19 18:02:04,061] {logging_mixin.py:115} INFO - [2023-05-19 18:02:04,061] {dag.py:2927} INFO - Setting next_dagrun for tutorial_taskflow_api_etl to None, run_after=None
[2023-05-19 18:02:04,066] {processor.py:161} INFO - Processing /home/guilherme/Documents/weather_datapipeline/airflow_weather/venv/lib/python3.10/site-packages/airflow/example_dags/tutorial_taskflow_api_etl.py took 0.035 seconds
[2023-05-19 18:02:35,850] {processor.py:153} INFO - Started process (PID=11977) to work on /home/guilherme/Documents/weather_datapipeline/airflow_weather/venv/lib/python3.10/site-packages/airflow/example_dags/tutorial_taskflow_api_etl.py
[2023-05-19 18:02:35,850] {processor.py:641} INFO - Processing file /home/guilherme/Documents/weather_datapipeline/airflow_weather/venv/lib/python3.10/site-packages/airflow/example_dags/tutorial_taskflow_api_etl.py for tasks to queue
[2023-05-19 18:02:35,851] {logging_mixin.py:115} INFO - [2023-05-19 18:02:35,851] {dagbag.py:507} INFO - Filling up the DagBag from /home/guilherme/Documents/weather_datapipeline/airflow_weather/venv/lib/python3.10/site-packages/airflow/example_dags/tutorial_taskflow_api_etl.py
[2023-05-19 18:02:35,860] {processor.py:651} INFO - DAG(s) dict_keys(['tutorial_taskflow_api_etl']) retrieved from /home/guilherme/Documents/weather_datapipeline/airflow_weather/venv/lib/python3.10/site-packages/airflow/example_dags/tutorial_taskflow_api_etl.py
[2023-05-19 18:02:35,885] {logging_mixin.py:115} INFO - [2023-05-19 18:02:35,885] {dag.py:2379} INFO - Sync 1 DAGs
[2023-05-19 18:02:35,894] {logging_mixin.py:115} INFO - [2023-05-19 18:02:35,894] {dag.py:2927} INFO - Setting next_dagrun for tutorial_taskflow_api_etl to None, run_after=None
[2023-05-19 18:02:35,901] {processor.py:161} INFO - Processing /home/guilherme/Documents/weather_datapipeline/airflow_weather/venv/lib/python3.10/site-packages/airflow/example_dags/tutorial_taskflow_api_etl.py took 0.054 seconds
[2023-05-19 18:03:06,579] {processor.py:153} INFO - Started process (PID=12202) to work on /home/guilherme/Documents/weather_datapipeline/airflow_weather/venv/lib/python3.10/site-packages/airflow/example_dags/tutorial_taskflow_api_etl.py
[2023-05-19 18:03:06,580] {processor.py:641} INFO - Processing file /home/guilherme/Documents/weather_datapipeline/airflow_weather/venv/lib/python3.10/site-packages/airflow/example_dags/tutorial_taskflow_api_etl.py for tasks to queue
[2023-05-19 18:03:06,580] {logging_mixin.py:115} INFO - [2023-05-19 18:03:06,580] {dagbag.py:507} INFO - Filling up the DagBag from /home/guilherme/Documents/weather_datapipeline/airflow_weather/venv/lib/python3.10/site-packages/airflow/example_dags/tutorial_taskflow_api_etl.py
[2023-05-19 18:03:06,590] {processor.py:651} INFO - DAG(s) dict_keys(['tutorial_taskflow_api_etl']) retrieved from /home/guilherme/Documents/weather_datapipeline/airflow_weather/venv/lib/python3.10/site-packages/airflow/example_dags/tutorial_taskflow_api_etl.py
[2023-05-19 18:03:06,616] {logging_mixin.py:115} INFO - [2023-05-19 18:03:06,616] {dag.py:2379} INFO - Sync 1 DAGs
[2023-05-19 18:03:06,624] {logging_mixin.py:115} INFO - [2023-05-19 18:03:06,624] {dag.py:2927} INFO - Setting next_dagrun for tutorial_taskflow_api_etl to None, run_after=None
[2023-05-19 18:03:06,633] {processor.py:161} INFO - Processing /home/guilherme/Documents/weather_datapipeline/airflow_weather/venv/lib/python3.10/site-packages/airflow/example_dags/tutorial_taskflow_api_etl.py took 0.056 seconds
[2023-05-19 18:03:40,785] {processor.py:153} INFO - Started process (PID=12327) to work on /home/guilherme/Documents/weather_datapipeline/airflow_weather/venv/lib/python3.10/site-packages/airflow/example_dags/tutorial_taskflow_api_etl.py
[2023-05-19 18:03:40,786] {processor.py:641} INFO - Processing file /home/guilherme/Documents/weather_datapipeline/airflow_weather/venv/lib/python3.10/site-packages/airflow/example_dags/tutorial_taskflow_api_etl.py for tasks to queue
[2023-05-19 18:03:40,786] {logging_mixin.py:115} INFO - [2023-05-19 18:03:40,786] {dagbag.py:507} INFO - Filling up the DagBag from /home/guilherme/Documents/weather_datapipeline/airflow_weather/venv/lib/python3.10/site-packages/airflow/example_dags/tutorial_taskflow_api_etl.py
[2023-05-19 18:03:40,796] {processor.py:651} INFO - DAG(s) dict_keys(['tutorial_taskflow_api_etl']) retrieved from /home/guilherme/Documents/weather_datapipeline/airflow_weather/venv/lib/python3.10/site-packages/airflow/example_dags/tutorial_taskflow_api_etl.py
[2023-05-19 18:03:40,821] {logging_mixin.py:115} INFO - [2023-05-19 18:03:40,821] {dag.py:2379} INFO - Sync 1 DAGs
[2023-05-19 18:03:40,829] {logging_mixin.py:115} INFO - [2023-05-19 18:03:40,829] {dag.py:2927} INFO - Setting next_dagrun for tutorial_taskflow_api_etl to None, run_after=None
[2023-05-19 18:03:40,837] {processor.py:161} INFO - Processing /home/guilherme/Documents/weather_datapipeline/airflow_weather/venv/lib/python3.10/site-packages/airflow/example_dags/tutorial_taskflow_api_etl.py took 0.054 seconds
[2023-05-19 18:04:12,064] {processor.py:153} INFO - Started process (PID=12449) to work on /home/guilherme/Documents/weather_datapipeline/airflow_weather/venv/lib/python3.10/site-packages/airflow/example_dags/tutorial_taskflow_api_etl.py
[2023-05-19 18:04:12,065] {processor.py:641} INFO - Processing file /home/guilherme/Documents/weather_datapipeline/airflow_weather/venv/lib/python3.10/site-packages/airflow/example_dags/tutorial_taskflow_api_etl.py for tasks to queue
[2023-05-19 18:04:12,065] {logging_mixin.py:115} INFO - [2023-05-19 18:04:12,065] {dagbag.py:507} INFO - Filling up the DagBag from /home/guilherme/Documents/weather_datapipeline/airflow_weather/venv/lib/python3.10/site-packages/airflow/example_dags/tutorial_taskflow_api_etl.py
[2023-05-19 18:04:12,074] {processor.py:651} INFO - DAG(s) dict_keys(['tutorial_taskflow_api_etl']) retrieved from /home/guilherme/Documents/weather_datapipeline/airflow_weather/venv/lib/python3.10/site-packages/airflow/example_dags/tutorial_taskflow_api_etl.py
[2023-05-19 18:04:12,097] {logging_mixin.py:115} INFO - [2023-05-19 18:04:12,097] {dag.py:2379} INFO - Sync 1 DAGs
[2023-05-19 18:04:12,104] {logging_mixin.py:115} INFO - [2023-05-19 18:04:12,104] {dag.py:2927} INFO - Setting next_dagrun for tutorial_taskflow_api_etl to None, run_after=None
[2023-05-19 18:04:12,110] {processor.py:161} INFO - Processing /home/guilherme/Documents/weather_datapipeline/airflow_weather/venv/lib/python3.10/site-packages/airflow/example_dags/tutorial_taskflow_api_etl.py took 0.047 seconds
[2023-05-19 18:04:43,962] {processor.py:153} INFO - Started process (PID=12596) to work on /home/guilherme/Documents/weather_datapipeline/airflow_weather/venv/lib/python3.10/site-packages/airflow/example_dags/tutorial_taskflow_api_etl.py
[2023-05-19 18:04:43,962] {processor.py:641} INFO - Processing file /home/guilherme/Documents/weather_datapipeline/airflow_weather/venv/lib/python3.10/site-packages/airflow/example_dags/tutorial_taskflow_api_etl.py for tasks to queue
[2023-05-19 18:04:43,962] {logging_mixin.py:115} INFO - [2023-05-19 18:04:43,962] {dagbag.py:507} INFO - Filling up the DagBag from /home/guilherme/Documents/weather_datapipeline/airflow_weather/venv/lib/python3.10/site-packages/airflow/example_dags/tutorial_taskflow_api_etl.py
[2023-05-19 18:04:43,973] {processor.py:651} INFO - DAG(s) dict_keys(['tutorial_taskflow_api_etl']) retrieved from /home/guilherme/Documents/weather_datapipeline/airflow_weather/venv/lib/python3.10/site-packages/airflow/example_dags/tutorial_taskflow_api_etl.py
[2023-05-19 18:04:43,994] {logging_mixin.py:115} INFO - [2023-05-19 18:04:43,994] {dag.py:2379} INFO - Sync 1 DAGs
[2023-05-19 18:04:44,002] {logging_mixin.py:115} INFO - [2023-05-19 18:04:44,002] {dag.py:2927} INFO - Setting next_dagrun for tutorial_taskflow_api_etl to None, run_after=None
[2023-05-19 18:04:44,010] {processor.py:161} INFO - Processing /home/guilherme/Documents/weather_datapipeline/airflow_weather/venv/lib/python3.10/site-packages/airflow/example_dags/tutorial_taskflow_api_etl.py took 0.050 seconds
[2023-05-19 18:05:16,965] {processor.py:153} INFO - Started process (PID=12779) to work on /home/guilherme/Documents/weather_datapipeline/airflow_weather/venv/lib/python3.10/site-packages/airflow/example_dags/tutorial_taskflow_api_etl.py
[2023-05-19 18:05:16,965] {processor.py:641} INFO - Processing file /home/guilherme/Documents/weather_datapipeline/airflow_weather/venv/lib/python3.10/site-packages/airflow/example_dags/tutorial_taskflow_api_etl.py for tasks to queue
[2023-05-19 18:05:16,966] {logging_mixin.py:115} INFO - [2023-05-19 18:05:16,966] {dagbag.py:507} INFO - Filling up the DagBag from /home/guilherme/Documents/weather_datapipeline/airflow_weather/venv/lib/python3.10/site-packages/airflow/example_dags/tutorial_taskflow_api_etl.py
[2023-05-19 18:05:16,977] {processor.py:651} INFO - DAG(s) dict_keys(['tutorial_taskflow_api_etl']) retrieved from /home/guilherme/Documents/weather_datapipeline/airflow_weather/venv/lib/python3.10/site-packages/airflow/example_dags/tutorial_taskflow_api_etl.py
[2023-05-19 18:05:16,986] {logging_mixin.py:115} INFO - [2023-05-19 18:05:16,986] {dag.py:2379} INFO - Sync 1 DAGs
[2023-05-19 18:05:16,995] {logging_mixin.py:115} INFO - [2023-05-19 18:05:16,994] {dag.py:2927} INFO - Setting next_dagrun for tutorial_taskflow_api_etl to None, run_after=None
[2023-05-19 18:05:17,001] {processor.py:161} INFO - Processing /home/guilherme/Documents/weather_datapipeline/airflow_weather/venv/lib/python3.10/site-packages/airflow/example_dags/tutorial_taskflow_api_etl.py took 0.038 seconds
[2023-05-19 18:05:47,743] {processor.py:153} INFO - Started process (PID=13097) to work on /home/guilherme/Documents/weather_datapipeline/airflow_weather/venv/lib/python3.10/site-packages/airflow/example_dags/tutorial_taskflow_api_etl.py
[2023-05-19 18:05:47,743] {processor.py:641} INFO - Processing file /home/guilherme/Documents/weather_datapipeline/airflow_weather/venv/lib/python3.10/site-packages/airflow/example_dags/tutorial_taskflow_api_etl.py for tasks to queue
[2023-05-19 18:05:47,744] {logging_mixin.py:115} INFO - [2023-05-19 18:05:47,744] {dagbag.py:507} INFO - Filling up the DagBag from /home/guilherme/Documents/weather_datapipeline/airflow_weather/venv/lib/python3.10/site-packages/airflow/example_dags/tutorial_taskflow_api_etl.py
[2023-05-19 18:05:47,755] {processor.py:651} INFO - DAG(s) dict_keys(['tutorial_taskflow_api_etl']) retrieved from /home/guilherme/Documents/weather_datapipeline/airflow_weather/venv/lib/python3.10/site-packages/airflow/example_dags/tutorial_taskflow_api_etl.py
[2023-05-19 18:05:47,763] {logging_mixin.py:115} INFO - [2023-05-19 18:05:47,763] {dag.py:2379} INFO - Sync 1 DAGs
[2023-05-19 18:05:47,772] {logging_mixin.py:115} INFO - [2023-05-19 18:05:47,772] {dag.py:2927} INFO - Setting next_dagrun for tutorial_taskflow_api_etl to None, run_after=None
[2023-05-19 18:05:47,778] {processor.py:161} INFO - Processing /home/guilherme/Documents/weather_datapipeline/airflow_weather/venv/lib/python3.10/site-packages/airflow/example_dags/tutorial_taskflow_api_etl.py took 0.036 seconds
[2023-05-19 18:06:18,510] {processor.py:153} INFO - Started process (PID=13516) to work on /home/guilherme/Documents/weather_datapipeline/airflow_weather/venv/lib/python3.10/site-packages/airflow/example_dags/tutorial_taskflow_api_etl.py
[2023-05-19 18:06:18,510] {processor.py:641} INFO - Processing file /home/guilherme/Documents/weather_datapipeline/airflow_weather/venv/lib/python3.10/site-packages/airflow/example_dags/tutorial_taskflow_api_etl.py for tasks to queue
[2023-05-19 18:06:18,510] {logging_mixin.py:115} INFO - [2023-05-19 18:06:18,510] {dagbag.py:507} INFO - Filling up the DagBag from /home/guilherme/Documents/weather_datapipeline/airflow_weather/venv/lib/python3.10/site-packages/airflow/example_dags/tutorial_taskflow_api_etl.py
[2023-05-19 18:06:18,521] {processor.py:651} INFO - DAG(s) dict_keys(['tutorial_taskflow_api_etl']) retrieved from /home/guilherme/Documents/weather_datapipeline/airflow_weather/venv/lib/python3.10/site-packages/airflow/example_dags/tutorial_taskflow_api_etl.py
[2023-05-19 18:06:18,529] {logging_mixin.py:115} INFO - [2023-05-19 18:06:18,529] {dag.py:2379} INFO - Sync 1 DAGs
[2023-05-19 18:06:18,537] {logging_mixin.py:115} INFO - [2023-05-19 18:06:18,537] {dag.py:2927} INFO - Setting next_dagrun for tutorial_taskflow_api_etl to None, run_after=None
[2023-05-19 18:06:18,543] {processor.py:161} INFO - Processing /home/guilherme/Documents/weather_datapipeline/airflow_weather/venv/lib/python3.10/site-packages/airflow/example_dags/tutorial_taskflow_api_etl.py took 0.035 seconds
[2023-05-19 18:06:49,120] {processor.py:153} INFO - Started process (PID=13855) to work on /home/guilherme/Documents/weather_datapipeline/airflow_weather/venv/lib/python3.10/site-packages/airflow/example_dags/tutorial_taskflow_api_etl.py
[2023-05-19 18:06:49,120] {processor.py:641} INFO - Processing file /home/guilherme/Documents/weather_datapipeline/airflow_weather/venv/lib/python3.10/site-packages/airflow/example_dags/tutorial_taskflow_api_etl.py for tasks to queue
[2023-05-19 18:06:49,120] {logging_mixin.py:115} INFO - [2023-05-19 18:06:49,120] {dagbag.py:507} INFO - Filling up the DagBag from /home/guilherme/Documents/weather_datapipeline/airflow_weather/venv/lib/python3.10/site-packages/airflow/example_dags/tutorial_taskflow_api_etl.py
[2023-05-19 18:06:49,132] {processor.py:651} INFO - DAG(s) dict_keys(['tutorial_taskflow_api_etl']) retrieved from /home/guilherme/Documents/weather_datapipeline/airflow_weather/venv/lib/python3.10/site-packages/airflow/example_dags/tutorial_taskflow_api_etl.py
[2023-05-19 18:06:49,139] {logging_mixin.py:115} INFO - [2023-05-19 18:06:49,139] {dag.py:2379} INFO - Sync 1 DAGs
[2023-05-19 18:06:49,148] {logging_mixin.py:115} INFO - [2023-05-19 18:06:49,148] {dag.py:2927} INFO - Setting next_dagrun for tutorial_taskflow_api_etl to None, run_after=None
[2023-05-19 18:06:49,154] {processor.py:161} INFO - Processing /home/guilherme/Documents/weather_datapipeline/airflow_weather/venv/lib/python3.10/site-packages/airflow/example_dags/tutorial_taskflow_api_etl.py took 0.036 seconds
[2023-05-19 18:07:19,498] {processor.py:153} INFO - Started process (PID=14294) to work on /home/guilherme/Documents/weather_datapipeline/airflow_weather/venv/lib/python3.10/site-packages/airflow/example_dags/tutorial_taskflow_api_etl.py
[2023-05-19 18:07:19,499] {processor.py:641} INFO - Processing file /home/guilherme/Documents/weather_datapipeline/airflow_weather/venv/lib/python3.10/site-packages/airflow/example_dags/tutorial_taskflow_api_etl.py for tasks to queue
[2023-05-19 18:07:19,499] {logging_mixin.py:115} INFO - [2023-05-19 18:07:19,499] {dagbag.py:507} INFO - Filling up the DagBag from /home/guilherme/Documents/weather_datapipeline/airflow_weather/venv/lib/python3.10/site-packages/airflow/example_dags/tutorial_taskflow_api_etl.py
[2023-05-19 18:07:19,510] {processor.py:651} INFO - DAG(s) dict_keys(['tutorial_taskflow_api_etl']) retrieved from /home/guilherme/Documents/weather_datapipeline/airflow_weather/venv/lib/python3.10/site-packages/airflow/example_dags/tutorial_taskflow_api_etl.py
[2023-05-19 18:07:19,518] {logging_mixin.py:115} INFO - [2023-05-19 18:07:19,518] {dag.py:2379} INFO - Sync 1 DAGs
[2023-05-19 18:07:19,527] {logging_mixin.py:115} INFO - [2023-05-19 18:07:19,527] {dag.py:2927} INFO - Setting next_dagrun for tutorial_taskflow_api_etl to None, run_after=None
[2023-05-19 18:07:19,532] {processor.py:161} INFO - Processing /home/guilherme/Documents/weather_datapipeline/airflow_weather/venv/lib/python3.10/site-packages/airflow/example_dags/tutorial_taskflow_api_etl.py took 0.035 seconds
[2023-05-19 18:07:49,879] {processor.py:153} INFO - Started process (PID=14479) to work on /home/guilherme/Documents/weather_datapipeline/airflow_weather/venv/lib/python3.10/site-packages/airflow/example_dags/tutorial_taskflow_api_etl.py
[2023-05-19 18:07:49,880] {processor.py:641} INFO - Processing file /home/guilherme/Documents/weather_datapipeline/airflow_weather/venv/lib/python3.10/site-packages/airflow/example_dags/tutorial_taskflow_api_etl.py for tasks to queue
[2023-05-19 18:07:49,880] {logging_mixin.py:115} INFO - [2023-05-19 18:07:49,880] {dagbag.py:507} INFO - Filling up the DagBag from /home/guilherme/Documents/weather_datapipeline/airflow_weather/venv/lib/python3.10/site-packages/airflow/example_dags/tutorial_taskflow_api_etl.py
[2023-05-19 18:07:49,890] {processor.py:651} INFO - DAG(s) dict_keys(['tutorial_taskflow_api_etl']) retrieved from /home/guilherme/Documents/weather_datapipeline/airflow_weather/venv/lib/python3.10/site-packages/airflow/example_dags/tutorial_taskflow_api_etl.py
[2023-05-19 18:07:49,898] {logging_mixin.py:115} INFO - [2023-05-19 18:07:49,898] {dag.py:2379} INFO - Sync 1 DAGs
[2023-05-19 18:07:49,906] {logging_mixin.py:115} INFO - [2023-05-19 18:07:49,906] {dag.py:2927} INFO - Setting next_dagrun for tutorial_taskflow_api_etl to None, run_after=None
[2023-05-19 18:07:49,913] {processor.py:161} INFO - Processing /home/guilherme/Documents/weather_datapipeline/airflow_weather/venv/lib/python3.10/site-packages/airflow/example_dags/tutorial_taskflow_api_etl.py took 0.035 seconds
[2023-05-19 18:08:22,184] {processor.py:153} INFO - Started process (PID=14681) to work on /home/guilherme/Documents/weather_datapipeline/airflow_weather/venv/lib/python3.10/site-packages/airflow/example_dags/tutorial_taskflow_api_etl.py
[2023-05-19 18:08:22,184] {processor.py:641} INFO - Processing file /home/guilherme/Documents/weather_datapipeline/airflow_weather/venv/lib/python3.10/site-packages/airflow/example_dags/tutorial_taskflow_api_etl.py for tasks to queue
[2023-05-19 18:08:22,185] {logging_mixin.py:115} INFO - [2023-05-19 18:08:22,184] {dagbag.py:507} INFO - Filling up the DagBag from /home/guilherme/Documents/weather_datapipeline/airflow_weather/venv/lib/python3.10/site-packages/airflow/example_dags/tutorial_taskflow_api_etl.py
[2023-05-19 18:08:22,195] {processor.py:651} INFO - DAG(s) dict_keys(['tutorial_taskflow_api_etl']) retrieved from /home/guilherme/Documents/weather_datapipeline/airflow_weather/venv/lib/python3.10/site-packages/airflow/example_dags/tutorial_taskflow_api_etl.py
[2023-05-19 18:08:22,202] {logging_mixin.py:115} INFO - [2023-05-19 18:08:22,202] {dag.py:2379} INFO - Sync 1 DAGs
[2023-05-19 18:08:22,210] {logging_mixin.py:115} INFO - [2023-05-19 18:08:22,210] {dag.py:2927} INFO - Setting next_dagrun for tutorial_taskflow_api_etl to None, run_after=None
[2023-05-19 18:08:22,216] {processor.py:161} INFO - Processing /home/guilherme/Documents/weather_datapipeline/airflow_weather/venv/lib/python3.10/site-packages/airflow/example_dags/tutorial_taskflow_api_etl.py took 0.033 seconds
[2023-05-19 18:08:52,934] {processor.py:153} INFO - Started process (PID=14862) to work on /home/guilherme/Documents/weather_datapipeline/airflow_weather/venv/lib/python3.10/site-packages/airflow/example_dags/tutorial_taskflow_api_etl.py
[2023-05-19 18:08:52,934] {processor.py:641} INFO - Processing file /home/guilherme/Documents/weather_datapipeline/airflow_weather/venv/lib/python3.10/site-packages/airflow/example_dags/tutorial_taskflow_api_etl.py for tasks to queue
[2023-05-19 18:08:52,935] {logging_mixin.py:115} INFO - [2023-05-19 18:08:52,935] {dagbag.py:507} INFO - Filling up the DagBag from /home/guilherme/Documents/weather_datapipeline/airflow_weather/venv/lib/python3.10/site-packages/airflow/example_dags/tutorial_taskflow_api_etl.py
[2023-05-19 18:08:52,945] {processor.py:651} INFO - DAG(s) dict_keys(['tutorial_taskflow_api_etl']) retrieved from /home/guilherme/Documents/weather_datapipeline/airflow_weather/venv/lib/python3.10/site-packages/airflow/example_dags/tutorial_taskflow_api_etl.py
[2023-05-19 18:08:52,952] {logging_mixin.py:115} INFO - [2023-05-19 18:08:52,952] {dag.py:2379} INFO - Sync 1 DAGs
[2023-05-19 18:08:52,960] {logging_mixin.py:115} INFO - [2023-05-19 18:08:52,960] {dag.py:2927} INFO - Setting next_dagrun for tutorial_taskflow_api_etl to None, run_after=None
[2023-05-19 18:08:52,966] {processor.py:161} INFO - Processing /home/guilherme/Documents/weather_datapipeline/airflow_weather/venv/lib/python3.10/site-packages/airflow/example_dags/tutorial_taskflow_api_etl.py took 0.034 seconds
[2023-05-19 18:09:23,094] {processor.py:153} INFO - Started process (PID=15034) to work on /home/guilherme/Documents/weather_datapipeline/airflow_weather/venv/lib/python3.10/site-packages/airflow/example_dags/tutorial_taskflow_api_etl.py
[2023-05-19 18:09:23,094] {processor.py:641} INFO - Processing file /home/guilherme/Documents/weather_datapipeline/airflow_weather/venv/lib/python3.10/site-packages/airflow/example_dags/tutorial_taskflow_api_etl.py for tasks to queue
[2023-05-19 18:09:23,095] {logging_mixin.py:115} INFO - [2023-05-19 18:09:23,095] {dagbag.py:507} INFO - Filling up the DagBag from /home/guilherme/Documents/weather_datapipeline/airflow_weather/venv/lib/python3.10/site-packages/airflow/example_dags/tutorial_taskflow_api_etl.py
[2023-05-19 18:09:23,105] {processor.py:651} INFO - DAG(s) dict_keys(['tutorial_taskflow_api_etl']) retrieved from /home/guilherme/Documents/weather_datapipeline/airflow_weather/venv/lib/python3.10/site-packages/airflow/example_dags/tutorial_taskflow_api_etl.py
[2023-05-19 18:09:23,112] {logging_mixin.py:115} INFO - [2023-05-19 18:09:23,112] {dag.py:2379} INFO - Sync 1 DAGs
[2023-05-19 18:09:23,120] {logging_mixin.py:115} INFO - [2023-05-19 18:09:23,120] {dag.py:2927} INFO - Setting next_dagrun for tutorial_taskflow_api_etl to None, run_after=None
[2023-05-19 18:09:23,126] {processor.py:161} INFO - Processing /home/guilherme/Documents/weather_datapipeline/airflow_weather/venv/lib/python3.10/site-packages/airflow/example_dags/tutorial_taskflow_api_etl.py took 0.034 seconds
[2023-05-19 18:09:54,520] {processor.py:153} INFO - Started process (PID=15165) to work on /home/guilherme/Documents/weather_datapipeline/airflow_weather/venv/lib/python3.10/site-packages/airflow/example_dags/tutorial_taskflow_api_etl.py
[2023-05-19 18:09:54,521] {processor.py:641} INFO - Processing file /home/guilherme/Documents/weather_datapipeline/airflow_weather/venv/lib/python3.10/site-packages/airflow/example_dags/tutorial_taskflow_api_etl.py for tasks to queue
[2023-05-19 18:09:54,521] {logging_mixin.py:115} INFO - [2023-05-19 18:09:54,521] {dagbag.py:507} INFO - Filling up the DagBag from /home/guilherme/Documents/weather_datapipeline/airflow_weather/venv/lib/python3.10/site-packages/airflow/example_dags/tutorial_taskflow_api_etl.py
[2023-05-19 18:09:54,533] {processor.py:651} INFO - DAG(s) dict_keys(['tutorial_taskflow_api_etl']) retrieved from /home/guilherme/Documents/weather_datapipeline/airflow_weather/venv/lib/python3.10/site-packages/airflow/example_dags/tutorial_taskflow_api_etl.py
[2023-05-19 18:09:54,555] {logging_mixin.py:115} INFO - [2023-05-19 18:09:54,555] {dag.py:2379} INFO - Sync 1 DAGs
[2023-05-19 18:09:54,565] {logging_mixin.py:115} INFO - [2023-05-19 18:09:54,565] {dag.py:2927} INFO - Setting next_dagrun for tutorial_taskflow_api_etl to None, run_after=None
[2023-05-19 18:09:54,574] {processor.py:161} INFO - Processing /home/guilherme/Documents/weather_datapipeline/airflow_weather/venv/lib/python3.10/site-packages/airflow/example_dags/tutorial_taskflow_api_etl.py took 0.056 seconds
[2023-05-19 18:10:25,244] {processor.py:153} INFO - Started process (PID=15304) to work on /home/guilherme/Documents/weather_datapipeline/airflow_weather/venv/lib/python3.10/site-packages/airflow/example_dags/tutorial_taskflow_api_etl.py
[2023-05-19 18:10:25,244] {processor.py:641} INFO - Processing file /home/guilherme/Documents/weather_datapipeline/airflow_weather/venv/lib/python3.10/site-packages/airflow/example_dags/tutorial_taskflow_api_etl.py for tasks to queue
[2023-05-19 18:10:25,245] {logging_mixin.py:115} INFO - [2023-05-19 18:10:25,245] {dagbag.py:507} INFO - Filling up the DagBag from /home/guilherme/Documents/weather_datapipeline/airflow_weather/venv/lib/python3.10/site-packages/airflow/example_dags/tutorial_taskflow_api_etl.py
[2023-05-19 18:10:25,257] {processor.py:651} INFO - DAG(s) dict_keys(['tutorial_taskflow_api_etl']) retrieved from /home/guilherme/Documents/weather_datapipeline/airflow_weather/venv/lib/python3.10/site-packages/airflow/example_dags/tutorial_taskflow_api_etl.py
[2023-05-19 18:10:25,265] {logging_mixin.py:115} INFO - [2023-05-19 18:10:25,265] {dag.py:2379} INFO - Sync 1 DAGs
[2023-05-19 18:10:25,274] {logging_mixin.py:115} INFO - [2023-05-19 18:10:25,274] {dag.py:2927} INFO - Setting next_dagrun for tutorial_taskflow_api_etl to None, run_after=None
[2023-05-19 18:10:25,281] {processor.py:161} INFO - Processing /home/guilherme/Documents/weather_datapipeline/airflow_weather/venv/lib/python3.10/site-packages/airflow/example_dags/tutorial_taskflow_api_etl.py took 0.039 seconds
[2023-05-19 18:10:57,164] {processor.py:153} INFO - Started process (PID=15370) to work on /home/guilherme/Documents/weather_datapipeline/airflow_weather/venv/lib/python3.10/site-packages/airflow/example_dags/tutorial_taskflow_api_etl.py
[2023-05-19 18:10:57,164] {processor.py:641} INFO - Processing file /home/guilherme/Documents/weather_datapipeline/airflow_weather/venv/lib/python3.10/site-packages/airflow/example_dags/tutorial_taskflow_api_etl.py for tasks to queue
[2023-05-19 18:10:57,164] {logging_mixin.py:115} INFO - [2023-05-19 18:10:57,164] {dagbag.py:507} INFO - Filling up the DagBag from /home/guilherme/Documents/weather_datapipeline/airflow_weather/venv/lib/python3.10/site-packages/airflow/example_dags/tutorial_taskflow_api_etl.py
[2023-05-19 18:10:57,178] {processor.py:651} INFO - DAG(s) dict_keys(['tutorial_taskflow_api_etl']) retrieved from /home/guilherme/Documents/weather_datapipeline/airflow_weather/venv/lib/python3.10/site-packages/airflow/example_dags/tutorial_taskflow_api_etl.py
[2023-05-19 18:10:57,188] {logging_mixin.py:115} INFO - [2023-05-19 18:10:57,188] {dag.py:2379} INFO - Sync 1 DAGs
[2023-05-19 18:10:57,197] {logging_mixin.py:115} INFO - [2023-05-19 18:10:57,197] {dag.py:2927} INFO - Setting next_dagrun for tutorial_taskflow_api_etl to None, run_after=None
[2023-05-19 18:10:57,205] {processor.py:161} INFO - Processing /home/guilherme/Documents/weather_datapipeline/airflow_weather/venv/lib/python3.10/site-packages/airflow/example_dags/tutorial_taskflow_api_etl.py took 0.043 seconds
[2023-05-19 18:11:31,297] {processor.py:153} INFO - Started process (PID=15435) to work on /home/guilherme/Documents/weather_datapipeline/airflow_weather/venv/lib/python3.10/site-packages/airflow/example_dags/tutorial_taskflow_api_etl.py
[2023-05-19 18:11:31,297] {processor.py:641} INFO - Processing file /home/guilherme/Documents/weather_datapipeline/airflow_weather/venv/lib/python3.10/site-packages/airflow/example_dags/tutorial_taskflow_api_etl.py for tasks to queue
[2023-05-19 18:11:31,297] {logging_mixin.py:115} INFO - [2023-05-19 18:11:31,297] {dagbag.py:507} INFO - Filling up the DagBag from /home/guilherme/Documents/weather_datapipeline/airflow_weather/venv/lib/python3.10/site-packages/airflow/example_dags/tutorial_taskflow_api_etl.py
[2023-05-19 18:11:31,309] {processor.py:651} INFO - DAG(s) dict_keys(['tutorial_taskflow_api_etl']) retrieved from /home/guilherme/Documents/weather_datapipeline/airflow_weather/venv/lib/python3.10/site-packages/airflow/example_dags/tutorial_taskflow_api_etl.py
[2023-05-19 18:11:31,318] {logging_mixin.py:115} INFO - [2023-05-19 18:11:31,318] {dag.py:2379} INFO - Sync 1 DAGs
[2023-05-19 18:11:31,327] {logging_mixin.py:115} INFO - [2023-05-19 18:11:31,327] {dag.py:2927} INFO - Setting next_dagrun for tutorial_taskflow_api_etl to None, run_after=None
[2023-05-19 18:11:31,333] {processor.py:161} INFO - Processing /home/guilherme/Documents/weather_datapipeline/airflow_weather/venv/lib/python3.10/site-packages/airflow/example_dags/tutorial_taskflow_api_etl.py took 0.038 seconds
[2023-05-19 18:12:02,685] {processor.py:153} INFO - Started process (PID=15471) to work on /home/guilherme/Documents/weather_datapipeline/airflow_weather/venv/lib/python3.10/site-packages/airflow/example_dags/tutorial_taskflow_api_etl.py
[2023-05-19 18:12:02,685] {processor.py:641} INFO - Processing file /home/guilherme/Documents/weather_datapipeline/airflow_weather/venv/lib/python3.10/site-packages/airflow/example_dags/tutorial_taskflow_api_etl.py for tasks to queue
[2023-05-19 18:12:02,686] {logging_mixin.py:115} INFO - [2023-05-19 18:12:02,686] {dagbag.py:507} INFO - Filling up the DagBag from /home/guilherme/Documents/weather_datapipeline/airflow_weather/venv/lib/python3.10/site-packages/airflow/example_dags/tutorial_taskflow_api_etl.py
[2023-05-19 18:12:02,697] {processor.py:651} INFO - DAG(s) dict_keys(['tutorial_taskflow_api_etl']) retrieved from /home/guilherme/Documents/weather_datapipeline/airflow_weather/venv/lib/python3.10/site-packages/airflow/example_dags/tutorial_taskflow_api_etl.py
[2023-05-19 18:12:02,706] {logging_mixin.py:115} INFO - [2023-05-19 18:12:02,705] {dag.py:2379} INFO - Sync 1 DAGs
[2023-05-19 18:12:02,716] {logging_mixin.py:115} INFO - [2023-05-19 18:12:02,716] {dag.py:2927} INFO - Setting next_dagrun for tutorial_taskflow_api_etl to None, run_after=None
[2023-05-19 18:12:02,722] {processor.py:161} INFO - Processing /home/guilherme/Documents/weather_datapipeline/airflow_weather/venv/lib/python3.10/site-packages/airflow/example_dags/tutorial_taskflow_api_etl.py took 0.039 seconds
[2023-05-19 18:12:32,932] {processor.py:153} INFO - Started process (PID=15539) to work on /home/guilherme/Documents/weather_datapipeline/airflow_weather/venv/lib/python3.10/site-packages/airflow/example_dags/tutorial_taskflow_api_etl.py
[2023-05-19 18:12:32,932] {processor.py:641} INFO - Processing file /home/guilherme/Documents/weather_datapipeline/airflow_weather/venv/lib/python3.10/site-packages/airflow/example_dags/tutorial_taskflow_api_etl.py for tasks to queue
[2023-05-19 18:12:32,933] {logging_mixin.py:115} INFO - [2023-05-19 18:12:32,932] {dagbag.py:507} INFO - Filling up the DagBag from /home/guilherme/Documents/weather_datapipeline/airflow_weather/venv/lib/python3.10/site-packages/airflow/example_dags/tutorial_taskflow_api_etl.py
[2023-05-19 18:12:32,944] {processor.py:651} INFO - DAG(s) dict_keys(['tutorial_taskflow_api_etl']) retrieved from /home/guilherme/Documents/weather_datapipeline/airflow_weather/venv/lib/python3.10/site-packages/airflow/example_dags/tutorial_taskflow_api_etl.py
[2023-05-19 18:12:32,952] {logging_mixin.py:115} INFO - [2023-05-19 18:12:32,952] {dag.py:2379} INFO - Sync 1 DAGs
[2023-05-19 18:12:32,961] {logging_mixin.py:115} INFO - [2023-05-19 18:12:32,961] {dag.py:2927} INFO - Setting next_dagrun for tutorial_taskflow_api_etl to None, run_after=None
[2023-05-19 18:12:32,968] {processor.py:161} INFO - Processing /home/guilherme/Documents/weather_datapipeline/airflow_weather/venv/lib/python3.10/site-packages/airflow/example_dags/tutorial_taskflow_api_etl.py took 0.038 seconds
[2023-05-19 18:13:03,471] {processor.py:153} INFO - Started process (PID=15655) to work on /home/guilherme/Documents/weather_datapipeline/airflow_weather/venv/lib/python3.10/site-packages/airflow/example_dags/tutorial_taskflow_api_etl.py
[2023-05-19 18:13:03,471] {processor.py:641} INFO - Processing file /home/guilherme/Documents/weather_datapipeline/airflow_weather/venv/lib/python3.10/site-packages/airflow/example_dags/tutorial_taskflow_api_etl.py for tasks to queue
[2023-05-19 18:13:03,471] {logging_mixin.py:115} INFO - [2023-05-19 18:13:03,471] {dagbag.py:507} INFO - Filling up the DagBag from /home/guilherme/Documents/weather_datapipeline/airflow_weather/venv/lib/python3.10/site-packages/airflow/example_dags/tutorial_taskflow_api_etl.py
[2023-05-19 18:13:03,485] {processor.py:651} INFO - DAG(s) dict_keys(['tutorial_taskflow_api_etl']) retrieved from /home/guilherme/Documents/weather_datapipeline/airflow_weather/venv/lib/python3.10/site-packages/airflow/example_dags/tutorial_taskflow_api_etl.py
[2023-05-19 18:13:03,493] {logging_mixin.py:115} INFO - [2023-05-19 18:13:03,493] {dag.py:2379} INFO - Sync 1 DAGs
[2023-05-19 18:13:03,503] {logging_mixin.py:115} INFO - [2023-05-19 18:13:03,503] {dag.py:2927} INFO - Setting next_dagrun for tutorial_taskflow_api_etl to None, run_after=None
[2023-05-19 18:13:03,509] {processor.py:161} INFO - Processing /home/guilherme/Documents/weather_datapipeline/airflow_weather/venv/lib/python3.10/site-packages/airflow/example_dags/tutorial_taskflow_api_etl.py took 0.040 seconds
[2023-05-19 18:13:34,798] {processor.py:153} INFO - Started process (PID=15832) to work on /home/guilherme/Documents/weather_datapipeline/airflow_weather/venv/lib/python3.10/site-packages/airflow/example_dags/tutorial_taskflow_api_etl.py
[2023-05-19 18:13:34,798] {processor.py:641} INFO - Processing file /home/guilherme/Documents/weather_datapipeline/airflow_weather/venv/lib/python3.10/site-packages/airflow/example_dags/tutorial_taskflow_api_etl.py for tasks to queue
[2023-05-19 18:13:34,798] {logging_mixin.py:115} INFO - [2023-05-19 18:13:34,798] {dagbag.py:507} INFO - Filling up the DagBag from /home/guilherme/Documents/weather_datapipeline/airflow_weather/venv/lib/python3.10/site-packages/airflow/example_dags/tutorial_taskflow_api_etl.py
[2023-05-19 18:13:34,809] {processor.py:651} INFO - DAG(s) dict_keys(['tutorial_taskflow_api_etl']) retrieved from /home/guilherme/Documents/weather_datapipeline/airflow_weather/venv/lib/python3.10/site-packages/airflow/example_dags/tutorial_taskflow_api_etl.py
[2023-05-19 18:13:34,817] {logging_mixin.py:115} INFO - [2023-05-19 18:13:34,817] {dag.py:2379} INFO - Sync 1 DAGs
[2023-05-19 18:13:34,825] {logging_mixin.py:115} INFO - [2023-05-19 18:13:34,825] {dag.py:2927} INFO - Setting next_dagrun for tutorial_taskflow_api_etl to None, run_after=None
[2023-05-19 18:13:34,831] {processor.py:161} INFO - Processing /home/guilherme/Documents/weather_datapipeline/airflow_weather/venv/lib/python3.10/site-packages/airflow/example_dags/tutorial_taskflow_api_etl.py took 0.036 seconds
[2023-05-19 18:14:07,747] {processor.py:153} INFO - Started process (PID=16028) to work on /home/guilherme/Documents/weather_datapipeline/airflow_weather/venv/lib/python3.10/site-packages/airflow/example_dags/tutorial_taskflow_api_etl.py
[2023-05-19 18:14:07,748] {processor.py:641} INFO - Processing file /home/guilherme/Documents/weather_datapipeline/airflow_weather/venv/lib/python3.10/site-packages/airflow/example_dags/tutorial_taskflow_api_etl.py for tasks to queue
[2023-05-19 18:14:07,748] {logging_mixin.py:115} INFO - [2023-05-19 18:14:07,748] {dagbag.py:507} INFO - Filling up the DagBag from /home/guilherme/Documents/weather_datapipeline/airflow_weather/venv/lib/python3.10/site-packages/airflow/example_dags/tutorial_taskflow_api_etl.py
[2023-05-19 18:14:07,759] {processor.py:651} INFO - DAG(s) dict_keys(['tutorial_taskflow_api_etl']) retrieved from /home/guilherme/Documents/weather_datapipeline/airflow_weather/venv/lib/python3.10/site-packages/airflow/example_dags/tutorial_taskflow_api_etl.py
[2023-05-19 18:14:07,768] {logging_mixin.py:115} INFO - [2023-05-19 18:14:07,768] {dag.py:2379} INFO - Sync 1 DAGs
[2023-05-19 18:14:07,776] {logging_mixin.py:115} INFO - [2023-05-19 18:14:07,776] {dag.py:2927} INFO - Setting next_dagrun for tutorial_taskflow_api_etl to None, run_after=None
[2023-05-19 18:14:07,784] {processor.py:161} INFO - Processing /home/guilherme/Documents/weather_datapipeline/airflow_weather/venv/lib/python3.10/site-packages/airflow/example_dags/tutorial_taskflow_api_etl.py took 0.039 seconds
[2023-05-19 18:14:40,773] {processor.py:153} INFO - Started process (PID=16209) to work on /home/guilherme/Documents/weather_datapipeline/airflow_weather/venv/lib/python3.10/site-packages/airflow/example_dags/tutorial_taskflow_api_etl.py
[2023-05-19 18:14:40,774] {processor.py:641} INFO - Processing file /home/guilherme/Documents/weather_datapipeline/airflow_weather/venv/lib/python3.10/site-packages/airflow/example_dags/tutorial_taskflow_api_etl.py for tasks to queue
[2023-05-19 18:14:40,774] {logging_mixin.py:115} INFO - [2023-05-19 18:14:40,774] {dagbag.py:507} INFO - Filling up the DagBag from /home/guilherme/Documents/weather_datapipeline/airflow_weather/venv/lib/python3.10/site-packages/airflow/example_dags/tutorial_taskflow_api_etl.py
[2023-05-19 18:14:40,785] {processor.py:651} INFO - DAG(s) dict_keys(['tutorial_taskflow_api_etl']) retrieved from /home/guilherme/Documents/weather_datapipeline/airflow_weather/venv/lib/python3.10/site-packages/airflow/example_dags/tutorial_taskflow_api_etl.py
[2023-05-19 18:14:40,806] {logging_mixin.py:115} INFO - [2023-05-19 18:14:40,806] {dag.py:2379} INFO - Sync 1 DAGs
[2023-05-19 18:14:40,813] {logging_mixin.py:115} INFO - [2023-05-19 18:14:40,813] {dag.py:2927} INFO - Setting next_dagrun for tutorial_taskflow_api_etl to None, run_after=None
[2023-05-19 18:14:40,820] {processor.py:161} INFO - Processing /home/guilherme/Documents/weather_datapipeline/airflow_weather/venv/lib/python3.10/site-packages/airflow/example_dags/tutorial_taskflow_api_etl.py took 0.049 seconds
[2023-05-19 18:15:12,084] {processor.py:153} INFO - Started process (PID=16379) to work on /home/guilherme/Documents/weather_datapipeline/airflow_weather/venv/lib/python3.10/site-packages/airflow/example_dags/tutorial_taskflow_api_etl.py
[2023-05-19 18:15:12,085] {processor.py:641} INFO - Processing file /home/guilherme/Documents/weather_datapipeline/airflow_weather/venv/lib/python3.10/site-packages/airflow/example_dags/tutorial_taskflow_api_etl.py for tasks to queue
[2023-05-19 18:15:12,085] {logging_mixin.py:115} INFO - [2023-05-19 18:15:12,085] {dagbag.py:507} INFO - Filling up the DagBag from /home/guilherme/Documents/weather_datapipeline/airflow_weather/venv/lib/python3.10/site-packages/airflow/example_dags/tutorial_taskflow_api_etl.py
[2023-05-19 18:15:12,097] {processor.py:651} INFO - DAG(s) dict_keys(['tutorial_taskflow_api_etl']) retrieved from /home/guilherme/Documents/weather_datapipeline/airflow_weather/venv/lib/python3.10/site-packages/airflow/example_dags/tutorial_taskflow_api_etl.py
[2023-05-19 18:15:12,105] {logging_mixin.py:115} INFO - [2023-05-19 18:15:12,105] {dag.py:2379} INFO - Sync 1 DAGs
[2023-05-19 18:15:12,115] {logging_mixin.py:115} INFO - [2023-05-19 18:15:12,115] {dag.py:2927} INFO - Setting next_dagrun for tutorial_taskflow_api_etl to None, run_after=None
[2023-05-19 18:15:12,121] {processor.py:161} INFO - Processing /home/guilherme/Documents/weather_datapipeline/airflow_weather/venv/lib/python3.10/site-packages/airflow/example_dags/tutorial_taskflow_api_etl.py took 0.039 seconds
[2023-05-19 18:15:43,912] {processor.py:153} INFO - Started process (PID=16574) to work on /home/guilherme/Documents/weather_datapipeline/airflow_weather/venv/lib/python3.10/site-packages/airflow/example_dags/tutorial_taskflow_api_etl.py
[2023-05-19 18:15:43,913] {processor.py:641} INFO - Processing file /home/guilherme/Documents/weather_datapipeline/airflow_weather/venv/lib/python3.10/site-packages/airflow/example_dags/tutorial_taskflow_api_etl.py for tasks to queue
[2023-05-19 18:15:43,913] {logging_mixin.py:115} INFO - [2023-05-19 18:15:43,913] {dagbag.py:507} INFO - Filling up the DagBag from /home/guilherme/Documents/weather_datapipeline/airflow_weather/venv/lib/python3.10/site-packages/airflow/example_dags/tutorial_taskflow_api_etl.py
[2023-05-19 18:15:43,924] {processor.py:651} INFO - DAG(s) dict_keys(['tutorial_taskflow_api_etl']) retrieved from /home/guilherme/Documents/weather_datapipeline/airflow_weather/venv/lib/python3.10/site-packages/airflow/example_dags/tutorial_taskflow_api_etl.py
[2023-05-19 18:15:43,932] {logging_mixin.py:115} INFO - [2023-05-19 18:15:43,932] {dag.py:2379} INFO - Sync 1 DAGs
[2023-05-19 18:15:43,940] {logging_mixin.py:115} INFO - [2023-05-19 18:15:43,940] {dag.py:2927} INFO - Setting next_dagrun for tutorial_taskflow_api_etl to None, run_after=None
[2023-05-19 18:15:43,947] {processor.py:161} INFO - Processing /home/guilherme/Documents/weather_datapipeline/airflow_weather/venv/lib/python3.10/site-packages/airflow/example_dags/tutorial_taskflow_api_etl.py took 0.037 seconds
[2023-05-19 18:16:14,687] {processor.py:153} INFO - Started process (PID=16744) to work on /home/guilherme/Documents/weather_datapipeline/airflow_weather/venv/lib/python3.10/site-packages/airflow/example_dags/tutorial_taskflow_api_etl.py
[2023-05-19 18:16:14,688] {processor.py:641} INFO - Processing file /home/guilherme/Documents/weather_datapipeline/airflow_weather/venv/lib/python3.10/site-packages/airflow/example_dags/tutorial_taskflow_api_etl.py for tasks to queue
[2023-05-19 18:16:14,688] {logging_mixin.py:115} INFO - [2023-05-19 18:16:14,688] {dagbag.py:507} INFO - Filling up the DagBag from /home/guilherme/Documents/weather_datapipeline/airflow_weather/venv/lib/python3.10/site-packages/airflow/example_dags/tutorial_taskflow_api_etl.py
[2023-05-19 18:16:14,698] {processor.py:651} INFO - DAG(s) dict_keys(['tutorial_taskflow_api_etl']) retrieved from /home/guilherme/Documents/weather_datapipeline/airflow_weather/venv/lib/python3.10/site-packages/airflow/example_dags/tutorial_taskflow_api_etl.py
[2023-05-19 18:16:14,706] {logging_mixin.py:115} INFO - [2023-05-19 18:16:14,706] {dag.py:2379} INFO - Sync 1 DAGs
[2023-05-19 18:16:14,714] {logging_mixin.py:115} INFO - [2023-05-19 18:16:14,714] {dag.py:2927} INFO - Setting next_dagrun for tutorial_taskflow_api_etl to None, run_after=None
[2023-05-19 18:16:14,720] {processor.py:161} INFO - Processing /home/guilherme/Documents/weather_datapipeline/airflow_weather/venv/lib/python3.10/site-packages/airflow/example_dags/tutorial_taskflow_api_etl.py took 0.034 seconds
[2023-05-19 18:16:46,579] {processor.py:153} INFO - Started process (PID=16915) to work on /home/guilherme/Documents/weather_datapipeline/airflow_weather/venv/lib/python3.10/site-packages/airflow/example_dags/tutorial_taskflow_api_etl.py
[2023-05-19 18:16:46,580] {processor.py:641} INFO - Processing file /home/guilherme/Documents/weather_datapipeline/airflow_weather/venv/lib/python3.10/site-packages/airflow/example_dags/tutorial_taskflow_api_etl.py for tasks to queue
[2023-05-19 18:16:46,580] {logging_mixin.py:115} INFO - [2023-05-19 18:16:46,580] {dagbag.py:507} INFO - Filling up the DagBag from /home/guilherme/Documents/weather_datapipeline/airflow_weather/venv/lib/python3.10/site-packages/airflow/example_dags/tutorial_taskflow_api_etl.py
[2023-05-19 18:16:46,590] {processor.py:651} INFO - DAG(s) dict_keys(['tutorial_taskflow_api_etl']) retrieved from /home/guilherme/Documents/weather_datapipeline/airflow_weather/venv/lib/python3.10/site-packages/airflow/example_dags/tutorial_taskflow_api_etl.py
[2023-05-19 18:16:46,599] {logging_mixin.py:115} INFO - [2023-05-19 18:16:46,599] {dag.py:2379} INFO - Sync 1 DAGs
[2023-05-19 18:16:46,608] {logging_mixin.py:115} INFO - [2023-05-19 18:16:46,608] {dag.py:2927} INFO - Setting next_dagrun for tutorial_taskflow_api_etl to None, run_after=None
[2023-05-19 18:16:46,614] {processor.py:161} INFO - Processing /home/guilherme/Documents/weather_datapipeline/airflow_weather/venv/lib/python3.10/site-packages/airflow/example_dags/tutorial_taskflow_api_etl.py took 0.037 seconds
[2023-05-19 18:17:19,084] {processor.py:153} INFO - Started process (PID=17113) to work on /home/guilherme/Documents/weather_datapipeline/airflow_weather/venv/lib/python3.10/site-packages/airflow/example_dags/tutorial_taskflow_api_etl.py
[2023-05-19 18:17:19,084] {processor.py:641} INFO - Processing file /home/guilherme/Documents/weather_datapipeline/airflow_weather/venv/lib/python3.10/site-packages/airflow/example_dags/tutorial_taskflow_api_etl.py for tasks to queue
[2023-05-19 18:17:19,084] {logging_mixin.py:115} INFO - [2023-05-19 18:17:19,084] {dagbag.py:507} INFO - Filling up the DagBag from /home/guilherme/Documents/weather_datapipeline/airflow_weather/venv/lib/python3.10/site-packages/airflow/example_dags/tutorial_taskflow_api_etl.py
[2023-05-19 18:17:19,095] {processor.py:651} INFO - DAG(s) dict_keys(['tutorial_taskflow_api_etl']) retrieved from /home/guilherme/Documents/weather_datapipeline/airflow_weather/venv/lib/python3.10/site-packages/airflow/example_dags/tutorial_taskflow_api_etl.py
[2023-05-19 18:17:19,103] {logging_mixin.py:115} INFO - [2023-05-19 18:17:19,103] {dag.py:2379} INFO - Sync 1 DAGs
[2023-05-19 18:17:19,111] {logging_mixin.py:115} INFO - [2023-05-19 18:17:19,111] {dag.py:2927} INFO - Setting next_dagrun for tutorial_taskflow_api_etl to None, run_after=None
[2023-05-19 18:17:19,117] {processor.py:161} INFO - Processing /home/guilherme/Documents/weather_datapipeline/airflow_weather/venv/lib/python3.10/site-packages/airflow/example_dags/tutorial_taskflow_api_etl.py took 0.036 seconds
[2023-05-19 18:17:49,338] {processor.py:153} INFO - Started process (PID=17286) to work on /home/guilherme/Documents/weather_datapipeline/airflow_weather/venv/lib/python3.10/site-packages/airflow/example_dags/tutorial_taskflow_api_etl.py
[2023-05-19 18:17:49,339] {processor.py:641} INFO - Processing file /home/guilherme/Documents/weather_datapipeline/airflow_weather/venv/lib/python3.10/site-packages/airflow/example_dags/tutorial_taskflow_api_etl.py for tasks to queue
[2023-05-19 18:17:49,339] {logging_mixin.py:115} INFO - [2023-05-19 18:17:49,339] {dagbag.py:507} INFO - Filling up the DagBag from /home/guilherme/Documents/weather_datapipeline/airflow_weather/venv/lib/python3.10/site-packages/airflow/example_dags/tutorial_taskflow_api_etl.py
[2023-05-19 18:17:49,350] {processor.py:651} INFO - DAG(s) dict_keys(['tutorial_taskflow_api_etl']) retrieved from /home/guilherme/Documents/weather_datapipeline/airflow_weather/venv/lib/python3.10/site-packages/airflow/example_dags/tutorial_taskflow_api_etl.py
[2023-05-19 18:17:49,359] {logging_mixin.py:115} INFO - [2023-05-19 18:17:49,359] {dag.py:2379} INFO - Sync 1 DAGs
[2023-05-19 18:17:49,367] {logging_mixin.py:115} INFO - [2023-05-19 18:17:49,367] {dag.py:2927} INFO - Setting next_dagrun for tutorial_taskflow_api_etl to None, run_after=None
[2023-05-19 18:17:49,375] {processor.py:161} INFO - Processing /home/guilherme/Documents/weather_datapipeline/airflow_weather/venv/lib/python3.10/site-packages/airflow/example_dags/tutorial_taskflow_api_etl.py took 0.039 seconds
[2023-05-19 18:18:19,512] {processor.py:153} INFO - Started process (PID=17500) to work on /home/guilherme/Documents/weather_datapipeline/airflow_weather/venv/lib/python3.10/site-packages/airflow/example_dags/tutorial_taskflow_api_etl.py
[2023-05-19 18:18:19,512] {processor.py:641} INFO - Processing file /home/guilherme/Documents/weather_datapipeline/airflow_weather/venv/lib/python3.10/site-packages/airflow/example_dags/tutorial_taskflow_api_etl.py for tasks to queue
[2023-05-19 18:18:19,512] {logging_mixin.py:115} INFO - [2023-05-19 18:18:19,512] {dagbag.py:507} INFO - Filling up the DagBag from /home/guilherme/Documents/weather_datapipeline/airflow_weather/venv/lib/python3.10/site-packages/airflow/example_dags/tutorial_taskflow_api_etl.py
[2023-05-19 18:18:19,525] {processor.py:651} INFO - DAG(s) dict_keys(['tutorial_taskflow_api_etl']) retrieved from /home/guilherme/Documents/weather_datapipeline/airflow_weather/venv/lib/python3.10/site-packages/airflow/example_dags/tutorial_taskflow_api_etl.py
[2023-05-19 18:18:19,533] {logging_mixin.py:115} INFO - [2023-05-19 18:18:19,533] {dag.py:2379} INFO - Sync 1 DAGs
[2023-05-19 18:18:19,543] {logging_mixin.py:115} INFO - [2023-05-19 18:18:19,543] {dag.py:2927} INFO - Setting next_dagrun for tutorial_taskflow_api_etl to None, run_after=None
[2023-05-19 18:18:19,550] {processor.py:161} INFO - Processing /home/guilherme/Documents/weather_datapipeline/airflow_weather/venv/lib/python3.10/site-packages/airflow/example_dags/tutorial_taskflow_api_etl.py took 0.040 seconds
[2023-05-19 18:18:49,743] {processor.py:153} INFO - Started process (PID=17656) to work on /home/guilherme/Documents/weather_datapipeline/airflow_weather/venv/lib/python3.10/site-packages/airflow/example_dags/tutorial_taskflow_api_etl.py
[2023-05-19 18:18:49,744] {processor.py:641} INFO - Processing file /home/guilherme/Documents/weather_datapipeline/airflow_weather/venv/lib/python3.10/site-packages/airflow/example_dags/tutorial_taskflow_api_etl.py for tasks to queue
[2023-05-19 18:18:49,744] {logging_mixin.py:115} INFO - [2023-05-19 18:18:49,744] {dagbag.py:507} INFO - Filling up the DagBag from /home/guilherme/Documents/weather_datapipeline/airflow_weather/venv/lib/python3.10/site-packages/airflow/example_dags/tutorial_taskflow_api_etl.py
[2023-05-19 18:18:49,758] {processor.py:651} INFO - DAG(s) dict_keys(['tutorial_taskflow_api_etl']) retrieved from /home/guilherme/Documents/weather_datapipeline/airflow_weather/venv/lib/python3.10/site-packages/airflow/example_dags/tutorial_taskflow_api_etl.py
[2023-05-19 18:18:49,766] {logging_mixin.py:115} INFO - [2023-05-19 18:18:49,766] {dag.py:2379} INFO - Sync 1 DAGs
[2023-05-19 18:18:49,775] {logging_mixin.py:115} INFO - [2023-05-19 18:18:49,775] {dag.py:2927} INFO - Setting next_dagrun for tutorial_taskflow_api_etl to None, run_after=None
[2023-05-19 18:18:49,782] {processor.py:161} INFO - Processing /home/guilherme/Documents/weather_datapipeline/airflow_weather/venv/lib/python3.10/site-packages/airflow/example_dags/tutorial_taskflow_api_etl.py took 0.041 seconds
[2023-05-19 18:19:21,200] {processor.py:153} INFO - Started process (PID=18336) to work on /home/guilherme/Documents/weather_datapipeline/airflow_weather/venv/lib/python3.10/site-packages/airflow/example_dags/tutorial_taskflow_api_etl.py
[2023-05-19 18:19:21,201] {processor.py:641} INFO - Processing file /home/guilherme/Documents/weather_datapipeline/airflow_weather/venv/lib/python3.10/site-packages/airflow/example_dags/tutorial_taskflow_api_etl.py for tasks to queue
[2023-05-19 18:19:21,201] {logging_mixin.py:115} INFO - [2023-05-19 18:19:21,201] {dagbag.py:507} INFO - Filling up the DagBag from /home/guilherme/Documents/weather_datapipeline/airflow_weather/venv/lib/python3.10/site-packages/airflow/example_dags/tutorial_taskflow_api_etl.py
[2023-05-19 18:19:21,211] {processor.py:651} INFO - DAG(s) dict_keys(['tutorial_taskflow_api_etl']) retrieved from /home/guilherme/Documents/weather_datapipeline/airflow_weather/venv/lib/python3.10/site-packages/airflow/example_dags/tutorial_taskflow_api_etl.py
[2023-05-19 18:19:21,219] {logging_mixin.py:115} INFO - [2023-05-19 18:19:21,219] {dag.py:2379} INFO - Sync 1 DAGs
[2023-05-19 18:19:21,227] {logging_mixin.py:115} INFO - [2023-05-19 18:19:21,227] {dag.py:2927} INFO - Setting next_dagrun for tutorial_taskflow_api_etl to None, run_after=None
[2023-05-19 18:19:21,233] {processor.py:161} INFO - Processing /home/guilherme/Documents/weather_datapipeline/airflow_weather/venv/lib/python3.10/site-packages/airflow/example_dags/tutorial_taskflow_api_etl.py took 0.034 seconds
[2023-05-19 18:19:51,874] {processor.py:153} INFO - Started process (PID=18514) to work on /home/guilherme/Documents/weather_datapipeline/airflow_weather/venv/lib/python3.10/site-packages/airflow/example_dags/tutorial_taskflow_api_etl.py
[2023-05-19 18:19:51,874] {processor.py:641} INFO - Processing file /home/guilherme/Documents/weather_datapipeline/airflow_weather/venv/lib/python3.10/site-packages/airflow/example_dags/tutorial_taskflow_api_etl.py for tasks to queue
[2023-05-19 18:19:51,874] {logging_mixin.py:115} INFO - [2023-05-19 18:19:51,874] {dagbag.py:507} INFO - Filling up the DagBag from /home/guilherme/Documents/weather_datapipeline/airflow_weather/venv/lib/python3.10/site-packages/airflow/example_dags/tutorial_taskflow_api_etl.py
[2023-05-19 18:19:51,886] {processor.py:651} INFO - DAG(s) dict_keys(['tutorial_taskflow_api_etl']) retrieved from /home/guilherme/Documents/weather_datapipeline/airflow_weather/venv/lib/python3.10/site-packages/airflow/example_dags/tutorial_taskflow_api_etl.py
[2023-05-19 18:19:51,909] {logging_mixin.py:115} INFO - [2023-05-19 18:19:51,909] {dag.py:2379} INFO - Sync 1 DAGs
[2023-05-19 18:19:51,917] {logging_mixin.py:115} INFO - [2023-05-19 18:19:51,917] {dag.py:2927} INFO - Setting next_dagrun for tutorial_taskflow_api_etl to None, run_after=None
[2023-05-19 18:19:51,924] {processor.py:161} INFO - Processing /home/guilherme/Documents/weather_datapipeline/airflow_weather/venv/lib/python3.10/site-packages/airflow/example_dags/tutorial_taskflow_api_etl.py took 0.051 seconds
[2023-05-19 18:20:23,790] {processor.py:153} INFO - Started process (PID=18700) to work on /home/guilherme/Documents/weather_datapipeline/airflow_weather/venv/lib/python3.10/site-packages/airflow/example_dags/tutorial_taskflow_api_etl.py
[2023-05-19 18:20:23,791] {processor.py:641} INFO - Processing file /home/guilherme/Documents/weather_datapipeline/airflow_weather/venv/lib/python3.10/site-packages/airflow/example_dags/tutorial_taskflow_api_etl.py for tasks to queue
[2023-05-19 18:20:23,791] {logging_mixin.py:115} INFO - [2023-05-19 18:20:23,791] {dagbag.py:507} INFO - Filling up the DagBag from /home/guilherme/Documents/weather_datapipeline/airflow_weather/venv/lib/python3.10/site-packages/airflow/example_dags/tutorial_taskflow_api_etl.py
[2023-05-19 18:20:23,803] {processor.py:651} INFO - DAG(s) dict_keys(['tutorial_taskflow_api_etl']) retrieved from /home/guilherme/Documents/weather_datapipeline/airflow_weather/venv/lib/python3.10/site-packages/airflow/example_dags/tutorial_taskflow_api_etl.py
[2023-05-19 18:20:23,828] {logging_mixin.py:115} INFO - [2023-05-19 18:20:23,828] {dag.py:2379} INFO - Sync 1 DAGs
[2023-05-19 18:20:23,835] {logging_mixin.py:115} INFO - [2023-05-19 18:20:23,835] {dag.py:2927} INFO - Setting next_dagrun for tutorial_taskflow_api_etl to None, run_after=None
[2023-05-19 18:20:23,842] {processor.py:161} INFO - Processing /home/guilherme/Documents/weather_datapipeline/airflow_weather/venv/lib/python3.10/site-packages/airflow/example_dags/tutorial_taskflow_api_etl.py took 0.054 seconds
[2023-05-19 18:20:56,293] {processor.py:153} INFO - Started process (PID=18896) to work on /home/guilherme/Documents/weather_datapipeline/airflow_weather/venv/lib/python3.10/site-packages/airflow/example_dags/tutorial_taskflow_api_etl.py
[2023-05-19 18:20:56,294] {processor.py:641} INFO - Processing file /home/guilherme/Documents/weather_datapipeline/airflow_weather/venv/lib/python3.10/site-packages/airflow/example_dags/tutorial_taskflow_api_etl.py for tasks to queue
[2023-05-19 18:20:56,294] {logging_mixin.py:115} INFO - [2023-05-19 18:20:56,294] {dagbag.py:507} INFO - Filling up the DagBag from /home/guilherme/Documents/weather_datapipeline/airflow_weather/venv/lib/python3.10/site-packages/airflow/example_dags/tutorial_taskflow_api_etl.py
[2023-05-19 18:20:56,307] {processor.py:651} INFO - DAG(s) dict_keys(['tutorial_taskflow_api_etl']) retrieved from /home/guilherme/Documents/weather_datapipeline/airflow_weather/venv/lib/python3.10/site-packages/airflow/example_dags/tutorial_taskflow_api_etl.py
[2023-05-19 18:20:56,316] {logging_mixin.py:115} INFO - [2023-05-19 18:20:56,316] {dag.py:2379} INFO - Sync 1 DAGs
[2023-05-19 18:20:56,325] {logging_mixin.py:115} INFO - [2023-05-19 18:20:56,325] {dag.py:2927} INFO - Setting next_dagrun for tutorial_taskflow_api_etl to None, run_after=None
[2023-05-19 18:20:56,332] {processor.py:161} INFO - Processing /home/guilherme/Documents/weather_datapipeline/airflow_weather/venv/lib/python3.10/site-packages/airflow/example_dags/tutorial_taskflow_api_etl.py took 0.040 seconds
[2023-05-19 18:21:28,198] {processor.py:153} INFO - Started process (PID=19107) to work on /home/guilherme/Documents/weather_datapipeline/airflow_weather/venv/lib/python3.10/site-packages/airflow/example_dags/tutorial_taskflow_api_etl.py
[2023-05-19 18:21:28,198] {processor.py:641} INFO - Processing file /home/guilherme/Documents/weather_datapipeline/airflow_weather/venv/lib/python3.10/site-packages/airflow/example_dags/tutorial_taskflow_api_etl.py for tasks to queue
[2023-05-19 18:21:28,199] {logging_mixin.py:115} INFO - [2023-05-19 18:21:28,199] {dagbag.py:507} INFO - Filling up the DagBag from /home/guilherme/Documents/weather_datapipeline/airflow_weather/venv/lib/python3.10/site-packages/airflow/example_dags/tutorial_taskflow_api_etl.py
[2023-05-19 18:21:28,211] {processor.py:651} INFO - DAG(s) dict_keys(['tutorial_taskflow_api_etl']) retrieved from /home/guilherme/Documents/weather_datapipeline/airflow_weather/venv/lib/python3.10/site-packages/airflow/example_dags/tutorial_taskflow_api_etl.py
[2023-05-19 18:21:28,219] {logging_mixin.py:115} INFO - [2023-05-19 18:21:28,219] {dag.py:2379} INFO - Sync 1 DAGs
[2023-05-19 18:21:28,229] {logging_mixin.py:115} INFO - [2023-05-19 18:21:28,229] {dag.py:2927} INFO - Setting next_dagrun for tutorial_taskflow_api_etl to None, run_after=None
[2023-05-19 18:21:28,236] {processor.py:161} INFO - Processing /home/guilherme/Documents/weather_datapipeline/airflow_weather/venv/lib/python3.10/site-packages/airflow/example_dags/tutorial_taskflow_api_etl.py took 0.040 seconds
[2023-05-19 18:22:01,869] {processor.py:153} INFO - Started process (PID=19318) to work on /home/guilherme/Documents/weather_datapipeline/airflow_weather/venv/lib/python3.10/site-packages/airflow/example_dags/tutorial_taskflow_api_etl.py
[2023-05-19 18:22:01,869] {processor.py:641} INFO - Processing file /home/guilherme/Documents/weather_datapipeline/airflow_weather/venv/lib/python3.10/site-packages/airflow/example_dags/tutorial_taskflow_api_etl.py for tasks to queue
[2023-05-19 18:22:01,869] {logging_mixin.py:115} INFO - [2023-05-19 18:22:01,869] {dagbag.py:507} INFO - Filling up the DagBag from /home/guilherme/Documents/weather_datapipeline/airflow_weather/venv/lib/python3.10/site-packages/airflow/example_dags/tutorial_taskflow_api_etl.py
[2023-05-19 18:22:01,885] {processor.py:651} INFO - DAG(s) dict_keys(['tutorial_taskflow_api_etl']) retrieved from /home/guilherme/Documents/weather_datapipeline/airflow_weather/venv/lib/python3.10/site-packages/airflow/example_dags/tutorial_taskflow_api_etl.py
[2023-05-19 18:22:01,899] {logging_mixin.py:115} INFO - [2023-05-19 18:22:01,899] {dag.py:2379} INFO - Sync 1 DAGs
[2023-05-19 18:22:01,914] {logging_mixin.py:115} INFO - [2023-05-19 18:22:01,914] {dag.py:2927} INFO - Setting next_dagrun for tutorial_taskflow_api_etl to None, run_after=None
[2023-05-19 18:22:01,922] {processor.py:161} INFO - Processing /home/guilherme/Documents/weather_datapipeline/airflow_weather/venv/lib/python3.10/site-packages/airflow/example_dags/tutorial_taskflow_api_etl.py took 0.056 seconds
[2023-05-19 18:22:34,109] {processor.py:153} INFO - Started process (PID=19492) to work on /home/guilherme/Documents/weather_datapipeline/airflow_weather/venv/lib/python3.10/site-packages/airflow/example_dags/tutorial_taskflow_api_etl.py
[2023-05-19 18:22:34,109] {processor.py:641} INFO - Processing file /home/guilherme/Documents/weather_datapipeline/airflow_weather/venv/lib/python3.10/site-packages/airflow/example_dags/tutorial_taskflow_api_etl.py for tasks to queue
[2023-05-19 18:22:34,110] {logging_mixin.py:115} INFO - [2023-05-19 18:22:34,110] {dagbag.py:507} INFO - Filling up the DagBag from /home/guilherme/Documents/weather_datapipeline/airflow_weather/venv/lib/python3.10/site-packages/airflow/example_dags/tutorial_taskflow_api_etl.py
[2023-05-19 18:22:34,122] {processor.py:651} INFO - DAG(s) dict_keys(['tutorial_taskflow_api_etl']) retrieved from /home/guilherme/Documents/weather_datapipeline/airflow_weather/venv/lib/python3.10/site-packages/airflow/example_dags/tutorial_taskflow_api_etl.py
[2023-05-19 18:22:34,131] {logging_mixin.py:115} INFO - [2023-05-19 18:22:34,131] {dag.py:2379} INFO - Sync 1 DAGs
[2023-05-19 18:22:34,140] {logging_mixin.py:115} INFO - [2023-05-19 18:22:34,140] {dag.py:2927} INFO - Setting next_dagrun for tutorial_taskflow_api_etl to None, run_after=None
[2023-05-19 18:22:34,147] {processor.py:161} INFO - Processing /home/guilherme/Documents/weather_datapipeline/airflow_weather/venv/lib/python3.10/site-packages/airflow/example_dags/tutorial_taskflow_api_etl.py took 0.040 seconds
[2023-05-19 18:23:06,549] {processor.py:153} INFO - Started process (PID=19702) to work on /home/guilherme/Documents/weather_datapipeline/airflow_weather/venv/lib/python3.10/site-packages/airflow/example_dags/tutorial_taskflow_api_etl.py
[2023-05-19 18:23:06,549] {processor.py:641} INFO - Processing file /home/guilherme/Documents/weather_datapipeline/airflow_weather/venv/lib/python3.10/site-packages/airflow/example_dags/tutorial_taskflow_api_etl.py for tasks to queue
[2023-05-19 18:23:06,550] {logging_mixin.py:115} INFO - [2023-05-19 18:23:06,550] {dagbag.py:507} INFO - Filling up the DagBag from /home/guilherme/Documents/weather_datapipeline/airflow_weather/venv/lib/python3.10/site-packages/airflow/example_dags/tutorial_taskflow_api_etl.py
[2023-05-19 18:23:06,562] {processor.py:651} INFO - DAG(s) dict_keys(['tutorial_taskflow_api_etl']) retrieved from /home/guilherme/Documents/weather_datapipeline/airflow_weather/venv/lib/python3.10/site-packages/airflow/example_dags/tutorial_taskflow_api_etl.py
[2023-05-19 18:23:06,570] {logging_mixin.py:115} INFO - [2023-05-19 18:23:06,570] {dag.py:2379} INFO - Sync 1 DAGs
[2023-05-19 18:23:06,579] {logging_mixin.py:115} INFO - [2023-05-19 18:23:06,579] {dag.py:2927} INFO - Setting next_dagrun for tutorial_taskflow_api_etl to None, run_after=None
[2023-05-19 18:23:06,586] {processor.py:161} INFO - Processing /home/guilherme/Documents/weather_datapipeline/airflow_weather/venv/lib/python3.10/site-packages/airflow/example_dags/tutorial_taskflow_api_etl.py took 0.039 seconds
[2023-05-19 18:23:39,073] {processor.py:153} INFO - Started process (PID=19906) to work on /home/guilherme/Documents/weather_datapipeline/airflow_weather/venv/lib/python3.10/site-packages/airflow/example_dags/tutorial_taskflow_api_etl.py
[2023-05-19 18:23:39,074] {processor.py:641} INFO - Processing file /home/guilherme/Documents/weather_datapipeline/airflow_weather/venv/lib/python3.10/site-packages/airflow/example_dags/tutorial_taskflow_api_etl.py for tasks to queue
[2023-05-19 18:23:39,074] {logging_mixin.py:115} INFO - [2023-05-19 18:23:39,074] {dagbag.py:507} INFO - Filling up the DagBag from /home/guilherme/Documents/weather_datapipeline/airflow_weather/venv/lib/python3.10/site-packages/airflow/example_dags/tutorial_taskflow_api_etl.py
[2023-05-19 18:23:39,085] {processor.py:651} INFO - DAG(s) dict_keys(['tutorial_taskflow_api_etl']) retrieved from /home/guilherme/Documents/weather_datapipeline/airflow_weather/venv/lib/python3.10/site-packages/airflow/example_dags/tutorial_taskflow_api_etl.py
[2023-05-19 18:23:39,092] {logging_mixin.py:115} INFO - [2023-05-19 18:23:39,092] {dag.py:2379} INFO - Sync 1 DAGs
[2023-05-19 18:23:39,102] {logging_mixin.py:115} INFO - [2023-05-19 18:23:39,102] {dag.py:2927} INFO - Setting next_dagrun for tutorial_taskflow_api_etl to None, run_after=None
[2023-05-19 18:23:39,109] {processor.py:161} INFO - Processing /home/guilherme/Documents/weather_datapipeline/airflow_weather/venv/lib/python3.10/site-packages/airflow/example_dags/tutorial_taskflow_api_etl.py took 0.037 seconds
[2023-05-19 18:24:09,519] {processor.py:153} INFO - Started process (PID=20081) to work on /home/guilherme/Documents/weather_datapipeline/airflow_weather/venv/lib/python3.10/site-packages/airflow/example_dags/tutorial_taskflow_api_etl.py
[2023-05-19 18:24:09,520] {processor.py:641} INFO - Processing file /home/guilherme/Documents/weather_datapipeline/airflow_weather/venv/lib/python3.10/site-packages/airflow/example_dags/tutorial_taskflow_api_etl.py for tasks to queue
[2023-05-19 18:24:09,520] {logging_mixin.py:115} INFO - [2023-05-19 18:24:09,520] {dagbag.py:507} INFO - Filling up the DagBag from /home/guilherme/Documents/weather_datapipeline/airflow_weather/venv/lib/python3.10/site-packages/airflow/example_dags/tutorial_taskflow_api_etl.py
[2023-05-19 18:24:09,533] {processor.py:651} INFO - DAG(s) dict_keys(['tutorial_taskflow_api_etl']) retrieved from /home/guilherme/Documents/weather_datapipeline/airflow_weather/venv/lib/python3.10/site-packages/airflow/example_dags/tutorial_taskflow_api_etl.py
[2023-05-19 18:24:09,542] {logging_mixin.py:115} INFO - [2023-05-19 18:24:09,542] {dag.py:2379} INFO - Sync 1 DAGs
[2023-05-19 18:24:09,550] {logging_mixin.py:115} INFO - [2023-05-19 18:24:09,550] {dag.py:2927} INFO - Setting next_dagrun for tutorial_taskflow_api_etl to None, run_after=None
[2023-05-19 18:24:09,558] {processor.py:161} INFO - Processing /home/guilherme/Documents/weather_datapipeline/airflow_weather/venv/lib/python3.10/site-packages/airflow/example_dags/tutorial_taskflow_api_etl.py took 0.040 seconds
[2023-05-19 18:24:41,516] {processor.py:153} INFO - Started process (PID=20121) to work on /home/guilherme/Documents/weather_datapipeline/airflow_weather/venv/lib/python3.10/site-packages/airflow/example_dags/tutorial_taskflow_api_etl.py
[2023-05-19 18:24:41,517] {processor.py:641} INFO - Processing file /home/guilherme/Documents/weather_datapipeline/airflow_weather/venv/lib/python3.10/site-packages/airflow/example_dags/tutorial_taskflow_api_etl.py for tasks to queue
[2023-05-19 18:24:41,517] {logging_mixin.py:115} INFO - [2023-05-19 18:24:41,517] {dagbag.py:507} INFO - Filling up the DagBag from /home/guilherme/Documents/weather_datapipeline/airflow_weather/venv/lib/python3.10/site-packages/airflow/example_dags/tutorial_taskflow_api_etl.py
[2023-05-19 18:24:41,528] {processor.py:651} INFO - DAG(s) dict_keys(['tutorial_taskflow_api_etl']) retrieved from /home/guilherme/Documents/weather_datapipeline/airflow_weather/venv/lib/python3.10/site-packages/airflow/example_dags/tutorial_taskflow_api_etl.py
[2023-05-19 18:24:41,550] {logging_mixin.py:115} INFO - [2023-05-19 18:24:41,550] {dag.py:2379} INFO - Sync 1 DAGs
[2023-05-19 18:24:41,558] {logging_mixin.py:115} INFO - [2023-05-19 18:24:41,558] {dag.py:2927} INFO - Setting next_dagrun for tutorial_taskflow_api_etl to None, run_after=None
[2023-05-19 18:24:41,564] {processor.py:161} INFO - Processing /home/guilherme/Documents/weather_datapipeline/airflow_weather/venv/lib/python3.10/site-packages/airflow/example_dags/tutorial_taskflow_api_etl.py took 0.050 seconds
[2023-05-19 18:25:11,896] {processor.py:153} INFO - Started process (PID=20156) to work on /home/guilherme/Documents/weather_datapipeline/airflow_weather/venv/lib/python3.10/site-packages/airflow/example_dags/tutorial_taskflow_api_etl.py
[2023-05-19 18:25:11,897] {processor.py:641} INFO - Processing file /home/guilherme/Documents/weather_datapipeline/airflow_weather/venv/lib/python3.10/site-packages/airflow/example_dags/tutorial_taskflow_api_etl.py for tasks to queue
[2023-05-19 18:25:11,897] {logging_mixin.py:115} INFO - [2023-05-19 18:25:11,897] {dagbag.py:507} INFO - Filling up the DagBag from /home/guilherme/Documents/weather_datapipeline/airflow_weather/venv/lib/python3.10/site-packages/airflow/example_dags/tutorial_taskflow_api_etl.py
[2023-05-19 18:25:11,909] {processor.py:651} INFO - DAG(s) dict_keys(['tutorial_taskflow_api_etl']) retrieved from /home/guilherme/Documents/weather_datapipeline/airflow_weather/venv/lib/python3.10/site-packages/airflow/example_dags/tutorial_taskflow_api_etl.py
[2023-05-19 18:25:11,919] {logging_mixin.py:115} INFO - [2023-05-19 18:25:11,919] {dag.py:2379} INFO - Sync 1 DAGs
[2023-05-19 18:25:11,928] {logging_mixin.py:115} INFO - [2023-05-19 18:25:11,928] {dag.py:2927} INFO - Setting next_dagrun for tutorial_taskflow_api_etl to None, run_after=None
[2023-05-19 18:25:11,935] {processor.py:161} INFO - Processing /home/guilherme/Documents/weather_datapipeline/airflow_weather/venv/lib/python3.10/site-packages/airflow/example_dags/tutorial_taskflow_api_etl.py took 0.041 seconds
[2023-05-19 18:25:44,717] {processor.py:153} INFO - Started process (PID=20217) to work on /home/guilherme/Documents/weather_datapipeline/airflow_weather/venv/lib/python3.10/site-packages/airflow/example_dags/tutorial_taskflow_api_etl.py
[2023-05-19 18:25:44,717] {processor.py:641} INFO - Processing file /home/guilherme/Documents/weather_datapipeline/airflow_weather/venv/lib/python3.10/site-packages/airflow/example_dags/tutorial_taskflow_api_etl.py for tasks to queue
[2023-05-19 18:25:44,718] {logging_mixin.py:115} INFO - [2023-05-19 18:25:44,718] {dagbag.py:507} INFO - Filling up the DagBag from /home/guilherme/Documents/weather_datapipeline/airflow_weather/venv/lib/python3.10/site-packages/airflow/example_dags/tutorial_taskflow_api_etl.py
[2023-05-19 18:25:44,732] {processor.py:651} INFO - DAG(s) dict_keys(['tutorial_taskflow_api_etl']) retrieved from /home/guilherme/Documents/weather_datapipeline/airflow_weather/venv/lib/python3.10/site-packages/airflow/example_dags/tutorial_taskflow_api_etl.py
[2023-05-19 18:25:44,743] {logging_mixin.py:115} INFO - [2023-05-19 18:25:44,742] {dag.py:2379} INFO - Sync 1 DAGs
[2023-05-19 18:25:44,751] {logging_mixin.py:115} INFO - [2023-05-19 18:25:44,751] {dag.py:2927} INFO - Setting next_dagrun for tutorial_taskflow_api_etl to None, run_after=None
[2023-05-19 18:25:44,758] {processor.py:161} INFO - Processing /home/guilherme/Documents/weather_datapipeline/airflow_weather/venv/lib/python3.10/site-packages/airflow/example_dags/tutorial_taskflow_api_etl.py took 0.043 seconds
[2023-05-19 18:26:15,493] {processor.py:153} INFO - Started process (PID=20390) to work on /home/guilherme/Documents/weather_datapipeline/airflow_weather/venv/lib/python3.10/site-packages/airflow/example_dags/tutorial_taskflow_api_etl.py
[2023-05-19 18:26:15,494] {processor.py:641} INFO - Processing file /home/guilherme/Documents/weather_datapipeline/airflow_weather/venv/lib/python3.10/site-packages/airflow/example_dags/tutorial_taskflow_api_etl.py for tasks to queue
[2023-05-19 18:26:15,494] {logging_mixin.py:115} INFO - [2023-05-19 18:26:15,494] {dagbag.py:507} INFO - Filling up the DagBag from /home/guilherme/Documents/weather_datapipeline/airflow_weather/venv/lib/python3.10/site-packages/airflow/example_dags/tutorial_taskflow_api_etl.py
[2023-05-19 18:26:15,504] {processor.py:651} INFO - DAG(s) dict_keys(['tutorial_taskflow_api_etl']) retrieved from /home/guilherme/Documents/weather_datapipeline/airflow_weather/venv/lib/python3.10/site-packages/airflow/example_dags/tutorial_taskflow_api_etl.py
[2023-05-19 18:26:15,512] {logging_mixin.py:115} INFO - [2023-05-19 18:26:15,512] {dag.py:2379} INFO - Sync 1 DAGs
[2023-05-19 18:26:15,520] {logging_mixin.py:115} INFO - [2023-05-19 18:26:15,519] {dag.py:2927} INFO - Setting next_dagrun for tutorial_taskflow_api_etl to None, run_after=None
[2023-05-19 18:26:15,525] {processor.py:161} INFO - Processing /home/guilherme/Documents/weather_datapipeline/airflow_weather/venv/lib/python3.10/site-packages/airflow/example_dags/tutorial_taskflow_api_etl.py took 0.033 seconds
[2023-05-19 18:26:48,494] {processor.py:153} INFO - Started process (PID=20541) to work on /home/guilherme/Documents/weather_datapipeline/airflow_weather/venv/lib/python3.10/site-packages/airflow/example_dags/tutorial_taskflow_api_etl.py
[2023-05-19 18:26:48,495] {processor.py:641} INFO - Processing file /home/guilherme/Documents/weather_datapipeline/airflow_weather/venv/lib/python3.10/site-packages/airflow/example_dags/tutorial_taskflow_api_etl.py for tasks to queue
[2023-05-19 18:26:48,495] {logging_mixin.py:115} INFO - [2023-05-19 18:26:48,495] {dagbag.py:507} INFO - Filling up the DagBag from /home/guilherme/Documents/weather_datapipeline/airflow_weather/venv/lib/python3.10/site-packages/airflow/example_dags/tutorial_taskflow_api_etl.py
[2023-05-19 18:26:48,507] {processor.py:651} INFO - DAG(s) dict_keys(['tutorial_taskflow_api_etl']) retrieved from /home/guilherme/Documents/weather_datapipeline/airflow_weather/venv/lib/python3.10/site-packages/airflow/example_dags/tutorial_taskflow_api_etl.py
[2023-05-19 18:26:48,515] {logging_mixin.py:115} INFO - [2023-05-19 18:26:48,515] {dag.py:2379} INFO - Sync 1 DAGs
[2023-05-19 18:26:48,524] {logging_mixin.py:115} INFO - [2023-05-19 18:26:48,524] {dag.py:2927} INFO - Setting next_dagrun for tutorial_taskflow_api_etl to None, run_after=None
[2023-05-19 18:26:48,530] {processor.py:161} INFO - Processing /home/guilherme/Documents/weather_datapipeline/airflow_weather/venv/lib/python3.10/site-packages/airflow/example_dags/tutorial_taskflow_api_etl.py took 0.037 seconds
[2023-05-19 18:27:34,092] {processor.py:153} INFO - Started process (PID=20676) to work on /home/guilherme/Documents/weather_datapipeline/airflow_weather/venv/lib/python3.10/site-packages/airflow/example_dags/tutorial_taskflow_api_etl.py
[2023-05-19 18:27:34,092] {processor.py:641} INFO - Processing file /home/guilherme/Documents/weather_datapipeline/airflow_weather/venv/lib/python3.10/site-packages/airflow/example_dags/tutorial_taskflow_api_etl.py for tasks to queue
[2023-05-19 18:27:34,092] {logging_mixin.py:115} INFO - [2023-05-19 18:27:34,092] {dagbag.py:507} INFO - Filling up the DagBag from /home/guilherme/Documents/weather_datapipeline/airflow_weather/venv/lib/python3.10/site-packages/airflow/example_dags/tutorial_taskflow_api_etl.py
[2023-05-19 18:27:34,104] {processor.py:651} INFO - DAG(s) dict_keys(['tutorial_taskflow_api_etl']) retrieved from /home/guilherme/Documents/weather_datapipeline/airflow_weather/venv/lib/python3.10/site-packages/airflow/example_dags/tutorial_taskflow_api_etl.py
[2023-05-19 18:27:34,161] {logging_mixin.py:115} INFO - [2023-05-19 18:27:34,161] {dag.py:2379} INFO - Sync 1 DAGs
[2023-05-19 18:27:34,180] {logging_mixin.py:115} INFO - [2023-05-19 18:27:34,180] {dag.py:2927} INFO - Setting next_dagrun for tutorial_taskflow_api_etl to None, run_after=None
[2023-05-19 18:27:34,198] {processor.py:161} INFO - Processing /home/guilherme/Documents/weather_datapipeline/airflow_weather/venv/lib/python3.10/site-packages/airflow/example_dags/tutorial_taskflow_api_etl.py took 0.108 seconds
[2023-05-19 18:28:04,694] {processor.py:153} INFO - Started process (PID=20712) to work on /home/guilherme/Documents/weather_datapipeline/airflow_weather/venv/lib/python3.10/site-packages/airflow/example_dags/tutorial_taskflow_api_etl.py
[2023-05-19 18:28:04,694] {processor.py:641} INFO - Processing file /home/guilherme/Documents/weather_datapipeline/airflow_weather/venv/lib/python3.10/site-packages/airflow/example_dags/tutorial_taskflow_api_etl.py for tasks to queue
[2023-05-19 18:28:04,695] {logging_mixin.py:115} INFO - [2023-05-19 18:28:04,695] {dagbag.py:507} INFO - Filling up the DagBag from /home/guilherme/Documents/weather_datapipeline/airflow_weather/venv/lib/python3.10/site-packages/airflow/example_dags/tutorial_taskflow_api_etl.py
[2023-05-19 18:28:04,706] {processor.py:651} INFO - DAG(s) dict_keys(['tutorial_taskflow_api_etl']) retrieved from /home/guilherme/Documents/weather_datapipeline/airflow_weather/venv/lib/python3.10/site-packages/airflow/example_dags/tutorial_taskflow_api_etl.py
[2023-05-19 18:28:04,715] {logging_mixin.py:115} INFO - [2023-05-19 18:28:04,715] {dag.py:2379} INFO - Sync 1 DAGs
[2023-05-19 18:28:04,724] {logging_mixin.py:115} INFO - [2023-05-19 18:28:04,724] {dag.py:2927} INFO - Setting next_dagrun for tutorial_taskflow_api_etl to None, run_after=None
[2023-05-19 18:28:04,730] {processor.py:161} INFO - Processing /home/guilherme/Documents/weather_datapipeline/airflow_weather/venv/lib/python3.10/site-packages/airflow/example_dags/tutorial_taskflow_api_etl.py took 0.038 seconds
[2023-05-19 18:28:37,720] {processor.py:153} INFO - Started process (PID=20793) to work on /home/guilherme/Documents/weather_datapipeline/airflow_weather/venv/lib/python3.10/site-packages/airflow/example_dags/tutorial_taskflow_api_etl.py
[2023-05-19 18:28:37,720] {processor.py:641} INFO - Processing file /home/guilherme/Documents/weather_datapipeline/airflow_weather/venv/lib/python3.10/site-packages/airflow/example_dags/tutorial_taskflow_api_etl.py for tasks to queue
[2023-05-19 18:28:37,721] {logging_mixin.py:115} INFO - [2023-05-19 18:28:37,721] {dagbag.py:507} INFO - Filling up the DagBag from /home/guilherme/Documents/weather_datapipeline/airflow_weather/venv/lib/python3.10/site-packages/airflow/example_dags/tutorial_taskflow_api_etl.py
[2023-05-19 18:28:37,732] {processor.py:651} INFO - DAG(s) dict_keys(['tutorial_taskflow_api_etl']) retrieved from /home/guilherme/Documents/weather_datapipeline/airflow_weather/venv/lib/python3.10/site-packages/airflow/example_dags/tutorial_taskflow_api_etl.py
[2023-05-19 18:28:37,739] {logging_mixin.py:115} INFO - [2023-05-19 18:28:37,739] {dag.py:2379} INFO - Sync 1 DAGs
[2023-05-19 18:28:37,747] {logging_mixin.py:115} INFO - [2023-05-19 18:28:37,747] {dag.py:2927} INFO - Setting next_dagrun for tutorial_taskflow_api_etl to None, run_after=None
[2023-05-19 18:28:37,753] {processor.py:161} INFO - Processing /home/guilherme/Documents/weather_datapipeline/airflow_weather/venv/lib/python3.10/site-packages/airflow/example_dags/tutorial_taskflow_api_etl.py took 0.035 seconds
