[2023-05-19 17:59:37,531] {processor.py:153} INFO - Started process (PID=11072) to work on /home/guilherme/Documents/weather_datapipeline/airflow_weather/venv/lib/python3.10/site-packages/airflow/example_dags/tutorial.py
[2023-05-19 17:59:37,531] {processor.py:641} INFO - Processing file /home/guilherme/Documents/weather_datapipeline/airflow_weather/venv/lib/python3.10/site-packages/airflow/example_dags/tutorial.py for tasks to queue
[2023-05-19 17:59:37,532] {logging_mixin.py:115} INFO - [2023-05-19 17:59:37,532] {dagbag.py:507} INFO - Filling up the DagBag from /home/guilherme/Documents/weather_datapipeline/airflow_weather/venv/lib/python3.10/site-packages/airflow/example_dags/tutorial.py
[2023-05-19 17:59:37,535] {processor.py:651} INFO - DAG(s) dict_keys(['tutorial']) retrieved from /home/guilherme/Documents/weather_datapipeline/airflow_weather/venv/lib/python3.10/site-packages/airflow/example_dags/tutorial.py
[2023-05-19 17:59:37,567] {logging_mixin.py:115} INFO - [2023-05-19 17:59:37,567] {manager.py:508} INFO - Created Permission View: can edit on DAG:tutorial
[2023-05-19 17:59:37,572] {logging_mixin.py:115} INFO - [2023-05-19 17:59:37,572] {manager.py:508} INFO - Created Permission View: can delete on DAG:tutorial
[2023-05-19 17:59:37,575] {logging_mixin.py:115} INFO - [2023-05-19 17:59:37,575] {manager.py:508} INFO - Created Permission View: can read on DAG:tutorial
[2023-05-19 17:59:37,575] {logging_mixin.py:115} INFO - [2023-05-19 17:59:37,575] {dag.py:2379} INFO - Sync 1 DAGs
[2023-05-19 17:59:37,578] {logging_mixin.py:115} INFO - [2023-05-19 17:59:37,578] {dag.py:2398} INFO - Creating ORM DAG for tutorial
[2023-05-19 17:59:37,584] {logging_mixin.py:115} INFO - [2023-05-19 17:59:37,584] {dag.py:2927} INFO - Setting next_dagrun for tutorial to 2023-05-18T20:59:37.583915+00:00, run_after=2023-05-19T20:59:37.583915+00:00
[2023-05-19 17:59:37,591] {processor.py:161} INFO - Processing /home/guilherme/Documents/weather_datapipeline/airflow_weather/venv/lib/python3.10/site-packages/airflow/example_dags/tutorial.py took 0.061 seconds
[2023-05-19 18:00:09,178] {processor.py:153} INFO - Started process (PID=11142) to work on /home/guilherme/Documents/weather_datapipeline/airflow_weather/venv/lib/python3.10/site-packages/airflow/example_dags/tutorial.py
[2023-05-19 18:00:09,179] {processor.py:641} INFO - Processing file /home/guilherme/Documents/weather_datapipeline/airflow_weather/venv/lib/python3.10/site-packages/airflow/example_dags/tutorial.py for tasks to queue
[2023-05-19 18:00:09,179] {logging_mixin.py:115} INFO - [2023-05-19 18:00:09,179] {dagbag.py:507} INFO - Filling up the DagBag from /home/guilherme/Documents/weather_datapipeline/airflow_weather/venv/lib/python3.10/site-packages/airflow/example_dags/tutorial.py
[2023-05-19 18:00:09,182] {processor.py:651} INFO - DAG(s) dict_keys(['tutorial']) retrieved from /home/guilherme/Documents/weather_datapipeline/airflow_weather/venv/lib/python3.10/site-packages/airflow/example_dags/tutorial.py
[2023-05-19 18:00:09,191] {logging_mixin.py:115} INFO - [2023-05-19 18:00:09,191] {dag.py:2379} INFO - Sync 1 DAGs
[2023-05-19 18:00:09,201] {logging_mixin.py:115} INFO - [2023-05-19 18:00:09,201] {dag.py:2927} INFO - Setting next_dagrun for tutorial to 2023-05-18T21:00:09.201545+00:00, run_after=2023-05-19T21:00:09.201545+00:00
[2023-05-19 18:00:09,208] {processor.py:161} INFO - Processing /home/guilherme/Documents/weather_datapipeline/airflow_weather/venv/lib/python3.10/site-packages/airflow/example_dags/tutorial.py took 0.032 seconds
[2023-05-19 18:00:41,985] {processor.py:153} INFO - Started process (PID=11220) to work on /home/guilherme/Documents/weather_datapipeline/airflow_weather/venv/lib/python3.10/site-packages/airflow/example_dags/tutorial.py
[2023-05-19 18:00:41,986] {processor.py:641} INFO - Processing file /home/guilherme/Documents/weather_datapipeline/airflow_weather/venv/lib/python3.10/site-packages/airflow/example_dags/tutorial.py for tasks to queue
[2023-05-19 18:00:41,986] {logging_mixin.py:115} INFO - [2023-05-19 18:00:41,986] {dagbag.py:507} INFO - Filling up the DagBag from /home/guilherme/Documents/weather_datapipeline/airflow_weather/venv/lib/python3.10/site-packages/airflow/example_dags/tutorial.py
[2023-05-19 18:00:41,990] {processor.py:651} INFO - DAG(s) dict_keys(['tutorial']) retrieved from /home/guilherme/Documents/weather_datapipeline/airflow_weather/venv/lib/python3.10/site-packages/airflow/example_dags/tutorial.py
[2023-05-19 18:00:42,000] {logging_mixin.py:115} INFO - [2023-05-19 18:00:42,000] {dag.py:2379} INFO - Sync 1 DAGs
[2023-05-19 18:00:42,012] {logging_mixin.py:115} INFO - [2023-05-19 18:00:42,012] {dag.py:2927} INFO - Setting next_dagrun for tutorial to 2023-05-18T21:00:42.012025+00:00, run_after=2023-05-19T21:00:42.012025+00:00
[2023-05-19 18:00:42,019] {processor.py:161} INFO - Processing /home/guilherme/Documents/weather_datapipeline/airflow_weather/venv/lib/python3.10/site-packages/airflow/example_dags/tutorial.py took 0.036 seconds
[2023-05-19 18:01:14,978] {processor.py:153} INFO - Started process (PID=11285) to work on /home/guilherme/Documents/weather_datapipeline/airflow_weather/venv/lib/python3.10/site-packages/airflow/example_dags/tutorial.py
[2023-05-19 18:01:14,978] {processor.py:641} INFO - Processing file /home/guilherme/Documents/weather_datapipeline/airflow_weather/venv/lib/python3.10/site-packages/airflow/example_dags/tutorial.py for tasks to queue
[2023-05-19 18:01:14,979] {logging_mixin.py:115} INFO - [2023-05-19 18:01:14,979] {dagbag.py:507} INFO - Filling up the DagBag from /home/guilherme/Documents/weather_datapipeline/airflow_weather/venv/lib/python3.10/site-packages/airflow/example_dags/tutorial.py
[2023-05-19 18:01:14,982] {processor.py:651} INFO - DAG(s) dict_keys(['tutorial']) retrieved from /home/guilherme/Documents/weather_datapipeline/airflow_weather/venv/lib/python3.10/site-packages/airflow/example_dags/tutorial.py
[2023-05-19 18:01:14,990] {logging_mixin.py:115} INFO - [2023-05-19 18:01:14,990] {dag.py:2379} INFO - Sync 1 DAGs
[2023-05-19 18:01:15,000] {logging_mixin.py:115} INFO - [2023-05-19 18:01:15,000] {dag.py:2927} INFO - Setting next_dagrun for tutorial to 2023-05-18T21:01:15.000339+00:00, run_after=2023-05-19T21:01:15.000339+00:00
[2023-05-19 18:01:15,006] {processor.py:161} INFO - Processing /home/guilherme/Documents/weather_datapipeline/airflow_weather/venv/lib/python3.10/site-packages/airflow/example_dags/tutorial.py took 0.030 seconds
[2023-05-19 18:01:46,702] {processor.py:153} INFO - Started process (PID=11475) to work on /home/guilherme/Documents/weather_datapipeline/airflow_weather/venv/lib/python3.10/site-packages/airflow/example_dags/tutorial.py
[2023-05-19 18:01:46,702] {processor.py:641} INFO - Processing file /home/guilherme/Documents/weather_datapipeline/airflow_weather/venv/lib/python3.10/site-packages/airflow/example_dags/tutorial.py for tasks to queue
[2023-05-19 18:01:46,703] {logging_mixin.py:115} INFO - [2023-05-19 18:01:46,703] {dagbag.py:507} INFO - Filling up the DagBag from /home/guilherme/Documents/weather_datapipeline/airflow_weather/venv/lib/python3.10/site-packages/airflow/example_dags/tutorial.py
[2023-05-19 18:01:46,706] {processor.py:651} INFO - DAG(s) dict_keys(['tutorial']) retrieved from /home/guilherme/Documents/weather_datapipeline/airflow_weather/venv/lib/python3.10/site-packages/airflow/example_dags/tutorial.py
[2023-05-19 18:01:46,715] {logging_mixin.py:115} INFO - [2023-05-19 18:01:46,715] {dag.py:2379} INFO - Sync 1 DAGs
[2023-05-19 18:01:46,727] {logging_mixin.py:115} INFO - [2023-05-19 18:01:46,727] {dag.py:2927} INFO - Setting next_dagrun for tutorial to 2023-05-18T21:01:46.727475+00:00, run_after=2023-05-19T21:01:46.727475+00:00
[2023-05-19 18:01:46,736] {processor.py:161} INFO - Processing /home/guilherme/Documents/weather_datapipeline/airflow_weather/venv/lib/python3.10/site-packages/airflow/example_dags/tutorial.py took 0.036 seconds
[2023-05-19 18:02:21,587] {processor.py:153} INFO - Started process (PID=11846) to work on /home/guilherme/Documents/weather_datapipeline/airflow_weather/venv/lib/python3.10/site-packages/airflow/example_dags/tutorial.py
[2023-05-19 18:02:21,588] {processor.py:641} INFO - Processing file /home/guilherme/Documents/weather_datapipeline/airflow_weather/venv/lib/python3.10/site-packages/airflow/example_dags/tutorial.py for tasks to queue
[2023-05-19 18:02:21,588] {logging_mixin.py:115} INFO - [2023-05-19 18:02:21,588] {dagbag.py:507} INFO - Filling up the DagBag from /home/guilherme/Documents/weather_datapipeline/airflow_weather/venv/lib/python3.10/site-packages/airflow/example_dags/tutorial.py
[2023-05-19 18:02:21,591] {processor.py:651} INFO - DAG(s) dict_keys(['tutorial']) retrieved from /home/guilherme/Documents/weather_datapipeline/airflow_weather/venv/lib/python3.10/site-packages/airflow/example_dags/tutorial.py
[2023-05-19 18:02:21,599] {logging_mixin.py:115} INFO - [2023-05-19 18:02:21,599] {dag.py:2379} INFO - Sync 1 DAGs
[2023-05-19 18:02:21,608] {logging_mixin.py:115} INFO - [2023-05-19 18:02:21,608] {dag.py:2927} INFO - Setting next_dagrun for tutorial to 2023-05-18T21:02:21.608713+00:00, run_after=2023-05-19T21:02:21.608713+00:00
[2023-05-19 18:02:21,614] {processor.py:161} INFO - Processing /home/guilherme/Documents/weather_datapipeline/airflow_weather/venv/lib/python3.10/site-packages/airflow/example_dags/tutorial.py took 0.028 seconds
[2023-05-19 18:02:52,357] {processor.py:153} INFO - Started process (PID=12116) to work on /home/guilherme/Documents/weather_datapipeline/airflow_weather/venv/lib/python3.10/site-packages/airflow/example_dags/tutorial.py
[2023-05-19 18:02:52,357] {processor.py:641} INFO - Processing file /home/guilherme/Documents/weather_datapipeline/airflow_weather/venv/lib/python3.10/site-packages/airflow/example_dags/tutorial.py for tasks to queue
[2023-05-19 18:02:52,358] {logging_mixin.py:115} INFO - [2023-05-19 18:02:52,357] {dagbag.py:507} INFO - Filling up the DagBag from /home/guilherme/Documents/weather_datapipeline/airflow_weather/venv/lib/python3.10/site-packages/airflow/example_dags/tutorial.py
[2023-05-19 18:02:52,361] {processor.py:651} INFO - DAG(s) dict_keys(['tutorial']) retrieved from /home/guilherme/Documents/weather_datapipeline/airflow_weather/venv/lib/python3.10/site-packages/airflow/example_dags/tutorial.py
[2023-05-19 18:02:52,369] {logging_mixin.py:115} INFO - [2023-05-19 18:02:52,369] {dag.py:2379} INFO - Sync 1 DAGs
[2023-05-19 18:02:52,379] {logging_mixin.py:115} INFO - [2023-05-19 18:02:52,379] {dag.py:2927} INFO - Setting next_dagrun for tutorial to 2023-05-18T21:02:52.379712+00:00, run_after=2023-05-19T21:02:52.379712+00:00
[2023-05-19 18:02:52,385] {processor.py:161} INFO - Processing /home/guilherme/Documents/weather_datapipeline/airflow_weather/venv/lib/python3.10/site-packages/airflow/example_dags/tutorial.py took 0.030 seconds
[2023-05-19 18:03:25,656] {processor.py:153} INFO - Started process (PID=12290) to work on /home/guilherme/Documents/weather_datapipeline/airflow_weather/venv/lib/python3.10/site-packages/airflow/example_dags/tutorial.py
[2023-05-19 18:03:25,657] {processor.py:641} INFO - Processing file /home/guilherme/Documents/weather_datapipeline/airflow_weather/venv/lib/python3.10/site-packages/airflow/example_dags/tutorial.py for tasks to queue
[2023-05-19 18:03:25,657] {logging_mixin.py:115} INFO - [2023-05-19 18:03:25,657] {dagbag.py:507} INFO - Filling up the DagBag from /home/guilherme/Documents/weather_datapipeline/airflow_weather/venv/lib/python3.10/site-packages/airflow/example_dags/tutorial.py
[2023-05-19 18:03:25,661] {processor.py:651} INFO - DAG(s) dict_keys(['tutorial']) retrieved from /home/guilherme/Documents/weather_datapipeline/airflow_weather/venv/lib/python3.10/site-packages/airflow/example_dags/tutorial.py
[2023-05-19 18:03:25,669] {logging_mixin.py:115} INFO - [2023-05-19 18:03:25,669] {dag.py:2379} INFO - Sync 1 DAGs
[2023-05-19 18:03:25,681] {logging_mixin.py:115} INFO - [2023-05-19 18:03:25,681] {dag.py:2927} INFO - Setting next_dagrun for tutorial to 2023-05-18T21:03:25.681050+00:00, run_after=2023-05-19T21:03:25.681050+00:00
[2023-05-19 18:03:25,687] {processor.py:161} INFO - Processing /home/guilherme/Documents/weather_datapipeline/airflow_weather/venv/lib/python3.10/site-packages/airflow/example_dags/tutorial.py took 0.033 seconds
[2023-05-19 18:03:59,413] {processor.py:153} INFO - Started process (PID=12417) to work on /home/guilherme/Documents/weather_datapipeline/airflow_weather/venv/lib/python3.10/site-packages/airflow/example_dags/tutorial.py
[2023-05-19 18:03:59,413] {processor.py:641} INFO - Processing file /home/guilherme/Documents/weather_datapipeline/airflow_weather/venv/lib/python3.10/site-packages/airflow/example_dags/tutorial.py for tasks to queue
[2023-05-19 18:03:59,414] {logging_mixin.py:115} INFO - [2023-05-19 18:03:59,414] {dagbag.py:507} INFO - Filling up the DagBag from /home/guilherme/Documents/weather_datapipeline/airflow_weather/venv/lib/python3.10/site-packages/airflow/example_dags/tutorial.py
[2023-05-19 18:03:59,417] {processor.py:651} INFO - DAG(s) dict_keys(['tutorial']) retrieved from /home/guilherme/Documents/weather_datapipeline/airflow_weather/venv/lib/python3.10/site-packages/airflow/example_dags/tutorial.py
[2023-05-19 18:03:59,446] {logging_mixin.py:115} INFO - [2023-05-19 18:03:59,446] {dag.py:2379} INFO - Sync 1 DAGs
[2023-05-19 18:03:59,458] {logging_mixin.py:115} INFO - [2023-05-19 18:03:59,458] {dag.py:2927} INFO - Setting next_dagrun for tutorial to 2023-05-18T21:03:59.457853+00:00, run_after=2023-05-19T21:03:59.457853+00:00
[2023-05-19 18:03:59,468] {processor.py:161} INFO - Processing /home/guilherme/Documents/weather_datapipeline/airflow_weather/venv/lib/python3.10/site-packages/airflow/example_dags/tutorial.py took 0.056 seconds
[2023-05-19 18:04:30,828] {processor.py:153} INFO - Started process (PID=12575) to work on /home/guilherme/Documents/weather_datapipeline/airflow_weather/venv/lib/python3.10/site-packages/airflow/example_dags/tutorial.py
[2023-05-19 18:04:30,829] {processor.py:641} INFO - Processing file /home/guilherme/Documents/weather_datapipeline/airflow_weather/venv/lib/python3.10/site-packages/airflow/example_dags/tutorial.py for tasks to queue
[2023-05-19 18:04:30,829] {logging_mixin.py:115} INFO - [2023-05-19 18:04:30,829] {dagbag.py:507} INFO - Filling up the DagBag from /home/guilherme/Documents/weather_datapipeline/airflow_weather/venv/lib/python3.10/site-packages/airflow/example_dags/tutorial.py
[2023-05-19 18:04:30,833] {processor.py:651} INFO - DAG(s) dict_keys(['tutorial']) retrieved from /home/guilherme/Documents/weather_datapipeline/airflow_weather/venv/lib/python3.10/site-packages/airflow/example_dags/tutorial.py
[2023-05-19 18:04:30,842] {logging_mixin.py:115} INFO - [2023-05-19 18:04:30,842] {dag.py:2379} INFO - Sync 1 DAGs
[2023-05-19 18:04:30,853] {logging_mixin.py:115} INFO - [2023-05-19 18:04:30,853] {dag.py:2927} INFO - Setting next_dagrun for tutorial to 2023-05-18T21:04:30.852976+00:00, run_after=2023-05-19T21:04:30.852976+00:00
[2023-05-19 18:04:30,862] {processor.py:161} INFO - Processing /home/guilherme/Documents/weather_datapipeline/airflow_weather/venv/lib/python3.10/site-packages/airflow/example_dags/tutorial.py took 0.035 seconds
[2023-05-19 18:05:04,478] {processor.py:153} INFO - Started process (PID=12649) to work on /home/guilherme/Documents/weather_datapipeline/airflow_weather/venv/lib/python3.10/site-packages/airflow/example_dags/tutorial.py
[2023-05-19 18:05:04,479] {processor.py:641} INFO - Processing file /home/guilherme/Documents/weather_datapipeline/airflow_weather/venv/lib/python3.10/site-packages/airflow/example_dags/tutorial.py for tasks to queue
[2023-05-19 18:05:04,479] {logging_mixin.py:115} INFO - [2023-05-19 18:05:04,479] {dagbag.py:507} INFO - Filling up the DagBag from /home/guilherme/Documents/weather_datapipeline/airflow_weather/venv/lib/python3.10/site-packages/airflow/example_dags/tutorial.py
[2023-05-19 18:05:04,482] {processor.py:651} INFO - DAG(s) dict_keys(['tutorial']) retrieved from /home/guilherme/Documents/weather_datapipeline/airflow_weather/venv/lib/python3.10/site-packages/airflow/example_dags/tutorial.py
[2023-05-19 18:05:04,490] {logging_mixin.py:115} INFO - [2023-05-19 18:05:04,490] {dag.py:2379} INFO - Sync 1 DAGs
[2023-05-19 18:05:04,501] {logging_mixin.py:115} INFO - [2023-05-19 18:05:04,501] {dag.py:2927} INFO - Setting next_dagrun for tutorial to 2023-05-18T21:05:04.501135+00:00, run_after=2023-05-19T21:05:04.501135+00:00
[2023-05-19 18:05:04,508] {processor.py:161} INFO - Processing /home/guilherme/Documents/weather_datapipeline/airflow_weather/venv/lib/python3.10/site-packages/airflow/example_dags/tutorial.py took 0.031 seconds
[2023-05-19 18:05:36,354] {processor.py:153} INFO - Started process (PID=12930) to work on /home/guilherme/Documents/weather_datapipeline/airflow_weather/venv/lib/python3.10/site-packages/airflow/example_dags/tutorial.py
[2023-05-19 18:05:36,354] {processor.py:641} INFO - Processing file /home/guilherme/Documents/weather_datapipeline/airflow_weather/venv/lib/python3.10/site-packages/airflow/example_dags/tutorial.py for tasks to queue
[2023-05-19 18:05:36,354] {logging_mixin.py:115} INFO - [2023-05-19 18:05:36,354] {dagbag.py:507} INFO - Filling up the DagBag from /home/guilherme/Documents/weather_datapipeline/airflow_weather/venv/lib/python3.10/site-packages/airflow/example_dags/tutorial.py
[2023-05-19 18:05:36,357] {processor.py:651} INFO - DAG(s) dict_keys(['tutorial']) retrieved from /home/guilherme/Documents/weather_datapipeline/airflow_weather/venv/lib/python3.10/site-packages/airflow/example_dags/tutorial.py
[2023-05-19 18:05:36,365] {logging_mixin.py:115} INFO - [2023-05-19 18:05:36,365] {dag.py:2379} INFO - Sync 1 DAGs
[2023-05-19 18:05:36,375] {logging_mixin.py:115} INFO - [2023-05-19 18:05:36,375] {dag.py:2927} INFO - Setting next_dagrun for tutorial to 2023-05-18T21:05:36.375374+00:00, run_after=2023-05-19T21:05:36.375374+00:00
[2023-05-19 18:05:36,383] {processor.py:161} INFO - Processing /home/guilherme/Documents/weather_datapipeline/airflow_weather/venv/lib/python3.10/site-packages/airflow/example_dags/tutorial.py took 0.031 seconds
[2023-05-19 18:06:08,253] {processor.py:153} INFO - Started process (PID=13380) to work on /home/guilherme/Documents/weather_datapipeline/airflow_weather/venv/lib/python3.10/site-packages/airflow/example_dags/tutorial.py
[2023-05-19 18:06:08,254] {processor.py:641} INFO - Processing file /home/guilherme/Documents/weather_datapipeline/airflow_weather/venv/lib/python3.10/site-packages/airflow/example_dags/tutorial.py for tasks to queue
[2023-05-19 18:06:08,254] {logging_mixin.py:115} INFO - [2023-05-19 18:06:08,254] {dagbag.py:507} INFO - Filling up the DagBag from /home/guilherme/Documents/weather_datapipeline/airflow_weather/venv/lib/python3.10/site-packages/airflow/example_dags/tutorial.py
[2023-05-19 18:06:08,257] {processor.py:651} INFO - DAG(s) dict_keys(['tutorial']) retrieved from /home/guilherme/Documents/weather_datapipeline/airflow_weather/venv/lib/python3.10/site-packages/airflow/example_dags/tutorial.py
[2023-05-19 18:06:08,267] {logging_mixin.py:115} INFO - [2023-05-19 18:06:08,267] {dag.py:2379} INFO - Sync 1 DAGs
[2023-05-19 18:06:08,278] {logging_mixin.py:115} INFO - [2023-05-19 18:06:08,278] {dag.py:2927} INFO - Setting next_dagrun for tutorial to 2023-05-18T21:06:08.278027+00:00, run_after=2023-05-19T21:06:08.278027+00:00
[2023-05-19 18:06:08,286] {processor.py:161} INFO - Processing /home/guilherme/Documents/weather_datapipeline/airflow_weather/venv/lib/python3.10/site-packages/airflow/example_dags/tutorial.py took 0.034 seconds
[2023-05-19 18:06:39,655] {processor.py:153} INFO - Started process (PID=13702) to work on /home/guilherme/Documents/weather_datapipeline/airflow_weather/venv/lib/python3.10/site-packages/airflow/example_dags/tutorial.py
[2023-05-19 18:06:39,655] {processor.py:641} INFO - Processing file /home/guilherme/Documents/weather_datapipeline/airflow_weather/venv/lib/python3.10/site-packages/airflow/example_dags/tutorial.py for tasks to queue
[2023-05-19 18:06:39,655] {logging_mixin.py:115} INFO - [2023-05-19 18:06:39,655] {dagbag.py:507} INFO - Filling up the DagBag from /home/guilherme/Documents/weather_datapipeline/airflow_weather/venv/lib/python3.10/site-packages/airflow/example_dags/tutorial.py
[2023-05-19 18:06:39,658] {processor.py:651} INFO - DAG(s) dict_keys(['tutorial']) retrieved from /home/guilherme/Documents/weather_datapipeline/airflow_weather/venv/lib/python3.10/site-packages/airflow/example_dags/tutorial.py
[2023-05-19 18:06:39,667] {logging_mixin.py:115} INFO - [2023-05-19 18:06:39,667] {dag.py:2379} INFO - Sync 1 DAGs
[2023-05-19 18:06:39,678] {logging_mixin.py:115} INFO - [2023-05-19 18:06:39,678] {dag.py:2927} INFO - Setting next_dagrun for tutorial to 2023-05-18T21:06:39.678194+00:00, run_after=2023-05-19T21:06:39.678194+00:00
[2023-05-19 18:06:39,684] {processor.py:161} INFO - Processing /home/guilherme/Documents/weather_datapipeline/airflow_weather/venv/lib/python3.10/site-packages/airflow/example_dags/tutorial.py took 0.031 seconds
[2023-05-19 18:07:13,471] {processor.py:153} INFO - Started process (PID=14245) to work on /home/guilherme/Documents/weather_datapipeline/airflow_weather/venv/lib/python3.10/site-packages/airflow/example_dags/tutorial.py
[2023-05-19 18:07:13,471] {processor.py:641} INFO - Processing file /home/guilherme/Documents/weather_datapipeline/airflow_weather/venv/lib/python3.10/site-packages/airflow/example_dags/tutorial.py for tasks to queue
[2023-05-19 18:07:13,471] {logging_mixin.py:115} INFO - [2023-05-19 18:07:13,471] {dagbag.py:507} INFO - Filling up the DagBag from /home/guilherme/Documents/weather_datapipeline/airflow_weather/venv/lib/python3.10/site-packages/airflow/example_dags/tutorial.py
[2023-05-19 18:07:13,474] {processor.py:651} INFO - DAG(s) dict_keys(['tutorial']) retrieved from /home/guilherme/Documents/weather_datapipeline/airflow_weather/venv/lib/python3.10/site-packages/airflow/example_dags/tutorial.py
[2023-05-19 18:07:13,482] {logging_mixin.py:115} INFO - [2023-05-19 18:07:13,482] {dag.py:2379} INFO - Sync 1 DAGs
[2023-05-19 18:07:13,491] {logging_mixin.py:115} INFO - [2023-05-19 18:07:13,491] {dag.py:2927} INFO - Setting next_dagrun for tutorial to 2023-05-18T21:07:13.491568+00:00, run_after=2023-05-19T21:07:13.491568+00:00
[2023-05-19 18:07:13,498] {processor.py:161} INFO - Processing /home/guilherme/Documents/weather_datapipeline/airflow_weather/venv/lib/python3.10/site-packages/airflow/example_dags/tutorial.py took 0.028 seconds
[2023-05-19 18:07:45,977] {processor.py:153} INFO - Started process (PID=14453) to work on /home/guilherme/Documents/weather_datapipeline/airflow_weather/venv/lib/python3.10/site-packages/airflow/example_dags/tutorial.py
[2023-05-19 18:07:45,978] {processor.py:641} INFO - Processing file /home/guilherme/Documents/weather_datapipeline/airflow_weather/venv/lib/python3.10/site-packages/airflow/example_dags/tutorial.py for tasks to queue
[2023-05-19 18:07:45,978] {logging_mixin.py:115} INFO - [2023-05-19 18:07:45,978] {dagbag.py:507} INFO - Filling up the DagBag from /home/guilherme/Documents/weather_datapipeline/airflow_weather/venv/lib/python3.10/site-packages/airflow/example_dags/tutorial.py
[2023-05-19 18:07:45,982] {processor.py:651} INFO - DAG(s) dict_keys(['tutorial']) retrieved from /home/guilherme/Documents/weather_datapipeline/airflow_weather/venv/lib/python3.10/site-packages/airflow/example_dags/tutorial.py
[2023-05-19 18:07:45,991] {logging_mixin.py:115} INFO - [2023-05-19 18:07:45,991] {dag.py:2379} INFO - Sync 1 DAGs
[2023-05-19 18:07:46,002] {logging_mixin.py:115} INFO - [2023-05-19 18:07:46,002] {dag.py:2927} INFO - Setting next_dagrun for tutorial to 2023-05-18T21:07:46.002114+00:00, run_after=2023-05-19T21:07:46.002114+00:00
[2023-05-19 18:07:46,010] {processor.py:161} INFO - Processing /home/guilherme/Documents/weather_datapipeline/airflow_weather/venv/lib/python3.10/site-packages/airflow/example_dags/tutorial.py took 0.034 seconds
[2023-05-19 18:08:20,172] {processor.py:153} INFO - Started process (PID=14656) to work on /home/guilherme/Documents/weather_datapipeline/airflow_weather/venv/lib/python3.10/site-packages/airflow/example_dags/tutorial.py
[2023-05-19 18:08:20,173] {processor.py:641} INFO - Processing file /home/guilherme/Documents/weather_datapipeline/airflow_weather/venv/lib/python3.10/site-packages/airflow/example_dags/tutorial.py for tasks to queue
[2023-05-19 18:08:20,173] {logging_mixin.py:115} INFO - [2023-05-19 18:08:20,173] {dagbag.py:507} INFO - Filling up the DagBag from /home/guilherme/Documents/weather_datapipeline/airflow_weather/venv/lib/python3.10/site-packages/airflow/example_dags/tutorial.py
[2023-05-19 18:08:20,176] {processor.py:651} INFO - DAG(s) dict_keys(['tutorial']) retrieved from /home/guilherme/Documents/weather_datapipeline/airflow_weather/venv/lib/python3.10/site-packages/airflow/example_dags/tutorial.py
[2023-05-19 18:08:20,185] {logging_mixin.py:115} INFO - [2023-05-19 18:08:20,185] {dag.py:2379} INFO - Sync 1 DAGs
[2023-05-19 18:08:20,195] {logging_mixin.py:115} INFO - [2023-05-19 18:08:20,195] {dag.py:2927} INFO - Setting next_dagrun for tutorial to 2023-05-18T21:08:20.195582+00:00, run_after=2023-05-19T21:08:20.195582+00:00
[2023-05-19 18:08:20,202] {processor.py:161} INFO - Processing /home/guilherme/Documents/weather_datapipeline/airflow_weather/venv/lib/python3.10/site-packages/airflow/example_dags/tutorial.py took 0.031 seconds
[2023-05-19 18:08:52,801] {processor.py:153} INFO - Started process (PID=14861) to work on /home/guilherme/Documents/weather_datapipeline/airflow_weather/venv/lib/python3.10/site-packages/airflow/example_dags/tutorial.py
[2023-05-19 18:08:52,802] {processor.py:641} INFO - Processing file /home/guilherme/Documents/weather_datapipeline/airflow_weather/venv/lib/python3.10/site-packages/airflow/example_dags/tutorial.py for tasks to queue
[2023-05-19 18:08:52,802] {logging_mixin.py:115} INFO - [2023-05-19 18:08:52,802] {dagbag.py:507} INFO - Filling up the DagBag from /home/guilherme/Documents/weather_datapipeline/airflow_weather/venv/lib/python3.10/site-packages/airflow/example_dags/tutorial.py
[2023-05-19 18:08:52,805] {processor.py:651} INFO - DAG(s) dict_keys(['tutorial']) retrieved from /home/guilherme/Documents/weather_datapipeline/airflow_weather/venv/lib/python3.10/site-packages/airflow/example_dags/tutorial.py
[2023-05-19 18:08:52,814] {logging_mixin.py:115} INFO - [2023-05-19 18:08:52,814] {dag.py:2379} INFO - Sync 1 DAGs
[2023-05-19 18:08:52,824] {logging_mixin.py:115} INFO - [2023-05-19 18:08:52,824] {dag.py:2927} INFO - Setting next_dagrun for tutorial to 2023-05-18T21:08:52.823914+00:00, run_after=2023-05-19T21:08:52.823914+00:00
[2023-05-19 18:08:52,830] {processor.py:161} INFO - Processing /home/guilherme/Documents/weather_datapipeline/airflow_weather/venv/lib/python3.10/site-packages/airflow/example_dags/tutorial.py took 0.030 seconds
[2023-05-19 18:09:24,179] {processor.py:153} INFO - Started process (PID=15036) to work on /home/guilherme/Documents/weather_datapipeline/airflow_weather/venv/lib/python3.10/site-packages/airflow/example_dags/tutorial.py
[2023-05-19 18:09:24,179] {processor.py:641} INFO - Processing file /home/guilherme/Documents/weather_datapipeline/airflow_weather/venv/lib/python3.10/site-packages/airflow/example_dags/tutorial.py for tasks to queue
[2023-05-19 18:09:24,180] {logging_mixin.py:115} INFO - [2023-05-19 18:09:24,180] {dagbag.py:507} INFO - Filling up the DagBag from /home/guilherme/Documents/weather_datapipeline/airflow_weather/venv/lib/python3.10/site-packages/airflow/example_dags/tutorial.py
[2023-05-19 18:09:24,182] {processor.py:651} INFO - DAG(s) dict_keys(['tutorial']) retrieved from /home/guilherme/Documents/weather_datapipeline/airflow_weather/venv/lib/python3.10/site-packages/airflow/example_dags/tutorial.py
[2023-05-19 18:09:24,191] {logging_mixin.py:115} INFO - [2023-05-19 18:09:24,191] {dag.py:2379} INFO - Sync 1 DAGs
[2023-05-19 18:09:24,199] {logging_mixin.py:115} INFO - [2023-05-19 18:09:24,199] {dag.py:2927} INFO - Setting next_dagrun for tutorial to 2023-05-18T21:09:24.199158+00:00, run_after=2023-05-19T21:09:24.199158+00:00
[2023-05-19 18:09:24,205] {processor.py:161} INFO - Processing /home/guilherme/Documents/weather_datapipeline/airflow_weather/venv/lib/python3.10/site-packages/airflow/example_dags/tutorial.py took 0.027 seconds
[2023-05-19 18:09:59,606] {processor.py:153} INFO - Started process (PID=15232) to work on /home/guilherme/Documents/weather_datapipeline/airflow_weather/venv/lib/python3.10/site-packages/airflow/example_dags/tutorial.py
[2023-05-19 18:09:59,606] {processor.py:641} INFO - Processing file /home/guilherme/Documents/weather_datapipeline/airflow_weather/venv/lib/python3.10/site-packages/airflow/example_dags/tutorial.py for tasks to queue
[2023-05-19 18:09:59,606] {logging_mixin.py:115} INFO - [2023-05-19 18:09:59,606] {dagbag.py:507} INFO - Filling up the DagBag from /home/guilherme/Documents/weather_datapipeline/airflow_weather/venv/lib/python3.10/site-packages/airflow/example_dags/tutorial.py
[2023-05-19 18:09:59,610] {processor.py:651} INFO - DAG(s) dict_keys(['tutorial']) retrieved from /home/guilherme/Documents/weather_datapipeline/airflow_weather/venv/lib/python3.10/site-packages/airflow/example_dags/tutorial.py
[2023-05-19 18:09:59,620] {logging_mixin.py:115} INFO - [2023-05-19 18:09:59,620] {dag.py:2379} INFO - Sync 1 DAGs
[2023-05-19 18:09:59,630] {logging_mixin.py:115} INFO - [2023-05-19 18:09:59,630] {dag.py:2927} INFO - Setting next_dagrun for tutorial to 2023-05-18T21:09:59.629848+00:00, run_after=2023-05-19T21:09:59.629848+00:00
[2023-05-19 18:09:59,639] {processor.py:161} INFO - Processing /home/guilherme/Documents/weather_datapipeline/airflow_weather/venv/lib/python3.10/site-packages/airflow/example_dags/tutorial.py took 0.036 seconds
[2023-05-19 18:10:31,725] {processor.py:153} INFO - Started process (PID=15312) to work on /home/guilherme/Documents/weather_datapipeline/airflow_weather/venv/lib/python3.10/site-packages/airflow/example_dags/tutorial.py
[2023-05-19 18:10:31,725] {processor.py:641} INFO - Processing file /home/guilherme/Documents/weather_datapipeline/airflow_weather/venv/lib/python3.10/site-packages/airflow/example_dags/tutorial.py for tasks to queue
[2023-05-19 18:10:31,725] {logging_mixin.py:115} INFO - [2023-05-19 18:10:31,725] {dagbag.py:507} INFO - Filling up the DagBag from /home/guilherme/Documents/weather_datapipeline/airflow_weather/venv/lib/python3.10/site-packages/airflow/example_dags/tutorial.py
[2023-05-19 18:10:31,729] {processor.py:651} INFO - DAG(s) dict_keys(['tutorial']) retrieved from /home/guilherme/Documents/weather_datapipeline/airflow_weather/venv/lib/python3.10/site-packages/airflow/example_dags/tutorial.py
[2023-05-19 18:10:31,740] {logging_mixin.py:115} INFO - [2023-05-19 18:10:31,740] {dag.py:2379} INFO - Sync 1 DAGs
[2023-05-19 18:10:31,748] {logging_mixin.py:115} INFO - [2023-05-19 18:10:31,748] {dag.py:2927} INFO - Setting next_dagrun for tutorial to 2023-05-18T21:10:31.748518+00:00, run_after=2023-05-19T21:10:31.748518+00:00
[2023-05-19 18:10:31,756] {processor.py:161} INFO - Processing /home/guilherme/Documents/weather_datapipeline/airflow_weather/venv/lib/python3.10/site-packages/airflow/example_dags/tutorial.py took 0.033 seconds
[2023-05-19 18:11:04,275] {processor.py:153} INFO - Started process (PID=15377) to work on /home/guilherme/Documents/weather_datapipeline/airflow_weather/venv/lib/python3.10/site-packages/airflow/example_dags/tutorial.py
[2023-05-19 18:11:04,276] {processor.py:641} INFO - Processing file /home/guilherme/Documents/weather_datapipeline/airflow_weather/venv/lib/python3.10/site-packages/airflow/example_dags/tutorial.py for tasks to queue
[2023-05-19 18:11:04,276] {logging_mixin.py:115} INFO - [2023-05-19 18:11:04,276] {dagbag.py:507} INFO - Filling up the DagBag from /home/guilherme/Documents/weather_datapipeline/airflow_weather/venv/lib/python3.10/site-packages/airflow/example_dags/tutorial.py
[2023-05-19 18:11:04,280] {processor.py:651} INFO - DAG(s) dict_keys(['tutorial']) retrieved from /home/guilherme/Documents/weather_datapipeline/airflow_weather/venv/lib/python3.10/site-packages/airflow/example_dags/tutorial.py
[2023-05-19 18:11:04,291] {logging_mixin.py:115} INFO - [2023-05-19 18:11:04,291] {dag.py:2379} INFO - Sync 1 DAGs
[2023-05-19 18:11:04,301] {logging_mixin.py:115} INFO - [2023-05-19 18:11:04,301] {dag.py:2927} INFO - Setting next_dagrun for tutorial to 2023-05-18T21:11:04.300848+00:00, run_after=2023-05-19T21:11:04.300848+00:00
[2023-05-19 18:11:04,308] {processor.py:161} INFO - Processing /home/guilherme/Documents/weather_datapipeline/airflow_weather/venv/lib/python3.10/site-packages/airflow/example_dags/tutorial.py took 0.035 seconds
[2023-05-19 18:11:35,780] {processor.py:153} INFO - Started process (PID=15440) to work on /home/guilherme/Documents/weather_datapipeline/airflow_weather/venv/lib/python3.10/site-packages/airflow/example_dags/tutorial.py
[2023-05-19 18:11:35,780] {processor.py:641} INFO - Processing file /home/guilherme/Documents/weather_datapipeline/airflow_weather/venv/lib/python3.10/site-packages/airflow/example_dags/tutorial.py for tasks to queue
[2023-05-19 18:11:35,780] {logging_mixin.py:115} INFO - [2023-05-19 18:11:35,780] {dagbag.py:507} INFO - Filling up the DagBag from /home/guilherme/Documents/weather_datapipeline/airflow_weather/venv/lib/python3.10/site-packages/airflow/example_dags/tutorial.py
[2023-05-19 18:11:35,784] {processor.py:651} INFO - DAG(s) dict_keys(['tutorial']) retrieved from /home/guilherme/Documents/weather_datapipeline/airflow_weather/venv/lib/python3.10/site-packages/airflow/example_dags/tutorial.py
[2023-05-19 18:11:35,795] {logging_mixin.py:115} INFO - [2023-05-19 18:11:35,795] {dag.py:2379} INFO - Sync 1 DAGs
[2023-05-19 18:11:35,805] {logging_mixin.py:115} INFO - [2023-05-19 18:11:35,805] {dag.py:2927} INFO - Setting next_dagrun for tutorial to 2023-05-18T21:11:35.805278+00:00, run_after=2023-05-19T21:11:35.805278+00:00
[2023-05-19 18:11:35,811] {processor.py:161} INFO - Processing /home/guilherme/Documents/weather_datapipeline/airflow_weather/venv/lib/python3.10/site-packages/airflow/example_dags/tutorial.py took 0.034 seconds
[2023-05-19 18:12:06,071] {processor.py:153} INFO - Started process (PID=15475) to work on /home/guilherme/Documents/weather_datapipeline/airflow_weather/venv/lib/python3.10/site-packages/airflow/example_dags/tutorial.py
[2023-05-19 18:12:06,071] {processor.py:641} INFO - Processing file /home/guilherme/Documents/weather_datapipeline/airflow_weather/venv/lib/python3.10/site-packages/airflow/example_dags/tutorial.py for tasks to queue
[2023-05-19 18:12:06,072] {logging_mixin.py:115} INFO - [2023-05-19 18:12:06,072] {dagbag.py:507} INFO - Filling up the DagBag from /home/guilherme/Documents/weather_datapipeline/airflow_weather/venv/lib/python3.10/site-packages/airflow/example_dags/tutorial.py
[2023-05-19 18:12:06,075] {processor.py:651} INFO - DAG(s) dict_keys(['tutorial']) retrieved from /home/guilherme/Documents/weather_datapipeline/airflow_weather/venv/lib/python3.10/site-packages/airflow/example_dags/tutorial.py
[2023-05-19 18:12:06,087] {logging_mixin.py:115} INFO - [2023-05-19 18:12:06,087] {dag.py:2379} INFO - Sync 1 DAGs
[2023-05-19 18:12:06,096] {logging_mixin.py:115} INFO - [2023-05-19 18:12:06,096] {dag.py:2927} INFO - Setting next_dagrun for tutorial to 2023-05-18T21:12:06.096203+00:00, run_after=2023-05-19T21:12:06.096203+00:00
[2023-05-19 18:12:06,103] {processor.py:161} INFO - Processing /home/guilherme/Documents/weather_datapipeline/airflow_weather/venv/lib/python3.10/site-packages/airflow/example_dags/tutorial.py took 0.034 seconds
[2023-05-19 18:12:36,740] {processor.py:153} INFO - Started process (PID=15544) to work on /home/guilherme/Documents/weather_datapipeline/airflow_weather/venv/lib/python3.10/site-packages/airflow/example_dags/tutorial.py
[2023-05-19 18:12:36,741] {processor.py:641} INFO - Processing file /home/guilherme/Documents/weather_datapipeline/airflow_weather/venv/lib/python3.10/site-packages/airflow/example_dags/tutorial.py for tasks to queue
[2023-05-19 18:12:36,741] {logging_mixin.py:115} INFO - [2023-05-19 18:12:36,741] {dagbag.py:507} INFO - Filling up the DagBag from /home/guilherme/Documents/weather_datapipeline/airflow_weather/venv/lib/python3.10/site-packages/airflow/example_dags/tutorial.py
[2023-05-19 18:12:36,745] {processor.py:651} INFO - DAG(s) dict_keys(['tutorial']) retrieved from /home/guilherme/Documents/weather_datapipeline/airflow_weather/venv/lib/python3.10/site-packages/airflow/example_dags/tutorial.py
[2023-05-19 18:12:36,757] {logging_mixin.py:115} INFO - [2023-05-19 18:12:36,757] {dag.py:2379} INFO - Sync 1 DAGs
[2023-05-19 18:12:36,768] {logging_mixin.py:115} INFO - [2023-05-19 18:12:36,768] {dag.py:2927} INFO - Setting next_dagrun for tutorial to 2023-05-18T21:12:36.768576+00:00, run_after=2023-05-19T21:12:36.768576+00:00
[2023-05-19 18:12:36,776] {processor.py:161} INFO - Processing /home/guilherme/Documents/weather_datapipeline/airflow_weather/venv/lib/python3.10/site-packages/airflow/example_dags/tutorial.py took 0.037 seconds
[2023-05-19 18:13:09,172] {processor.py:153} INFO - Started process (PID=15689) to work on /home/guilherme/Documents/weather_datapipeline/airflow_weather/venv/lib/python3.10/site-packages/airflow/example_dags/tutorial.py
[2023-05-19 18:13:09,173] {processor.py:641} INFO - Processing file /home/guilherme/Documents/weather_datapipeline/airflow_weather/venv/lib/python3.10/site-packages/airflow/example_dags/tutorial.py for tasks to queue
[2023-05-19 18:13:09,173] {logging_mixin.py:115} INFO - [2023-05-19 18:13:09,173] {dagbag.py:507} INFO - Filling up the DagBag from /home/guilherme/Documents/weather_datapipeline/airflow_weather/venv/lib/python3.10/site-packages/airflow/example_dags/tutorial.py
[2023-05-19 18:13:09,176] {processor.py:651} INFO - DAG(s) dict_keys(['tutorial']) retrieved from /home/guilherme/Documents/weather_datapipeline/airflow_weather/venv/lib/python3.10/site-packages/airflow/example_dags/tutorial.py
[2023-05-19 18:13:09,188] {logging_mixin.py:115} INFO - [2023-05-19 18:13:09,187] {dag.py:2379} INFO - Sync 1 DAGs
[2023-05-19 18:13:09,197] {logging_mixin.py:115} INFO - [2023-05-19 18:13:09,197] {dag.py:2927} INFO - Setting next_dagrun for tutorial to 2023-05-18T21:13:09.197421+00:00, run_after=2023-05-19T21:13:09.197421+00:00
[2023-05-19 18:13:09,204] {processor.py:161} INFO - Processing /home/guilherme/Documents/weather_datapipeline/airflow_weather/venv/lib/python3.10/site-packages/airflow/example_dags/tutorial.py took 0.033 seconds
[2023-05-19 18:13:41,057] {processor.py:153} INFO - Started process (PID=15861) to work on /home/guilherme/Documents/weather_datapipeline/airflow_weather/venv/lib/python3.10/site-packages/airflow/example_dags/tutorial.py
[2023-05-19 18:13:41,057] {processor.py:641} INFO - Processing file /home/guilherme/Documents/weather_datapipeline/airflow_weather/venv/lib/python3.10/site-packages/airflow/example_dags/tutorial.py for tasks to queue
[2023-05-19 18:13:41,058] {logging_mixin.py:115} INFO - [2023-05-19 18:13:41,058] {dagbag.py:507} INFO - Filling up the DagBag from /home/guilherme/Documents/weather_datapipeline/airflow_weather/venv/lib/python3.10/site-packages/airflow/example_dags/tutorial.py
[2023-05-19 18:13:41,061] {processor.py:651} INFO - DAG(s) dict_keys(['tutorial']) retrieved from /home/guilherme/Documents/weather_datapipeline/airflow_weather/venv/lib/python3.10/site-packages/airflow/example_dags/tutorial.py
[2023-05-19 18:13:41,071] {logging_mixin.py:115} INFO - [2023-05-19 18:13:41,071] {dag.py:2379} INFO - Sync 1 DAGs
[2023-05-19 18:13:41,080] {logging_mixin.py:115} INFO - [2023-05-19 18:13:41,080] {dag.py:2927} INFO - Setting next_dagrun for tutorial to 2023-05-18T21:13:41.080361+00:00, run_after=2023-05-19T21:13:41.080361+00:00
[2023-05-19 18:13:41,087] {processor.py:161} INFO - Processing /home/guilherme/Documents/weather_datapipeline/airflow_weather/venv/lib/python3.10/site-packages/airflow/example_dags/tutorial.py took 0.032 seconds
[2023-05-19 18:14:14,001] {processor.py:153} INFO - Started process (PID=16057) to work on /home/guilherme/Documents/weather_datapipeline/airflow_weather/venv/lib/python3.10/site-packages/airflow/example_dags/tutorial.py
[2023-05-19 18:14:14,002] {processor.py:641} INFO - Processing file /home/guilherme/Documents/weather_datapipeline/airflow_weather/venv/lib/python3.10/site-packages/airflow/example_dags/tutorial.py for tasks to queue
[2023-05-19 18:14:14,002] {logging_mixin.py:115} INFO - [2023-05-19 18:14:14,002] {dagbag.py:507} INFO - Filling up the DagBag from /home/guilherme/Documents/weather_datapipeline/airflow_weather/venv/lib/python3.10/site-packages/airflow/example_dags/tutorial.py
[2023-05-19 18:14:14,005] {processor.py:651} INFO - DAG(s) dict_keys(['tutorial']) retrieved from /home/guilherme/Documents/weather_datapipeline/airflow_weather/venv/lib/python3.10/site-packages/airflow/example_dags/tutorial.py
[2023-05-19 18:14:14,016] {logging_mixin.py:115} INFO - [2023-05-19 18:14:14,016] {dag.py:2379} INFO - Sync 1 DAGs
[2023-05-19 18:14:14,025] {logging_mixin.py:115} INFO - [2023-05-19 18:14:14,025] {dag.py:2927} INFO - Setting next_dagrun for tutorial to 2023-05-18T21:14:14.025094+00:00, run_after=2023-05-19T21:14:14.025094+00:00
[2023-05-19 18:14:14,032] {processor.py:161} INFO - Processing /home/guilherme/Documents/weather_datapipeline/airflow_weather/venv/lib/python3.10/site-packages/airflow/example_dags/tutorial.py took 0.032 seconds
[2023-05-19 18:14:45,573] {processor.py:153} INFO - Started process (PID=16237) to work on /home/guilherme/Documents/weather_datapipeline/airflow_weather/venv/lib/python3.10/site-packages/airflow/example_dags/tutorial.py
[2023-05-19 18:14:45,573] {processor.py:641} INFO - Processing file /home/guilherme/Documents/weather_datapipeline/airflow_weather/venv/lib/python3.10/site-packages/airflow/example_dags/tutorial.py for tasks to queue
[2023-05-19 18:14:45,573] {logging_mixin.py:115} INFO - [2023-05-19 18:14:45,573] {dagbag.py:507} INFO - Filling up the DagBag from /home/guilherme/Documents/weather_datapipeline/airflow_weather/venv/lib/python3.10/site-packages/airflow/example_dags/tutorial.py
[2023-05-19 18:14:45,577] {processor.py:651} INFO - DAG(s) dict_keys(['tutorial']) retrieved from /home/guilherme/Documents/weather_datapipeline/airflow_weather/venv/lib/python3.10/site-packages/airflow/example_dags/tutorial.py
[2023-05-19 18:14:45,586] {logging_mixin.py:115} INFO - [2023-05-19 18:14:45,586] {dag.py:2379} INFO - Sync 1 DAGs
[2023-05-19 18:14:45,595] {logging_mixin.py:115} INFO - [2023-05-19 18:14:45,595] {dag.py:2927} INFO - Setting next_dagrun for tutorial to 2023-05-18T21:14:45.595042+00:00, run_after=2023-05-19T21:14:45.595042+00:00
[2023-05-19 18:14:45,601] {processor.py:161} INFO - Processing /home/guilherme/Documents/weather_datapipeline/airflow_weather/venv/lib/python3.10/site-packages/airflow/example_dags/tutorial.py took 0.030 seconds
[2023-05-19 18:15:19,469] {processor.py:153} INFO - Started process (PID=16433) to work on /home/guilherme/Documents/weather_datapipeline/airflow_weather/venv/lib/python3.10/site-packages/airflow/example_dags/tutorial.py
[2023-05-19 18:15:19,469] {processor.py:641} INFO - Processing file /home/guilherme/Documents/weather_datapipeline/airflow_weather/venv/lib/python3.10/site-packages/airflow/example_dags/tutorial.py for tasks to queue
[2023-05-19 18:15:19,469] {logging_mixin.py:115} INFO - [2023-05-19 18:15:19,469] {dagbag.py:507} INFO - Filling up the DagBag from /home/guilherme/Documents/weather_datapipeline/airflow_weather/venv/lib/python3.10/site-packages/airflow/example_dags/tutorial.py
[2023-05-19 18:15:19,473] {processor.py:651} INFO - DAG(s) dict_keys(['tutorial']) retrieved from /home/guilherme/Documents/weather_datapipeline/airflow_weather/venv/lib/python3.10/site-packages/airflow/example_dags/tutorial.py
[2023-05-19 18:15:19,484] {logging_mixin.py:115} INFO - [2023-05-19 18:15:19,484] {dag.py:2379} INFO - Sync 1 DAGs
[2023-05-19 18:15:19,492] {logging_mixin.py:115} INFO - [2023-05-19 18:15:19,492] {dag.py:2927} INFO - Setting next_dagrun for tutorial to 2023-05-18T21:15:19.492054+00:00, run_after=2023-05-19T21:15:19.492054+00:00
[2023-05-19 18:15:19,498] {processor.py:161} INFO - Processing /home/guilherme/Documents/weather_datapipeline/airflow_weather/venv/lib/python3.10/site-packages/airflow/example_dags/tutorial.py took 0.031 seconds
[2023-05-19 18:15:51,291] {processor.py:153} INFO - Started process (PID=16605) to work on /home/guilherme/Documents/weather_datapipeline/airflow_weather/venv/lib/python3.10/site-packages/airflow/example_dags/tutorial.py
[2023-05-19 18:15:51,292] {processor.py:641} INFO - Processing file /home/guilherme/Documents/weather_datapipeline/airflow_weather/venv/lib/python3.10/site-packages/airflow/example_dags/tutorial.py for tasks to queue
[2023-05-19 18:15:51,292] {logging_mixin.py:115} INFO - [2023-05-19 18:15:51,292] {dagbag.py:507} INFO - Filling up the DagBag from /home/guilherme/Documents/weather_datapipeline/airflow_weather/venv/lib/python3.10/site-packages/airflow/example_dags/tutorial.py
[2023-05-19 18:15:51,296] {processor.py:651} INFO - DAG(s) dict_keys(['tutorial']) retrieved from /home/guilherme/Documents/weather_datapipeline/airflow_weather/venv/lib/python3.10/site-packages/airflow/example_dags/tutorial.py
[2023-05-19 18:15:51,305] {logging_mixin.py:115} INFO - [2023-05-19 18:15:51,305] {dag.py:2379} INFO - Sync 1 DAGs
[2023-05-19 18:15:51,314] {logging_mixin.py:115} INFO - [2023-05-19 18:15:51,314] {dag.py:2927} INFO - Setting next_dagrun for tutorial to 2023-05-18T21:15:51.314580+00:00, run_after=2023-05-19T21:15:51.314580+00:00
[2023-05-19 18:15:51,321] {processor.py:161} INFO - Processing /home/guilherme/Documents/weather_datapipeline/airflow_weather/venv/lib/python3.10/site-packages/airflow/example_dags/tutorial.py took 0.032 seconds
[2023-05-19 18:16:23,707] {processor.py:153} INFO - Started process (PID=16799) to work on /home/guilherme/Documents/weather_datapipeline/airflow_weather/venv/lib/python3.10/site-packages/airflow/example_dags/tutorial.py
[2023-05-19 18:16:23,707] {processor.py:641} INFO - Processing file /home/guilherme/Documents/weather_datapipeline/airflow_weather/venv/lib/python3.10/site-packages/airflow/example_dags/tutorial.py for tasks to queue
[2023-05-19 18:16:23,707] {logging_mixin.py:115} INFO - [2023-05-19 18:16:23,707] {dagbag.py:507} INFO - Filling up the DagBag from /home/guilherme/Documents/weather_datapipeline/airflow_weather/venv/lib/python3.10/site-packages/airflow/example_dags/tutorial.py
[2023-05-19 18:16:23,711] {processor.py:651} INFO - DAG(s) dict_keys(['tutorial']) retrieved from /home/guilherme/Documents/weather_datapipeline/airflow_weather/venv/lib/python3.10/site-packages/airflow/example_dags/tutorial.py
[2023-05-19 18:16:23,721] {logging_mixin.py:115} INFO - [2023-05-19 18:16:23,721] {dag.py:2379} INFO - Sync 1 DAGs
[2023-05-19 18:16:23,729] {logging_mixin.py:115} INFO - [2023-05-19 18:16:23,729] {dag.py:2927} INFO - Setting next_dagrun for tutorial to 2023-05-18T21:16:23.729113+00:00, run_after=2023-05-19T21:16:23.729113+00:00
[2023-05-19 18:16:23,735] {processor.py:161} INFO - Processing /home/guilherme/Documents/weather_datapipeline/airflow_weather/venv/lib/python3.10/site-packages/airflow/example_dags/tutorial.py took 0.030 seconds
[2023-05-19 18:16:56,182] {processor.py:153} INFO - Started process (PID=16971) to work on /home/guilherme/Documents/weather_datapipeline/airflow_weather/venv/lib/python3.10/site-packages/airflow/example_dags/tutorial.py
[2023-05-19 18:16:56,182] {processor.py:641} INFO - Processing file /home/guilherme/Documents/weather_datapipeline/airflow_weather/venv/lib/python3.10/site-packages/airflow/example_dags/tutorial.py for tasks to queue
[2023-05-19 18:16:56,182] {logging_mixin.py:115} INFO - [2023-05-19 18:16:56,182] {dagbag.py:507} INFO - Filling up the DagBag from /home/guilherme/Documents/weather_datapipeline/airflow_weather/venv/lib/python3.10/site-packages/airflow/example_dags/tutorial.py
[2023-05-19 18:16:56,186] {processor.py:651} INFO - DAG(s) dict_keys(['tutorial']) retrieved from /home/guilherme/Documents/weather_datapipeline/airflow_weather/venv/lib/python3.10/site-packages/airflow/example_dags/tutorial.py
[2023-05-19 18:16:56,195] {logging_mixin.py:115} INFO - [2023-05-19 18:16:56,195] {dag.py:2379} INFO - Sync 1 DAGs
[2023-05-19 18:16:56,204] {logging_mixin.py:115} INFO - [2023-05-19 18:16:56,204] {dag.py:2927} INFO - Setting next_dagrun for tutorial to 2023-05-18T21:16:56.204225+00:00, run_after=2023-05-19T21:16:56.204225+00:00
[2023-05-19 18:16:56,210] {processor.py:161} INFO - Processing /home/guilherme/Documents/weather_datapipeline/airflow_weather/venv/lib/python3.10/site-packages/airflow/example_dags/tutorial.py took 0.030 seconds
[2023-05-19 18:17:29,935] {processor.py:153} INFO - Started process (PID=17173) to work on /home/guilherme/Documents/weather_datapipeline/airflow_weather/venv/lib/python3.10/site-packages/airflow/example_dags/tutorial.py
[2023-05-19 18:17:29,935] {processor.py:641} INFO - Processing file /home/guilherme/Documents/weather_datapipeline/airflow_weather/venv/lib/python3.10/site-packages/airflow/example_dags/tutorial.py for tasks to queue
[2023-05-19 18:17:29,935] {logging_mixin.py:115} INFO - [2023-05-19 18:17:29,935] {dagbag.py:507} INFO - Filling up the DagBag from /home/guilherme/Documents/weather_datapipeline/airflow_weather/venv/lib/python3.10/site-packages/airflow/example_dags/tutorial.py
[2023-05-19 18:17:29,939] {processor.py:651} INFO - DAG(s) dict_keys(['tutorial']) retrieved from /home/guilherme/Documents/weather_datapipeline/airflow_weather/venv/lib/python3.10/site-packages/airflow/example_dags/tutorial.py
[2023-05-19 18:17:29,950] {logging_mixin.py:115} INFO - [2023-05-19 18:17:29,950] {dag.py:2379} INFO - Sync 1 DAGs
[2023-05-19 18:17:29,959] {logging_mixin.py:115} INFO - [2023-05-19 18:17:29,959] {dag.py:2927} INFO - Setting next_dagrun for tutorial to 2023-05-18T21:17:29.958985+00:00, run_after=2023-05-19T21:17:29.958985+00:00
[2023-05-19 18:17:29,965] {processor.py:161} INFO - Processing /home/guilherme/Documents/weather_datapipeline/airflow_weather/venv/lib/python3.10/site-packages/airflow/example_dags/tutorial.py took 0.033 seconds
[2023-05-19 18:18:02,129] {processor.py:153} INFO - Started process (PID=17358) to work on /home/guilherme/Documents/weather_datapipeline/airflow_weather/venv/lib/python3.10/site-packages/airflow/example_dags/tutorial.py
[2023-05-19 18:18:02,130] {processor.py:641} INFO - Processing file /home/guilherme/Documents/weather_datapipeline/airflow_weather/venv/lib/python3.10/site-packages/airflow/example_dags/tutorial.py for tasks to queue
[2023-05-19 18:18:02,130] {logging_mixin.py:115} INFO - [2023-05-19 18:18:02,130] {dagbag.py:507} INFO - Filling up the DagBag from /home/guilherme/Documents/weather_datapipeline/airflow_weather/venv/lib/python3.10/site-packages/airflow/example_dags/tutorial.py
[2023-05-19 18:18:02,134] {processor.py:651} INFO - DAG(s) dict_keys(['tutorial']) retrieved from /home/guilherme/Documents/weather_datapipeline/airflow_weather/venv/lib/python3.10/site-packages/airflow/example_dags/tutorial.py
[2023-05-19 18:18:02,143] {logging_mixin.py:115} INFO - [2023-05-19 18:18:02,143] {dag.py:2379} INFO - Sync 1 DAGs
[2023-05-19 18:18:02,152] {logging_mixin.py:115} INFO - [2023-05-19 18:18:02,152] {dag.py:2927} INFO - Setting next_dagrun for tutorial to 2023-05-18T21:18:02.152709+00:00, run_after=2023-05-19T21:18:02.152709+00:00
[2023-05-19 18:18:02,158] {processor.py:161} INFO - Processing /home/guilherme/Documents/weather_datapipeline/airflow_weather/venv/lib/python3.10/site-packages/airflow/example_dags/tutorial.py took 0.031 seconds
[2023-05-19 18:18:35,766] {processor.py:153} INFO - Started process (PID=17591) to work on /home/guilherme/Documents/weather_datapipeline/airflow_weather/venv/lib/python3.10/site-packages/airflow/example_dags/tutorial.py
[2023-05-19 18:18:35,768] {processor.py:641} INFO - Processing file /home/guilherme/Documents/weather_datapipeline/airflow_weather/venv/lib/python3.10/site-packages/airflow/example_dags/tutorial.py for tasks to queue
[2023-05-19 18:18:35,768] {logging_mixin.py:115} INFO - [2023-05-19 18:18:35,768] {dagbag.py:507} INFO - Filling up the DagBag from /home/guilherme/Documents/weather_datapipeline/airflow_weather/venv/lib/python3.10/site-packages/airflow/example_dags/tutorial.py
[2023-05-19 18:18:35,772] {processor.py:651} INFO - DAG(s) dict_keys(['tutorial']) retrieved from /home/guilherme/Documents/weather_datapipeline/airflow_weather/venv/lib/python3.10/site-packages/airflow/example_dags/tutorial.py
[2023-05-19 18:18:35,786] {logging_mixin.py:115} INFO - [2023-05-19 18:18:35,786] {dag.py:2379} INFO - Sync 1 DAGs
[2023-05-19 18:18:35,797] {logging_mixin.py:115} INFO - [2023-05-19 18:18:35,796] {dag.py:2927} INFO - Setting next_dagrun for tutorial to 2023-05-18T21:18:35.796725+00:00, run_after=2023-05-19T21:18:35.796725+00:00
[2023-05-19 18:18:35,806] {processor.py:161} INFO - Processing /home/guilherme/Documents/weather_datapipeline/airflow_weather/venv/lib/python3.10/site-packages/airflow/example_dags/tutorial.py took 0.041 seconds
[2023-05-19 18:19:07,660] {processor.py:153} INFO - Started process (PID=17813) to work on /home/guilherme/Documents/weather_datapipeline/airflow_weather/venv/lib/python3.10/site-packages/airflow/example_dags/tutorial.py
[2023-05-19 18:19:07,660] {processor.py:641} INFO - Processing file /home/guilherme/Documents/weather_datapipeline/airflow_weather/venv/lib/python3.10/site-packages/airflow/example_dags/tutorial.py for tasks to queue
[2023-05-19 18:19:07,661] {logging_mixin.py:115} INFO - [2023-05-19 18:19:07,661] {dagbag.py:507} INFO - Filling up the DagBag from /home/guilherme/Documents/weather_datapipeline/airflow_weather/venv/lib/python3.10/site-packages/airflow/example_dags/tutorial.py
[2023-05-19 18:19:07,664] {processor.py:651} INFO - DAG(s) dict_keys(['tutorial']) retrieved from /home/guilherme/Documents/weather_datapipeline/airflow_weather/venv/lib/python3.10/site-packages/airflow/example_dags/tutorial.py
[2023-05-19 18:19:07,675] {logging_mixin.py:115} INFO - [2023-05-19 18:19:07,675] {dag.py:2379} INFO - Sync 1 DAGs
[2023-05-19 18:19:07,684] {logging_mixin.py:115} INFO - [2023-05-19 18:19:07,684] {dag.py:2927} INFO - Setting next_dagrun for tutorial to 2023-05-18T21:19:07.684478+00:00, run_after=2023-05-19T21:19:07.684478+00:00
[2023-05-19 18:19:07,691] {processor.py:161} INFO - Processing /home/guilherme/Documents/weather_datapipeline/airflow_weather/venv/lib/python3.10/site-packages/airflow/example_dags/tutorial.py took 0.033 seconds
[2023-05-19 18:19:38,072] {processor.py:153} INFO - Started process (PID=18431) to work on /home/guilherme/Documents/weather_datapipeline/airflow_weather/venv/lib/python3.10/site-packages/airflow/example_dags/tutorial.py
[2023-05-19 18:19:38,072] {processor.py:641} INFO - Processing file /home/guilherme/Documents/weather_datapipeline/airflow_weather/venv/lib/python3.10/site-packages/airflow/example_dags/tutorial.py for tasks to queue
[2023-05-19 18:19:38,072] {logging_mixin.py:115} INFO - [2023-05-19 18:19:38,072] {dagbag.py:507} INFO - Filling up the DagBag from /home/guilherme/Documents/weather_datapipeline/airflow_weather/venv/lib/python3.10/site-packages/airflow/example_dags/tutorial.py
[2023-05-19 18:19:38,075] {processor.py:651} INFO - DAG(s) dict_keys(['tutorial']) retrieved from /home/guilherme/Documents/weather_datapipeline/airflow_weather/venv/lib/python3.10/site-packages/airflow/example_dags/tutorial.py
[2023-05-19 18:19:38,086] {logging_mixin.py:115} INFO - [2023-05-19 18:19:38,086] {dag.py:2379} INFO - Sync 1 DAGs
[2023-05-19 18:19:38,094] {logging_mixin.py:115} INFO - [2023-05-19 18:19:38,094] {dag.py:2927} INFO - Setting next_dagrun for tutorial to 2023-05-18T21:19:38.094505+00:00, run_after=2023-05-19T21:19:38.094505+00:00
[2023-05-19 18:19:38,103] {processor.py:161} INFO - Processing /home/guilherme/Documents/weather_datapipeline/airflow_weather/venv/lib/python3.10/site-packages/airflow/example_dags/tutorial.py took 0.033 seconds
[2023-05-19 18:20:11,273] {processor.py:153} INFO - Started process (PID=18639) to work on /home/guilherme/Documents/weather_datapipeline/airflow_weather/venv/lib/python3.10/site-packages/airflow/example_dags/tutorial.py
[2023-05-19 18:20:11,274] {processor.py:641} INFO - Processing file /home/guilherme/Documents/weather_datapipeline/airflow_weather/venv/lib/python3.10/site-packages/airflow/example_dags/tutorial.py for tasks to queue
[2023-05-19 18:20:11,274] {logging_mixin.py:115} INFO - [2023-05-19 18:20:11,274] {dagbag.py:507} INFO - Filling up the DagBag from /home/guilherme/Documents/weather_datapipeline/airflow_weather/venv/lib/python3.10/site-packages/airflow/example_dags/tutorial.py
[2023-05-19 18:20:11,277] {processor.py:651} INFO - DAG(s) dict_keys(['tutorial']) retrieved from /home/guilherme/Documents/weather_datapipeline/airflow_weather/venv/lib/python3.10/site-packages/airflow/example_dags/tutorial.py
[2023-05-19 18:20:11,289] {logging_mixin.py:115} INFO - [2023-05-19 18:20:11,289] {dag.py:2379} INFO - Sync 1 DAGs
[2023-05-19 18:20:11,300] {logging_mixin.py:115} INFO - [2023-05-19 18:20:11,300] {dag.py:2927} INFO - Setting next_dagrun for tutorial to 2023-05-18T21:20:11.299949+00:00, run_after=2023-05-19T21:20:11.299949+00:00
[2023-05-19 18:20:11,306] {processor.py:161} INFO - Processing /home/guilherme/Documents/weather_datapipeline/airflow_weather/venv/lib/python3.10/site-packages/airflow/example_dags/tutorial.py took 0.034 seconds
[2023-05-19 18:20:44,324] {processor.py:153} INFO - Started process (PID=18815) to work on /home/guilherme/Documents/weather_datapipeline/airflow_weather/venv/lib/python3.10/site-packages/airflow/example_dags/tutorial.py
[2023-05-19 18:20:44,325] {processor.py:641} INFO - Processing file /home/guilherme/Documents/weather_datapipeline/airflow_weather/venv/lib/python3.10/site-packages/airflow/example_dags/tutorial.py for tasks to queue
[2023-05-19 18:20:44,325] {logging_mixin.py:115} INFO - [2023-05-19 18:20:44,325] {dagbag.py:507} INFO - Filling up the DagBag from /home/guilherme/Documents/weather_datapipeline/airflow_weather/venv/lib/python3.10/site-packages/airflow/example_dags/tutorial.py
[2023-05-19 18:20:44,328] {processor.py:651} INFO - DAG(s) dict_keys(['tutorial']) retrieved from /home/guilherme/Documents/weather_datapipeline/airflow_weather/venv/lib/python3.10/site-packages/airflow/example_dags/tutorial.py
[2023-05-19 18:20:44,342] {logging_mixin.py:115} INFO - [2023-05-19 18:20:44,342] {dag.py:2379} INFO - Sync 1 DAGs
[2023-05-19 18:20:44,352] {logging_mixin.py:115} INFO - [2023-05-19 18:20:44,352] {dag.py:2927} INFO - Setting next_dagrun for tutorial to 2023-05-18T21:20:44.351878+00:00, run_after=2023-05-19T21:20:44.351878+00:00
[2023-05-19 18:20:44,358] {processor.py:161} INFO - Processing /home/guilherme/Documents/weather_datapipeline/airflow_weather/venv/lib/python3.10/site-packages/airflow/example_dags/tutorial.py took 0.035 seconds
[2023-05-19 18:21:16,813] {processor.py:153} INFO - Started process (PID=19048) to work on /home/guilherme/Documents/weather_datapipeline/airflow_weather/venv/lib/python3.10/site-packages/airflow/example_dags/tutorial.py
[2023-05-19 18:21:16,813] {processor.py:641} INFO - Processing file /home/guilherme/Documents/weather_datapipeline/airflow_weather/venv/lib/python3.10/site-packages/airflow/example_dags/tutorial.py for tasks to queue
[2023-05-19 18:21:16,814] {logging_mixin.py:115} INFO - [2023-05-19 18:21:16,814] {dagbag.py:507} INFO - Filling up the DagBag from /home/guilherme/Documents/weather_datapipeline/airflow_weather/venv/lib/python3.10/site-packages/airflow/example_dags/tutorial.py
[2023-05-19 18:21:16,817] {processor.py:651} INFO - DAG(s) dict_keys(['tutorial']) retrieved from /home/guilherme/Documents/weather_datapipeline/airflow_weather/venv/lib/python3.10/site-packages/airflow/example_dags/tutorial.py
[2023-05-19 18:21:16,826] {logging_mixin.py:115} INFO - [2023-05-19 18:21:16,826] {dag.py:2379} INFO - Sync 1 DAGs
[2023-05-19 18:21:16,835] {logging_mixin.py:115} INFO - [2023-05-19 18:21:16,835] {dag.py:2927} INFO - Setting next_dagrun for tutorial to 2023-05-18T21:21:16.834847+00:00, run_after=2023-05-19T21:21:16.834847+00:00
[2023-05-19 18:21:16,841] {processor.py:161} INFO - Processing /home/guilherme/Documents/weather_datapipeline/airflow_weather/venv/lib/python3.10/site-packages/airflow/example_dags/tutorial.py took 0.029 seconds
[2023-05-19 18:21:50,709] {processor.py:153} INFO - Started process (PID=19226) to work on /home/guilherme/Documents/weather_datapipeline/airflow_weather/venv/lib/python3.10/site-packages/airflow/example_dags/tutorial.py
[2023-05-19 18:21:50,709] {processor.py:641} INFO - Processing file /home/guilherme/Documents/weather_datapipeline/airflow_weather/venv/lib/python3.10/site-packages/airflow/example_dags/tutorial.py for tasks to queue
[2023-05-19 18:21:50,709] {logging_mixin.py:115} INFO - [2023-05-19 18:21:50,709] {dagbag.py:507} INFO - Filling up the DagBag from /home/guilherme/Documents/weather_datapipeline/airflow_weather/venv/lib/python3.10/site-packages/airflow/example_dags/tutorial.py
[2023-05-19 18:21:50,712] {processor.py:651} INFO - DAG(s) dict_keys(['tutorial']) retrieved from /home/guilherme/Documents/weather_datapipeline/airflow_weather/venv/lib/python3.10/site-packages/airflow/example_dags/tutorial.py
[2023-05-19 18:21:50,724] {logging_mixin.py:115} INFO - [2023-05-19 18:21:50,724] {dag.py:2379} INFO - Sync 1 DAGs
[2023-05-19 18:21:50,733] {logging_mixin.py:115} INFO - [2023-05-19 18:21:50,733] {dag.py:2927} INFO - Setting next_dagrun for tutorial to 2023-05-18T21:21:50.733094+00:00, run_after=2023-05-19T21:21:50.733094+00:00
[2023-05-19 18:21:50,741] {processor.py:161} INFO - Processing /home/guilherme/Documents/weather_datapipeline/airflow_weather/venv/lib/python3.10/site-packages/airflow/example_dags/tutorial.py took 0.034 seconds
[2023-05-19 18:22:23,498] {processor.py:153} INFO - Started process (PID=19434) to work on /home/guilherme/Documents/weather_datapipeline/airflow_weather/venv/lib/python3.10/site-packages/airflow/example_dags/tutorial.py
[2023-05-19 18:22:23,499] {processor.py:641} INFO - Processing file /home/guilherme/Documents/weather_datapipeline/airflow_weather/venv/lib/python3.10/site-packages/airflow/example_dags/tutorial.py for tasks to queue
[2023-05-19 18:22:23,499] {logging_mixin.py:115} INFO - [2023-05-19 18:22:23,499] {dagbag.py:507} INFO - Filling up the DagBag from /home/guilherme/Documents/weather_datapipeline/airflow_weather/venv/lib/python3.10/site-packages/airflow/example_dags/tutorial.py
[2023-05-19 18:22:23,504] {processor.py:651} INFO - DAG(s) dict_keys(['tutorial']) retrieved from /home/guilherme/Documents/weather_datapipeline/airflow_weather/venv/lib/python3.10/site-packages/airflow/example_dags/tutorial.py
[2023-05-19 18:22:23,519] {logging_mixin.py:115} INFO - [2023-05-19 18:22:23,518] {dag.py:2379} INFO - Sync 1 DAGs
[2023-05-19 18:22:23,531] {logging_mixin.py:115} INFO - [2023-05-19 18:22:23,531] {dag.py:2927} INFO - Setting next_dagrun for tutorial to 2023-05-18T21:22:23.531699+00:00, run_after=2023-05-19T21:22:23.531699+00:00
[2023-05-19 18:22:23,540] {processor.py:161} INFO - Processing /home/guilherme/Documents/weather_datapipeline/airflow_weather/venv/lib/python3.10/site-packages/airflow/example_dags/tutorial.py took 0.043 seconds
[2023-05-19 18:22:55,424] {processor.py:153} INFO - Started process (PID=19645) to work on /home/guilherme/Documents/weather_datapipeline/airflow_weather/venv/lib/python3.10/site-packages/airflow/example_dags/tutorial.py
[2023-05-19 18:22:55,424] {processor.py:641} INFO - Processing file /home/guilherme/Documents/weather_datapipeline/airflow_weather/venv/lib/python3.10/site-packages/airflow/example_dags/tutorial.py for tasks to queue
[2023-05-19 18:22:55,424] {logging_mixin.py:115} INFO - [2023-05-19 18:22:55,424] {dagbag.py:507} INFO - Filling up the DagBag from /home/guilherme/Documents/weather_datapipeline/airflow_weather/venv/lib/python3.10/site-packages/airflow/example_dags/tutorial.py
[2023-05-19 18:22:55,427] {processor.py:651} INFO - DAG(s) dict_keys(['tutorial']) retrieved from /home/guilherme/Documents/weather_datapipeline/airflow_weather/venv/lib/python3.10/site-packages/airflow/example_dags/tutorial.py
[2023-05-19 18:22:55,438] {logging_mixin.py:115} INFO - [2023-05-19 18:22:55,438] {dag.py:2379} INFO - Sync 1 DAGs
[2023-05-19 18:22:55,448] {logging_mixin.py:115} INFO - [2023-05-19 18:22:55,447] {dag.py:2927} INFO - Setting next_dagrun for tutorial to 2023-05-18T21:22:55.447711+00:00, run_after=2023-05-19T21:22:55.447711+00:00
[2023-05-19 18:22:55,454] {processor.py:161} INFO - Processing /home/guilherme/Documents/weather_datapipeline/airflow_weather/venv/lib/python3.10/site-packages/airflow/example_dags/tutorial.py took 0.032 seconds
[2023-05-19 18:23:28,465] {processor.py:153} INFO - Started process (PID=19838) to work on /home/guilherme/Documents/weather_datapipeline/airflow_weather/venv/lib/python3.10/site-packages/airflow/example_dags/tutorial.py
[2023-05-19 18:23:28,465] {processor.py:641} INFO - Processing file /home/guilherme/Documents/weather_datapipeline/airflow_weather/venv/lib/python3.10/site-packages/airflow/example_dags/tutorial.py for tasks to queue
[2023-05-19 18:23:28,466] {logging_mixin.py:115} INFO - [2023-05-19 18:23:28,466] {dagbag.py:507} INFO - Filling up the DagBag from /home/guilherme/Documents/weather_datapipeline/airflow_weather/venv/lib/python3.10/site-packages/airflow/example_dags/tutorial.py
[2023-05-19 18:23:28,469] {processor.py:651} INFO - DAG(s) dict_keys(['tutorial']) retrieved from /home/guilherme/Documents/weather_datapipeline/airflow_weather/venv/lib/python3.10/site-packages/airflow/example_dags/tutorial.py
[2023-05-19 18:23:28,481] {logging_mixin.py:115} INFO - [2023-05-19 18:23:28,481] {dag.py:2379} INFO - Sync 1 DAGs
[2023-05-19 18:23:28,491] {logging_mixin.py:115} INFO - [2023-05-19 18:23:28,491] {dag.py:2927} INFO - Setting next_dagrun for tutorial to 2023-05-18T21:23:28.491408+00:00, run_after=2023-05-19T21:23:28.491408+00:00
[2023-05-19 18:23:28,498] {processor.py:161} INFO - Processing /home/guilherme/Documents/weather_datapipeline/airflow_weather/venv/lib/python3.10/site-packages/airflow/example_dags/tutorial.py took 0.035 seconds
[2023-05-19 18:23:59,250] {processor.py:153} INFO - Started process (PID=20021) to work on /home/guilherme/Documents/weather_datapipeline/airflow_weather/venv/lib/python3.10/site-packages/airflow/example_dags/tutorial.py
[2023-05-19 18:23:59,251] {processor.py:641} INFO - Processing file /home/guilherme/Documents/weather_datapipeline/airflow_weather/venv/lib/python3.10/site-packages/airflow/example_dags/tutorial.py for tasks to queue
[2023-05-19 18:23:59,251] {logging_mixin.py:115} INFO - [2023-05-19 18:23:59,251] {dagbag.py:507} INFO - Filling up the DagBag from /home/guilherme/Documents/weather_datapipeline/airflow_weather/venv/lib/python3.10/site-packages/airflow/example_dags/tutorial.py
[2023-05-19 18:23:59,255] {processor.py:651} INFO - DAG(s) dict_keys(['tutorial']) retrieved from /home/guilherme/Documents/weather_datapipeline/airflow_weather/venv/lib/python3.10/site-packages/airflow/example_dags/tutorial.py
[2023-05-19 18:23:59,266] {logging_mixin.py:115} INFO - [2023-05-19 18:23:59,266] {dag.py:2379} INFO - Sync 1 DAGs
[2023-05-19 18:23:59,277] {logging_mixin.py:115} INFO - [2023-05-19 18:23:59,277] {dag.py:2927} INFO - Setting next_dagrun for tutorial to 2023-05-18T21:23:59.277413+00:00, run_after=2023-05-19T21:23:59.277413+00:00
[2023-05-19 18:23:59,285] {processor.py:161} INFO - Processing /home/guilherme/Documents/weather_datapipeline/airflow_weather/venv/lib/python3.10/site-packages/airflow/example_dags/tutorial.py took 0.037 seconds
[2023-05-19 18:24:31,388] {processor.py:153} INFO - Started process (PID=20110) to work on /home/guilherme/Documents/weather_datapipeline/airflow_weather/venv/lib/python3.10/site-packages/airflow/example_dags/tutorial.py
[2023-05-19 18:24:31,389] {processor.py:641} INFO - Processing file /home/guilherme/Documents/weather_datapipeline/airflow_weather/venv/lib/python3.10/site-packages/airflow/example_dags/tutorial.py for tasks to queue
[2023-05-19 18:24:31,389] {logging_mixin.py:115} INFO - [2023-05-19 18:24:31,389] {dagbag.py:507} INFO - Filling up the DagBag from /home/guilherme/Documents/weather_datapipeline/airflow_weather/venv/lib/python3.10/site-packages/airflow/example_dags/tutorial.py
[2023-05-19 18:24:31,392] {processor.py:651} INFO - DAG(s) dict_keys(['tutorial']) retrieved from /home/guilherme/Documents/weather_datapipeline/airflow_weather/venv/lib/python3.10/site-packages/airflow/example_dags/tutorial.py
[2023-05-19 18:24:31,404] {logging_mixin.py:115} INFO - [2023-05-19 18:24:31,404] {dag.py:2379} INFO - Sync 1 DAGs
[2023-05-19 18:24:31,413] {logging_mixin.py:115} INFO - [2023-05-19 18:24:31,413] {dag.py:2927} INFO - Setting next_dagrun for tutorial to 2023-05-18T21:24:31.412990+00:00, run_after=2023-05-19T21:24:31.412990+00:00
[2023-05-19 18:24:31,419] {processor.py:161} INFO - Processing /home/guilherme/Documents/weather_datapipeline/airflow_weather/venv/lib/python3.10/site-packages/airflow/example_dags/tutorial.py took 0.032 seconds
[2023-05-19 18:25:04,023] {processor.py:153} INFO - Started process (PID=20147) to work on /home/guilherme/Documents/weather_datapipeline/airflow_weather/venv/lib/python3.10/site-packages/airflow/example_dags/tutorial.py
[2023-05-19 18:25:04,024] {processor.py:641} INFO - Processing file /home/guilherme/Documents/weather_datapipeline/airflow_weather/venv/lib/python3.10/site-packages/airflow/example_dags/tutorial.py for tasks to queue
[2023-05-19 18:25:04,024] {logging_mixin.py:115} INFO - [2023-05-19 18:25:04,024] {dagbag.py:507} INFO - Filling up the DagBag from /home/guilherme/Documents/weather_datapipeline/airflow_weather/venv/lib/python3.10/site-packages/airflow/example_dags/tutorial.py
[2023-05-19 18:25:04,027] {processor.py:651} INFO - DAG(s) dict_keys(['tutorial']) retrieved from /home/guilherme/Documents/weather_datapipeline/airflow_weather/venv/lib/python3.10/site-packages/airflow/example_dags/tutorial.py
[2023-05-19 18:25:04,037] {logging_mixin.py:115} INFO - [2023-05-19 18:25:04,037] {dag.py:2379} INFO - Sync 1 DAGs
[2023-05-19 18:25:04,046] {logging_mixin.py:115} INFO - [2023-05-19 18:25:04,046] {dag.py:2927} INFO - Setting next_dagrun for tutorial to 2023-05-18T21:25:04.046342+00:00, run_after=2023-05-19T21:25:04.046342+00:00
[2023-05-19 18:25:04,053] {processor.py:161} INFO - Processing /home/guilherme/Documents/weather_datapipeline/airflow_weather/venv/lib/python3.10/site-packages/airflow/example_dags/tutorial.py took 0.032 seconds
[2023-05-19 18:25:35,314] {processor.py:153} INFO - Started process (PID=20181) to work on /home/guilherme/Documents/weather_datapipeline/airflow_weather/venv/lib/python3.10/site-packages/airflow/example_dags/tutorial.py
[2023-05-19 18:25:35,314] {processor.py:641} INFO - Processing file /home/guilherme/Documents/weather_datapipeline/airflow_weather/venv/lib/python3.10/site-packages/airflow/example_dags/tutorial.py for tasks to queue
[2023-05-19 18:25:35,314] {logging_mixin.py:115} INFO - [2023-05-19 18:25:35,314] {dagbag.py:507} INFO - Filling up the DagBag from /home/guilherme/Documents/weather_datapipeline/airflow_weather/venv/lib/python3.10/site-packages/airflow/example_dags/tutorial.py
[2023-05-19 18:25:35,318] {processor.py:651} INFO - DAG(s) dict_keys(['tutorial']) retrieved from /home/guilherme/Documents/weather_datapipeline/airflow_weather/venv/lib/python3.10/site-packages/airflow/example_dags/tutorial.py
[2023-05-19 18:25:35,328] {logging_mixin.py:115} INFO - [2023-05-19 18:25:35,328] {dag.py:2379} INFO - Sync 1 DAGs
[2023-05-19 18:25:35,338] {logging_mixin.py:115} INFO - [2023-05-19 18:25:35,338] {dag.py:2927} INFO - Setting next_dagrun for tutorial to 2023-05-18T21:25:35.338123+00:00, run_after=2023-05-19T21:25:35.338123+00:00
[2023-05-19 18:25:35,345] {processor.py:161} INFO - Processing /home/guilherme/Documents/weather_datapipeline/airflow_weather/venv/lib/python3.10/site-packages/airflow/example_dags/tutorial.py took 0.033 seconds
[2023-05-19 18:26:07,823] {processor.py:153} INFO - Started process (PID=20333) to work on /home/guilherme/Documents/weather_datapipeline/airflow_weather/venv/lib/python3.10/site-packages/airflow/example_dags/tutorial.py
[2023-05-19 18:26:07,824] {processor.py:641} INFO - Processing file /home/guilherme/Documents/weather_datapipeline/airflow_weather/venv/lib/python3.10/site-packages/airflow/example_dags/tutorial.py for tasks to queue
[2023-05-19 18:26:07,824] {logging_mixin.py:115} INFO - [2023-05-19 18:26:07,824] {dagbag.py:507} INFO - Filling up the DagBag from /home/guilherme/Documents/weather_datapipeline/airflow_weather/venv/lib/python3.10/site-packages/airflow/example_dags/tutorial.py
[2023-05-19 18:26:07,827] {processor.py:651} INFO - DAG(s) dict_keys(['tutorial']) retrieved from /home/guilherme/Documents/weather_datapipeline/airflow_weather/venv/lib/python3.10/site-packages/airflow/example_dags/tutorial.py
[2023-05-19 18:26:07,837] {logging_mixin.py:115} INFO - [2023-05-19 18:26:07,837] {dag.py:2379} INFO - Sync 1 DAGs
[2023-05-19 18:26:07,846] {logging_mixin.py:115} INFO - [2023-05-19 18:26:07,846] {dag.py:2927} INFO - Setting next_dagrun for tutorial to 2023-05-18T21:26:07.846302+00:00, run_after=2023-05-19T21:26:07.846302+00:00
[2023-05-19 18:26:07,852] {processor.py:161} INFO - Processing /home/guilherme/Documents/weather_datapipeline/airflow_weather/venv/lib/python3.10/site-packages/airflow/example_dags/tutorial.py took 0.030 seconds
[2023-05-19 18:26:41,152] {processor.py:153} INFO - Started process (PID=20488) to work on /home/guilherme/Documents/weather_datapipeline/airflow_weather/venv/lib/python3.10/site-packages/airflow/example_dags/tutorial.py
[2023-05-19 18:26:41,152] {processor.py:641} INFO - Processing file /home/guilherme/Documents/weather_datapipeline/airflow_weather/venv/lib/python3.10/site-packages/airflow/example_dags/tutorial.py for tasks to queue
[2023-05-19 18:26:41,153] {logging_mixin.py:115} INFO - [2023-05-19 18:26:41,153] {dagbag.py:507} INFO - Filling up the DagBag from /home/guilherme/Documents/weather_datapipeline/airflow_weather/venv/lib/python3.10/site-packages/airflow/example_dags/tutorial.py
[2023-05-19 18:26:41,156] {processor.py:651} INFO - DAG(s) dict_keys(['tutorial']) retrieved from /home/guilherme/Documents/weather_datapipeline/airflow_weather/venv/lib/python3.10/site-packages/airflow/example_dags/tutorial.py
[2023-05-19 18:26:41,166] {logging_mixin.py:115} INFO - [2023-05-19 18:26:41,166] {dag.py:2379} INFO - Sync 1 DAGs
[2023-05-19 18:26:41,175] {logging_mixin.py:115} INFO - [2023-05-19 18:26:41,175] {dag.py:2927} INFO - Setting next_dagrun for tutorial to 2023-05-18T21:26:41.175379+00:00, run_after=2023-05-19T21:26:41.175379+00:00
[2023-05-19 18:26:41,182] {processor.py:161} INFO - Processing /home/guilherme/Documents/weather_datapipeline/airflow_weather/venv/lib/python3.10/site-packages/airflow/example_dags/tutorial.py took 0.031 seconds
[2023-05-19 18:27:13,029] {processor.py:153} INFO - Started process (PID=20645) to work on /home/guilherme/Documents/weather_datapipeline/airflow_weather/venv/lib/python3.10/site-packages/airflow/example_dags/tutorial.py
[2023-05-19 18:27:13,030] {processor.py:641} INFO - Processing file /home/guilherme/Documents/weather_datapipeline/airflow_weather/venv/lib/python3.10/site-packages/airflow/example_dags/tutorial.py for tasks to queue
[2023-05-19 18:27:13,030] {logging_mixin.py:115} INFO - [2023-05-19 18:27:13,030] {dagbag.py:507} INFO - Filling up the DagBag from /home/guilherme/Documents/weather_datapipeline/airflow_weather/venv/lib/python3.10/site-packages/airflow/example_dags/tutorial.py
[2023-05-19 18:27:13,033] {processor.py:651} INFO - DAG(s) dict_keys(['tutorial']) retrieved from /home/guilherme/Documents/weather_datapipeline/airflow_weather/venv/lib/python3.10/site-packages/airflow/example_dags/tutorial.py
[2023-05-19 18:27:13,043] {logging_mixin.py:115} INFO - [2023-05-19 18:27:13,043] {dag.py:2379} INFO - Sync 1 DAGs
[2023-05-19 18:27:13,052] {logging_mixin.py:115} INFO - [2023-05-19 18:27:13,051] {dag.py:2927} INFO - Setting next_dagrun for tutorial to 2023-05-18T21:27:13.051779+00:00, run_after=2023-05-19T21:27:13.051779+00:00
[2023-05-19 18:27:13,058] {processor.py:161} INFO - Processing /home/guilherme/Documents/weather_datapipeline/airflow_weather/venv/lib/python3.10/site-packages/airflow/example_dags/tutorial.py took 0.030 seconds
[2023-05-19 18:27:46,429] {processor.py:153} INFO - Started process (PID=20691) to work on /home/guilherme/Documents/weather_datapipeline/airflow_weather/venv/lib/python3.10/site-packages/airflow/example_dags/tutorial.py
[2023-05-19 18:27:46,430] {processor.py:641} INFO - Processing file /home/guilherme/Documents/weather_datapipeline/airflow_weather/venv/lib/python3.10/site-packages/airflow/example_dags/tutorial.py for tasks to queue
[2023-05-19 18:27:46,430] {logging_mixin.py:115} INFO - [2023-05-19 18:27:46,430] {dagbag.py:507} INFO - Filling up the DagBag from /home/guilherme/Documents/weather_datapipeline/airflow_weather/venv/lib/python3.10/site-packages/airflow/example_dags/tutorial.py
[2023-05-19 18:27:46,433] {processor.py:651} INFO - DAG(s) dict_keys(['tutorial']) retrieved from /home/guilherme/Documents/weather_datapipeline/airflow_weather/venv/lib/python3.10/site-packages/airflow/example_dags/tutorial.py
[2023-05-19 18:27:46,444] {logging_mixin.py:115} INFO - [2023-05-19 18:27:46,443] {dag.py:2379} INFO - Sync 1 DAGs
[2023-05-19 18:27:46,453] {logging_mixin.py:115} INFO - [2023-05-19 18:27:46,453] {dag.py:2927} INFO - Setting next_dagrun for tutorial to 2023-05-18T21:27:46.453395+00:00, run_after=2023-05-19T21:27:46.453395+00:00
[2023-05-19 18:27:46,461] {processor.py:161} INFO - Processing /home/guilherme/Documents/weather_datapipeline/airflow_weather/venv/lib/python3.10/site-packages/airflow/example_dags/tutorial.py took 0.034 seconds
[2023-05-19 18:28:18,066] {processor.py:153} INFO - Started process (PID=20767) to work on /home/guilherme/Documents/weather_datapipeline/airflow_weather/venv/lib/python3.10/site-packages/airflow/example_dags/tutorial.py
[2023-05-19 18:28:18,067] {processor.py:641} INFO - Processing file /home/guilherme/Documents/weather_datapipeline/airflow_weather/venv/lib/python3.10/site-packages/airflow/example_dags/tutorial.py for tasks to queue
[2023-05-19 18:28:18,067] {logging_mixin.py:115} INFO - [2023-05-19 18:28:18,067] {dagbag.py:507} INFO - Filling up the DagBag from /home/guilherme/Documents/weather_datapipeline/airflow_weather/venv/lib/python3.10/site-packages/airflow/example_dags/tutorial.py
[2023-05-19 18:28:18,071] {processor.py:651} INFO - DAG(s) dict_keys(['tutorial']) retrieved from /home/guilherme/Documents/weather_datapipeline/airflow_weather/venv/lib/python3.10/site-packages/airflow/example_dags/tutorial.py
[2023-05-19 18:28:18,081] {logging_mixin.py:115} INFO - [2023-05-19 18:28:18,081] {dag.py:2379} INFO - Sync 1 DAGs
[2023-05-19 18:28:18,090] {logging_mixin.py:115} INFO - [2023-05-19 18:28:18,090] {dag.py:2927} INFO - Setting next_dagrun for tutorial to 2023-05-18T21:28:18.090684+00:00, run_after=2023-05-19T21:28:18.090684+00:00
[2023-05-19 18:28:18,097] {processor.py:161} INFO - Processing /home/guilherme/Documents/weather_datapipeline/airflow_weather/venv/lib/python3.10/site-packages/airflow/example_dags/tutorial.py took 0.032 seconds
