[2023-05-19 17:59:42,661] {processor.py:153} INFO - Started process (PID=11078) to work on /home/guilherme/Documents/weather_datapipeline/airflow_weather/venv/lib/python3.10/site-packages/airflow/example_dags/subdags/subdag.py
[2023-05-19 17:59:42,662] {processor.py:641} INFO - Processing file /home/guilherme/Documents/weather_datapipeline/airflow_weather/venv/lib/python3.10/site-packages/airflow/example_dags/subdags/subdag.py for tasks to queue
[2023-05-19 17:59:42,662] {logging_mixin.py:115} INFO - [2023-05-19 17:59:42,662] {dagbag.py:507} INFO - Filling up the DagBag from /home/guilherme/Documents/weather_datapipeline/airflow_weather/venv/lib/python3.10/site-packages/airflow/example_dags/subdags/subdag.py
[2023-05-19 17:59:42,663] {processor.py:653} WARNING - No viable dags retrieved from /home/guilherme/Documents/weather_datapipeline/airflow_weather/venv/lib/python3.10/site-packages/airflow/example_dags/subdags/subdag.py
[2023-05-19 17:59:42,668] {processor.py:161} INFO - Processing /home/guilherme/Documents/weather_datapipeline/airflow_weather/venv/lib/python3.10/site-packages/airflow/example_dags/subdags/subdag.py took 0.008 seconds
[2023-05-19 18:00:15,198] {processor.py:153} INFO - Started process (PID=11153) to work on /home/guilherme/Documents/weather_datapipeline/airflow_weather/venv/lib/python3.10/site-packages/airflow/example_dags/subdags/subdag.py
[2023-05-19 18:00:15,199] {processor.py:641} INFO - Processing file /home/guilherme/Documents/weather_datapipeline/airflow_weather/venv/lib/python3.10/site-packages/airflow/example_dags/subdags/subdag.py for tasks to queue
[2023-05-19 18:00:15,199] {logging_mixin.py:115} INFO - [2023-05-19 18:00:15,199] {dagbag.py:507} INFO - Filling up the DagBag from /home/guilherme/Documents/weather_datapipeline/airflow_weather/venv/lib/python3.10/site-packages/airflow/example_dags/subdags/subdag.py
[2023-05-19 18:00:15,200] {processor.py:653} WARNING - No viable dags retrieved from /home/guilherme/Documents/weather_datapipeline/airflow_weather/venv/lib/python3.10/site-packages/airflow/example_dags/subdags/subdag.py
[2023-05-19 18:00:15,206] {processor.py:161} INFO - Processing /home/guilherme/Documents/weather_datapipeline/airflow_weather/venv/lib/python3.10/site-packages/airflow/example_dags/subdags/subdag.py took 0.010 seconds
[2023-05-19 18:00:48,202] {processor.py:153} INFO - Started process (PID=11254) to work on /home/guilherme/Documents/weather_datapipeline/airflow_weather/venv/lib/python3.10/site-packages/airflow/example_dags/subdags/subdag.py
[2023-05-19 18:00:48,202] {processor.py:641} INFO - Processing file /home/guilherme/Documents/weather_datapipeline/airflow_weather/venv/lib/python3.10/site-packages/airflow/example_dags/subdags/subdag.py for tasks to queue
[2023-05-19 18:00:48,202] {logging_mixin.py:115} INFO - [2023-05-19 18:00:48,202] {dagbag.py:507} INFO - Filling up the DagBag from /home/guilherme/Documents/weather_datapipeline/airflow_weather/venv/lib/python3.10/site-packages/airflow/example_dags/subdags/subdag.py
[2023-05-19 18:00:48,203] {processor.py:653} WARNING - No viable dags retrieved from /home/guilherme/Documents/weather_datapipeline/airflow_weather/venv/lib/python3.10/site-packages/airflow/example_dags/subdags/subdag.py
[2023-05-19 18:00:48,210] {processor.py:161} INFO - Processing /home/guilherme/Documents/weather_datapipeline/airflow_weather/venv/lib/python3.10/site-packages/airflow/example_dags/subdags/subdag.py took 0.009 seconds
[2023-05-19 18:01:20,108] {processor.py:153} INFO - Started process (PID=11291) to work on /home/guilherme/Documents/weather_datapipeline/airflow_weather/venv/lib/python3.10/site-packages/airflow/example_dags/subdags/subdag.py
[2023-05-19 18:01:20,108] {processor.py:641} INFO - Processing file /home/guilherme/Documents/weather_datapipeline/airflow_weather/venv/lib/python3.10/site-packages/airflow/example_dags/subdags/subdag.py for tasks to queue
[2023-05-19 18:01:20,109] {logging_mixin.py:115} INFO - [2023-05-19 18:01:20,109] {dagbag.py:507} INFO - Filling up the DagBag from /home/guilherme/Documents/weather_datapipeline/airflow_weather/venv/lib/python3.10/site-packages/airflow/example_dags/subdags/subdag.py
[2023-05-19 18:01:20,109] {processor.py:653} WARNING - No viable dags retrieved from /home/guilherme/Documents/weather_datapipeline/airflow_weather/venv/lib/python3.10/site-packages/airflow/example_dags/subdags/subdag.py
[2023-05-19 18:01:20,115] {processor.py:161} INFO - Processing /home/guilherme/Documents/weather_datapipeline/airflow_weather/venv/lib/python3.10/site-packages/airflow/example_dags/subdags/subdag.py took 0.009 seconds
